#                                                                                                                                        --- full sequence --- -------------- this domain -------------   hmm coord   ali coord   env coord
# target name                                                                    accession   tlen query name           accession   qlen   E-value  score  bias   #  of  c-Evalue  i-Evalue  score  bias  from    to  from    to  from    to  acc description of target
#                                                            ------------------- ---------- ----- -------------------- ---------- ----- --------- ------ ----- --- --- --------- --------- ------ ----- ----- ----- ----- ----- ----- ----- ---- ---------------------
10261062at2759_130081_0:001313|NODE_51_length_31115_cov_42.820834:15847-16573|-  -            243 10261062             -             67   2.5e-21   63.9   0.3   1   1     4e-21     4e-21   63.2   0.3     5    67   116   184   112   184 0.88 <unknown description>
10261062at2759_51156_0:000668|NODE_51_length_31115_cov_42.820834:12491-16660|-   -            275 10261062             -             67   2.6e-21   63.8   0.3   1   1     5e-21     5e-21   62.9   0.3     5    67   145   213   141   213 0.88 <unknown description>
10261062at2759_294128_0:004003|NODE_28_length_70179_cov_36.796251:43278-44019|-  -            248 10261062             -             67     5e-19   56.5   1.4   1   2     1e-18     1e-18   55.5   0.4     5    66   125   192   121   193 0.85 <unknown description>
10261062at2759_294128_0:004003|NODE_28_length_70179_cov_36.796251:43278-44019|-  -            248 10261062             -             67     5e-19   56.5   1.4   2   2      0.58      0.58   -1.3   0.0    34    47   217   230   202   246 0.78 <unknown description>
10261062at2759_1522189_0:000102|NODE_28_length_70179_cov_36.796251:43278-48440|- -            284 10261062             -             67   6.8e-19   56.1   1.4   1   2   1.3e-18   1.3e-18   55.2   0.4     5    66   161   228   157   229 0.85 <unknown description>
10261062at2759_1522189_0:000102|NODE_28_length_70179_cov_36.796251:43278-48440|- -            284 10261062             -             67   6.8e-19   56.1   1.4   2   2      0.71      0.71   -1.6   0.0    35    47   254   266   239   282 0.78 <unknown description>
10261062at2759_1477025_0:000d55|NODE_28_length_70179_cov_36.796251:43521-43992|- -            158 10261062             -             67   9.9e-15   42.7   0.1   1   1   1.9e-14   1.9e-14   41.9   0.1     5    45   116   157   112   158 0.93 <unknown description>
#
# Program:         hmmsearch
# Version:         3.4 (Aug 2023)
# Pipeline mode:   SEARCH
# Query file:      /home/simonedassisi/busco_downloads/lineages/eukaryota_odb12/hmms/10261062at2759.hmm
# Target file:     home/simonedassisi/Desktop/BUSCO_output/auto_lineage/run_eukaryota_odb12/miniprot_output/translated_proteins/10261062at2759.faa
# Option settings: hmmsearch --domtblout home/simonedassisi/Desktop/BUSCO_output/auto_lineage/run_eukaryota_odb12/hmmer_output/10261062at2759.out --cpu 1 /home/simonedassisi/busco_downloads/lineages/eukaryota_odb12/hmms/10261062at2759.hmm home/simonedassisi/Desktop/BUSCO_output/auto_lineage/run_eukaryota_odb12/miniprot_output/translated_proteins/10261062at2759.faa 
# Current dir:     /home/simonedassisi
# Date:            Tue Apr  1 14:28:31 2025
# [ok]
