#                                                                                                                                      --- full sequence --- -------------- this domain -------------   hmm coord   ali coord   env coord
# target name                                                                  accession   tlen query name           accession   qlen   E-value  score  bias   #  of  c-Evalue  i-Evalue  score  bias  from    to  from    to  from    to  acc description of target
#                                                          ------------------- ---------- ----- -------------------- ---------- ----- --------- ------ ----- --- --- --------- --------- ------ ----- ----- ----- ----- ----- ----- ----- ---- ---------------------
15808at2759_3885_0:005749|NODE_1_length_276430_cov_40.515391:234233-234656|+   -            142 15808                -             54   9.9e-29   88.1   0.1   1   1   1.3e-28   1.4e-28   87.6   0.1     2    53     4    59     3    60 0.91 <unknown description>
15808at2759_946362_0:000eb9|NODE_1_length_276430_cov_40.515391:234107-234866|+ -            254 15808                -             54   2.7e-28   86.7   0.1   1   1   3.9e-28   4.5e-28   86.0   0.1     2    53    46   101    45   102 0.91 <unknown description>
15808at2759_992332_0:005864|NODE_1_length_276430_cov_40.515391:233879-234647|+ -            257 15808                -             54   2.7e-28   86.7   0.1   1   1     4e-28   4.6e-28   86.0   0.1     2    53   122   177   121   178 0.91 <unknown description>
15808at2759_7038_0:0026c3|NODE_1_length_276430_cov_40.515391:233879-234872|+   -            332 15808                -             54   4.1e-28   86.1   0.1   1   1   6.1e-28     7e-28   85.4   0.1     2    53   122   177   121   178 0.91 <unknown description>
15808at2759_3469_0:00b860|NODE_1_length_276430_cov_40.515391:230784-234878|+   -            415 15808                -             54   5.3e-28   85.7   0.1   1   1   8.5e-28   9.8e-28   84.9   0.1     2    53   203   258   202   259 0.91 <unknown description>
15808at2759_4686_0:004325|NODE_1_length_276430_cov_40.515391:233885-234386|+   -            168 15808                -             54   8.5e-28   85.1   0.2   1   1   1.2e-27   1.4e-27   84.4   0.2     2    47   120   167   119   168 0.94 <unknown description>
15808at2759_69789_0:0001e7|NODE_1_length_276430_cov_40.515391:234290-234869|+  -            194 15808                -             54   9.7e-16   46.5   0.0   1   1   1.3e-15   1.5e-15   45.9   0.0    21    53     6    40     1    41 0.89 <unknown description>
#
# Program:         hmmsearch
# Version:         3.4 (Aug 2023)
# Pipeline mode:   SEARCH
# Query file:      /home/simonedassisi/busco_downloads/lineages/eukaryota_odb12/hmms/15808at2759.hmm
# Target file:     home/simonedassisi/Desktop/BUSCO_output/auto_lineage/run_eukaryota_odb12/miniprot_output/translated_proteins/15808at2759.faa
# Option settings: hmmsearch --domtblout home/simonedassisi/Desktop/BUSCO_output/auto_lineage/run_eukaryota_odb12/hmmer_output/15808at2759.out --cpu 1 /home/simonedassisi/busco_downloads/lineages/eukaryota_odb12/hmms/15808at2759.hmm home/simonedassisi/Desktop/BUSCO_output/auto_lineage/run_eukaryota_odb12/miniprot_output/translated_proteins/15808at2759.faa 
# Current dir:     /home/simonedassisi
# Date:            Tue Apr  1 14:28:31 2025
# [ok]
