#                                                                                                                                     --- full sequence --- -------------- this domain -------------   hmm coord   ali coord   env coord
# target name                                                                 accession   tlen query name           accession   qlen   E-value  score  bias   #  of  c-Evalue  i-Evalue  score  bias  from    to  from    to  from    to  acc description of target
#                                                         ------------------- ---------- ----- -------------------- ---------- ----- --------- ------ ----- --- --- --------- --------- ------ ----- ----- ----- ----- ----- ----- ----- ---- ---------------------
3370at2759_348802_1:0019f9|NODE_9_length_123825_cov_37.296666:12194-14658|-   -            431 3370                 -            392   4.7e-65  210.4   0.0   1   1   8.2e-65   8.6e-65  209.6   0.0    12   362    25   381    17   394 0.85 <unknown description>
3370at2759_139456_0:001e16|NODE_28_length_70179_cov_36.796251:9782-11060|+    -            427 3370                 -            392   9.9e-65  209.4   0.0   1   1   1.5e-64   1.5e-64  208.8   0.0    32   364    13   349     1   365 0.82 <unknown description>
3370at2759_113334_0:0000db|NODE_9_length_123825_cov_37.296666:12125-13409|-   -            429 3370                 -            392   1.1e-64  209.2   0.0   1   1   1.9e-64   1.9e-64  208.4   0.0    16   362     4   356     1   369 0.85 <unknown description>
3370at2759_189513_0:00314c|NODE_28_length_70179_cov_36.796251:9794-10811|+    -            340 3370                 -            392   7.2e-64  206.5   0.0   1   1   1.1e-63   1.2e-63  205.9   0.0    32   358     9   339     4   340 0.84 <unknown description>
3370at2759_29144_0:0007f1|NODE_9_length_123825_cov_37.296666:12353-13367|-    -            339 3370                 -            392     8e-63  203.1   0.0   1   1   1.3e-62   1.3e-62  202.4   0.0    32   359     8   339     2   339 0.85 <unknown description>
3370at2759_481883_0:00404a|NODE_8_length_126545_cov_41.885285:100807-109798|+ -            587 3370                 -            392   2.2e-62  201.7   0.0   1   1     4e-62   4.2e-62  200.7   0.0    25   362   224   560   212   580 0.86 <unknown description>
3370at2759_119488_0:003db4|NODE_8_length_126545_cov_41.885285:108694-109708|+ -            339 3370                 -            392   1.1e-61  199.3   0.0   1   1   1.4e-61   1.5e-61  198.9   0.0    32   358    13   338     1   339 0.87 <unknown description>
3370at2759_983966_0:0016b0|NODE_35_length_52795_cov_36.978564:15374-16364|-   -            331 3370                 -            392   6.8e-57  183.6   0.0   1   1   1.3e-56   1.3e-56  182.6   0.0    33   352    13   330     3   331 0.87 <unknown description>
3370at2759_93504_0:003708|NODE_16_length_86943_cov_42.279511:17714-18830|-    -            373 3370                 -            392   4.6e-54  174.3   0.0   1   1   8.9e-54   9.3e-54  173.2   0.0    24   361     2   348     1   356 0.83 <unknown description>
3370at2759_200361_0:0035e1|NODE_28_length_70179_cov_36.796251:10139-10862|+   -            242 3370                 -            392   3.8e-47  151.5   0.4   1   1   6.1e-47   6.4e-47  150.7   0.4   134   364     1   230     1   241 0.84 <unknown description>
3370at2759_1080233_0:003d8a|NODE_35_length_52795_cov_36.978564:15911-16382|-  -            158 3370                 -            392   2.8e-33  105.8   0.2   1   1   3.2e-33   3.4e-33  105.6   0.2    33   171    19   157     5   158 0.88 <unknown description>
3370at2759_85681_0:004219|NODE_28_length_70179_cov_36.796251:9785-10334|+     -            184 3370                 -            392   4.5e-33  105.1   0.0   1   1   5.5e-33   5.8e-33  104.8   0.0    32   185    12   168     1   184 0.79 <unknown description>
3370at2759_160734_0:006435|NODE_9_length_123825_cov_37.296666:12188-12863|-   -            226 3370                 -            392   2.6e-32  102.7   0.0   1   1   2.9e-32   3.1e-32  102.4   0.0   201   362     1   174     1   193 0.86 <unknown description>
3370at2759_56716_0:004ad1|NODE_9_length_123825_cov_37.296666:12353-12734|-    -            128 3370                 -            392   1.6e-29   93.5   0.0   1   1   1.8e-29   1.9e-29   93.2   0.0   250   359     8   128     4   128 0.87 <unknown description>
3370at2759_8208_0:0053d5|NODE_9_length_123825_cov_37.296666:12353-12506|-     -             52 3370                 -            392   5.6e-23   71.9   0.2   1   1   5.7e-23     6e-23   71.8   0.2   309   359     1    52     1    52 0.97 <unknown description>
3370at2759_4572_0:002e67|NODE_28_length_70179_cov_36.796251:9878-10202|+      -            109 3370                 -            392   1.7e-19   60.4   0.0   1   1     2e-19   2.1e-19   60.2   0.0    56   154     1   108     1   109 0.81 <unknown description>
3370at2759_225400_0:002ca2|NODE_35_length_52795_cov_36.978564:15335-15554|-   -             74 3370                 -            392   4.6e-19   59.0   0.0   1   1   4.5e-19   4.7e-19   59.0   0.0   306   361    13    69     3    74 0.91 <unknown description>
3370at2759_59463_0:00463c|NODE_35_length_52795_cov_36.978564:15272-15554|-    -             95 3370                 -            392   6.6e-19   58.5   0.0   1   1   6.8e-19   7.1e-19   58.4   0.0   306   362    13    70     3    84 0.90 <unknown description>
3370at2759_8208_0:0053d5|NODE_35_length_52795_cov_36.978564:15359-15509|-     -             51 3370                 -            392   1.3e-17   54.2   0.0   1   1   1.3e-17   1.4e-17   54.2   0.0   309   357     1    50     1    51 0.95 <unknown description>
3370at2759_44415_0:0023be|NODE_9_length_123825_cov_37.296666:13115-13322|-    -             70 3370                 -            392   3.8e-16   49.4   0.0   1   1   3.7e-16   3.9e-16   49.4   0.0    41   105     2    67     1    70 0.83 <unknown description>
3370at2759_75366_0:004d3b|NODE_8_length_126545_cov_41.885285:109606-109828|+  -             75 3370                 -            392   1.1e-15   47.9   0.0   1   1   1.1e-15   1.1e-15   47.9   0.0   326   367     2    42     1    63 0.81 <unknown description>
3370at2759_55513_0:0037ab|NODE_28_length_70179_cov_36.796251:10097-10250|+    -             52 3370                 -            392   1.9e-15   47.1   0.2   1   1     2e-15   2.1e-15   47.0   0.2   130   171    11    52     6    52 0.93 <unknown description>
#
# Program:         hmmsearch
# Version:         3.4 (Aug 2023)
# Pipeline mode:   SEARCH
# Query file:      /home/simonedassisi/busco_downloads/lineages/eukaryota_odb12/hmms/3370at2759.hmm
# Target file:     home/simonedassisi/Desktop/BUSCO_output/auto_lineage/run_eukaryota_odb12/miniprot_output/translated_proteins/3370at2759.faa
# Option settings: hmmsearch --domtblout home/simonedassisi/Desktop/BUSCO_output/auto_lineage/run_eukaryota_odb12/hmmer_output/3370at2759.out --cpu 1 /home/simonedassisi/busco_downloads/lineages/eukaryota_odb12/hmms/3370at2759.hmm home/simonedassisi/Desktop/BUSCO_output/auto_lineage/run_eukaryota_odb12/miniprot_output/translated_proteins/3370at2759.faa 
# Current dir:     /home/simonedassisi
# Date:            Tue Apr  1 14:28:32 2025
# [ok]
