#                                                                                                                                       --- full sequence --- -------------- this domain -------------   hmm coord   ali coord   env coord
# target name                                                                   accession   tlen query name           accession   qlen   E-value  score  bias   #  of  c-Evalue  i-Evalue  score  bias  from    to  from    to  from    to  acc description of target
#                                                           ------------------- ---------- ----- -------------------- ---------- ----- --------- ------ ----- --- --- --------- --------- ------ ----- ----- ----- ----- ----- ----- ----- ---- ---------------------
422663at2759_3988_0:002343|NODE_28_length_70179_cov_36.796251:5200-10850|+      -            393 422663               -            669   4.5e-92  300.0   0.8   1   2   8.6e-64   8.6e-64  206.6   0.2    72   327    12   255     2   286 0.89 <unknown description>
422663at2759_3988_0:002343|NODE_28_length_70179_cov_36.796251:5200-10850|+      -            393 422663               -            669   4.5e-92  300.0   0.8   2   2   2.4e-29   2.4e-29   92.7   0.1   412   515   288   391   254   393 0.88 <unknown description>
422663at2759_34305_0:007cb1|NODE_28_length_70179_cov_36.796251:8152-10898|+     -            423 422663               -            669   1.1e-91  298.7   0.3   1   2   4.5e-63   4.5e-63  204.2   0.1    85   327    39   269    18   300 0.91 <unknown description>
422663at2759_34305_0:007cb1|NODE_28_length_70179_cov_36.796251:8152-10898|+     -            423 422663               -            669   1.1e-91  298.7   0.3   2   2   1.9e-29   1.9e-29   93.0   0.0   413   516   303   406   278   415 0.89 <unknown description>
422663at2759_109280_0:003046|NODE_28_length_70179_cov_36.796251:7227-10802|+    -            449 422663               -            669   6.4e-90  292.9   0.5   1   2     2e-63     2e-63  205.4   0.1    77   326    89   324    70   357 0.91 <unknown description>
422663at2759_109280_0:003046|NODE_28_length_70179_cov_36.796251:7227-10802|+    -            449 422663               -            669   6.4e-90  292.9   0.5   2   2   2.3e-27   2.3e-27   86.2   0.1   412   500   360   448   328   449 0.89 <unknown description>
422663at2759_7741_1:000d81|NODE_28_length_70179_cov_36.796251:9770-10838|+      -            357 422663               -            669   9.2e-90  292.4   0.9   1   2   6.7e-62   6.7e-62  200.3   0.2    93   327     1   223     1   254 0.92 <unknown description>
422663at2759_7741_1:000d81|NODE_28_length_70179_cov_36.796251:9770-10838|+      -            357 422663               -            669   9.2e-90  292.4   0.9   2   2   5.9e-29   5.9e-29   91.4   0.1   412   510   256   354   222   357 0.88 <unknown description>
422663at2759_7719_0:00101c|NODE_8_length_126545_cov_41.885285:108676-109891|+   -            406 422663               -            669   2.7e-87  284.2   0.2   1   2   8.9e-54   8.9e-54  173.5   0.0    92   320     2   211     1   228 0.94 <unknown description>
422663at2759_7719_0:00101c|NODE_8_length_126545_cov_41.885285:108676-109891|+   -            406 422663               -            669   2.7e-87  284.2   0.2   2   2     3e-34     3e-34  109.0   0.1   420   559   261   387   243   403 0.83 <unknown description>
422663at2759_12968_0:000926|NODE_9_length_123825_cov_37.296666:12350-13400|-    -            351 422663               -            669   5.5e-80  260.1   0.1   1   2   1.5e-52   1.5e-52  169.4   0.0    92   366     2   265     1   272 0.85 <unknown description>
422663at2759_12968_0:000926|NODE_9_length_123825_cov_37.296666:12350-13400|-    -            351 422663               -            669   5.5e-80  260.1   0.1   2   2   2.2e-28   2.2e-28   89.5   0.1   422   503   268   349   237   351 0.91 <unknown description>
422663at2759_136037_0:0029e9|NODE_16_length_86943_cov_42.279511:17804-18857|-   -            352 422663               -            669   1.6e-79  258.6   0.1   1   2     7e-52     7e-52  167.2   0.0    90   326     2   227     1   247 0.92 <unknown description>
422663at2759_136037_0:0029e9|NODE_16_length_86943_cov_42.279511:17804-18857|-   -            352 422663               -            669   1.6e-79  258.6   0.1   2   2   2.1e-28   2.1e-28   89.6   0.2   428   500   279   351   257   352 0.95 <unknown description>
422663at2759_6549_0:002230|NODE_35_length_52795_cov_36.978564:15320-16349|-     -            344 422663               -            669   1.1e-77  252.5   0.2   1   2   4.7e-47   4.7e-47  151.2   0.0   104   323     2   202     1   216 0.90 <unknown description>
422663at2759_6549_0:002230|NODE_35_length_52795_cov_36.978564:15320-16349|-     -            344 422663               -            669   1.1e-77  252.5   0.2   2   2   2.3e-31   2.3e-31   99.4   0.0   424   509   252   337   235   344 0.92 <unknown description>
422663at2759_1734106_0:00188f|NODE_16_length_86943_cov_42.279511:16735-18737|-  -            450 422663               -            669   2.1e-69  225.1   0.1   1   2     1e-40     1e-40  130.3   0.0   130   326     1   187     1   206 0.91 <unknown description>
422663at2759_1734106_0:00188f|NODE_16_length_86943_cov_42.279511:16735-18737|-  -            450 422663               -            669   2.1e-69  225.1   0.1   2   2   2.1e-29   2.1e-29   92.9   0.2   428   511   239   322   218   357 0.93 <unknown description>
422663at2759_3369_0:000ff2|NODE_28_length_70179_cov_36.796251:9995-10850|+      -            286 422663               -            669   4.8e-68  220.6   0.9   1   2   1.6e-39   1.6e-39  126.4   0.3   169   327     1   148     1   179 0.90 <unknown description>
422663at2759_3369_0:000ff2|NODE_28_length_70179_cov_36.796251:9995-10850|+      -            286 422663               -            669   4.8e-68  220.6   0.9   2   2   1.3e-29   1.3e-29   93.6   0.1   412   515   181   284   149   286 0.88 <unknown description>
422663at2759_6850_0:004ebd|NODE_28_length_70179_cov_36.796251:9833-10670|+      -            280 422663               -            669   3.5e-62  201.3   0.6   1   2   4.4e-58   4.4e-58  187.7   0.5   114   327     1   202     1   233 0.92 <unknown description>
422663at2759_6850_0:004ebd|NODE_28_length_70179_cov_36.796251:9833-10670|+      -            280 422663               -            669   3.5e-62  201.3   0.6   2   2   4.9e-05   4.9e-05   12.4   0.0   412   457   235   280   201   280 0.82 <unknown description>
422663at2759_144197_0:003cbf|NODE_28_length_70179_cov_36.796251:9767-10397|+    -            211 422663               -            669   1.8e-61  198.9   0.0   1   1     2e-61     2e-61  198.8   0.0    92   315     1   210     1   211 0.97 <unknown description>
422663at2759_93504_0:000016|NODE_9_length_123825_cov_37.296666:9431-13397|-     -            260 422663               -            669   1.8e-52  169.2   0.0   1   1   2.1e-52   2.1e-52  169.0   0.0    92   329     1   223     1   254 0.91 <unknown description>
422663at2759_41875_0:0018f0|NODE_16_length_86943_cov_42.279511:18203-18857|-    -            219 422663               -            669   2.7e-51  165.3   0.0   1   1   2.9e-51   2.9e-51  165.1   0.0    90   317     2   218     1   219 0.95 <unknown description>
422663at2759_5861_0:0005b9|NODE_9_length_123825_cov_37.296666:12887-13394|-     -            170 422663               -            669   9.8e-46  146.9   0.0   1   1   1.1e-45   1.1e-45  146.7   0.0    93   266     1   169     1   170 0.96 <unknown description>
422663at2759_13642_0:0010ec|NODE_35_length_52795_cov_36.978564:15344-15980|-    -            213 422663               -            669   5.3e-45  144.5   0.2   1   2   1.9e-14   1.9e-14   43.5   0.0   239   324     6    80     2    95 0.85 <unknown description>
422663at2759_13642_0:0010ec|NODE_35_length_52795_cov_36.978564:15344-15980|-    -            213 422663               -            669   5.3e-45  144.5   0.2   2   2   2.9e-31   2.9e-31   99.1   0.0   424   507   129   212   112   213 0.93 <unknown description>
422663at2759_70779_0:000519|NODE_28_length_70179_cov_36.796251:9995-10427|+     -            145 422663               -            669   7.5e-40  127.4   0.2   1   1   8.2e-40   8.2e-40  127.3   0.2   169   322     1   141     1   145 0.96 <unknown description>
422663at2759_578459_0:00194b|NODE_16_length_86943_cov_42.279511:18230-18734|-   -            169 422663               -            669   2.1e-38  122.6   0.0   1   1   2.3e-38   2.3e-38  122.5   0.0   131   308     1   168     1   169 0.93 <unknown description>
422663at2759_4442_0:002d98|NODE_28_length_70179_cov_36.796251:9938-10340|+      -            135 422663               -            669   7.6e-36  114.2   0.1   1   1   8.3e-36   8.3e-36  114.1   0.1   151   296     2   134     1   135 0.95 <unknown description>
422663at2759_294128_0:0003ec|NODE_8_length_126545_cov_41.885285:109354-109705|+ -            118 422663               -            669   3.4e-32  102.1   0.1   1   1   3.8e-32   3.8e-32  102.0   0.1   419   503    34   118    16   118 0.92 <unknown description>
422663at2759_526221_0:00073f|NODE_35_length_52795_cov_36.978564:15350-15581|-   -             78 422663               -            669   1.6e-30   96.6   0.1   1   1   1.7e-30   1.7e-30   96.5   0.1   429   505     1    77     1    78 0.99 <unknown description>
422663at2759_294128_0:0003ec|NODE_28_length_70179_cov_36.796251:10457-10853|+   -            133 422663               -            669   1.6e-30   96.6   0.0   1   1   1.7e-30   1.7e-30   96.5   0.0   412   515    27   130     3   132 0.89 <unknown description>
422663at2759_294128_0:0003ec|NODE_16_length_86943_cov_42.279511:17807-18140|-   -            112 422663               -            669   2.1e-29   92.9   0.2   1   1   2.1e-29   2.1e-29   92.9   0.2   427   500    39   112    13   112 0.94 <unknown description>
422663at2759_30069_0:002edb|NODE_9_length_123825_cov_37.296666:12350-12566|-    -             73 422663               -            669   2.1e-27   86.3   0.1   1   1   2.2e-27   2.2e-27   86.2   0.1   433   503     1    71     1    73 0.97 <unknown description>
422663at2759_526221_0:00077d|NODE_16_length_86943_cov_42.279511:18545-18779|-   -             79 422663               -            669   1.4e-19   60.5   0.1   1   1   1.4e-19   1.4e-19   60.5   0.1   115   189     1    75     1    79 0.90 <unknown description>
422663at2759_2530218_0:002f3c|NODE_35_length_52795_cov_36.978564:15284-15485|-  -             68 422663               -            669   8.5e-18   54.6   0.0   1   1   8.8e-18   8.8e-18   54.5   0.0   461   515     1    55     1    65 0.92 <unknown description>
#
# Program:         hmmsearch
# Version:         3.4 (Aug 2023)
# Pipeline mode:   SEARCH
# Query file:      /home/simonedassisi/busco_downloads/lineages/eukaryota_odb12/hmms/422663at2759.hmm
# Target file:     home/simonedassisi/Desktop/BUSCO_output/auto_lineage/run_eukaryota_odb12/miniprot_output/translated_proteins/422663at2759.faa
# Option settings: hmmsearch --domtblout home/simonedassisi/Desktop/BUSCO_output/auto_lineage/run_eukaryota_odb12/hmmer_output/422663at2759.out --cpu 1 /home/simonedassisi/busco_downloads/lineages/eukaryota_odb12/hmms/422663at2759.hmm home/simonedassisi/Desktop/BUSCO_output/auto_lineage/run_eukaryota_odb12/miniprot_output/translated_proteins/422663at2759.faa 
# Current dir:     /home/simonedassisi
# Date:            Tue Apr  1 14:28:32 2025
# [ok]
