#                                                                                                                                         --- full sequence --- -------------- this domain -------------   hmm coord   ali coord   env coord
# target name                                                                     accession   tlen query name           accession   qlen   E-value  score  bias   #  of  c-Evalue  i-Evalue  score  bias  from    to  from    to  from    to  acc description of target
#                                                             ------------------- ---------- ----- -------------------- ---------- ----- --------- ------ ----- --- --- --------- --------- ------ ----- ----- ----- ----- ----- ----- ----- ---- ---------------------
7396459at2759_6604_0:00261a|NODE_8_length_126545_cov_41.885285:108661-110164|+    -            502 7396459              -            561   7.1e-92  298.8   0.0   1   1     8e-92   8.5e-92  298.6   0.0     5   405     5   395     1   417 0.90 <unknown description>
7396459at2759_1485682_0:000b56|NODE_8_length_126545_cov_41.885285:108733-109747|+ -            339 7396459              -            561   7.6e-89  288.8   0.0   1   1   8.6e-89     9e-89  288.6   0.0    26   365     1   331     1   338 0.93 <unknown description>
7396459at2759_13616_0:0020f5|NODE_35_length_52795_cov_36.978564:15242-16385|-     -            382 7396459              -            561   5.2e-88  286.1   0.0   1   1   5.7e-88     6e-88  285.9   0.0    16   372    10   356     1   377 0.90 <unknown description>
7396459at2759_174621_0:002551|NODE_28_length_70179_cov_36.796251:9785-10883|+     -            367 7396459              -            561   4.8e-87  282.9   0.1   1   1   5.5e-87   5.7e-87  282.6   0.1    16   365     2   348     1   361 0.92 <unknown description>
7396459at2759_63214_0:000d7f|NODE_28_length_70179_cov_36.796251:9797-12403|+      -            357 7396459              -            561     1e-86  281.8   0.1   1   1   1.2e-86   1.2e-86  281.5   0.1    22   369     5   349     1   355 0.92 <unknown description>
7396459at2759_1450172_0:000474|NODE_28_length_70179_cov_36.796251:9785-13564|+    -            498 7396459              -            561   1.2e-86  281.5   0.1   1   1   1.5e-86   1.6e-86  281.2   0.1    16   365     2   348     1   363 0.92 <unknown description>
7396459at2759_55577_0:001e3f|NODE_9_length_123825_cov_37.296666:12206-13409|-     -            402 7396459              -            561   3.1e-86  280.2   0.0   1   1   3.5e-86   3.6e-86  280.0   0.0     6   362     4   355     1   377 0.92 <unknown description>
7396459at2759_7757_0:002794|NODE_28_length_70179_cov_36.796251:9032-10802|+       -            351 7396459              -            561   7.9e-85  275.6   0.1   1   1     9e-85   9.4e-85  275.3   0.1    25   356    23   350    17   351 0.93 <unknown description>
7396459at2759_1080233_0:0013aa|NODE_9_length_123825_cov_37.296666:12353-17408|-   -            364 7396459              -            561   5.5e-84  272.8   0.0   1   1   6.2e-84   6.5e-84  272.6   0.0    24   358    32   362    15   364 0.93 <unknown description>
7396459at2759_590646_0:001279|NODE_16_length_86943_cov_42.279511:17786-18830|-    -            349 7396459              -            561   6.6e-79  256.0   0.0   1   1   6.9e-79   7.3e-79  255.9   0.0    15   358     1   344     1   349 0.90 <unknown description>
7396459at2759_37032_0:003d35|NODE_28_length_70179_cov_36.796251:9980-10847|+      -            290 7396459              -            561   4.8e-71  230.1   0.2   1   1   5.5e-71   5.8e-71  229.8   0.2    78   364     3   282     1   288 0.93 <unknown description>
7396459at2759_4577_0:007eb0|NODE_28_length_70179_cov_36.796251:9785-10643|+       -            287 7396459              -            561   3.5e-64  207.4   0.0   1   1   3.7e-64   3.9e-64  207.3   0.0    16   304     2   286     1   287 0.92 <unknown description>
7396459at2759_9838_0:0043be|NODE_35_length_52795_cov_36.978564:15320-16100|-      -            261 7396459              -            561   3.4e-62  200.9   0.0   1   1   3.7e-62   3.9e-62  200.7   0.0   106   365     2   254     1   260 0.91 <unknown description>
7396459at2759_35019_0:001f8b|NODE_28_length_70179_cov_36.796251:10115-10802|+     -            230 7396459              -            561   1.3e-58  189.1   0.2   1   1   1.3e-58   1.4e-58  189.0   0.2   128   356     7   229     1   230 0.93 <unknown description>
7396459at2759_64791_0:001b5a|NODE_28_length_70179_cov_36.796251:9779-10424|+      -            216 7396459              -            561   1.6e-57  185.4   0.1   1   1   1.6e-57   1.7e-57  185.3   0.1    15   225     3   216     1   216 0.92 <unknown description>
7396459at2759_49212_0:0021c5|NODE_35_length_52795_cov_36.978564:15344-15944|-     -            201 7396459              -            561   4.5e-51  164.1   0.0   1   1   4.8e-51     5e-51  164.0   0.0   159   363     1   200     1   201 0.91 <unknown description>
7396459at2759_225400_0:002cbb|NODE_9_length_123825_cov_37.296666:12254-12965|-    -            238 7396459              -            561   8.4e-51  163.2   0.0   1   1   9.5e-51     1e-50  163.0   0.0   155   362     2   207     1   217 0.91 <unknown description>
7396459at2759_8208_0:005f91|NODE_28_length_70179_cov_36.796251:9785-10262|+       -            160 7396459              -            561   3.6e-44  141.4   0.0   1   1   3.7e-44   3.9e-44  141.2   0.0    16   172     2   159     1   160 0.92 <unknown description>
7396459at2759_88456_0:000897|NODE_9_length_123825_cov_37.296666:12341-12566|-     -             76 7396459              -            561   1.5e-26   83.2   0.3   1   1   1.5e-26   1.6e-26   83.1   0.3   290   362     1    74     1    76 0.92 <unknown description>
7396459at2759_37293_0:00402f|NODE_28_length_70179_cov_36.796251:10193-10415|+     -             75 7396459              -            561   4.7e-22   68.3   0.3   1   1   4.7e-22   4.9e-22   68.3   0.3   151   220     2    73     1    75 0.92 <unknown description>
#
# Program:         hmmsearch
# Version:         3.4 (Aug 2023)
# Pipeline mode:   SEARCH
# Query file:      /home/simonedassisi/busco_downloads/lineages/eukaryota_odb12/hmms/7396459at2759.hmm
# Target file:     home/simonedassisi/Desktop/BUSCO_output/auto_lineage/run_eukaryota_odb12/miniprot_output/translated_proteins/7396459at2759.faa
# Option settings: hmmsearch --domtblout home/simonedassisi/Desktop/BUSCO_output/auto_lineage/run_eukaryota_odb12/hmmer_output/7396459at2759.out --cpu 1 /home/simonedassisi/busco_downloads/lineages/eukaryota_odb12/hmms/7396459at2759.hmm home/simonedassisi/Desktop/BUSCO_output/auto_lineage/run_eukaryota_odb12/miniprot_output/translated_proteins/7396459at2759.faa 
# Current dir:     /home/simonedassisi
# Date:            Tue Apr  1 14:28:32 2025
# [ok]
