#                                                                                                          --- full sequence --- -------------- this domain -------------   hmm coord   ali coord   env coord
# target name                                      accession   tlen query name           accession   qlen   E-value  score  bias   #  of  c-Evalue  i-Evalue  score  bias  from    to  from    to  from    to  acc description of target
#                              ------------------- ---------- ----- -------------------- ---------- ----- --------- ------ ----- --- --- --------- --------- ------ ----- ----- ----- ----- ----- ----- ----- ---- ---------------------
NODE_1570_length_36954_cov_78.025352:24206-25156|+ -            317 9776390              -            219   6.6e-63  210.5   0.6   1   2   5.9e-50   6.3e-47  158.3   0.0     2   151    10   181     9   188 0.81 NODE_1570_length_36954_cov_78.025352_23 # 24206 # 25156 # 1 # ID=708_23;partial=00;start_type=ATG;rbs_motif=None;rbs_spacer=None;gc_cont=0.535
NODE_1570_length_36954_cov_78.025352:24206-25156|+ -            317 9776390              -            219   6.6e-63  210.5   0.6   2   2   2.1e-16   2.3e-13   48.5   0.3   150   216   206   289   197   292 0.78 NODE_1570_length_36954_cov_78.025352_23 # 24206 # 25156 # 1 # ID=708_23;partial=00;start_type=ATG;rbs_motif=None;rbs_spacer=None;gc_cont=0.535
NODE_846_length_63393_cov_76.936378:56425-57756|-  -            444 9776390              -            219    0.0051   14.7   1.1   1   2   6.3e-06    0.0067   14.3   0.1     3    28    51    76    49    81 0.89 NODE_846_length_63393_cov_76.936378_61 # 56425 # 57756 # -1 # ID=361_61;partial=00;start_type=ATG;rbs_motif=AGGA;rbs_spacer=5-10bp;gc_cont=0.526
NODE_846_length_63393_cov_76.936378:56425-57756|-  -            444 9776390              -            219    0.0051   14.7   1.1   2   2       1.1   1.2e+03   -2.9   0.2   114   150   200   236   193   250 0.65 NODE_846_length_63393_cov_76.936378_61 # 56425 # 57756 # -1 # ID=361_61;partial=00;start_type=ATG;rbs_motif=AGGA;rbs_spacer=5-10bp;gc_cont=0.526
NODE_1709_length_68036_cov_72.575531:22117-24393|- -            759 9776390              -            219    0.0096   13.8   0.2   1   2     0.014        15    3.4   0.0     6    37   211   243   206   251 0.79 NODE_1709_length_68036_cov_72.575531_17 # 22117 # 24393 # -1 # ID=785_17;partial=00;start_type=ATG;rbs_motif=GGAGG;rbs_spacer=5-10bp;gc_cont=0.531
NODE_1709_length_68036_cov_72.575531:22117-24393|- -            759 9776390              -            219    0.0096   13.8   0.2   2   2   0.00062      0.66    7.8   0.1     6    24   492   510   489   515 0.87 NODE_1709_length_68036_cov_72.575531_17 # 22117 # 24393 # -1 # ID=785_17;partial=00;start_type=ATG;rbs_motif=GGAGG;rbs_spacer=5-10bp;gc_cont=0.531
NODE_274_length_24805_cov_72.090103:17989-19263|-  -            425 9776390              -            219     0.015   13.1   0.0   1   1   3.2e-05     0.034   12.0   0.0     4    26   114   136   111   139 0.87 NODE_274_length_24805_cov_72.090103_19 # 17989 # 19263 # -1 # ID=77_19;partial=00;start_type=ATG;rbs_motif=GGAG/GAGG;rbs_spacer=5-10bp;gc_cont=0.518
NODE_819_length_1616_cov_238.934402:1109-1636|+    -            176 9776390              -            219     0.021   12.7   0.1   1   2      0.39   4.1e+02   -1.4   0.0   122   142    39    59    16    79 0.57 NODE_819_length_1616_cov_238.934402_2 # 1109 # 1636 # 1 # ID=356_2;partial=01;start_type=ATG;rbs_motif=AGGAG;rbs_spacer=5-10bp;gc_cont=0.511
NODE_819_length_1616_cov_238.934402:1109-1636|+    -            176 9776390              -            219     0.021   12.7   0.1   2   2   5.9e-05     0.062   11.1   0.0     3    22   103   122   101   127 0.89 NODE_819_length_1616_cov_238.934402_2 # 1109 # 1636 # 1 # ID=356_2;partial=01;start_type=ATG;rbs_motif=AGGAG;rbs_spacer=5-10bp;gc_cont=0.511
#
# Program:         hmmsearch
# Version:         3.4 (Aug 2023)
# Pipeline mode:   SEARCH
# Query file:      /home/simonedassisi/velvet-1.2.10/busco_downloads/lineages/bacteria_odb12/hmms/9776390at2.hmm
# Target file:     results/BUSCO_output_velveth21/prodigal_output/predicted_genes/predicted.faa
# Option settings: hmmsearch --domtblout results/BUSCO_output_velveth21/auto_lineage/run_bacteria_odb12/hmmer_output/9776390at2.out --cpu 1 /home/simonedassisi/velvet-1.2.10/busco_downloads/lineages/bacteria_odb12/hmms/9776390at2.hmm results/BUSCO_output_velveth21/prodigal_output/predicted_genes/predicted.faa 
# Current dir:     /home/simonedassisi/velvet-1.2.10
# Date:            Wed Apr  2 19:18:21 2025
# [ok]
