#                                                                                                           --- full sequence --- -------------- this domain -------------   hmm coord   ali coord   env coord
# target name                                       accession   tlen query name           accession   qlen   E-value  score  bias   #  of  c-Evalue  i-Evalue  score  bias  from    to  from    to  from    to  acc description of target
#                               ------------------- ---------- ----- -------------------- ---------- ----- --------- ------ ----- --- --- --------- --------- ------ ----- ----- ----- ----- ----- ----- ----- ---- ---------------------
NODE_1204_length_64359_cov_77.399834:41719-43071|+  -            451 9782003              -            315    5e-117  388.9   0.3   1   2   4.5e-61   5.9e-58  194.8   0.1     2   160     3   168     2   208 0.89 NODE_1204_length_64359_cov_77.399834_37 # 41719 # 43071 # 1 # ID=516_37;partial=00;start_type=ATG;rbs_motif=GGA/GAG/AGG;rbs_spacer=5-10bp;gc_cont=0.508
NODE_1204_length_64359_cov_77.399834:41719-43071|+  -            451 9782003              -            315    5e-117  388.9   0.3   2   2   2.2e-60   2.9e-57  192.6   0.0   120   312   220   450   210   450 0.85 NODE_1204_length_64359_cov_77.399834_37 # 41719 # 43071 # 1 # ID=516_37;partial=00;start_type=ATG;rbs_motif=GGA/GAG/AGG;rbs_spacer=5-10bp;gc_cont=0.508
NODE_1204_length_64359_cov_77.399834:26912-28336|+  -            475 9782003              -            315     1e-07   29.8   0.6   1   2   4.9e-07   0.00064   17.3   0.0   125   172   315   371   304   401 0.66 NODE_1204_length_64359_cov_77.399834_23 # 26912 # 28336 # 1 # ID=516_23;partial=00;start_type=ATG;rbs_motif=GGA/GAG/AGG;rbs_spacer=5-10bp;gc_cont=0.542
NODE_1204_length_64359_cov_77.399834:26912-28336|+  -            475 9782003              -            315     1e-07   29.8   0.6   2   2   5.5e-05     0.073   10.6   0.2   122   159   409   449   400   466 0.80 NODE_1204_length_64359_cov_77.399834_23 # 26912 # 28336 # 1 # ID=516_23;partial=00;start_type=ATG;rbs_motif=GGA/GAG/AGG;rbs_spacer=5-10bp;gc_cont=0.542
NODE_2145_length_112275_cov_77.552353:27391-28758|- -            456 9782003              -            315   8.9e-07   26.7   0.1   1   2   2.1e-05     0.028   12.0   0.0   126   167   294   343   283   382 0.65 NODE_2145_length_112275_cov_77.552353_24 # 27391 # 28758 # -1 # ID=1072_24;partial=00;start_type=ATG;rbs_motif=AGxAGG/AGGxGG;rbs_spacer=3-4bp;gc_cont=0.520
NODE_2145_length_112275_cov_77.552353:27391-28758|- -            456 9782003              -            315   8.9e-07   26.7   0.1   2   2   1.5e-05     0.019   12.5   0.0   125   160   393   431   385   447 0.82 NODE_2145_length_112275_cov_77.552353_24 # 27391 # 28758 # -1 # ID=1072_24;partial=00;start_type=ATG;rbs_motif=AGxAGG/AGGxGG;rbs_spacer=3-4bp;gc_cont=0.520
NODE_2145_length_112275_cov_77.552353:26234-27301|- -            356 9782003              -            315    0.0073   13.9   0.0   1   1   8.7e-06     0.012   13.2   0.0   125   162   283   322   275   353 0.74 NODE_2145_length_112275_cov_77.552353_23 # 26234 # 27301 # -1 # ID=1072_23;partial=00;start_type=ATG;rbs_motif=None;rbs_spacer=None;gc_cont=0.532
#
# Program:         hmmsearch
# Version:         3.4 (Aug 2023)
# Pipeline mode:   SEARCH
# Query file:      /home/simonedassisi/velvet-1.2.10/busco_downloads/lineages/bacteria_odb12/hmms/9782003at2.hmm
# Target file:     results/BUSCO_output_velveth21/prodigal_output/predicted_genes/predicted.faa
# Option settings: hmmsearch --domtblout results/BUSCO_output_velveth21/auto_lineage/run_bacteria_odb12/hmmer_output/9782003at2.out --cpu 1 /home/simonedassisi/velvet-1.2.10/busco_downloads/lineages/bacteria_odb12/hmms/9782003at2.hmm results/BUSCO_output_velveth21/prodigal_output/predicted_genes/predicted.faa 
# Current dir:     /home/simonedassisi/velvet-1.2.10
# Date:            Wed Apr  2 19:18:21 2025
# [ok]
