#                                                                                                          --- full sequence --- -------------- this domain -------------   hmm coord   ali coord   env coord
# target name                                      accession   tlen query name           accession   qlen   E-value  score  bias   #  of  c-Evalue  i-Evalue  score  bias  from    to  from    to  from    to  acc description of target
#                              ------------------- ---------- ----- -------------------- ---------- ----- --------- ------ ----- --- --- --------- --------- ------ ----- ----- ----- ----- ----- ----- ----- ---- ---------------------
NODE_626_length_8769_cov_75.351463:7985-8788|+     -            268 9790352              -            252   9.2e-94  311.8   4.0   1   1   1.6e-96     1e-93  311.7   4.0     2   249     6   268     5   268 0.94 NODE_626_length_8769_cov_75.351463_8 # 7985 # 8788 # 1 # ID=267_8;partial=01;start_type=ATG;rbs_motif=GGA/GAG/AGG;rbs_spacer=5-10bp;gc_cont=0.550
NODE_1692_length_7197_cov_66.727112:6764-7216|+    -            151 9790352              -            252   0.00089   17.0   0.0   1   2   2.7e-06    0.0018   16.0   0.0     3    42     4    41     2    68 0.69 NODE_1692_length_7197_cov_66.727112_6 # 6764 # 7216 # 1 # ID=777_6;partial=01;start_type=GTG;rbs_motif=AGGAG;rbs_spacer=5-10bp;gc_cont=0.558
NODE_1692_length_7197_cov_66.727112:6764-7216|+    -            151 9790352              -            252   0.00089   17.0   0.0   2   2       1.1     7e+02   -2.3   0.0   182   201   131   150   114   151 0.63 NODE_1692_length_7197_cov_66.727112_6 # 6764 # 7216 # 1 # ID=777_6;partial=01;start_type=GTG;rbs_motif=AGGAG;rbs_spacer=5-10bp;gc_cont=0.558
NODE_796_length_47878_cov_66.656982:14676-15671|-  -            332 9790352              -            252   0.00093   17.0   1.1   1   1   7.8e-06    0.0051   14.5   1.1     2   129     3   161     2   190 0.58 NODE_796_length_47878_cov_66.656982_15 # 14676 # 15671 # -1 # ID=347_15;partial=00;start_type=ATG;rbs_motif=GGxGG;rbs_spacer=5-10bp;gc_cont=0.500
NODE_2487_length_42213_cov_77.013382:27870-28874|+ -            335 9790352              -            252      0.01   13.6   0.0   1   1   2.5e-05     0.017   12.8   0.0     2    82     2    97     1   100 0.73 NODE_2487_length_42213_cov_77.013382_22 # 27870 # 28874 # 1 # ID=1291_22;partial=00;start_type=ATG;rbs_motif=AGxAGG/AGGxGG;rbs_spacer=11-12bp;gc_cont=0.535
NODE_2145_length_112275_cov_77.552353:5323-6297|-  -            325 9790352              -            252     0.024   12.3   0.2   1   2      0.15     1e+02    0.4   0.0    78    93   116   131   111   138 0.88 NODE_2145_length_112275_cov_77.552353_6 # 5323 # 6297 # -1 # ID=1072_6;partial=00;start_type=ATG;rbs_motif=GGAG/GAGG;rbs_spacer=5-10bp;gc_cont=0.548
NODE_2145_length_112275_cov_77.552353:5323-6297|-  -            325 9790352              -            252     0.024   12.3   0.2   2   2   0.00028      0.19    9.4   0.1     3    45   149   196   148   245 0.64 NODE_2145_length_112275_cov_77.552353_6 # 5323 # 6297 # -1 # ID=1072_6;partial=00;start_type=ATG;rbs_motif=GGAG/GAGG;rbs_spacer=5-10bp;gc_cont=0.548
NODE_1155_length_53173_cov_69.651268:49048-50013|+ -            322 9790352              -            252     0.027   12.2   0.0   1   2   9.5e-05     0.063   11.0   0.0     3    36     5    38     3    76 0.79 NODE_1155_length_53173_cov_69.651268_41 # 49048 # 50013 # 1 # ID=488_41;partial=00;start_type=ATG;rbs_motif=GGAG/GAGG;rbs_spacer=5-10bp;gc_cont=0.564
NODE_1155_length_53173_cov_69.651268:49048-50013|+ -            322 9790352              -            252     0.027   12.2   0.0   2   2       1.4   9.3e+02   -2.7   0.0   106   135   235   265   224   278 0.68 NODE_1155_length_53173_cov_69.651268_41 # 49048 # 50013 # 1 # ID=488_41;partial=00;start_type=ATG;rbs_motif=GGAG/GAGG;rbs_spacer=5-10bp;gc_cont=0.564
NODE_679_length_36641_cov_70.533279:26330-27343|+  -            338 9790352              -            252      0.03   12.0   0.0   1   1   7.6e-05      0.05   11.3   0.0     3    82     6    91     5   100 0.64 NODE_679_length_36641_cov_70.533279_26 # 26330 # 27343 # 1 # ID=288_26;partial=00;start_type=ATG;rbs_motif=GGAG/GAGG;rbs_spacer=5-10bp;gc_cont=0.554
NODE_346_length_26317_cov_69.933388:20468-21523|-  -            352 9790352              -            252     0.032   11.9   0.0   1   1   8.1e-05     0.053   11.2   0.0     2    86    10   101     9   131 0.79 NODE_346_length_26317_cov_69.933388_20 # 20468 # 21523 # -1 # ID=105_20;partial=00;start_type=GTG;rbs_motif=GGAG/GAGG;rbs_spacer=5-10bp;gc_cont=0.552
#
# Program:         hmmsearch
# Version:         3.4 (Aug 2023)
# Pipeline mode:   SEARCH
# Query file:      /home/simonedassisi/velvet-1.2.10/busco_downloads/lineages/bacteria_odb12/hmms/9790352at2.hmm
# Target file:     results/BUSCO_output_velveth21/prodigal_output/predicted_genes/predicted.faa
# Option settings: hmmsearch --domtblout results/BUSCO_output_velveth21/auto_lineage/run_bacteria_odb12/hmmer_output/9790352at2.out --cpu 1 /home/simonedassisi/velvet-1.2.10/busco_downloads/lineages/bacteria_odb12/hmms/9790352at2.hmm results/BUSCO_output_velveth21/prodigal_output/predicted_genes/predicted.faa 
# Current dir:     /home/simonedassisi/velvet-1.2.10
# Date:            Wed Apr  2 19:18:21 2025
# [ok]
