#                                                                                                          --- full sequence --- -------------- this domain -------------   hmm coord   ali coord   env coord
# target name                                      accession   tlen query name           accession   qlen   E-value  score  bias   #  of  c-Evalue  i-Evalue  score  bias  from    to  from    to  from    to  acc description of target
#                              ------------------- ---------- ----- -------------------- ---------- ----- --------- ------ ----- --- --- --------- --------- ------ ----- ----- ----- ----- ----- ----- ----- ---- ---------------------
NODE_679_length_36641_cov_70.533279:32741-34258|+  -            506 9801213              -            449  2.8e-166  551.7   0.0   1   1  4.7e-169  4.2e-166  551.1   0.0     7   442     1   475     1   481 0.90 NODE_679_length_36641_cov_70.533279_33 # 32741 # 34258 # 1 # ID=288_33;partial=00;start_type=ATG;rbs_motif=GGAG/GAGG;rbs_spacer=5-10bp;gc_cont=0.528
NODE_2305_length_33814_cov_83.113121:27792-29621|+ -            610 9801213              -            449   1.4e-34  117.6   0.0   1   1   2.1e-37   1.8e-34  117.2   0.0     7   221     1   218     1   228 0.87 NODE_2305_length_33814_cov_83.113121_27 # 27792 # 29621 # 1 # ID=1155_27;partial=00;start_type=ATG;rbs_motif=GGA/GAG/AGG;rbs_spacer=5-10bp;gc_cont=0.538
NODE_1062_length_63423_cov_73.241127:32859-34523|- -            555 9801213              -            449   1.4e-19   68.1   0.0   1   2    0.0021       1.9    5.1   0.0     7    55     1    54     1    57 0.69 NODE_1062_length_63423_cov_73.241127_31 # 32859 # 34523 # -1 # ID=442_31;partial=00;start_type=ATG;rbs_motif=GGAG/GAGG;rbs_spacer=5-10bp;gc_cont=0.522
NODE_1062_length_63423_cov_73.241127:32859-34523|- -            555 9801213              -            449   1.4e-19   68.1   0.0   2   2   3.3e-21   2.9e-18   63.8   0.0    70   227    43   191    40   199 0.88 NODE_1062_length_63423_cov_73.241127_31 # 32859 # 34523 # -1 # ID=442_31;partial=00;start_type=ATG;rbs_motif=GGAG/GAGG;rbs_spacer=5-10bp;gc_cont=0.522
NODE_1253_length_7625_cov_68.889442:4730-5497|+    -            256 9801213              -            449   0.00048   16.9   0.0   1   1   7.2e-07   0.00063   16.5   0.0    68   119    70   122    45   157 0.82 NODE_1253_length_7625_cov_68.889442_5 # 4730 # 5497 # 1 # ID=540_5;partial=00;start_type=ATG;rbs_motif=GGAGG;rbs_spacer=5-10bp;gc_cont=0.534
NODE_1434_length_95894_cov_75.275742:20952-21635|+ -            228 9801213              -            449   0.00078   16.2   0.1   1   1   1.1e-06     0.001   15.9   0.1   329   366   183   220   150   225 0.83 NODE_1434_length_95894_cov_75.275742_18 # 20952 # 21635 # 1 # ID=631_18;partial=00;start_type=ATG;rbs_motif=AGGA;rbs_spacer=5-10bp;gc_cont=0.553
NODE_482_length_21709_cov_69.527618:16456-17469|+  -            338 9801213              -            449   0.00094   16.0   0.0   1   1   1.5e-06    0.0013   15.5   0.0   329   369   231   271   213   280 0.81 NODE_482_length_21709_cov_69.527618_19 # 16456 # 17469 # 1 # ID=196_19;partial=00;start_type=ATG;rbs_motif=GGA/GAG/AGG;rbs_spacer=5-10bp;gc_cont=0.529
#
# Program:         hmmsearch
# Version:         3.4 (Aug 2023)
# Pipeline mode:   SEARCH
# Query file:      /home/simonedassisi/velvet-1.2.10/busco_downloads/lineages/bacteria_odb12/hmms/9801213at2.hmm
# Target file:     results/BUSCO_output_velveth21/prodigal_output/predicted_genes/predicted.faa
# Option settings: hmmsearch --domtblout results/BUSCO_output_velveth21/auto_lineage/run_bacteria_odb12/hmmer_output/9801213at2.out --cpu 1 /home/simonedassisi/velvet-1.2.10/busco_downloads/lineages/bacteria_odb12/hmms/9801213at2.hmm results/BUSCO_output_velveth21/prodigal_output/predicted_genes/predicted.faa 
# Current dir:     /home/simonedassisi/velvet-1.2.10
# Date:            Wed Apr  2 19:18:22 2025
# [ok]
