#                                                                                                           --- full sequence --- -------------- this domain -------------   hmm coord   ali coord   env coord
# target name                                       accession   tlen query name           accession   qlen   E-value  score  bias   #  of  c-Evalue  i-Evalue  score  bias  from    to  from    to  from    to  acc description of target
#                               ------------------- ---------- ----- -------------------- ---------- ----- --------- ------ ----- --- --- --------- --------- ------ ----- ----- ----- ----- ----- ----- ----- ---- ---------------------
NODE_596_length_15654_cov_72.501595:11497-12813|+   -            439 9809796              -            412  5.1e-138  459.0   0.0   1   1  2.5e-140  5.7e-138  458.9   0.0     3   409     2   437     1   438 0.93 NODE_596_length_15654_cov_72.501595_11 # 11497 # 12813 # 1 # ID=258_11;partial=00;start_type=ATG;rbs_motif=GGA/GAG/AGG;rbs_spacer=5-10bp;gc_cont=0.550
NODE_596_length_15654_cov_72.501595:7576-9063|+     -            496 9809796              -            412   2.8e-32  110.8   2.6   1   1   9.7e-33   2.2e-30  104.5   2.6   102   382   107   463    96   465 0.82 NODE_596_length_15654_cov_72.501595_8 # 7576 # 9063 # 1 # ID=258_8;partial=00;start_type=GTG;rbs_motif=GGAG/GAGG;rbs_spacer=5-10bp;gc_cont=0.569
NODE_596_length_15654_cov_72.501595:9060-10418|+    -            453 9809796              -            412   4.1e-31  106.9   0.7   1   1   2.3e-33   5.3e-31  106.5   0.7    92   322    89   362    72   437 0.85 NODE_596_length_15654_cov_72.501595_9 # 9060 # 10418 # 1 # ID=258_9;partial=00;start_type=ATG;rbs_motif=GGxGG;rbs_spacer=5-10bp;gc_cont=0.552
NODE_1815_length_42207_cov_77.160164:21572-22945|+  -            458 9809796              -            412   8.7e-25   86.1   0.0   1   1   4.8e-27   1.1e-24   85.7   0.0    11   311     4   346     1   388 0.78 NODE_1815_length_42207_cov_77.160164_20 # 21572 # 22945 # 1 # ID=846_20;partial=00;start_type=ATG;rbs_motif=AGGA;rbs_spacer=5-10bp;gc_cont=0.552
NODE_596_length_15654_cov_72.501595:15175-15672|+   -            166 9809796              -            412   1.2e-17   62.5   0.1   1   1   6.5e-20   1.5e-17   62.2   0.1     9   133    21   148    15   159 0.84 NODE_596_length_15654_cov_72.501595_14 # 15175 # 15672 # 1 # ID=258_14;partial=01;start_type=ATG;rbs_motif=3Base/5BMM;rbs_spacer=13-15bp;gc_cont=0.542
NODE_592_length_39318_cov_75.666641:3-965|+         -            321 9809796              -            412   3.4e-17   61.0   0.0   1   1   2.5e-19   5.7e-17   60.3   0.0   165   288    12   162     8   200 0.86 NODE_592_length_39318_cov_75.666641_1 # 3 # 965 # 1 # ID=257_1;partial=10;start_type=Edge;rbs_motif=None;rbs_spacer=None;gc_cont=0.546
NODE_679_length_36641_cov_70.533279:30037-31305|+   -            423 9809796              -            412   3.4e-14   51.2   0.0   1   2   4.5e-06     0.001   16.6   0.0    87   135    32    80    14    82 0.81 NODE_679_length_36641_cov_70.533279_30 # 30037 # 31305 # 1 # ID=288_30;partial=00;start_type=ATG;rbs_motif=GGA/GAG/AGG;rbs_spacer=3-4bp;gc_cont=0.558
NODE_679_length_36641_cov_70.533279:30037-31305|+   -            423 9809796              -            412   3.4e-14   51.2   0.0   2   2   7.8e-11   1.8e-08   32.3   0.0   151   382   141   400   127   406 0.69 NODE_679_length_36641_cov_70.533279_30 # 30037 # 31305 # 1 # ID=288_30;partial=00;start_type=ATG;rbs_motif=GGA/GAG/AGG;rbs_spacer=3-4bp;gc_cont=0.558
NODE_2145_length_112275_cov_77.552353:41856-43274|- -            473 9809796              -            412   1.6e-08   32.5   0.4   1   2   2.7e-06   0.00063   17.4   0.0     6    41   145   180   142   217 0.87 NODE_2145_length_112275_cov_77.552353_40 # 41856 # 43274 # -1 # ID=1072_40;partial=00;start_type=ATG;rbs_motif=GGA/GAG/AGG;rbs_spacer=5-10bp;gc_cont=0.558
NODE_2145_length_112275_cov_77.552353:41856-43274|- -            473 9809796              -            412   1.6e-08   32.5   0.4   2   2   6.3e-05     0.014   12.9   0.1     5    45   285   328   282   356 0.71 NODE_2145_length_112275_cov_77.552353_40 # 41856 # 43274 # -1 # ID=1072_40;partial=00;start_type=ATG;rbs_motif=GGA/GAG/AGG;rbs_spacer=5-10bp;gc_cont=0.558
NODE_1893_length_14543_cov_71.521904:4483-6462|+    -            660 9809796              -            412   2.7e-07   28.4   0.1   1   2   2.5e-06   0.00058   17.5   0.0     7    41   327   361   323   391 0.91 NODE_1893_length_14543_cov_71.521904_3 # 4483 # 6462 # 1 # ID=898_3;partial=00;start_type=ATG;rbs_motif=AGxAGG/AGGxGG;rbs_spacer=5-10bp;gc_cont=0.555
NODE_1893_length_14543_cov_71.521904:4483-6462|+    -            660 9809796              -            412   2.7e-07   28.4   0.1   2   2    0.0014      0.32    8.5   0.0     6    45   467   509   464   530 0.69 NODE_1893_length_14543_cov_71.521904_3 # 4483 # 6462 # 1 # ID=898_3;partial=00;start_type=ATG;rbs_motif=AGxAGG/AGGxGG;rbs_spacer=5-10bp;gc_cont=0.555
NODE_1852_length_52597_cov_77.721466:30981-32900|-  -            640 9809796              -            412   1.2e-05   23.0   0.0   1   2   2.4e-05    0.0055   14.2   0.0     7    41   310   344   307   381 0.87 NODE_1852_length_52597_cov_77.721466_23 # 30981 # 32900 # -1 # ID=868_23;partial=00;start_type=ATG;rbs_motif=GGA/GAG/AGG;rbs_spacer=5-10bp;gc_cont=0.528
NODE_1852_length_52597_cov_77.721466:30981-32900|-  -            640 9809796              -            412   1.2e-05   23.0   0.0   2   2    0.0055       1.3    6.5   0.0     4    41   448   486   446   513 0.71 NODE_1852_length_52597_cov_77.721466_23 # 30981 # 32900 # -1 # ID=868_23;partial=00;start_type=ATG;rbs_motif=GGA/GAG/AGG;rbs_spacer=5-10bp;gc_cont=0.528
NODE_299_length_31306_cov_74.835876:15792-16745|+   -            318 9809796              -            412   7.4e-05   20.4   0.0   1   3   1.4e-05    0.0033   15.0   0.0     5    75    17    89    14   121 0.74 NODE_299_length_31306_cov_74.835876_12 # 15792 # 16745 # 1 # ID=91_12;partial=00;start_type=GTG;rbs_motif=None;rbs_spacer=None;gc_cont=0.563
NODE_299_length_31306_cov_74.835876:15792-16745|+   -            318 9809796              -            412   7.4e-05   20.4   0.0   2   3     0.096        22    2.4   0.0     7    31   140   164   135   180 0.88 NODE_299_length_31306_cov_74.835876_12 # 15792 # 16745 # 1 # ID=91_12;partial=00;start_type=GTG;rbs_motif=None;rbs_spacer=None;gc_cont=0.563
NODE_299_length_31306_cov_74.835876:15792-16745|+   -            318 9809796              -            412   7.4e-05   20.4   0.0   3   3       1.7     4e+02   -1.7   0.0    47    99   250   301   216   308 0.50 NODE_299_length_31306_cov_74.835876_12 # 15792 # 16745 # 1 # ID=91_12;partial=00;start_type=GTG;rbs_motif=None;rbs_spacer=None;gc_cont=0.563
NODE_365_length_9504_cov_67.174660:6889-8187|+      -            433 9809796              -            412   7.6e-05   20.4   0.0   1   1   5.8e-07   0.00013   19.6   0.0     9    86     2    72     1    81 0.76 NODE_365_length_9504_cov_67.174660_7 # 6889 # 8187 # 1 # ID=114_7;partial=00;start_type=ATG;rbs_motif=GGAG/GAGG;rbs_spacer=5-10bp;gc_cont=0.559
NODE_333_length_6447_cov_70.679848:4995-6017|+      -            341 9809796              -            412   0.00019   19.0   0.0   1   1   1.3e-06    0.0003   18.4   0.0     7    47   163   202   158   225 0.76 NODE_333_length_6447_cov_70.679848_5 # 4995 # 6017 # 1 # ID=102_5;partial=00;start_type=ATG;rbs_motif=GGAG/GAGG;rbs_spacer=5-10bp;gc_cont=0.511
NODE_1147_length_37024_cov_69.051132:14081-15613|+  -            511 9809796              -            412   0.00059   17.5   0.1   1   1   4.6e-06    0.0011   16.6   0.1     8    52   166   214   161   264 0.65 NODE_1147_length_37024_cov_69.051132_13 # 14081 # 15613 # 1 # ID=485_13;partial=00;start_type=ATG;rbs_motif=GGA/GAG/AGG;rbs_spacer=5-10bp;gc_cont=0.526
NODE_1792_length_20317_cov_75.392525:16715-17734|-  -            340 9809796              -            412    0.0016   16.0   0.0   1   1   9.6e-06    0.0022   15.6   0.0     6    75   168   244   163   259 0.73 NODE_1792_length_20317_cov_75.392525_15 # 16715 # 17734 # -1 # ID=834_15;partial=00;start_type=ATG;rbs_motif=AGGA;rbs_spacer=5-10bp;gc_cont=0.552
NODE_286_length_41180_cov_81.233269:32290-33666|-   -            459 9809796              -            412    0.0051   14.4   0.2   1   2     0.004      0.93    6.9   0.0     9    52     2    50     1    93 0.81 NODE_286_length_41180_cov_81.233269_50 # 32290 # 33666 # -1 # ID=82_50;partial=00;start_type=ATG;rbs_motif=None;rbs_spacer=None;gc_cont=0.503
NODE_286_length_41180_cov_81.233269:32290-33666|-   -            459 9809796              -            412    0.0051   14.4   0.2   2   2     0.011       2.5    5.5   0.0     7    50   232   280   227   369 0.79 NODE_286_length_41180_cov_81.233269_50 # 32290 # 33666 # -1 # ID=82_50;partial=00;start_type=ATG;rbs_motif=None;rbs_spacer=None;gc_cont=0.503
NODE_1852_length_52597_cov_77.721466:18040-21138|+  -           1033 9809796              -            412    0.0068   13.9   0.1   1   3    0.0027      0.62    7.5   0.0     8    42   551   585   547   638 0.75 NODE_1852_length_52597_cov_77.721466_15 # 18040 # 21138 # 1 # ID=868_15;partial=00;start_type=ATG;rbs_motif=AGGAG;rbs_spacer=5-10bp;gc_cont=0.522
NODE_1852_length_52597_cov_77.721466:18040-21138|+  -           1033 9809796              -            412    0.0068   13.9   0.1   2   3       3.2   7.4e+02   -2.6   0.0   302   325   623   648   602   652 0.68 NODE_1852_length_52597_cov_77.721466_15 # 18040 # 21138 # 1 # ID=868_15;partial=00;start_type=ATG;rbs_motif=AGGAG;rbs_spacer=5-10bp;gc_cont=0.522
NODE_1852_length_52597_cov_77.721466:18040-21138|+  -           1033 9809796              -            412    0.0068   13.9   0.1   3   3     0.041       9.3    3.6   0.0     7    28   678   699   674   743 0.75 NODE_1852_length_52597_cov_77.721466_15 # 18040 # 21138 # 1 # ID=868_15;partial=00;start_type=ATG;rbs_motif=AGGAG;rbs_spacer=5-10bp;gc_cont=0.522
NODE_1288_length_45176_cov_69.014496:43162-43911|-  -            250 9809796              -            412    0.0074   13.8   0.0   1   1   4.5e-05      0.01   13.3   0.0     4    75    28   104    26   132 0.67 NODE_1288_length_45176_cov_69.014496_40 # 43162 # 43911 # -1 # ID=561_40;partial=00;start_type=ATG;rbs_motif=GGAGG;rbs_spacer=5-10bp;gc_cont=0.555
NODE_1677_length_30732_cov_80.654755:14266-15021|+  -            252 9809796              -            412    0.0074   13.8   0.0   1   1   4.3e-05    0.0099   13.4   0.0     5    76    26   104    23   136 0.71 NODE_1677_length_30732_cov_80.654755_16 # 14266 # 15021 # 1 # ID=765_16;partial=00;start_type=ATG;rbs_motif=AGGAG;rbs_spacer=5-10bp;gc_cont=0.575
NODE_1590_length_24637_cov_72.101517:19893-20783|+  -            297 9809796              -            412    0.0082   13.7   0.5   1   2   0.00016     0.036   11.5   0.0     8    68     3    64     1    83 0.75 NODE_1590_length_24637_cov_72.101517_22 # 19893 # 20783 # 1 # ID=719_22;partial=00;start_type=ATG;rbs_motif=GGA/GAG/AGG;rbs_spacer=5-10bp;gc_cont=0.534
NODE_1590_length_24637_cov_72.101517:19893-20783|+  -            297 9809796              -            412    0.0082   13.7   0.5   2   2      0.48   1.1e+02    0.1   0.1   317   374   137   193   127   203 0.60 NODE_1590_length_24637_cov_72.101517_22 # 19893 # 20783 # 1 # ID=719_22;partial=00;start_type=ATG;rbs_motif=GGA/GAG/AGG;rbs_spacer=5-10bp;gc_cont=0.534
NODE_1082_length_35501_cov_69.030113:30304-31899|+  -            532 9809796              -            412     0.026   12.0   3.2   1   4       5.8   1.3e+03   -3.5   0.0   300   338    14    57    13    67 0.63 NODE_1082_length_35501_cov_69.030113_28 # 30304 # 31899 # 1 # ID=452_28;partial=00;start_type=ATG;rbs_motif=GGAG/GAGG;rbs_spacer=5-10bp;gc_cont=0.527
NODE_1082_length_35501_cov_69.030113:30304-31899|+  -            532 9809796              -            412     0.026   12.0   3.2   2   4      0.27        61    0.9   0.0     9    33   224   248   218   278 0.85 NODE_1082_length_35501_cov_69.030113_28 # 30304 # 31899 # 1 # ID=452_28;partial=00;start_type=ATG;rbs_motif=GGAG/GAGG;rbs_spacer=5-10bp;gc_cont=0.527
NODE_1082_length_35501_cov_69.030113:30304-31899|+  -            532 9809796              -            412     0.026   12.0   3.2   3   4   0.00046      0.11   10.0   0.1     5    45   363   403   361   434 0.75 NODE_1082_length_35501_cov_69.030113_28 # 30304 # 31899 # 1 # ID=452_28;partial=00;start_type=ATG;rbs_motif=GGAG/GAGG;rbs_spacer=5-10bp;gc_cont=0.527
NODE_1082_length_35501_cov_69.030113:30304-31899|+  -            532 9809796              -            412     0.026   12.0   3.2   4   4       1.5   3.4e+02   -1.5   0.1   299   335   487   527   476   531 0.78 NODE_1082_length_35501_cov_69.030113_28 # 30304 # 31899 # 1 # ID=452_28;partial=00;start_type=ATG;rbs_motif=GGAG/GAGG;rbs_spacer=5-10bp;gc_cont=0.527
NODE_1229_length_78306_cov_70.440285:60776-61825|+  -            350 9809796              -            412     0.029   11.9   0.1   1   1   0.00017      0.04   11.4   0.1     7    51   175   224   170   262 0.69 NODE_1229_length_78306_cov_70.440285_54 # 60776 # 61825 # 1 # ID=529_54;partial=00;start_type=ATG;rbs_motif=AGGAG;rbs_spacer=5-10bp;gc_cont=0.536
NODE_2031_length_15140_cov_83.574440:5834-6853|+    -            340 9809796              -            412     0.039   11.4   0.0   1   1   0.00024     0.055   11.0   0.0     6    44     4    42     1    67 0.84 NODE_2031_length_15140_cov_83.574440_8 # 5834 # 6853 # 1 # ID=1003_8;partial=00;start_type=ATG;rbs_motif=AGGA;rbs_spacer=5-10bp;gc_cont=0.565
#
# Program:         hmmsearch
# Version:         3.4 (Aug 2023)
# Pipeline mode:   SEARCH
# Query file:      /home/simonedassisi/velvet-1.2.10/busco_downloads/lineages/bacteria_odb12/hmms/9809796at2.hmm
# Target file:     results/BUSCO_output_velveth21/prodigal_output/predicted_genes/predicted.faa
# Option settings: hmmsearch --domtblout results/BUSCO_output_velveth21/auto_lineage/run_bacteria_odb12/hmmer_output/9809796at2.out --cpu 1 /home/simonedassisi/velvet-1.2.10/busco_downloads/lineages/bacteria_odb12/hmms/9809796at2.hmm results/BUSCO_output_velveth21/prodigal_output/predicted_genes/predicted.faa 
# Current dir:     /home/simonedassisi/velvet-1.2.10
# Date:            Wed Apr  2 19:18:23 2025
# [ok]
