#                                                                                                           --- full sequence --- -------------- this domain -------------   hmm coord   ali coord   env coord
# target name                                       accession   tlen query name           accession   qlen   E-value  score  bias   #  of  c-Evalue  i-Evalue  score  bias  from    to  from    to  from    to  acc description of target
#                               ------------------- ---------- ----- -------------------- ---------- ----- --------- ------ ----- --- --- --------- --------- ------ ----- ----- ----- ----- ----- ----- ----- ---- ---------------------
NODE_1570_length_36954_cov_78.025352:25627-26907|+  -            427 9812272              -            409  5.8e-164  544.2   2.5   1   1    2e-166  7.4e-164  543.8   2.5     5   401     8   411     4   419 0.95 NODE_1570_length_36954_cov_78.025352_25 # 25627 # 26907 # 1 # ID=708_25;partial=00;start_type=TTG;rbs_motif=GGAG/GAGG;rbs_spacer=5-10bp;gc_cont=0.538
NODE_926_length_95421_cov_71.123581:87944-89416|+   -            491 9812272              -            409   8.7e-28   95.7   0.0   1   2   6.4e-15   2.4e-12   44.8   0.0   194   356     2   163     1   201 0.72 NODE_926_length_95421_cov_71.123581_77 # 87944 # 89416 # 1 # ID=386_77;partial=00;start_type=ATG;rbs_motif=GGAG/GAGG;rbs_spacer=5-10bp;gc_cont=0.520
NODE_926_length_95421_cov_71.123581:87944-89416|+   -            491 9812272              -            409   8.7e-28   95.7   0.0   2   2   5.2e-16     2e-13   48.4   0.0   196   360   204   378   197   396 0.82 NODE_926_length_95421_cov_71.123581_77 # 87944 # 89416 # 1 # ID=386_77;partial=00;start_type=ATG;rbs_motif=GGAG/GAGG;rbs_spacer=5-10bp;gc_cont=0.520
NODE_2145_length_112275_cov_77.552353:70717-71889|+ -            391 9812272              -            409   3.4e-16   57.5   0.0   1   1   1.5e-18   5.7e-16   56.8   0.0   196   386   161   365   148   380 0.79 NODE_2145_length_112275_cov_77.552353_70 # 70717 # 71889 # 1 # ID=1072_70;partial=00;start_type=ATG;rbs_motif=GGAG/GAGG;rbs_spacer=5-10bp;gc_cont=0.533
NODE_989_length_51512_cov_75.450089:2-1321|-        -            440 9812272              -            409     3e-15   54.4   0.0   1   1   1.6e-17   6.1e-15   53.4   0.0   165   380   190   400   185   425 0.75 NODE_989_length_51512_cov_75.450089_1 # 2 # 1321 # -1 # ID=419_1;partial=10;start_type=ATG;rbs_motif=AGGA;rbs_spacer=5-10bp;gc_cont=0.567
NODE_926_length_95421_cov_71.123581:22527-23432|+   -            302 9812272              -            409     7e-11   40.0   0.2   1   1   9.6e-13   3.6e-10   37.7   0.2   196   360    10   179     4   221 0.78 NODE_926_length_95421_cov_71.123581_22 # 22527 # 23432 # 1 # ID=386_22;partial=00;start_type=ATG;rbs_motif=GGAG/GAGG;rbs_spacer=5-10bp;gc_cont=0.523
NODE_482_length_21709_cov_69.527618:20585-21676|+   -            364 9812272              -            409   4.9e-08   30.6   0.0   1   2   3.1e-10   1.2e-07   29.4   0.0   197   241     5    49     2    68 0.87 NODE_482_length_21709_cov_69.527618_23 # 20585 # 21676 # 1 # ID=196_23;partial=00;start_type=ATG;rbs_motif=GGA/GAG/AGG;rbs_spacer=11-12bp;gc_cont=0.510
NODE_482_length_21709_cov_69.527618:20585-21676|+   -            364 9812272              -            409   4.9e-08   30.6   0.0   2   2       1.3   4.9e+02   -2.3   0.1   275   321   110   157   107   194 0.57 NODE_482_length_21709_cov_69.527618_23 # 20585 # 21676 # 1 # ID=196_23;partial=00;start_type=ATG;rbs_motif=GGA/GAG/AGG;rbs_spacer=11-12bp;gc_cont=0.510
NODE_1434_length_95894_cov_75.275742:16477-18798|+  -            774 9812272              -            409   1.1e-07   29.5   0.2   1   1   4.5e-09   1.7e-06   25.6   0.2   195   359     4   172     1   196 0.75 NODE_1434_length_95894_cov_75.275742_14 # 16477 # 18798 # 1 # ID=631_14;partial=00;start_type=ATG;rbs_motif=None;rbs_spacer=None;gc_cont=0.548
NODE_851_length_22678_cov_82.051857:9262-9894|-     -            211 9812272              -            409   6.8e-06   23.6   0.7   1   2   8.6e-06    0.0033   14.8   0.0   195   221    27    53    19    56 0.89 NODE_851_length_22678_cov_82.051857_10 # 9262 # 9894 # -1 # ID=363_10;partial=00;start_type=TTG;rbs_motif=GGAG/GAGG;rbs_spacer=5-10bp;gc_cont=0.518
NODE_851_length_22678_cov_82.051857:9262-9894|-     -            211 9812272              -            409   6.8e-06   23.6   0.7   2   2    0.0014      0.54    7.4   0.2   282   361   117   203    98   208 0.68 NODE_851_length_22678_cov_82.051857_10 # 9262 # 9894 # -1 # ID=363_10;partial=00;start_type=TTG;rbs_motif=GGAG/GAGG;rbs_spacer=5-10bp;gc_cont=0.518
NODE_1601_length_842_cov_157.199524:3-860|-         -            286 9812272              -            409   5.6e-05   20.6   0.0   1   2   4.2e-05     0.016   12.5   0.0   182   221    54    94    35   124 0.71 NODE_1601_length_842_cov_157.199524_1 # 3 # 860 # -1 # ID=725_1;partial=11;start_type=Edge;rbs_motif=None;rbs_spacer=None;gc_cont=0.573
NODE_1601_length_842_cov_157.199524:3-860|-         -            286 9812272              -            409   5.6e-05   20.6   0.0   2   2    0.0036       1.4    6.1   0.0   330   373   223   266   202   282 0.69 NODE_1601_length_842_cov_157.199524_1 # 3 # 860 # -1 # ID=725_1;partial=11;start_type=Edge;rbs_motif=None;rbs_spacer=None;gc_cont=0.573
NODE_2441_length_4821_cov_57.129642:4333-4812|-     -            160 9812272              -            409   9.1e-05   19.9   0.6   1   2   6.1e-05     0.023   12.0   0.1   195   221     2    28     1    32 0.87 NODE_2441_length_4821_cov_57.129642_9 # 4333 # 4812 # -1 # ID=1256_9;partial=00;start_type=ATG;rbs_motif=GGAG/GAGG;rbs_spacer=5-10bp;gc_cont=0.500
NODE_2441_length_4821_cov_57.129642:4333-4812|-     -            160 9812272              -            409   9.1e-05   19.9   0.6   2   2    0.0026      0.99    6.6   0.0   273   358    64   149    55   158 0.70 NODE_2441_length_4821_cov_57.129642_9 # 4333 # 4812 # -1 # ID=1256_9;partial=00;start_type=ATG;rbs_motif=GGAG/GAGG;rbs_spacer=5-10bp;gc_cont=0.500
NODE_1570_length_36954_cov_78.025352:15524-16576|-  -            351 9812272              -            409   9.3e-05   19.8   0.1   1   2   4.6e-06    0.0017   15.6   0.0   294   355   140   209   125   216 0.78 NODE_1570_length_36954_cov_78.025352_16 # 15524 # 16576 # -1 # ID=708_16;partial=00;start_type=TTG;rbs_motif=AGGAG;rbs_spacer=5-10bp;gc_cont=0.540
NODE_1570_length_36954_cov_78.025352:15524-16576|-  -            351 9812272              -            409   9.3e-05   19.8   0.1   2   2      0.05        19    2.4   0.1   201   216   214   229   208   239 0.77 NODE_1570_length_36954_cov_78.025352_16 # 15524 # 16576 # -1 # ID=708_16;partial=00;start_type=TTG;rbs_motif=AGGAG;rbs_spacer=5-10bp;gc_cont=0.540
NODE_1044_length_78232_cov_76.088036:33096-35324|-  -            743 9812272              -            409   0.00015   19.1   3.1   1   3   8.6e-05     0.032   11.5   0.0   188   231    62   107    50   123 0.70 NODE_1044_length_78232_cov_76.088036_27 # 33096 # 35324 # -1 # ID=438_27;partial=00;start_type=ATG;rbs_motif=AGGA;rbs_spacer=5-10bp;gc_cont=0.515
NODE_1044_length_78232_cov_76.088036:33096-35324|-  -            743 9812272              -            409   0.00015   19.1   3.1   2   3    0.0023      0.89    6.7   0.1   271   324   256   308   253   330 0.77 NODE_1044_length_78232_cov_76.088036_27 # 33096 # 35324 # -1 # ID=438_27;partial=00;start_type=ATG;rbs_motif=AGGA;rbs_spacer=5-10bp;gc_cont=0.515
NODE_1044_length_78232_cov_76.088036:33096-35324|-  -            743 9812272              -            409   0.00015   19.1   3.1   3   3      0.94   3.5e+02   -1.8   0.2   284   355   447   524   435   561 0.57 NODE_1044_length_78232_cov_76.088036_27 # 33096 # 35324 # -1 # ID=438_27;partial=00;start_type=ATG;rbs_motif=AGGA;rbs_spacer=5-10bp;gc_cont=0.515
NODE_2305_length_33814_cov_83.113121:6302-7684|-    -            461 9812272              -            409     0.039   11.2   0.1   1   1   0.00021      0.08   10.2   0.1   196   223    32    57    28    60 0.89 NODE_2305_length_33814_cov_83.113121_7 # 6302 # 7684 # -1 # ID=1155_7;partial=00;start_type=ATG;rbs_motif=GGAG/GAGG;rbs_spacer=5-10bp;gc_cont=0.510
NODE_2129_length_51924_cov_72.758377:23836-24870|-  -            345 9812272              -            409      0.33    8.1   3.0   1   2       0.3   1.1e+02   -0.2   2.5   140   192    43    98    33   102 0.77 NODE_2129_length_51924_cov_72.758377_26 # 23836 # 24870 # -1 # ID=1066_26;partial=00;start_type=GTG;rbs_motif=GGAG/GAGG;rbs_spacer=5-10bp;gc_cont=0.547
NODE_2129_length_51924_cov_72.758377:23836-24870|-  -            345 9812272              -            409      0.33    8.1   3.0   2   2    0.0024      0.91    6.7   0.0   196   218   140   162   134   184 0.85 NODE_2129_length_51924_cov_72.758377_26 # 23836 # 24870 # -1 # ID=1066_26;partial=00;start_type=GTG;rbs_motif=GGAG/GAGG;rbs_spacer=5-10bp;gc_cont=0.547
#
# Program:         hmmsearch
# Version:         3.4 (Aug 2023)
# Pipeline mode:   SEARCH
# Query file:      /home/simonedassisi/velvet-1.2.10/busco_downloads/lineages/bacteria_odb12/hmms/9812272at2.hmm
# Target file:     results/BUSCO_output_velveth21/prodigal_output/predicted_genes/predicted.faa
# Option settings: hmmsearch --domtblout results/BUSCO_output_velveth21/auto_lineage/run_bacteria_odb12/hmmer_output/9812272at2.out --cpu 1 /home/simonedassisi/velvet-1.2.10/busco_downloads/lineages/bacteria_odb12/hmms/9812272at2.hmm results/BUSCO_output_velveth21/prodigal_output/predicted_genes/predicted.faa 
# Current dir:     /home/simonedassisi/velvet-1.2.10
# Date:            Wed Apr  2 19:18:24 2025
# [ok]
