#                                                                                                          --- full sequence --- -------------- this domain -------------   hmm coord   ali coord   env coord
# target name                                      accession   tlen query name           accession   qlen   E-value  score  bias   #  of  c-Evalue  i-Evalue  score  bias  from    to  from    to  from    to  acc description of target
#                              ------------------- ---------- ----- -------------------- ---------- ----- --------- ------ ----- --- --- --------- --------- ------ ----- ----- ----- ----- ----- ----- ----- ---- ---------------------
NODE_1144_length_51838_cov_69.979935:48698-48964|+ -             89 11138                -            141   1.7e-06   26.2   0.0   1   1     3e-09     2e-06   25.9   0.0    68   121    16    69     8    86 0.77 NODE_1144_length_51838_cov_69.979935_47 # 48698 # 48964 # 1 # ID=484_47;partial=00;start_type=ATG;rbs_motif=GGA/GAG/AGG;rbs_spacer=5-10bp;gc_cont=0.438
NODE_2132_length_53289_cov_67.616959:43280-43837|+ -            186 11138                -            141     2e-05   22.7   0.0   1   1   4.7e-08   3.1e-05   22.1   0.0    67   126    10    69     9    79 0.92 NODE_2132_length_53289_cov_67.616959_43 # 43280 # 43837 # 1 # ID=1067_43;partial=00;start_type=ATG;rbs_motif=AGGA;rbs_spacer=5-10bp;gc_cont=0.511
NODE_926_length_95421_cov_71.123581:82456-83469|+  -            338 11138                -            141   3.4e-05   21.9   0.1   1   1   9.5e-08   6.3e-05   21.1   0.1    67   102    17    52     6    59 0.91 NODE_926_length_95421_cov_71.123581_72 # 82456 # 83469 # 1 # ID=386_72;partial=00;start_type=ATG;rbs_motif=None;rbs_spacer=None;gc_cont=0.545
NODE_739_length_21936_cov_71.932304:20029-20565|-  -            179 11138                -            141   6.2e-05   21.1   0.0   1   1   1.2e-07   8.1e-05   20.7   0.0    66   119     9    62     1    74 0.89 NODE_739_length_21936_cov_71.932304_20 # 20029 # 20565 # -1 # ID=309_20;partial=00;start_type=ATG;rbs_motif=GGAGG;rbs_spacer=5-10bp;gc_cont=0.501
NODE_1771_length_5283_cov_152.475861:4827-5249|-   -            141 11138                -            141   0.00082   17.5   0.1   1   1   1.6e-06    0.0011   17.1   0.1    67   103    37    73     3    78 0.83 NODE_1771_length_5283_cov_152.475861_3 # 4827 # 5249 # -1 # ID=821_3;partial=00;start_type=ATG;rbs_motif=AGGAG;rbs_spacer=5-10bp;gc_cont=0.489
NODE_2541_length_10961_cov_78.651581:5206-5556|-   -            117 11138                -            141     0.005   14.9   0.0   1   2   1.8e-05     0.012   13.7   0.0    62   116     2    56     1    65 0.88 NODE_2541_length_10961_cov_78.651581_8 # 5206 # 5556 # -1 # ID=1335_8;partial=00;start_type=ATG;rbs_motif=AGGAG;rbs_spacer=5-10bp;gc_cont=0.396
NODE_2541_length_10961_cov_78.651581:5206-5556|-   -            117 11138                -            141     0.005   14.9   0.0   2   2       1.1   7.1e+02   -1.8   0.0    60    60    90    90    63   112 0.51 NODE_2541_length_10961_cov_78.651581_8 # 5206 # 5556 # -1 # ID=1335_8;partial=00;start_type=ATG;rbs_motif=AGGAG;rbs_spacer=5-10bp;gc_cont=0.396
NODE_274_length_24805_cov_72.090103:17989-19263|-  -            425 11138                -            141    0.0061   14.6   0.3   1   1   1.9e-05     0.013   13.6   0.3     2    54    14    63    13    90 0.72 NODE_274_length_24805_cov_72.090103_19 # 17989 # 19263 # -1 # ID=77_19;partial=00;start_type=ATG;rbs_motif=GGAG/GAGG;rbs_spacer=5-10bp;gc_cont=0.518
NODE_1386_length_43660_cov_76.965599:11014-11304|+ -             97 11138                -            141     0.016   13.3   0.0   1   1   3.3e-05     0.022   12.8   0.0    68   108    37    77    20    85 0.91 NODE_1386_length_43660_cov_76.965599_10 # 11014 # 11304 # 1 # ID=611_10;partial=00;start_type=ATG;rbs_motif=AGGAG;rbs_spacer=5-10bp;gc_cont=0.443
#
# Program:         hmmsearch
# Version:         3.4 (Aug 2023)
# Pipeline mode:   SEARCH
# Query file:      /home/simonedassisi/velvet-1.2.10/busco_downloads/lineages/archaea_odb12/hmms/11138at2157.hmm
# Target file:     results/BUSCO_output_velveth21/prodigal_output/predicted_genes/predicted.faa
# Option settings: hmmsearch --domtblout results/BUSCO_output_velveth21/auto_lineage/run_archaea_odb12/hmmer_output/11138at2157.out --cpu 1 /home/simonedassisi/velvet-1.2.10/busco_downloads/lineages/archaea_odb12/hmms/11138at2157.hmm results/BUSCO_output_velveth21/prodigal_output/predicted_genes/predicted.faa 
# Current dir:     /home/simonedassisi/velvet-1.2.10
# Date:            Wed Apr  2 19:18:16 2025
# [ok]
