#                                                                                                           --- full sequence --- -------------- this domain -------------   hmm coord   ali coord   env coord
# target name                                       accession   tlen query name           accession   qlen   E-value  score  bias   #  of  c-Evalue  i-Evalue  score  bias  from    to  from    to  from    to  acc description of target
#                               ------------------- ---------- ----- -------------------- ---------- ----- --------- ------ ----- --- --- --------- --------- ------ ----- ----- ----- ----- ----- ----- ----- ---- ---------------------
NODE_926_length_95421_cov_71.123581:87944-89416|+   -            491 147673               -            329   1.1e-28   98.5   0.0   1   2   1.4e-17   8.5e-15   52.8   0.0   162   315     3   159     1   171 0.89 NODE_926_length_95421_cov_71.123581_77 # 87944 # 89416 # 1 # ID=386_77;partial=00;start_type=ATG;rbs_motif=GGAG/GAGG;rbs_spacer=5-10bp;gc_cont=0.520
NODE_926_length_95421_cov_71.123581:87944-89416|+   -            491 147673               -            329   1.1e-28   98.5   0.0   2   2   9.4e-15   5.5e-12   43.6   0.0   165   323   206   377   197   381 0.86 NODE_926_length_95421_cov_71.123581_77 # 87944 # 89416 # 1 # ID=386_77;partial=00;start_type=ATG;rbs_motif=GGAG/GAGG;rbs_spacer=5-10bp;gc_cont=0.520
NODE_2145_length_112275_cov_77.552353:70717-71889|+ -            391 147673               -            329   1.4e-18   65.3   0.0   1   1   5.2e-21   3.1e-18   64.1   0.0   168   319   166   333   160   343 0.80 NODE_2145_length_112275_cov_77.552353_70 # 70717 # 71889 # 1 # ID=1072_70;partial=00;start_type=ATG;rbs_motif=GGAG/GAGG;rbs_spacer=5-10bp;gc_cont=0.533
NODE_989_length_51512_cov_75.450089:2-1321|-        -            440 147673               -            329   3.1e-18   64.1   0.0   1   1   8.8e-21   5.2e-18   63.4   0.0   136   320   192   378   187   384 0.83 NODE_989_length_51512_cov_75.450089_1 # 2 # 1321 # -1 # ID=419_1;partial=10;start_type=ATG;rbs_motif=AGGA;rbs_spacer=5-10bp;gc_cont=0.567
NODE_926_length_95421_cov_71.123581:22527-23432|+   -            302 147673               -            329     8e-15   52.9   0.1   1   1   1.9e-17   1.1e-14   52.4   0.1   164   322    11   177     3   183 0.85 NODE_926_length_95421_cov_71.123581_22 # 22527 # 23432 # 1 # ID=386_22;partial=00;start_type=ATG;rbs_motif=GGAG/GAGG;rbs_spacer=5-10bp;gc_cont=0.523
NODE_1570_length_36954_cov_78.025352:25627-26907|+  -            427 147673               -            329   2.7e-12   44.6   0.3   1   1   1.3e-14   7.5e-12   43.1   0.3   135   324   172   367   165   371 0.84 NODE_1570_length_36954_cov_78.025352_25 # 25627 # 26907 # 1 # ID=708_25;partial=00;start_type=TTG;rbs_motif=GGAG/GAGG;rbs_spacer=5-10bp;gc_cont=0.538
NODE_482_length_21709_cov_69.527618:20585-21676|+   -            364 147673               -            329   5.6e-08   30.4   0.1   1   2   2.4e-10   1.4e-07   29.1   0.0   166   201     7    42     4    51 0.89 NODE_482_length_21709_cov_69.527618_23 # 20585 # 21676 # 1 # ID=196_23;partial=00;start_type=ATG;rbs_motif=GGA/GAG/AGG;rbs_spacer=11-12bp;gc_cont=0.510
NODE_482_length_21709_cov_69.527618:20585-21676|+   -            364 147673               -            329   5.6e-08   30.4   0.1   2   2       1.2   7.1e+02   -2.8   0.0    80    94   135   149    63   170 0.64 NODE_482_length_21709_cov_69.527618_23 # 20585 # 21676 # 1 # ID=196_23;partial=00;start_type=ATG;rbs_motif=GGA/GAG/AGG;rbs_spacer=11-12bp;gc_cont=0.510
NODE_1434_length_95894_cov_75.275742:16477-18798|+  -            774 147673               -            329   2.6e-07   28.2   0.0   1   1   8.6e-10   5.1e-07   27.3   0.0   162   292     4   131     1   158 0.81 NODE_1434_length_95894_cov_75.275742_14 # 16477 # 18798 # 1 # ID=631_14;partial=00;start_type=ATG;rbs_motif=None;rbs_spacer=None;gc_cont=0.548
NODE_1608_length_6412_cov_72.405022:2498-3382|-     -            295 147673               -            329   5.6e-05   20.6   0.0   1   2   2.9e-07   0.00017   19.0   0.0   131   225     6   103     4   106 0.86 NODE_1608_length_6412_cov_72.405022_6 # 2498 # 3382 # -1 # ID=729_6;partial=00;start_type=ATG;rbs_motif=AGGA;rbs_spacer=5-10bp;gc_cont=0.536
NODE_1608_length_6412_cov_72.405022:2498-3382|-     -            295 147673               -            329   5.6e-05   20.6   0.0   2   2      0.54   3.1e+02   -1.6   0.1   106   129   229   252   224   263 0.83 NODE_1608_length_6412_cov_72.405022_6 # 2498 # 3382 # -1 # ID=729_6;partial=00;start_type=ATG;rbs_motif=AGGA;rbs_spacer=5-10bp;gc_cont=0.536
NODE_1024_length_7788_cov_69.617615:2479-3894|-     -            472 147673               -            329     0.014   12.7   0.0   1   1   4.1e-05     0.024   11.9   0.0   107   180   170   243   130   251 0.85 NODE_1024_length_7788_cov_69.617615_3 # 2479 # 3894 # -1 # ID=431_3;partial=00;start_type=ATG;rbs_motif=None;rbs_spacer=None;gc_cont=0.538
#
# Program:         hmmsearch
# Version:         3.4 (Aug 2023)
# Pipeline mode:   SEARCH
# Query file:      /home/simonedassisi/velvet-1.2.10/busco_downloads/lineages/archaea_odb12/hmms/147673at2157.hmm
# Target file:     results/BUSCO_output_velveth21/prodigal_output/predicted_genes/predicted.faa
# Option settings: hmmsearch --domtblout results/BUSCO_output_velveth21/auto_lineage/run_archaea_odb12/hmmer_output/147673at2157.out --cpu 1 /home/simonedassisi/velvet-1.2.10/busco_downloads/lineages/archaea_odb12/hmms/147673at2157.hmm results/BUSCO_output_velveth21/prodigal_output/predicted_genes/predicted.faa 
# Current dir:     /home/simonedassisi/velvet-1.2.10
# Date:            Wed Apr  2 19:18:16 2025
# [ok]
