#                                                                                                          --- full sequence --- -------------- this domain -------------   hmm coord   ali coord   env coord
# target name                                      accession   tlen query name           accession   qlen   E-value  score  bias   #  of  c-Evalue  i-Evalue  score  bias  from    to  from    to  from    to  acc description of target
#                              ------------------- ---------- ----- -------------------- ---------- ----- --------- ------ ----- --- --- --------- --------- ------ ----- ----- ----- ----- ----- ----- ----- ---- ---------------------
NODE_679_length_36641_cov_70.533279:14520-15452|+  -            311 27149                -            189   3.5e-15   54.3   0.0   1   2       3.5   9.7e+02   -2.6   0.0    99   135    53    85    40    88 0.62 NODE_679_length_36641_cov_70.533279_15 # 14520 # 15452 # 1 # ID=288_15;partial=00;start_type=GTG;rbs_motif=GGAGG;rbs_spacer=5-10bp;gc_cont=0.527
NODE_679_length_36641_cov_70.533279:14520-15452|+  -            311 27149                -            189   3.5e-15   54.3   0.0   2   2   3.7e-17     1e-14   52.8   0.0    32   145   131   259   126   266 0.83 NODE_679_length_36641_cov_70.533279_15 # 14520 # 15452 # 1 # ID=288_15;partial=00;start_type=GTG;rbs_motif=GGAGG;rbs_spacer=5-10bp;gc_cont=0.527
NODE_482_length_21709_cov_69.527618:11470-12303|-  -            278 27149                -            189   2.8e-14   51.4   0.0   1   1   1.7e-16   4.8e-14   50.6   0.0    17   146    91   236    84   270 0.78 NODE_482_length_21709_cov_69.527618_14 # 11470 # 12303 # -1 # ID=196_14;partial=00;start_type=ATG;rbs_motif=AGxAGG/AGGxGG;rbs_spacer=3-4bp;gc_cont=0.558
NODE_2129_length_51924_cov_72.758377:2969-4042|-   -            358 27149                -            189   5.3e-11   40.7   0.0   1   1   3.6e-13   9.9e-11   39.8   0.0    21   100   185   271   183   316 0.83 NODE_2129_length_51924_cov_72.758377_5 # 2969 # 4042 # -1 # ID=1066_5;partial=00;start_type=ATG;rbs_motif=AGGAG;rbs_spacer=5-10bp;gc_cont=0.558
NODE_2145_length_112275_cov_77.552353:1-711|-      -            237 27149                -            189   4.9e-08   31.0   0.0   1   1   3.3e-10   9.2e-08   30.1   0.0    33    80   158   207   144   231 0.79 NODE_2145_length_112275_cov_77.552353_1 # 1 # 711 # -1 # ID=1072_1;partial=10;start_type=ATG;rbs_motif=GGA/GAG/AGG;rbs_spacer=5-10bp;gc_cont=0.550
NODE_926_length_95421_cov_71.123581:13149-13886|+  -            246 27149                -            189   5.4e-08   30.9   0.1   1   1   6.3e-10   1.8e-07   29.2   0.1    33   100    44   125    31   140 0.76 NODE_926_length_95421_cov_71.123581_13 # 13149 # 13886 # 1 # ID=386_13;partial=00;start_type=ATG;rbs_motif=GGA/GAG/AGG;rbs_spacer=5-10bp;gc_cont=0.535
NODE_299_length_31306_cov_74.835876:17472-18608|-  -            379 27149                -            189   1.5e-07   29.5   0.3   1   2       6.1   1.7e+03   -3.4   0.0    49    76   123   148   120   159 0.66 NODE_299_length_31306_cov_74.835876_15 # 17472 # 18608 # -1 # ID=91_15;partial=00;start_type=ATG;rbs_motif=AGGAGG;rbs_spacer=3-4bp;gc_cont=0.541
NODE_299_length_31306_cov_74.835876:17472-18608|-  -            379 27149                -            189   1.5e-07   29.5   0.3   2   2   6.8e-09   1.9e-06   25.8   0.1    26   100   223   308   218   366 0.81 NODE_299_length_31306_cov_74.835876_15 # 17472 # 18608 # -1 # ID=91_15;partial=00;start_type=ATG;rbs_motif=AGGAGG;rbs_spacer=3-4bp;gc_cont=0.541
NODE_2564_length_6264_cov_81.867500:2615-3706|+    -            364 27149                -            189   5.9e-07   27.5   0.0   1   2   6.9e-09   1.9e-06   25.8   0.0    73   147    18    90    12   109 0.84 NODE_2564_length_6264_cov_81.867500_5 # 2615 # 3706 # 1 # ID=1356_5;partial=00;start_type=GTG;rbs_motif=None;rbs_spacer=None;gc_cont=0.481
NODE_2564_length_6264_cov_81.867500:2615-3706|+    -            364 27149                -            189   5.9e-07   27.5   0.0   2   2         2   5.7e+02   -1.8   0.0    32    72   311   352   298   361 0.63 NODE_2564_length_6264_cov_81.867500_5 # 2615 # 3706 # 1 # ID=1356_5;partial=00;start_type=GTG;rbs_motif=None;rbs_spacer=None;gc_cont=0.481
NODE_1999_length_25587_cov_66.390984:15953-16708|+ -            252 27149                -            189   2.5e-05   22.2   0.0   1   1   1.5e-07   4.3e-05   21.4   0.0    23    75    34    85    23   112 0.79 NODE_1999_length_25587_cov_66.390984_16 # 15953 # 16708 # 1 # ID=982_16;partial=00;start_type=ATG;rbs_motif=GGAGG;rbs_spacer=5-10bp;gc_cont=0.561
NODE_718_length_90501_cov_69.003258:89058-89867|+  -            270 27149                -            189   4.2e-05   21.5   0.0   1   1     2e-07   5.6e-05   21.0   0.0     7    95    59   153    53   164 0.73 NODE_718_length_90501_cov_69.003258_90 # 89058 # 89867 # 1 # ID=299_90;partial=00;start_type=ATG;rbs_motif=GGAG/GAGG;rbs_spacer=5-10bp;gc_cont=0.514
NODE_644_length_31137_cov_72.486465:3913-4635|-    -            241 27149                -            189   6.1e-05   20.9   0.1   1   1   3.4e-07   9.5e-05   20.3   0.1    34    76    57   100    48   126 0.84 NODE_644_length_31137_cov_72.486465_3 # 3913 # 4635 # -1 # ID=277_3;partial=00;start_type=ATG;rbs_motif=AGGA/GGAG/GAGG;rbs_spacer=11-12bp;gc_cont=0.539
NODE_434_length_79075_cov_70.223480:29068-30216|-  -            383 27149                -            189   0.00012   20.0   0.0   1   1     7e-07    0.0002   19.3   0.0    26    73   161   209   156   234 0.70 NODE_434_length_79075_cov_70.223480_28 # 29068 # 30216 # -1 # ID=160_28;partial=00;start_type=ATG;rbs_motif=GGAG/GAGG;rbs_spacer=5-10bp;gc_cont=0.480
NODE_2185_length_35330_cov_74.210983:26526-27152|- -            209 27149                -            189   0.00017   19.5   0.0   1   1     1e-06   0.00029   18.7   0.0    20    58    67   100    53   105 0.74 NODE_2185_length_35330_cov_74.210983_29 # 26526 # 27152 # -1 # ID=1088_29;partial=00;start_type=ATG;rbs_motif=GGAG/GAGG;rbs_spacer=5-10bp;gc_cont=0.534
NODE_895_length_14892_cov_65.747314:3015-3785|+    -            257 27149                -            189   0.00018   19.4   0.1   1   2     3e-06   0.00085   17.2   0.0    27    70    40    82    24   117 0.75 NODE_895_length_14892_cov_65.747314_5 # 3015 # 3785 # 1 # ID=378_5;partial=00;start_type=ATG;rbs_motif=AGGA;rbs_spacer=5-10bp;gc_cont=0.490
NODE_895_length_14892_cov_65.747314:3015-3785|+    -            257 27149                -            189   0.00018   19.4   0.1   2   2       1.1   3.1e+02   -1.0   0.0   131   146   130   145   126   149 0.88 NODE_895_length_14892_cov_65.747314_5 # 3015 # 3785 # 1 # ID=378_5;partial=00;start_type=ATG;rbs_motif=AGGA;rbs_spacer=5-10bp;gc_cont=0.490
NODE_888_length_35781_cov_80.233421:24274-25536|+  -            421 27149                -            189   0.00027   18.8   0.0   1   1     2e-06   0.00056   17.8   0.0    48    87    20    59     9    63 0.88 NODE_888_length_35781_cov_80.233421_22 # 24274 # 25536 # 1 # ID=375_22;partial=00;start_type=ATG;rbs_motif=GGA/GAG/AGG;rbs_spacer=5-10bp;gc_cont=0.539
NODE_1000_length_5513_cov_67.474876:3573-4229|+    -            219 27149                -            189    0.0025   15.7   0.0   1   1   1.5e-05    0.0043   14.9   0.0    23    73    41    89    39   106 0.86 NODE_1000_length_5513_cov_67.474876_4 # 3573 # 4229 # 1 # ID=424_4;partial=00;start_type=ATG;rbs_motif=None;rbs_spacer=None;gc_cont=0.409
NODE_718_length_90501_cov_69.003258:41707-42678|-  -            324 27149                -            189     0.012   13.5   0.0   1   1   6.7e-05     0.019   12.8   0.0    33    67   122   156   114   170 0.83 NODE_718_length_90501_cov_69.003258_40 # 41707 # 42678 # -1 # ID=299_40;partial=00;start_type=ATG;rbs_motif=GGAG/GAGG;rbs_spacer=5-10bp;gc_cont=0.522
NODE_1934_length_22848_cov_83.549324:19390-20136|- -            249 27149                -            189     0.017   13.0   0.0   1   1   8.8e-05     0.024   12.4   0.0    28    72    32    75    22   109 0.78 NODE_1934_length_22848_cov_83.549324_19 # 19390 # 20136 # -1 # ID=928_19;partial=00;start_type=ATG;rbs_motif=AGGA;rbs_spacer=5-10bp;gc_cont=0.590
NODE_2515_length_4131_cov_131.239899:314-997|-     -            228 27149                -            189     0.025   12.4   0.0   1   1   0.00017     0.049   11.5   0.0    79   147     9    71     4    96 0.75 NODE_2515_length_4131_cov_131.239899_3 # 314 # 997 # -1 # ID=1311_3;partial=00;start_type=ATG;rbs_motif=AGGAG;rbs_spacer=5-10bp;gc_cont=0.575
NODE_2159_length_50550_cov_71.258598:23982-24767|- -            262 27149                -            189      0.04   11.7   0.0   1   1   0.00031     0.087   10.6   0.0    34    85    45    97    35   119 0.76 NODE_2159_length_50550_cov_71.258598_18 # 23982 # 24767 # -1 # ID=1079_18;partial=00;start_type=ATG;rbs_motif=GGAG/GAGG;rbs_spacer=5-10bp;gc_cont=0.517
#
# Program:         hmmsearch
# Version:         3.4 (Aug 2023)
# Pipeline mode:   SEARCH
# Query file:      /home/simonedassisi/velvet-1.2.10/busco_downloads/lineages/archaea_odb12/hmms/27149at2157.hmm
# Target file:     results/BUSCO_output_velveth21/prodigal_output/predicted_genes/predicted.faa
# Option settings: hmmsearch --domtblout results/BUSCO_output_velveth21/auto_lineage/run_archaea_odb12/hmmer_output/27149at2157.out --cpu 1 /home/simonedassisi/velvet-1.2.10/busco_downloads/lineages/archaea_odb12/hmms/27149at2157.hmm results/BUSCO_output_velveth21/prodigal_output/predicted_genes/predicted.faa 
# Current dir:     /home/simonedassisi/velvet-1.2.10
# Date:            Wed Apr  2 19:18:16 2025
# [ok]
