#                                                                                                           --- full sequence --- -------------- this domain -------------   hmm coord   ali coord   env coord
# target name                                       accession   tlen query name           accession   qlen   E-value  score  bias   #  of  c-Evalue  i-Evalue  score  bias  from    to  from    to  from    to  acc description of target
#                               ------------------- ---------- ----- -------------------- ---------- ----- --------- ------ ----- --- --- --------- --------- ------ ----- ----- ----- ----- ----- ----- ----- ---- ---------------------
NODE_2145_length_112275_cov_77.552353:86456-89128|+ -            891 30957                -            582   5.9e-56  188.5  21.5   1   2   3.3e-41   1.5e-38  131.1   4.6     4   131   390   502   387   512 0.94 NODE_2145_length_112275_cov_77.552353_83 # 86456 # 89128 # 1 # ID=1072_83;partial=00;start_type=ATG;rbs_motif=AGGA;rbs_spacer=5-10bp;gc_cont=0.535
NODE_2145_length_112275_cov_77.552353:86456-89128|+ -            891 30957                -            582   5.9e-56  188.5  21.5   2   2   2.5e-19   1.1e-16   58.8   8.9   191   525   530   867   523   879 0.77 NODE_2145_length_112275_cov_77.552353_83 # 86456 # 89128 # 1 # ID=1072_83;partial=00;start_type=ATG;rbs_motif=AGGA;rbs_spacer=5-10bp;gc_cont=0.535
NODE_230_length_8375_cov_67.677017:4327-6171|-      -            615 30957                -            582   3.4e-20   70.4   0.3   1   2     1e-15   4.4e-13   47.0   0.8     7   139     2   124     1   136 0.80 NODE_230_length_8375_cov_67.677017_5 # 4327 # 6171 # -1 # ID=59_5;partial=00;start_type=ATG;rbs_motif=AGGA/GGAG/GAGG;rbs_spacer=11-12bp;gc_cont=0.567
NODE_230_length_8375_cov_67.677017:4327-6171|-      -            615 30957                -            582   3.4e-20   70.4   0.3   2   2   7.1e-07   0.00031   17.7   0.0   473   556   191   274   169   289 0.85 NODE_230_length_8375_cov_67.677017_5 # 4327 # 6171 # -1 # ID=59_5;partial=00;start_type=ATG;rbs_motif=AGGA/GGAG/GAGG;rbs_spacer=11-12bp;gc_cont=0.567
NODE_926_length_95421_cov_71.123581:18789-20588|+   -            600 30957                -            582   7.3e-11   39.6   0.2   1   2   1.4e-11   6.3e-09   33.3   0.0     9   130     8   134     3   142 0.79 NODE_926_length_95421_cov_71.123581_19 # 18789 # 20588 # 1 # ID=386_19;partial=00;start_type=ATG;rbs_motif=None;rbs_spacer=None;gc_cont=0.537
NODE_926_length_95421_cov_71.123581:18789-20588|+   -            600 30957                -            582   7.3e-11   39.6   0.2   2   2     0.014       6.4    3.5   0.0   194   283   161   246   154   262 0.74 NODE_926_length_95421_cov_71.123581_19 # 18789 # 20588 # 1 # ID=386_19;partial=00;start_type=ATG;rbs_motif=None;rbs_spacer=None;gc_cont=0.537
NODE_851_length_22678_cov_82.051857:17530-19353|+   -            608 30957                -            582     1e-09   35.9   0.2   1   2   2.3e-12     1e-09   35.9   0.2     8   131     8   132     3   156 0.81 NODE_851_length_22678_cov_82.051857_18 # 17530 # 19353 # 1 # ID=363_18;partial=00;start_type=GTG;rbs_motif=GGAG/GAGG;rbs_spacer=5-10bp;gc_cont=0.533
NODE_851_length_22678_cov_82.051857:17530-19353|+   -            608 30957                -            582     1e-09   35.9   0.2   2   2      0.83   3.6e+02   -2.3   0.4   473   521   220   276   216   282 0.68 NODE_851_length_22678_cov_82.051857_18 # 17530 # 19353 # 1 # ID=363_18;partial=00;start_type=GTG;rbs_motif=GGAG/GAGG;rbs_spacer=5-10bp;gc_cont=0.533
NODE_1443_length_1047_cov_173.915955:3-1067|-       -            355 30957                -            582   5.3e-09   33.5   0.0   1   2   1.2e-11   5.3e-09   33.5   0.0    71   133    46   109    27   119 0.92 NODE_1443_length_1047_cov_173.915955_1 # 3 # 1067 # -1 # ID=635_1;partial=11;start_type=Edge;rbs_motif=None;rbs_spacer=None;gc_cont=0.540
NODE_1443_length_1047_cov_173.915955:3-1067|-       -            355 30957                -            582   5.3e-09   33.5   0.0   2   2      0.62   2.7e+02   -1.9   0.6   473   525   194   248   181   263 0.69 NODE_1443_length_1047_cov_173.915955_1 # 3 # 1067 # -1 # ID=635_1;partial=11;start_type=Edge;rbs_motif=None;rbs_spacer=None;gc_cont=0.540
NODE_2129_length_51924_cov_72.758377:5729-7345|+    -            539 30957                -            582   7.2e-09   33.1   0.1   1   1   2.5e-11   1.1e-08   32.5   0.1     8   131    25   155    19   159 0.85 NODE_2129_length_51924_cov_72.758377_9 # 5729 # 7345 # 1 # ID=1066_9;partial=00;start_type=ATG;rbs_motif=None;rbs_spacer=None;gc_cont=0.533
NODE_2185_length_35330_cov_74.210983:31625-33052|-  -            476 30957                -            582   1.5e-08   32.0   0.0   1   1   5.1e-11   2.3e-08   31.4   0.0    69   137   109   178    99   203 0.83 NODE_2185_length_35330_cov_74.210983_37 # 31625 # 33052 # -1 # ID=1088_37;partial=00;start_type=ATG;rbs_motif=GGA/GAG/AGG;rbs_spacer=11-12bp;gc_cont=0.543
NODE_1441_length_52686_cov_76.197510:190-2304|-     -            705 30957                -            582     3e-07   27.7   0.1   1   2   3.4e-08   1.5e-05   22.1   0.1    41   132    58   147     8   161 0.68 NODE_1441_length_52686_cov_76.197510_2 # 190 # 2304 # -1 # ID=633_2;partial=00;start_type=ATG;rbs_motif=GGAG/GAGG;rbs_spacer=5-10bp;gc_cont=0.509
NODE_1441_length_52686_cov_76.197510:190-2304|-     -            705 30957                -            582     3e-07   27.7   0.1   2   2     0.018       8.1    3.2   0.0   477   530   337   395   324   406 0.76 NODE_1441_length_52686_cov_76.197510_2 # 190 # 2304 # -1 # ID=633_2;partial=00;start_type=ATG;rbs_motif=GGAG/GAGG;rbs_spacer=5-10bp;gc_cont=0.509
NODE_1441_length_52686_cov_76.197510:3-119|-        -             39 30957                -            582    0.0045   13.9   0.3   1   1     1e-05    0.0045   13.9   0.3     7    25    12    32     7    39 0.74 NODE_1441_length_52686_cov_76.197510_1 # 3 # 119 # -1 # ID=633_1;partial=10;start_type=GTG;rbs_motif=AGGA;rbs_spacer=5-10bp;gc_cont=0.487
NODE_1442_length_506_cov_72.915016:3-119|-          -             39 30957                -            582    0.0045   13.9   0.3   1   1     1e-05    0.0045   13.9   0.3     7    25    12    32     7    39 0.74 NODE_1442_length_506_cov_72.915016_1 # 3 # 119 # -1 # ID=634_1;partial=10;start_type=ATG;rbs_motif=GGAG/GAGG;rbs_spacer=5-10bp;gc_cont=0.479
NODE_926_length_95421_cov_71.123581:22527-23432|+   -            302 30957                -            582     0.006   13.5   0.4   1   2   6.8e-05      0.03   11.2   0.1    71   134    60   131     8   148 0.68 NODE_926_length_95421_cov_71.123581_22 # 22527 # 23432 # 1 # ID=386_22;partial=00;start_type=ATG;rbs_motif=GGAG/GAGG;rbs_spacer=5-10bp;gc_cont=0.523
NODE_926_length_95421_cov_71.123581:22527-23432|+   -            302 30957                -            582     0.006   13.5   0.4   2   2      0.23     1e+02   -0.5   0.0   189   206   149   166   133   170 0.83 NODE_926_length_95421_cov_71.123581_22 # 22527 # 23432 # 1 # ID=386_22;partial=00;start_type=ATG;rbs_motif=GGAG/GAGG;rbs_spacer=5-10bp;gc_cont=0.523
NODE_926_length_95421_cov_71.123581:87944-89416|+   -            491 30957                -            582    0.0068   13.3   0.9   1   2    0.0046         2    5.2   0.1    91   131    82   122    78   130 0.90 NODE_926_length_95421_cov_71.123581_77 # 87944 # 89416 # 1 # ID=386_77;partial=00;start_type=ATG;rbs_motif=GGAG/GAGG;rbs_spacer=5-10bp;gc_cont=0.520
NODE_926_length_95421_cov_71.123581:87944-89416|+   -            491 30957                -            582    0.0068   13.3   0.9   2   2    0.0024       1.1    6.1   0.1    91   133   285   327   273   340 0.88 NODE_926_length_95421_cov_71.123581_77 # 87944 # 89416 # 1 # ID=386_77;partial=00;start_type=ATG;rbs_motif=GGAG/GAGG;rbs_spacer=5-10bp;gc_cont=0.520
#
# Program:         hmmsearch
# Version:         3.4 (Aug 2023)
# Pipeline mode:   SEARCH
# Query file:      /home/simonedassisi/velvet-1.2.10/busco_downloads/lineages/archaea_odb12/hmms/30957at2157.hmm
# Target file:     results/BUSCO_output_velveth21/prodigal_output/predicted_genes/predicted.faa
# Option settings: hmmsearch --domtblout results/BUSCO_output_velveth21/auto_lineage/run_archaea_odb12/hmmer_output/30957at2157.out --cpu 1 /home/simonedassisi/velvet-1.2.10/busco_downloads/lineages/archaea_odb12/hmms/30957at2157.hmm results/BUSCO_output_velveth21/prodigal_output/predicted_genes/predicted.faa 
# Current dir:     /home/simonedassisi/velvet-1.2.10
# Date:            Wed Apr  2 19:18:17 2025
# [ok]
