#                                                                                                          --- full sequence --- -------------- this domain -------------   hmm coord   ali coord   env coord
# target name                                      accession   tlen query name           accession   qlen   E-value  score  bias   #  of  c-Evalue  i-Evalue  score  bias  from    to  from    to  from    to  acc description of target
#                              ------------------- ---------- ----- -------------------- ---------- ----- --------- ------ ----- --- --- --------- --------- ------ ----- ----- ----- ----- ----- ----- ----- ---- ---------------------
NODE_739_length_21936_cov_71.932304:20029-20565|-  -            179 31424                -            283   1.9e-06   25.4   0.0   1   1   3.8e-09   2.5e-06   25.0   0.0   122   189    10    78     6    96 0.82 NODE_739_length_21936_cov_71.932304_20 # 20029 # 20565 # -1 # ID=309_20;partial=00;start_type=ATG;rbs_motif=GGAGG;rbs_spacer=5-10bp;gc_cont=0.501
NODE_1144_length_51838_cov_69.979935:48698-48964|+ -             89 31424                -            283   0.00046   17.6   0.0   1   1   7.3e-07   0.00048   17.5   0.0   123   168    16    62    14    86 0.83 NODE_1144_length_51838_cov_69.979935_47 # 48698 # 48964 # 1 # ID=484_47;partial=00;start_type=ATG;rbs_motif=GGA/GAG/AGG;rbs_spacer=5-10bp;gc_cont=0.438
NODE_625_length_50664_cov_72.003532:40113-40508|-  -            132 31424                -            283    0.0018   15.7   0.1   1   1   3.3e-06    0.0022   15.4   0.1   131   180    41    91    33   124 0.79 NODE_625_length_50664_cov_72.003532_37 # 40113 # 40508 # -1 # ID=266_37;partial=00;start_type=ATG;rbs_motif=None;rbs_spacer=None;gc_cont=0.437
NODE_2541_length_10961_cov_78.651581:5206-5556|-   -            117 31424                -            283    0.0037   14.6   0.2   1   1   6.3e-06    0.0041   14.5   0.2   121   153     6    38     2    98 0.85 NODE_2541_length_10961_cov_78.651581_8 # 5206 # 5556 # -1 # ID=1335_8;partial=00;start_type=ATG;rbs_motif=AGGAG;rbs_spacer=5-10bp;gc_cont=0.396
NODE_2132_length_53289_cov_67.616959:43280-43837|+ -            186 31424                -            283     0.011   13.1   0.0   1   1   1.7e-05     0.011   13.1   0.0   121   177     9    66     8   148 0.83 NODE_2132_length_53289_cov_67.616959_43 # 43280 # 43837 # 1 # ID=1067_43;partial=00;start_type=ATG;rbs_motif=AGGA;rbs_spacer=5-10bp;gc_cont=0.511
NODE_1655_length_2620_cov_116.540459:2133-2384|-   -             84 31424                -            283     0.015   12.6   0.0   1   1   2.3e-05     0.015   12.6   0.0   121   162     3    44     1    79 0.90 NODE_1655_length_2620_cov_116.540459_5 # 2133 # 2384 # -1 # ID=752_5;partial=00;start_type=ATG;rbs_motif=GGA/GAG/AGG;rbs_spacer=5-10bp;gc_cont=0.560
NODE_286_length_41180_cov_81.233269:31054-31479|+  -            142 31424                -            283     0.021   12.1   0.5   1   2     5e-05     0.033   11.5   0.1   135   162     4    31     2    34 0.90 NODE_286_length_41180_cov_81.233269_47 # 31054 # 31479 # 1 # ID=82_47;partial=00;start_type=ATG;rbs_motif=GGAG/GAGG;rbs_spacer=5-10bp;gc_cont=0.498
NODE_286_length_41180_cov_81.233269:31054-31479|+  -            142 31424                -            283     0.021   12.1   0.5   2   2       1.8   1.2e+03   -3.4   0.0   228   249    86   107    78   109 0.65 NODE_286_length_41180_cov_81.233269_47 # 31054 # 31479 # 1 # ID=82_47;partial=00;start_type=ATG;rbs_motif=GGAG/GAGG;rbs_spacer=5-10bp;gc_cont=0.498
NODE_819_length_1616_cov_238.934402:87-1109|+      -            341 31424                -            283     0.027   11.8   0.1   1   1   6.5e-05     0.043   11.1   0.1   130   152    15    37    11    42 0.91 NODE_819_length_1616_cov_238.934402_1 # 87 # 1109 # 1 # ID=356_1;partial=00;start_type=ATG;rbs_motif=AGGAG;rbs_spacer=5-10bp;gc_cont=0.529
#
# Program:         hmmsearch
# Version:         3.4 (Aug 2023)
# Pipeline mode:   SEARCH
# Query file:      /home/simonedassisi/velvet-1.2.10/busco_downloads/lineages/archaea_odb12/hmms/31424at2157.hmm
# Target file:     results/BUSCO_output_velveth21/prodigal_output/predicted_genes/predicted.faa
# Option settings: hmmsearch --domtblout results/BUSCO_output_velveth21/auto_lineage/run_archaea_odb12/hmmer_output/31424at2157.out --cpu 1 /home/simonedassisi/velvet-1.2.10/busco_downloads/lineages/archaea_odb12/hmms/31424at2157.hmm results/BUSCO_output_velveth21/prodigal_output/predicted_genes/predicted.faa 
# Current dir:     /home/simonedassisi/velvet-1.2.10
# Date:            Wed Apr  2 19:18:17 2025
# [ok]
