#                                                                                                         --- full sequence --- -------------- this domain -------------   hmm coord   ali coord   env coord
# target name                                     accession   tlen query name           accession   qlen   E-value  score  bias   #  of  c-Evalue  i-Evalue  score  bias  from    to  from    to  from    to  acc description of target
#                             ------------------- ---------- ----- -------------------- ---------- ----- --------- ------ ----- --- --- --------- --------- ------ ----- ----- ----- ----- ----- ----- ----- ---- ---------------------
NODE_1170_length_26855_cov_70.355133:7936-9969|-  -            678 371856               -            461  1.9e-116  387.7   0.2   1   2   4.4e-51   3.9e-48  162.5   0.0     1   143     7   150     7   161 0.95 NODE_1170_length_26855_cov_70.355133_5 # 7936 # 9969 # -1 # ID=497_5;partial=00;start_type=ATG;rbs_motif=AGxAG;rbs_spacer=11-12bp;gc_cont=0.530
NODE_1170_length_26855_cov_70.355133:7936-9969|-  -            678 371856               -            461  1.9e-116  387.7   0.2   2   2   1.5e-69   1.3e-66  223.4   0.0   138   444   172   511   168   527 0.86 NODE_1170_length_26855_cov_70.355133_5 # 7936 # 9969 # -1 # ID=497_5;partial=00;start_type=ATG;rbs_motif=AGxAG;rbs_spacer=11-12bp;gc_cont=0.530
NODE_1062_length_63423_cov_73.241127:6840-9425|-  -            862 371856               -            461     2e-33  114.0   0.2   1   3   1.3e-29   1.2e-26   91.7   0.0     5   189    38   225    34   234 0.93 NODE_1062_length_63423_cov_73.241127_9 # 6840 # 9425 # -1 # ID=442_9;partial=00;start_type=ATG;rbs_motif=AGGA/GGAG/GAGG;rbs_spacer=11-12bp;gc_cont=0.536
NODE_1062_length_63423_cov_73.241127:6840-9425|-  -            862 371856               -            461     2e-33  114.0   0.2   2   3    0.0068         6    3.7   0.0   188   207   416   435   399   439 0.88 NODE_1062_length_63423_cov_73.241127_9 # 6840 # 9425 # -1 # ID=442_9;partial=00;start_type=ATG;rbs_motif=AGGA/GGAG/GAGG;rbs_spacer=11-12bp;gc_cont=0.536
NODE_1062_length_63423_cov_73.241127:6840-9425|-  -            862 371856               -            461     2e-33  114.0   0.2   3   3   2.7e-06    0.0024   14.8   0.0   268   444   607   781   598   787 0.75 NODE_1062_length_63423_cov_73.241127_9 # 6840 # 9425 # -1 # ID=442_9;partial=00;start_type=ATG;rbs_motif=AGGA/GGAG/GAGG;rbs_spacer=11-12bp;gc_cont=0.536
NODE_626_length_8769_cov_75.351463:2002-4818|+    -            939 371856               -            461   3.3e-16   57.3   1.1   1   4   1.8e-13   1.5e-10   38.6   0.0     7    67    56   116    50   201 0.89 NODE_626_length_8769_cov_75.351463_3 # 2002 # 4818 # 1 # ID=267_3;partial=00;start_type=ATG;rbs_motif=GGA/GAG/AGG;rbs_spacer=5-10bp;gc_cont=0.557
NODE_626_length_8769_cov_75.351463:2002-4818|+    -            939 371856               -            461   3.3e-16   57.3   1.1   2   4   8.1e-05     0.072   10.0   0.1   139   205   403   474   395   479 0.73 NODE_626_length_8769_cov_75.351463_3 # 2002 # 4818 # 1 # ID=267_3;partial=00;start_type=ATG;rbs_motif=GGA/GAG/AGG;rbs_spacer=5-10bp;gc_cont=0.557
NODE_626_length_8769_cov_75.351463:2002-4818|+    -            939 371856               -            461   3.3e-16   57.3   1.1   3   4      0.24   2.1e+02   -1.4   0.0    89   135   477   526   474   531 0.84 NODE_626_length_8769_cov_75.351463_3 # 2002 # 4818 # 1 # ID=267_3;partial=00;start_type=ATG;rbs_motif=GGA/GAG/AGG;rbs_spacer=5-10bp;gc_cont=0.557
NODE_626_length_8769_cov_75.351463:2002-4818|+    -            939 371856               -            461   3.3e-16   57.3   1.1   4   4    0.0026       2.3    5.0   0.0   265   325   584   646   525   788 0.67 NODE_626_length_8769_cov_75.351463_3 # 2002 # 4818 # 1 # ID=267_3;partial=00;start_type=ATG;rbs_motif=GGA/GAG/AGG;rbs_spacer=5-10bp;gc_cont=0.557
NODE_1792_length_20317_cov_75.392525:2401-5256|-  -            952 371856               -            461   2.1e-13   48.0   0.4   1   4   1.6e-07   0.00014   18.9   0.0     6    59    39    92    34   197 0.85 NODE_1792_length_20317_cov_75.392525_4 # 2401 # 5256 # -1 # ID=834_4;partial=00;start_type=ATG;rbs_motif=GGA/GAG/AGG;rbs_spacer=3-4bp;gc_cont=0.549
NODE_1792_length_20317_cov_75.392525:2401-5256|-  -            952 371856               -            461   2.1e-13   48.0   0.4   2   4   0.00012      0.11    9.4   0.3   177   207   406   437   378   448 0.80 NODE_1792_length_20317_cov_75.392525_4 # 2401 # 5256 # -1 # ID=834_4;partial=00;start_type=ATG;rbs_motif=GGA/GAG/AGG;rbs_spacer=3-4bp;gc_cont=0.549
NODE_1792_length_20317_cov_75.392525:2401-5256|-  -            952 371856               -            461   2.1e-13   48.0   0.4   3   4    0.0071       6.3    3.6   0.0   208   290   469   563   454   570 0.66 NODE_1792_length_20317_cov_75.392525_4 # 2401 # 5256 # -1 # ID=834_4;partial=00;start_type=ATG;rbs_motif=GGA/GAG/AGG;rbs_spacer=3-4bp;gc_cont=0.549
NODE_1792_length_20317_cov_75.392525:2401-5256|-  -            952 371856               -            461   2.1e-13   48.0   0.4   4   4   5.5e-05     0.049   10.5   0.0   300   441   611   766   604   776 0.77 NODE_1792_length_20317_cov_75.392525_4 # 2401 # 5256 # -1 # ID=834_4;partial=00;start_type=ATG;rbs_motif=GGA/GAG/AGG;rbs_spacer=3-4bp;gc_cont=0.549
NODE_89_length_10330_cov_70.405418:1948-3333|-    -            462 371856               -            461     3e-11   40.9   1.7   1   2   1.4e-09   1.2e-06   25.7   0.1    14   113    35   137    26   150 0.81 NODE_89_length_10330_cov_70.405418_4 # 1948 # 3333 # -1 # ID=14_4;partial=00;start_type=ATG;rbs_motif=GGA/GAG/AGG;rbs_spacer=5-10bp;gc_cont=0.548
NODE_89_length_10330_cov_70.405418:1948-3333|-    -            462 371856               -            461     3e-11   40.9   1.7   2   2   3.7e-06    0.0032   14.4   0.2   270   325   255   310   247   315 0.83 NODE_89_length_10330_cov_70.405418_4 # 1948 # 3333 # -1 # ID=14_4;partial=00;start_type=ATG;rbs_motif=GGA/GAG/AGG;rbs_spacer=5-10bp;gc_cont=0.548
NODE_718_length_90501_cov_69.003258:34325-36058|- -            578 371856               -            461   0.00065   16.7   0.1   1   1   1.4e-06    0.0013   15.8   0.1     2    52   115   165   114   202 0.83 NODE_718_length_90501_cov_69.003258_35 # 34325 # 36058 # -1 # ID=299_35;partial=00;start_type=GTG;rbs_motif=GGA/GAG/AGG;rbs_spacer=5-10bp;gc_cont=0.531
#
# Program:         hmmsearch
# Version:         3.4 (Aug 2023)
# Pipeline mode:   SEARCH
# Query file:      /home/simonedassisi/velvet-1.2.10/busco_downloads/lineages/archaea_odb12/hmms/371856at2157.hmm
# Target file:     results/BUSCO_output_velveth21/prodigal_output/predicted_genes/predicted.faa
# Option settings: hmmsearch --domtblout results/BUSCO_output_velveth21/auto_lineage/run_archaea_odb12/hmmer_output/371856at2157.out --cpu 1 /home/simonedassisi/velvet-1.2.10/busco_downloads/lineages/archaea_odb12/hmms/371856at2157.hmm results/BUSCO_output_velveth21/prodigal_output/predicted_genes/predicted.faa 
# Current dir:     /home/simonedassisi/velvet-1.2.10
# Date:            Wed Apr  2 19:18:17 2025
# [ok]
