#                                                                                                          --- full sequence --- -------------- this domain -------------   hmm coord   ali coord   env coord
# target name                                      accession   tlen query name           accession   qlen   E-value  score  bias   #  of  c-Evalue  i-Evalue  score  bias  from    to  from    to  from    to  acc description of target
#                              ------------------- ---------- ----- -------------------- ---------- ----- --------- ------ ----- --- --- --------- --------- ------ ----- ----- ----- ----- ----- ----- ----- ---- ---------------------
NODE_718_length_90501_cov_69.003258:34325-36058|-  -            578 372102               -            584  1.7e-113  378.4   0.1   1   1  1.8e-116  1.9e-113  378.2   0.1     8   584     6   577     1   577 0.93 NODE_718_length_90501_cov_69.003258_35 # 34325 # 36058 # -1 # ID=299_35;partial=00;start_type=GTG;rbs_motif=GGA/GAG/AGG;rbs_spacer=5-10bp;gc_cont=0.531
NODE_1062_length_63423_cov_73.241127:6840-9425|-   -            862 372102               -            584   1.1e-05   22.4   0.1   1   1   1.7e-08   1.8e-05   21.6   0.1   129   158    44    73    42    76 0.94 NODE_1062_length_63423_cov_73.241127_9 # 6840 # 9425 # -1 # ID=442_9;partial=00;start_type=ATG;rbs_motif=AGGA/GGAG/GAGG;rbs_spacer=11-12bp;gc_cont=0.536
NODE_1386_length_43660_cov_76.965599:12463-14532|- -            690 372102               -            584   0.00092   16.0   0.8   1   1   1.6e-06    0.0017   15.2   0.8   463   570   576   680   548   686 0.84 NODE_1386_length_43660_cov_76.965599_13 # 12463 # 14532 # -1 # ID=611_13;partial=00;start_type=ATG;rbs_motif=GGAG/GAGG;rbs_spacer=5-10bp;gc_cont=0.559
NODE_482_length_21709_cov_69.527618:6974-7204|-    -             77 372102               -            584     0.001   15.9   0.1   1   1   1.2e-06    0.0012   15.6   0.1   396   446    21    71    19    73 0.93 NODE_482_length_21709_cov_69.527618_8 # 6974 # 7204 # -1 # ID=196_8;partial=00;start_type=ATG;rbs_motif=AGGAG;rbs_spacer=5-10bp;gc_cont=0.459
NODE_1170_length_26855_cov_70.355133:7936-9969|-   -            678 372102               -            584     0.042   10.5   0.2   1   3    0.0072       7.6    3.1   0.0   129   159    17    47     2    49 0.86 NODE_1170_length_26855_cov_70.355133_5 # 7936 # 9969 # -1 # ID=497_5;partial=00;start_type=ATG;rbs_motif=AGxAG;rbs_spacer=11-12bp;gc_cont=0.530
NODE_1170_length_26855_cov_70.355133:7936-9969|-   -            678 372102               -            584     0.042   10.5   0.2   2   3      0.82   8.7e+02   -3.7   0.0   247   293    75   121    70   125 0.76 NODE_1170_length_26855_cov_70.355133_5 # 7936 # 9969 # -1 # ID=497_5;partial=00;start_type=ATG;rbs_motif=AGxAG;rbs_spacer=11-12bp;gc_cont=0.530
NODE_1170_length_26855_cov_70.355133:7936-9969|-   -            678 372102               -            584     0.042   10.5   0.2   3   3     0.002       2.1    4.9   0.0   359   406   309   354   280   384 0.75 NODE_1170_length_26855_cov_70.355133_5 # 7936 # 9969 # -1 # ID=497_5;partial=00;start_type=ATG;rbs_motif=AGxAG;rbs_spacer=11-12bp;gc_cont=0.530
#
# Program:         hmmsearch
# Version:         3.4 (Aug 2023)
# Pipeline mode:   SEARCH
# Query file:      /home/simonedassisi/velvet-1.2.10/busco_downloads/lineages/archaea_odb12/hmms/372102at2157.hmm
# Target file:     results/BUSCO_output_velveth21/prodigal_output/predicted_genes/predicted.faa
# Option settings: hmmsearch --domtblout results/BUSCO_output_velveth21/auto_lineage/run_archaea_odb12/hmmer_output/372102at2157.out --cpu 1 /home/simonedassisi/velvet-1.2.10/busco_downloads/lineages/archaea_odb12/hmms/372102at2157.hmm results/BUSCO_output_velveth21/prodigal_output/predicted_genes/predicted.faa 
# Current dir:     /home/simonedassisi/velvet-1.2.10
# Date:            Wed Apr  2 19:18:17 2025
# [ok]
