#                                                                                                           --- full sequence --- -------------- this domain -------------   hmm coord   ali coord   env coord
# target name                                       accession   tlen query name           accession   qlen   E-value  score  bias   #  of  c-Evalue  i-Evalue  score  bias  from    to  from    to  from    to  acc description of target
#                               ------------------- ---------- ----- -------------------- ---------- ----- --------- ------ ----- --- --- --------- --------- ------ ----- ----- ----- ----- ----- ----- ----- ---- ---------------------
NODE_1062_length_63423_cov_73.241127:28987-30411|-  -            475 372134               -            357   1.3e-70  236.4   0.0   1   2   7.1e-14   7.5e-11   39.8   0.0     2    80     4    95     3   103 0.75 NODE_1062_length_63423_cov_73.241127_29 # 28987 # 30411 # -1 # ID=442_29;partial=00;start_type=ATG;rbs_motif=GGA/GAG/AGG;rbs_spacer=5-10bp;gc_cont=0.538
NODE_1062_length_63423_cov_73.241127:28987-30411|-  -            475 372134               -            357   1.3e-70  236.4   0.0   2   2     6e-61   6.3e-58  194.7   0.0    83   357   146   438   138   438 0.89 NODE_1062_length_63423_cov_73.241127_29 # 28987 # 30411 # -1 # ID=442_29;partial=00;start_type=ATG;rbs_motif=GGA/GAG/AGG;rbs_spacer=5-10bp;gc_cont=0.538
NODE_1278_length_17409_cov_70.572289:2968-4293|-    -            442 372134               -            357   3.7e-56  188.9   0.0   1   3   1.2e-10   1.2e-07   29.2   0.0     5    85    12    98     8   102 0.79 NODE_1278_length_17409_cov_70.572289_3 # 2968 # 4293 # -1 # ID=555_3;partial=00;start_type=ATG;rbs_motif=None;rbs_spacer=None;gc_cont=0.528
NODE_1278_length_17409_cov_70.572289:2968-4293|-    -            442 372134               -            357   3.7e-56  188.9   0.0   2   3   1.1e-20   1.1e-17   62.2   0.0    79   146   135   202   127   206 0.93 NODE_1278_length_17409_cov_70.572289_3 # 2968 # 4293 # -1 # ID=555_3;partial=00;start_type=ATG;rbs_motif=None;rbs_spacer=None;gc_cont=0.528
NODE_1278_length_17409_cov_70.572289:2968-4293|-    -            442 372134               -            357   3.7e-56  188.9   0.0   3   3   3.2e-30   3.4e-27   93.6   0.0   175   323   242   391   235   439 0.88 NODE_1278_length_17409_cov_70.572289_3 # 2968 # 4293 # -1 # ID=555_3;partial=00;start_type=ATG;rbs_motif=None;rbs_spacer=None;gc_cont=0.528
NODE_2145_length_112275_cov_77.552353:48422-49351|+ -            310 372134               -            357     1e-06   26.2   0.0   1   1   1.2e-09   1.3e-06   25.9   0.0    96   265    43   212     9   225 0.81 NODE_2145_length_112275_cov_77.552353_42 # 48422 # 49351 # 1 # ID=1072_42;partial=00;start_type=ATG;rbs_motif=None;rbs_spacer=None;gc_cont=0.555
NODE_1467_length_19113_cov_76.692146:13211-15430|+  -            740 372134               -            357   2.9e-05   21.4   0.2   1   2   4.7e-07    0.0005   17.4   0.3    87   124   379   417   372   422 0.82 NODE_1467_length_19113_cov_76.692146_15 # 13211 # 15430 # 1 # ID=643_15;partial=00;start_type=ATG;rbs_motif=GGA/GAG/AGG;rbs_spacer=5-10bp;gc_cont=0.546
NODE_1467_length_19113_cov_76.692146:13211-15430|+  -            740 372134               -            357   2.9e-05   21.4   0.2   2   2     0.035        37    1.3   0.0   214   281   543   611   528   621 0.83 NODE_1467_length_19113_cov_76.692146_15 # 13211 # 15430 # 1 # ID=643_15;partial=00;start_type=ATG;rbs_motif=GGA/GAG/AGG;rbs_spacer=5-10bp;gc_cont=0.546
NODE_851_length_22678_cov_82.051857:11174-12547|+   -            458 372134               -            357   5.4e-05   20.5   0.0   1   1   8.5e-08     9e-05   19.8   0.0   190   283   164   256   148   288 0.81 NODE_851_length_22678_cov_82.051857_12 # 11174 # 12547 # 1 # ID=363_12;partial=00;start_type=ATG;rbs_motif=AGGAG;rbs_spacer=5-10bp;gc_cont=0.531
#
# Program:         hmmsearch
# Version:         3.4 (Aug 2023)
# Pipeline mode:   SEARCH
# Query file:      /home/simonedassisi/velvet-1.2.10/busco_downloads/lineages/archaea_odb12/hmms/372134at2157.hmm
# Target file:     results/BUSCO_output_velveth21/prodigal_output/predicted_genes/predicted.faa
# Option settings: hmmsearch --domtblout results/BUSCO_output_velveth21/auto_lineage/run_archaea_odb12/hmmer_output/372134at2157.out --cpu 1 /home/simonedassisi/velvet-1.2.10/busco_downloads/lineages/archaea_odb12/hmms/372134at2157.hmm results/BUSCO_output_velveth21/prodigal_output/predicted_genes/predicted.faa 
# Current dir:     /home/simonedassisi/velvet-1.2.10
# Date:            Wed Apr  2 19:18:17 2025
# [ok]
