#                                                                                                          --- full sequence --- -------------- this domain -------------   hmm coord   ali coord   env coord
# target name                                      accession   tlen query name           accession   qlen   E-value  score  bias   #  of  c-Evalue  i-Evalue  score  bias  from    to  from    to  from    to  acc description of target
#                              ------------------- ---------- ----- -------------------- ---------- ----- --------- ------ ----- --- --- --------- --------- ------ ----- ----- ----- ----- ----- ----- ----- ---- ---------------------
NODE_1434_length_95894_cov_75.275742:79646-80827|- -            394 372188               -            281   3.7e-81  270.8   4.0   1   1   1.2e-83   5.8e-81  270.1   4.0    14   280   121   389   112   390 0.95 NODE_1434_length_95894_cov_75.275742_69 # 79646 # 80827 # -1 # ID=631_69;partial=00;start_type=GTG;rbs_motif=None;rbs_spacer=None;gc_cont=0.545
NODE_152_length_14891_cov_78.964272:9149-10510|+   -            454 372188               -            281   1.1e-71  239.7   1.5   1   1   3.4e-74   1.7e-71  239.1   1.5     7   280    21   295    15   296 0.93 NODE_152_length_14891_cov_78.964272_14 # 9149 # 10510 # 1 # ID=33_14;partial=00;start_type=ATG;rbs_motif=GGA/GAG/AGG;rbs_spacer=5-10bp;gc_cont=0.546
NODE_2185_length_35330_cov_74.210983:31020-31625|- -            202 372188               -            281   0.00079   17.1   0.0   1   1   2.5e-06    0.0012   16.5   0.0    76   128    18    70     5    82 0.87 NODE_2185_length_35330_cov_74.210983_36 # 31020 # 31625 # -1 # ID=1088_36;partial=00;start_type=ATG;rbs_motif=GGA/GAG/AGG;rbs_spacer=5-10bp;gc_cont=0.517
NODE_1709_length_68036_cov_72.575531:22117-24393|- -            759 372188               -            281    0.0061   14.2   0.0   1   3      0.41     2e+02   -0.6   0.0    90   122   211   243   191   247 0.76 NODE_1709_length_68036_cov_72.575531_17 # 22117 # 24393 # -1 # ID=785_17;partial=00;start_type=ATG;rbs_motif=GGAGG;rbs_spacer=5-10bp;gc_cont=0.531
NODE_1709_length_68036_cov_72.575531:22117-24393|- -            759 372188               -            281    0.0061   14.2   0.0   2   3     0.014       6.8    4.2   0.0    82   110   483   512   424   518 0.78 NODE_1709_length_68036_cov_72.575531_17 # 22117 # 24393 # -1 # ID=785_17;partial=00;start_type=ATG;rbs_motif=GGAGG;rbs_spacer=5-10bp;gc_cont=0.531
NODE_1709_length_68036_cov_72.575531:22117-24393|- -            759 372188               -            281    0.0061   14.2   0.0   3   3    0.0059       2.8    5.4   0.0    11    69   660   718   652   727 0.90 NODE_1709_length_68036_cov_72.575531_17 # 22117 # 24393 # -1 # ID=785_17;partial=00;start_type=ATG;rbs_motif=GGAGG;rbs_spacer=5-10bp;gc_cont=0.531
NODE_1792_length_20317_cov_75.392525:10083-11585|- -            501 372188               -            281    0.0064   14.1   0.8   1   2   3.3e-05     0.016   12.8   0.2    91   120    28    57    23    65 0.91 NODE_1792_length_20317_cov_75.392525_9 # 10083 # 11585 # -1 # ID=834_9;partial=00;start_type=ATG;rbs_motif=GGAGG;rbs_spacer=5-10bp;gc_cont=0.526
NODE_1792_length_20317_cov_75.392525:10083-11585|- -            501 372188               -            281    0.0064   14.1   0.8   2   2       1.6   7.5e+02   -2.6   0.0   110   129   326   345   321   379 0.77 NODE_1792_length_20317_cov_75.392525_9 # 10083 # 11585 # -1 # ID=834_9;partial=00;start_type=ATG;rbs_motif=GGAGG;rbs_spacer=5-10bp;gc_cont=0.526
NODE_2132_length_53289_cov_67.616959:9128-9718|-   -            197 372188               -            281    0.0081   13.7   0.1   1   1   2.1e-05      0.01   13.4   0.1    73   142    15    86     4   134 0.62 NODE_2132_length_53289_cov_67.616959_9 # 9128 # 9718 # -1 # ID=1067_9;partial=00;start_type=ATG;rbs_motif=AGGA;rbs_spacer=5-10bp;gc_cont=0.509
NODE_2033_length_13499_cov_78.007851:7858-8670|-   -            271 372188               -            281     0.019   12.5   1.3   1   1   7.5e-05     0.036   11.6   1.3    88   120     5    37     2    41 0.88 NODE_2033_length_13499_cov_78.007851_10 # 7858 # 8670 # -1 # ID=1004_10;partial=00;start_type=ATG;rbs_motif=AGGA;rbs_spacer=5-10bp;gc_cont=0.498
NODE_1573_length_22126_cov_70.879776:15338-16318|+ -            327 372188               -            281     0.021   12.4   0.0   1   2   8.4e-05      0.04   11.5   0.0    85   119   119   153    75   158 0.87 NODE_1573_length_22126_cov_70.879776_19 # 15338 # 16318 # 1 # ID=711_19;partial=00;start_type=ATG;rbs_motif=GGAG/GAGG;rbs_spacer=5-10bp;gc_cont=0.545
NODE_1573_length_22126_cov_70.879776:15338-16318|+ -            327 372188               -            281     0.021   12.4   0.0   2   2       3.5   1.7e+03   -3.7   0.0    55    79   245   269   236   272 0.79 NODE_1573_length_22126_cov_70.879776_19 # 15338 # 16318 # 1 # ID=711_19;partial=00;start_type=ATG;rbs_motif=GGAG/GAGG;rbs_spacer=5-10bp;gc_cont=0.545
NODE_1434_length_95894_cov_75.275742:8907-10529|+  -            541 372188               -            281     0.037   11.6   0.1   1   2      0.01         5    4.6   0.1    84   101   239   256   223   260 0.83 NODE_1434_length_95894_cov_75.275742_8 # 8907 # 10529 # 1 # ID=631_8;partial=00;start_type=ATG;rbs_motif=AGGAG;rbs_spacer=5-10bp;gc_cont=0.539
NODE_1434_length_95894_cov_75.275742:8907-10529|+  -            541 372188               -            281     0.037   11.6   0.1   2   2    0.0099       4.8    4.7   0.0    76   105   425   454   378   466 0.71 NODE_1434_length_95894_cov_75.275742_8 # 8907 # 10529 # 1 # ID=631_8;partial=00;start_type=ATG;rbs_motif=AGGAG;rbs_spacer=5-10bp;gc_cont=0.539
NODE_170_length_74698_cov_75.748665:40466-42292|+  -            609 372188               -            281     0.051   11.1   0.0   1   1   0.00017     0.082   10.4   0.0    88   111   167   189   119   216 0.68 NODE_170_length_74698_cov_75.748665_36 # 40466 # 42292 # 1 # ID=38_36;partial=00;start_type=ATG;rbs_motif=AGGAGG;rbs_spacer=3-4bp;gc_cont=0.549
NODE_181_length_15413_cov_63.977356:6339-7088|+    -            250 372188               -            281     0.054   11.0   0.0   1   1   0.00021       0.1   10.2   0.0    90   114    30    54    10    65 0.86 NODE_181_length_15413_cov_63.977356_8 # 6339 # 7088 # 1 # ID=41_8;partial=00;start_type=ATG;rbs_motif=None;rbs_spacer=None;gc_cont=0.552
#
# Program:         hmmsearch
# Version:         3.4 (Aug 2023)
# Pipeline mode:   SEARCH
# Query file:      /home/simonedassisi/velvet-1.2.10/busco_downloads/lineages/archaea_odb12/hmms/372188at2157.hmm
# Target file:     results/BUSCO_output_velveth21/prodigal_output/predicted_genes/predicted.faa
# Option settings: hmmsearch --domtblout results/BUSCO_output_velveth21/auto_lineage/run_archaea_odb12/hmmer_output/372188at2157.out --cpu 1 /home/simonedassisi/velvet-1.2.10/busco_downloads/lineages/archaea_odb12/hmms/372188at2157.hmm results/BUSCO_output_velveth21/prodigal_output/predicted_genes/predicted.faa 
# Current dir:     /home/simonedassisi/velvet-1.2.10
# Date:            Wed Apr  2 19:18:17 2025
# [ok]
