#                                                                                                          --- full sequence --- -------------- this domain -------------   hmm coord   ali coord   env coord
# target name                                      accession   tlen query name           accession   qlen   E-value  score  bias   #  of  c-Evalue  i-Evalue  score  bias  from    to  from    to  from    to  acc description of target
#                              ------------------- ---------- ----- -------------------- ---------- ----- --------- ------ ----- --- --- --------- --------- ------ ----- ----- ----- ----- ----- ----- ----- ---- ---------------------
NODE_1204_length_64359_cov_77.399834:37170-37895|+ -            242 372251               -            225   1.1e-27   95.3   3.1   1   1   1.1e-29   6.7e-27   92.7   3.1     2   223    11   240    10   241 0.85 NODE_1204_length_64359_cov_77.399834_31 # 37170 # 37895 # 1 # ID=516_31;partial=00;start_type=ATG;rbs_motif=AGGA;rbs_spacer=5-10bp;gc_cont=0.526
NODE_1229_length_78306_cov_70.440285:10426-11529|+ -            368 372251               -            225   1.4e-11   42.6   2.5   1   2      0.01       6.1    4.5   0.3     2    47     6    55     5    62 0.73 NODE_1229_length_78306_cov_70.440285_13 # 10426 # 11529 # 1 # ID=529_13;partial=00;start_type=ATG;rbs_motif=GGA/GAG/AGG;rbs_spacer=3-4bp;gc_cont=0.562
NODE_1229_length_78306_cov_70.440285:10426-11529|+ -            368 372251               -            225   1.4e-11   42.6   2.5   2   2   5.6e-13   3.3e-10   38.1   0.1   119   221   150   254   132   258 0.85 NODE_1229_length_78306_cov_70.440285_13 # 10426 # 11529 # 1 # ID=529_13;partial=00;start_type=ATG;rbs_motif=GGA/GAG/AGG;rbs_spacer=3-4bp;gc_cont=0.562
NODE_1008_length_19602_cov_73.790375:18099-19448|+ -            450 372251               -            225     4e-10   37.9   0.0   1   1   1.3e-12   7.9e-10   36.9   0.0   119   206   202   283   193   295 0.86 NODE_1008_length_19602_cov_73.790375_18 # 18099 # 19448 # 1 # ID=428_18;partial=00;start_type=ATG;rbs_motif=GGAG/GAGG;rbs_spacer=5-10bp;gc_cont=0.539
NODE_2129_length_51924_cov_72.758377:36875-39337|+ -            821 372251               -            225   6.6e-10   37.2   0.0   1   2      0.36   2.1e+02   -0.5   0.0     4    40     3    36     1    78 0.91 NODE_2129_length_51924_cov_72.758377_39 # 36875 # 39337 # 1 # ID=1066_39;partial=00;start_type=ATG;rbs_motif=GGAG/GAGG;rbs_spacer=5-10bp;gc_cont=0.532
NODE_2129_length_51924_cov_72.758377:36875-39337|+ -            821 372251               -            225   6.6e-10   37.2   0.0   2   2   1.1e-11   6.3e-09   33.9   0.0   119   169   208   258   161   290 0.90 NODE_2129_length_51924_cov_72.758377_39 # 36875 # 39337 # 1 # ID=1066_39;partial=00;start_type=ATG;rbs_motif=GGAG/GAGG;rbs_spacer=5-10bp;gc_cont=0.532
NODE_1228_length_4162_cov_131.008896:2416-3378|+   -            321 372251               -            225   9.4e-07   26.8   0.2   1   2    0.0012       0.7    7.6   0.1     2    33     4    35     3    41 0.90 NODE_1228_length_4162_cov_131.008896_3 # 2416 # 3378 # 1 # ID=528_3;partial=00;start_type=ATG;rbs_motif=GGA/GAG/AGG;rbs_spacer=5-10bp;gc_cont=0.561
NODE_1228_length_4162_cov_131.008896:2416-3378|+   -            321 372251               -            225   9.4e-07   26.8   0.2   2   2   2.1e-06    0.0012   16.7   0.0   120   223   218   314   194   316 0.90 NODE_1228_length_4162_cov_131.008896_3 # 2416 # 3378 # 1 # ID=528_3;partial=00;start_type=ATG;rbs_motif=GGA/GAG/AGG;rbs_spacer=5-10bp;gc_cont=0.561
NODE_89_length_10330_cov_70.405418:6554-7447|-     -            298 372251               -            225   1.2e-06   26.5   1.1   1   3    0.0038       2.2    6.0   0.0     9    45    17    53     2   103 0.76 NODE_89_length_10330_cov_70.405418_9 # 6554 # 7447 # -1 # ID=14_9;partial=00;start_type=ATG;rbs_motif=AGGA;rbs_spacer=5-10bp;gc_cont=0.574
NODE_89_length_10330_cov_70.405418:6554-7447|-     -            298 372251               -            225   1.2e-06   26.5   1.1   2   3      0.46   2.7e+02   -0.8   0.1    26    46   167   187   154   191 0.82 NODE_89_length_10330_cov_70.405418_9 # 6554 # 7447 # -1 # ID=14_9;partial=00;start_type=ATG;rbs_motif=AGGA;rbs_spacer=5-10bp;gc_cont=0.574
NODE_89_length_10330_cov_70.405418:6554-7447|-     -            298 372251               -            225   1.2e-06   26.5   1.1   3   3   7.9e-07   0.00046   18.0   0.1   119   165   203   247   194   259 0.78 NODE_89_length_10330_cov_70.405418_9 # 6554 # 7447 # -1 # ID=14_9;partial=00;start_type=ATG;rbs_motif=AGGA;rbs_spacer=5-10bp;gc_cont=0.574
NODE_2487_length_42213_cov_77.013382:3031-5463|+   -            811 372251               -            225   0.00059   17.7   0.0   1   2       0.5   2.9e+02   -0.9   0.0     6    59    16    66    14    93 0.78 NODE_2487_length_42213_cov_77.013382_5 # 3031 # 5463 # 1 # ID=1291_5;partial=00;start_type=ATG;rbs_motif=GGA/GAG/AGG;rbs_spacer=5-10bp;gc_cont=0.585
NODE_2487_length_42213_cov_77.013382:3031-5463|+   -            811 372251               -            225   0.00059   17.7   0.0   2   2     7e-06    0.0041   14.9   0.0   124   169   216   261   208   266 0.84 NODE_2487_length_42213_cov_77.013382_5 # 3031 # 5463 # 1 # ID=1291_5;partial=00;start_type=ATG;rbs_motif=GGA/GAG/AGG;rbs_spacer=5-10bp;gc_cont=0.585
NODE_1852_length_52597_cov_77.721466:13621-14553|+ -            311 372251               -            225   0.00082   17.2   7.1   1   3    0.0042       2.5    5.8   0.1     1    46     3    51     3    74 0.70 NODE_1852_length_52597_cov_77.721466_11 # 13621 # 14553 # 1 # ID=868_11;partial=00;start_type=ATG;rbs_motif=GGA/GAG/AGG;rbs_spacer=5-10bp;gc_cont=0.495
NODE_1852_length_52597_cov_77.721466:13621-14553|+ -            311 372251               -            225   0.00082   17.2   7.1   2   3     0.089        52    1.5   0.9    26    46   172   192   159   202 0.87 NODE_1852_length_52597_cov_77.721466_11 # 13621 # 14553 # 1 # ID=868_11;partial=00;start_type=ATG;rbs_motif=GGA/GAG/AGG;rbs_spacer=5-10bp;gc_cont=0.495
NODE_1852_length_52597_cov_77.721466:13621-14553|+ -            311 372251               -            225   0.00082   17.2   7.1   3   3   4.2e-05     0.025   12.4   0.1   120   190   212   280   201   310 0.72 NODE_1852_length_52597_cov_77.721466_11 # 13621 # 14553 # 1 # ID=868_11;partial=00;start_type=ATG;rbs_motif=GGA/GAG/AGG;rbs_spacer=5-10bp;gc_cont=0.495
NODE_1546_length_4411_cov_148.622986:2742-3698|-   -            319 372251               -            225     0.021   12.6   0.9   1   3     0.044        26    2.5   0.0     3    33     6    37     4    47 0.77 NODE_1546_length_4411_cov_148.622986_4 # 2742 # 3698 # -1 # ID=696_4;partial=00;start_type=ATG;rbs_motif=AGGAG;rbs_spacer=5-10bp;gc_cont=0.533
NODE_1546_length_4411_cov_148.622986:2742-3698|-   -            319 372251               -            225     0.021   12.6   0.9   2   3       1.1   6.2e+02   -2.0   0.1    27    46   177   196   171   214 0.74 NODE_1546_length_4411_cov_148.622986_4 # 2742 # 3698 # -1 # ID=696_4;partial=00;start_type=ATG;rbs_motif=AGGAG;rbs_spacer=5-10bp;gc_cont=0.533
NODE_1546_length_4411_cov_148.622986:2742-3698|-   -            319 372251               -            225     0.021   12.6   0.9   3   3   0.00085       0.5    8.1   0.0   113   181   209   275   201   317 0.68 NODE_1546_length_4411_cov_148.622986_4 # 2742 # 3698 # -1 # ID=696_4;partial=00;start_type=ATG;rbs_motif=AGGAG;rbs_spacer=5-10bp;gc_cont=0.533
#
# Program:         hmmsearch
# Version:         3.4 (Aug 2023)
# Pipeline mode:   SEARCH
# Query file:      /home/simonedassisi/velvet-1.2.10/busco_downloads/lineages/archaea_odb12/hmms/372251at2157.hmm
# Target file:     results/BUSCO_output_velveth21/prodigal_output/predicted_genes/predicted.faa
# Option settings: hmmsearch --domtblout results/BUSCO_output_velveth21/auto_lineage/run_archaea_odb12/hmmer_output/372251at2157.out --cpu 1 /home/simonedassisi/velvet-1.2.10/busco_downloads/lineages/archaea_odb12/hmms/372251at2157.hmm results/BUSCO_output_velveth21/prodigal_output/predicted_genes/predicted.faa 
# Current dir:     /home/simonedassisi/velvet-1.2.10
# Date:            Wed Apr  2 19:18:18 2025
# [ok]
