#                                                                                                             --- full sequence --- -------------- this domain -------------   hmm coord   ali coord   env coord
# target name                                         accession   tlen query name           accession   qlen   E-value  score  bias   #  of  c-Evalue  i-Evalue  score  bias  from    to  from    to  from    to  acc description of target
#                                 ------------------- ---------- ----- -------------------- ---------- ----- --------- ------ ----- --- --- --------- --------- ------ ----- ----- ----- ----- ----- ----- ----- ---- ---------------------
NODE_679_length_36641_cov_70.533279:26330-27343|+     -            338 38238                -            348   1.6e-24   84.7   0.1   1   2   6.1e-19   4.1e-16   57.0   0.1     4   190     6   172     3   184 0.78 NODE_679_length_36641_cov_70.533279_26 # 26330 # 27343 # 1 # ID=288_26;partial=00;start_type=ATG;rbs_motif=GGAG/GAGG;rbs_spacer=5-10bp;gc_cont=0.554
NODE_679_length_36641_cov_70.533279:26330-27343|+     -            338 38238                -            348   1.6e-24   84.7   0.1   2   2   1.5e-08     1e-05   22.9   0.0   194   346   197   335   193   337 0.84 NODE_679_length_36641_cov_70.533279_26 # 26330 # 27343 # 1 # ID=288_26;partial=00;start_type=ATG;rbs_motif=GGAG/GAGG;rbs_spacer=5-10bp;gc_cont=0.554
NODE_1434_length_95894_cov_75.275742:52944-54047|-    -            368 38238                -            348   8.8e-15   52.7   0.0   1   2   6.7e-11   4.4e-08   30.6   0.0    72   187    61   172     1   179 0.74 NODE_1434_length_95894_cov_75.275742_41 # 52944 # 54047 # -1 # ID=631_41;partial=00;start_type=ATG;rbs_motif=AGGA/GGAG/GAGG;rbs_spacer=11-12bp;gc_cont=0.540
NODE_1434_length_95894_cov_75.275742:52944-54047|-    -            368 38238                -            348   8.8e-15   52.7   0.0   2   2     6e-07    0.0004   17.6   0.0   202   314   240   335   222   358 0.69 NODE_1434_length_95894_cov_75.275742_41 # 52944 # 54047 # -1 # ID=631_41;partial=00;start_type=ATG;rbs_motif=AGGA/GGAG/GAGG;rbs_spacer=11-12bp;gc_cont=0.540
NODE_2487_length_42213_cov_77.013382:27870-28874|+    -            335 38238                -            348   2.3e-14   51.2   0.0   1   2   3.3e-15   2.2e-12   44.8   0.0     4   185     3   192     1   200 0.79 NODE_2487_length_42213_cov_77.013382_22 # 27870 # 28874 # 1 # ID=1291_22;partial=00;start_type=ATG;rbs_motif=AGxAGG/AGGxGG;rbs_spacer=11-12bp;gc_cont=0.535
NODE_2487_length_42213_cov_77.013382:27870-28874|+    -            335 38238                -            348   2.3e-14   51.2   0.0   2   2     0.023        15    2.5   0.0   316   340   298   322   288   326 0.83 NODE_2487_length_42213_cov_77.013382_22 # 27870 # 28874 # 1 # ID=1291_22;partial=00;start_type=ATG;rbs_motif=AGxAGG/AGGxGG;rbs_spacer=11-12bp;gc_cont=0.535
NODE_1847_length_31756_cov_77.062065:21958-22977|-    -            340 38238                -            348   1.3e-05   22.5   0.1   1   2   6.5e-06    0.0043   14.2   0.0   133   177   138   182   120   185 0.87 NODE_1847_length_31756_cov_77.062065_21 # 21958 # 22977 # -1 # ID=863_21;partial=00;start_type=ATG;rbs_motif=AGGA;rbs_spacer=5-10bp;gc_cont=0.511
NODE_1847_length_31756_cov_77.062065:21958-22977|-    -            340 38238                -            348   1.3e-05   22.5   0.1   2   2    0.0022       1.5    5.9   0.0   230   293   230   293   222   306 0.84 NODE_1847_length_31756_cov_77.062065_21 # 21958 # 22977 # -1 # ID=863_21;partial=00;start_type=ATG;rbs_motif=AGGA;rbs_spacer=5-10bp;gc_cont=0.511
NODE_346_length_26317_cov_69.933388:7492-7656|+       -             55 38238                -            348    0.0045   14.1   0.0   1   1     7e-06    0.0047   14.1   0.0     3    45     2    44     1    52 0.89 NODE_346_length_26317_cov_69.933388_8 # 7492 # 7656 # 1 # ID=105_8;partial=00;start_type=ATG;rbs_motif=GGA/GAG/AGG;rbs_spacer=5-10bp;gc_cont=0.406
NODE_1692_length_7197_cov_66.727112:6764-7216|+       -            151 38238                -            348     0.011   12.8   0.0   1   1     2e-05     0.013   12.6   0.0     4    26     4    26     1    63 0.82 NODE_1692_length_7197_cov_66.727112_6 # 6764 # 7216 # 1 # ID=777_6;partial=01;start_type=GTG;rbs_motif=AGGAG;rbs_spacer=5-10bp;gc_cont=0.558
NODE_2145_length_112275_cov_77.552353:103747-104382|+ -            212 38238                -            348     0.016   12.3   0.0   1   2   4.6e-05      0.03   11.4   0.0     4    30     3    29     1    37 0.86 NODE_2145_length_112275_cov_77.552353_99 # 103747 # 104382 # 1 # ID=1072_99;partial=00;start_type=ATG;rbs_motif=AGGAG;rbs_spacer=5-10bp;gc_cont=0.546
NODE_2145_length_112275_cov_77.552353:103747-104382|+ -            212 38238                -            348     0.016   12.3   0.0   2   2       1.4   9.4e+02   -3.3   0.0    72    89    58    75    51   100 0.59 NODE_2145_length_112275_cov_77.552353_99 # 103747 # 104382 # 1 # ID=1072_99;partial=00;start_type=ATG;rbs_motif=AGGAG;rbs_spacer=5-10bp;gc_cont=0.546
NODE_796_length_47878_cov_66.656982:14676-15671|-     -            332 38238                -            348     0.016   12.3   0.2   1   2   0.00095      0.63    7.1   0.1   143   179   143   179   129   183 0.89 NODE_796_length_47878_cov_66.656982_15 # 14676 # 15671 # -1 # ID=347_15;partial=00;start_type=ATG;rbs_motif=GGxGG;rbs_spacer=5-10bp;gc_cont=0.500
NODE_796_length_47878_cov_66.656982:14676-15671|-     -            332 38238                -            348     0.016   12.3   0.2   2   2     0.018        12    2.9   0.0   229   273   225   269   212   287 0.82 NODE_796_length_47878_cov_66.656982_15 # 14676 # 15671 # -1 # ID=347_15;partial=00;start_type=ATG;rbs_motif=GGxGG;rbs_spacer=5-10bp;gc_cont=0.500
#
# Program:         hmmsearch
# Version:         3.4 (Aug 2023)
# Pipeline mode:   SEARCH
# Query file:      /home/simonedassisi/velvet-1.2.10/busco_downloads/lineages/archaea_odb12/hmms/38238at2157.hmm
# Target file:     results/BUSCO_output_velveth21/prodigal_output/predicted_genes/predicted.faa
# Option settings: hmmsearch --domtblout results/BUSCO_output_velveth21/auto_lineage/run_archaea_odb12/hmmer_output/38238at2157.out --cpu 1 /home/simonedassisi/velvet-1.2.10/busco_downloads/lineages/archaea_odb12/hmms/38238at2157.hmm results/BUSCO_output_velveth21/prodigal_output/predicted_genes/predicted.faa 
# Current dir:     /home/simonedassisi/velvet-1.2.10
# Date:            Wed Apr  2 19:18:18 2025
# [ok]
