#                                                                                                          --- full sequence --- -------------- this domain -------------   hmm coord   ali coord   env coord
# target name                                      accession   tlen query name           accession   qlen   E-value  score  bias   #  of  c-Evalue  i-Evalue  score  bias  from    to  from    to  from    to  acc description of target
#                              ------------------- ---------- ----- -------------------- ---------- ----- --------- ------ ----- --- --- --------- --------- ------ ----- ----- ----- ----- ----- ----- ----- ---- ---------------------
NODE_152_length_14891_cov_78.964272:9149-10510|+   -            454 52849                -            406  1.3e-111  371.5   9.3   1   1    2e-114  1.5e-111  371.3   9.3     2   405     6   432     5   433 0.90 NODE_152_length_14891_cov_78.964272_14 # 9149 # 10510 # 1 # ID=33_14;partial=00;start_type=ATG;rbs_motif=GGA/GAG/AGG;rbs_spacer=5-10bp;gc_cont=0.546
NODE_1434_length_95894_cov_75.275742:79646-80827|- -            394 52849                -            406   2.2e-57  192.9   4.6   1   1   4.7e-60   3.5e-57  192.2   4.6    22   280   121   389   108   393 0.88 NODE_1434_length_95894_cov_75.275742_69 # 79646 # 80827 # -1 # ID=631_69;partial=00;start_type=GTG;rbs_motif=None;rbs_spacer=None;gc_cont=0.545
NODE_2255_length_11485_cov_89.363167:9742-10377|+  -            212 52849                -            406    0.0017   15.4   0.0   1   2   1.5e-05     0.011   12.7   0.0    99   133    12    46     3    57 0.92 NODE_2255_length_11485_cov_89.363167_7 # 9742 # 10377 # 1 # ID=1128_7;partial=00;start_type=ATG;rbs_motif=AGGA;rbs_spacer=5-10bp;gc_cont=0.525
NODE_2255_length_11485_cov_89.363167:9742-10377|+  -            212 52849                -            406    0.0017   15.4   0.0   2   2     0.086        65    0.3   0.0   166   181   120   135   112   155 0.80 NODE_2255_length_11485_cov_89.363167_7 # 9742 # 10377 # 1 # ID=1128_7;partial=00;start_type=ATG;rbs_motif=AGGA;rbs_spacer=5-10bp;gc_cont=0.525
NODE_2185_length_35330_cov_74.210983:31020-31625|- -            202 52849                -            406    0.0057   13.7   0.0   1   1   9.9e-06    0.0075   13.3   0.0    91   133    30    72    15    91 0.88 NODE_2185_length_35330_cov_74.210983_36 # 31020 # 31625 # -1 # ID=1088_36;partial=00;start_type=ATG;rbs_motif=GGA/GAG/AGG;rbs_spacer=5-10bp;gc_cont=0.517
NODE_1974_length_14183_cov_58.417542:8173-8919|+   -            249 52849                -            406     0.013   12.5   0.0   1   1     3e-05     0.023   11.7   0.0    76   120    85   129    79   138 0.90 NODE_1974_length_14183_cov_58.417542_10 # 8173 # 8919 # 1 # ID=961_10;partial=00;start_type=ATG;rbs_motif=GGA/GAG/AGG;rbs_spacer=5-10bp;gc_cont=0.486
NODE_1170_length_26855_cov_70.355133:10101-11210|+ -            370 52849                -            406     0.013   12.5   0.1   1   1     4e-05      0.03   11.3   0.1    95   132   114   151    94   251 0.74 NODE_1170_length_26855_cov_70.355133_6 # 10101 # 11210 # 1 # ID=497_6;partial=00;start_type=ATG;rbs_motif=AGGAG;rbs_spacer=5-10bp;gc_cont=0.538
NODE_2033_length_13499_cov_78.007851:7858-8670|-   -            271 52849                -            406     0.022   11.8   0.1   1   1   3.5e-05     0.027   11.5   0.1    92   127     6    41     1   134 0.90 NODE_2033_length_13499_cov_78.007851_10 # 7858 # 8670 # -1 # ID=1004_10;partial=00;start_type=ATG;rbs_motif=AGGA;rbs_spacer=5-10bp;gc_cont=0.498
#
# Program:         hmmsearch
# Version:         3.4 (Aug 2023)
# Pipeline mode:   SEARCH
# Query file:      /home/simonedassisi/velvet-1.2.10/busco_downloads/lineages/archaea_odb12/hmms/52849at2157.hmm
# Target file:     results/BUSCO_output_velveth21/prodigal_output/predicted_genes/predicted.faa
# Option settings: hmmsearch --domtblout results/BUSCO_output_velveth21/auto_lineage/run_archaea_odb12/hmmer_output/52849at2157.out --cpu 1 /home/simonedassisi/velvet-1.2.10/busco_downloads/lineages/archaea_odb12/hmms/52849at2157.hmm results/BUSCO_output_velveth21/prodigal_output/predicted_genes/predicted.faa 
# Current dir:     /home/simonedassisi/velvet-1.2.10
# Date:            Wed Apr  2 19:18:18 2025
# [ok]
