#                                                                                                          --- full sequence --- -------------- this domain -------------   hmm coord   ali coord   env coord
# target name                                      accession   tlen query name           accession   qlen   E-value  score  bias   #  of  c-Evalue  i-Evalue  score  bias  from    to  from    to  from    to  acc description of target
#                              ------------------- ---------- ----- -------------------- ---------- ----- --------- ------ ----- --- --- --------- --------- ------ ----- ----- ----- ----- ----- ----- ----- ---- ---------------------
NODE_1204_length_64359_cov_77.399834:62095-63813|- -            573 6113                 -            535   1.3e-22   78.5   0.1   1   3     3e-07   0.00053   17.1   0.0    26    80    36    89    24    96 0.91 NODE_1204_length_64359_cov_77.399834_56 # 62095 # 63813 # -1 # ID=516_56;partial=00;start_type=ATG;rbs_motif=GGA/GAG/AGG;rbs_spacer=11-12bp;gc_cont=0.546
NODE_1204_length_64359_cov_77.399834:62095-63813|- -            573 6113                 -            535   1.3e-22   78.5   0.1   2   3     4e-09     7e-06   23.3   0.0   175   222   125   172   105   186 0.86 NODE_1204_length_64359_cov_77.399834_56 # 62095 # 63813 # -1 # ID=516_56;partial=00;start_type=ATG;rbs_motif=GGA/GAG/AGG;rbs_spacer=11-12bp;gc_cont=0.546
NODE_1204_length_64359_cov_77.399834:62095-63813|- -            573 6113                 -            535   1.3e-22   78.5   0.1   3   3   1.7e-12     3e-09   34.4   0.0   407   533   445   571   420   572 0.86 NODE_1204_length_64359_cov_77.399834_56 # 62095 # 63813 # -1 # ID=516_56;partial=00;start_type=ATG;rbs_motif=GGA/GAG/AGG;rbs_spacer=11-12bp;gc_cont=0.546
NODE_183_length_5920_cov_73.228882:3263-5191|+     -            643 6113                 -            535   3.7e-12   44.0   2.3   1   4       0.7   1.2e+03   -3.9   0.1   291   320   122   152   102   154 0.64 NODE_183_length_5920_cov_73.228882_4 # 3263 # 5191 # 1 # ID=43_4;partial=00;start_type=ATG;rbs_motif=AGGA;rbs_spacer=5-10bp;gc_cont=0.494
NODE_183_length_5920_cov_73.228882:3263-5191|+     -            643 6113                 -            535   3.7e-12   44.0   2.3   2   4   0.00014      0.25    8.3   0.1    28    89   262   322   249   328 0.81 NODE_183_length_5920_cov_73.228882_4 # 3263 # 5191 # 1 # ID=43_4;partial=00;start_type=ATG;rbs_motif=AGGA;rbs_spacer=5-10bp;gc_cont=0.494
NODE_183_length_5920_cov_73.228882:3263-5191|+     -            643 6113                 -            535   3.7e-12   44.0   2.3   3   4   2.3e-08     4e-05   20.8   0.0   148   226   322   400   317   423 0.82 NODE_183_length_5920_cov_73.228882_4 # 3263 # 5191 # 1 # ID=43_4;partial=00;start_type=ATG;rbs_motif=AGGA;rbs_spacer=5-10bp;gc_cont=0.494
NODE_183_length_5920_cov_73.228882:3263-5191|+     -            643 6113                 -            535   3.7e-12   44.0   2.3   4   4   1.7e-06     0.003   14.6   0.0   433   532   533   632   510   635 0.89 NODE_183_length_5920_cov_73.228882_4 # 3263 # 5191 # 1 # ID=43_4;partial=00;start_type=ATG;rbs_motif=AGGA;rbs_spacer=5-10bp;gc_cont=0.494
NODE_926_length_95421_cov_71.123581:84725-85999|+  -            425 6113                 -            535     0.019   11.9   0.0   1   2     0.044        78    0.0   0.0    26    72     8    53     3    65 0.87 NODE_926_length_95421_cov_71.123581_74 # 84725 # 85999 # 1 # ID=386_74;partial=00;start_type=GTG;rbs_motif=GGA/GAG/AGG;rbs_spacer=5-10bp;gc_cont=0.545
NODE_926_length_95421_cov_71.123581:84725-85999|+  -            425 6113                 -            535     0.019   11.9   0.0   2   2   7.4e-05      0.13    9.2   0.0   456   531   344   422   329   424 0.80 NODE_926_length_95421_cov_71.123581_74 # 84725 # 85999 # 1 # ID=386_74;partial=00;start_type=GTG;rbs_motif=GGA/GAG/AGG;rbs_spacer=5-10bp;gc_cont=0.545
#
# Program:         hmmsearch
# Version:         3.4 (Aug 2023)
# Pipeline mode:   SEARCH
# Query file:      /home/simonedassisi/velvet-1.2.10/busco_downloads/lineages/archaea_odb12/hmms/6113at2157.hmm
# Target file:     results/BUSCO_output_velveth21/prodigal_output/predicted_genes/predicted.faa
# Option settings: hmmsearch --domtblout results/BUSCO_output_velveth21/auto_lineage/run_archaea_odb12/hmmer_output/6113at2157.out --cpu 1 /home/simonedassisi/velvet-1.2.10/busco_downloads/lineages/archaea_odb12/hmms/6113at2157.hmm results/BUSCO_output_velveth21/prodigal_output/predicted_genes/predicted.faa 
# Current dir:     /home/simonedassisi/velvet-1.2.10
# Date:            Wed Apr  2 19:18:18 2025
# [ok]
