#                                                                                                           --- full sequence --- -------------- this domain -------------   hmm coord   ali coord   env coord
# target name                                       accession   tlen query name           accession   qlen   E-value  score  bias   #  of  c-Evalue  i-Evalue  score  bias  from    to  from    to  from    to  acc description of target
#                               ------------------- ---------- ----- -------------------- ---------- ----- --------- ------ ----- --- --- --------- --------- ------ ----- ----- ----- ----- ----- ----- ----- ---- ---------------------
NODE_230_length_8375_cov_67.677017:4327-6171|-      -            615 7798                 -            379   4.6e-40  136.3   0.0   1   1   1.2e-41   5.5e-39  132.8   0.0     6   230     2   210     1   339 0.85 NODE_230_length_8375_cov_67.677017_5 # 4327 # 6171 # -1 # ID=59_5;partial=00;start_type=ATG;rbs_motif=AGGA/GGAG/GAGG;rbs_spacer=11-12bp;gc_cont=0.567
NODE_1443_length_1047_cov_173.915955:3-1067|-       -            355 7798                 -            379   1.8e-27   94.9   0.0   1   1     6e-30   2.7e-27   94.3   0.0    56   336    36   309    16   352 0.79 NODE_1443_length_1047_cov_173.915955_1 # 3 # 1067 # -1 # ID=635_1;partial=11;start_type=Edge;rbs_motif=None;rbs_spacer=None;gc_cont=0.540
NODE_2185_length_35330_cov_74.210983:31625-33052|-  -            476 7798                 -            379   1.8e-16   58.7   0.0   1   2      0.28   1.2e+02   -0.0   0.0     9    24    32    47    25    59 0.84 NODE_2185_length_35330_cov_74.210983_37 # 31625 # 33052 # -1 # ID=1088_37;partial=00;start_type=ATG;rbs_motif=GGA/GAG/AGG;rbs_spacer=11-12bp;gc_cont=0.543
NODE_2185_length_35330_cov_74.210983:31625-33052|-  -            476 7798                 -            379   1.8e-16   58.7   0.0   2   2   3.5e-18   1.6e-15   55.6   0.0    59   231   104   282    87   296 0.68 NODE_2185_length_35330_cov_74.210983_37 # 31625 # 33052 # -1 # ID=1088_37;partial=00;start_type=ATG;rbs_motif=GGA/GAG/AGG;rbs_spacer=11-12bp;gc_cont=0.543
NODE_2145_length_112275_cov_77.552353:86456-89128|+ -            891 7798                 -            379     2e-15   55.2   0.3   1   1     1e-17   4.5e-15   54.1   0.3     7   174   394   550   388   580 0.81 NODE_2145_length_112275_cov_77.552353_83 # 86456 # 89128 # 1 # ID=1072_83;partial=00;start_type=ATG;rbs_motif=AGGA;rbs_spacer=5-10bp;gc_cont=0.535
NODE_926_length_95421_cov_71.123581:18789-20588|+   -            600 7798                 -            379   2.6e-13   48.3   0.0   1   1   1.2e-15   5.2e-13   47.3   0.0     6   195     6   199     2   230 0.76 NODE_926_length_95421_cov_71.123581_19 # 18789 # 20588 # 1 # ID=386_19;partial=00;start_type=ATG;rbs_motif=None;rbs_spacer=None;gc_cont=0.537
NODE_851_length_22678_cov_82.051857:17530-19353|+   -            608 7798                 -            379   1.1e-10   39.7   0.3   1   1   6.2e-13   2.7e-10   38.3   0.3     6   266     7   275     3   291 0.67 NODE_851_length_22678_cov_82.051857_18 # 17530 # 19353 # 1 # ID=363_18;partial=00;start_type=GTG;rbs_motif=GGAG/GAGG;rbs_spacer=5-10bp;gc_cont=0.533
NODE_1441_length_52686_cov_76.197510:3-119|-        -             39 7798                 -            379   8.7e-09   33.4   1.5   1   1     2e-11   8.9e-09   33.3   1.5     2    29    10    37     9    39 0.91 NODE_1441_length_52686_cov_76.197510_1 # 3 # 119 # -1 # ID=633_1;partial=10;start_type=GTG;rbs_motif=AGGA;rbs_spacer=5-10bp;gc_cont=0.487
NODE_1442_length_506_cov_72.915016:3-119|-          -             39 7798                 -            379   8.7e-09   33.4   1.5   1   1     2e-11   8.9e-09   33.3   1.5     2    29    10    37     9    39 0.91 NODE_1442_length_506_cov_72.915016_1 # 3 # 119 # -1 # ID=634_1;partial=10;start_type=ATG;rbs_motif=GGAG/GAGG;rbs_spacer=5-10bp;gc_cont=0.479
NODE_1441_length_52686_cov_76.197510:190-2304|-     -            705 7798                 -            379   3.4e-07   28.1   0.3   1   1   2.8e-09   1.2e-06   26.3   0.4     6   117    12   137     8   160 0.74 NODE_1441_length_52686_cov_76.197510_2 # 190 # 2304 # -1 # ID=633_2;partial=00;start_type=ATG;rbs_motif=GGAG/GAGG;rbs_spacer=5-10bp;gc_cont=0.509
NODE_926_length_95421_cov_71.123581:22527-23432|+   -            302 7798                 -            379   0.00044   17.9   0.5   1   1   6.9e-06     0.003   15.1   0.5   114   182   115   179     6   189 0.67 NODE_926_length_95421_cov_71.123581_22 # 22527 # 23432 # 1 # ID=386_22;partial=00;start_type=ATG;rbs_motif=GGAG/GAGG;rbs_spacer=5-10bp;gc_cont=0.523
NODE_2129_length_51924_cov_72.758377:5729-7345|+    -            539 7798                 -            379    0.0049   14.4   0.0   1   2   5.7e-05     0.025   12.1   0.0    62   126    91   154    22   161 0.73 NODE_2129_length_51924_cov_72.758377_9 # 5729 # 7345 # 1 # ID=1066_9;partial=00;start_type=ATG;rbs_motif=None;rbs_spacer=None;gc_cont=0.533
NODE_2129_length_51924_cov_72.758377:5729-7345|+    -            539 7798                 -            379    0.0049   14.4   0.0   2   2       1.3   5.9e+02   -2.3   0.0   247   269   356   378   341   465 0.68 NODE_2129_length_51924_cov_72.758377_9 # 5729 # 7345 # 1 # ID=1066_9;partial=00;start_type=ATG;rbs_motif=None;rbs_spacer=None;gc_cont=0.533
NODE_2441_length_4821_cov_57.129642:4333-4812|-     -            160 7798                 -            379     0.033   11.7   0.0   1   2   0.00018     0.081   10.4   0.0     6    30     3    27     1    34 0.89 NODE_2441_length_4821_cov_57.129642_9 # 4333 # 4812 # -1 # ID=1256_9;partial=00;start_type=ATG;rbs_motif=GGAG/GAGG;rbs_spacer=5-10bp;gc_cont=0.500
NODE_2441_length_4821_cov_57.129642:4333-4812|-     -            160 7798                 -            379     0.033   11.7   0.0   2   2      0.78   3.4e+02   -1.5   0.0   239   270    55    91    33   121 0.59 NODE_2441_length_4821_cov_57.129642_9 # 4333 # 4812 # -1 # ID=1256_9;partial=00;start_type=ATG;rbs_motif=GGAG/GAGG;rbs_spacer=5-10bp;gc_cont=0.500
#
# Program:         hmmsearch
# Version:         3.4 (Aug 2023)
# Pipeline mode:   SEARCH
# Query file:      /home/simonedassisi/velvet-1.2.10/busco_downloads/lineages/archaea_odb12/hmms/7798at2157.hmm
# Target file:     results/BUSCO_output_velveth21/prodigal_output/predicted_genes/predicted.faa
# Option settings: hmmsearch --domtblout results/BUSCO_output_velveth21/auto_lineage/run_archaea_odb12/hmmer_output/7798at2157.out --cpu 1 /home/simonedassisi/velvet-1.2.10/busco_downloads/lineages/archaea_odb12/hmms/7798at2157.hmm results/BUSCO_output_velveth21/prodigal_output/predicted_genes/predicted.faa 
# Current dir:     /home/simonedassisi/velvet-1.2.10
# Date:            Wed Apr  2 19:18:19 2025
# [ok]
