#                                                                                                          --- full sequence --- -------------- this domain -------------   hmm coord   ali coord   env coord
# target name                                      accession   tlen query name           accession   qlen   E-value  score  bias   #  of  c-Evalue  i-Evalue  score  bias  from    to  from    to  from    to  acc description of target
#                              ------------------- ---------- ----- -------------------- ---------- ----- --------- ------ ----- --- --- --------- --------- ------ ----- ----- ----- ----- ----- ----- ----- ---- ---------------------
NODE_2022_length_2646_cov_86.739983:1759-2442|-    -            228 85892                -            392     0.013   12.6   0.2   1   1   1.9e-05     0.017   12.2   0.2    30   104    22    96     5   105 0.89 NODE_2022_length_2646_cov_86.739983_2 # 1759 # 2442 # -1 # ID=998_2;partial=00;start_type=ATG;rbs_motif=AGGA;rbs_spacer=5-10bp;gc_cont=0.373
NODE_846_length_63393_cov_76.936378:54530-54769|+  -             80 85892                -            392     0.055   10.5   4.8   1   1   6.1e-05     0.053   10.5   4.8    17    78     7    66     1    79 0.71 NODE_846_length_63393_cov_76.936378_58 # 54530 # 54769 # 1 # ID=361_58;partial=00;start_type=ATG;rbs_motif=AGGAG;rbs_spacer=5-10bp;gc_cont=0.487
NODE_2452_length_20877_cov_81.941704:12839-14356|- -            506 85892                -            392      0.18    8.8   1.9   1   1    0.0003      0.26    8.2   1.9    34   110    21    97    10   103 0.84 NODE_2452_length_20877_cov_81.941704_13 # 12839 # 14356 # -1 # ID=1264_13;partial=00;start_type=ATG;rbs_motif=GGA/GAG/AGG;rbs_spacer=11-12bp;gc_cont=0.468
NODE_2031_length_15140_cov_83.574440:1398-2657|-   -            420 85892                -            392       4.9    4.0  16.7   1   2   0.00057      0.51    7.3   3.7    28    76    66   112    38   137 0.65 NODE_2031_length_15140_cov_83.574440_3 # 1398 # 2657 # -1 # ID=1003_3;partial=00;start_type=ATG;rbs_motif=GGA/GAG/AGG;rbs_spacer=11-12bp;gc_cont=0.568
NODE_2031_length_15140_cov_83.574440:1398-2657|-   -            420 85892                -            392       4.9    4.0  16.7   2   2     0.019        17    2.3   5.1    21    94   171   246   153   277 0.59 NODE_2031_length_15140_cov_83.574440_3 # 1398 # 2657 # -1 # ID=1003_3;partial=00;start_type=ATG;rbs_motif=GGA/GAG/AGG;rbs_spacer=11-12bp;gc_cont=0.568
NODE_2112_length_39655_cov_70.664001:28392-30572|+ -            727 85892                -            392       8.5    3.3   7.3   1   2      0.01         9    3.2   2.6    10    89   226   305   218   332 0.71 NODE_2112_length_39655_cov_70.664001_31 # 28392 # 30572 # 1 # ID=1058_31;partial=00;start_type=ATG;rbs_motif=3Base/5BMM;rbs_spacer=13-15bp;gc_cont=0.508
NODE_2112_length_39655_cov_70.664001:28392-30572|+ -            727 85892                -            392       8.5    3.3   7.3   2   2     0.023        20    2.1   0.9    40    84   328   372   308   391 0.81 NODE_2112_length_39655_cov_70.664001_31 # 28392 # 30572 # 1 # ID=1058_31;partial=00;start_type=ATG;rbs_motif=3Base/5BMM;rbs_spacer=13-15bp;gc_cont=0.508
NODE_563_length_2367_cov_72.813690:758-1174|-      -            139 85892                -            392       9.8    3.1   7.4   1   2    0.0034         3    4.8   0.8    44    88     7    51     1    72 0.58 NODE_563_length_2367_cov_72.813690_3 # 758 # 1174 # -1 # ID=246_3;partial=00;start_type=TTG;rbs_motif=GGA/GAG/AGG;rbs_spacer=5-10bp;gc_cont=0.372
NODE_563_length_2367_cov_72.813690:758-1174|-      -            139 85892                -            392       9.8    3.1   7.4   2   2      0.02        18    2.2   1.4    35    83    69   117    52   129 0.79 NODE_563_length_2367_cov_72.813690_3 # 758 # 1174 # -1 # ID=246_3;partial=00;start_type=TTG;rbs_motif=GGA/GAG/AGG;rbs_spacer=5-10bp;gc_cont=0.372
#
# Program:         hmmsearch
# Version:         3.4 (Aug 2023)
# Pipeline mode:   SEARCH
# Query file:      /home/simonedassisi/velvet-1.2.10/busco_downloads/lineages/archaea_odb12/hmms/85892at2157.hmm
# Target file:     results/BUSCO_output_velveth21/prodigal_output/predicted_genes/predicted.faa
# Option settings: hmmsearch --domtblout results/BUSCO_output_velveth21/auto_lineage/run_archaea_odb12/hmmer_output/85892at2157.out --cpu 1 /home/simonedassisi/velvet-1.2.10/busco_downloads/lineages/archaea_odb12/hmms/85892at2157.hmm results/BUSCO_output_velveth21/prodigal_output/predicted_genes/predicted.faa 
# Current dir:     /home/simonedassisi/velvet-1.2.10
# Date:            Wed Apr  2 19:18:19 2025
# [ok]
