#                                                                                                           --- full sequence --- -------------- this domain -------------   hmm coord   ali coord   env coord
# target name                                       accession   tlen query name           accession   qlen   E-value  score  bias   #  of  c-Evalue  i-Evalue  score  bias  from    to  from    to  from    to  acc description of target
#                               ------------------- ---------- ----- -------------------- ---------- ----- --------- ------ ----- --- --- --------- --------- ------ ----- ----- ----- ----- ----- ----- ----- ---- ---------------------
NODE_718_length_90501_cov_69.003258:50764-51774|+   -            337 8658                 -            453   7.6e-25   85.7   0.1   1   2   5.3e-23   1.3e-20   71.7   0.0     8   147    23   149    19   152 0.96 NODE_718_length_90501_cov_69.003258_51 # 50764 # 51774 # 1 # ID=299_51;partial=00;start_type=ATG;rbs_motif=GGAG/GAGG;rbs_spacer=5-10bp;gc_cont=0.530
NODE_718_length_90501_cov_69.003258:50764-51774|+   -            337 8658                 -            453   7.6e-25   85.7   0.1   2   2   6.3e-05     0.016   12.1   0.0   164   213   188   236   166   269 0.80 NODE_718_length_90501_cov_69.003258_51 # 50764 # 51774 # 1 # ID=299_51;partial=00;start_type=ATG;rbs_motif=GGAG/GAGG;rbs_spacer=5-10bp;gc_cont=0.530
NODE_1709_length_68036_cov_72.575531:8442-9785|-    -            448 8658                 -            453     4e-20   70.1   0.1   1   1   2.3e-22   5.9e-20   69.6   0.1     6   211    18   223    14   233 0.87 NODE_1709_length_68036_cov_72.575531_8 # 8442 # 9785 # -1 # ID=785_8;partial=00;start_type=GTG;rbs_motif=GGAG/GAGG;rbs_spacer=5-10bp;gc_cont=0.531
NODE_22_length_21196_cov_74.466599:3916-5847|-      -            644 8658                 -            453   4.9e-20   69.8   1.1   1   3   3.9e-11   9.7e-09   32.6   0.0     6    68     8    66     5    67 0.89 NODE_22_length_21196_cov_74.466599_5 # 3916 # 5847 # -1 # ID=6_5;partial=00;start_type=ATG;rbs_motif=GGA/GAG/AGG;rbs_spacer=5-10bp;gc_cont=0.576
NODE_22_length_21196_cov_74.466599:3916-5847|-      -            644 8658                 -            453   4.9e-20   69.8   1.1   2   3   5.4e-12   1.4e-09   35.4   0.1    96   220   117   239    87   269 0.83 NODE_22_length_21196_cov_74.466599_5 # 3916 # 5847 # -1 # ID=6_5;partial=00;start_type=ATG;rbs_motif=GGA/GAG/AGG;rbs_spacer=5-10bp;gc_cont=0.576
NODE_22_length_21196_cov_74.466599:3916-5847|-      -            644 8658                 -            453   4.9e-20   69.8   1.1   3   3         3   7.4e+02   -3.3   0.0   317   377   519   580   511   588 0.75 NODE_22_length_21196_cov_74.466599_5 # 3916 # 5847 # -1 # ID=6_5;partial=00;start_type=ATG;rbs_motif=GGA/GAG/AGG;rbs_spacer=5-10bp;gc_cont=0.576
NODE_2145_length_112275_cov_77.552353:75526-77469|+ -            648 8658                 -            453   2.2e-10   38.0   0.1   1   2   2.7e-12   6.8e-10   36.4   0.0    11   113   152   261   146   268 0.80 NODE_2145_length_112275_cov_77.552353_75 # 75526 # 77469 # 1 # ID=1072_75;partial=00;start_type=TTG;rbs_motif=GGAG/GAGG;rbs_spacer=5-10bp;gc_cont=0.535
NODE_2145_length_112275_cov_77.552353:75526-77469|+ -            648 8658                 -            453   2.2e-10   38.0   0.1   2   2       1.2     3e+02   -2.0   0.1   352   398   532   577   521   602 0.68 NODE_2145_length_112275_cov_77.552353_75 # 75526 # 77469 # 1 # ID=1072_75;partial=00;start_type=TTG;rbs_motif=GGAG/GAGG;rbs_spacer=5-10bp;gc_cont=0.535
NODE_443_length_10040_cov_75.927094:7355-9928|+     -            858 8658                 -            453   5.4e-10   36.7   1.5   1   2   1.9e-06   0.00047   17.2   0.0    12    63   176   222   166   227 0.85 NODE_443_length_10040_cov_75.927094_9 # 7355 # 9928 # 1 # ID=166_9;partial=00;start_type=ATG;rbs_motif=GGAGG;rbs_spacer=3-4bp;gc_cont=0.516
NODE_443_length_10040_cov_75.927094:7355-9928|+     -            858 8658                 -            453   5.4e-10   36.7   1.5   2   2   1.5e-06   0.00038   17.4   0.0    16    64   570   622   566   686 0.68 NODE_443_length_10040_cov_75.927094_9 # 7355 # 9928 # 1 # ID=166_9;partial=00;start_type=ATG;rbs_motif=GGAGG;rbs_spacer=3-4bp;gc_cont=0.516
NODE_1709_length_68036_cov_72.575531:22117-24393|-  -            759 8658                 -            453   1.7e-09   35.1   0.0   1   3   0.00013     0.034   11.0   0.0    24    61   196   228   183   233 0.70 NODE_1709_length_68036_cov_72.575531_17 # 22117 # 24393 # -1 # ID=785_17;partial=00;start_type=ATG;rbs_motif=GGAGG;rbs_spacer=5-10bp;gc_cont=0.531
NODE_1709_length_68036_cov_72.575531:22117-24393|-  -            759 8658                 -            453   1.7e-09   35.1   0.0   2   3      0.29        74    0.0   0.0    93   117   272   296   267   309 0.75 NODE_1709_length_68036_cov_72.575531_17 # 22117 # 24393 # -1 # ID=785_17;partial=00;start_type=ATG;rbs_motif=GGAGG;rbs_spacer=5-10bp;gc_cont=0.531
NODE_1709_length_68036_cov_72.575531:22117-24393|-  -            759 8658                 -            453   1.7e-09   35.1   0.0   3   3     5e-07   0.00013   19.0   0.0    16    88   460   536   455   572 0.77 NODE_1709_length_68036_cov_72.575531_17 # 22117 # 24393 # -1 # ID=785_17;partial=00;start_type=ATG;rbs_motif=GGAGG;rbs_spacer=5-10bp;gc_cont=0.531
NODE_274_length_24805_cov_72.090103:15447-17801|-   -            785 8658                 -            453   1.1e-08   32.4   4.5   1   2      0.23        59    0.3   4.2   327   432   146   261   129   280 0.41 NODE_274_length_24805_cov_72.090103_18 # 15447 # 17801 # -1 # ID=77_18;partial=00;start_type=ATG;rbs_motif=GGA/GAG/AGG;rbs_spacer=5-10bp;gc_cont=0.525
NODE_274_length_24805_cov_72.090103:15447-17801|-   -            785 8658                 -            453   1.1e-08   32.4   4.5   2   2   2.2e-10   5.5e-08   30.1   0.0    20   128   328   445   322   450 0.76 NODE_274_length_24805_cov_72.090103_18 # 15447 # 17801 # -1 # ID=77_18;partial=00;start_type=ATG;rbs_motif=GGA/GAG/AGG;rbs_spacer=5-10bp;gc_cont=0.525
NODE_274_length_24805_cov_72.090103:17989-19263|-   -            425 8658                 -            453   4.3e-06   23.9   0.5   1   2   3.9e-08   9.9e-06   22.7   0.1    40   117   112   195    74   216 0.86 NODE_274_length_24805_cov_72.090103_19 # 17989 # 19263 # -1 # ID=77_19;partial=00;start_type=ATG;rbs_motif=GGAG/GAGG;rbs_spacer=5-10bp;gc_cont=0.518
NODE_274_length_24805_cov_72.090103:17989-19263|-   -            425 8658                 -            453   4.3e-06   23.9   0.5   2   2       2.1   5.3e+02   -2.8   0.0   177   192   347   362   319   364 0.65 NODE_274_length_24805_cov_72.090103_19 # 17989 # 19263 # -1 # ID=77_19;partial=00;start_type=ATG;rbs_motif=GGAG/GAGG;rbs_spacer=5-10bp;gc_cont=0.518
NODE_846_length_63393_cov_76.936378:56425-57756|-   -            444 8658                 -            453   1.4e-05   22.2   0.2   1   2   3.6e-06   0.00091   16.2   0.0    35    73    45    83    15    86 0.79 NODE_846_length_63393_cov_76.936378_61 # 56425 # 57756 # -1 # ID=361_61;partial=00;start_type=ATG;rbs_motif=AGGA;rbs_spacer=5-10bp;gc_cont=0.526
NODE_846_length_63393_cov_76.936378:56425-57756|-   -            444 8658                 -            453   1.4e-05   22.2   0.2   2   2     0.025       6.3    3.6   0.1    99   120   249   270   225   285 0.80 NODE_846_length_63393_cov_76.936378_61 # 56425 # 57756 # -1 # ID=361_61;partial=00;start_type=ATG;rbs_motif=AGGA;rbs_spacer=5-10bp;gc_cont=0.526
NODE_2110_length_20950_cov_73.447586:8395-10302|-   -            636 8658                 -            453   7.8e-05   19.7   0.3   1   3     0.005       1.3    5.9   0.0    38    67    27    56    18    57 0.86 NODE_2110_length_20950_cov_73.447586_9 # 8395 # 10302 # -1 # ID=1056_9;partial=00;start_type=ATG;rbs_motif=AGGA;rbs_spacer=5-10bp;gc_cont=0.524
NODE_2110_length_20950_cov_73.447586:8395-10302|-   -            636 8658                 -            453   7.8e-05   19.7   0.3   2   3   0.00034     0.085    9.7   0.0    13    58   322   363   320   372 0.84 NODE_2110_length_20950_cov_73.447586_9 # 8395 # 10302 # -1 # ID=1056_9;partial=00;start_type=ATG;rbs_motif=AGGA;rbs_spacer=5-10bp;gc_cont=0.524
NODE_2110_length_20950_cov_73.447586:8395-10302|-   -            636 8658                 -            453   7.8e-05   19.7   0.3   3   3         1   2.6e+02   -1.8   1.5   348   426   545   621   528   628 0.74 NODE_2110_length_20950_cov_73.447586_9 # 8395 # 10302 # -1 # ID=1056_9;partial=00;start_type=ATG;rbs_motif=AGGA;rbs_spacer=5-10bp;gc_cont=0.524
NODE_1498_length_1424_cov_118.246490:3-554|-        -            184 8658                 -            453   9.2e-05   19.5   0.2   1   1   5.7e-07   0.00014   18.8   0.2    39    69    96   129    91   177 0.70 NODE_1498_length_1424_cov_118.246490_1 # 3 # 554 # -1 # ID=667_1;partial=10;start_type=ATG;rbs_motif=AGGAG;rbs_spacer=5-10bp;gc_cont=0.569
NODE_796_length_47878_cov_66.656982:9597-11531|-    -            645 8658                 -            453   0.00021   18.3   0.0   1   1   1.4e-06   0.00035   17.6   0.0    13    62    75   125    71   142 0.87 NODE_796_length_47878_cov_66.656982_11 # 9597 # 11531 # -1 # ID=347_11;partial=00;start_type=ATG;rbs_motif=AGGA;rbs_spacer=5-10bp;gc_cont=0.502
NODE_888_length_35781_cov_80.233421:1520-3040|-     -            507 8658                 -            453   0.00067   16.6   0.0   1   1   4.2e-06    0.0011   16.0   0.0    12    58   189   228   187   231 0.87 NODE_888_length_35781_cov_80.233421_3 # 1520 # 3040 # -1 # ID=375_3;partial=00;start_type=ATG;rbs_motif=AGGAGG;rbs_spacer=3-4bp;gc_cont=0.508
NODE_269_length_60008_cov_74.420364:44831-45355|-   -            175 8658                 -            453   0.00082   16.4   0.0   1   1   5.3e-06    0.0013   15.7   0.0    41    66     3    28     1    34 0.87 NODE_269_length_60008_cov_74.420364_43 # 44831 # 45355 # -1 # ID=74_43;partial=00;start_type=ATG;rbs_motif=GGA/GAG/AGG;rbs_spacer=5-10bp;gc_cont=0.522
NODE_2117_length_5594_cov_75.820343:2821-3558|-     -            246 8658                 -            453    0.0013   15.7   0.0   1   1     9e-06    0.0023   14.9   0.0    15    64    77   123    72   218 0.88 NODE_2117_length_5594_cov_75.820343_3 # 2821 # 3558 # -1 # ID=1061_3;partial=00;start_type=ATG;rbs_motif=GGAG/GAGG;rbs_spacer=5-10bp;gc_cont=0.509
NODE_819_length_1616_cov_238.934402:1109-1636|+     -            176 8658                 -            453    0.0017   15.3   0.1   1   2      0.47   1.2e+02   -0.6   0.0   290   327    28    64    16    74 0.63 NODE_819_length_1616_cov_238.934402_2 # 1109 # 1636 # 1 # ID=356_2;partial=01;start_type=ATG;rbs_motif=AGGAG;rbs_spacer=5-10bp;gc_cont=0.511
NODE_819_length_1616_cov_238.934402:1109-1636|+     -            176 8658                 -            453    0.0017   15.3   0.1   2   2   2.5e-05    0.0064   13.4   0.0    39    63   101   125    90   173 0.68 NODE_819_length_1616_cov_238.934402_2 # 1109 # 1636 # 1 # ID=356_2;partial=01;start_type=ATG;rbs_motif=AGGAG;rbs_spacer=5-10bp;gc_cont=0.511
NODE_1441_length_52686_cov_76.197510:47313-47990|-  -            226 8658                 -            453    0.0026   14.7   0.0   1   2   2.3e-05    0.0058   13.6   0.0    31    68    48    84    37    89 0.84 NODE_1441_length_52686_cov_76.197510_52 # 47313 # 47990 # -1 # ID=633_52;partial=00;start_type=ATG;rbs_motif=None;rbs_spacer=None;gc_cont=0.478
NODE_1441_length_52686_cov_76.197510:47313-47990|-  -            226 8658                 -            453    0.0026   14.7   0.0   2   2       1.9   4.7e+02   -2.6   0.0   258   258   183   183   136   220 0.55 NODE_1441_length_52686_cov_76.197510_52 # 47313 # 47990 # -1 # ID=633_52;partial=00;start_type=ATG;rbs_motif=None;rbs_spacer=None;gc_cont=0.478
NODE_1362_length_2505_cov_168.079437:1667-2422|+    -            252 8658                 -            453     0.024   11.5   0.0   1   1   0.00015     0.037   10.9   0.0    38    63    97   122    83   124 0.82 NODE_1362_length_2505_cov_168.079437_3 # 1667 # 2422 # 1 # ID=602_3;partial=00;start_type=ATG;rbs_motif=AGGA;rbs_spacer=5-10bp;gc_cont=0.526
NODE_1434_length_95894_cov_75.275742:79646-80827|-  -            394 8658                 -            453     0.025   11.5   0.0   1   2       2.9   7.2e+02   -3.2   2.8   396   432    28    77    15    92 0.40 NODE_1434_length_95894_cov_75.275742_69 # 79646 # 80827 # -1 # ID=631_69;partial=00;start_type=GTG;rbs_motif=None;rbs_spacer=None;gc_cont=0.545
NODE_1434_length_95894_cov_75.275742:79646-80827|-  -            394 8658                 -            453     0.025   11.5   0.0   2   2   9.8e-05     0.025   11.5   0.0    43    66   192   215   118   239 0.89 NODE_1434_length_95894_cov_75.275742_69 # 79646 # 80827 # -1 # ID=631_69;partial=00;start_type=GTG;rbs_motif=None;rbs_spacer=None;gc_cont=0.545
NODE_282_length_4740_cov_68.375740:1151-1918|+      -            256 8658                 -            453     0.035   11.0   0.0   1   1   0.00022     0.056   10.3   0.0    41    61    28    48    16    55 0.86 NODE_282_length_4740_cov_68.375740_2 # 1151 # 1918 # 1 # ID=80_2;partial=00;start_type=ATG;rbs_motif=AGGAG;rbs_spacer=5-10bp;gc_cont=0.560
NODE_22_length_21196_cov_74.466599:120-764|-        -            215 8658                 -            453     0.035   11.0   1.4   1   2    0.0003     0.075    9.9   0.0    43    70     3    30     1    33 0.92 NODE_22_length_21196_cov_74.466599_1 # 120 # 764 # -1 # ID=6_1;partial=00;start_type=ATG;rbs_motif=GGA/GAG/AGG;rbs_spacer=5-10bp;gc_cont=0.518
NODE_22_length_21196_cov_74.466599:120-764|-        -            215 8658                 -            453     0.035   11.0   1.4   2   2      0.39        99   -0.4   0.2   207   232   142   167   141   175 0.87 NODE_22_length_21196_cov_74.466599_1 # 120 # 764 # -1 # ID=6_1;partial=00;start_type=ATG;rbs_motif=GGA/GAG/AGG;rbs_spacer=5-10bp;gc_cont=0.518
#
# Program:         hmmsearch
# Version:         3.4 (Aug 2023)
# Pipeline mode:   SEARCH
# Query file:      /home/simonedassisi/velvet-1.2.10/busco_downloads/lineages/archaea_odb12/hmms/8658at2157.hmm
# Target file:     results/BUSCO_output_velveth21/prodigal_output/predicted_genes/predicted.faa
# Option settings: hmmsearch --domtblout results/BUSCO_output_velveth21/auto_lineage/run_archaea_odb12/hmmer_output/8658at2157.out --cpu 1 /home/simonedassisi/velvet-1.2.10/busco_downloads/lineages/archaea_odb12/hmms/8658at2157.hmm results/BUSCO_output_velveth21/prodigal_output/predicted_genes/predicted.faa 
# Current dir:     /home/simonedassisi/velvet-1.2.10
# Date:            Wed Apr  2 19:18:19 2025
# [ok]
