#                                                                                                          --- full sequence --- -------------- this domain -------------   hmm coord   ali coord   env coord
# target name                                      accession   tlen query name           accession   qlen   E-value  score  bias   #  of  c-Evalue  i-Evalue  score  bias  from    to  from    to  from    to  acc description of target
#                              ------------------- ---------- ----- -------------------- ---------- ----- --------- ------ ----- --- --- --------- --------- ------ ----- ----- ----- ----- ----- ----- ----- ---- ---------------------
NODE_2129_length_51924_cov_72.758377:36875-39337|+ -            821 8904                 -            382   2.6e-87  291.5   0.6   1   2   1.4e-13   1.2e-10   39.1   0.0     3    78     2    76     1    82 0.90 NODE_2129_length_51924_cov_72.758377_39 # 36875 # 39337 # 1 # ID=1066_39;partial=00;start_type=ATG;rbs_motif=GGAG/GAGG;rbs_spacer=5-10bp;gc_cont=0.532
NODE_2129_length_51924_cov_72.758377:36875-39337|+ -            821 8904                 -            382   2.6e-87  291.5   0.6   2   2   6.4e-78   5.6e-75  250.9   0.1    61   380   118   457   111   459 0.89 NODE_2129_length_51924_cov_72.758377_39 # 36875 # 39337 # 1 # ID=1066_39;partial=00;start_type=ATG;rbs_motif=GGAG/GAGG;rbs_spacer=5-10bp;gc_cont=0.532
NODE_1008_length_19602_cov_73.790375:18099-19448|+ -            450 8904                 -            382   8.8e-81  270.0   0.0   1   2   4.1e-10   3.6e-07   27.7   0.1     2    54     4    53     3    60 0.91 NODE_1008_length_19602_cov_73.790375_18 # 18099 # 19448 # 1 # ID=428_18;partial=00;start_type=ATG;rbs_motif=GGAG/GAGG;rbs_spacer=5-10bp;gc_cont=0.539
NODE_1008_length_19602_cov_73.790375:18099-19448|+ -            450 8904                 -            382   8.8e-81  270.0   0.0   2   2   9.8e-75   8.7e-72  240.4   0.0    49   379    98   444    93   447 0.90 NODE_1008_length_19602_cov_73.790375_18 # 18099 # 19448 # 1 # ID=428_18;partial=00;start_type=ATG;rbs_motif=GGAG/GAGG;rbs_spacer=5-10bp;gc_cont=0.539
NODE_2487_length_42213_cov_77.013382:3031-5463|+   -            811 8904                 -            382   2.1e-56  189.7   0.0   1   2   3.5e-11   3.1e-08   31.2   0.0     5    64    15    72    11    75 0.88 NODE_2487_length_42213_cov_77.013382_5 # 3031 # 5463 # 1 # ID=1291_5;partial=00;start_type=ATG;rbs_motif=GGA/GAG/AGG;rbs_spacer=5-10bp;gc_cont=0.585
NODE_2487_length_42213_cov_77.013382:3031-5463|+   -            811 8904                 -            382   2.1e-56  189.7   0.0   2   2     3e-49   2.6e-46  156.5   0.0    40   381   100   451    95   452 0.90 NODE_2487_length_42213_cov_77.013382_5 # 3031 # 5463 # 1 # ID=1291_5;partial=00;start_type=ATG;rbs_motif=GGA/GAG/AGG;rbs_spacer=5-10bp;gc_cont=0.585
NODE_1229_length_78306_cov_70.440285:10426-11529|+ -            368 8904                 -            382   4.8e-07   27.3   0.0   1   2   0.00058      0.51    7.4   0.0     3    40     7    50     5    79 0.79 NODE_1229_length_78306_cov_70.440285_13 # 10426 # 11529 # 1 # ID=529_13;partial=00;start_type=ATG;rbs_motif=GGA/GAG/AGG;rbs_spacer=3-4bp;gc_cont=0.562
NODE_1229_length_78306_cov_70.440285:10426-11529|+ -            368 8904                 -            382   4.8e-07   27.3   0.0   2   2   4.1e-07   0.00036   17.8   0.0   154   190   155   191   147   199 0.88 NODE_1229_length_78306_cov_70.440285_13 # 10426 # 11529 # 1 # ID=529_13;partial=00;start_type=ATG;rbs_motif=GGA/GAG/AGG;rbs_spacer=3-4bp;gc_cont=0.562
NODE_1204_length_64359_cov_77.399834:37170-37895|+ -            242 8904                 -            382   2.1e-06   25.2   0.1   1   1   4.3e-09   3.8e-06   24.3   0.1   149   234   146   230   144   240 0.79 NODE_1204_length_64359_cov_77.399834_31 # 37170 # 37895 # 1 # ID=516_31;partial=00;start_type=ATG;rbs_motif=AGGA;rbs_spacer=5-10bp;gc_cont=0.526
NODE_2487_length_42213_cov_77.013382:28882-29658|+ -            259 8904                 -            382   6.7e-05   20.2   0.0   1   2   0.00015      0.13    9.4   0.0     3    58     5    60     3    67 0.91 NODE_2487_length_42213_cov_77.013382_23 # 28882 # 29658 # 1 # ID=1291_23;partial=00;start_type=ATG;rbs_motif=GGA/GAG/AGG;rbs_spacer=5-10bp;gc_cont=0.555
NODE_2487_length_42213_cov_77.013382:28882-29658|+ -            259 8904                 -            382   6.7e-05   20.2   0.0   2   2   0.00022       0.2    8.8   0.1   149   177   162   189   132   206 0.86 NODE_2487_length_42213_cov_77.013382_23 # 28882 # 29658 # 1 # ID=1291_23;partial=00;start_type=ATG;rbs_motif=GGA/GAG/AGG;rbs_spacer=5-10bp;gc_cont=0.555
#
# Program:         hmmsearch
# Version:         3.4 (Aug 2023)
# Pipeline mode:   SEARCH
# Query file:      /home/simonedassisi/velvet-1.2.10/busco_downloads/lineages/archaea_odb12/hmms/8904at2157.hmm
# Target file:     results/BUSCO_output_velveth21/prodigal_output/predicted_genes/predicted.faa
# Option settings: hmmsearch --domtblout results/BUSCO_output_velveth21/auto_lineage/run_archaea_odb12/hmmer_output/8904at2157.out --cpu 1 /home/simonedassisi/velvet-1.2.10/busco_downloads/lineages/archaea_odb12/hmms/8904at2157.hmm results/BUSCO_output_velveth21/prodigal_output/predicted_genes/predicted.faa 
# Current dir:     /home/simonedassisi/velvet-1.2.10
# Date:            Wed Apr  2 19:18:19 2025
# [ok]
