#                                                                                                          --- full sequence --- -------------- this domain -------------   hmm coord   ali coord   env coord
# target name                                      accession   tlen query name           accession   qlen   E-value  score  bias   #  of  c-Evalue  i-Evalue  score  bias  from    to  from    to  from    to  acc description of target
#                              ------------------- ---------- ----- -------------------- ---------- ----- --------- ------ ----- --- --- --------- --------- ------ ----- ----- ----- ----- ----- ----- ----- ---- ---------------------
NODE_846_length_63393_cov_76.936378:46750-47517|-  -            256 9465                 -            210   3.9e-15   54.4   3.2   1   2   2.9e-13   1.9e-10   39.1   0.0    23   119    29   136     6   140 0.77 NODE_846_length_63393_cov_76.936378_49 # 46750 # 47517 # -1 # ID=361_49;partial=00;start_type=ATG;rbs_motif=GGAG/GAGG;rbs_spacer=5-10bp;gc_cont=0.530
NODE_846_length_63393_cov_76.936378:46750-47517|-  -            256 9465                 -            210   3.9e-15   54.4   3.2   2   2     4e-06    0.0026   15.8   1.7   101   197   135   240   130   252 0.66 NODE_846_length_63393_cov_76.936378_49 # 46750 # 47517 # -1 # ID=361_49;partial=00;start_type=ATG;rbs_motif=GGAG/GAGG;rbs_spacer=5-10bp;gc_cont=0.530
NODE_1677_length_30732_cov_80.654755:15207-15977|+ -            257 9465                 -            210     6e-06   24.4   0.7   1   1   1.7e-08   1.1e-05   23.5   0.7   154   202   168   216   163   223 0.89 NODE_1677_length_30732_cov_80.654755_18 # 15207 # 15977 # 1 # ID=765_18;partial=00;start_type=ATG;rbs_motif=AGxAGG/AGGxGG;rbs_spacer=5-10bp;gc_cont=0.581
NODE_2006_length_20165_cov_69.217606:2170-2907|-   -            246 9465                 -            210   0.00015   19.8   4.3   1   3   5.2e-07   0.00035   18.7   0.2   158   198    71   110    57   117 0.88 NODE_2006_length_20165_cov_69.217606_4 # 2170 # 2907 # -1 # ID=987_4;partial=00;start_type=ATG;rbs_motif=GGAG/GAGG;rbs_spacer=5-10bp;gc_cont=0.558
NODE_2006_length_20165_cov_69.217606:2170-2907|-   -            246 9465                 -            210   0.00015   19.8   4.3   2   3      0.75   4.9e+02   -1.4   0.0    92   112   153   173   149   183 0.83 NODE_2006_length_20165_cov_69.217606_4 # 2170 # 2907 # -1 # ID=987_4;partial=00;start_type=ATG;rbs_motif=GGAG/GAGG;rbs_spacer=5-10bp;gc_cont=0.558
NODE_2006_length_20165_cov_69.217606:2170-2907|-   -            246 9465                 -            210   0.00015   19.8   4.3   3   3     0.097        64    1.5   0.4   162   194   197   229   184   237 0.78 NODE_2006_length_20165_cov_69.217606_4 # 2170 # 2907 # -1 # ID=987_4;partial=00;start_type=ATG;rbs_motif=GGAG/GAGG;rbs_spacer=5-10bp;gc_cont=0.558
NODE_2031_length_15140_cov_83.574440:8466-9656|-   -            397 9465                 -            210   0.00054   18.0   0.9   1   2     0.015       9.8    4.1   0.0   169   190   252   273   247   275 0.92 NODE_2031_length_15140_cov_83.574440_11 # 8466 # 9656 # -1 # ID=1003_11;partial=00;start_type=ATG;rbs_motif=GGAG/GAGG;rbs_spacer=5-10bp;gc_cont=0.562
NODE_2031_length_15140_cov_83.574440:8466-9656|-   -            397 9465                 -            210   0.00054   18.0   0.9   2   2   6.7e-05     0.044   11.8   0.6   160   194   299   333   288   351 0.86 NODE_2031_length_15140_cov_83.574440_11 # 8466 # 9656 # -1 # ID=1003_11;partial=00;start_type=ATG;rbs_motif=GGAG/GAGG;rbs_spacer=5-10bp;gc_cont=0.562
NODE_2006_length_20165_cov_69.217606:1412-2188|-   -            259 9465                 -            210     0.024   12.7   0.1   1   2   0.00046       0.3    9.1   0.0   151   193    64   106    46   118 0.84 NODE_2006_length_20165_cov_69.217606_3 # 1412 # 2188 # -1 # ID=987_3;partial=00;start_type=ATG;rbs_motif=AGGAG;rbs_spacer=5-10bp;gc_cont=0.529
NODE_2006_length_20165_cov_69.217606:1412-2188|-   -            259 9465                 -            210     0.024   12.7   0.1   2   2       0.1        68    1.4   0.0   153   194   193   235   190   244 0.81 NODE_2006_length_20165_cov_69.217606_3 # 1412 # 2188 # -1 # ID=987_3;partial=00;start_type=ATG;rbs_motif=AGGAG;rbs_spacer=5-10bp;gc_cont=0.529
NODE_1220_length_21844_cov_70.659126:12486-13499|+ -            338 9465                 -            210     0.024   12.6   0.1   1   1   8.1e-05     0.053   11.5   0.1   147   203    68   123    63   130 0.87 NODE_1220_length_21844_cov_70.659126_11 # 12486 # 13499 # 1 # ID=525_11;partial=00;start_type=ATG;rbs_motif=AGGAG;rbs_spacer=5-10bp;gc_cont=0.565
NODE_1062_length_63423_cov_73.241127:34921-35673|- -            251 9465                 -            210     0.052   11.6   0.0   1   1   0.00013     0.085   10.9   0.0   141   199   174   230   163   233 0.87 NODE_1062_length_63423_cov_73.241127_32 # 34921 # 35673 # -1 # ID=442_32;partial=00;start_type=ATG;rbs_motif=None;rbs_spacer=None;gc_cont=0.537
NODE_926_length_95421_cov_71.123581:91229-92695|+  -            489 9465                 -            210      0.47    8.4  11.8   1   1    0.0045         3    5.8  11.9   116   196   284   367   220   375 0.66 NODE_926_length_95421_cov_71.123581_80 # 91229 # 92695 # 1 # ID=386_80;partial=00;start_type=ATG;rbs_motif=GGA/GAG/AGG;rbs_spacer=5-10bp;gc_cont=0.544
#
# Program:         hmmsearch
# Version:         3.4 (Aug 2023)
# Pipeline mode:   SEARCH
# Query file:      /home/simonedassisi/velvet-1.2.10/busco_downloads/lineages/archaea_odb12/hmms/9465at2157.hmm
# Target file:     results/BUSCO_output_velveth21/prodigal_output/predicted_genes/predicted.faa
# Option settings: hmmsearch --domtblout results/BUSCO_output_velveth21/auto_lineage/run_archaea_odb12/hmmer_output/9465at2157.out --cpu 1 /home/simonedassisi/velvet-1.2.10/busco_downloads/lineages/archaea_odb12/hmms/9465at2157.hmm results/BUSCO_output_velveth21/prodigal_output/predicted_genes/predicted.faa 
# Current dir:     /home/simonedassisi/velvet-1.2.10
# Date:            Wed Apr  2 19:18:19 2025
# [ok]
