#                                                                                                                                      --- full sequence --- -------------- this domain -------------   hmm coord   ali coord   env coord
# target name                                                                  accession   tlen query name           accession   qlen   E-value  score  bias   #  of  c-Evalue  i-Evalue  score  bias  from    to  from    to  from    to  acc description of target
#                                                          ------------------- ---------- ----- -------------------- ---------- ----- --------- ------ ----- --- --- --------- --------- ------ ----- ----- ----- ----- ----- ----- ----- ---- ---------------------
3370at2759_64459_0:0000fb|NODE_1288_length_45176_cov_69.014496:9664-10801|+    -            380 3370                 -            392   3.3e-65  210.9   0.0   1   1   4.9e-65   5.2e-65  210.2   0.0    22   364     4   352     1   368 0.82 <unknown description>
3370at2759_348802_1:0019f9|NODE_926_length_95421_cov_71.123581:11802-14266|-   -            431 3370                 -            392   4.5e-65  210.4   0.0   1   1   7.8e-65   8.2e-65  209.6   0.0    12   362    25   381    17   394 0.85 <unknown description>
3370at2759_113334_0:0000db|NODE_926_length_95421_cov_71.123581:11733-13017|-   -            429 3370                 -            392   1.1e-64  209.2   0.0   1   1   1.8e-64   1.9e-64  208.4   0.0    16   362     4   356     1   369 0.85 <unknown description>
3370at2759_29144_0:0007f1|NODE_926_length_95421_cov_71.123581:11961-12975|-    -            339 3370                 -            392   7.7e-63  203.1   0.0   1   1   1.2e-62   1.3e-62  202.4   0.0    32   359     8   339     2   339 0.85 <unknown description>
3370at2759_154827_0:005851|NODE_2145_length_112275_cov_77.552353:86809-95689|+ -            537 3370                 -            392   2.8e-62  201.2   0.0   1   1   5.1e-62   5.3e-62  200.3   0.0    21   362   187   529   175   535 0.87 <unknown description>
3370at2759_7038_0:002b53|NODE_2145_length_112275_cov_77.552353:94699-95842|+   -            382 3370                 -            392   3.3e-61  197.7   0.0   1   1   4.7e-61   4.9e-61  197.1   0.0    39   363     1   324     1   345 0.87 <unknown description>
3370at2759_983966_0:0016b0|NODE_899_length_14293_cov_69.337791:9984-10974|+    -            331 3370                 -            392   6.5e-57  183.6   0.0   1   1   1.2e-56   1.3e-56  182.6   0.0    33   352    13   330     3   331 0.87 <unknown description>
3370at2759_93504_0:003708|NODE_888_length_35781_cov_80.233421:17483-18599|-    -            373 3370                 -            392   4.4e-54  174.3   0.0   1   1   8.5e-54   8.9e-54  173.2   0.0    24   361     2   348     1   356 0.83 <unknown description>
3370at2759_200361_0:0035e1|NODE_1288_length_45176_cov_69.014496:10030-10753|+  -            242 3370                 -            392   3.6e-47  151.5   0.4   1   1   5.8e-47   6.1e-47  150.7   0.4   134   364     1   230     1   241 0.84 <unknown description>
3370at2759_1080233_0:003d8a|NODE_899_length_14293_cov_69.337791:9966-10437|+   -            158 3370                 -            392   2.7e-33  105.8   0.2   1   1   3.1e-33   3.2e-33  105.6   0.2    33   171    19   157     5   158 0.88 <unknown description>
3370at2759_85681_0:004219|NODE_1288_length_45176_cov_69.014496:9676-10225|+    -            184 3370                 -            392   4.3e-33  105.1   0.0   1   1   5.3e-33   5.5e-33  104.8   0.0    32   185    12   168     1   184 0.79 <unknown description>
3370at2759_160734_0:006435|NODE_926_length_95421_cov_71.123581:11796-12471|-   -            226 3370                 -            392   2.4e-32  102.7   0.0   1   1   2.8e-32   2.9e-32  102.4   0.0   201   362     1   174     1   193 0.86 <unknown description>
3370at2759_56716_0:004ad1|NODE_926_length_95421_cov_71.123581:11961-12342|-    -            128 3370                 -            392   1.5e-29   93.5   0.0   1   1   1.7e-29   1.8e-29   93.2   0.0   250   359     8   128     4   128 0.87 <unknown description>
3370at2759_8208_0:0053d5|NODE_926_length_95421_cov_71.123581:11961-12114|-     -             52 3370                 -            392   5.4e-23   71.9   0.2   1   1   5.5e-23   5.7e-23   71.8   0.2   309   359     1    52     1    52 0.97 <unknown description>
3370at2759_4572_0:002e67|NODE_1288_length_45176_cov_69.014496:9769-10093|+     -            109 3370                 -            392   1.7e-19   60.4   0.0   1   1   1.9e-19     2e-19   60.2   0.0    56   154     1   108     1   109 0.81 <unknown description>
3370at2759_225400_0:002ca2|NODE_899_length_14293_cov_69.337791:10794-11013|+   -             74 3370                 -            392   4.4e-19   59.0   0.0   1   1   4.3e-19   4.5e-19   59.0   0.0   306   361    13    69     3    74 0.91 <unknown description>
3370at2759_59463_0:00463c|NODE_899_length_14293_cov_69.337791:10794-11076|+    -             95 3370                 -            392   6.3e-19   58.5   0.0   1   1   6.5e-19   6.8e-19   58.4   0.0   306   362    13    70     3    84 0.90 <unknown description>
3370at2759_8208_0:0053d5|NODE_899_length_14293_cov_69.337791:10839-10989|+     -             51 3370                 -            392   1.3e-17   54.2   0.0   1   1   1.3e-17   1.3e-17   54.2   0.0   309   357     1    50     1    51 0.95 <unknown description>
3370at2759_44415_0:0023be|NODE_926_length_95421_cov_71.123581:12723-12930|-    -             70 3370                 -            392   3.6e-16   49.4   0.0   1   1   3.6e-16   3.7e-16   49.4   0.0    41   105     2    67     1    70 0.83 <unknown description>
3370at2759_75366_0:004d3b|NODE_2145_length_112275_cov_77.552353:95554-95776|+  -             75 3370                 -            392   1.1e-15   47.9   0.0   1   1     1e-15   1.1e-15   47.9   0.0   326   367     2    42     1    63 0.81 <unknown description>
3370at2759_55513_0:0037ab|NODE_1288_length_45176_cov_69.014496:9988-10141|+    -             52 3370                 -            392   1.8e-15   47.1   0.2   1   1   1.9e-15     2e-15   47.0   0.2   130   171    11    52     6    52 0.93 <unknown description>
#
# Program:         hmmsearch
# Version:         3.4 (Aug 2023)
# Pipeline mode:   SEARCH
# Query file:      /home/simonedassisi/velvet-1.2.10/busco_downloads/lineages/eukaryota_odb12/hmms/3370at2759.hmm
# Target file:     results/BUSCO_output_velveth21/auto_lineage/run_eukaryota_odb12/miniprot_output/translated_proteins/3370at2759.faa
# Option settings: hmmsearch --domtblout results/BUSCO_output_velveth21/auto_lineage/run_eukaryota_odb12/hmmer_output/3370at2759.out --cpu 1 /home/simonedassisi/velvet-1.2.10/busco_downloads/lineages/eukaryota_odb12/hmms/3370at2759.hmm results/BUSCO_output_velveth21/auto_lineage/run_eukaryota_odb12/miniprot_output/translated_proteins/3370at2759.faa 
# Current dir:     /home/simonedassisi/velvet-1.2.10
# Date:            Wed Apr  2 19:22:26 2025
# [ok]
