#                                                                                                                                        --- full sequence --- -------------- this domain -------------   hmm coord   ali coord   env coord
# target name                                                                    accession   tlen query name           accession   qlen   E-value  score  bias   #  of  c-Evalue  i-Evalue  score  bias  from    to  from    to  from    to  acc description of target
#                                                            ------------------- ---------- ----- -------------------- ---------- ----- --------- ------ ----- --- --- --------- --------- ------ ----- ----- ----- ----- ----- ----- ----- ---- ---------------------
422663at2759_3988_0:002343|NODE_1288_length_45176_cov_69.014496:5091-10741|+     -            393 422663               -            669   4.6e-92  300.0   0.8   1   2     9e-64     9e-64  206.6   0.2    72   327    12   255     2   286 0.89 <unknown description>
422663at2759_3988_0:002343|NODE_1288_length_45176_cov_69.014496:5091-10741|+     -            393 422663               -            669   4.6e-92  300.0   0.8   2   2   2.5e-29   2.5e-29   92.7   0.1   412   515   288   391   254   393 0.88 <unknown description>
422663at2759_34305_0:007cb1|NODE_1288_length_45176_cov_69.014496:8043-10789|+    -            423 422663               -            669   1.1e-91  298.7   0.3   1   2   4.6e-63   4.6e-63  204.2   0.1    85   327    39   269    18   300 0.91 <unknown description>
422663at2759_34305_0:007cb1|NODE_1288_length_45176_cov_69.014496:8043-10789|+    -            423 422663               -            669   1.1e-91  298.7   0.3   2   2     2e-29     2e-29   93.0   0.0   413   516   303   406   278   415 0.89 <unknown description>
422663at2759_109280_0:003046|NODE_1288_length_45176_cov_69.014496:7118-10693|+   -            449 422663               -            669   6.7e-90  292.9   0.5   1   2     2e-63     2e-63  205.4   0.1    77   326    89   324    70   357 0.91 <unknown description>
422663at2759_109280_0:003046|NODE_1288_length_45176_cov_69.014496:7118-10693|+   -            449 422663               -            669   6.7e-90  292.9   0.5   2   2   2.4e-27   2.4e-27   86.2   0.1   412   500   360   448   328   449 0.89 <unknown description>
422663at2759_7741_1:000d81|NODE_1288_length_45176_cov_69.014496:9661-10729|+     -            357 422663               -            669   9.5e-90  292.4   0.9   1   2     7e-62     7e-62  200.3   0.2    93   327     1   223     1   254 0.92 <unknown description>
422663at2759_7741_1:000d81|NODE_1288_length_45176_cov_69.014496:9661-10729|+     -            357 422663               -            669   9.5e-90  292.4   0.9   2   2   6.2e-29   6.2e-29   91.4   0.1   412   510   256   354   222   357 0.88 <unknown description>
422663at2759_63214_0:000458|NODE_2145_length_112275_cov_77.552353:86524-95659|+  -            472 422663               -            669   2.5e-84  274.5   1.6   1   2   5.3e-54   5.3e-54  174.3   0.3    53   320    93   337     6   346 0.78 <unknown description>
422663at2759_63214_0:000458|NODE_2145_length_112275_cov_77.552353:86524-95659|+  -            472 422663               -            669   2.5e-84  274.5   1.6   2   2     4e-31     4e-31   98.7   0.0   420   504   387   471   369   472 0.92 <unknown description>
422663at2759_44056_0:000793|NODE_2145_length_112275_cov_77.552353:94678-95716|+  -            347 422663               -            669   2.2e-82  268.1   0.2   1   2   6.5e-50   6.5e-50  160.8   0.0   110   320     2   193     1   211 0.94 <unknown description>
422663at2759_44056_0:000793|NODE_2145_length_112275_cov_77.552353:94678-95716|+  -            347 422663               -            669   2.2e-82  268.1   0.2   2   2   3.3e-33   3.3e-33  105.6   0.1   420   516   243   339   224   345 0.91 <unknown description>
422663at2759_12968_0:000926|NODE_926_length_95421_cov_71.123581:11958-13008|-    -            351 422663               -            669   5.7e-80  260.1   0.1   1   2   1.6e-52   1.6e-52  169.4   0.0    92   366     2   265     1   272 0.85 <unknown description>
422663at2759_12968_0:000926|NODE_926_length_95421_cov_71.123581:11958-13008|-    -            351 422663               -            669   5.7e-80  260.1   0.1   2   2   2.3e-28   2.3e-28   89.5   0.1   422   503   268   349   237   351 0.91 <unknown description>
422663at2759_136037_0:0029e9|NODE_888_length_35781_cov_80.233421:17573-18626|-   -            352 422663               -            669   1.6e-79  258.6   0.1   1   2   7.3e-52   7.3e-52  167.2   0.0    90   326     2   227     1   247 0.92 <unknown description>
422663at2759_136037_0:0029e9|NODE_888_length_35781_cov_80.233421:17573-18626|-   -            352 422663               -            669   1.6e-79  258.6   0.1   2   2   2.2e-28   2.2e-28   89.6   0.2   428   500   279   351   257   352 0.95 <unknown description>
422663at2759_6549_0:002230|NODE_899_length_14293_cov_69.337791:9999-11028|+      -            344 422663               -            669   1.1e-77  252.5   0.2   1   2   4.9e-47   4.9e-47  151.2   0.0   104   323     2   202     1   216 0.90 <unknown description>
422663at2759_6549_0:002230|NODE_899_length_14293_cov_69.337791:9999-11028|+      -            344 422663               -            669   1.1e-77  252.5   0.2   2   2   2.4e-31   2.4e-31   99.4   0.0   424   509   252   337   235   344 0.92 <unknown description>
422663at2759_1734106_0:00188f|NODE_888_length_35781_cov_80.233421:16504-18506|-  -            450 422663               -            669   2.2e-69  225.1   0.1   1   2   1.1e-40   1.1e-40  130.3   0.0   130   326     1   187     1   206 0.91 <unknown description>
422663at2759_1734106_0:00188f|NODE_888_length_35781_cov_80.233421:16504-18506|-  -            450 422663               -            669   2.2e-69  225.1   0.1   2   2   2.2e-29   2.2e-29   92.9   0.2   428   511   239   322   218   357 0.93 <unknown description>
422663at2759_3369_0:000ff2|NODE_1288_length_45176_cov_69.014496:9886-10741|+     -            286 422663               -            669   4.9e-68  220.6   0.9   1   2   1.6e-39   1.6e-39  126.4   0.3   169   327     1   148     1   179 0.90 <unknown description>
422663at2759_3369_0:000ff2|NODE_1288_length_45176_cov_69.014496:9886-10741|+     -            286 422663               -            669   4.9e-68  220.6   0.9   2   2   1.4e-29   1.4e-29   93.6   0.1   412   515   181   284   149   286 0.88 <unknown description>
422663at2759_6850_0:004ebd|NODE_1288_length_45176_cov_69.014496:9724-10561|+     -            280 422663               -            669   3.6e-62  201.3   0.6   1   2   4.5e-58   4.5e-58  187.7   0.5   114   327     1   202     1   233 0.92 <unknown description>
422663at2759_6850_0:004ebd|NODE_1288_length_45176_cov_69.014496:9724-10561|+     -            280 422663               -            669   3.6e-62  201.3   0.6   2   2   5.1e-05   5.1e-05   12.4   0.0   412   457   235   280   201   280 0.82 <unknown description>
422663at2759_144197_0:003cbf|NODE_1288_length_45176_cov_69.014496:9658-10288|+   -            211 422663               -            669   1.9e-61  198.9   0.0   1   1   2.1e-61   2.1e-61  198.8   0.0    92   315     1   210     1   211 0.97 <unknown description>
422663at2759_93504_0:000016|NODE_926_length_95421_cov_71.123581:9138-13005|-     -            260 422663               -            669   1.9e-52  169.2   0.0   1   1   2.1e-52   2.1e-52  169.0   0.0    92   329     1   223     1   254 0.91 <unknown description>
422663at2759_41875_0:0018f0|NODE_888_length_35781_cov_80.233421:17972-18626|-    -            219 422663               -            669   2.8e-51  165.3   0.0   1   1     3e-51     3e-51  165.1   0.0    90   317     2   218     1   219 0.95 <unknown description>
422663at2759_5861_0:0005b9|NODE_926_length_95421_cov_71.123581:12495-13002|-     -            170 422663               -            669     1e-45  146.9   0.0   1   1   1.1e-45   1.1e-45  146.7   0.0    93   266     1   169     1   170 0.96 <unknown description>
422663at2759_13642_0:0010ec|NODE_899_length_14293_cov_69.337791:10368-11004|+    -            213 422663               -            669   5.5e-45  144.5   0.2   1   2     2e-14     2e-14   43.5   0.0   239   324     6    80     2    95 0.85 <unknown description>
422663at2759_13642_0:0010ec|NODE_899_length_14293_cov_69.337791:10368-11004|+    -            213 422663               -            669   5.5e-45  144.5   0.2   2   2     3e-31     3e-31   99.1   0.0   424   507   129   212   112   213 0.93 <unknown description>
422663at2759_70779_0:000519|NODE_1288_length_45176_cov_69.014496:9886-10318|+    -            145 422663               -            669   7.8e-40  127.4   0.2   1   1   8.5e-40   8.5e-40  127.3   0.2   169   322     1   141     1   145 0.96 <unknown description>
422663at2759_578459_0:00194b|NODE_888_length_35781_cov_80.233421:17999-18503|-   -            169 422663               -            669   2.2e-38  122.6   0.0   1   1   2.4e-38   2.4e-38  122.5   0.0   131   308     1   168     1   169 0.93 <unknown description>
422663at2759_4442_0:002d98|NODE_1288_length_45176_cov_69.014496:9829-10231|+     -            135 422663               -            669   7.9e-36  114.2   0.1   1   1   8.7e-36   8.7e-36  114.1   0.1   151   296     2   134     1   135 0.95 <unknown description>
422663at2759_294128_0:0003ec|NODE_2145_length_112275_cov_77.552353:95302-95653|+ -            118 422663               -            669   3.6e-32  102.1   0.1   1   1   3.9e-32   3.9e-32  102.0   0.1   419   503    34   118    16   118 0.92 <unknown description>
422663at2759_526221_0:00073f|NODE_899_length_14293_cov_69.337791:10767-10998|+   -             78 422663               -            669   1.6e-30   96.6   0.1   1   1   1.8e-30   1.8e-30   96.5   0.1   429   505     1    77     1    78 0.99 <unknown description>
422663at2759_294128_0:0003ec|NODE_1288_length_45176_cov_69.014496:10348-10744|+  -            133 422663               -            669   1.7e-30   96.6   0.0   1   1   1.8e-30   1.8e-30   96.5   0.0   412   515    27   130     3   132 0.89 <unknown description>
422663at2759_294128_0:0003ec|NODE_888_length_35781_cov_80.233421:17576-17909|-   -            112 422663               -            669   2.2e-29   92.9   0.2   1   1   2.2e-29   2.2e-29   92.9   0.2   427   500    39   112    13   112 0.94 <unknown description>
422663at2759_30069_0:002edb|NODE_926_length_95421_cov_71.123581:11958-12174|-    -             73 422663               -            669   2.2e-27   86.3   0.1   1   1   2.3e-27   2.3e-27   86.2   0.1   433   503     1    71     1    73 0.97 <unknown description>
422663at2759_526221_0:00077d|NODE_888_length_35781_cov_80.233421:18314-18548|-   -             79 422663               -            669   1.4e-19   60.5   0.1   1   1   1.4e-19   1.4e-19   60.5   0.1   115   189     1    75     1    79 0.90 <unknown description>
422663at2759_2530218_0:002f3c|NODE_899_length_14293_cov_69.337791:10863-11064|+  -             68 422663               -            669   8.8e-18   54.6   0.0   1   1   9.1e-18   9.1e-18   54.5   0.0   461   515     1    55     1    65 0.92 <unknown description>
#
# Program:         hmmsearch
# Version:         3.4 (Aug 2023)
# Pipeline mode:   SEARCH
# Query file:      /home/simonedassisi/velvet-1.2.10/busco_downloads/lineages/eukaryota_odb12/hmms/422663at2759.hmm
# Target file:     results/BUSCO_output_velveth21/auto_lineage/run_eukaryota_odb12/miniprot_output/translated_proteins/422663at2759.faa
# Option settings: hmmsearch --domtblout results/BUSCO_output_velveth21/auto_lineage/run_eukaryota_odb12/hmmer_output/422663at2759.out --cpu 1 /home/simonedassisi/velvet-1.2.10/busco_downloads/lineages/eukaryota_odb12/hmms/422663at2759.hmm results/BUSCO_output_velveth21/auto_lineage/run_eukaryota_odb12/miniprot_output/translated_proteins/422663at2759.faa 
# Current dir:     /home/simonedassisi/velvet-1.2.10
# Date:            Wed Apr  2 19:22:26 2025
# [ok]
