#                                                                                                                                          --- full sequence --- -------------- this domain -------------   hmm coord   ali coord   env coord
# target name                                                                      accession   tlen query name           accession   qlen   E-value  score  bias   #  of  c-Evalue  i-Evalue  score  bias  from    to  from    to  from    to  acc description of target
#                                                              ------------------- ---------- ----- -------------------- ---------- ----- --------- ------ ----- --- --- --------- --------- ------ ----- ----- ----- ----- ----- ----- ----- ---- ---------------------
7396459at2759_6604_0:00261a|NODE_2145_length_112275_cov_77.552353:94609-96112|+    -            502 7396459              -            561   7.4e-92  298.8   0.0   1   1   8.5e-92   8.9e-92  298.6   0.0     5   405     5   395     1   417 0.90 <unknown description>
7396459at2759_1485682_0:000b56|NODE_2145_length_112275_cov_77.552353:94681-95695|+ -            339 7396459              -            561     8e-89  288.8   0.0   1   1     9e-89   9.4e-89  288.6   0.0    26   365     1   331     1   338 0.93 <unknown description>
7396459at2759_54092_0:0006ec|NODE_2145_length_112275_cov_77.552353:94693-100552|+  -            464 7396459              -            561   3.4e-88  286.7   0.0   1   1   3.9e-88   4.1e-88  286.5   0.0    31   388     2   350     1   367 0.91 <unknown description>
7396459at2759_13616_0:0020f5|NODE_899_length_14293_cov_69.337791:9963-11106|+      -            382 7396459              -            561   5.4e-88  286.1   0.0   1   1     6e-88   6.3e-88  285.9   0.0    16   372    10   356     1   377 0.90 <unknown description>
7396459at2759_174621_0:002551|NODE_1288_length_45176_cov_69.014496:9676-10774|+    -            367 7396459              -            561   5.1e-87  282.9   0.1   1   1   5.7e-87     6e-87  282.6   0.1    16   365     2   348     1   361 0.92 <unknown description>
7396459at2759_63214_0:000d7f|NODE_1288_length_45176_cov_69.014496:9688-12295|+     -            357 7396459              -            561   1.1e-86  281.8   0.1   1   1   1.2e-86   1.3e-86  281.5   0.1    22   369     5   349     1   355 0.92 <unknown description>
7396459at2759_1450172_0:000474|NODE_1288_length_45176_cov_69.014496:9676-13456|+   -            498 7396459              -            561   1.3e-86  281.5   0.1   1   1   1.6e-86   1.6e-86  281.2   0.1    16   365     2   348     1   363 0.92 <unknown description>
7396459at2759_55577_0:001e3f|NODE_926_length_95421_cov_71.123581:11814-13017|-     -            402 7396459              -            561   3.2e-86  280.2   0.0   1   1   3.6e-86   3.8e-86  280.0   0.0     6   362     4   355     1   377 0.92 <unknown description>
7396459at2759_7757_0:002794|NODE_1288_length_45176_cov_69.014496:8923-10693|+      -            351 7396459              -            561   8.3e-85  275.6   0.1   1   1   9.4e-85   9.9e-85  275.3   0.1    25   356    23   350    17   351 0.93 <unknown description>
7396459at2759_1080233_0:0013aa|NODE_926_length_95421_cov_71.123581:11961-17016|-   -            364 7396459              -            561   5.7e-84  272.8   0.0   1   1   6.5e-84   6.8e-84  272.6   0.0    24   358    32   362    15   364 0.93 <unknown description>
7396459at2759_590646_0:001279|NODE_888_length_35781_cov_80.233421:17555-18599|-    -            349 7396459              -            561   6.9e-79  256.0   0.0   1   1   7.3e-79   7.6e-79  255.9   0.0    15   358     1   344     1   349 0.90 <unknown description>
7396459at2759_37032_0:003d35|NODE_1288_length_45176_cov_69.014496:9871-10738|+     -            290 7396459              -            561   5.1e-71  230.1   0.2   1   1   5.8e-71   6.1e-71  229.8   0.2    78   364     3   282     1   288 0.93 <unknown description>
7396459at2759_4577_0:007eb0|NODE_1288_length_45176_cov_69.014496:9676-10534|+      -            287 7396459              -            561   3.7e-64  207.4   0.0   1   1   3.9e-64   4.1e-64  207.3   0.0    16   304     2   286     1   287 0.92 <unknown description>
7396459at2759_9838_0:0043be|NODE_899_length_14293_cov_69.337791:10248-11028|+      -            261 7396459              -            561   3.5e-62  200.9   0.0   1   1   3.9e-62   4.1e-62  200.7   0.0   106   365     2   254     1   260 0.91 <unknown description>
7396459at2759_35019_0:001f8b|NODE_1288_length_45176_cov_69.014496:10006-10693|+    -            230 7396459              -            561   1.3e-58  189.1   0.2   1   1   1.4e-58   1.4e-58  189.0   0.2   128   356     7   229     1   230 0.93 <unknown description>
7396459at2759_64791_0:001b5a|NODE_1288_length_45176_cov_69.014496:9670-10315|+     -            216 7396459              -            561   1.6e-57  185.4   0.1   1   1   1.7e-57   1.8e-57  185.3   0.1    15   225     3   216     1   216 0.92 <unknown description>
7396459at2759_49212_0:0021c5|NODE_899_length_14293_cov_69.337791:10404-11004|+     -            201 7396459              -            561   4.7e-51  164.1   0.0   1   1     5e-51   5.3e-51  164.0   0.0   159   363     1   200     1   201 0.91 <unknown description>
7396459at2759_225400_0:002cbb|NODE_926_length_95421_cov_71.123581:11862-12573|-    -            238 7396459              -            561   8.8e-51  163.2   0.0   1   1     1e-50   1.1e-50  163.0   0.0   155   362     2   207     1   217 0.91 <unknown description>
7396459at2759_8208_0:005f91|NODE_1288_length_45176_cov_69.014496:9676-10153|+      -            160 7396459              -            561   3.8e-44  141.4   0.0   1   1   3.9e-44   4.1e-44  141.2   0.0    16   172     2   159     1   160 0.92 <unknown description>
7396459at2759_88456_0:000897|NODE_926_length_95421_cov_71.123581:11949-12174|-     -             76 7396459              -            561   1.6e-26   83.2   0.3   1   1   1.6e-26   1.6e-26   83.1   0.3   290   362     1    74     1    76 0.92 <unknown description>
7396459at2759_37293_0:00402f|NODE_1288_length_45176_cov_69.014496:10084-10306|+    -             75 7396459              -            561   4.9e-22   68.3   0.3   1   1   4.9e-22   5.1e-22   68.3   0.3   151   220     2    73     1    75 0.92 <unknown description>
#
# Program:         hmmsearch
# Version:         3.4 (Aug 2023)
# Pipeline mode:   SEARCH
# Query file:      /home/simonedassisi/velvet-1.2.10/busco_downloads/lineages/eukaryota_odb12/hmms/7396459at2759.hmm
# Target file:     results/BUSCO_output_velveth21/auto_lineage/run_eukaryota_odb12/miniprot_output/translated_proteins/7396459at2759.faa
# Option settings: hmmsearch --domtblout results/BUSCO_output_velveth21/auto_lineage/run_eukaryota_odb12/hmmer_output/7396459at2759.out --cpu 1 /home/simonedassisi/velvet-1.2.10/busco_downloads/lineages/eukaryota_odb12/hmms/7396459at2759.hmm results/BUSCO_output_velveth21/auto_lineage/run_eukaryota_odb12/miniprot_output/translated_proteins/7396459at2759.faa 
# Current dir:     /home/simonedassisi/velvet-1.2.10
# Date:            Wed Apr  2 19:22:26 2025
# [ok]
