#                                                                                                          --- full sequence --- -------------- this domain -------------   hmm coord   ali coord   env coord
# target name                                      accession   tlen query name           accession   qlen   E-value  score  bias   #  of  c-Evalue  i-Evalue  score  bias  from    to  from    to  from    to  acc description of target
#                              ------------------- ---------- ----- -------------------- ---------- ----- --------- ------ ----- --- --- --------- --------- ------ ----- ----- ----- ----- ----- ----- ----- ---- ---------------------
NODE_4_length_139564_cov_44.158667:123676-124497|- -            274 9790352              -            252     9e-95  315.1   3.6   1   1   1.6e-97     1e-94  314.9   3.6     2   251     6   270     5   271 0.93 NODE_4_length_139564_cov_44.158667_106 # 123676 # 124497 # -1 # ID=4_106;partial=00;start_type=ATG;rbs_motif=GGA/GAG/AGG;rbs_spacer=5-10bp;gc_cont=0.544
NODE_38_length_48580_cov_35.344705:14784-15779|-   -            332 9790352              -            252   0.00088   17.0   1.1   1   1   7.8e-06    0.0049   14.5   1.1     2   129     3   161     2   190 0.58 NODE_38_length_48580_cov_35.344705_15 # 14784 # 15779 # -1 # ID=38_15;partial=00;start_type=ATG;rbs_motif=GGxGG;rbs_spacer=5-10bp;gc_cont=0.500
NODE_23_length_80065_cov_37.437114:51700-53130|+   -            477 9790352              -            252    0.0041   14.8   0.0   1   2   1.9e-05     0.012   13.2   0.0     3    40     4    39     2    67 0.70 NODE_23_length_80065_cov_37.437114_45 # 51700 # 53130 # 1 # ID=23_45;partial=00;start_type=GTG;rbs_motif=AGGAG;rbs_spacer=5-10bp;gc_cont=0.549
NODE_23_length_80065_cov_37.437114:51700-53130|+   -            477 9790352              -            252    0.0041   14.8   0.0   2   2      0.81   5.1e+02   -1.9   0.0   184   209   133   158   114   163 0.70 NODE_23_length_80065_cov_37.437114_45 # 51700 # 53130 # 1 # ID=23_45;partial=00;start_type=GTG;rbs_motif=AGGAG;rbs_spacer=5-10bp;gc_cont=0.549
NODE_42_length_44050_cov_40.658288:13667-14671|-   -            335 9790352              -            252    0.0096   13.6   0.0   1   1   2.5e-05     0.016   12.8   0.0     2    82     2    97     1   100 0.73 NODE_42_length_44050_cov_40.658288_12 # 13667 # 14671 # -1 # ID=42_12;partial=00;start_type=ATG;rbs_motif=GGA/GAG/AGG;rbs_spacer=11-12bp;gc_cont=0.537
NODE_8_length_126545_cov_41.885285:19373-20347|-   -            325 9790352              -            252     0.023   12.3   0.2   1   2      0.15        97    0.4   0.0    78    93   116   131   111   138 0.88 NODE_8_length_126545_cov_41.885285_20 # 19373 # 20347 # -1 # ID=8_20;partial=00;start_type=ATG;rbs_motif=GGAG/GAGG;rbs_spacer=5-10bp;gc_cont=0.548
NODE_8_length_126545_cov_41.885285:19373-20347|-   -            325 9790352              -            252     0.023   12.3   0.2   2   2   0.00028      0.18    9.4   0.1     3    45   149   196   148   245 0.64 NODE_8_length_126545_cov_41.885285_20 # 19373 # 20347 # -1 # ID=8_20;partial=00;start_type=ATG;rbs_motif=GGAG/GAGG;rbs_spacer=5-10bp;gc_cont=0.548
NODE_3_length_152663_cov_37.088930:148178-149143|+ -            322 9790352              -            252     0.026   12.2   0.0   1   2   9.5e-05      0.06   11.0   0.0     3    36     5    38     3    76 0.79 NODE_3_length_152663_cov_37.088930_127 # 148178 # 149143 # 1 # ID=3_127;partial=00;start_type=ATG;rbs_motif=GGAG/GAGG;rbs_spacer=5-10bp;gc_cont=0.564
NODE_3_length_152663_cov_37.088930:148178-149143|+ -            322 9790352              -            252     0.026   12.2   0.0   2   2       1.4   8.9e+02   -2.7   0.0   106   135   235   265   224   278 0.68 NODE_3_length_152663_cov_37.088930_127 # 148178 # 149143 # 1 # ID=3_127;partial=00;start_type=ATG;rbs_motif=GGAG/GAGG;rbs_spacer=5-10bp;gc_cont=0.564
NODE_2_length_157429_cov_38.171358:30185-31198|+   -            338 9790352              -            252     0.029   12.0   0.0   1   1   7.6e-05     0.048   11.3   0.0     3    82     6    91     5   100 0.64 NODE_2_length_157429_cov_38.171358_28 # 30185 # 31198 # 1 # ID=2_28;partial=00;start_type=ATG;rbs_motif=GGAG/GAGG;rbs_spacer=5-10bp;gc_cont=0.554
NODE_35_length_52795_cov_36.978564:46817-47872|-   -            352 9790352              -            252     0.031   11.9   0.0   1   1   8.1e-05     0.051   11.2   0.0     2    86    10   101     9   131 0.79 NODE_35_length_52795_cov_36.978564_42 # 46817 # 47872 # -1 # ID=35_42;partial=00;start_type=GTG;rbs_motif=GGAG/GAGG;rbs_spacer=5-10bp;gc_cont=0.552
#
# Program:         hmmsearch
# Version:         3.4 (Aug 2023)
# Pipeline mode:   SEARCH
# Query file:      /home/simonedassisi/busco_downloads/lineages/bacteria_odb12/hmms/9790352at2.hmm
# Target file:     home/simonedassisi/Desktop/BUSCO_output/prodigal_output/predicted_genes/predicted.faa
# Option settings: hmmsearch --domtblout home/simonedassisi/Desktop/BUSCO_output/auto_lineage/run_bacteria_odb12/hmmer_output/9790352at2.out --cpu 1 /home/simonedassisi/busco_downloads/lineages/bacteria_odb12/hmms/9790352at2.hmm home/simonedassisi/Desktop/BUSCO_output/prodigal_output/predicted_genes/predicted.faa 
# Current dir:     /home/simonedassisi
# Date:            Tue Apr  1 14:23:26 2025
# [ok]
