#                                                                                                        --- full sequence --- -------------- this domain -------------   hmm coord   ali coord   env coord
# target name                                    accession   tlen query name           accession   qlen   E-value  score  bias   #  of  c-Evalue  i-Evalue  score  bias  from    to  from    to  from    to  acc description of target
#                            ------------------- ---------- ----- -------------------- ---------- ----- --------- ------ ----- --- --- --------- --------- ------ ----- ----- ----- ----- ----- ----- ----- ---- ---------------------
NODE_73_length_16238_cov_34.312333:11434-12540|- -            369 9800696              -            355  8.9e-153  506.5   0.0   1   1  1.6e-155    1e-152  506.3   0.0     3   353     5   363     3   365 0.95 NODE_73_length_16238_cov_34.312333_12 # 11434 # 12540 # -1 # ID=73_12;partial=00;start_type=ATG;rbs_motif=GGA/GAG/AGG;rbs_spacer=5-10bp;gc_cont=0.537
NODE_9_length_123825_cov_37.296666:93155-94732|+ -            526 9800696              -            355   1.9e-06   25.2   0.0   1   2   2.2e-08   1.4e-05   22.4   0.0     4    37   228   262   226   296 0.86 NODE_9_length_123825_cov_37.296666_81 # 93155 # 94732 # 1 # ID=9_81;partial=00;start_type=ATG;rbs_motif=GGA/GAG/AGG;rbs_spacer=5-10bp;gc_cont=0.546
NODE_9_length_123825_cov_37.296666:93155-94732|+ -            526 9800696              -            355   1.9e-06   25.2   0.0   2   2      0.12        77    0.2   0.0   163   185   372   394   362   397 0.83 NODE_9_length_123825_cov_37.296666_81 # 93155 # 94732 # 1 # ID=9_81;partial=00;start_type=ATG;rbs_motif=GGA/GAG/AGG;rbs_spacer=5-10bp;gc_cont=0.546
NODE_30_length_69036_cov_41.149327:10126-11424|- -            433 9800696              -            355   0.00041   17.5   0.0   1   1     1e-06   0.00064   16.9   0.0     5    69    14    77    11    85 0.85 NODE_30_length_69036_cov_41.149327_14 # 10126 # 11424 # -1 # ID=30_14;partial=00;start_type=ATG;rbs_motif=None;rbs_spacer=None;gc_cont=0.584
NODE_19_length_85129_cov_38.767276:11311-12006|+ -            232 9800696              -            355    0.0018   15.4   0.1   1   1   3.9e-06    0.0025   15.0   0.1     4    68     2    58     1    71 0.83 NODE_19_length_85129_cov_38.767276_12 # 11311 # 12006 # 1 # ID=19_12;partial=00;start_type=ATG;rbs_motif=AGGA;rbs_spacer=5-10bp;gc_cont=0.513
NODE_19_length_85129_cov_38.767276:33861-35309|- -            483 9800696              -            355    0.0024   15.0   0.0   1   2   1.4e-05    0.0086   13.2   0.0     3    41   177   215   175   259 0.81 NODE_19_length_85129_cov_38.767276_33 # 33861 # 35309 # -1 # ID=19_33;partial=00;start_type=ATG;rbs_motif=None;rbs_spacer=None;gc_cont=0.518
NODE_19_length_85129_cov_38.767276:33861-35309|- -            483 9800696              -            355    0.0024   15.0   0.0   2   2       2.8   1.8e+03   -4.3   0.0    13    30   459   476   459   479 0.86 NODE_19_length_85129_cov_38.767276_33 # 33861 # 35309 # -1 # ID=19_33;partial=00;start_type=ATG;rbs_motif=None;rbs_spacer=None;gc_cont=0.518
NODE_8_length_126545_cov_41.885285:19373-20347|- -            325 9800696              -            355      0.02   12.0   0.1   1   1   4.5e-05     0.029   11.5   0.1     5    38   150   182   146   205 0.83 NODE_8_length_126545_cov_41.885285_20 # 19373 # 20347 # -1 # ID=8_20;partial=00;start_type=ATG;rbs_motif=GGAG/GAGG;rbs_spacer=5-10bp;gc_cont=0.548
NODE_8_length_126545_cov_41.885285:96542-97885|- -            448 9800696              -            355     0.025   11.7   0.0   1   1   6.7e-05     0.042   10.9   0.0     4    53    12    61    10    79 0.79 NODE_8_length_126545_cov_41.885285_93 # 96542 # 97885 # -1 # ID=8_93;partial=00;start_type=ATG;rbs_motif=AGxAGG/AGGxGG;rbs_spacer=5-10bp;gc_cont=0.524
NODE_35_length_52795_cov_36.978564:13954-14889|+ -            312 9800696              -            355     0.033   11.2   0.0   1   1   0.00015     0.095    9.7   0.0     3   126    39   150    37   157 0.73 NODE_35_length_52795_cov_36.978564_12 # 13954 # 14889 # 1 # ID=35_12;partial=00;start_type=ATG;rbs_motif=GGA/GAG/AGG;rbs_spacer=5-10bp;gc_cont=0.488
#
# Program:         hmmsearch
# Version:         3.4 (Aug 2023)
# Pipeline mode:   SEARCH
# Query file:      /home/simonedassisi/busco_downloads/lineages/bacteria_odb12/hmms/9800696at2.hmm
# Target file:     home/simonedassisi/Desktop/BUSCO_output/prodigal_output/predicted_genes/predicted.faa
# Option settings: hmmsearch --domtblout home/simonedassisi/Desktop/BUSCO_output/auto_lineage/run_bacteria_odb12/hmmer_output/9800696at2.out --cpu 1 /home/simonedassisi/busco_downloads/lineages/bacteria_odb12/hmms/9800696at2.hmm home/simonedassisi/Desktop/BUSCO_output/prodigal_output/predicted_genes/predicted.faa 
# Current dir:     /home/simonedassisi
# Date:            Tue Apr  1 14:23:26 2025
# [ok]
