#                                                                                                          --- full sequence --- -------------- this domain -------------   hmm coord   ali coord   env coord
# target name                                      accession   tlen query name           accession   qlen   E-value  score  bias   #  of  c-Evalue  i-Evalue  score  bias  from    to  from    to  from    to  acc description of target
#                              ------------------- ---------- ----- -------------------- ---------- ----- --------- ------ ----- --- --- --------- --------- ------ ----- ----- ----- ----- ----- ----- ----- ---- ---------------------
NODE_12_length_106079_cov_39.536715:83369-85006|+  -            546 9801107              -            447  7.9e-185  612.9   0.0   1   1  1.4e-184  1.4e-181  602.2   0.0     1   446     6   537     6   538 0.84 NODE_12_length_106079_cov_39.536715_73 # 83369 # 85006 # 1 # ID=12_73;partial=00;start_type=ATG;rbs_motif=GGA/GAG/AGG;rbs_spacer=5-10bp;gc_cont=0.518
NODE_9_length_123825_cov_37.296666:93155-94732|+   -            526 9801107              -            447   1.6e-06   25.2   0.1   1   1   1.6e-08   1.6e-05   21.9   0.1   288   429    52   186    23   203 0.63 NODE_9_length_123825_cov_37.296666_81 # 93155 # 94732 # 1 # ID=9_81;partial=00;start_type=ATG;rbs_motif=GGA/GAG/AGG;rbs_spacer=5-10bp;gc_cont=0.546
NODE_22_length_80627_cov_36.893466:69694-70458|+   -            255 9801107              -            447   4.7e-06   23.7   0.1   1   1   6.1e-08   6.1e-05   20.0   0.1   306   446    98   245    93   246 0.73 NODE_22_length_80627_cov_36.893466_69 # 69694 # 70458 # 1 # ID=22_69;partial=00;start_type=ATG;rbs_motif=GGA/GAG/AGG;rbs_spacer=5-10bp;gc_cont=0.528
NODE_4_length_139564_cov_44.158667:122072-123220|- -            383 9801107              -            447   4.7e-05   20.4   0.0   1   2   1.6e-06    0.0016   15.3   0.0   287   341   233   289   217   330 0.78 NODE_4_length_139564_cov_44.158667_105 # 122072 # 123220 # -1 # ID=4_105;partial=00;start_type=TTG;rbs_motif=GGAGG;rbs_spacer=5-10bp;gc_cont=0.532
NODE_4_length_139564_cov_44.158667:122072-123220|- -            383 9801107              -            447   4.7e-05   20.4   0.0   2   2     0.012        12    2.6   0.0   421   444   350   373   345   376 0.89 NODE_4_length_139564_cov_44.158667_105 # 122072 # 123220 # -1 # ID=4_105;partial=00;start_type=TTG;rbs_motif=GGAGG;rbs_spacer=5-10bp;gc_cont=0.532
NODE_24_length_79963_cov_36.490030:3015-3605|-     -            197 9801107              -            447      0.01   12.6   0.0   1   2   0.00011      0.11    9.3   0.0   262   327    14    82    10    90 0.76 NODE_24_length_79963_cov_36.490030_5 # 3015 # 3605 # -1 # ID=24_5;partial=00;start_type=ATG;rbs_motif=AGGAG;rbs_spacer=5-10bp;gc_cont=0.550
NODE_24_length_79963_cov_36.490030:3015-3605|-     -            197 9801107              -            447      0.01   12.6   0.0   2   2     0.026        26    1.4   0.0   411   440   166   192   137   196 0.60 NODE_24_length_79963_cov_36.490030_5 # 3015 # 3605 # -1 # ID=24_5;partial=00;start_type=ATG;rbs_motif=AGGAG;rbs_spacer=5-10bp;gc_cont=0.550
#
# Program:         hmmsearch
# Version:         3.4 (Aug 2023)
# Pipeline mode:   SEARCH
# Query file:      /home/simonedassisi/busco_downloads/lineages/bacteria_odb12/hmms/9801107at2.hmm
# Target file:     home/simonedassisi/Desktop/BUSCO_output/prodigal_output/predicted_genes/predicted.faa
# Option settings: hmmsearch --domtblout home/simonedassisi/Desktop/BUSCO_output/auto_lineage/run_bacteria_odb12/hmmer_output/9801107at2.out --cpu 1 /home/simonedassisi/busco_downloads/lineages/bacteria_odb12/hmms/9801107at2.hmm home/simonedassisi/Desktop/BUSCO_output/prodigal_output/predicted_genes/predicted.faa 
# Current dir:     /home/simonedassisi
# Date:            Tue Apr  1 14:23:26 2025
# [ok]
