#                                                                                                          --- full sequence --- -------------- this domain -------------   hmm coord   ali coord   env coord
# target name                                      accession   tlen query name           accession   qlen   E-value  score  bias   #  of  c-Evalue  i-Evalue  score  bias  from    to  from    to  from    to  acc description of target
#                              ------------------- ---------- ----- -------------------- ---------- ----- --------- ------ ----- --- --- --------- --------- ------ ----- ----- ----- ----- ----- ----- ----- ---- ---------------------
NODE_1_length_276430_cov_40.515391:141640-142236|- -            199 9803017              -            171   1.6e-56  188.9   0.0   1   1     8e-59   1.8e-56  188.7   0.0     1   169    12   191    12   193 0.95 NODE_1_length_276430_cov_40.515391_126 # 141640 # 142236 # -1 # ID=1_126;partial=00;start_type=ATG;rbs_motif=GGA/GAG/AGG;rbs_spacer=5-10bp;gc_cont=0.543
NODE_14_length_92032_cov_37.540264:80065-82173|-   -            703 9803017              -            171   1.5e-15   55.5   0.0   1   3      0.26        59    1.5   0.0    39    59   189   209   162   216 0.75 NODE_14_length_92032_cov_37.540264_75 # 80065 # 82173 # -1 # ID=14_75;partial=00;start_type=ATG;rbs_motif=3Base/5BMM;rbs_spacer=13-15bp;gc_cont=0.542
NODE_14_length_92032_cov_37.540264:80065-82173|-   -            703 9803017              -            171   1.5e-15   55.5   0.0   2   3   0.00048      0.11   10.4   0.0    64   120   257   317   251   334 0.81 NODE_14_length_92032_cov_37.540264_75 # 80065 # 82173 # -1 # ID=14_75;partial=00;start_type=ATG;rbs_motif=3Base/5BMM;rbs_spacer=13-15bp;gc_cont=0.542
NODE_14_length_92032_cov_37.540264:80065-82173|-   -            703 9803017              -            171   1.5e-15   55.5   0.0   3   3   7.5e-13   1.7e-10   39.0   0.0    33   116   532   617   529   645 0.85 NODE_14_length_92032_cov_37.540264_75 # 80065 # 82173 # -1 # ID=14_75;partial=00;start_type=ATG;rbs_motif=3Base/5BMM;rbs_spacer=13-15bp;gc_cont=0.542
NODE_14_length_92032_cov_37.540264:60051-61226|+   -            392 9803017              -            171   1.4e-12   45.8   0.0   1   1     1e-14   2.3e-12   45.1   0.0    37   116   213   297   206   320 0.89 NODE_14_length_92032_cov_37.540264_56 # 60051 # 61226 # 1 # ID=14_56;partial=00;start_type=GTG;rbs_motif=GGA/GAG/AGG;rbs_spacer=5-10bp;gc_cont=0.521
NODE_9_length_123825_cov_37.296666:13541-14278|+   -            246 9803017              -            171   3.1e-11   41.5   0.0   1   1   1.9e-13   4.3e-11   41.0   0.0    41   122    46   131    36   157 0.85 NODE_9_length_123825_cov_37.296666_13 # 13541 # 14278 # 1 # ID=9_13;partial=00;start_type=ATG;rbs_motif=GGA/GAG/AGG;rbs_spacer=5-10bp;gc_cont=0.535
NODE_53_length_29778_cov_36.323025:9537-10370|+    -            278 9803017              -            171     8e-11   40.1   0.0   1   1     8e-13   1.8e-10   38.9   0.0    20   127    92   196    84   226 0.80 NODE_53_length_29778_cov_36.323025_10 # 9537 # 10370 # 1 # ID=53_10;partial=00;start_type=ATG;rbs_motif=AGxAGG/AGGxGG;rbs_spacer=3-4bp;gc_cont=0.558
NODE_8_length_126545_cov_41.885285:13880-14761|-   -            294 9803017              -            171   1.8e-08   32.4   0.0   1   1   1.2e-10   2.8e-08   31.8   0.0    19    91   141   210   134   230 0.79 NODE_8_length_126545_cov_41.885285_15 # 13880 # 14761 # -1 # ID=8_15;partial=00;start_type=ATG;rbs_motif=GGA/GAG/AGG;rbs_spacer=5-10bp;gc_cont=0.549
NODE_2_length_157429_cov_38.171358:18375-19307|+   -            311 9803017              -            171   6.2e-08   30.7   0.0   1   2     1e-09   2.3e-07   28.8   0.0    39   120   132   214   120   231 0.81 NODE_2_length_157429_cov_38.171358_17 # 18375 # 19307 # 1 # ID=2_17;partial=00;start_type=GTG;rbs_motif=GGAGG;rbs_spacer=5-10bp;gc_cont=0.527
NODE_2_length_157429_cov_38.171358:18375-19307|+   -            311 9803017              -            171   6.2e-08   30.7   0.0   2   2       2.4   5.6e+02   -1.7   0.0   125   147   245   267   238   283 0.70 NODE_2_length_157429_cov_38.171358_17 # 18375 # 19307 # 1 # ID=2_17;partial=00;start_type=GTG;rbs_motif=GGAGG;rbs_spacer=5-10bp;gc_cont=0.527
NODE_31_length_58399_cov_38.812466:48236-49309|+   -            358 9803017              -            171   1.3e-07   29.6   0.0   1   1   9.2e-10   2.1e-07   29.0   0.0    30   141   188   294   166   304 0.84 NODE_31_length_58399_cov_38.812466_46 # 48236 # 49309 # 1 # ID=31_46;partial=00;start_type=ATG;rbs_motif=AGGAG;rbs_spacer=5-10bp;gc_cont=0.558
NODE_8_length_126545_cov_41.885285:11294-12178|-   -            295 9803017              -            171   1.4e-07   29.6   0.0   1   2   5.4e-08   1.2e-05   23.2   0.0    89   127    15    55     8    87 0.76 NODE_8_length_126545_cov_41.885285_12 # 11294 # 12178 # -1 # ID=8_12;partial=00;start_type=ATG;rbs_motif=GGAG/GAGG;rbs_spacer=5-10bp;gc_cont=0.479
NODE_8_length_126545_cov_41.885285:11294-12178|-   -            295 9803017              -            171   1.4e-07   29.6   0.0   2   2     0.039       8.8    4.2   0.0    37    72   212   246   197   279 0.76 NODE_8_length_126545_cov_41.885285_12 # 11294 # 12178 # -1 # ID=8_12;partial=00;start_type=ATG;rbs_motif=GGAG/GAGG;rbs_spacer=5-10bp;gc_cont=0.479
NODE_12_length_106079_cov_39.536715:78035-79336|+  -            434 9803017              -            171   5.1e-07   27.7   0.0   1   2       6.2   1.4e+03   -3.0   0.0    94   119   102   127    89   137 0.57 NODE_12_length_106079_cov_39.536715_68 # 78035 # 79336 # 1 # ID=12_68;partial=00;start_type=ATG;rbs_motif=GGA/GAG/AGG;rbs_spacer=11-12bp;gc_cont=0.514
NODE_12_length_106079_cov_39.536715:78035-79336|+  -            434 9803017              -            171   5.1e-07   27.7   0.0   2   2   5.7e-09   1.3e-06   26.4   0.0    32   142   280   389   271   422 0.78 NODE_12_length_106079_cov_39.536715_68 # 78035 # 79336 # 1 # ID=12_68;partial=00;start_type=ATG;rbs_motif=GGA/GAG/AGG;rbs_spacer=11-12bp;gc_cont=0.514
NODE_32_length_57606_cov_39.295812:12827-13963|+   -            379 9803017              -            171   5.2e-07   27.7   0.0   1   2       1.5   3.5e+02   -1.0   0.0   105   163   104   165    78   172 0.54 NODE_32_length_57606_cov_39.295812_12 # 12827 # 13963 # 1 # ID=32_12;partial=00;start_type=ATG;rbs_motif=AGGAGG;rbs_spacer=3-4bp;gc_cont=0.541
NODE_32_length_57606_cov_39.295812:12827-13963|+   -            379 9803017              -            171   5.2e-07   27.7   0.0   2   2   8.4e-09   1.9e-06   25.8   0.0    41   123   230   316   219   365 0.70 NODE_32_length_57606_cov_39.295812_12 # 12827 # 13963 # 1 # ID=32_12;partial=00;start_type=ATG;rbs_motif=AGGAGG;rbs_spacer=3-4bp;gc_cont=0.541
NODE_23_length_80065_cov_37.437114:60314-61441|-   -            376 9803017              -            171   1.9e-06   25.9   0.0   1   1   1.5e-08   3.3e-06   25.1   0.0    37   139   231   331   218   349 0.81 NODE_23_length_80065_cov_37.437114_55 # 60314 # 61441 # -1 # ID=23_55;partial=00;start_type=ATG;rbs_motif=GGA/GAG/AGG;rbs_spacer=5-10bp;gc_cont=0.544
NODE_43_length_41508_cov_43.498876:6425-7714|+     -            430 9803017              -            171   4.6e-06   24.6   0.0   1   1   3.6e-08   8.2e-06   23.8   0.0    30   119   238   327   229   346 0.83 NODE_43_length_41508_cov_43.498876_10 # 6425 # 7714 # 1 # ID=43_10;partial=00;start_type=ATG;rbs_motif=None;rbs_spacer=None;gc_cont=0.501
NODE_42_length_44050_cov_40.658288:3356-4456|+     -            367 9803017              -            171   1.1e-05   23.4   0.3   1   1   7.3e-07   0.00017   19.5   0.3    40   103   211   274   197   343 0.85 NODE_42_length_44050_cov_40.658288_3 # 3356 # 4456 # 1 # ID=42_3;partial=00;start_type=ATG;rbs_motif=AGGA;rbs_spacer=5-10bp;gc_cont=0.503
NODE_76_length_15861_cov_41.965362:5135-6226|-     -            364 9803017              -            171   3.4e-05   21.8   0.0   1   2   6.9e-06    0.0016   16.4   0.0    77   119     9    50     4    73 0.84 NODE_76_length_15861_cov_41.965362_10 # 5135 # 6226 # -1 # ID=76_10;partial=00;start_type=GTG;rbs_motif=None;rbs_spacer=None;gc_cont=0.481
NODE_76_length_15861_cov_41.965362:5135-6226|-     -            364 9803017              -            171   3.4e-05   21.8   0.0   2   2     0.094        21    2.9   0.0    39    86   312   358   298   363 0.70 NODE_76_length_15861_cov_41.965362_10 # 5135 # 6226 # -1 # ID=76_10;partial=00;start_type=GTG;rbs_motif=None;rbs_spacer=None;gc_cont=0.481
NODE_79_length_15579_cov_97.082190:11635-12318|-   -            228 9803017              -            171   4.1e-05   21.5   0.0   1   2    0.0046       1.1    7.1   0.0    94   119     7    32     1    61 0.76 NODE_79_length_15579_cov_97.082190_18 # 11635 # 12318 # -1 # ID=79_18;partial=00;start_type=ATG;rbs_motif=AGGAG;rbs_spacer=5-10bp;gc_cont=0.575
NODE_79_length_15579_cov_97.082190:11635-12318|-   -            228 9803017              -            171   4.1e-05   21.5   0.0   2   2   0.00011     0.025   12.5   0.0    37    75   161   198   144   221 0.72 NODE_79_length_15579_cov_97.082190_18 # 11635 # 12318 # -1 # ID=79_18;partial=00;start_type=ATG;rbs_motif=AGGAG;rbs_spacer=5-10bp;gc_cont=0.575
NODE_36_length_50779_cov_38.268459:24087-24872|-   -            262 9803017              -            171   0.00044   18.2   0.0   1   1   2.9e-06   0.00067   17.6   0.0    39   113    44   118    29   141 0.89 NODE_36_length_50779_cov_38.268459_18 # 24087 # 24872 # -1 # ID=36_18;partial=00;start_type=ATG;rbs_motif=GGAG/GAGG;rbs_spacer=5-10bp;gc_cont=0.517
NODE_1_length_276430_cov_40.515391:106470-107312|- -            281 9803017              -            171   0.00093   17.1   0.0   1   3       3.3   7.5e+02   -2.1   0.0    43    58    38    55    18    60 0.70 NODE_1_length_276430_cov_40.515391_95 # 106470 # 107312 # -1 # ID=1_95;partial=00;start_type=ATG;rbs_motif=GGA/GAG/AGG;rbs_spacer=11-12bp;gc_cont=0.552
NODE_1_length_276430_cov_40.515391:106470-107312|- -            281 9803017              -            171   0.00093   17.1   0.0   2   3   3.9e-05     0.009   13.9   0.0    58   125   107   177    79   192 0.82 NODE_1_length_276430_cov_40.515391_95 # 106470 # 107312 # -1 # ID=1_95;partial=00;start_type=ATG;rbs_motif=GGA/GAG/AGG;rbs_spacer=11-12bp;gc_cont=0.552
NODE_1_length_276430_cov_40.515391:106470-107312|- -            281 9803017              -            171   0.00093   17.1   0.0   3   3      0.73   1.7e+02    0.0   0.0   106   136   236   263   201   276 0.64 NODE_1_length_276430_cov_40.515391_95 # 106470 # 107312 # -1 # ID=1_95;partial=00;start_type=ATG;rbs_motif=GGA/GAG/AGG;rbs_spacer=11-12bp;gc_cont=0.552
NODE_77_length_15753_cov_35.008191:11624-12394|-   -            257 9803017              -            171    0.0041   15.0   0.0   1   1   2.8e-05    0.0065   14.4   0.0    36   112    41   115    29   148 0.82 NODE_77_length_15753_cov_35.008191_13 # 11624 # 12394 # -1 # ID=77_13;partial=00;start_type=ATG;rbs_motif=AGGA;rbs_spacer=5-10bp;gc_cont=0.490
NODE_23_length_80065_cov_37.437114:79548-80063|-   -            172 9803017              -            171     0.015   13.2   0.0   1   2   0.00014     0.032   12.1   0.0    79   120    34    72    30   122 0.70 NODE_23_length_80065_cov_37.437114_80 # 79548 # 80063 # -1 # ID=23_80;partial=01;start_type=Edge;rbs_motif=None;rbs_spacer=None;gc_cont=0.469
NODE_23_length_80065_cov_37.437114:79548-80063|-   -            172 9803017              -            171     0.015   13.2   0.0   2   2       2.3   5.2e+02   -1.6   0.0    36    60   123   147   108   159 0.71 NODE_23_length_80065_cov_37.437114_80 # 79548 # 80063 # -1 # ID=23_80;partial=01;start_type=Edge;rbs_motif=None;rbs_spacer=None;gc_cont=0.469
NODE_34_length_53173_cov_42.168382:52653-53171|-   -            173 9803017              -            171     0.024   12.5   0.0   1   1   0.00013     0.029   12.2   0.0    79   120    34    72    30   123 0.76 NODE_34_length_53173_cov_42.168382_65 # 52653 # 53171 # -1 # ID=34_65;partial=01;start_type=Edge;rbs_motif=None;rbs_spacer=None;gc_cont=0.493
NODE_24_length_79963_cov_36.490030:58000-59418|+   -            473 9803017              -            171     0.039   11.8   0.0   1   1   0.00036     0.082   10.8   0.0    41    82    87   128    82   150 0.85 NODE_24_length_79963_cov_36.490030_56 # 58000 # 59418 # 1 # ID=24_56;partial=00;start_type=ATG;rbs_motif=None;rbs_spacer=None;gc_cont=0.523
#
# Program:         hmmsearch
# Version:         3.4 (Aug 2023)
# Pipeline mode:   SEARCH
# Query file:      /home/simonedassisi/busco_downloads/lineages/bacteria_odb12/hmms/9803017at2.hmm
# Target file:     home/simonedassisi/Desktop/BUSCO_output/prodigal_output/predicted_genes/predicted.faa
# Option settings: hmmsearch --domtblout home/simonedassisi/Desktop/BUSCO_output/auto_lineage/run_bacteria_odb12/hmmer_output/9803017at2.out --cpu 1 /home/simonedassisi/busco_downloads/lineages/bacteria_odb12/hmms/9803017at2.hmm home/simonedassisi/Desktop/BUSCO_output/prodigal_output/predicted_genes/predicted.faa 
# Current dir:     /home/simonedassisi
# Date:            Tue Apr  1 14:23:27 2025
# [ok]
