#                                                                                                          --- full sequence --- -------------- this domain -------------   hmm coord   ali coord   env coord
# target name                                      accession   tlen query name           accession   qlen   E-value  score  bias   #  of  c-Evalue  i-Evalue  score  bias  from    to  from    to  from    to  acc description of target
#                              ------------------- ---------- ----- -------------------- ---------- ----- --------- ------ ----- --- --- --------- --------- ------ ----- ----- ----- ----- ----- ----- ----- ---- ---------------------
NODE_6_length_131096_cov_36.333598:65218-66228|+   -            337 9804478              -            303  5.2e-149  493.5   0.0   1   1  2.7e-151  5.9e-149  493.3   0.0     2   303    22   330    21   330 0.98 NODE_6_length_131096_cov_36.333598_66 # 65218 # 66228 # 1 # ID=6_66;partial=00;start_type=ATG;rbs_motif=GGAG/GAGG;rbs_spacer=5-10bp;gc_cont=0.530
NODE_23_length_80065_cov_37.437114:8553-9896|-     -            448 9804478              -            303   1.8e-19   68.0   0.1   1   2   1.1e-18   2.5e-16   57.7   0.0     2   114    19   134    18   136 0.84 NODE_23_length_80065_cov_37.437114_8 # 8553 # 9896 # -1 # ID=23_8;partial=00;start_type=GTG;rbs_motif=GGAG/GAGG;rbs_spacer=5-10bp;gc_cont=0.531
NODE_23_length_80065_cov_37.437114:8553-9896|-     -            448 9804478              -            303   1.8e-19   68.0   0.1   2   2   0.00046       0.1    9.8   0.1   132   216   133   225   129   240 0.78 NODE_23_length_80065_cov_37.437114_8 # 8553 # 9896 # -1 # ID=23_8;partial=00;start_type=GTG;rbs_motif=GGAG/GAGG;rbs_spacer=5-10bp;gc_cont=0.531
NODE_8_length_126545_cov_41.885285:89578-91521|+   -            648 9804478              -            303   1.2e-13   48.9   0.0   1   1   1.1e-15   2.3e-13   48.0   0.0     7   187   153   349   148   382 0.73 NODE_8_length_126545_cov_41.885285_88 # 89578 # 91521 # 1 # ID=8_88;partial=00;start_type=TTG;rbs_motif=GGAG/GAGG;rbs_spacer=5-10bp;gc_cont=0.535
NODE_21_length_83220_cov_38.326345:65793-67724|-   -            644 9804478              -            303   2.7e-10   37.9   0.9   1   2     2e-08   4.3e-06   24.1   0.0     2    69     9    72     8    77 0.89 NODE_21_length_83220_cov_38.326345_64 # 65793 # 67724 # -1 # ID=21_64;partial=00;start_type=ATG;rbs_motif=GGA/GAG/AGG;rbs_spacer=5-10bp;gc_cont=0.576
NODE_21_length_83220_cov_38.326345:65793-67724|-   -            644 9804478              -            303   2.7e-10   37.9   0.9   2   2    0.0042      0.91    6.7   0.6    88   229   121   244    90   258 0.59 NODE_21_length_83220_cov_38.326345_64 # 65793 # 67724 # -1 # ID=21_64;partial=00;start_type=ATG;rbs_motif=GGA/GAG/AGG;rbs_spacer=5-10bp;gc_cont=0.576
NODE_23_length_80065_cov_37.437114:22462-24738|-   -            759 9804478              -            303   1.6e-09   35.4   1.5   1   5     0.022       4.7    4.3   0.0    36    56   208   228   184   234 0.77 NODE_23_length_80065_cov_37.437114_17 # 22462 # 24738 # -1 # ID=23_17;partial=00;start_type=ATG;rbs_motif=GGAGG;rbs_spacer=5-10bp;gc_cont=0.531
NODE_23_length_80065_cov_37.437114:22462-24738|-   -            759 9804478              -            303   1.6e-09   35.4   1.5   2   5    0.0036      0.79    6.9   0.0    84    98   276   290   261   296 0.75 NODE_23_length_80065_cov_37.437114_17 # 22462 # 24738 # -1 # ID=23_17;partial=00;start_type=ATG;rbs_motif=GGAGG;rbs_spacer=5-10bp;gc_cont=0.531
NODE_23_length_80065_cov_37.437114:22462-24738|-   -            759 9804478              -            303   1.6e-09   35.4   1.5   3   5   3.2e-05    0.0071   13.6   0.0    11    63   460   516   454   528 0.85 NODE_23_length_80065_cov_37.437114_17 # 22462 # 24738 # -1 # ID=23_17;partial=00;start_type=ATG;rbs_motif=GGAGG;rbs_spacer=5-10bp;gc_cont=0.531
NODE_23_length_80065_cov_37.437114:22462-24738|-   -            759 9804478              -            303   1.6e-09   35.4   1.5   4   5      0.02       4.4    4.4   0.0    85   113   556   584   544   611 0.84 NODE_23_length_80065_cov_37.437114_17 # 22462 # 24738 # -1 # ID=23_17;partial=00;start_type=ATG;rbs_motif=GGAGG;rbs_spacer=5-10bp;gc_cont=0.531
NODE_23_length_80065_cov_37.437114:22462-24738|-   -            759 9804478              -            303   1.6e-09   35.4   1.5   5   5      0.84   1.8e+02   -0.9   0.0   147   196   637   687   628   689 0.85 NODE_23_length_80065_cov_37.437114_17 # 22462 # 24738 # -1 # ID=23_17;partial=00;start_type=ATG;rbs_motif=GGAGG;rbs_spacer=5-10bp;gc_cont=0.531
NODE_19_length_85129_cov_38.767276:15616-17970|-   -            785 9804478              -            303   1.2e-08   32.5   0.7   1   2     0.097        21    2.2   0.0   216   249   308   340   259   351 0.83 NODE_19_length_85129_cov_38.767276_17 # 15616 # 17970 # -1 # ID=19_17;partial=00;start_type=ATG;rbs_motif=GGA/GAG/AGG;rbs_spacer=5-10bp;gc_cont=0.525
NODE_19_length_85129_cov_38.767276:15616-17970|-   -            785 9804478              -            303   1.2e-08   32.5   0.7   2   2   1.6e-09   3.4e-07   27.8   0.4    10   175   323   505   313   521 0.75 NODE_19_length_85129_cov_38.767276_17 # 15616 # 17970 # -1 # ID=19_17;partial=00;start_type=ATG;rbs_motif=GGA/GAG/AGG;rbs_spacer=5-10bp;gc_cont=0.525
NODE_19_length_85129_cov_38.767276:18158-19432|-   -            425 9804478              -            303   2.7e-08   31.4   0.1   1   1   4.3e-10   9.4e-08   29.6   0.1     7   102    73   193    68   199 0.72 NODE_19_length_85129_cov_38.767276_18 # 18158 # 19432 # -1 # ID=19_18;partial=00;start_type=ATG;rbs_motif=GGAG/GAGG;rbs_spacer=5-10bp;gc_cont=0.518
NODE_34_length_53173_cov_42.168382:408-2981|-      -            858 9804478              -            303   5.2e-08   30.4   2.8   1   4     0.031       6.7    3.8   0.0    30    57   196   221   173   233 0.71 NODE_34_length_53173_cov_42.168382_1 # 408 # 2981 # -1 # ID=34_1;partial=00;start_type=ATG;rbs_motif=GGAGG;rbs_spacer=3-4bp;gc_cont=0.516
NODE_34_length_53173_cov_42.168382:408-2981|-      -            858 9804478              -            303   5.2e-08   30.4   2.8   2   4    0.0035      0.78    6.9   0.9    67    99   252   284   235   431 0.72 NODE_34_length_53173_cov_42.168382_1 # 408 # 2981 # -1 # ID=34_1;partial=00;start_type=ATG;rbs_motif=GGAGG;rbs_spacer=3-4bp;gc_cont=0.516
NODE_34_length_53173_cov_42.168382:408-2981|-      -            858 9804478              -            303   5.2e-08   30.4   2.8   3   4   2.3e-05     0.005   14.1   0.0    10    59   569   622   561   632 0.83 NODE_34_length_53173_cov_42.168382_1 # 408 # 2981 # -1 # ID=34_1;partial=00;start_type=ATG;rbs_motif=GGAGG;rbs_spacer=3-4bp;gc_cont=0.516
NODE_34_length_53173_cov_42.168382:408-2981|-      -            858 9804478              -            303   5.2e-08   30.4   2.8   4   4      0.52   1.2e+02   -0.2   0.0    85   115   669   699   661   714 0.87 NODE_34_length_53173_cov_42.168382_1 # 408 # 2981 # -1 # ID=34_1;partial=00;start_type=ATG;rbs_motif=GGAGG;rbs_spacer=3-4bp;gc_cont=0.516
NODE_26_length_78359_cov_41.157595:29178-30581|+   -            468 9804478              -            303   4.8e-07   27.3   0.1   1   1   4.1e-09   8.9e-07   26.4   0.1    26   234   156   371   134   386 0.82 NODE_26_length_78359_cov_41.157595_28 # 29178 # 30581 # 1 # ID=26_28;partial=00;start_type=GTG;rbs_motif=GGAG/GAGG;rbs_spacer=5-10bp;gc_cont=0.538
NODE_17_length_86457_cov_41.702653:5783-7114|+     -            444 9804478              -            303   9.1e-07   26.4   0.2   1   2   1.6e-05    0.0036   14.6   0.0    11    68    17    83     9    94 0.69 NODE_17_length_86457_cov_41.702653_7 # 5783 # 7114 # 1 # ID=17_7;partial=00;start_type=ATG;rbs_motif=AGGA;rbs_spacer=5-10bp;gc_cont=0.524
NODE_17_length_86457_cov_41.702653:5783-7114|+     -            444 9804478              -            303   9.1e-07   26.4   0.2   2   2   0.00086      0.19    8.9   0.1    81   189   244   361   225   422 0.71 NODE_17_length_86457_cov_41.702653_7 # 5783 # 7114 # 1 # ID=17_7;partial=00;start_type=ATG;rbs_motif=AGGA;rbs_spacer=5-10bp;gc_cont=0.524
NODE_16_length_86943_cov_42.279511:1751-3271|-     -            507 9804478              -            303   1.4e-05   22.5   0.8   1   4   2.1e-06   0.00046   17.5   0.1     6    55   188   230   184   235 0.82 NODE_16_length_86943_cov_42.279511_3 # 1751 # 3271 # -1 # ID=16_3;partial=00;start_type=ATG;rbs_motif=AGGAGG;rbs_spacer=3-4bp;gc_cont=0.508
NODE_16_length_86943_cov_42.279511:1751-3271|-     -            507 9804478              -            303   1.4e-05   22.5   0.8   2   4      0.19        42    1.2   0.0    83   117   291   325   289   347 0.76 NODE_16_length_86943_cov_42.279511_3 # 1751 # 3271 # -1 # ID=16_3;partial=00;start_type=ATG;rbs_motif=AGGAGG;rbs_spacer=3-4bp;gc_cont=0.508
NODE_16_length_86943_cov_42.279511:1751-3271|-     -            507 9804478              -            303   1.4e-05   22.5   0.8   3   4       1.3   2.8e+02   -1.5   0.0   145   172   370   397   366   424 0.76 NODE_16_length_86943_cov_42.279511_3 # 1751 # 3271 # -1 # ID=16_3;partial=00;start_type=ATG;rbs_motif=AGGAGG;rbs_spacer=3-4bp;gc_cont=0.508
NODE_16_length_86943_cov_42.279511:1751-3271|-     -            507 9804478              -            303   1.4e-05   22.5   0.8   4   4       1.2   2.6e+02   -1.4   0.0   198   228   457   487   380   499 0.69 NODE_16_length_86943_cov_42.279511_3 # 1751 # 3271 # -1 # ID=16_3;partial=00;start_type=ATG;rbs_motif=AGGAGG;rbs_spacer=3-4bp;gc_cont=0.508
NODE_50_length_31159_cov_52.530614:26602-27396|-   -            265 9804478              -            303   1.6e-05   22.2   0.1   1   1   1.5e-07   3.4e-05   21.2   0.1    34   105    96   177    88   183 0.74 NODE_50_length_31159_cov_52.530614_34 # 26602 # 27396 # -1 # ID=50_34;partial=00;start_type=ATG;rbs_motif=AGGAG;rbs_spacer=5-10bp;gc_cont=0.543
NODE_14_length_92032_cov_37.540264:78146-80053|-   -            636 9804478              -            303    0.0009   16.5   0.1   1   2    0.0083       1.8    5.7   0.0    28    60    22    54    17    61 0.85 NODE_14_length_92032_cov_37.540264_74 # 78146 # 80053 # -1 # ID=14_74;partial=00;start_type=ATG;rbs_motif=AGGA;rbs_spacer=5-10bp;gc_cont=0.524
NODE_14_length_92032_cov_37.540264:78146-80053|-   -            636 9804478              -            303    0.0009   16.5   0.1   2   2    0.0013      0.29    8.3   0.0    36    61   346   371   332   384 0.83 NODE_14_length_92032_cov_37.540264_74 # 78146 # 80053 # -1 # ID=14_74;partial=00;start_type=ATG;rbs_motif=AGGA;rbs_spacer=5-10bp;gc_cont=0.524
NODE_31_length_58399_cov_38.812466:54733-55470|+   -            246 9804478              -            303    0.0015   15.8   0.1   1   1   1.5e-05    0.0032   14.7   0.1    37    96   101   172    75   192 0.71 NODE_31_length_58399_cov_38.812466_54 # 54733 # 55470 # 1 # ID=31_54;partial=00;start_type=ATG;rbs_motif=GGAG/GAGG;rbs_spacer=5-10bp;gc_cont=0.507
NODE_19_length_85129_cov_38.767276:69825-70349|-   -            175 9804478              -            303    0.0028   14.9   0.0   1   1   1.7e-05    0.0038   14.5   0.0    38    67     5    34     1    65 0.89 NODE_19_length_85129_cov_38.767276_66 # 69825 # 70349 # -1 # ID=19_66;partial=00;start_type=ATG;rbs_motif=GGA/GAG/AGG;rbs_spacer=5-10bp;gc_cont=0.522
NODE_1_length_276430_cov_40.515391:187665-189263|- -            533 9804478              -            303    0.0038   14.5   0.0   1   2    0.0038      0.84    6.8   0.0    37    71   210   243   193   249 0.80 NODE_1_length_276430_cov_40.515391_169 # 187665 # 189263 # -1 # ID=1_169;partial=00;start_type=ATG;rbs_motif=AGGA;rbs_spacer=5-10bp;gc_cont=0.557
NODE_1_length_276430_cov_40.515391:187665-189263|- -            533 9804478              -            303    0.0038   14.5   0.0   2   2     0.015       3.2    4.9   0.0    84   113   280   309   268   333 0.85 NODE_1_length_276430_cov_40.515391_169 # 187665 # 189263 # -1 # ID=1_169;partial=00;start_type=ATG;rbs_motif=AGGA;rbs_spacer=5-10bp;gc_cont=0.557
NODE_36_length_50779_cov_38.268459:36524-37207|-   -            228 9804478              -            303     0.004   14.4   0.9   1   2    0.0014       0.3    8.2   0.0    40    78    10    46     4    56 0.76 NODE_36_length_50779_cov_38.268459_29 # 36524 # 37207 # -1 # ID=36_29;partial=00;start_type=ATG;rbs_motif=AGGAG;rbs_spacer=5-10bp;gc_cont=0.534
NODE_36_length_50779_cov_38.268459:36524-37207|-   -            228 9804478              -            303     0.004   14.4   0.9   2   2     0.015       3.3    4.8   0.2   180   214    88   122    65   184 0.83 NODE_36_length_50779_cov_38.268459_29 # 36524 # 37207 # -1 # ID=36_29;partial=00;start_type=ATG;rbs_motif=AGGAG;rbs_spacer=5-10bp;gc_cont=0.534
NODE_38_length_48580_cov_35.344705:9705-11639|-    -            645 9804478              -            303    0.0068   13.6   0.0   1   1     7e-05     0.015   12.5   0.0     6    56    73   124    69   137 0.81 NODE_38_length_48580_cov_35.344705_11 # 9705 # 11639 # -1 # ID=38_11;partial=00;start_type=ATG;rbs_motif=AGGA;rbs_spacer=5-10bp;gc_cont=0.502
NODE_21_length_83220_cov_38.326345:43423-44100|-   -            226 9804478              -            303     0.012   12.8   0.2   1   2   0.00014      0.03   11.5   0.0    39    58    37    56    21    85 0.79 NODE_21_length_83220_cov_38.326345_43 # 43423 # 44100 # -1 # ID=21_43;partial=00;start_type=ATG;rbs_motif=GGA/GAG/AGG;rbs_spacer=5-10bp;gc_cont=0.457
NODE_21_length_83220_cov_38.326345:43423-44100|-   -            226 9804478              -            303     0.012   12.8   0.2   2   2       1.3   2.9e+02   -1.5   0.1    87    98   156   167   144   208 0.67 NODE_21_length_83220_cov_38.326345_43 # 43423 # 44100 # -1 # ID=21_43;partial=00;start_type=ATG;rbs_motif=GGA/GAG/AGG;rbs_spacer=5-10bp;gc_cont=0.457
NODE_137_length_1854_cov_128.114650:1109-1852|+    -            248 9804478              -            303     0.016   12.4   0.0   1   1   0.00011     0.025   11.8   0.0    35    67   102   137    94   183 0.77 NODE_137_length_1854_cov_128.114650_2 # 1109 # 1852 # 1 # ID=137_2;partial=01;start_type=ATG;rbs_motif=AGGAG;rbs_spacer=5-10bp;gc_cont=0.505
NODE_55_length_28139_cov_44.779594:17592-19649|+   -            686 9804478              -            303     0.017   12.3   0.1   1   3    0.0037      0.81    6.8   0.0    36    50   233   247   217   257 0.86 NODE_55_length_28139_cov_44.779594_19 # 17592 # 19649 # 1 # ID=55_19;partial=00;start_type=ATG;rbs_motif=GGAG/GAGG;rbs_spacer=5-10bp;gc_cont=0.450
NODE_55_length_28139_cov_44.779594:17592-19649|+   -            686 9804478              -            303     0.017   12.3   0.1   2   3     0.086        19    2.3   0.0   133   160   491   522   436   532 0.57 NODE_55_length_28139_cov_44.779594_19 # 17592 # 19649 # 1 # ID=55_19;partial=00;start_type=ATG;rbs_motif=GGAG/GAGG;rbs_spacer=5-10bp;gc_cont=0.450
NODE_55_length_28139_cov_44.779594:17592-19649|+   -            686 9804478              -            303     0.017   12.3   0.1   3   3         4   8.7e+02   -3.1   0.0    16    40   540   564   535   565 0.87 NODE_55_length_28139_cov_44.779594_19 # 17592 # 19649 # 1 # ID=55_19;partial=00;start_type=ATG;rbs_motif=GGAG/GAGG;rbs_spacer=5-10bp;gc_cont=0.450
NODE_109_length_5411_cov_70.697578:3623-4378|+     -            252 9804478              -            303     0.037   11.2   0.0   1   1   0.00024     0.053   10.7   0.0    35    57   101   123    93   183 0.70 NODE_109_length_5411_cov_70.697578_5 # 3623 # 4378 # 1 # ID=109_5;partial=00;start_type=GTG;rbs_motif=GGAGG;rbs_spacer=5-10bp;gc_cont=0.537
NODE_59_length_27357_cov_36.938267:15071-15883|+   -            271 9804478              -            303     0.046   10.9   0.8   1   2     0.017       3.7    4.6   0.2    39    64     7    32     4    43 0.85 NODE_59_length_27357_cov_36.938267_18 # 15071 # 15883 # 1 # ID=59_18;partial=00;start_type=ATG;rbs_motif=AGGA;rbs_spacer=5-10bp;gc_cont=0.498
NODE_59_length_27357_cov_36.938267:15071-15883|+   -            271 9804478              -            303     0.046   10.9   0.8   2   2     0.016       3.4    4.8   0.0   207   273   181   246   131   266 0.76 NODE_59_length_27357_cov_36.938267_18 # 15071 # 15883 # 1 # ID=59_18;partial=00;start_type=ATG;rbs_motif=AGGA;rbs_spacer=5-10bp;gc_cont=0.498
#
# Program:         hmmsearch
# Version:         3.4 (Aug 2023)
# Pipeline mode:   SEARCH
# Query file:      /home/simonedassisi/busco_downloads/lineages/bacteria_odb12/hmms/9804478at2.hmm
# Target file:     home/simonedassisi/Desktop/BUSCO_output/prodigal_output/predicted_genes/predicted.faa
# Option settings: hmmsearch --domtblout home/simonedassisi/Desktop/BUSCO_output/auto_lineage/run_bacteria_odb12/hmmer_output/9804478at2.out --cpu 1 /home/simonedassisi/busco_downloads/lineages/bacteria_odb12/hmms/9804478at2.hmm home/simonedassisi/Desktop/BUSCO_output/prodigal_output/predicted_genes/predicted.faa 
# Current dir:     /home/simonedassisi
# Date:            Tue Apr  1 14:23:27 2025
# [ok]
