#                                                                                                          --- full sequence --- -------------- this domain -------------   hmm coord   ali coord   env coord
# target name                                      accession   tlen query name           accession   qlen   E-value  score  bias   #  of  c-Evalue  i-Evalue  score  bias  from    to  from    to  from    to  acc description of target
#                              ------------------- ---------- ----- -------------------- ---------- ----- --------- ------ ----- --- --- --------- --------- ------ ----- ----- ----- ----- ----- ----- ----- ---- ---------------------
NODE_72_length_16341_cov_36.526767:8504-10525|+    -            674 9806651              -            592    3e-286  948.6   2.3   1   2  7.7e-283  3.2e-280  928.7   0.1     3   560    10   593     8   611 0.94 NODE_72_length_16341_cov_36.526767_10 # 8504 # 10525 # 1 # ID=72_10;partial=00;start_type=ATG;rbs_motif=GGA/GAG/AGG;rbs_spacer=5-10bp;gc_cont=0.533
NODE_72_length_16341_cov_36.526767:8504-10525|+    -            674 9806651              -            592    3e-286  948.6   2.3   2   2   1.1e-07   4.8e-05   20.0   0.3   551   592   627   666   611   666 0.85 NODE_72_length_16341_cov_36.526767_10 # 8504 # 10525 # 1 # ID=72_10;partial=00;start_type=ATG;rbs_motif=GGA/GAG/AGG;rbs_spacer=5-10bp;gc_cont=0.533
NODE_20_length_84241_cov_37.036046:73269-76763|-   -           1165 9806651              -            592   5.8e-22   75.9   0.0   1   4   2.5e-17   1.1e-14   51.9   0.0    25   234    31   239    24   259 0.78 NODE_20_length_84241_cov_37.036046_80 # 73269 # 76763 # -1 # ID=20_80;partial=00;start_type=ATG;rbs_motif=None;rbs_spacer=None;gc_cont=0.547
NODE_20_length_84241_cov_37.036046:73269-76763|-   -           1165 9806651              -            592   5.8e-22   75.9   0.0   2   4     0.014       6.1    3.2   0.0     4    78   615   694   613   703 0.78 NODE_20_length_84241_cov_37.036046_80 # 73269 # 76763 # -1 # ID=20_80;partial=00;start_type=ATG;rbs_motif=None;rbs_spacer=None;gc_cont=0.547
NODE_20_length_84241_cov_37.036046:73269-76763|-   -           1165 9806651              -            592   5.8e-22   75.9   0.0   3   4     0.026        11    2.3   0.0   413   471   667   727   662   744 0.81 NODE_20_length_84241_cov_37.036046_80 # 73269 # 76763 # -1 # ID=20_80;partial=00;start_type=ATG;rbs_motif=None;rbs_spacer=None;gc_cont=0.547
NODE_20_length_84241_cov_37.036046:73269-76763|-   -           1165 9806651              -            592   5.8e-22   75.9   0.0   4   4   3.3e-06    0.0014   15.2   0.0   424   511   840   921   835   947 0.80 NODE_20_length_84241_cov_37.036046_80 # 73269 # 76763 # -1 # ID=20_80;partial=00;start_type=ATG;rbs_motif=None;rbs_spacer=None;gc_cont=0.547
NODE_9_length_123825_cov_37.296666:12075-13409|-   -            445 9806651              -            592   1.3e-10   38.4   0.1   1   2      0.33   1.4e+02   -1.3   0.0   408   449    71   109    60   132 0.74 NODE_9_length_123825_cov_37.296666_12 # 12075 # 13409 # -1 # ID=9_12;partial=00;start_type=ATG;rbs_motif=GGAG/GAGG;rbs_spacer=5-10bp;gc_cont=0.547
NODE_9_length_123825_cov_37.296666:12075-13409|-   -            445 9806651              -            592   1.3e-10   38.4   0.1   2   2   1.1e-12   4.4e-10   36.6   0.0   403   512   238   342   198   356 0.88 NODE_9_length_123825_cov_37.296666_12 # 12075 # 13409 # -1 # ID=9_12;partial=00;start_type=ATG;rbs_motif=GGAG/GAGG;rbs_spacer=5-10bp;gc_cont=0.547
NODE_92_length_11228_cov_35.467796:4703-6463|-     -            587 9806651              -            592     9e-09   32.3   0.1   1   2   0.00015     0.064    9.7   0.0    10    68     9    68     2    75 0.82 NODE_92_length_11228_cov_35.467796_5 # 4703 # 6463 # -1 # ID=92_5;partial=00;start_type=ATG;rbs_motif=None;rbs_spacer=None;gc_cont=0.531
NODE_92_length_11228_cov_35.467796:4703-6463|-     -            587 9806651              -            592     9e-09   32.3   0.1   2   2   8.1e-08   3.4e-05   20.5   0.0   401   490   239   327   226   351 0.83 NODE_92_length_11228_cov_35.467796_5 # 4703 # 6463 # -1 # ID=92_5;partial=00;start_type=ATG;rbs_motif=None;rbs_spacer=None;gc_cont=0.531
NODE_28_length_70179_cov_36.796251:9765-11129|+    -            455 9806651              -            592   2.5e-08   30.8   0.0   1   2      0.19        79   -0.5   0.0    51    73    77    99    23   109 0.67 NODE_28_length_70179_cov_36.796251_11 # 9765 # 11129 # 1 # ID=28_11;partial=00;start_type=ATG;rbs_motif=GGAG/GAGG;rbs_spacer=5-10bp;gc_cont=0.566
NODE_28_length_70179_cov_36.796251:9765-11129|+    -            455 9806651              -            592   2.5e-08   30.8   0.0   2   2   2.8e-10   1.2e-07   28.6   0.0   397   485   229   317   219   323 0.90 NODE_28_length_70179_cov_36.796251_11 # 9765 # 11129 # 1 # ID=28_11;partial=00;start_type=ATG;rbs_motif=GGAG/GAGG;rbs_spacer=5-10bp;gc_cont=0.566
NODE_17_length_86457_cov_41.702653:720-2918|+      -            733 9806651              -            592   2.6e-08   30.8   0.0   1   2   2.3e-05    0.0095   12.4   0.0     7    73   200   269   195   281 0.86 NODE_17_length_86457_cov_41.702653_3 # 720 # 2918 # 1 # ID=17_3;partial=00;start_type=ATG;rbs_motif=AGGA;rbs_spacer=5-10bp;gc_cont=0.575
NODE_17_length_86457_cov_41.702653:720-2918|+      -            733 9806651              -            592   2.6e-08   30.8   0.0   2   2   1.6e-06   0.00066   16.3   0.0   456   520   525   597   510   609 0.78 NODE_17_length_86457_cov_41.702653_3 # 720 # 2918 # 1 # ID=17_3;partial=00;start_type=ATG;rbs_motif=AGGA;rbs_spacer=5-10bp;gc_cont=0.575
NODE_8_length_126545_cov_41.885285:108662-110551|+ -            630 9806651              -            592   3.5e-08   30.4   1.0   1   2     0.015       6.2    3.1   0.0    29    83    48   108    28   117 0.71 NODE_8_length_126545_cov_41.885285_102 # 108662 # 110551 # 1 # ID=8_102;partial=00;start_type=ATG;rbs_motif=AGGA/GGAG/GAGG;rbs_spacer=11-12bp;gc_cont=0.556
NODE_8_length_126545_cov_41.885285:108662-110551|+ -            630 9806651              -            592   3.5e-08   30.4   1.0   2   2   4.4e-09   1.9e-06   24.7   1.3   414   536   246   364   229   371 0.87 NODE_8_length_126545_cov_41.885285_102 # 108662 # 110551 # 1 # ID=8_102;partial=00;start_type=ATG;rbs_motif=AGGA/GGAG/GAGG;rbs_spacer=11-12bp;gc_cont=0.556
NODE_16_length_86943_cov_42.279511:17610-18875|-   -            422 9806651              -            592   3.8e-07   27.0   0.1   1   2       1.8   7.6e+02   -3.8   0.0    50    67    85   102    80   105 0.76 NODE_16_length_86943_cov_42.279511_15 # 17610 # 18875 # -1 # ID=16_15;partial=00;start_type=ATG;rbs_motif=None;rbs_spacer=None;gc_cont=0.522
NODE_16_length_86943_cov_42.279511:17610-18875|-   -            422 9806651              -            592   3.8e-07   27.0   0.1   2   2   1.7e-09   7.1e-07   26.1   0.0   404   486   247   329   239   351 0.90 NODE_16_length_86943_cov_42.279511_15 # 17610 # 18875 # -1 # ID=16_15;partial=00;start_type=ATG;rbs_motif=None;rbs_spacer=None;gc_cont=0.522
NODE_39_length_47213_cov_38.868135:33709-35790|+   -            694 9806651              -            592   4.5e-06   23.4   0.0   1   2   0.00062      0.26    7.7   0.0     4    74   267   342   265   348 0.77 NODE_39_length_47213_cov_38.868135_37 # 33709 # 35790 # 1 # ID=39_37;partial=00;start_type=ATG;rbs_motif=GGA/GAG/AGG;rbs_spacer=5-10bp;gc_cont=0.572
NODE_39_length_47213_cov_38.868135:33709-35790|+   -            694 9806651              -            592   4.5e-06   23.4   0.0   2   2   1.1e-05    0.0047   13.4   0.0   437   522   517   600   492   612 0.80 NODE_39_length_47213_cov_38.868135_37 # 33709 # 35790 # 1 # ID=39_37;partial=00;start_type=ATG;rbs_motif=GGA/GAG/AGG;rbs_spacer=5-10bp;gc_cont=0.572
NODE_35_length_52795_cov_36.978564:15018-16391|-   -            458 9806651              -            592   1.5e-05   21.6   0.0   1   2    0.0044       1.8    4.9   0.0    25    77    41   102    29   107 0.70 NODE_35_length_52795_cov_36.978564_13 # 15018 # 16391 # -1 # ID=35_13;partial=00;start_type=GTG;rbs_motif=GGA/GAG/AGG;rbs_spacer=5-10bp;gc_cont=0.516
NODE_35_length_52795_cov_36.978564:15018-16391|-   -            458 9806651              -            592   1.5e-05   21.6   0.0   2   2   4.9e-06    0.0021   14.6   0.0   409   486   237   314   226   341 0.90 NODE_35_length_52795_cov_36.978564_13 # 15018 # 16391 # -1 # ID=35_13;partial=00;start_type=GTG;rbs_motif=GGA/GAG/AGG;rbs_spacer=5-10bp;gc_cont=0.516
NODE_6_length_131096_cov_36.333598:16644-18476|+   -            611 9806651              -            592   0.00062   16.3   0.1   1   1   2.3e-06   0.00096   15.7   0.1   559   591   204   236   191   237 0.91 NODE_6_length_131096_cov_36.333598_19 # 16644 # 18476 # 1 # ID=6_19;partial=00;start_type=GTG;rbs_motif=4Base/6BMM;rbs_spacer=13-15bp;gc_cont=0.516
NODE_16_length_86943_cov_42.279511:57558-59393|+   -            612 9806651              -            592    0.0027   14.2   0.0   1   2       2.5     1e+03   -4.2   0.0   303   317   138   152   136   156 0.82 NODE_16_length_86943_cov_42.279511_53 # 57558 # 59393 # 1 # ID=16_53;partial=00;start_type=GTG;rbs_motif=GGA/GAG/AGG;rbs_spacer=5-10bp;gc_cont=0.554
NODE_16_length_86943_cov_42.279511:57558-59393|+   -            612 9806651              -            592    0.0027   14.2   0.0   2   2   1.4e-05    0.0058   13.1   0.0   379   523   192   344   172   366 0.76 NODE_16_length_86943_cov_42.279511_53 # 57558 # 59393 # 1 # ID=16_53;partial=00;start_type=GTG;rbs_motif=GGA/GAG/AGG;rbs_spacer=5-10bp;gc_cont=0.554
#
# Program:         hmmsearch
# Version:         3.4 (Aug 2023)
# Pipeline mode:   SEARCH
# Query file:      /home/simonedassisi/busco_downloads/lineages/bacteria_odb12/hmms/9806651at2.hmm
# Target file:     home/simonedassisi/Desktop/BUSCO_output/prodigal_output/predicted_genes/predicted.faa
# Option settings: hmmsearch --domtblout home/simonedassisi/Desktop/BUSCO_output/auto_lineage/run_bacteria_odb12/hmmer_output/9806651at2.out --cpu 1 /home/simonedassisi/busco_downloads/lineages/bacteria_odb12/hmms/9806651at2.hmm home/simonedassisi/Desktop/BUSCO_output/prodigal_output/predicted_genes/predicted.faa 
# Current dir:     /home/simonedassisi
# Date:            Tue Apr  1 14:23:28 2025
# [ok]
