#                                                                                                          --- full sequence --- -------------- this domain -------------   hmm coord   ali coord   env coord
# target name                                      accession   tlen query name           accession   qlen   E-value  score  bias   #  of  c-Evalue  i-Evalue  score  bias  from    to  from    to  from    to  acc description of target
#                              ------------------- ---------- ----- -------------------- ---------- ----- --------- ------ ----- --- --- --------- --------- ------ ----- ----- ----- ----- ----- ----- ----- ---- ---------------------
NODE_26_length_78359_cov_41.157595:29178-30581|+   -            468 9807019              -            427  4.7e-187  620.4   0.0   1   1  1.4e-189  5.3e-187  620.3   0.0     6   425     4   466     1   467 0.95 NODE_26_length_78359_cov_41.157595_28 # 29178 # 30581 # 1 # ID=26_28;partial=00;start_type=GTG;rbs_motif=GGAG/GAGG;rbs_spacer=5-10bp;gc_cont=0.538
NODE_9_length_123825_cov_37.296666:106870-107616|+ -            249 9807019              -            427     2e-24   84.6   0.0   1   1   1.3e-26   4.9e-24   83.3   0.0   100   327    30   247    18   248 0.91 NODE_9_length_123825_cov_37.296666_93 # 106870 # 107616 # 1 # ID=9_93;partial=00;start_type=GTG;rbs_motif=GGA/GAG/AGG;rbs_spacer=3-4bp;gc_cont=0.529
NODE_31_length_58399_cov_38.812466:54733-55470|+   -            246 9807019              -            427   5.3e-14   50.3   0.0   1   1   1.6e-16   6.2e-14   50.1   0.0    61   251    32   223     7   229 0.75 NODE_31_length_58399_cov_38.812466_54 # 54733 # 55470 # 1 # ID=31_54;partial=00;start_type=ATG;rbs_motif=GGAG/GAGG;rbs_spacer=5-10bp;gc_cont=0.507
NODE_50_length_31159_cov_52.530614:26602-27396|-   -            265 9807019              -            427     6e-13   46.8   0.0   1   1   1.8e-15   7.1e-13   46.6   0.0    88   234    53   200     5   208 0.77 NODE_50_length_31159_cov_52.530614_34 # 26602 # 27396 # -1 # ID=50_34;partial=00;start_type=ATG;rbs_motif=AGGAG;rbs_spacer=5-10bp;gc_cont=0.543
NODE_109_length_5411_cov_70.697578:3623-4378|+     -            252 9807019              -            427   2.3e-09   35.0   0.0   1   1   6.4e-12   2.5e-09   34.9   0.0   129   234   100   204    21   211 0.86 NODE_109_length_5411_cov_70.697578_5 # 3623 # 4378 # 1 # ID=109_5;partial=00;start_type=GTG;rbs_motif=GGAGG;rbs_spacer=5-10bp;gc_cont=0.537
NODE_44_length_40808_cov_40.967724:8577-9323|+     -            249 9807019              -            427     5e-09   33.9   0.0   1   1   1.4e-11   5.3e-09   33.8   0.0   131   230    99   198    16   208 0.87 NODE_44_length_40808_cov_40.967724_11 # 8577 # 9323 # 1 # ID=44_11;partial=00;start_type=ATG;rbs_motif=GGA/GAG/AGG;rbs_spacer=5-10bp;gc_cont=0.486
NODE_137_length_1854_cov_128.114650:1109-1852|+    -            248 9807019              -            427   8.2e-09   33.2   0.0   1   1   2.3e-11   8.9e-09   33.1   0.0   132   236   104   208     8   214 0.84 NODE_137_length_1854_cov_128.114650_2 # 1109 # 1852 # 1 # ID=137_2;partial=01;start_type=ATG;rbs_motif=AGGAG;rbs_spacer=5-10bp;gc_cont=0.505
NODE_124_length_2644_cov_91.047676:1786-2541|+     -            252 9807019              -            427   2.6e-08   31.5   0.0   1   1   7.8e-11     3e-08   31.3   0.0   131   230   100   199    35   212 0.92 NODE_124_length_2644_cov_91.047676_2 # 1786 # 2541 # 1 # ID=124_2;partial=00;start_type=ATG;rbs_motif=AGGA;rbs_spacer=5-10bp;gc_cont=0.526
NODE_34_length_53173_cov_42.168382:408-2981|-      -            858 9807019              -            427   6.3e-06   23.7   0.1   1   2    0.0073       2.8    5.0   0.0   122   156   192   225   180   232 0.81 NODE_34_length_53173_cov_42.168382_1 # 408 # 2981 # -1 # ID=34_1;partial=00;start_type=ATG;rbs_motif=GGAGG;rbs_spacer=3-4bp;gc_cont=0.516
NODE_34_length_53173_cov_42.168382:408-2981|-      -            858 9807019              -            427   6.3e-06   23.7   0.1   2   2   1.2e-05    0.0048   14.2   0.0   116   172   583   640   430   644 0.57 NODE_34_length_53173_cov_42.168382_1 # 408 # 2981 # -1 # ID=34_1;partial=00;start_type=ATG;rbs_motif=GGAGG;rbs_spacer=3-4bp;gc_cont=0.516
NODE_6_length_131096_cov_36.333598:65218-66228|+   -            337 9807019              -            427   6.8e-06   23.6   0.0   1   3   5.6e-06    0.0022   15.3   0.0   105   154    29    79    14    87 0.83 NODE_6_length_131096_cov_36.333598_66 # 65218 # 66228 # 1 # ID=6_66;partial=00;start_type=ATG;rbs_motif=GGAG/GAGG;rbs_spacer=5-10bp;gc_cont=0.530
NODE_6_length_131096_cov_36.333598:65218-66228|+   -            337 9807019              -            427   6.8e-06   23.6   0.0   2   3      0.33   1.3e+02   -0.4   0.0   187   204   102   119    91   122 0.80 NODE_6_length_131096_cov_36.333598_66 # 65218 # 66228 # 1 # ID=6_66;partial=00;start_type=ATG;rbs_motif=GGAG/GAGG;rbs_spacer=5-10bp;gc_cont=0.530
NODE_6_length_131096_cov_36.333598:65218-66228|+   -            337 9807019              -            427   6.8e-06   23.6   0.0   3   3     0.011       4.3    4.5   0.0   266   329   190   254   163   266 0.83 NODE_6_length_131096_cov_36.333598_66 # 65218 # 66228 # 1 # ID=6_66;partial=00;start_type=ATG;rbs_motif=GGAG/GAGG;rbs_spacer=5-10bp;gc_cont=0.530
NODE_23_length_80065_cov_37.437114:8553-9896|-     -            448 9807019              -            427    0.0002   18.8   0.0   1   1   7.7e-07    0.0003   18.2   0.0   129   308    49   220    20   246 0.72 NODE_23_length_80065_cov_37.437114_8 # 8553 # 9896 # -1 # ID=23_8;partial=00;start_type=GTG;rbs_motif=GGAG/GAGG;rbs_spacer=5-10bp;gc_cont=0.531
NODE_8_length_126545_cov_41.885285:43553-44680|+   -            376 9807019              -            427     0.018   12.3   0.0   1   2    0.0004      0.16    9.2   0.0   131   238    72   181    64   189 0.67 NODE_8_length_126545_cov_41.885285_40 # 43553 # 44680 # 1 # ID=8_40;partial=00;start_type=ATG;rbs_motif=4Base/6BMM;rbs_spacer=13-15bp;gc_cont=0.523
NODE_8_length_126545_cov_41.885285:43553-44680|+   -            376 9807019              -            427     0.018   12.3   0.0   2   2      0.17        65    0.6   0.0   207   252   311   355   272   367 0.77 NODE_8_length_126545_cov_41.885285_40 # 43553 # 44680 # 1 # ID=8_40;partial=00;start_type=ATG;rbs_motif=4Base/6BMM;rbs_spacer=13-15bp;gc_cont=0.523
NODE_8_length_126545_cov_41.885285:76458-77267|+   -            270 9807019              -            427      0.06   10.6   0.1   1   1   0.00023      0.09   10.0   0.1   133   155    37    59    30    66 0.87 NODE_8_length_126545_cov_41.885285_71 # 76458 # 77267 # 1 # ID=8_71;partial=00;start_type=ATG;rbs_motif=GGA/GAG/AGG;rbs_spacer=5-10bp;gc_cont=0.546
#
# Program:         hmmsearch
# Version:         3.4 (Aug 2023)
# Pipeline mode:   SEARCH
# Query file:      /home/simonedassisi/busco_downloads/lineages/bacteria_odb12/hmms/9807019at2.hmm
# Target file:     home/simonedassisi/Desktop/BUSCO_output/prodigal_output/predicted_genes/predicted.faa
# Option settings: hmmsearch --domtblout home/simonedassisi/Desktop/BUSCO_output/auto_lineage/run_bacteria_odb12/hmmer_output/9807019at2.out --cpu 1 /home/simonedassisi/busco_downloads/lineages/bacteria_odb12/hmms/9807019at2.hmm home/simonedassisi/Desktop/BUSCO_output/prodigal_output/predicted_genes/predicted.faa 
# Current dir:     /home/simonedassisi
# Date:            Tue Apr  1 14:23:28 2025
# [ok]
