#                                                                                                          --- full sequence --- -------------- this domain -------------   hmm coord   ali coord   env coord
# target name                                      accession   tlen query name           accession   qlen   E-value  score  bias   #  of  c-Evalue  i-Evalue  score  bias  from    to  from    to  from    to  acc description of target
#                              ------------------- ---------- ----- -------------------- ---------- ----- --------- ------ ----- --- --- --------- --------- ------ ----- ----- ----- ----- ----- ----- ----- ---- ---------------------
NODE_30_length_69036_cov_41.149327:31031-31756|-   -            242 9807458              -            233  1.5e-101  337.2   0.3   1   1  2.6e-104  1.7e-101  337.0   0.3     2   232     6   240     5   241 0.96 NODE_30_length_69036_cov_41.149327_32 # 31031 # 31756 # -1 # ID=30_32;partial=00;start_type=ATG;rbs_motif=AGGA;rbs_spacer=5-10bp;gc_cont=0.528
NODE_31_length_58399_cov_38.812466:12714-15176|-   -            821 9807458              -            233   1.1e-07   30.0   0.0   1   1   4.1e-10   2.6e-07   28.7   0.0   138   210   207   282   164   297 0.81 NODE_31_length_58399_cov_38.812466_13 # 12714 # 15176 # -1 # ID=31_13;partial=00;start_type=ATG;rbs_motif=GGAG/GAGG;rbs_spacer=5-10bp;gc_cont=0.533
NODE_7_length_130108_cov_39.332856:128476-129825|+ -            450 9807458              -            233   2.4e-06   25.6   0.0   1   1   8.5e-09   5.4e-06   24.4   0.0   138   216   201   282   193   294 0.84 NODE_7_length_130108_cov_39.332856_117 # 128476 # 129825 # 1 # ID=7_117;partial=00;start_type=ATG;rbs_motif=GGAG/GAGG;rbs_spacer=5-10bp;gc_cont=0.539
NODE_5_length_138947_cov_37.421618:43392-44495|+   -            368 9807458              -            233     6e-05   21.0   3.5   1   3    0.0045       2.9    5.7   0.1     6    57     5    56     1    78 0.84 NODE_5_length_138947_cov_37.421618_40 # 43392 # 44495 # 1 # ID=5_40;partial=00;start_type=ATG;rbs_motif=GGA/GAG/AGG;rbs_spacer=3-4bp;gc_cont=0.562
NODE_5_length_138947_cov_37.421618:43392-44495|+   -            368 9807458              -            233     6e-05   21.0   3.5   2   3   2.8e-06    0.0018   16.2   0.1   139   180   150   191    97   201 0.93 NODE_5_length_138947_cov_37.421618_40 # 43392 # 44495 # 1 # ID=5_40;partial=00;start_type=ATG;rbs_motif=GGA/GAG/AGG;rbs_spacer=3-4bp;gc_cont=0.562
NODE_5_length_138947_cov_37.421618:43392-44495|+   -            368 9807458              -            233     6e-05   21.0   3.5   3   3       1.9   1.2e+03   -2.9   0.1   130   159   208   237   206   244 0.79 NODE_5_length_138947_cov_37.421618_40 # 43392 # 44495 # 1 # ID=5_40;partial=00;start_type=ATG;rbs_motif=GGA/GAG/AGG;rbs_spacer=3-4bp;gc_cont=0.562
NODE_21_length_83220_cov_38.326345:15278-16171|-   -            298 9807458              -            233   0.00017   19.5   0.1   1   2       0.2   1.3e+02    0.3   0.0     6    52     2    52     1    61 0.72 NODE_21_length_83220_cov_38.326345_18 # 15278 # 16171 # -1 # ID=21_18;partial=00;start_type=ATG;rbs_motif=AGGA;rbs_spacer=5-10bp;gc_cont=0.574
NODE_21_length_83220_cov_38.326345:15278-16171|-   -            298 9807458              -            233   0.00017   19.5   0.1   2   2     3e-06    0.0019   16.1   0.0   116   173   170   237   153   244 0.74 NODE_21_length_83220_cov_38.326345_18 # 15278 # 16171 # -1 # ID=21_18;partial=00;start_type=ATG;rbs_motif=AGGA;rbs_spacer=5-10bp;gc_cont=0.574
NODE_91_length_11458_cov_69.662607:1303-2265|-     -            321 9807458              -            233    0.0041   15.0   1.9   1   2      0.42   2.7e+02   -0.7   0.1    21    41    23    43     2    56 0.45 NODE_91_length_11458_cov_69.662607_2 # 1303 # 2265 # -1 # ID=91_2;partial=00;start_type=ATG;rbs_motif=GGA/GAG/AGG;rbs_spacer=5-10bp;gc_cont=0.560
NODE_91_length_11458_cov_69.662607:1303-2265|-     -            321 9807458              -            233    0.0041   15.0   1.9   2   2   0.00012     0.077   10.8   0.3   116   164   180   242   162   268 0.69 NODE_91_length_11458_cov_69.662607_2 # 1303 # 2265 # -1 # ID=91_2;partial=00;start_type=ATG;rbs_motif=GGA/GAG/AGG;rbs_spacer=5-10bp;gc_cont=0.560
NODE_11_length_117034_cov_40.464403:13732-14664|+  -            311 9807458              -            233     0.015   13.1   5.3   1   2   5.3e-05     0.033   12.0   0.1     5    52     2    49     1    78 0.91 NODE_11_length_117034_cov_40.464403_11 # 13732 # 14664 # 1 # ID=11_11;partial=00;start_type=ATG;rbs_motif=GGA/GAG/AGG;rbs_spacer=5-10bp;gc_cont=0.495
NODE_11_length_117034_cov_40.464403:13732-14664|+  -            311 9807458              -            233     0.015   13.1   5.3   2   2     0.071        45    1.8   1.3   117   135   176   194   162   244 0.60 NODE_11_length_117034_cov_40.464403_11 # 13732 # 14664 # 1 # ID=11_11;partial=00;start_type=ATG;rbs_motif=GGA/GAG/AGG;rbs_spacer=5-10bp;gc_cont=0.495
NODE_5_length_138947_cov_37.421618:91031-91981|+   -            317 9807458              -            233     0.069   11.0   2.4   1   2       0.4   2.5e+02   -0.7   0.1    21    43    23    45     2    57 0.46 NODE_5_length_138947_cov_37.421618_78 # 91031 # 91981 # 1 # ID=5_78;partial=00;start_type=ATG;rbs_motif=GGA/GAG/AGG;rbs_spacer=5-10bp;gc_cont=0.564
NODE_5_length_138947_cov_37.421618:91031-91981|+   -            317 9807458              -            233     0.069   11.0   2.4   2   2   0.00061      0.39    8.5   0.4   117   163   181   241   162   266 0.73 NODE_5_length_138947_cov_37.421618_78 # 91031 # 91981 # 1 # ID=5_78;partial=00;start_type=ATG;rbs_motif=GGA/GAG/AGG;rbs_spacer=5-10bp;gc_cont=0.564
#
# Program:         hmmsearch
# Version:         3.4 (Aug 2023)
# Pipeline mode:   SEARCH
# Query file:      /home/simonedassisi/busco_downloads/lineages/bacteria_odb12/hmms/9807458at2.hmm
# Target file:     home/simonedassisi/Desktop/BUSCO_output/prodigal_output/predicted_genes/predicted.faa
# Option settings: hmmsearch --domtblout home/simonedassisi/Desktop/BUSCO_output/auto_lineage/run_bacteria_odb12/hmmer_output/9807458at2.out --cpu 1 /home/simonedassisi/busco_downloads/lineages/bacteria_odb12/hmms/9807458at2.hmm home/simonedassisi/Desktop/BUSCO_output/prodigal_output/predicted_genes/predicted.faa 
# Current dir:     /home/simonedassisi
# Date:            Tue Apr  1 14:23:28 2025
# [ok]
