#                                                                                                         --- full sequence --- -------------- this domain -------------   hmm coord   ali coord   env coord
# target name                                     accession   tlen query name           accession   qlen   E-value  score  bias   #  of  c-Evalue  i-Evalue  score  bias  from    to  from    to  from    to  acc description of target
#                             ------------------- ---------- ----- -------------------- ---------- ----- --------- ------ ----- --- --- --------- --------- ------ ----- ----- ----- ----- ----- ----- ----- ---- ---------------------
NODE_2_length_157429_cov_38.171358:33892-35160|+  -            423 9809356              -            390  4.5e-130  432.2   0.0   1   1    7e-133  5.1e-130  432.0   0.0     4   387    12   415     9   418 0.92 NODE_2_length_157429_cov_38.171358_32 # 33892 # 35160 # 1 # ID=2_32;partial=00;start_type=ATG;rbs_motif=GGA/GAG/AGG;rbs_spacer=3-4bp;gc_cont=0.558
NODE_4_length_139564_cov_44.158667:59692-61179|-  -            496 9809356              -            390   2.3e-22   77.6   0.1   1   2   8.1e-07   0.00059   17.0   0.0    22    60    92   131    71   140 0.84 NODE_4_length_139564_cov_44.158667_54 # 59692 # 61179 # -1 # ID=4_54;partial=00;start_type=GTG;rbs_motif=GGAG/GAGG;rbs_spacer=5-10bp;gc_cont=0.569
NODE_4_length_139564_cov_44.158667:59692-61179|-  -            496 9809356              -            390   2.3e-22   77.6   0.1   2   2   4.3e-19   3.1e-16   57.4   0.0   147   374   198   465   182   467 0.70 NODE_4_length_139564_cov_44.158667_54 # 59692 # 61179 # -1 # ID=4_54;partial=00;start_type=GTG;rbs_motif=GGAG/GAGG;rbs_spacer=5-10bp;gc_cont=0.569
NODE_4_length_139564_cov_44.158667:55942-57258|-  -            439 9809356              -            390   7.3e-15   52.9   0.3   1   2   5.5e-07    0.0004   17.6   0.2    36    69   103   136    84   137 0.89 NODE_4_length_139564_cov_44.158667_51 # 55942 # 57258 # -1 # ID=4_51;partial=00;start_type=ATG;rbs_motif=GGA/GAG/AGG;rbs_spacer=5-10bp;gc_cont=0.550
NODE_4_length_139564_cov_44.158667:55942-57258|-  -            439 9809356              -            390   7.3e-15   52.9   0.3   2   2   8.6e-12   6.2e-09   33.4   0.0   126   349   151   385   141   412 0.68 NODE_4_length_139564_cov_44.158667_51 # 55942 # 57258 # -1 # ID=4_51;partial=00;start_type=ATG;rbs_motif=GGA/GAG/AGG;rbs_spacer=5-10bp;gc_cont=0.550
NODE_4_length_139564_cov_44.158667:52105-53580|-  -            492 9809356              -            390     3e-13   47.6   0.0   1   2     5e-08   3.6e-05   21.0   0.0    26    65   110   146    93   150 0.77 NODE_4_length_139564_cov_44.158667_48 # 52105 # 53580 # -1 # ID=4_48;partial=00;start_type=ATG;rbs_motif=3Base/5BMM;rbs_spacer=13-15bp;gc_cont=0.545
NODE_4_length_139564_cov_44.158667:52105-53580|-  -            492 9809356              -            390     3e-13   47.6   0.0   2   2   6.2e-09   4.5e-06   24.0   0.0   146   308   185   379   179   465 0.71 NODE_4_length_139564_cov_44.158667_48 # 52105 # 53580 # -1 # ID=4_48;partial=00;start_type=ATG;rbs_motif=3Base/5BMM;rbs_spacer=13-15bp;gc_cont=0.545
NODE_18_length_85840_cov_40.696849:48010-49383|-  -            458 9809356              -            390   1.4e-11   42.1   0.2   1   2   1.6e-06    0.0011   16.1   0.0    40    69   105   134    94   137 0.90 NODE_18_length_85840_cov_40.696849_41 # 48010 # 49383 # -1 # ID=18_41;partial=00;start_type=ATG;rbs_motif=AGGA;rbs_spacer=5-10bp;gc_cont=0.552
NODE_18_length_85840_cov_40.696849:48010-49383|-  -            458 9809356              -            390   1.4e-11   42.1   0.2   2   2     5e-09   3.6e-06   24.3   0.1   207   310   239   357   176   433 0.68 NODE_18_length_85840_cov_40.696849_41 # 48010 # 49383 # -1 # ID=18_41;partial=00;start_type=ATG;rbs_motif=AGGA;rbs_spacer=5-10bp;gc_cont=0.552
NODE_4_length_139564_cov_44.158667:58337-59695|-  -            453 9809356              -            390   3.4e-11   40.8   3.4   1   2   5.4e-05     0.039   11.0   0.1    35    65    97   127    81   133 0.82 NODE_4_length_139564_cov_44.158667_53 # 58337 # 59695 # -1 # ID=4_53;partial=00;start_type=ATG;rbs_motif=GGxGG;rbs_spacer=5-10bp;gc_cont=0.553
NODE_4_length_139564_cov_44.158667:58337-59695|-  -            453 9809356              -            390   3.4e-11   40.8   3.4   2   2     9e-11   6.5e-08   30.0   1.0   126   313   151   363   138   449 0.67 NODE_4_length_139564_cov_44.158667_53 # 58337 # 59695 # -1 # ID=4_53;partial=00;start_type=ATG;rbs_motif=GGxGG;rbs_spacer=5-10bp;gc_cont=0.553
NODE_11_length_117034_cov_40.464403:16378-17148|- -            257 9809356              -            390   4.1e-05   20.8   0.0   1   1     9e-08   6.5e-05   20.1   0.0    29    75    12    57     6    63 0.88 NODE_11_length_117034_cov_40.464403_13 # 16378 # 17148 # -1 # ID=11_13;partial=00;start_type=GTG;rbs_motif=AGGA/GGAG/GAGG;rbs_spacer=11-12bp;gc_cont=0.503
#
# Program:         hmmsearch
# Version:         3.4 (Aug 2023)
# Pipeline mode:   SEARCH
# Query file:      /home/simonedassisi/busco_downloads/lineages/bacteria_odb12/hmms/9809356at2.hmm
# Target file:     home/simonedassisi/Desktop/BUSCO_output/prodigal_output/predicted_genes/predicted.faa
# Option settings: hmmsearch --domtblout home/simonedassisi/Desktop/BUSCO_output/auto_lineage/run_bacteria_odb12/hmmer_output/9809356at2.out --cpu 1 /home/simonedassisi/busco_downloads/lineages/bacteria_odb12/hmms/9809356at2.hmm home/simonedassisi/Desktop/BUSCO_output/prodigal_output/predicted_genes/predicted.faa 
# Current dir:     /home/simonedassisi
# Date:            Tue Apr  1 14:23:29 2025
# [ok]
