#                                                                                                         --- full sequence --- -------------- this domain -------------   hmm coord   ali coord   env coord
# target name                                     accession   tlen query name           accession   qlen   E-value  score  bias   #  of  c-Evalue  i-Evalue  score  bias  from    to  from    to  from    to  acc description of target
#                             ------------------- ---------- ----- -------------------- ---------- ----- --------- ------ ----- --- --- --------- --------- ------ ----- ----- ----- ----- ----- ----- ----- ---- ---------------------
NODE_4_length_139564_cov_44.158667:55942-57258|-  -            439 9809796              -            412  4.8e-138  459.0   0.0   1   1  2.4e-140  5.4e-138  458.9   0.0     3   409     2   437     1   438 0.93 NODE_4_length_139564_cov_44.158667_51 # 55942 # 57258 # -1 # ID=4_51;partial=00;start_type=ATG;rbs_motif=GGA/GAG/AGG;rbs_spacer=5-10bp;gc_cont=0.550
NODE_4_length_139564_cov_44.158667:52105-53580|-  -            492 9809796              -            412   9.6e-38  128.7   0.0   1   1   6.4e-40   1.5e-37  128.1   0.0     9   288    21   333    15   369 0.85 NODE_4_length_139564_cov_44.158667_48 # 52105 # 53580 # -1 # ID=4_48;partial=00;start_type=ATG;rbs_motif=3Base/5BMM;rbs_spacer=13-15bp;gc_cont=0.545
NODE_4_length_139564_cov_44.158667:59692-61179|-  -            496 9809796              -            412   2.6e-32  110.8   2.6   1   1   9.3e-33   2.1e-30  104.5   2.6   102   382   107   463    96   465 0.82 NODE_4_length_139564_cov_44.158667_54 # 59692 # 61179 # -1 # ID=4_54;partial=00;start_type=GTG;rbs_motif=GGAG/GAGG;rbs_spacer=5-10bp;gc_cont=0.569
NODE_4_length_139564_cov_44.158667:58337-59695|-  -            453 9809796              -            412   3.9e-31  106.9   0.7   1   1   2.2e-33     5e-31  106.5   0.7    92   322    89   362    72   437 0.85 NODE_4_length_139564_cov_44.158667_53 # 58337 # 59695 # -1 # ID=4_53;partial=00;start_type=ATG;rbs_motif=GGxGG;rbs_spacer=5-10bp;gc_cont=0.553
NODE_18_length_85840_cov_40.696849:48010-49383|-  -            458 9809796              -            412   8.3e-25   86.1   0.0   1   1   4.6e-27     1e-24   85.7   0.0    11   311     4   346     1   388 0.78 NODE_18_length_85840_cov_40.696849_41 # 48010 # 49383 # -1 # ID=18_41;partial=00;start_type=ATG;rbs_motif=AGGA;rbs_spacer=5-10bp;gc_cont=0.552
NODE_2_length_157429_cov_38.171358:33892-35160|+  -            423 9809796              -            412   3.2e-14   51.2   0.0   1   2   4.3e-06     0.001   16.6   0.0    87   135    32    80    14    82 0.81 NODE_2_length_157429_cov_38.171358_32 # 33892 # 35160 # 1 # ID=2_32;partial=00;start_type=ATG;rbs_motif=GGA/GAG/AGG;rbs_spacer=3-4bp;gc_cont=0.558
NODE_2_length_157429_cov_38.171358:33892-35160|+  -            423 9809796              -            412   3.2e-14   51.2   0.0   2   2   7.5e-11   1.7e-08   32.3   0.0   151   382   141   400   127   406 0.69 NODE_2_length_157429_cov_38.171358_32 # 33892 # 35160 # 1 # ID=2_32;partial=00;start_type=ATG;rbs_motif=GGA/GAG/AGG;rbs_spacer=3-4bp;gc_cont=0.558
NODE_8_length_126545_cov_41.885285:55907-57325|-  -            473 9809796              -            412   1.6e-08   32.5   0.4   1   2   2.6e-06    0.0006   17.4   0.0     6    41   145   180   142   217 0.87 NODE_8_length_126545_cov_41.885285_53 # 55907 # 57325 # -1 # ID=8_53;partial=00;start_type=ATG;rbs_motif=GGA/GAG/AGG;rbs_spacer=5-10bp;gc_cont=0.558
NODE_8_length_126545_cov_41.885285:55907-57325|-  -            473 9809796              -            412   1.6e-08   32.5   0.4   2   2     6e-05     0.014   12.9   0.1     5    45   285   328   282   356 0.71 NODE_8_length_126545_cov_41.885285_53 # 55907 # 57325 # -1 # ID=8_53;partial=00;start_type=ATG;rbs_motif=GGA/GAG/AGG;rbs_spacer=5-10bp;gc_cont=0.558
NODE_81_length_14768_cov_38.084830:4581-6560|+    -            660 9809796              -            412   2.6e-07   28.4   0.1   1   2   2.4e-06   0.00055   17.5   0.0     7    41   327   361   323   391 0.91 NODE_81_length_14768_cov_38.084830_3 # 4581 # 6560 # 1 # ID=81_3;partial=00;start_type=ATG;rbs_motif=AGxAGG/AGGxGG;rbs_spacer=5-10bp;gc_cont=0.555
NODE_81_length_14768_cov_38.084830:4581-6560|+    -            660 9809796              -            412   2.6e-07   28.4   0.1   2   2    0.0013       0.3    8.5   0.0     6    45   467   509   464   530 0.69 NODE_81_length_14768_cov_38.084830_3 # 4581 # 6560 # 1 # ID=81_3;partial=00;start_type=ATG;rbs_motif=AGxAGG/AGGxGG;rbs_spacer=5-10bp;gc_cont=0.555
NODE_11_length_117034_cov_40.464403:31103-33022|- -            640 9809796              -            412   1.1e-05   23.0   0.0   1   2   2.3e-05    0.0053   14.2   0.0     7    41   310   344   307   381 0.87 NODE_11_length_117034_cov_40.464403_23 # 31103 # 33022 # -1 # ID=11_23;partial=00;start_type=ATG;rbs_motif=GGA/GAG/AGG;rbs_spacer=5-10bp;gc_cont=0.528
NODE_11_length_117034_cov_40.464403:31103-33022|- -            640 9809796              -            412   1.1e-05   23.0   0.0   2   2    0.0053       1.2    6.5   0.0     4    41   448   486   446   513 0.71 NODE_11_length_117034_cov_40.464403_23 # 31103 # 33022 # -1 # ID=11_23;partial=00;start_type=ATG;rbs_motif=GGA/GAG/AGG;rbs_spacer=5-10bp;gc_cont=0.528
NODE_59_length_27357_cov_36.938267:1547-2845|-    -            433 9809796              -            412   7.2e-05   20.4   0.0   1   1   5.5e-07   0.00013   19.6   0.0     9    86     2    72     1    81 0.76 NODE_59_length_27357_cov_36.938267_3 # 1547 # 2845 # -1 # ID=59_3;partial=00;start_type=ATG;rbs_motif=GGAG/GAGG;rbs_spacer=5-10bp;gc_cont=0.558
NODE_33_length_56462_cov_40.195669:558-1580|-     -            341 9809796              -            412   0.00018   19.0   0.0   1   1   1.3e-06   0.00029   18.4   0.0     7    47   163   202   158   225 0.76 NODE_33_length_56462_cov_40.195669_2 # 558 # 1580 # -1 # ID=33_2;partial=00;start_type=ATG;rbs_motif=GGAG/GAGG;rbs_spacer=5-10bp;gc_cont=0.511
NODE_15_length_91266_cov_36.275195:14188-15720|+  -            511 9809796              -            412   0.00056   17.5   0.1   1   1   4.4e-06     0.001   16.6   0.1     8    52   166   214   161   264 0.65 NODE_15_length_91266_cov_36.275195_13 # 14188 # 15720 # 1 # ID=15_13;partial=00;start_type=ATG;rbs_motif=GGA/GAG/AGG;rbs_spacer=5-10bp;gc_cont=0.526
NODE_32_length_57606_cov_39.295812:14695-16713|-  -            673 9809796              -            412   0.00071   17.1   0.0   1   2   4.8e-05     0.011   13.2   0.0     5    75   372   444   369   475 0.74 NODE_32_length_57606_cov_39.295812_14 # 14695 # 16713 # -1 # ID=32_14;partial=00;start_type=ATG;rbs_motif=GGA/GAG/AGG;rbs_spacer=5-10bp;gc_cont=0.572
NODE_32_length_57606_cov_39.295812:14695-16713|-  -            673 9809796              -            412   0.00071   17.1   0.0   2   2      0.25        57    0.9   0.0     7    31   495   519   491   532 0.88 NODE_32_length_57606_cov_39.295812_14 # 14695 # 16713 # -1 # ID=32_14;partial=00;start_type=ATG;rbs_motif=GGA/GAG/AGG;rbs_spacer=5-10bp;gc_cont=0.572
NODE_18_length_85840_cov_40.696849:9310-10329|+   -            340 9809796              -            412    0.0015   16.0   0.0   1   1   9.2e-06    0.0021   15.6   0.0     6    75   168   244   163   259 0.73 NODE_18_length_85840_cov_40.696849_7 # 9310 # 10329 # 1 # ID=18_7;partial=00;start_type=ATG;rbs_motif=AGGA;rbs_spacer=5-10bp;gc_cont=0.552
NODE_43_length_41508_cov_43.498876:7736-9112|+    -            459 9809796              -            412    0.0049   14.4   0.2   1   2    0.0039      0.88    6.9   0.0     9    52     2    50     1    93 0.81 NODE_43_length_41508_cov_43.498876_11 # 7736 # 9112 # 1 # ID=43_11;partial=00;start_type=ATG;rbs_motif=None;rbs_spacer=None;gc_cont=0.503
NODE_43_length_41508_cov_43.498876:7736-9112|+    -            459 9809796              -            412    0.0049   14.4   0.2   2   2      0.01       2.4    5.5   0.0     7    50   232   280   227   369 0.79 NODE_43_length_41508_cov_43.498876_11 # 7736 # 9112 # 1 # ID=43_11;partial=00;start_type=ATG;rbs_motif=None;rbs_spacer=None;gc_cont=0.503
NODE_11_length_117034_cov_40.464403:18151-21249|+ -           1033 9809796              -            412    0.0065   13.9   0.1   1   3    0.0026       0.6    7.5   0.0     8    42   551   585   547   638 0.75 NODE_11_length_117034_cov_40.464403_15 # 18151 # 21249 # 1 # ID=11_15;partial=00;start_type=ATG;rbs_motif=AGGAG;rbs_spacer=5-10bp;gc_cont=0.522
NODE_11_length_117034_cov_40.464403:18151-21249|+ -           1033 9809796              -            412    0.0065   13.9   0.1   2   3       3.1     7e+02   -2.6   0.0   302   325   623   648   602   652 0.68 NODE_11_length_117034_cov_40.464403_15 # 18151 # 21249 # 1 # ID=11_15;partial=00;start_type=ATG;rbs_motif=AGGAG;rbs_spacer=5-10bp;gc_cont=0.522
NODE_11_length_117034_cov_40.464403:18151-21249|+ -           1033 9809796              -            412    0.0065   13.9   0.1   3   3     0.039       8.9    3.6   0.0     7    28   678   699   674   743 0.75 NODE_11_length_117034_cov_40.464403_15 # 18151 # 21249 # 1 # ID=11_15;partial=00;start_type=ATG;rbs_motif=AGGAG;rbs_spacer=5-10bp;gc_cont=0.522
NODE_28_length_70179_cov_36.796251:43273-44022|-  -            250 9809796              -            412     0.007   13.8   0.0   1   1   4.3e-05    0.0099   13.3   0.0     4    75    28   104    26   132 0.67 NODE_28_length_70179_cov_36.796251_40 # 43273 # 44022 # -1 # ID=28_40;partial=00;start_type=ATG;rbs_motif=GGAGG;rbs_spacer=5-10bp;gc_cont=0.555
NODE_51_length_31115_cov_42.820834:15839-16594|-  -            252 9809796              -            412    0.0071   13.8   0.0   1   1   4.1e-05    0.0094   13.4   0.0     5    76    26   104    23   136 0.71 NODE_51_length_31115_cov_42.820834_14 # 15839 # 16594 # -1 # ID=51_14;partial=00;start_type=ATG;rbs_motif=AGGAG;rbs_spacer=5-10bp;gc_cont=0.578
NODE_65_length_22714_cov_39.243724:1827-2717|-    -            297 9809796              -            412    0.0078   13.7   0.5   1   2   0.00015     0.035   11.5   0.0     8    68     3    64     1    83 0.75 NODE_65_length_22714_cov_39.243724_2 # 1827 # 2717 # -1 # ID=65_2;partial=00;start_type=ATG;rbs_motif=GGA/GAG/AGG;rbs_spacer=5-10bp;gc_cont=0.533
NODE_65_length_22714_cov_39.243724:1827-2717|-    -            297 9809796              -            412    0.0078   13.7   0.5   2   2      0.46     1e+02    0.1   0.1   317   374   137   193   127   203 0.60 NODE_65_length_22714_cov_39.243724_2 # 1827 # 2717 # -1 # ID=65_2;partial=00;start_type=ATG;rbs_motif=GGA/GAG/AGG;rbs_spacer=5-10bp;gc_cont=0.533
NODE_10_length_119716_cov_38.250842:87698-89293|- -            532 9809796              -            412     0.025   12.0   3.2   1   4       5.6   1.3e+03   -3.5   0.0   300   338    14    57    13    67 0.63 NODE_10_length_119716_cov_38.250842_82 # 87698 # 89293 # -1 # ID=10_82;partial=00;start_type=ATG;rbs_motif=GGAG/GAGG;rbs_spacer=5-10bp;gc_cont=0.528
NODE_10_length_119716_cov_38.250842:87698-89293|- -            532 9809796              -            412     0.025   12.0   3.2   2   4      0.25        58    0.9   0.0     9    33   224   248   218   278 0.85 NODE_10_length_119716_cov_38.250842_82 # 87698 # 89293 # -1 # ID=10_82;partial=00;start_type=ATG;rbs_motif=GGAG/GAGG;rbs_spacer=5-10bp;gc_cont=0.528
NODE_10_length_119716_cov_38.250842:87698-89293|- -            532 9809796              -            412     0.025   12.0   3.2   3   4   0.00044       0.1   10.0   0.1     5    45   363   403   361   434 0.75 NODE_10_length_119716_cov_38.250842_82 # 87698 # 89293 # -1 # ID=10_82;partial=00;start_type=ATG;rbs_motif=GGAG/GAGG;rbs_spacer=5-10bp;gc_cont=0.528
NODE_10_length_119716_cov_38.250842:87698-89293|- -            532 9809796              -            412     0.025   12.0   3.2   4   4       1.4   3.2e+02   -1.5   0.1   299   335   487   527   476   531 0.78 NODE_10_length_119716_cov_38.250842_82 # 87698 # 89293 # -1 # ID=10_82;partial=00;start_type=ATG;rbs_motif=GGAG/GAGG;rbs_spacer=5-10bp;gc_cont=0.528
NODE_5_length_138947_cov_37.421618:93750-94799|+  -            350 9809796              -            412     0.027   11.9   0.1   1   1   0.00017     0.038   11.4   0.1     7    51   175   224   170   262 0.69 NODE_5_length_138947_cov_37.421618_80 # 93750 # 94799 # 1 # ID=5_80;partial=00;start_type=ATG;rbs_motif=AGGAG;rbs_spacer=5-10bp;gc_cont=0.536
NODE_54_length_28184_cov_41.894607:5943-6962|+    -            340 9809796              -            412     0.037   11.4   0.0   1   1   0.00023     0.052   11.0   0.0     6    44     4    42     1    67 0.84 NODE_54_length_28184_cov_41.894607_8 # 5943 # 6962 # 1 # ID=54_8;partial=00;start_type=ATG;rbs_motif=AGGA;rbs_spacer=5-10bp;gc_cont=0.565
#
# Program:         hmmsearch
# Version:         3.4 (Aug 2023)
# Pipeline mode:   SEARCH
# Query file:      /home/simonedassisi/busco_downloads/lineages/bacteria_odb12/hmms/9809796at2.hmm
# Target file:     home/simonedassisi/Desktop/BUSCO_output/prodigal_output/predicted_genes/predicted.faa
# Option settings: hmmsearch --domtblout home/simonedassisi/Desktop/BUSCO_output/auto_lineage/run_bacteria_odb12/hmmer_output/9809796at2.out --cpu 1 /home/simonedassisi/busco_downloads/lineages/bacteria_odb12/hmms/9809796at2.hmm home/simonedassisi/Desktop/BUSCO_output/prodigal_output/predicted_genes/predicted.faa 
# Current dir:     /home/simonedassisi
# Date:            Tue Apr  1 14:23:29 2025
# [ok]
