#                                                                                                          --- full sequence --- -------------- this domain -------------   hmm coord   ali coord   env coord
# target name                                      accession   tlen query name           accession   qlen   E-value  score  bias   #  of  c-Evalue  i-Evalue  score  bias  from    to  from    to  from    to  acc description of target
#                              ------------------- ---------- ----- -------------------- ---------- ----- --------- ------ ----- --- --- --------- --------- ------ ----- ----- ----- ----- ----- ----- ----- ---- ---------------------
NODE_8_length_126545_cov_41.885285:100508-103180|+ -            891 9811804              -            669  3.4e-301  998.9  21.9   1   2      0.18        77   -0.2  11.7     1    97     1   117     1   132 0.62 NODE_8_length_126545_cov_41.885285_96 # 100508 # 103180 # 1 # ID=8_96;partial=00;start_type=ATG;rbs_motif=AGGA;rbs_spacer=5-10bp;gc_cont=0.535
NODE_8_length_126545_cov_41.885285:100508-103180|+ -            891 9811804              -            669  3.4e-301  998.9  21.9   2   2    8e-304  3.4e-301  998.9  21.9    47   668   263   888   223   889 0.93 NODE_8_length_126545_cov_41.885285_96 # 100508 # 103180 # 1 # ID=8_96;partial=00;start_type=ATG;rbs_motif=AGGA;rbs_spacer=5-10bp;gc_cont=0.535
NODE_9_length_123825_cov_37.296666:19181-20980|+   -            600 9811804              -            669   4.7e-22   76.5   0.1   1   2      0.02       8.5    2.9   0.0   175   192     7    24     2    27 0.86 NODE_9_length_123825_cov_37.296666_19 # 19181 # 20980 # 1 # ID=9_19;partial=00;start_type=ATG;rbs_motif=None;rbs_spacer=None;gc_cont=0.537
NODE_9_length_123825_cov_37.296666:19181-20980|+   -            600 9811804              -            669   4.7e-22   76.5   0.1   2   2   4.5e-23   1.9e-20   71.2   0.0   205   376    59   223    44   237 0.90 NODE_9_length_123825_cov_37.296666_19 # 19181 # 20980 # 1 # ID=9_19;partial=00;start_type=ATG;rbs_motif=None;rbs_spacer=None;gc_cont=0.537
NODE_99_length_8647_cov_35.430047:2366-4210|+      -            615 9811804              -            669   7.8e-19   65.8   1.1   1   1   2.5e-21   1.1e-18   65.4   1.1   177   409     5   243     1   251 0.78 NODE_99_length_8647_cov_35.430047_3 # 2366 # 4210 # 1 # ID=99_3;partial=00;start_type=ATG;rbs_motif=AGGA/GGAG/GAGG;rbs_spacer=11-12bp;gc_cont=0.567
NODE_17_length_86457_cov_41.702653:66920-68743|-   -            608 9811804              -            669   9.9e-17   58.9   1.0   1   1   5.8e-18   2.4e-15   54.3   1.0   175   296     8   147     1   176 0.77 NODE_17_length_86457_cov_41.702653_70 # 66920 # 68743 # -1 # ID=17_70;partial=00;start_type=GTG;rbs_motif=GGAG/GAGG;rbs_spacer=5-10bp;gc_cont=0.533
NODE_148_length_1031_cov_94.602876:1-1029|+        -            343 9811804              -            669   4.6e-14   50.1   0.1   1   1   2.3e-16   9.8e-14   49.0   0.1   206   374    20   196     3   208 0.75 NODE_148_length_1031_cov_94.602876_1 # 1 # 1029 # 1 # ID=148_1;partial=11;start_type=Edge;rbs_motif=None;rbs_spacer=None;gc_cont=0.539
NODE_1_length_276430_cov_40.515391:273984-276098|+ -            705 9811804              -            669   1.9e-12   44.7   0.2   1   2   1.6e-13   6.8e-11   39.6   0.1   211   294    76   159    74   164 0.95 NODE_1_length_276430_cov_40.515391_250 # 273984 # 276098 # 1 # ID=1_250;partial=00;start_type=ATG;rbs_motif=GGAG/GAGG;rbs_spacer=5-10bp;gc_cont=0.509
NODE_1_length_276430_cov_40.515391:273984-276098|+ -            705 9811804              -            669   1.9e-12   44.7   0.2   2   2     0.026        11    2.6   0.0   363   420   336   397   325   403 0.82 NODE_1_length_276430_cov_40.515391_250 # 273984 # 276098 # 1 # ID=1_250;partial=00;start_type=ATG;rbs_motif=GGAG/GAGG;rbs_spacer=5-10bp;gc_cont=0.509
NODE_41_length_44791_cov_39.437601:31732-33159|-   -            476 9811804              -            669     9e-11   39.2   0.0   1   2       1.1   4.6e+02   -2.8   0.0   609   626    46    63    35    66 0.83 NODE_41_length_44791_cov_39.437601_37 # 31732 # 33159 # -1 # ID=41_37;partial=00;start_type=ATG;rbs_motif=GGA/GAG/AGG;rbs_spacer=11-12bp;gc_cont=0.543
NODE_41_length_44791_cov_39.437601:31732-33159|-   -            476 9811804              -            669     9e-11   39.2   0.0   2   2   4.9e-13   2.1e-10   38.0   0.0   214   325   104   218    85   224 0.81 NODE_41_length_44791_cov_39.437601_37 # 31732 # 33159 # -1 # ID=41_37;partial=00;start_type=ATG;rbs_motif=GGA/GAG/AGG;rbs_spacer=11-12bp;gc_cont=0.543
NODE_31_length_58399_cov_38.812466:44933-46522|-   -            530 9811804              -            669   1.4e-08   32.0   0.0   1   2       1.5   6.3e+02   -3.3   0.0   170   190    11    31     8    33 0.80 NODE_31_length_58399_cov_38.812466_42 # 44933 # 46522 # -1 # ID=31_42;partial=00;start_type=ATG;rbs_motif=AGxAG;rbs_spacer=5-10bp;gc_cont=0.536
NODE_31_length_58399_cov_38.812466:44933-46522|-   -            530 9811804              -            669   1.4e-08   32.0   0.0   2   2   9.4e-11     4e-08   30.5   0.0   219   289    84   154    70   171 0.89 NODE_31_length_58399_cov_38.812466_42 # 44933 # 46522 # -1 # ID=31_42;partial=00;start_type=ATG;rbs_motif=AGxAG;rbs_spacer=5-10bp;gc_cont=0.536
NODE_117_length_4367_cov_50.670283:2-262|-         -             87 9811804              -            669    0.0003   17.6   0.6   1   1   7.2e-07    0.0003   17.6   0.6   166   204     7    42     1    86 0.80 NODE_117_length_4367_cov_50.670283_1 # 2 # 262 # -1 # ID=117_1;partial=10;start_type=ATG;rbs_motif=GGAG/GAGG;rbs_spacer=5-10bp;gc_cont=0.533
NODE_1_length_276430_cov_40.515391:276169-276429|+ -             87 9811804              -            669    0.0003   17.6   0.6   1   1   7.2e-07    0.0003   17.6   0.6   166   204     7    42     1    86 0.80 NODE_1_length_276430_cov_40.515391_251 # 276169 # 276429 # 1 # ID=1_251;partial=01;start_type=GTG;rbs_motif=AGGA;rbs_spacer=5-10bp;gc_cont=0.529
NODE_9_length_123825_cov_37.296666:88335-89807|+   -            491 9811804              -            669    0.0036   14.1   0.0   1   3     0.027        11    2.5   0.0   241   329    82   160    78   172 0.83 NODE_9_length_123825_cov_37.296666_77 # 88335 # 89807 # 1 # ID=9_77;partial=00;start_type=ATG;rbs_motif=GGAG/GAGG;rbs_spacer=5-10bp;gc_cont=0.520
NODE_9_length_123825_cov_37.296666:88335-89807|+   -            491 9811804              -            669    0.0036   14.1   0.0   2   3      0.78   3.3e+02   -2.3   0.0   140   193   173   223   164   243 0.68 NODE_9_length_123825_cov_37.296666_77 # 88335 # 89807 # 1 # ID=9_77;partial=00;start_type=ATG;rbs_motif=GGAG/GAGG;rbs_spacer=5-10bp;gc_cont=0.520
NODE_9_length_123825_cov_37.296666:88335-89807|+   -            491 9811804              -            669    0.0036   14.1   0.0   3   3   0.00041      0.17    8.5   0.0   241   332   285   373   278   387 0.88 NODE_9_length_123825_cov_37.296666_77 # 88335 # 89807 # 1 # ID=9_77;partial=00;start_type=ATG;rbs_motif=GGAG/GAGG;rbs_spacer=5-10bp;gc_cont=0.520
NODE_9_length_123825_cov_37.296666:22919-23824|+   -            302 9811804              -            669     0.018   11.7   0.2   1   1   5.8e-05     0.024   11.3   0.2   242   324    90   166    12   173 0.76 NODE_9_length_123825_cov_37.296666_22 # 22919 # 23824 # 1 # ID=9_22;partial=00;start_type=ATG;rbs_motif=GGAG/GAGG;rbs_spacer=5-10bp;gc_cont=0.523
#
# Program:         hmmsearch
# Version:         3.4 (Aug 2023)
# Pipeline mode:   SEARCH
# Query file:      /home/simonedassisi/busco_downloads/lineages/bacteria_odb12/hmms/9811804at2.hmm
# Target file:     home/simonedassisi/Desktop/BUSCO_output/prodigal_output/predicted_genes/predicted.faa
# Option settings: hmmsearch --domtblout home/simonedassisi/Desktop/BUSCO_output/auto_lineage/run_bacteria_odb12/hmmer_output/9811804at2.out --cpu 1 /home/simonedassisi/busco_downloads/lineages/bacteria_odb12/hmms/9811804at2.hmm home/simonedassisi/Desktop/BUSCO_output/prodigal_output/predicted_genes/predicted.faa 
# Current dir:     /home/simonedassisi
# Date:            Tue Apr  1 14:23:29 2025
# [ok]
