#                                                                                                          --- full sequence --- -------------- this domain -------------   hmm coord   ali coord   env coord
# target name                                      accession   tlen query name           accession   qlen   E-value  score  bias   #  of  c-Evalue  i-Evalue  score  bias  from    to  from    to  from    to  acc description of target
#                              ------------------- ---------- ----- -------------------- ---------- ----- --------- ------ ----- --- --- --------- --------- ------ ----- ----- ----- ----- ----- ----- ----- ---- ---------------------
NODE_4_length_139564_cov_44.158667:41126-41746|+   -            207 9812943              -            178   6.5e-53  177.5   0.9   1   1   3.9e-55   9.4e-53  177.0   0.9     2   176     3   195     2   197 0.87 NODE_4_length_139564_cov_44.158667_37 # 41126 # 41746 # 1 # ID=4_37;partial=00;start_type=ATG;rbs_motif=GGA/GAG/AGG;rbs_spacer=5-10bp;gc_cont=0.528
NODE_19_length_85129_cov_38.767276:6215-7987|-     -            591 9812943              -            178    0.0014   16.8   0.1   1   2   3.1e-05    0.0074   14.5   0.0     4    37   365   397   363   405 0.85 NODE_19_length_85129_cov_38.767276_8 # 6215 # 7987 # -1 # ID=19_8;partial=00;start_type=GTG;rbs_motif=AGGA;rbs_spacer=5-10bp;gc_cont=0.539
NODE_19_length_85129_cov_38.767276:6215-7987|-     -            591 9812943              -            178    0.0014   16.8   0.1   2   2       2.9     7e+02   -1.8   0.0    85   126   402   440   398   443 0.76 NODE_19_length_85129_cov_38.767276_8 # 6215 # 7987 # -1 # ID=19_8;partial=00;start_type=GTG;rbs_motif=AGGA;rbs_spacer=5-10bp;gc_cont=0.539
NODE_1_length_276430_cov_40.515391:228454-228975|+ -            174 9812943              -            178    0.0019   16.3   0.5   1   2   4.4e-05     0.011   13.9   0.0     3    35     6    39     4    49 0.83 NODE_1_length_276430_cov_40.515391_200 # 228454 # 228975 # 1 # ID=1_200;partial=00;start_type=ATG;rbs_motif=AGxAG;rbs_spacer=5-10bp;gc_cont=0.492
NODE_1_length_276430_cov_40.515391:228454-228975|+ -            174 9812943              -            178    0.0019   16.3   0.5   2   2      0.94   2.2e+02   -0.2   0.3   136   136   134   134    90   172 0.58 NODE_1_length_276430_cov_40.515391_200 # 228454 # 228975 # 1 # ID=1_200;partial=00;start_type=ATG;rbs_motif=AGxAG;rbs_spacer=5-10bp;gc_cont=0.492
NODE_31_length_58399_cov_38.812466:26537-28204|+   -            556 9812943              -            178    0.0023   16.1   0.5   1   2     0.012       2.9    6.0   0.0     3    31    34    57    33    68 0.82 NODE_31_length_58399_cov_38.812466_25 # 26537 # 28204 # 1 # ID=31_25;partial=00;start_type=GTG;rbs_motif=AGGA/GGAG/GAGG;rbs_spacer=11-12bp;gc_cont=0.551
NODE_31_length_58399_cov_38.812466:26537-28204|+   -            556 9812943              -            178    0.0023   16.1   0.5   2   2    0.0043         1    7.5   0.1     3    22   351   370   349   375 0.89 NODE_31_length_58399_cov_38.812466_25 # 26537 # 28204 # 1 # ID=31_25;partial=00;start_type=GTG;rbs_motif=AGGA/GGAG/GAGG;rbs_spacer=11-12bp;gc_cont=0.551
NODE_14_length_92032_cov_37.540264:78146-80053|-   -            636 9812943              -            178    0.0048   15.1   0.0   1   2     0.006       1.4    7.0   0.0     3    24    31    52    30    81 0.78 NODE_14_length_92032_cov_37.540264_74 # 78146 # 80053 # -1 # ID=14_74;partial=00;start_type=ATG;rbs_motif=AGGA;rbs_spacer=5-10bp;gc_cont=0.524
NODE_14_length_92032_cov_37.540264:78146-80053|-   -            636 9812943              -            178    0.0048   15.1   0.0   2   2     0.028       6.8    4.8   0.0     3    25   347   367   346   378 0.81 NODE_14_length_92032_cov_37.540264_74 # 78146 # 80053 # -1 # ID=14_74;partial=00;start_type=ATG;rbs_motif=AGGA;rbs_spacer=5-10bp;gc_cont=0.524
NODE_28_length_70179_cov_36.796251:6138-7874|-     -            579 9812943              -            178    0.0095   14.1   0.7   1   2     0.006       1.4    7.0   0.1     2    22    34    54    33    60 0.90 NODE_28_length_70179_cov_36.796251_8 # 6138 # 7874 # -1 # ID=28_8;partial=00;start_type=ATG;rbs_motif=GGAG/GAGG;rbs_spacer=5-10bp;gc_cont=0.552
NODE_28_length_70179_cov_36.796251:6138-7874|-     -            579 9812943              -            178    0.0095   14.1   0.7   2   2     0.025         6    5.0   0.1     3    21   357   375   356   382 0.86 NODE_28_length_70179_cov_36.796251_8 # 6138 # 7874 # -1 # ID=28_8;partial=00;start_type=ATG;rbs_motif=GGAG/GAGG;rbs_spacer=5-10bp;gc_cont=0.552
NODE_12_length_106079_cov_39.536715:40573-42399|+  -            609 9812943              -            178     0.013   13.7   0.0   1   1   0.00014     0.034   12.3   0.0     4    57   167   220   164   224 0.87 NODE_12_length_106079_cov_39.536715_37 # 40573 # 42399 # 1 # ID=12_37;partial=00;start_type=ATG;rbs_motif=AGGAGG;rbs_spacer=3-4bp;gc_cont=0.549
NODE_28_length_70179_cov_36.796251:24634-25356|-   -            241 9812943              -            178     0.014   13.5   0.0   1   1   0.00015     0.037   12.2   0.0     3    41    29    66    28    84 0.83 NODE_28_length_70179_cov_36.796251_23 # 24634 # 25356 # -1 # ID=28_23;partial=00;start_type=GTG;rbs_motif=AGGA;rbs_spacer=5-10bp;gc_cont=0.537
NODE_30_length_69036_cov_41.149327:52200-52997|-   -            266 9812943              -            178     0.015   13.4   0.2   1   2   0.00015     0.035   12.2   0.1     3    24    39    60    37    64 0.88 NODE_30_length_69036_cov_41.149327_50 # 52200 # 52997 # -1 # ID=30_50;partial=00;start_type=ATG;rbs_motif=None;rbs_spacer=None;gc_cont=0.568
NODE_30_length_69036_cov_41.149327:52200-52997|-   -            266 9812943              -            178     0.015   13.4   0.2   2   2       9.5   2.3e+03   -3.4   0.0    36    68   103   132   101   142 0.68 NODE_30_length_69036_cov_41.149327_50 # 52200 # 52997 # -1 # ID=30_50;partial=00;start_type=ATG;rbs_motif=None;rbs_spacer=None;gc_cont=0.568
NODE_11_length_117034_cov_40.464403:65348-66343|+  -            332 9812943              -            178     0.017   13.3   0.2   1   1   0.00022     0.053   11.7   0.2     2    22    55    75    54    85 0.88 NODE_11_length_117034_cov_40.464403_54 # 65348 # 66343 # 1 # ID=11_54;partial=00;start_type=ATG;rbs_motif=None;rbs_spacer=None;gc_cont=0.539
NODE_23_length_80065_cov_37.437114:8553-9896|-     -            448 9812943              -            178     0.017   13.2   0.0   1   2   0.00039     0.093   10.9   0.0     5    77    54   119    51   135 0.79 NODE_23_length_80065_cov_37.437114_8 # 8553 # 9896 # -1 # ID=23_8;partial=00;start_type=GTG;rbs_motif=GGAG/GAGG;rbs_spacer=5-10bp;gc_cont=0.531
NODE_23_length_80065_cov_37.437114:8553-9896|-     -            448 9812943              -            178     0.017   13.2   0.0   2   2       1.1   2.7e+02   -0.4   0.0    60    79   196   215   159   231 0.79 NODE_23_length_80065_cov_37.437114_8 # 8553 # 9896 # -1 # ID=23_8;partial=00;start_type=GTG;rbs_motif=GGAG/GAGG;rbs_spacer=5-10bp;gc_cont=0.531
NODE_117_length_4367_cov_50.670283:1204-2130|+     -            309 9812943              -            178     0.018   13.2   0.0   1   2   0.00027     0.065   11.4   0.0     2    23    81   102    80   108 0.90 NODE_117_length_4367_cov_50.670283_2 # 1204 # 2130 # 1 # ID=117_2;partial=00;start_type=ATG;rbs_motif=GGA/GAG/AGG;rbs_spacer=5-10bp;gc_cont=0.447
NODE_117_length_4367_cov_50.670283:1204-2130|+     -            309 9812943              -            178     0.018   13.2   0.0   2   2       2.6   6.3e+02   -1.6   0.0   107   124   210   227   208   235 0.84 NODE_117_length_4367_cov_50.670283_2 # 1204 # 2130 # 1 # ID=117_2;partial=00;start_type=ATG;rbs_motif=GGA/GAG/AGG;rbs_spacer=5-10bp;gc_cont=0.447
NODE_36_length_50779_cov_38.268459:30040-31788|-   -            583 9812943              -            178     0.021   13.0   2.8   1   2   0.00029     0.071   11.3   0.3     3    33   371   397   369   460 0.84 NODE_36_length_50779_cov_38.268459_25 # 30040 # 31788 # -1 # ID=36_25;partial=00;start_type=ATG;rbs_motif=None;rbs_spacer=None;gc_cont=0.511
NODE_36_length_50779_cov_38.268459:30040-31788|-   -            583 9812943              -            178     0.021   13.0   2.8   2   2      0.36        86    1.2   0.1    66   102   516   552   487   565 0.60 NODE_36_length_50779_cov_38.268459_25 # 30040 # 31788 # -1 # ID=36_25;partial=00;start_type=ATG;rbs_motif=None;rbs_spacer=None;gc_cont=0.511
NODE_22_length_80627_cov_36.893466:60402-61208|-   -            269 9812943              -            178     0.022   12.9   0.6   1   2   0.00027     0.065   11.4   0.2     4    22    43    61    41    65 0.89 NODE_22_length_80627_cov_36.893466_61 # 60402 # 61208 # -1 # ID=22_61;partial=00;start_type=ATG;rbs_motif=GGAG/GAGG;rbs_spacer=5-10bp;gc_cont=0.508
NODE_22_length_80627_cov_36.893466:60402-61208|-   -            269 9812943              -            178     0.022   12.9   0.6   2   2       2.9   6.9e+02   -1.7   0.0    31    59   236   261   205   263 0.74 NODE_22_length_80627_cov_36.893466_61 # 60402 # 61208 # -1 # ID=22_61;partial=00;start_type=ATG;rbs_motif=GGAG/GAGG;rbs_spacer=5-10bp;gc_cont=0.508
NODE_27_length_73011_cov_40.630920:29261-29953|+   -            231 9812943              -            178     0.026   12.7   0.1   1   1   0.00019     0.044   11.9   0.1     3    21     8    26     6    53 0.84 NODE_27_length_73011_cov_40.630920_31 # 29261 # 29953 # 1 # ID=27_31;partial=00;start_type=ATG;rbs_motif=AGGA;rbs_spacer=5-10bp;gc_cont=0.475
NODE_41_length_44791_cov_39.437601:31127-31732|-   -            202 9812943              -            178      0.03   12.5   0.0   1   1   0.00027     0.064   11.4   0.0     4    23    31    50    29    74 0.86 NODE_41_length_44791_cov_39.437601_36 # 31127 # 31732 # -1 # ID=41_36;partial=00;start_type=ATG;rbs_motif=GGA/GAG/AGG;rbs_spacer=5-10bp;gc_cont=0.517
NODE_1_length_276430_cov_40.515391:122971-125706|+ -            912 9812943              -            178     0.033   12.3   1.7   1   2     0.026       6.2    4.9   0.1     3    30    40    65    38    70 0.85 NODE_1_length_276430_cov_40.515391_107 # 122971 # 125706 # 1 # ID=1_107;partial=00;start_type=ATG;rbs_motif=GGAG/GAGG;rbs_spacer=5-10bp;gc_cont=0.565
NODE_1_length_276430_cov_40.515391:122971-125706|+ -            912 9812943              -            178     0.033   12.3   1.7   2   2     0.017       4.1    5.5   0.2     3    22   304   323   303   328 0.87 NODE_1_length_276430_cov_40.515391_107 # 122971 # 125706 # 1 # ID=1_107;partial=00;start_type=ATG;rbs_motif=GGAG/GAGG;rbs_spacer=5-10bp;gc_cont=0.565
NODE_8_length_126545_cov_41.885285:68554-69408|-   -            285 9812943              -            178     0.036   12.2   0.0   1   2    0.0014      0.34    9.0   0.0     1    30     1    30     1    35 0.89 NODE_8_length_126545_cov_41.885285_61 # 68554 # 69408 # -1 # ID=8_61;partial=00;start_type=ATG;rbs_motif=AGGAG;rbs_spacer=5-10bp;gc_cont=0.517
NODE_8_length_126545_cov_41.885285:68554-69408|-   -            285 9812943              -            178     0.036   12.2   0.0   2   2      0.52   1.2e+02    0.7   0.0   148   170   126   148    83   155 0.83 NODE_8_length_126545_cov_41.885285_61 # 68554 # 69408 # -1 # ID=8_61;partial=00;start_type=ATG;rbs_motif=AGGAG;rbs_spacer=5-10bp;gc_cont=0.517
NODE_3_length_152663_cov_37.088930:132343-132984|+ -            214 9812943              -            178     0.042   12.0   0.6   1   2    0.0014      0.33    9.1   0.0     2    21     9    28     8    35 0.88 NODE_3_length_152663_cov_37.088930_113 # 132343 # 132984 # 1 # ID=3_113;partial=00;start_type=ATG;rbs_motif=GGA/GAG/AGG;rbs_spacer=11-12bp;gc_cont=0.488
NODE_3_length_152663_cov_37.088930:132343-132984|+ -            214 9812943              -            178     0.042   12.0   0.6   2   2       0.4        97    1.0   0.1    95   135   111   154    96   173 0.68 NODE_3_length_152663_cov_37.088930_113 # 132343 # 132984 # 1 # ID=3_113;partial=00;start_type=ATG;rbs_motif=GGA/GAG/AGG;rbs_spacer=11-12bp;gc_cont=0.488
NODE_1_length_276430_cov_40.515391:264296-266209|- -            638 9812943              -            178     0.088   10.9   0.0   1   4   0.00037     0.088   10.9   0.0     3    31    29    53    28   105 0.83 NODE_1_length_276430_cov_40.515391_237 # 264296 # 266209 # -1 # ID=1_237;partial=00;start_type=ATG;rbs_motif=None;rbs_spacer=None;gc_cont=0.552
NODE_1_length_276430_cov_40.515391:264296-266209|- -            638 9812943              -            178     0.088   10.9   0.0   2   4    0.0021       0.5    8.5   0.3     3    24   340   361   339   367 0.85 NODE_1_length_276430_cov_40.515391_237 # 264296 # 266209 # -1 # ID=1_237;partial=00;start_type=ATG;rbs_motif=None;rbs_spacer=None;gc_cont=0.552
NODE_1_length_276430_cov_40.515391:264296-266209|- -            638 9812943              -            178     0.088   10.9   0.0   3   4       2.5   6.1e+02   -1.6   0.0     7    34   366   393   361   413 0.85 NODE_1_length_276430_cov_40.515391_237 # 264296 # 266209 # -1 # ID=1_237;partial=00;start_type=ATG;rbs_motif=None;rbs_spacer=None;gc_cont=0.552
NODE_1_length_276430_cov_40.515391:264296-266209|- -            638 9812943              -            178     0.088   10.9   0.0   4   4       7.9   1.9e+03   -3.2   2.4   139   175   538   572   523   578 0.78 NODE_1_length_276430_cov_40.515391_237 # 264296 # 266209 # -1 # ID=1_237;partial=00;start_type=ATG;rbs_motif=None;rbs_spacer=None;gc_cont=0.552
NODE_22_length_80627_cov_36.893466:15366-16379|+   -            338 9812943              -            178       0.2    9.8   2.4   1   3     0.014       3.3    5.8   0.2     4    19    52    67    50    76 0.82 NODE_22_length_80627_cov_36.893466_15 # 15366 # 16379 # 1 # ID=22_15;partial=00;start_type=ATG;rbs_motif=AGGAG;rbs_spacer=5-10bp;gc_cont=0.513
NODE_22_length_80627_cov_36.893466:15366-16379|+   -            338 9812943              -            178       0.2    9.8   2.4   2   3      0.11        25    2.9   0.0    47    90   121   164    99   186 0.89 NODE_22_length_80627_cov_36.893466_15 # 15366 # 16379 # 1 # ID=22_15;partial=00;start_type=ATG;rbs_motif=AGGAG;rbs_spacer=5-10bp;gc_cont=0.513
NODE_22_length_80627_cov_36.893466:15366-16379|+   -            338 9812943              -            178       0.2    9.8   2.4   3   3       2.7   6.5e+02   -1.7   0.0    89   122   215   246   198   250 0.69 NODE_22_length_80627_cov_36.893466_15 # 15366 # 16379 # 1 # ID=22_15;partial=00;start_type=ATG;rbs_motif=AGGAG;rbs_spacer=5-10bp;gc_cont=0.513
#
# Program:         hmmsearch
# Version:         3.4 (Aug 2023)
# Pipeline mode:   SEARCH
# Query file:      /home/simonedassisi/busco_downloads/lineages/bacteria_odb12/hmms/9812943at2.hmm
# Target file:     home/simonedassisi/Desktop/BUSCO_output/prodigal_output/predicted_genes/predicted.faa
# Option settings: hmmsearch --domtblout home/simonedassisi/Desktop/BUSCO_output/auto_lineage/run_bacteria_odb12/hmmer_output/9812943at2.out --cpu 1 /home/simonedassisi/busco_downloads/lineages/bacteria_odb12/hmms/9812943at2.hmm home/simonedassisi/Desktop/BUSCO_output/prodigal_output/predicted_genes/predicted.faa 
# Current dir:     /home/simonedassisi
# Date:            Tue Apr  1 14:23:29 2025
# [ok]
