#                                                                                                          --- full sequence --- -------------- this domain -------------   hmm coord   ali coord   env coord
# target name                                      accession   tlen query name           accession   qlen   E-value  score  bias   #  of  c-Evalue  i-Evalue  score  bias  from    to  from    to  from    to  acc description of target
#                              ------------------- ---------- ----- -------------------- ---------- ----- --------- ------ ----- --- --- --------- --------- ------ ----- ----- ----- ----- ----- ----- ----- ---- ---------------------
NODE_29_length_69919_cov_43.020805:15809-17089|-   -            427 9812272              -            409  5.5e-164  544.2   2.5   1   1    2e-166  7.1e-164  543.8   2.5     5   401     8   411     4   419 0.95 NODE_29_length_69919_cov_43.020805_18 # 15809 # 17089 # -1 # ID=29_18;partial=00;start_type=TTG;rbs_motif=GGAG/GAGG;rbs_spacer=5-10bp;gc_cont=0.539
NODE_9_length_123825_cov_37.296666:88335-89807|+   -            491 9812272              -            409   8.3e-28   95.7   0.0   1   2   6.4e-15   2.3e-12   44.8   0.0   194   356     2   163     1   201 0.72 NODE_9_length_123825_cov_37.296666_77 # 88335 # 89807 # 1 # ID=9_77;partial=00;start_type=ATG;rbs_motif=GGAG/GAGG;rbs_spacer=5-10bp;gc_cont=0.520
NODE_9_length_123825_cov_37.296666:88335-89807|+   -            491 9812272              -            409   8.3e-28   95.7   0.0   2   2   5.2e-16   1.9e-13   48.4   0.0   196   360   204   378   197   396 0.82 NODE_9_length_123825_cov_37.296666_77 # 88335 # 89807 # 1 # ID=9_77;partial=00;start_type=ATG;rbs_motif=GGAG/GAGG;rbs_spacer=5-10bp;gc_cont=0.520
NODE_8_length_126545_cov_41.885285:84768-85940|+   -            391 9812272              -            409   3.3e-16   57.5   0.0   1   1   1.5e-18   5.4e-16   56.8   0.0   196   386   161   365   148   380 0.79 NODE_8_length_126545_cov_41.885285_83 # 84768 # 85940 # 1 # ID=8_83;partial=00;start_type=ATG;rbs_motif=GGAG/GAGG;rbs_spacer=5-10bp;gc_cont=0.533
NODE_26_length_78359_cov_41.157595:24715-26079|-   -            455 9812272              -            409   3.1e-15   54.3   0.0   1   1   1.7e-17   6.3e-15   53.3   0.0   165   380   190   400   185   425 0.75 NODE_26_length_78359_cov_41.157595_24 # 24715 # 26079 # -1 # ID=26_24;partial=00;start_type=ATG;rbs_motif=AGGA;rbs_spacer=5-10bp;gc_cont=0.564
NODE_9_length_123825_cov_37.296666:22919-23824|+   -            302 9812272              -            409   6.7e-11   40.0   0.2   1   1   9.6e-13   3.5e-10   37.7   0.2   196   360    10   179     4   221 0.78 NODE_9_length_123825_cov_37.296666_22 # 22919 # 23824 # 1 # ID=9_22;partial=00;start_type=ATG;rbs_motif=GGAG/GAGG;rbs_spacer=5-10bp;gc_cont=0.523
NODE_53_length_29778_cov_36.323025:164-1255|-      -            364 9812272              -            409   4.7e-08   30.6   0.0   1   2   3.1e-10   1.1e-07   29.4   0.0   197   241     5    49     2    68 0.87 NODE_53_length_29778_cov_36.323025_1 # 164 # 1255 # -1 # ID=53_1;partial=00;start_type=ATG;rbs_motif=GGA/GAG/AGG;rbs_spacer=11-12bp;gc_cont=0.510
NODE_53_length_29778_cov_36.323025:164-1255|-      -            364 9812272              -            409   4.7e-08   30.6   0.0   2   2       1.3   4.7e+02   -2.3   0.1   275   321   110   157   107   194 0.57 NODE_53_length_29778_cov_36.323025_1 # 164 # 1255 # -1 # ID=53_1;partial=00;start_type=ATG;rbs_motif=GGA/GAG/AGG;rbs_spacer=11-12bp;gc_cont=0.510
NODE_1_length_276430_cov_40.515391:204738-207059|- -            774 9812272              -            409     1e-07   29.5   0.2   1   1   4.5e-09   1.6e-06   25.6   0.2   195   359     4   172     1   196 0.75 NODE_1_length_276430_cov_40.515391_181 # 204738 # 207059 # -1 # ID=1_181;partial=00;start_type=ATG;rbs_motif=None;rbs_spacer=None;gc_cont=0.549
NODE_17_length_86457_cov_41.702653:76379-77011|+   -            211 9812272              -            409   6.5e-06   23.6   0.7   1   2   8.6e-06    0.0031   14.8   0.0   195   221    27    53    19    56 0.89 NODE_17_length_86457_cov_41.702653_78 # 76379 # 77011 # 1 # ID=17_78;partial=00;start_type=TTG;rbs_motif=GGAG/GAGG;rbs_spacer=5-10bp;gc_cont=0.517
NODE_17_length_86457_cov_41.702653:76379-77011|+   -            211 9812272              -            409   6.5e-06   23.6   0.7   2   2    0.0014      0.52    7.4   0.2   282   361   117   203    98   208 0.68 NODE_17_length_86457_cov_41.702653_78 # 76379 # 77011 # 1 # ID=17_78;partial=00;start_type=TTG;rbs_motif=GGAG/GAGG;rbs_spacer=5-10bp;gc_cont=0.517
NODE_55_length_28139_cov_44.779594:9338-10210|-    -            291 9812272              -            409   4.8e-05   20.7   0.0   1   2   4.4e-05     0.016   12.4   0.0   182   221    23    63     4    93 0.71 NODE_55_length_28139_cov_44.779594_9 # 9338 # 10210 # -1 # ID=55_9;partial=00;start_type=ATG;rbs_motif=GGA/GAG/AGG;rbs_spacer=5-10bp;gc_cont=0.586
NODE_55_length_28139_cov_44.779594:9338-10210|-    -            291 9812272              -            409   4.8e-05   20.7   0.0   2   2    0.0031       1.1    6.3   0.0   330   375   192   237   171   264 0.71 NODE_55_length_28139_cov_44.779594_9 # 9338 # 10210 # -1 # ID=55_9;partial=00;start_type=ATG;rbs_motif=GGA/GAG/AGG;rbs_spacer=5-10bp;gc_cont=0.586
NODE_82_length_13376_cov_48.421617:4398-5270|-     -            291 9812272              -            409     7e-05   20.2   0.0   1   2   2.1e-05    0.0077   13.5   0.0   182   248    23    90     4    95 0.70 NODE_82_length_13376_cov_48.421617_4 # 4398 # 5270 # -1 # ID=82_4;partial=00;start_type=ATG;rbs_motif=GGA/GAG/AGG;rbs_spacer=5-10bp;gc_cont=0.586
NODE_82_length_13376_cov_48.421617:4398-5270|-     -            291 9812272              -            409     7e-05   20.2   0.0   2   2     0.009       3.2    4.8   0.0   330   375   192   237   171   260 0.71 NODE_82_length_13376_cov_48.421617_4 # 4398 # 5270 # -1 # ID=82_4;partial=00;start_type=ATG;rbs_motif=GGA/GAG/AGG;rbs_spacer=5-10bp;gc_cont=0.586
NODE_13_length_92664_cov_37.475885:137-616|+       -            160 9812272              -            409   8.7e-05   19.9   0.6   1   2   6.1e-05     0.022   12.0   0.1   195   221     2    28     1    32 0.87 NODE_13_length_92664_cov_37.475885_1 # 137 # 616 # 1 # ID=13_1;partial=00;start_type=ATG;rbs_motif=GGAG/GAGG;rbs_spacer=5-10bp;gc_cont=0.498
NODE_13_length_92664_cov_37.475885:137-616|+       -            160 9812272              -            409   8.7e-05   19.9   0.6   2   2    0.0026      0.94    6.6   0.0   273   358    64   149    55   158 0.70 NODE_13_length_92664_cov_37.475885_1 # 137 # 616 # 1 # ID=13_1;partial=00;start_type=ATG;rbs_motif=GGAG/GAGG;rbs_spacer=5-10bp;gc_cont=0.498
NODE_29_length_69919_cov_43.020805:26252-27304|+   -            351 9812272              -            409   8.9e-05   19.8   0.1   1   2   4.6e-06    0.0017   15.6   0.0   294   355   140   209   125   216 0.78 NODE_29_length_69919_cov_43.020805_27 # 26252 # 27304 # 1 # ID=29_27;partial=00;start_type=TTG;rbs_motif=AGGAG;rbs_spacer=5-10bp;gc_cont=0.540
NODE_29_length_69919_cov_43.020805:26252-27304|+   -            351 9812272              -            409   8.9e-05   19.8   0.1   2   2      0.05        18    2.4   0.1   201   216   214   229   208   239 0.77 NODE_29_length_69919_cov_43.020805_27 # 26252 # 27304 # 1 # ID=29_27;partial=00;start_type=TTG;rbs_motif=AGGAG;rbs_spacer=5-10bp;gc_cont=0.540
NODE_7_length_130108_cov_39.332856:33478-35706|-   -            743 9812272              -            409   0.00015   19.1   3.1   1   3   8.6e-05     0.031   11.5   0.0   188   231    62   107    50   123 0.70 NODE_7_length_130108_cov_39.332856_27 # 33478 # 35706 # -1 # ID=7_27;partial=00;start_type=ATG;rbs_motif=AGGA;rbs_spacer=5-10bp;gc_cont=0.515
NODE_7_length_130108_cov_39.332856:33478-35706|-   -            743 9812272              -            409   0.00015   19.1   3.1   2   3    0.0023      0.85    6.7   0.1   271   324   256   308   253   330 0.77 NODE_7_length_130108_cov_39.332856_27 # 33478 # 35706 # -1 # ID=7_27;partial=00;start_type=ATG;rbs_motif=AGGA;rbs_spacer=5-10bp;gc_cont=0.515
NODE_7_length_130108_cov_39.332856:33478-35706|-   -            743 9812272              -            409   0.00015   19.1   3.1   3   3      0.94   3.4e+02   -1.8   0.2   284   355   447   524   435   561 0.57 NODE_7_length_130108_cov_39.332856_27 # 33478 # 35706 # -1 # ID=7_27;partial=00;start_type=ATG;rbs_motif=AGGA;rbs_spacer=5-10bp;gc_cont=0.515
NODE_31_length_58399_cov_38.812466:26537-28204|+   -            556 9812272              -            409      0.99    6.5   6.1   1   3      0.13        47    1.0   0.1   197   216    35    54    32    59 0.82 NODE_31_length_58399_cov_38.812466_25 # 26537 # 28204 # 1 # ID=31_25;partial=00;start_type=GTG;rbs_motif=AGGA/GGAG/GAGG;rbs_spacer=11-12bp;gc_cont=0.551
NODE_31_length_58399_cov_38.812466:26537-28204|+   -            556 9812272              -            409      0.99    6.5   6.1   2   3      0.59   2.1e+02   -1.2   2.5   140   192   254   309   244   313 0.77 NODE_31_length_58399_cov_38.812466_25 # 26537 # 28204 # 1 # ID=31_25;partial=00;start_type=GTG;rbs_motif=AGGA/GGAG/GAGG;rbs_spacer=11-12bp;gc_cont=0.551
NODE_31_length_58399_cov_38.812466:26537-28204|+   -            556 9812272              -            409      0.99    6.5   6.1   3   3    0.0044       1.6    5.8   0.0   196   218   351   373   345   395 0.85 NODE_31_length_58399_cov_38.812466_25 # 26537 # 28204 # 1 # ID=31_25;partial=00;start_type=GTG;rbs_motif=AGGA/GGAG/GAGG;rbs_spacer=11-12bp;gc_cont=0.551
#
# Program:         hmmsearch
# Version:         3.4 (Aug 2023)
# Pipeline mode:   SEARCH
# Query file:      /home/simonedassisi/busco_downloads/lineages/bacteria_odb12/hmms/9812272at2.hmm
# Target file:     home/simonedassisi/Desktop/BUSCO_output/prodigal_output/predicted_genes/predicted.faa
# Option settings: hmmsearch --domtblout home/simonedassisi/Desktop/BUSCO_output/auto_lineage/run_bacteria_odb12/hmmer_output/9812272at2.out --cpu 1 /home/simonedassisi/busco_downloads/lineages/bacteria_odb12/hmms/9812272at2.hmm home/simonedassisi/Desktop/BUSCO_output/prodigal_output/predicted_genes/predicted.faa 
# Current dir:     /home/simonedassisi
# Date:            Tue Apr  1 14:23:29 2025
# [ok]
