#                                                                                                          --- full sequence --- -------------- this domain -------------   hmm coord   ali coord   env coord
# target name                                      accession   tlen query name           accession   qlen   E-value  score  bias   #  of  c-Evalue  i-Evalue  score  bias  from    to  from    to  from    to  acc description of target
#                              ------------------- ---------- ----- -------------------- ---------- ----- --------- ------ ----- --- --- --------- --------- ------ ----- ----- ----- ----- ----- ----- ----- ---- ---------------------
NODE_2305_length_33814_cov_83.113121:24087-25469|+ -            461 115235               -            558     2e-44  149.9   1.3   1   2   0.00068      0.52    6.7   1.1     2    89     4    98     3   104 0.83 NODE_2305_length_33814_cov_83.113121_24 # 24087 # 25469 # 1 # ID=1155_24;partial=00;start_type=ATG;rbs_motif=GGAG/GAGG;rbs_spacer=5-10bp;gc_cont=0.550
NODE_2305_length_33814_cov_83.113121:24087-25469|+ -            461 115235               -            558     2e-44  149.9   1.3   2   2   5.7e-45   4.3e-42  142.2   0.0   168   511   100   429    96   441 0.90 NODE_2305_length_33814_cov_83.113121_24 # 24087 # 25469 # 1 # ID=1155_24;partial=00;start_type=ATG;rbs_motif=GGAG/GAGG;rbs_spacer=5-10bp;gc_cont=0.550
NODE_817_length_13210_cov_70.289253:2-874|+        -            291 115235               -            558   9.9e-30  101.4   0.0   1   1   1.5e-32   1.1e-29  101.3   0.0   205   431     3   221     1   288 0.80 NODE_817_length_13210_cov_70.289253_1 # 2 # 874 # 1 # ID=354_1;partial=10;start_type=Edge;rbs_motif=None;rbs_spacer=None;gc_cont=0.577
NODE_2305_length_33814_cov_83.113121:21605-23146|+ -            514 115235               -            558   2.8e-21   73.5   0.9   1   2    0.0075       5.7    3.2   0.0    38    88    66   116    28   126 0.78 NODE_2305_length_33814_cov_83.113121_22 # 21605 # 23146 # 1 # ID=1155_22;partial=00;start_type=ATG;rbs_motif=GGA/GAG/AGG;rbs_spacer=5-10bp;gc_cont=0.534
NODE_2305_length_33814_cov_83.113121:21605-23146|+ -            514 115235               -            558   2.8e-21   73.5   0.9   2   2   8.6e-23   6.5e-20   69.0   0.2   185   418   137   375   128   403 0.86 NODE_2305_length_33814_cov_83.113121_22 # 21605 # 23146 # 1 # ID=1155_22;partial=00;start_type=ATG;rbs_motif=GGA/GAG/AGG;rbs_spacer=5-10bp;gc_cont=0.534
NODE_563_length_2367_cov_72.813690:1686-2387|-     -            234 115235               -            558   5.6e-19   66.0   0.3   1   2      0.59   4.4e+02   -3.0   0.0    35    79    28    72    20    75 0.79 NODE_563_length_2367_cov_72.813690_5 # 1686 # 2387 # -1 # ID=246_5;partial=01;start_type=Edge;rbs_motif=None;rbs_spacer=None;gc_cont=0.453
NODE_563_length_2367_cov_72.813690:1686-2387|-     -            234 115235               -            558   5.6e-19   66.0   0.3   2   2   1.3e-21   9.8e-19   65.1   0.2   183   320   103   233    98   233 0.94 NODE_563_length_2367_cov_72.813690_5 # 1686 # 2387 # -1 # ID=246_5;partial=01;start_type=Edge;rbs_motif=None;rbs_spacer=None;gc_cont=0.453
NODE_563_length_2367_cov_72.813690:1164-1673|-     -            170 115235               -            558   1.7e-08   31.3   0.0   1   1   2.7e-11     2e-08   31.1   0.0   332   487     7   151     3   168 0.82 NODE_563_length_2367_cov_72.813690_4 # 1164 # 1673 # -1 # ID=246_4;partial=00;start_type=ATG;rbs_motif=GGA/GAG/AGG;rbs_spacer=11-12bp;gc_cont=0.439
NODE_888_length_35781_cov_80.233421:19431-20690|+  -            420 115235               -            558   2.9e-05   20.7   0.0   1   1     3e-06    0.0022   14.4   0.0   198   424   159   371   142   389 0.78 NODE_888_length_35781_cov_80.233421_17 # 19431 # 20690 # 1 # ID=375_17;partial=00;start_type=ATG;rbs_motif=None;rbs_spacer=None;gc_cont=0.504
NODE_379_length_6573_cov_66.862923:2-505|-         -            168 115235               -            558    0.0041   13.6   0.0   1   1   7.3e-06    0.0055   13.2   0.0    31    95    65   136    52   148 0.78 NODE_379_length_6573_cov_66.862923_1 # 2 # 505 # -1 # ID=123_1;partial=10;start_type=ATG;rbs_motif=AGGAG;rbs_spacer=5-10bp;gc_cont=0.583
#
# Program:         hmmsearch
# Version:         3.4 (Aug 2023)
# Pipeline mode:   SEARCH
# Query file:      /home/simonedassisi/velvet-1.2.10/busco_downloads/lineages/archaea_odb12/hmms/115235at2157.hmm
# Target file:     results/BUSCO_output_velveth21/prodigal_output/predicted_genes/predicted.faa
# Option settings: hmmsearch --domtblout results/BUSCO_output_velveth21/auto_lineage/run_archaea_odb12/hmmer_output/115235at2157.out --cpu 1 /home/simonedassisi/velvet-1.2.10/busco_downloads/lineages/archaea_odb12/hmms/115235at2157.hmm results/BUSCO_output_velveth21/prodigal_output/predicted_genes/predicted.faa 
# Current dir:     /home/simonedassisi/velvet-1.2.10
# Date:            Wed Apr  2 19:18:16 2025
# [ok]
