#                                                                                                           --- full sequence --- -------------- this domain -------------   hmm coord   ali coord   env coord
# target name                                       accession   tlen query name           accession   qlen   E-value  score  bias   #  of  c-Evalue  i-Evalue  score  bias  from    to  from    to  from    to  acc description of target
#                               ------------------- ---------- ----- -------------------- ---------- ----- --------- ------ ----- --- --- --------- --------- ------ ----- ----- ----- ----- ----- ----- ----- ---- ---------------------
NODE_1204_length_64359_cov_77.399834:41719-43071|+  -            451 15212                -            460   1.2e-35  121.5   9.2   1   3     2e-08   2.7e-05   21.3   0.3   113   147     6    40     4    48 0.89 NODE_1204_length_64359_cov_77.399834_37 # 41719 # 43071 # 1 # ID=516_37;partial=00;start_type=ATG;rbs_motif=GGA/GAG/AGG;rbs_spacer=5-10bp;gc_cont=0.508
NODE_1204_length_64359_cov_77.399834:41719-43071|+  -            451 15212                -            460   1.2e-35  121.5   9.2   2   3   2.5e-15   3.4e-12   44.1   0.1   162   254    83   171    54   192 0.80 NODE_1204_length_64359_cov_77.399834_37 # 41719 # 43071 # 1 # ID=516_37;partial=00;start_type=ATG;rbs_motif=GGA/GAG/AGG;rbs_spacer=5-10bp;gc_cont=0.508
NODE_1204_length_64359_cov_77.399834:41719-43071|+  -            451 15212                -            460   1.2e-35  121.5   9.2   3   3   7.1e-19   9.3e-16   55.8   0.6   212   451   224   441   215   448 0.80 NODE_1204_length_64359_cov_77.399834_37 # 41719 # 43071 # 1 # ID=516_37;partial=00;start_type=ATG;rbs_motif=GGA/GAG/AGG;rbs_spacer=5-10bp;gc_cont=0.508
NODE_2145_length_112275_cov_77.552353:27391-28758|- -            456 15212                -            460   1.4e-18   65.1   1.7   1   3      0.17   2.2e+02   -1.5   0.0   226   275    89   131    78   182 0.68 NODE_2145_length_112275_cov_77.552353_24 # 27391 # 28758 # -1 # ID=1072_24;partial=00;start_type=ATG;rbs_motif=AGxAGG/AGGxGG;rbs_spacer=3-4bp;gc_cont=0.520
NODE_2145_length_112275_cov_77.552353:27391-28758|- -            456 15212                -            460   1.4e-18   65.1   1.7   2   3   3.6e-13   4.7e-10   37.0   0.0   208   297   288   378   281   388 0.80 NODE_2145_length_112275_cov_77.552353_24 # 27391 # 28758 # -1 # ID=1072_24;partial=00;start_type=ATG;rbs_motif=AGxAGG/AGGxGG;rbs_spacer=3-4bp;gc_cont=0.520
NODE_2145_length_112275_cov_77.552353:27391-28758|- -            456 15212                -            460   1.4e-18   65.1   1.7   3   3   6.2e-10   8.2e-07   26.3   0.2   210   257   390   436   386   451 0.88 NODE_2145_length_112275_cov_77.552353_24 # 27391 # 28758 # -1 # ID=1072_24;partial=00;start_type=ATG;rbs_motif=AGxAGG/AGGxGG;rbs_spacer=3-4bp;gc_cont=0.520
NODE_1204_length_64359_cov_77.399834:26912-28336|+  -            475 15212                -            460   8.2e-17   59.3   2.4   1   2   2.4e-12   3.1e-09   34.3   0.1   208   296   310   399   302   407 0.79 NODE_1204_length_64359_cov_77.399834_23 # 26912 # 28336 # 1 # ID=516_23;partial=00;start_type=ATG;rbs_motif=GGA/GAG/AGG;rbs_spacer=5-10bp;gc_cont=0.542
NODE_1204_length_64359_cov_77.399834:26912-28336|+  -            475 15212                -            460   8.2e-17   59.3   2.4   2   2   2.1e-09   2.8e-06   24.6   0.5   209   257   408   455   402   471 0.85 NODE_1204_length_64359_cov_77.399834_23 # 26912 # 28336 # 1 # ID=516_23;partial=00;start_type=ATG;rbs_motif=GGA/GAG/AGG;rbs_spacer=5-10bp;gc_cont=0.542
NODE_2145_length_112275_cov_77.552353:26234-27301|- -            356 15212                -            460   4.4e-07   27.2   0.6   1   1   5.7e-10   7.6e-07   26.5   0.6   205   284   275   353   269   355 0.80 NODE_2145_length_112275_cov_77.552353_23 # 26234 # 27301 # -1 # ID=1072_23;partial=00;start_type=ATG;rbs_motif=None;rbs_spacer=None;gc_cont=0.532
#
# Program:         hmmsearch
# Version:         3.4 (Aug 2023)
# Pipeline mode:   SEARCH
# Query file:      /home/simonedassisi/velvet-1.2.10/busco_downloads/lineages/archaea_odb12/hmms/15212at2157.hmm
# Target file:     results/BUSCO_output_velveth21/prodigal_output/predicted_genes/predicted.faa
# Option settings: hmmsearch --domtblout results/BUSCO_output_velveth21/auto_lineage/run_archaea_odb12/hmmer_output/15212at2157.out --cpu 1 /home/simonedassisi/velvet-1.2.10/busco_downloads/lineages/archaea_odb12/hmms/15212at2157.hmm results/BUSCO_output_velveth21/prodigal_output/predicted_genes/predicted.faa 
# Current dir:     /home/simonedassisi/velvet-1.2.10
# Date:            Wed Apr  2 19:18:16 2025
# [ok]
