#                                                                                                          --- full sequence --- -------------- this domain -------------   hmm coord   ali coord   env coord
# target name                                      accession   tlen query name           accession   qlen   E-value  score  bias   #  of  c-Evalue  i-Evalue  score  bias  from    to  from    to  from    to  acc description of target
#                              ------------------- ---------- ----- -------------------- ---------- ----- --------- ------ ----- --- --- --------- --------- ------ ----- ----- ----- ----- ----- ----- ----- ---- ---------------------
NODE_2487_length_42213_cov_77.013382:28882-29658|+ -            259 15328                -            224   3.9e-12   44.2   0.1   1   2    0.0031       2.1    5.8   0.0     3    46     6    46     4    70 0.67 NODE_2487_length_42213_cov_77.013382_23 # 28882 # 29658 # 1 # ID=1291_23;partial=00;start_type=ATG;rbs_motif=GGA/GAG/AGG;rbs_spacer=5-10bp;gc_cont=0.555
NODE_2487_length_42213_cov_77.013382:28882-29658|+ -            259 15328                -            224   3.9e-12   44.2   0.1   2   2   1.4e-12   9.2e-10   36.4   0.0   106   223   131   256   120   257 0.80 NODE_2487_length_42213_cov_77.013382_23 # 28882 # 29658 # 1 # ID=1291_23;partial=00;start_type=ATG;rbs_motif=GGA/GAG/AGG;rbs_spacer=5-10bp;gc_cont=0.555
NODE_1229_length_78306_cov_70.440285:10426-11529|+ -            368 15328                -            224   6.5e-06   23.8   1.9   1   2      0.02        13    3.2   0.1     2    40     7    46     6    56 0.62 NODE_1229_length_78306_cov_70.440285_13 # 10426 # 11529 # 1 # ID=529_13;partial=00;start_type=ATG;rbs_motif=GGA/GAG/AGG;rbs_spacer=3-4bp;gc_cont=0.562
NODE_1229_length_78306_cov_70.440285:10426-11529|+ -            368 15328                -            224   6.5e-06   23.8   1.9   2   2   4.8e-07   0.00032   18.3   0.1   106   175   119   188   111   256 0.67 NODE_1229_length_78306_cov_70.440285_13 # 10426 # 11529 # 1 # ID=529_13;partial=00;start_type=ATG;rbs_motif=GGA/GAG/AGG;rbs_spacer=3-4bp;gc_cont=0.562
NODE_89_length_10330_cov_70.405418:6554-7447|-     -            298 15328                -            224   3.2e-05   21.6   0.0   1   2     0.039        26    2.3   0.0     3    45     5    52     3    54 0.63 NODE_89_length_10330_cov_70.405418_9 # 6554 # 7447 # -1 # ID=14_9;partial=00;start_type=ATG;rbs_motif=AGGA;rbs_spacer=5-10bp;gc_cont=0.574
NODE_89_length_10330_cov_70.405418:6554-7447|-     -            298 15328                -            224   3.2e-05   21.6   0.0   2   2     1e-06   0.00068   17.2   0.0   106   223   167   295   156   296 0.72 NODE_89_length_10330_cov_70.405418_9 # 6554 # 7447 # -1 # ID=14_9;partial=00;start_type=ATG;rbs_motif=AGGA;rbs_spacer=5-10bp;gc_cont=0.574
NODE_1008_length_19602_cov_73.790375:18099-19448|+ -            450 15328                -            224    0.0012   16.4   0.0   1   1   5.2e-06    0.0035   14.9   0.0   137   174   202   239   199   248 0.89 NODE_1008_length_19602_cov_73.790375_18 # 18099 # 19448 # 1 # ID=428_18;partial=00;start_type=ATG;rbs_motif=GGAG/GAGG;rbs_spacer=5-10bp;gc_cont=0.539
NODE_170_length_74698_cov_75.748665:42354-43685|-  -            444 15328                -            224     0.016   12.7   0.0   1   1   4.8e-05     0.032   11.8   0.0   103   172   156   225   146   238 0.78 NODE_170_length_74698_cov_75.748665_37 # 42354 # 43685 # -1 # ID=38_37;partial=00;start_type=GTG;rbs_motif=GGA/GAG/AGG;rbs_spacer=5-10bp;gc_cont=0.526
NODE_1204_length_64359_cov_77.399834:37170-37895|+ -            242 15328                -            224     0.017   12.7   0.3   1   3     0.054        36    1.8   0.1    16    45    25    58    11    97 0.78 NODE_1204_length_64359_cov_77.399834_31 # 37170 # 37895 # 1 # ID=516_31;partial=00;start_type=ATG;rbs_motif=AGGA;rbs_spacer=5-10bp;gc_cont=0.526
NODE_1204_length_64359_cov_77.399834:37170-37895|+ -            242 15328                -            224     0.017   12.7   0.3   2   3    0.0015      0.99    6.9   0.0   146   174   155   183   142   193 0.85 NODE_1204_length_64359_cov_77.399834_31 # 37170 # 37895 # 1 # ID=516_31;partial=00;start_type=ATG;rbs_motif=AGGA;rbs_spacer=5-10bp;gc_cont=0.526
NODE_1204_length_64359_cov_77.399834:37170-37895|+ -            242 15328                -            224     0.017   12.7   0.3   3   3      0.14        93    0.4   0.0   204   223   220   239   210   240 0.90 NODE_1204_length_64359_cov_77.399834_31 # 37170 # 37895 # 1 # ID=516_31;partial=00;start_type=ATG;rbs_motif=AGGA;rbs_spacer=5-10bp;gc_cont=0.526
NODE_2129_length_51924_cov_72.758377:36875-39337|+ -            821 15328                -            224     0.028   12.0   0.0   1   1   0.00012     0.076   10.5   0.0   137   175   208   246   205   255 0.86 NODE_2129_length_51924_cov_72.758377_39 # 36875 # 39337 # 1 # ID=1066_39;partial=00;start_type=ATG;rbs_motif=GGAG/GAGG;rbs_spacer=5-10bp;gc_cont=0.532
NODE_666_length_18969_cov_76.638199:9426-11570|-   -            715 15328                -            224     0.041   11.4   0.2   1   2       2.1   1.4e+03   -3.4   0.1    67   118    63   112    54   113 0.61 NODE_666_length_18969_cov_76.638199_13 # 9426 # 11570 # -1 # ID=285_13;partial=00;start_type=GTG;rbs_motif=GGAG/GAGG;rbs_spacer=5-10bp;gc_cont=0.556
NODE_666_length_18969_cov_76.638199:9426-11570|-   -            715 15328                -            224     0.041   11.4   0.2   2   2   0.00015     0.099   10.2   0.0   139   194   122   177   119   186 0.91 NODE_666_length_18969_cov_76.638199_13 # 9426 # 11570 # -1 # ID=285_13;partial=00;start_type=GTG;rbs_motif=GGAG/GAGG;rbs_spacer=5-10bp;gc_cont=0.556
#
# Program:         hmmsearch
# Version:         3.4 (Aug 2023)
# Pipeline mode:   SEARCH
# Query file:      /home/simonedassisi/velvet-1.2.10/busco_downloads/lineages/archaea_odb12/hmms/15328at2157.hmm
# Target file:     results/BUSCO_output_velveth21/prodigal_output/predicted_genes/predicted.faa
# Option settings: hmmsearch --domtblout results/BUSCO_output_velveth21/auto_lineage/run_archaea_odb12/hmmer_output/15328at2157.out --cpu 1 /home/simonedassisi/velvet-1.2.10/busco_downloads/lineages/archaea_odb12/hmms/15328at2157.hmm results/BUSCO_output_velveth21/prodigal_output/predicted_genes/predicted.faa 
# Current dir:     /home/simonedassisi/velvet-1.2.10
# Date:            Wed Apr  2 19:18:16 2025
# [ok]
