#                                                                                                          --- full sequence --- -------------- this domain -------------   hmm coord   ali coord   env coord
# target name                                      accession   tlen query name           accession   qlen   E-value  score  bias   #  of  c-Evalue  i-Evalue  score  bias  from    to  from    to  from    to  acc description of target
#                              ------------------- ---------- ----- -------------------- ---------- ----- --------- ------ ----- --- --- --------- --------- ------ ----- ----- ----- ----- ----- ----- ----- ---- ---------------------
NODE_2129_length_51924_cov_72.758377:20932-22314|+ -            461 17644                -            143   2.8e-06   25.5   0.0   1   1   1.1e-08   5.9e-06   24.4   0.0     4   136   100   252    97   256 0.76 NODE_2129_length_51924_cov_72.758377_24 # 20932 # 22314 # 1 # ID=1066_24;partial=00;start_type=GTG;rbs_motif=GGAG/GAGG;rbs_spacer=5-10bp;gc_cont=0.573
NODE_2201_length_7379_cov_73.928040:1909-2970|+    -            354 17644                -            143   4.8e-06   24.7   0.1   1   2   8.4e-08   4.5e-05   21.6   0.0     1    75    62   150    62   157 0.73 NODE_2201_length_7379_cov_73.928040_3 # 1909 # 2970 # 1 # ID=1096_3;partial=00;start_type=ATG;rbs_motif=AGGAG;rbs_spacer=5-10bp;gc_cont=0.539
NODE_2201_length_7379_cov_73.928040:1909-2970|+    -            354 17644                -            143   4.8e-06   24.7   0.1   2   2       0.3   1.6e+02    0.4   0.0    81   112   170   202   162   233 0.65 NODE_2201_length_7379_cov_73.928040_3 # 1909 # 2970 # 1 # ID=1096_3;partial=00;start_type=ATG;rbs_motif=AGGAG;rbs_spacer=5-10bp;gc_cont=0.539
NODE_720_length_11917_cov_65.241417:11020-11772|+  -            251 17644                -            143     0.004   15.3   0.6   1   2   0.00041      0.22    9.6   0.3     1    18    31    48    31    91 0.92 NODE_720_length_11917_cov_65.241417_12 # 11020 # 11772 # 1 # ID=301_12;partial=00;start_type=ATG;rbs_motif=AGGAG/GGAGG;rbs_spacer=11-12bp;gc_cont=0.534
NODE_720_length_11917_cov_65.241417:11020-11772|+  -            251 17644                -            143     0.004   15.3   0.6   2   2     0.059        31    2.7   0.0    63   117   162   215   137   229 0.75 NODE_720_length_11917_cov_65.241417_12 # 11020 # 11772 # 1 # ID=301_12;partial=00;start_type=ATG;rbs_motif=AGGAG/GGAGG;rbs_spacer=11-12bp;gc_cont=0.534
NODE_443_length_10040_cov_75.927094:7355-9928|+    -            858 17644                -            143     0.012   13.8   0.0   1   2     0.015         8    4.6   0.0     4    24   204   224   203   228 0.89 NODE_443_length_10040_cov_75.927094_9 # 7355 # 9928 # 1 # ID=166_9;partial=00;start_type=ATG;rbs_motif=GGAGG;rbs_spacer=3-4bp;gc_cont=0.516
NODE_443_length_10040_cov_75.927094:7355-9928|+    -            858 17644                -            143     0.012   13.8   0.0   2   2    0.0052       2.7    6.1   0.0     4    21   603   620   600   681 0.84 NODE_443_length_10040_cov_75.927094_9 # 7355 # 9928 # 1 # ID=166_9;partial=00;start_type=ATG;rbs_motif=GGAGG;rbs_spacer=3-4bp;gc_cont=0.516
NODE_2117_length_5594_cov_75.820343:2821-3558|-    -            246 17644                -            143     0.032   12.3   0.0   1   1   0.00011     0.058   11.5   0.0     4    84   104   183   102   224 0.77 NODE_2117_length_5594_cov_75.820343_3 # 2821 # 3558 # -1 # ID=1061_3;partial=00;start_type=ATG;rbs_motif=GGAG/GAGG;rbs_spacer=5-10bp;gc_cont=0.509
NODE_1386_length_43660_cov_76.965599:22336-23877|+ -            514 17644                -            143     0.033   12.3   3.7   1   4    0.0074       3.9    5.6   0.1     1    19    32    50    32    54 0.84 NODE_1386_length_43660_cov_76.965599_22 # 22336 # 23877 # 1 # ID=611_22;partial=00;start_type=ATG;rbs_motif=GGAG/GAGG;rbs_spacer=5-10bp;gc_cont=0.470
NODE_1386_length_43660_cov_76.965599:22336-23877|+ -            514 17644                -            143     0.033   12.3   3.7   2   4     0.017       9.1    4.4   0.3    53   104   151   199   147   214 0.77 NODE_1386_length_43660_cov_76.965599_22 # 22336 # 23877 # 1 # ID=611_22;partial=00;start_type=ATG;rbs_motif=GGAG/GAGG;rbs_spacer=5-10bp;gc_cont=0.470
NODE_1386_length_43660_cov_76.965599:22336-23877|+ -            514 17644                -            143     0.033   12.3   3.7   3   4      0.96   5.1e+02   -1.3   0.0    23    45   318   340   291   345 0.81 NODE_1386_length_43660_cov_76.965599_22 # 22336 # 23877 # 1 # ID=611_22;partial=00;start_type=ATG;rbs_motif=GGAG/GAGG;rbs_spacer=5-10bp;gc_cont=0.470
NODE_1386_length_43660_cov_76.965599:22336-23877|+ -            514 17644                -            143     0.033   12.3   3.7   4   4      0.64   3.4e+02   -0.7   0.0    62   103   422   461   406   464 0.77 NODE_1386_length_43660_cov_76.965599_22 # 22336 # 23877 # 1 # ID=611_22;partial=00;start_type=ATG;rbs_motif=GGAG/GAGG;rbs_spacer=5-10bp;gc_cont=0.470
NODE_1113_length_19431_cov_68.618652:6387-7859|+   -            491 17644                -            143     0.033   12.3   0.0   1   2     0.026        14    3.8   0.0     4    22    34    52    32    68 0.86 NODE_1113_length_19431_cov_68.618652_9 # 6387 # 7859 # 1 # ID=473_9;partial=00;start_type=ATG;rbs_motif=GGA/GAG/AGG;rbs_spacer=5-10bp;gc_cont=0.527
NODE_1113_length_19431_cov_68.618652:6387-7859|+   -            491 17644                -            143     0.033   12.3   0.0   2   2    0.0077       4.1    5.5   0.0     3    19   290   306   288   310 0.84 NODE_1113_length_19431_cov_68.618652_9 # 6387 # 7859 # 1 # ID=473_9;partial=00;start_type=ATG;rbs_motif=GGA/GAG/AGG;rbs_spacer=5-10bp;gc_cont=0.527
NODE_1847_length_31756_cov_77.062065:25077-25754|+ -            226 17644                -            143     0.044   11.9   0.1   1   2   0.00058      0.31    9.2   0.0     1    20    30    49    30    51 0.86 NODE_1847_length_31756_cov_77.062065_25 # 25077 # 25754 # 1 # ID=863_25;partial=00;start_type=ATG;rbs_motif=GGAG/GAGG;rbs_spacer=5-10bp;gc_cont=0.546
NODE_1847_length_31756_cov_77.062065:25077-25754|+ -            226 17644                -            143     0.044   11.9   0.1   2   2      0.36   1.9e+02    0.1   0.0    61    93   158   188   148   202 0.64 NODE_1847_length_31756_cov_77.062065_25 # 25077 # 25754 # 1 # ID=863_25;partial=00;start_type=ATG;rbs_motif=GGAG/GAGG;rbs_spacer=5-10bp;gc_cont=0.546
NODE_1288_length_45176_cov_69.014496:6029-7765|-   -            579 17644                -            143     0.063   11.4   0.6   1   3    0.0018      0.96    7.5   0.1     1    21    35    55    35    57 0.88 NODE_1288_length_45176_cov_69.014496_7 # 6029 # 7765 # -1 # ID=561_7;partial=00;start_type=ATG;rbs_motif=GGAG/GAGG;rbs_spacer=5-10bp;gc_cont=0.552
NODE_1288_length_45176_cov_69.014496:6029-7765|-   -            579 17644                -            143     0.063   11.4   0.6   2   3      0.21   1.1e+02    0.9   0.1     4    19   360   375   357   381 0.77 NODE_1288_length_45176_cov_69.014496_7 # 6029 # 7765 # -1 # ID=561_7;partial=00;start_type=ATG;rbs_motif=GGAG/GAGG;rbs_spacer=5-10bp;gc_cont=0.552
NODE_1288_length_45176_cov_69.014496:6029-7765|-   -            579 17644                -            143     0.063   11.4   0.6   3   3       1.6   8.7e+02   -2.0   0.0    88   107   501   520   478   528 0.75 NODE_1288_length_45176_cov_69.014496_7 # 6029 # 7765 # -1 # ID=561_7;partial=00;start_type=ATG;rbs_motif=GGAG/GAGG;rbs_spacer=5-10bp;gc_cont=0.552
NODE_1520_length_13881_cov_67.268860:4764-5690|-   -            309 17644                -            143      0.51    8.4   4.4   1   2     0.016       8.3    4.5   0.2     4    19    47    62    44    66 0.83 NODE_1520_length_13881_cov_67.268860_7 # 4764 # 5690 # -1 # ID=684_7;partial=00;start_type=GTG;rbs_motif=AGGAG;rbs_spacer=5-10bp;gc_cont=0.546
NODE_1520_length_13881_cov_67.268860:4764-5690|-   -            309 17644                -            143      0.51    8.4   4.4   2   2    0.0088       4.6    5.3   0.7    61   131   158   228   147   232 0.76 NODE_1520_length_13881_cov_67.268860_7 # 4764 # 5690 # -1 # ID=684_7;partial=00;start_type=GTG;rbs_motif=AGGAG;rbs_spacer=5-10bp;gc_cont=0.546
#
# Program:         hmmsearch
# Version:         3.4 (Aug 2023)
# Pipeline mode:   SEARCH
# Query file:      /home/simonedassisi/velvet-1.2.10/busco_downloads/lineages/archaea_odb12/hmms/17644at2157.hmm
# Target file:     results/BUSCO_output_velveth21/prodigal_output/predicted_genes/predicted.faa
# Option settings: hmmsearch --domtblout results/BUSCO_output_velveth21/auto_lineage/run_archaea_odb12/hmmer_output/17644at2157.out --cpu 1 /home/simonedassisi/velvet-1.2.10/busco_downloads/lineages/archaea_odb12/hmms/17644at2157.hmm results/BUSCO_output_velveth21/prodigal_output/predicted_genes/predicted.faa 
# Current dir:     /home/simonedassisi/velvet-1.2.10
# Date:            Wed Apr  2 19:18:16 2025
# [ok]
