#                                                                                                        --- full sequence --- -------------- this domain -------------   hmm coord   ali coord   env coord
# target name                                    accession   tlen query name           accession   qlen   E-value  score  bias   #  of  c-Evalue  i-Evalue  score  bias  from    to  from    to  from    to  acc description of target
#                            ------------------- ---------- ----- -------------------- ---------- ----- --------- ------ ----- --- --- --------- --------- ------ ----- ----- ----- ----- ----- ----- ----- ---- ---------------------
NODE_626_length_8769_cov_75.351463:2002-4818|+   -            939 30823                -            882  2.5e-174  579.6   0.0   1   1    5e-177  5.3e-174  578.6   0.0    13   724    29   793    18   833 0.85 NODE_626_length_8769_cov_75.351463_3 # 2002 # 4818 # 1 # ID=267_3;partial=00;start_type=ATG;rbs_motif=GGA/GAG/AGG;rbs_spacer=5-10bp;gc_cont=0.557
NODE_1792_length_20317_cov_75.392525:2401-5256|- -            952 30823                -            882   2.1e-92  308.5   5.0   1   3   7.9e-39   8.3e-36  121.3   0.2     3   226     5   238     3   259 0.91 NODE_1792_length_20317_cov_75.392525_4 # 2401 # 5256 # -1 # ID=834_4;partial=00;start_type=ATG;rbs_motif=GGA/GAG/AGG;rbs_spacer=3-4bp;gc_cont=0.549
NODE_1792_length_20317_cov_75.392525:2401-5256|- -            952 30823                -            882   2.1e-92  308.5   5.0   2   3   5.2e-32   5.5e-29   98.7   4.1   289   557   269   570   243   573 0.76 NODE_1792_length_20317_cov_75.392525_4 # 2401 # 5256 # -1 # ID=834_4;partial=00;start_type=ATG;rbs_motif=GGA/GAG/AGG;rbs_spacer=3-4bp;gc_cont=0.549
NODE_1792_length_20317_cov_75.392525:2401-5256|- -            952 30823                -            882   2.1e-92  308.5   5.0   3   3   2.9e-27     3e-24   83.0   0.0   557   762   608   822   586   839 0.90 NODE_1792_length_20317_cov_75.392525_4 # 2401 # 5256 # -1 # ID=834_4;partial=00;start_type=ATG;rbs_motif=GGA/GAG/AGG;rbs_spacer=3-4bp;gc_cont=0.549
NODE_1062_length_63423_cov_73.241127:6840-9425|- -            862 30823                -            882   1.5e-55  186.7  23.5   1   5   5.8e-28   6.2e-25   85.3   1.9     4   183     6   171     3   173 0.91 NODE_1062_length_63423_cov_73.241127_9 # 6840 # 9425 # -1 # ID=442_9;partial=00;start_type=ATG;rbs_motif=AGGA/GGAG/GAGG;rbs_spacer=11-12bp;gc_cont=0.536
NODE_1062_length_63423_cov_73.241127:6840-9425|- -            862 30823                -            882   1.5e-55  186.7  23.5   2   5   4.8e-11     5e-08   29.4   1.1   363   416   174   227   172   233 0.94 NODE_1062_length_63423_cov_73.241127_9 # 6840 # 9425 # -1 # ID=442_9;partial=00;start_type=ATG;rbs_motif=AGGA/GGAG/GAGG;rbs_spacer=11-12bp;gc_cont=0.536
NODE_1062_length_63423_cov_73.241127:6840-9425|- -            862 30823                -            882   1.5e-55  186.7  23.5   3   5   5.3e-08   5.6e-05   19.3   0.0   202   320   241   360   228   418 0.77 NODE_1062_length_63423_cov_73.241127_9 # 6840 # 9425 # -1 # ID=442_9;partial=00;start_type=ATG;rbs_motif=AGGA/GGAG/GAGG;rbs_spacer=11-12bp;gc_cont=0.536
NODE_1062_length_63423_cov_73.241127:6840-9425|- -            862 30823                -            882   1.5e-55  186.7  23.5   4   5     2e-08   2.1e-05   20.7   0.5   416   438   418   440   411   451 0.84 NODE_1062_length_63423_cov_73.241127_9 # 6840 # 9425 # -1 # ID=442_9;partial=00;start_type=ATG;rbs_motif=AGGA/GGAG/GAGG;rbs_spacer=11-12bp;gc_cont=0.536
NODE_1062_length_63423_cov_73.241127:6840-9425|- -            862 30823                -            882   1.5e-55  186.7  23.5   5   5   6.1e-14   6.4e-11   39.0   0.1   535   726   613   792   607   817 0.72 NODE_1062_length_63423_cov_73.241127_9 # 6840 # 9425 # -1 # ID=442_9;partial=00;start_type=ATG;rbs_motif=AGGA/GGAG/GAGG;rbs_spacer=11-12bp;gc_cont=0.536
NODE_1170_length_26855_cov_70.355133:7936-9969|- -            678 30823                -            882   4.3e-21   72.6   0.3   1   3   1.6e-12   1.7e-09   34.3   0.0    38    92    15    68     5    91 0.92 NODE_1170_length_26855_cov_70.355133_5 # 7936 # 9969 # -1 # ID=497_5;partial=00;start_type=ATG;rbs_motif=AGxAG;rbs_spacer=11-12bp;gc_cont=0.530
NODE_1170_length_26855_cov_70.355133:7936-9969|- -            678 30823                -            882   4.3e-21   72.6   0.3   2   3    0.0046       4.9    2.9   0.0   373   432   184   244   179   249 0.83 NODE_1170_length_26855_cov_70.355133_5 # 7936 # 9969 # -1 # ID=497_5;partial=00;start_type=ATG;rbs_motif=AGxAG;rbs_spacer=11-12bp;gc_cont=0.530
NODE_1170_length_26855_cov_70.355133:7936-9969|- -            678 30823                -            882   4.3e-21   72.6   0.3   3   3   8.8e-12   9.3e-09   31.8   0.0   527   705   320   502   301   549 0.82 NODE_1170_length_26855_cov_70.355133_5 # 7936 # 9969 # -1 # ID=497_5;partial=00;start_type=ATG;rbs_motif=AGxAG;rbs_spacer=11-12bp;gc_cont=0.530
NODE_89_length_10330_cov_70.405418:1948-3333|-   -            462 30823                -            882   1.7e-08   31.0   0.8   1   2     0.084        88   -1.2   0.1    44    69    36    61    18    64 0.92 NODE_89_length_10330_cov_70.405418_4 # 1948 # 3333 # -1 # ID=14_4;partial=00;start_type=ATG;rbs_motif=GGA/GAG/AGG;rbs_spacer=5-10bp;gc_cont=0.548
NODE_89_length_10330_cov_70.405418:1948-3333|-   -            462 30823                -            882   1.7e-08   31.0   0.8   2   2   3.2e-11   3.4e-08   29.9   0.1   522   597   247   323   237   388 0.89 NODE_89_length_10330_cov_70.405418_4 # 1948 # 3333 # -1 # ID=14_4;partial=00;start_type=ATG;rbs_motif=GGA/GAG/AGG;rbs_spacer=5-10bp;gc_cont=0.548
#
# Program:         hmmsearch
# Version:         3.4 (Aug 2023)
# Pipeline mode:   SEARCH
# Query file:      /home/simonedassisi/velvet-1.2.10/busco_downloads/lineages/archaea_odb12/hmms/30823at2157.hmm
# Target file:     results/BUSCO_output_velveth21/prodigal_output/predicted_genes/predicted.faa
# Option settings: hmmsearch --domtblout results/BUSCO_output_velveth21/auto_lineage/run_archaea_odb12/hmmer_output/30823at2157.out --cpu 1 /home/simonedassisi/velvet-1.2.10/busco_downloads/lineages/archaea_odb12/hmms/30823at2157.hmm results/BUSCO_output_velveth21/prodigal_output/predicted_genes/predicted.faa 
# Current dir:     /home/simonedassisi/velvet-1.2.10
# Date:            Wed Apr  2 19:18:17 2025
# [ok]
