#                                                                                                          --- full sequence --- -------------- this domain -------------   hmm coord   ali coord   env coord
# target name                                      accession   tlen query name           accession   qlen   E-value  score  bias   #  of  c-Evalue  i-Evalue  score  bias  from    to  from    to  from    to  acc description of target
#                              ------------------- ---------- ----- -------------------- ---------- ----- --------- ------ ----- --- --- --------- --------- ------ ----- ----- ----- ----- ----- ----- ----- ---- ---------------------
NODE_2154_length_30944_cov_68.453339:24067-24597|+ -            177 30955                -            222   8.8e-07   26.7   0.1   1   1   7.2e-09   1.5e-06   25.9   0.0     8    81    57   131    50   146 0.79 NODE_2154_length_30944_cov_68.453339_27 # 24067 # 24597 # 1 # ID=1078_27;partial=00;start_type=ATG;rbs_motif=GGAG/GAGG;rbs_spacer=5-10bp;gc_cont=0.492
NODE_434_length_79075_cov_70.223480:50775-51209|+  -            145 30955                -            222   8.6e-06   23.4   0.4   1   1   4.8e-08     1e-05   23.2   0.4    25    82    47   107    28   134 0.80 NODE_434_length_79075_cov_70.223480_48 # 50775 # 51209 # 1 # ID=160_48;partial=00;start_type=TTG;rbs_motif=AGGAG;rbs_spacer=5-10bp;gc_cont=0.478
NODE_846_length_63393_cov_76.936378:11093-11878|+  -            262 30955                -            222   1.5e-05   22.6   0.1   1   1   1.3e-07   2.7e-05   21.8   0.1    14    70    20    70     9    92 0.80 NODE_846_length_63393_cov_76.936378_10 # 11093 # 11878 # 1 # ID=361_10;partial=00;start_type=ATG;rbs_motif=GGAG/GAGG;rbs_spacer=5-10bp;gc_cont=0.524
NODE_1434_length_95894_cov_75.275742:35842-36600|- -            253 30955                -            222   5.4e-05   20.8   0.0   1   1   4.5e-07   9.4e-05   20.0   0.0    20    58    15    53     4    58 0.89 NODE_1434_length_95894_cov_75.275742_28 # 35842 # 36600 # -1 # ID=631_28;partial=00;start_type=ATG;rbs_motif=GGA/GAG/AGG;rbs_spacer=5-10bp;gc_cont=0.536
NODE_718_length_90501_cov_69.003258:86021-86812|+  -            264 30955                -            222   6.4e-05   20.6   0.2   1   1   4.9e-07    0.0001   19.9   0.2     8    77    15    86     9   104 0.86 NODE_718_length_90501_cov_69.003258_86 # 86021 # 86812 # 1 # ID=299_86;partial=00;start_type=ATG;rbs_motif=GGAG/GAGG;rbs_spacer=5-10bp;gc_cont=0.497
NODE_170_length_74698_cov_75.748665:52608-53339|-  -            244 30955                -            222   0.00049   17.7   0.2   1   1   3.3e-06   0.00069   17.2   0.2    21    59    15    53     1    85 0.85 NODE_170_length_74698_cov_75.748665_47 # 52608 # 53339 # -1 # ID=38_47;partial=00;start_type=ATG;rbs_motif=None;rbs_spacer=None;gc_cont=0.481
NODE_2185_length_35330_cov_74.210983:18099-18866|- -            256 30955                -            222   0.00052   17.6   0.1   1   1   4.3e-06    0.0009   16.8   0.1    19    55    14    50     6    84 0.84 NODE_2185_length_35330_cov_74.210983_21 # 18099 # 18866 # -1 # ID=1088_21;partial=00;start_type=TTG;rbs_motif=AGGAG;rbs_spacer=5-10bp;gc_cont=0.520
NODE_1441_length_52686_cov_76.197510:14910-15542|+ -            211 30955                -            222    0.0025   15.4   0.1   1   1     2e-05    0.0043   14.6   0.0    21    55   164   198   142   207 0.85 NODE_1441_length_52686_cov_76.197510_20 # 14910 # 15542 # 1 # ID=633_20;partial=00;start_type=ATG;rbs_motif=GGAG/GAGG;rbs_spacer=5-10bp;gc_cont=0.498
NODE_2118_length_6500_cov_146.893997:3111-3734|-   -            208 30955                -            222    0.0028   15.2   0.0   1   2   5.2e-05     0.011   13.3   0.1    13    79     7    73     1    85 0.87 NODE_2118_length_6500_cov_146.893997_5 # 3111 # 3734 # -1 # ID=1062_5;partial=00;start_type=ATG;rbs_motif=GGA/GAG/AGG;rbs_spacer=5-10bp;gc_cont=0.413
NODE_2118_length_6500_cov_146.893997:3111-3734|-   -            208 30955                -            222    0.0028   15.2   0.0   2   2         1   2.2e+02   -0.8   0.0    50    77   178   203   172   206 0.73 NODE_2118_length_6500_cov_146.893997_5 # 3111 # 3734 # -1 # ID=1062_5;partial=00;start_type=ATG;rbs_motif=GGA/GAG/AGG;rbs_spacer=5-10bp;gc_cont=0.413
NODE_1288_length_45176_cov_69.014496:31965-32432|+ -            156 30955                -            222     0.003   15.1   0.0   1   1     2e-05    0.0043   14.6   0.0    25    77    55   104    37   116 0.75 NODE_1288_length_45176_cov_69.014496_31 # 31965 # 32432 # 1 # ID=561_31;partial=00;start_type=ATG;rbs_motif=GGAG/GAGG;rbs_spacer=5-10bp;gc_cont=0.541
NODE_2132_length_53289_cov_67.616959:24965-25714|- -            250 30955                -            222    0.0033   15.0   0.1   1   1   2.9e-05    0.0061   14.1   0.1    21    66    14    56     1    93 0.68 NODE_2132_length_53289_cov_67.616959_27 # 24965 # 25714 # -1 # ID=1067_27;partial=00;start_type=ATG;rbs_motif=None;rbs_spacer=None;gc_cont=0.499
NODE_2622_length_8929_cov_71.417625:8513-8947|+    -            145 30955                -            222    0.0038   14.8   0.1   1   1   2.3e-05    0.0049   14.4   0.1    26    84    19    76     3    90 0.84 NODE_2622_length_8929_cov_71.417625_6 # 8513 # 8947 # 1 # ID=1404_6;partial=01;start_type=ATG;rbs_motif=GGAG/GAGG;rbs_spacer=5-10bp;gc_cont=0.389
NODE_2004_length_6812_cov_68.447151:4053-5003|+    -            317 30955                -            222    0.0042   14.6   0.1   1   1   3.2e-05    0.0067   14.0   0.1    23    83    15    75     2    94 0.80 NODE_2004_length_6812_cov_68.447151_5 # 4053 # 5003 # 1 # ID=986_5;partial=00;start_type=GTG;rbs_motif=GGAG/GAGG;rbs_spacer=5-10bp;gc_cont=0.476
NODE_899_length_14293_cov_69.337791:5188-6096|+    -            303 30955                -            222    0.0055   14.3   0.5   1   1     4e-05    0.0085   13.7   0.5    26   103    21   102     4   105 0.73 NODE_899_length_14293_cov_69.337791_5 # 5188 # 6096 # 1 # ID=380_5;partial=00;start_type=ATG;rbs_motif=GGxGG;rbs_spacer=3-4bp;gc_cont=0.494
NODE_2154_length_30944_cov_68.453339:10396-10695|+ -            100 30955                -            222    0.0062   14.1   0.1   1   1   3.1e-05    0.0065   14.0   0.1    14    79    28    93    10    98 0.84 NODE_2154_length_30944_cov_68.453339_10 # 10396 # 10695 # 1 # ID=1078_10;partial=00;start_type=ATG;rbs_motif=None;rbs_spacer=None;gc_cont=0.530
NODE_895_length_14892_cov_65.747314:982-1896|-     -            305 30955                -            222    0.0079   13.8   0.4   1   1   7.6e-05     0.016   12.7   0.4    26    92    19    84     5    93 0.87 NODE_895_length_14892_cov_65.747314_3 # 982 # 1896 # -1 # ID=378_3;partial=00;start_type=ATG;rbs_motif=AGGAG;rbs_spacer=5-10bp;gc_cont=0.494
NODE_359_length_5283_cov_74.194016:4463-5218|+     -            252 30955                -            222     0.017   12.7   0.1   1   1   0.00015     0.032   11.8   0.1    10    60    11    55     2    63 0.79 NODE_359_length_5283_cov_74.194016_7 # 4463 # 5218 # 1 # ID=110_7;partial=00;start_type=ATG;rbs_motif=GGA/GAG/AGG;rbs_spacer=5-10bp;gc_cont=0.507
NODE_215_length_65836_cov_69.504402:35423-36349|+  -            309 30955                -            222     0.021   12.4   0.5   1   1   0.00014     0.029   11.9   0.5    23    97    16    94     2    97 0.74 NODE_215_length_65836_cov_69.504402_38 # 35423 # 36349 # 1 # ID=52_38;partial=00;start_type=ATG;rbs_motif=None;rbs_spacer=None;gc_cont=0.542
NODE_299_length_31306_cov_74.835876:2-580|+        -            193 30955                -            222     0.021   12.4   0.0   1   1   0.00013     0.028   12.0   0.0    38    88    82   133    50   142 0.83 NODE_299_length_31306_cov_74.835876_1 # 2 # 580 # 1 # ID=91_1;partial=10;start_type=Edge;rbs_motif=None;rbs_spacer=None;gc_cont=0.542
NODE_1170_length_26855_cov_70.355133:21500-22246|+ -            249 30955                -            222     0.025   12.1   0.0   1   1   0.00018     0.039   11.5   0.0    27    68    50    91    28   109 0.83 NODE_1170_length_26855_cov_70.355133_19 # 21500 # 22246 # 1 # ID=497_19;partial=00;start_type=ATG;rbs_motif=AGGA;rbs_spacer=5-10bp;gc_cont=0.514
NODE_2560_length_3806_cov_73.283760:2757-3575|+    -            273 30955                -            222     0.029   11.9   0.0   1   1   0.00021     0.044   11.3   0.0     9    61    22    74    17    79 0.92 NODE_2560_length_3806_cov_73.283760_6 # 2757 # 3575 # 1 # ID=1352_6;partial=00;start_type=ATG;rbs_motif=GGAGG;rbs_spacer=5-10bp;gc_cont=0.502
NODE_926_length_95421_cov_71.123581:56884-57774|+  -            297 30955                -            222     0.032   11.8   0.0   1   1   0.00027     0.058   10.9   0.0    24    87    15    77     3    86 0.85 NODE_926_length_95421_cov_71.123581_51 # 56884 # 57774 # 1 # ID=386_51;partial=00;start_type=ATG;rbs_motif=GGA/GAG/AGG;rbs_spacer=5-10bp;gc_cont=0.498
NODE_1144_length_51838_cov_69.979935:14218-14916|- -            233 30955                -            222     0.033   11.7   0.0   1   1   0.00022     0.046   11.3   0.0    26    61    27    61     6    99 0.89 NODE_1144_length_51838_cov_69.979935_15 # 14218 # 14916 # -1 # ID=484_15;partial=00;start_type=GTG;rbs_motif=GGA/GAG/AGG;rbs_spacer=5-10bp;gc_cont=0.406
NODE_888_length_35781_cov_80.233421:9945-10835|-   -            297 30955                -            222     0.042   11.4   0.1   1   1   0.00029     0.061   10.8   0.1    31    89    22    79     6    93 0.75 NODE_888_length_35781_cov_80.233421_9 # 9945 # 10835 # -1 # ID=375_9;partial=00;start_type=TTG;rbs_motif=GGAG/GAGG;rbs_spacer=5-10bp;gc_cont=0.582
NODE_2159_length_50550_cov_71.258598:48741-49649|+ -            303 30955                -            222     0.053   11.1   0.0   1   1   0.00039     0.081   10.4   0.0    26    94    19    89     7    95 0.80 NODE_2159_length_50550_cov_71.258598_40 # 48741 # 49649 # 1 # ID=1079_40;partial=00;start_type=ATG;rbs_motif=AGGA;rbs_spacer=5-10bp;gc_cont=0.469
#
# Program:         hmmsearch
# Version:         3.4 (Aug 2023)
# Pipeline mode:   SEARCH
# Query file:      /home/simonedassisi/velvet-1.2.10/busco_downloads/lineages/archaea_odb12/hmms/30955at2157.hmm
# Target file:     results/BUSCO_output_velveth21/prodigal_output/predicted_genes/predicted.faa
# Option settings: hmmsearch --domtblout results/BUSCO_output_velveth21/auto_lineage/run_archaea_odb12/hmmer_output/30955at2157.out --cpu 1 /home/simonedassisi/velvet-1.2.10/busco_downloads/lineages/archaea_odb12/hmms/30955at2157.hmm results/BUSCO_output_velveth21/prodigal_output/predicted_genes/predicted.faa 
# Current dir:     /home/simonedassisi/velvet-1.2.10
# Date:            Wed Apr  2 19:18:17 2025
# [ok]
