#                                                                                                          --- full sequence --- -------------- this domain -------------   hmm coord   ali coord   env coord
# target name                                      accession   tlen query name           accession   qlen   E-value  score  bias   #  of  c-Evalue  i-Evalue  score  bias  from    to  from    to  from    to  acc description of target
#                              ------------------- ---------- ----- -------------------- ---------- ----- --------- ------ ----- --- --- --------- --------- ------ ----- ----- ----- ----- ----- ----- ----- ---- ---------------------
NODE_2145_length_112275_cov_77.552353:1-711|-      -            237 31271                -            196   7.7e-16   56.4   0.0   1   1   4.4e-18   1.1e-15   55.9   0.0    43   115   154   230   139   231 0.79 NODE_2145_length_112275_cov_77.552353_1 # 1 # 711 # -1 # ID=1072_1;partial=10;start_type=ATG;rbs_motif=GGA/GAG/AGG;rbs_spacer=5-10bp;gc_cont=0.550
NODE_644_length_31137_cov_72.486465:3913-4635|-    -            241 31271                -            196   2.6e-09   35.1   0.1   1   1   1.7e-11     4e-09   34.5   0.1    38   108    47   116    43   120 0.92 NODE_644_length_31137_cov_72.486465_3 # 3913 # 4635 # -1 # ID=277_3;partial=00;start_type=ATG;rbs_motif=AGGA/GGAG/GAGG;rbs_spacer=11-12bp;gc_cont=0.539
NODE_679_length_36641_cov_70.533279:14520-15452|+  -            311 31271                -            196   6.4e-08   30.6   0.0   1   1   4.3e-10     1e-07   29.9   0.0    49   120   134   212   119   220 0.76 NODE_679_length_36641_cov_70.533279_15 # 14520 # 15452 # 1 # ID=288_15;partial=00;start_type=GTG;rbs_motif=GGAGG;rbs_spacer=5-10bp;gc_cont=0.527
NODE_482_length_21709_cov_69.527618:11470-12303|-  -            278 31271                -            196   2.1e-07   28.8   0.0   1   1   1.4e-09   3.4e-07   28.2   0.0    50   118   112   186    98   191 0.84 NODE_482_length_21709_cov_69.527618_14 # 11470 # 12303 # -1 # ID=196_14;partial=00;start_type=ATG;rbs_motif=AGxAGG/AGGxGG;rbs_spacer=3-4bp;gc_cont=0.558
NODE_2129_length_51924_cov_72.758377:2969-4042|-   -            358 31271                -            196   7.7e-07   27.0   0.0   1   1   5.1e-09   1.2e-06   26.4   0.0    49   120   198   275   183   285 0.83 NODE_2129_length_51924_cov_72.758377_5 # 2969 # 4042 # -1 # ID=1066_5;partial=00;start_type=ATG;rbs_motif=AGGAG;rbs_spacer=5-10bp;gc_cont=0.558
NODE_299_length_31306_cov_74.835876:17472-18608|-  -            379 31271                -            196     1e-06   26.6   0.0   1   1   8.4e-09     2e-06   25.7   0.0    40   126   222   316   210   362 0.76 NODE_299_length_31306_cov_74.835876_15 # 17472 # 18608 # -1 # ID=91_15;partial=00;start_type=ATG;rbs_motif=AGGAGG;rbs_spacer=3-4bp;gc_cont=0.541
NODE_2111_length_12361_cov_66.461288:2966-4141|+   -            392 31271                -            196     1e-05   23.4   0.0   1   1   7.7e-08   1.9e-05   22.5   0.0    43   106   211   277   207   305 0.79 NODE_2111_length_12361_cov_66.461288_5 # 2966 # 4141 # 1 # ID=1057_5;partial=00;start_type=GTG;rbs_motif=GGA/GAG/AGG;rbs_spacer=5-10bp;gc_cont=0.521
NODE_1689_length_18974_cov_72.810692:7751-8878|-   -            376 31271                -            196   2.3e-05   22.2   0.0   1   1   1.6e-07   3.7e-05   21.5   0.0    26   117   211   309   191   320 0.84 NODE_1689_length_18974_cov_72.810692_11 # 7751 # 8878 # -1 # ID=775_11;partial=00;start_type=ATG;rbs_motif=GGA/GAG/AGG;rbs_spacer=5-10bp;gc_cont=0.544
NODE_926_length_95421_cov_71.123581:13149-13886|+  -            246 31271                -            196   2.7e-05   22.0   0.0   1   1     2e-07   4.8e-05   21.2   0.0    49   118    46   125    42   132 0.77 NODE_926_length_95421_cov_71.123581_13 # 13149 # 13886 # 1 # ID=386_13;partial=00;start_type=ATG;rbs_motif=GGA/GAG/AGG;rbs_spacer=5-10bp;gc_cont=0.535
NODE_877_length_31483_cov_78.652222:15382-16137|+  -            252 31271                -            196   0.00028   18.7   0.2   1   2       8.3     2e+03   -3.7   0.0    30    46    22    38    14    42 0.68 NODE_877_length_31483_cov_78.652222_15 # 15382 # 16137 # 1 # ID=369_15;partial=00;start_type=ATG;rbs_motif=AGxAGG/AGGxGG;rbs_spacer=5-10bp;gc_cont=0.521
NODE_877_length_31483_cov_78.652222:15382-16137|+  -            252 31271                -            196   0.00028   18.7   0.2   2   2   2.2e-06   0.00052   17.8   0.0    46   108    62   128    53   131 0.81 NODE_877_length_31483_cov_78.652222_15 # 15382 # 16137 # 1 # ID=369_15;partial=00;start_type=ATG;rbs_motif=AGxAGG/AGGxGG;rbs_spacer=5-10bp;gc_cont=0.521
NODE_2110_length_20950_cov_73.447586:10314-12422|- -            703 31271                -            196    0.0003   18.6   0.0   1   3      0.39        93    0.7   0.0    49    75   191   217   173   222 0.78 NODE_2110_length_20950_cov_73.447586_10 # 10314 # 12422 # -1 # ID=1056_10;partial=00;start_type=ATG;rbs_motif=3Base/5BMM;rbs_spacer=13-15bp;gc_cont=0.542
NODE_2110_length_20950_cov_73.447586:10314-12422|- -            703 31271                -            196    0.0003   18.6   0.0   2   3   0.00036     0.087   10.5   0.0    72   120   257   314   251   319 0.76 NODE_2110_length_20950_cov_73.447586_10 # 10314 # 12422 # -1 # ID=1056_10;partial=00;start_type=ATG;rbs_motif=3Base/5BMM;rbs_spacer=13-15bp;gc_cont=0.542
NODE_2110_length_20950_cov_73.447586:10314-12422|- -            703 31271                -            196    0.0003   18.6   0.0   3   3     0.087        21    2.8   0.0    50    94   541   585   527   600 0.83 NODE_2110_length_20950_cov_73.447586_10 # 10314 # 12422 # -1 # ID=1056_10;partial=00;start_type=ATG;rbs_motif=3Base/5BMM;rbs_spacer=13-15bp;gc_cont=0.542
NODE_1155_length_53173_cov_69.651268:4162-5202|+   -            347 31271                -            196   0.00036   18.3   0.1   1   1   2.2e-06   0.00054   17.8   0.1    38    89   151   204   146   224 0.83 NODE_1155_length_53173_cov_69.651268_6 # 4162 # 5202 # 1 # ID=488_6;partial=00;start_type=ATG;rbs_motif=AGGAG;rbs_spacer=5-10bp;gc_cont=0.483
NODE_1792_length_20317_cov_75.392525:14900-15931|- -            344 31271                -            196   0.00076   17.3   0.0   1   1     5e-06    0.0012   16.6   0.0    30    94   152   218   131   232 0.81 NODE_1792_length_20317_cov_75.392525_13 # 14900 # 15931 # -1 # ID=834_13;partial=00;start_type=ATG;rbs_motif=GGAG/GAGG;rbs_spacer=5-10bp;gc_cont=0.474
NODE_434_length_79075_cov_70.223480:29068-30216|-  -            383 31271                -            196   0.00099   16.9   0.0   1   1   7.1e-06    0.0017   16.1   0.0    48   106   168   224   154   232 0.84 NODE_434_length_79075_cov_70.223480_28 # 29068 # 30216 # -1 # ID=160_28;partial=00;start_type=ATG;rbs_motif=GGAG/GAGG;rbs_spacer=5-10bp;gc_cont=0.480
NODE_895_length_14892_cov_65.747314:3015-3785|+    -            257 31271                -            196    0.0017   16.1   0.1   1   1     1e-05    0.0025   15.6   0.1    40    95    37    91    13   116 0.78 NODE_895_length_14892_cov_65.747314_5 # 3015 # 3785 # 1 # ID=378_5;partial=00;start_type=ATG;rbs_motif=AGGA;rbs_spacer=5-10bp;gc_cont=0.490
NODE_1934_length_22848_cov_83.549324:19390-20136|- -            249 31271                -            196    0.0022   15.8   0.0   1   1   1.4e-05    0.0034   15.1   0.0    49   105    38    96    31   101 0.85 NODE_1934_length_22848_cov_83.549324_19 # 19390 # 20136 # -1 # ID=928_19;partial=00;start_type=ATG;rbs_motif=AGGA;rbs_spacer=5-10bp;gc_cont=0.590
NODE_142_length_13006_cov_73.540901:2901-4202|+    -            434 31271                -            196    0.0026   15.5   0.0   1   1     2e-05    0.0047   14.7   0.0    35   102   273   341   265   351 0.76 NODE_142_length_13006_cov_73.540901_2 # 2901 # 4202 # 1 # ID=32_2;partial=00;start_type=ATG;rbs_motif=GGA/GAG/AGG;rbs_spacer=11-12bp;gc_cont=0.514
NODE_718_length_90501_cov_69.003258:89058-89867|+  -            270 31271                -            196    0.0042   14.8   0.0   1   1   2.4e-05    0.0059   14.4   0.0    40    95    76   134    71   153 0.72 NODE_718_length_90501_cov_69.003258_90 # 89058 # 89867 # 1 # ID=299_90;partial=00;start_type=ATG;rbs_motif=GGAG/GAGG;rbs_spacer=5-10bp;gc_cont=0.514
NODE_1144_length_51838_cov_69.979935:33051-33809|- -            253 31271                -            196    0.0045   14.7   0.0   1   1   2.8e-05    0.0067   14.2   0.0    49   107    33    88    20   100 0.82 NODE_1144_length_51838_cov_69.979935_36 # 33051 # 33809 # -1 # ID=484_36;partial=00;start_type=ATG;rbs_motif=GGAG/GAGG;rbs_spacer=5-10bp;gc_cont=0.542
NODE_2159_length_50550_cov_71.258598:23982-24767|- -            262 31271                -            196    0.0056   14.4   0.1   1   1   3.3e-05    0.0079   13.9   0.1    48   108    45   106     3   111 0.85 NODE_2159_length_50550_cov_71.258598_18 # 23982 # 24767 # -1 # ID=1079_18;partial=00;start_type=ATG;rbs_motif=GGAG/GAGG;rbs_spacer=5-10bp;gc_cont=0.517
NODE_718_length_90501_cov_69.003258:41707-42678|-  -            324 31271                -            196    0.0082   13.9   0.0   1   1   7.1e-05     0.017   12.9   0.0    44    78   119   153   113   171 0.81 NODE_718_length_90501_cov_69.003258_40 # 41707 # 42678 # -1 # ID=299_40;partial=00;start_type=ATG;rbs_motif=GGAG/GAGG;rbs_spacer=5-10bp;gc_cont=0.522
NODE_1999_length_25587_cov_66.390984:15953-16708|+ -            252 31271                -            196     0.031   12.0   0.0   1   1   0.00018     0.044   11.5   0.0    17    91    14    85     8   103 0.74 NODE_1999_length_25587_cov_66.390984_16 # 15953 # 16708 # 1 # ID=982_16;partial=00;start_type=ATG;rbs_motif=GGAGG;rbs_spacer=5-10bp;gc_cont=0.561
#
# Program:         hmmsearch
# Version:         3.4 (Aug 2023)
# Pipeline mode:   SEARCH
# Query file:      /home/simonedassisi/velvet-1.2.10/busco_downloads/lineages/archaea_odb12/hmms/31271at2157.hmm
# Target file:     results/BUSCO_output_velveth21/prodigal_output/predicted_genes/predicted.faa
# Option settings: hmmsearch --domtblout results/BUSCO_output_velveth21/auto_lineage/run_archaea_odb12/hmmer_output/31271at2157.out --cpu 1 /home/simonedassisi/velvet-1.2.10/busco_downloads/lineages/archaea_odb12/hmms/31271at2157.hmm results/BUSCO_output_velveth21/prodigal_output/predicted_genes/predicted.faa 
# Current dir:     /home/simonedassisi/velvet-1.2.10
# Date:            Wed Apr  2 19:18:17 2025
# [ok]
