#                                                                                                          --- full sequence --- -------------- this domain -------------   hmm coord   ali coord   env coord
# target name                                      accession   tlen query name           accession   qlen   E-value  score  bias   #  of  c-Evalue  i-Evalue  score  bias  from    to  from    to  from    to  acc description of target
#                              ------------------- ---------- ----- -------------------- ---------- ----- --------- ------ ----- --- --- --------- --------- ------ ----- ----- ----- ----- ----- ----- ----- ---- ---------------------
NODE_2110_length_20950_cov_73.447586:14488-15498|- -            337 36608                -            304   4.8e-66  221.0   0.1   1   1   1.3e-68   6.4e-66  220.5   0.1     6   282    46   335    42   336 0.92 NODE_2110_length_20950_cov_73.447586_13 # 14488 # 15498 # -1 # ID=1056_13;partial=00;start_type=ATG;rbs_motif=AGGAG;rbs_spacer=5-10bp;gc_cont=0.470
NODE_1709_length_68036_cov_72.575531:50192-51427|+ -            412 36608                -            304   2.4e-65  218.7   0.0   1   1   6.5e-68   3.1e-65  218.3   0.0     3   302     4   319     3   321 0.89 NODE_1709_length_68036_cov_72.575531_46 # 50192 # 51427 # 1 # ID=785_46;partial=00;start_type=ATG;rbs_motif=GGAG/GAGG;rbs_spacer=5-10bp;gc_cont=0.511
NODE_2146_length_13525_cov_82.355492:12411-13376|- -            322 36608                -            304   1.2e-14   52.2   0.0   1   2   1.6e-14   7.6e-12   43.0   0.0    99   190    68   168     3   178 0.88 NODE_2146_length_13525_cov_82.355492_15 # 12411 # 13376 # -1 # ID=1073_15;partial=00;start_type=ATG;rbs_motif=None;rbs_spacer=None;gc_cont=0.521
NODE_2146_length_13525_cov_82.355492:12411-13376|- -            322 36608                -            304   1.2e-14   52.2   0.0   2   2    0.0012      0.57    7.3   0.0   226   283   184   241   179   245 0.87 NODE_2146_length_13525_cov_82.355492_15 # 12411 # 13376 # -1 # ID=1073_15;partial=00;start_type=ATG;rbs_motif=None;rbs_spacer=None;gc_cont=0.521
NODE_1709_length_68036_cov_72.575531:44240-45217|- -            326 36608                -            304   2.5e-08   31.4   0.0   1   2     2e-06   0.00098   16.3   0.0    97   190    74   177    49   181 0.75 NODE_1709_length_68036_cov_72.575531_39 # 44240 # 45217 # -1 # ID=785_39;partial=00;start_type=ATG;rbs_motif=GGA/GAG/AGG;rbs_spacer=5-10bp;gc_cont=0.536
NODE_1709_length_68036_cov_72.575531:44240-45217|- -            326 36608                -            304   2.5e-08   31.4   0.0   2   2     2e-05    0.0094   13.1   0.1   221   267   189   236   184   248 0.85 NODE_1709_length_68036_cov_72.575531_39 # 44240 # 45217 # -1 # ID=785_39;partial=00;start_type=ATG;rbs_motif=GGA/GAG/AGG;rbs_spacer=5-10bp;gc_cont=0.536
NODE_1024_length_7788_cov_69.617615:5502-6539|-    -            346 36608                -            304     8e-07   26.5   0.0   1   1   2.9e-09   1.4e-06   25.7   0.0    92   167    75   155    66   178 0.81 NODE_1024_length_7788_cov_69.617615_6 # 5502 # 6539 # -1 # ID=431_6;partial=00;start_type=ATG;rbs_motif=None;rbs_spacer=None;gc_cont=0.533
NODE_2006_length_20165_cov_69.217606:1412-2188|-   -            259 36608                -            304   1.6e-06   25.5   0.1   1   2   4.8e-07   0.00023   18.4   0.0   227   280    65   117    60   134 0.89 NODE_2006_length_20165_cov_69.217606_3 # 1412 # 2188 # -1 # ID=987_3;partial=00;start_type=ATG;rbs_motif=AGGAG;rbs_spacer=5-10bp;gc_cont=0.529
NODE_2006_length_20165_cov_69.217606:1412-2188|-   -            259 36608                -            304   1.6e-06   25.5   0.1   2   2    0.0063       3.1    4.9   0.0   226   256   191   221   186   248 0.87 NODE_2006_length_20165_cov_69.217606_3 # 1412 # 2188 # -1 # ID=987_3;partial=00;start_type=ATG;rbs_motif=AGGAG;rbs_spacer=5-10bp;gc_cont=0.529
NODE_1934_length_22848_cov_83.549324:11057-12016|- -            320 36608                -            304   0.00048   17.4   0.0   1   2   3.2e-06    0.0015   15.7   0.0   141   192    74   124    67   128 0.78 NODE_1934_length_22848_cov_83.549324_9 # 11057 # 12016 # -1 # ID=928_9;partial=00;start_type=ATG;rbs_motif=GGA/GAG/AGG;rbs_spacer=5-10bp;gc_cont=0.520
NODE_1934_length_22848_cov_83.549324:11057-12016|- -            320 36608                -            304   0.00048   17.4   0.0   2   2       0.9   4.3e+02   -2.2   0.0    64    85   211   231   193   238 0.73 NODE_1934_length_22848_cov_83.549324_9 # 11057 # 12016 # -1 # ID=928_9;partial=00;start_type=ATG;rbs_motif=GGA/GAG/AGG;rbs_spacer=5-10bp;gc_cont=0.520
NODE_926_length_95421_cov_71.123581:91229-92695|+  -            489 36608                -            304   0.00077   16.7   1.9   1   2     0.081        39    1.2   0.2   227   265   260   298   255   305 0.85 NODE_926_length_95421_cov_71.123581_80 # 91229 # 92695 # 1 # ID=386_80;partial=00;start_type=ATG;rbs_motif=GGA/GAG/AGG;rbs_spacer=5-10bp;gc_cont=0.544
NODE_926_length_95421_cov_71.123581:91229-92695|+  -            489 36608                -            304   0.00077   16.7   1.9   2   2   1.6e-06   0.00077   16.7   1.9   232   269   328   365   311   373 0.85 NODE_926_length_95421_cov_71.123581_80 # 91229 # 92695 # 1 # ID=386_80;partial=00;start_type=ATG;rbs_motif=GGA/GAG/AGG;rbs_spacer=5-10bp;gc_cont=0.544
NODE_1852_length_52597_cov_77.721466:18040-21138|+ -           1033 36608                -            304    0.0035   14.5   0.0   1   2     0.012       5.8    4.0   0.0     6    61    43    98    40   107 0.87 NODE_1852_length_52597_cov_77.721466_15 # 18040 # 21138 # 1 # ID=868_15;partial=00;start_type=ATG;rbs_motif=AGGAG;rbs_spacer=5-10bp;gc_cont=0.522
NODE_1852_length_52597_cov_77.721466:18040-21138|+ -           1033 36608                -            304    0.0035   14.5   0.0   2   2   0.00091      0.44    7.6   0.0   165   247   289   369   286   380 0.82 NODE_1852_length_52597_cov_77.721466_15 # 18040 # 21138 # 1 # ID=868_15;partial=00;start_type=ATG;rbs_motif=AGGAG;rbs_spacer=5-10bp;gc_cont=0.522
NODE_2031_length_15140_cov_83.574440:8466-9656|-   -            397 36608                -            304     0.007   13.5   0.1   1   3      0.62     3e+02   -1.7   0.0   152   218   114   175   111   183 0.67 NODE_2031_length_15140_cov_83.574440_11 # 8466 # 9656 # -1 # ID=1003_11;partial=00;start_type=ATG;rbs_motif=GGAG/GAGG;rbs_spacer=5-10bp;gc_cont=0.562
NODE_2031_length_15140_cov_83.574440:8466-9656|-   -            397 36608                -            304     0.007   13.5   0.1   2   3       1.1   5.3e+02   -2.5   0.0   177   192   259   274   252   275 0.73 NODE_2031_length_15140_cov_83.574440_11 # 8466 # 9656 # -1 # ID=1003_11;partial=00;start_type=ATG;rbs_motif=GGAG/GAGG;rbs_spacer=5-10bp;gc_cont=0.562
NODE_2031_length_15140_cov_83.574440:8466-9656|-   -            397 36608                -            304     0.007   13.5   0.1   3   3    0.0001     0.049   10.8   0.3   235   288   299   352   282   372 0.70 NODE_2031_length_15140_cov_83.574440_11 # 8466 # 9656 # -1 # ID=1003_11;partial=00;start_type=ATG;rbs_motif=GGAG/GAGG;rbs_spacer=5-10bp;gc_cont=0.562
NODE_2006_length_20165_cov_69.217606:2170-2907|-   -            246 36608                -            304     0.079   10.1   3.4   1   2   6.3e-05      0.03   11.4   0.3   225   279    62   115    58   121 0.86 NODE_2006_length_20165_cov_69.217606_4 # 2170 # 2907 # -1 # ID=987_4;partial=00;start_type=ATG;rbs_motif=GGAG/GAGG;rbs_spacer=5-10bp;gc_cont=0.558
NODE_2006_length_20165_cov_69.217606:2170-2907|-   -            246 36608                -            304     0.079   10.1   3.4   2   2      0.58   2.8e+02   -1.6   0.2   242   277   202   237   190   241 0.81 NODE_2006_length_20165_cov_69.217606_4 # 2170 # 2907 # -1 # ID=987_4;partial=00;start_type=ATG;rbs_motif=GGAG/GAGG;rbs_spacer=5-10bp;gc_cont=0.558
#
# Program:         hmmsearch
# Version:         3.4 (Aug 2023)
# Pipeline mode:   SEARCH
# Query file:      /home/simonedassisi/velvet-1.2.10/busco_downloads/lineages/archaea_odb12/hmms/36608at2157.hmm
# Target file:     results/BUSCO_output_velveth21/prodigal_output/predicted_genes/predicted.faa
# Option settings: hmmsearch --domtblout results/BUSCO_output_velveth21/auto_lineage/run_archaea_odb12/hmmer_output/36608at2157.out --cpu 1 /home/simonedassisi/velvet-1.2.10/busco_downloads/lineages/archaea_odb12/hmms/36608at2157.hmm results/BUSCO_output_velveth21/prodigal_output/predicted_genes/predicted.faa 
# Current dir:     /home/simonedassisi/velvet-1.2.10
# Date:            Wed Apr  2 19:18:17 2025
# [ok]
