#                                                                                                          --- full sequence --- -------------- this domain -------------   hmm coord   ali coord   env coord
# target name                                      accession   tlen query name           accession   qlen   E-value  score  bias   #  of  c-Evalue  i-Evalue  score  bias  from    to  from    to  from    to  acc description of target
#                              ------------------- ---------- ----- -------------------- ---------- ----- --------- ------ ----- --- --- --------- --------- ------ ----- ----- ----- ----- ----- ----- ----- ---- ---------------------
NODE_482_length_21709_cov_69.527618:16456-17469|+  -            338 371997               -            249   1.8e-48  163.2   0.5   1   1   3.8e-51   2.5e-48  162.7   0.5     6   240    36   304    32   311 0.82 NODE_482_length_21709_cov_69.527618_19 # 16456 # 17469 # 1 # ID=196_19;partial=00;start_type=ATG;rbs_motif=GGA/GAG/AGG;rbs_spacer=5-10bp;gc_cont=0.529
NODE_1434_length_95894_cov_75.275742:20952-21635|+ -            228 371997               -            249   2.6e-09   34.9   0.0   1   1   4.9e-12   3.2e-09   34.6   0.0   136   209   150   223   135   227 0.86 NODE_1434_length_95894_cov_75.275742_18 # 20952 # 21635 # 1 # ID=631_18;partial=00;start_type=ATG;rbs_motif=AGGA;rbs_spacer=5-10bp;gc_cont=0.553
NODE_22_length_21196_cov_74.466599:5976-6527|-     -            184 371997               -            249   1.8e-06   25.6   0.1   1   1   3.5e-09   2.3e-06   25.2   0.1   162   200   106   144    95   170 0.80 NODE_22_length_21196_cov_74.466599_6 # 5976 # 6527 # -1 # ID=6_6;partial=00;start_type=ATG;rbs_motif=AGxAGG/AGGxGG;rbs_spacer=5-10bp;gc_cont=0.542
NODE_567_length_10831_cov_86.072937:123-659|+      -            179 371997               -            249     6e-06   23.9   0.2   1   1   1.2e-08   8.2e-06   23.4   0.2   158   199    73   116    55   130 0.80 NODE_567_length_10831_cov_86.072937_1 # 123 # 659 # 1 # ID=248_1;partial=00;start_type=ATG;rbs_motif=None;rbs_spacer=None;gc_cont=0.505
NODE_906_length_18920_cov_69.049629:44-670|+       -            209 371997               -            249   0.00031   18.2   0.0   1   1   7.5e-07   0.00049   17.6   0.0   172   212   120   160   105   175 0.80 NODE_906_length_18920_cov_69.049629_1 # 44 # 670 # 1 # ID=381_1;partial=00;start_type=ATG;rbs_motif=AGGAG;rbs_spacer=5-10bp;gc_cont=0.531
NODE_1229_length_78306_cov_70.440285:6791-7249|+   -            153 371997               -            249   0.00032   18.2   0.0   1   1   5.9e-07   0.00039   17.9   0.0   158   206    64   112    43   116 0.85 NODE_1229_length_78306_cov_70.440285_9 # 6791 # 7249 # 1 # ID=529_9;partial=00;start_type=ATG;rbs_motif=GGA/GAG/AGG;rbs_spacer=5-10bp;gc_cont=0.514
NODE_679_length_36641_cov_70.533279:32741-34258|+  -            506 371997               -            249    0.0042   14.6   0.0   1   1     1e-05    0.0067   13.9   0.0   170   207   355   394   341   401 0.83 NODE_679_length_36641_cov_70.533279_33 # 32741 # 34258 # 1 # ID=288_33;partial=00;start_type=ATG;rbs_motif=GGAG/GAGG;rbs_spacer=5-10bp;gc_cont=0.528
NODE_1539_length_37792_cov_75.811783:14559-15200|- -            214 371997               -            249     0.029   11.8   0.2   1   1     6e-05      0.04   11.3   0.2   177   201   119   143   110   185 0.85 NODE_1539_length_37792_cov_75.811783_18 # 14559 # 15200 # -1 # ID=694_18;partial=00;start_type=ATG;rbs_motif=AGGAG;rbs_spacer=5-10bp;gc_cont=0.533
#
# Program:         hmmsearch
# Version:         3.4 (Aug 2023)
# Pipeline mode:   SEARCH
# Query file:      /home/simonedassisi/velvet-1.2.10/busco_downloads/lineages/archaea_odb12/hmms/371997at2157.hmm
# Target file:     results/BUSCO_output_velveth21/prodigal_output/predicted_genes/predicted.faa
# Option settings: hmmsearch --domtblout results/BUSCO_output_velveth21/auto_lineage/run_archaea_odb12/hmmer_output/371997at2157.out --cpu 1 /home/simonedassisi/velvet-1.2.10/busco_downloads/lineages/archaea_odb12/hmms/371997at2157.hmm results/BUSCO_output_velveth21/prodigal_output/predicted_genes/predicted.faa 
# Current dir:     /home/simonedassisi/velvet-1.2.10
# Date:            Wed Apr  2 19:18:17 2025
# [ok]
