#                                                                                                          --- full sequence --- -------------- this domain -------------   hmm coord   ali coord   env coord
# target name                                      accession   tlen query name           accession   qlen   E-value  score  bias   #  of  c-Evalue  i-Evalue  score  bias  from    to  from    to  from    to  acc description of target
#                              ------------------- ---------- ----- -------------------- ---------- ----- --------- ------ ----- --- --- --------- --------- ------ ----- ----- ----- ----- ----- ----- ----- ---- ---------------------
NODE_181_length_15413_cov_63.977356:955-1938|+     -            328 372178               -            493   1.1e-67  227.3   0.1   1   2   5.1e-20   2.7e-17   61.1   0.0   144   289    15   163     5   165 0.81 NODE_181_length_15413_cov_63.977356_3 # 955 # 1938 # 1 # ID=41_3;partial=00;start_type=ATG;rbs_motif=GGAG/GAGG;rbs_spacer=5-10bp;gc_cont=0.541
NODE_181_length_15413_cov_63.977356:955-1938|+     -            328 372178               -            493   1.1e-67  227.3   0.1   2   2   1.8e-51   9.5e-49  164.8   0.3   330   489   165   326   161   327 0.93 NODE_181_length_15413_cov_63.977356_3 # 955 # 1938 # 1 # ID=41_3;partial=00;start_type=ATG;rbs_motif=GGAG/GAGG;rbs_spacer=5-10bp;gc_cont=0.541
NODE_1852_length_52597_cov_77.721466:35625-37142|- -            506 372178               -            493   2.2e-07   28.4   1.5   1   3    0.0076         4    4.4   0.1   234   260   186   212   163   214 0.86 NODE_1852_length_52597_cov_77.721466_27 # 35625 # 37142 # -1 # ID=868_27;partial=00;start_type=ATG;rbs_motif=GGAG/GAGG;rbs_spacer=5-10bp;gc_cont=0.531
NODE_1852_length_52597_cov_77.721466:35625-37142|- -            506 372178               -            493   2.2e-07   28.4   1.5   2   3   4.8e-06    0.0025   15.0   0.1   351   399   253   299   247   306 0.81 NODE_1852_length_52597_cov_77.721466_27 # 35625 # 37142 # -1 # ID=868_27;partial=00;start_type=ATG;rbs_motif=GGAG/GAGG;rbs_spacer=5-10bp;gc_cont=0.531
NODE_1852_length_52597_cov_77.721466:35625-37142|- -            506 372178               -            493   2.2e-07   28.4   1.5   3   3     0.002         1    6.4   0.0   456   478   473   495   463   498 0.89 NODE_1852_length_52597_cov_77.721466_27 # 35625 # 37142 # -1 # ID=868_27;partial=00;start_type=ATG;rbs_motif=GGAG/GAGG;rbs_spacer=5-10bp;gc_cont=0.531
NODE_1044_length_78232_cov_76.088036:7741-9258|+   -            506 372178               -            493   8.9e-07   26.4   3.2   1   3     0.015       7.9    3.5   0.1   236   260   188   212   161   214 0.85 NODE_1044_length_78232_cov_76.088036_5 # 7741 # 9258 # 1 # ID=438_5;partial=00;start_type=ATG;rbs_motif=GGAG/GAGG;rbs_spacer=5-10bp;gc_cont=0.478
NODE_1044_length_78232_cov_76.088036:7741-9258|+   -            506 372178               -            493   8.9e-07   26.4   3.2   2   3     4e-06    0.0021   15.3   0.2   351   399   253   299   247   330 0.76 NODE_1044_length_78232_cov_76.088036_5 # 7741 # 9258 # 1 # ID=438_5;partial=00;start_type=ATG;rbs_motif=GGAG/GAGG;rbs_spacer=5-10bp;gc_cont=0.478
NODE_1044_length_78232_cov_76.088036:7741-9258|+   -            506 372178               -            493   8.9e-07   26.4   3.2   3   3    0.0017      0.88    6.6   0.0   456   478   473   495   462   498 0.88 NODE_1044_length_78232_cov_76.088036_5 # 7741 # 9258 # 1 # ID=438_5;partial=00;start_type=ATG;rbs_motif=GGAG/GAGG;rbs_spacer=5-10bp;gc_cont=0.478
NODE_2154_length_30944_cov_68.453339:24067-24597|+ -            177 372178               -            493     0.001   16.3   0.1   1   1   2.4e-06    0.0013   16.0   0.1    15    95    67   156    55   170 0.75 NODE_2154_length_30944_cov_68.453339_27 # 24067 # 24597 # 1 # ID=1078_27;partial=00;start_type=ATG;rbs_motif=GGAG/GAGG;rbs_spacer=5-10bp;gc_cont=0.492
NODE_895_length_14892_cov_65.747314:982-1896|-     -            305 372178               -            493    0.0017   15.6   0.4   1   1   4.3e-06    0.0023   15.2   0.4     6    70     6    68     1    91 0.85 NODE_895_length_14892_cov_65.747314_3 # 982 # 1896 # -1 # ID=378_3;partial=00;start_type=ATG;rbs_motif=AGGAG;rbs_spacer=5-10bp;gc_cont=0.494
NODE_718_length_90501_cov_69.003258:45598-47370|+  -            591 372178               -            493    0.0024   15.1   0.1   1   2    0.0021       1.1    6.3   0.1   352   377   208   233   198   251 0.92 NODE_718_length_90501_cov_69.003258_45 # 45598 # 47370 # 1 # ID=299_45;partial=00;start_type=ATG;rbs_motif=GGA/GAG/AGG;rbs_spacer=5-10bp;gc_cont=0.539
NODE_718_length_90501_cov_69.003258:45598-47370|+  -            591 372178               -            493    0.0024   15.1   0.1   2   2    0.0021       1.1    6.3   0.0   460   478   533   551   521   557 0.88 NODE_718_length_90501_cov_69.003258_45 # 45598 # 47370 # 1 # ID=299_45;partial=00;start_type=ATG;rbs_motif=GGA/GAG/AGG;rbs_spacer=5-10bp;gc_cont=0.539
NODE_926_length_95421_cov_71.123581:84725-85999|+  -            425 372178               -            493     0.011   12.9   0.0   1   3     0.029        16    2.5   0.0   226   261    13    48     4    52 0.90 NODE_926_length_95421_cov_71.123581_74 # 84725 # 85999 # 1 # ID=386_74;partial=00;start_type=GTG;rbs_motif=GGA/GAG/AGG;rbs_spacer=5-10bp;gc_cont=0.545
NODE_926_length_95421_cov_71.123581:84725-85999|+  -            425 372178               -            493     0.011   12.9   0.0   2   3   0.00091      0.48    7.5   0.0   319   380    68   132    59   161 0.83 NODE_926_length_95421_cov_71.123581_74 # 84725 # 85999 # 1 # ID=386_74;partial=00;start_type=GTG;rbs_motif=GGA/GAG/AGG;rbs_spacer=5-10bp;gc_cont=0.545
NODE_926_length_95421_cov_71.123581:84725-85999|+  -            425 372178               -            493     0.011   12.9   0.0   3   3      0.89   4.7e+02   -2.4   0.1   453   470   300   317   292   320 0.80 NODE_926_length_95421_cov_71.123581_74 # 84725 # 85999 # 1 # ID=386_74;partial=00;start_type=GTG;rbs_motif=GGA/GAG/AGG;rbs_spacer=5-10bp;gc_cont=0.545
NODE_718_length_90501_cov_69.003258:86021-86812|+  -            264 372178               -            493     0.014   12.6   0.1   1   1   3.1e-05     0.016   12.3   0.1    10   119    22   122    17   197 0.75 NODE_718_length_90501_cov_69.003258_86 # 86021 # 86812 # 1 # ID=299_86;partial=00;start_type=ATG;rbs_motif=GGAG/GAGG;rbs_spacer=5-10bp;gc_cont=0.497
NODE_2622_length_8929_cov_71.417625:8513-8947|+    -            145 372178               -            493     0.034   11.3   0.1   1   1   7.6e-05      0.04   11.0   0.1    18    82    16    77     3    99 0.79 NODE_2622_length_8929_cov_71.417625_6 # 8513 # 8947 # 1 # ID=1404_6;partial=01;start_type=ATG;rbs_motif=GGAG/GAGG;rbs_spacer=5-10bp;gc_cont=0.389
NODE_215_length_65836_cov_69.504402:35423-36349|+  -            309 372178               -            493     0.044   10.9   0.2   1   1   9.9e-05     0.052   10.7   0.2     5    69     5    67     1   105 0.85 NODE_215_length_65836_cov_69.504402_38 # 35423 # 36349 # 1 # ID=52_38;partial=00;start_type=ATG;rbs_motif=None;rbs_spacer=None;gc_cont=0.542
#
# Program:         hmmsearch
# Version:         3.4 (Aug 2023)
# Pipeline mode:   SEARCH
# Query file:      /home/simonedassisi/velvet-1.2.10/busco_downloads/lineages/archaea_odb12/hmms/372178at2157.hmm
# Target file:     results/BUSCO_output_velveth21/prodigal_output/predicted_genes/predicted.faa
# Option settings: hmmsearch --domtblout results/BUSCO_output_velveth21/auto_lineage/run_archaea_odb12/hmmer_output/372178at2157.out --cpu 1 /home/simonedassisi/velvet-1.2.10/busco_downloads/lineages/archaea_odb12/hmms/372178at2157.hmm results/BUSCO_output_velveth21/prodigal_output/predicted_genes/predicted.faa 
# Current dir:     /home/simonedassisi/velvet-1.2.10
# Date:            Wed Apr  2 19:18:17 2025
# [ok]
