#                                                                                                          --- full sequence --- -------------- this domain -------------   hmm coord   ali coord   env coord
# target name                                      accession   tlen query name           accession   qlen   E-value  score  bias   #  of  c-Evalue  i-Evalue  score  bias  from    to  from    to  from    to  acc description of target
#                              ------------------- ---------- ----- -------------------- ---------- ----- --------- ------ ----- --- --- --------- --------- ------ ----- ----- ----- ----- ----- ----- ----- ---- ---------------------
NODE_720_length_11917_cov_65.241417:7045-7764|+    -            240 5935                 -            172    0.0011   16.3   0.8   1   2   5.2e-06    0.0034   14.7   0.7    26    75   107   156    91   195 0.84 NODE_720_length_11917_cov_65.241417_7 # 7045 # 7764 # 1 # ID=301_7;partial=00;start_type=GTG;rbs_motif=GGA/GAG/AGG;rbs_spacer=5-10bp;gc_cont=0.540
NODE_720_length_11917_cov_65.241417:7045-7764|+    -            240 5935                 -            172    0.0011   16.3   0.8   2   2      0.26   1.7e+02   -0.6   0.0     6    33   166   193   161   214 0.73 NODE_720_length_11917_cov_65.241417_7 # 7045 # 7764 # 1 # ID=301_7;partial=00;start_type=GTG;rbs_motif=GGA/GAG/AGG;rbs_spacer=5-10bp;gc_cont=0.540
NODE_846_length_63393_cov_76.936378:11093-11878|+  -            262 5935                 -            172    0.0042   14.4   0.0   1   1   1.1e-05    0.0074   13.6   0.0    32    65    23    56     4    61 0.87 NODE_846_length_63393_cov_76.936378_10 # 11093 # 11878 # 1 # ID=361_10;partial=00;start_type=ATG;rbs_motif=GGAG/GAGG;rbs_spacer=5-10bp;gc_cont=0.524
NODE_2119_length_27075_cov_79.517784:11684-12457|+ -            258 5935                 -            172    0.0061   13.9   0.0   1   1   2.2e-05     0.014   12.7   0.0    36    67    36    67    13    70 0.91 NODE_2119_length_27075_cov_79.517784_11 # 11684 # 12457 # 1 # ID=1063_11;partial=00;start_type=ATG;rbs_motif=GGA/GAG/AGG;rbs_spacer=5-10bp;gc_cont=0.536
NODE_333_length_6447_cov_70.679848:3942-4856|-     -            305 5935                 -            172    0.0064   13.8   0.0   1   2    0.0013      0.84    6.9   0.0    37    64    32    59     6    63 0.88 NODE_333_length_6447_cov_70.679848_4 # 3942 # 4856 # -1 # ID=102_4;partial=00;start_type=ATG;rbs_motif=AGGAG;rbs_spacer=5-10bp;gc_cont=0.468
NODE_333_length_6447_cov_70.679848:3942-4856|-     -            305 5935                 -            172    0.0064   13.8   0.0   2   2    0.0063       4.2    4.7   0.0    30    68   106   144    84   178 0.83 NODE_333_length_6447_cov_70.679848_4 # 3942 # 4856 # -1 # ID=102_4;partial=00;start_type=ATG;rbs_motif=AGGAG;rbs_spacer=5-10bp;gc_cont=0.468
NODE_1434_length_95894_cov_75.275742:35842-36600|- -            253 5935                 -            172    0.0083   13.5   0.0   1   1   2.1e-05     0.014   12.7   0.0    31    63    17    49     7    54 0.91 NODE_1434_length_95894_cov_75.275742_28 # 35842 # 36600 # -1 # ID=631_28;partial=00;start_type=ATG;rbs_motif=GGA/GAG/AGG;rbs_spacer=5-10bp;gc_cont=0.536
NODE_1170_length_26855_cov_70.355133:21500-22246|+ -            249 5935                 -            172     0.014   12.8   0.1   1   2   5.3e-05     0.035   11.4   0.0    38    68    52    82    42   100 0.89 NODE_1170_length_26855_cov_70.355133_19 # 21500 # 22246 # 1 # ID=497_19;partial=00;start_type=ATG;rbs_motif=AGGA;rbs_spacer=5-10bp;gc_cont=0.514
NODE_1170_length_26855_cov_70.355133:21500-22246|+ -            249 5935                 -            172     0.014   12.8   0.1   2   2       1.5     1e+03   -3.1   0.0    97   129   123   153   117   157 0.56 NODE_1170_length_26855_cov_70.355133_19 # 21500 # 22246 # 1 # ID=497_19;partial=00;start_type=ATG;rbs_motif=AGGA;rbs_spacer=5-10bp;gc_cont=0.514
NODE_1550_length_27465_cov_72.496376:26495-26938|+ -            148 5935                 -            172     0.016   12.5   0.0   1   1   3.3e-05     0.022   12.1   0.0    62   104     2    44     1    50 0.93 NODE_1550_length_27465_cov_72.496376_22 # 26495 # 26938 # 1 # ID=699_22;partial=00;start_type=ATG;rbs_motif=AGGAG;rbs_spacer=5-10bp;gc_cont=0.538
NODE_926_length_95421_cov_71.123581:89485-89700|+  -             72 5935                 -            172      0.83    7.0   6.6   1   2      0.01       6.9    4.0   0.2   133   147     2    16     1    20 0.82 NODE_926_length_95421_cov_71.123581_78 # 89485 # 89700 # 1 # ID=386_78;partial=00;start_type=ATG;rbs_motif=GGAGG;rbs_spacer=5-10bp;gc_cont=0.481
NODE_926_length_95421_cov_71.123581:89485-89700|+  -             72 5935                 -            172      0.83    7.0   6.6   2   2    0.0041       2.7    5.3   1.8   126   145    24    43    18    56 0.81 NODE_926_length_95421_cov_71.123581_78 # 89485 # 89700 # 1 # ID=386_78;partial=00;start_type=ATG;rbs_motif=GGAGG;rbs_spacer=5-10bp;gc_cont=0.481
#
# Program:         hmmsearch
# Version:         3.4 (Aug 2023)
# Pipeline mode:   SEARCH
# Query file:      /home/simonedassisi/velvet-1.2.10/busco_downloads/lineages/archaea_odb12/hmms/5935at2157.hmm
# Target file:     results/BUSCO_output_velveth21/prodigal_output/predicted_genes/predicted.faa
# Option settings: hmmsearch --domtblout results/BUSCO_output_velveth21/auto_lineage/run_archaea_odb12/hmmer_output/5935at2157.out --cpu 1 /home/simonedassisi/velvet-1.2.10/busco_downloads/lineages/archaea_odb12/hmms/5935at2157.hmm results/BUSCO_output_velveth21/prodigal_output/predicted_genes/predicted.faa 
# Current dir:     /home/simonedassisi/velvet-1.2.10
# Date:            Wed Apr  2 19:18:18 2025
# [ok]
