#                                                                                                           --- full sequence --- -------------- this domain -------------   hmm coord   ali coord   env coord
# target name                                       accession   tlen query name           accession   qlen   E-value  score  bias   #  of  c-Evalue  i-Evalue  score  bias  from    to  from    to  from    to  acc description of target
#                               ------------------- ---------- ----- -------------------- ---------- ----- --------- ------ ----- --- --- --------- --------- ------ ----- ----- ----- ----- ----- ----- ----- ---- ---------------------
NODE_1441_length_52686_cov_76.197510:190-2304|-     -            705 6290                 -            701  2.7e-113  377.4   0.5   1   3   3.8e-46   1.8e-43  146.6   0.1    18   166     9   162     3   165 0.88 NODE_1441_length_52686_cov_76.197510_2 # 190 # 2304 # -1 # ID=633_2;partial=00;start_type=ATG;rbs_motif=GGAG/GAGG;rbs_spacer=5-10bp;gc_cont=0.509
NODE_1441_length_52686_cov_76.197510:190-2304|-     -            705 6290                 -            701  2.7e-113  377.4   0.5   2   3   2.8e-42   1.3e-39  133.8   0.1   238   463   276   504   264   510 0.88 NODE_1441_length_52686_cov_76.197510_2 # 190 # 2304 # -1 # ID=633_2;partial=00;start_type=ATG;rbs_motif=GGAG/GAGG;rbs_spacer=5-10bp;gc_cont=0.509
NODE_1441_length_52686_cov_76.197510:190-2304|-     -            705 6290                 -            701  2.7e-113  377.4   0.5   3   3   4.5e-30   2.2e-27   93.5   0.0   524   690   536   700   532   703 0.93 NODE_1441_length_52686_cov_76.197510_2 # 190 # 2304 # -1 # ID=633_2;partial=00;start_type=ATG;rbs_motif=GGAG/GAGG;rbs_spacer=5-10bp;gc_cont=0.509
NODE_851_length_22678_cov_82.051857:17530-19353|+   -            608 6290                 -            701   1.1e-68  229.9   1.4   1   3   2.4e-47   1.1e-44  150.6   0.4    17   150     3   132     1   133 0.98 NODE_851_length_22678_cov_82.051857_18 # 17530 # 19353 # 1 # ID=363_18;partial=00;start_type=GTG;rbs_motif=GGAG/GAGG;rbs_spacer=5-10bp;gc_cont=0.533
NODE_851_length_22678_cov_82.051857:17530-19353|+   -            608 6290                 -            701   1.1e-68  229.9   1.4   2   3     6e-19   2.9e-16   56.7   0.1   278   453   199   392   195   397 0.78 NODE_851_length_22678_cov_82.051857_18 # 17530 # 19353 # 1 # ID=363_18;partial=00;start_type=GTG;rbs_motif=GGAG/GAGG;rbs_spacer=5-10bp;gc_cont=0.533
NODE_851_length_22678_cov_82.051857:17530-19353|+   -            608 6290                 -            701   1.1e-68  229.9   1.4   3   3   7.3e-08   3.5e-05   20.1   0.0   604   681   398   476   393   485 0.92 NODE_851_length_22678_cov_82.051857_18 # 17530 # 19353 # 1 # ID=363_18;partial=00;start_type=GTG;rbs_motif=GGAG/GAGG;rbs_spacer=5-10bp;gc_cont=0.533
NODE_926_length_95421_cov_71.123581:18789-20588|+   -            600 6290                 -            701   1.5e-57  193.1   0.0   1   3   2.6e-40   1.2e-37  127.3   0.2    17   149     2   134     1   151 0.91 NODE_926_length_95421_cov_71.123581_19 # 18789 # 20588 # 1 # ID=386_19;partial=00;start_type=ATG;rbs_motif=None;rbs_spacer=None;gc_cont=0.537
NODE_926_length_95421_cov_71.123581:18789-20588|+   -            600 6290                 -            701   1.5e-57  193.1   0.0   2   3   2.2e-12   1.1e-09   35.0   0.0   278   468   185   390   182   398 0.82 NODE_926_length_95421_cov_71.123581_19 # 18789 # 20588 # 1 # ID=386_19;partial=00;start_type=ATG;rbs_motif=None;rbs_spacer=None;gc_cont=0.537
NODE_926_length_95421_cov_71.123581:18789-20588|+   -            600 6290                 -            701   1.5e-57  193.1   0.0   3   3   4.8e-10   2.3e-07   27.3   0.0   601   679   398   477   392   488 0.93 NODE_926_length_95421_cov_71.123581_19 # 18789 # 20588 # 1 # ID=386_19;partial=00;start_type=ATG;rbs_motif=None;rbs_spacer=None;gc_cont=0.537
NODE_2129_length_51924_cov_72.758377:5729-7345|+    -            539 6290                 -            701   3.7e-28   96.0   1.5   1   2   4.3e-25   2.1e-22   77.0   0.2     8   157    11   162     4   173 0.82 NODE_2129_length_51924_cov_72.758377_9 # 5729 # 7345 # 1 # ID=1066_9;partial=00;start_type=ATG;rbs_motif=None;rbs_spacer=None;gc_cont=0.533
NODE_2129_length_51924_cov_72.758377:5729-7345|+    -            539 6290                 -            701   3.7e-28   96.0   1.5   2   2   2.6e-07   0.00013   18.2   0.1   289   440   314   465   293   479 0.79 NODE_2129_length_51924_cov_72.758377_9 # 5729 # 7345 # 1 # ID=1066_9;partial=00;start_type=ATG;rbs_motif=None;rbs_spacer=None;gc_cont=0.533
NODE_1443_length_1047_cov_173.915955:3-1067|-       -            355 6290                 -            701   1.2e-14   51.4   0.7   1   2   1.8e-14   8.7e-12   41.9   0.1    56   163    16   120     2   127 0.78 NODE_1443_length_1047_cov_173.915955_1 # 3 # 1067 # -1 # ID=635_1;partial=11;start_type=Edge;rbs_motif=None;rbs_spacer=None;gc_cont=0.540
NODE_1443_length_1047_cov_173.915955:3-1067|-       -            355 6290                 -            701   1.2e-14   51.4   0.7   2   2    0.0003      0.14    8.1   0.1   292   325   187   220   172   276 0.75 NODE_1443_length_1047_cov_173.915955_1 # 3 # 1067 # -1 # ID=635_1;partial=11;start_type=Edge;rbs_motif=None;rbs_spacer=None;gc_cont=0.540
NODE_2145_length_112275_cov_77.552353:86456-89128|+ -            891 6290                 -            701   8.5e-10   35.3   4.2   1   3       1.4   6.8e+02   -4.0   0.2   154   188   182   217   181   221 0.78 NODE_2145_length_112275_cov_77.552353_83 # 86456 # 89128 # 1 # ID=1072_83;partial=00;start_type=ATG;rbs_motif=AGGA;rbs_spacer=5-10bp;gc_cont=0.535
NODE_2145_length_112275_cov_77.552353:86456-89128|+ -            891 6290                 -            701   8.5e-10   35.3   4.2   2   3   1.8e-12   8.5e-10   35.3   4.2    79   150   431   502   386   516 0.91 NODE_2145_length_112275_cov_77.552353_83 # 86456 # 89128 # 1 # ID=1072_83;partial=00;start_type=ATG;rbs_motif=AGGA;rbs_spacer=5-10bp;gc_cont=0.535
NODE_2145_length_112275_cov_77.552353:86456-89128|+ -            891 6290                 -            701   8.5e-10   35.3   4.2   3   3      0.33   1.6e+02   -1.9   0.1   296   363   578   644   558   658 0.74 NODE_2145_length_112275_cov_77.552353_83 # 86456 # 89128 # 1 # ID=1072_83;partial=00;start_type=ATG;rbs_motif=AGGA;rbs_spacer=5-10bp;gc_cont=0.535
NODE_230_length_8375_cov_67.677017:4327-6171|-      -            615 6290                 -            701   1.9e-09   34.2   0.6   1   2   1.2e-09   5.7e-07   26.0   0.2    22   159     3   124     2   136 0.78 NODE_230_length_8375_cov_67.677017_5 # 4327 # 6171 # -1 # ID=59_5;partial=00;start_type=ATG;rbs_motif=AGGA/GGAG/GAGG;rbs_spacer=11-12bp;gc_cont=0.567
NODE_230_length_8375_cov_67.677017:4327-6171|-      -            615 6290                 -            701   1.9e-09   34.2   0.6   2   2    0.0016      0.78    5.7   0.0   292   326   184   219   172   245 0.83 NODE_230_length_8375_cov_67.677017_5 # 4327 # 6171 # -1 # ID=59_5;partial=00;start_type=ATG;rbs_motif=AGGA/GGAG/GAGG;rbs_spacer=11-12bp;gc_cont=0.567
NODE_2185_length_35330_cov_74.210983:31625-33052|-  -            476 6290                 -            701   1.5e-05   21.2   0.0   1   1   5.7e-08   2.7e-05   20.4   0.0    54   149    79   171    17   182 0.82 NODE_2185_length_35330_cov_74.210983_37 # 31625 # 33052 # -1 # ID=1088_37;partial=00;start_type=ATG;rbs_motif=GGA/GAG/AGG;rbs_spacer=11-12bp;gc_cont=0.543
NODE_1441_length_52686_cov_76.197510:3-119|-        -             39 6290                 -            701   0.00034   16.8   0.2   1   1     7e-07   0.00034   16.8   0.2    19    38    12    31     2    38 0.80 NODE_1441_length_52686_cov_76.197510_1 # 3 # 119 # -1 # ID=633_1;partial=10;start_type=GTG;rbs_motif=AGGA;rbs_spacer=5-10bp;gc_cont=0.487
NODE_1442_length_506_cov_72.915016:3-119|-          -             39 6290                 -            701   0.00034   16.8   0.2   1   1     7e-07   0.00034   16.8   0.2    19    38    12    31     2    38 0.80 NODE_1442_length_506_cov_72.915016_1 # 3 # 119 # -1 # ID=634_1;partial=10;start_type=ATG;rbs_motif=GGAG/GAGG;rbs_spacer=5-10bp;gc_cont=0.479
NODE_926_length_95421_cov_71.123581:87944-89416|+   -            491 6290                 -            701     0.021   10.9   0.6   1   2     0.038        18    1.2   0.0   108   151    80   123    54   126 0.83 NODE_926_length_95421_cov_71.123581_77 # 87944 # 89416 # 1 # ID=386_77;partial=00;start_type=ATG;rbs_motif=GGAG/GAGG;rbs_spacer=5-10bp;gc_cont=0.520
NODE_926_length_95421_cov_71.123581:87944-89416|+   -            491 6290                 -            701     0.021   10.9   0.6   2   2    0.0004      0.19    7.7   0.2   102   161   274   336   238   346 0.76 NODE_926_length_95421_cov_71.123581_77 # 87944 # 89416 # 1 # ID=386_77;partial=00;start_type=ATG;rbs_motif=GGAG/GAGG;rbs_spacer=5-10bp;gc_cont=0.520
#
# Program:         hmmsearch
# Version:         3.4 (Aug 2023)
# Pipeline mode:   SEARCH
# Query file:      /home/simonedassisi/velvet-1.2.10/busco_downloads/lineages/archaea_odb12/hmms/6290at2157.hmm
# Target file:     results/BUSCO_output_velveth21/prodigal_output/predicted_genes/predicted.faa
# Option settings: hmmsearch --domtblout results/BUSCO_output_velveth21/auto_lineage/run_archaea_odb12/hmmer_output/6290at2157.out --cpu 1 /home/simonedassisi/velvet-1.2.10/busco_downloads/lineages/archaea_odb12/hmms/6290at2157.hmm results/BUSCO_output_velveth21/prodigal_output/predicted_genes/predicted.faa 
# Current dir:     /home/simonedassisi/velvet-1.2.10
# Date:            Wed Apr  2 19:18:18 2025
# [ok]
