#                                                                                                           --- full sequence --- -------------- this domain -------------   hmm coord   ali coord   env coord
# target name                                       accession   tlen query name           accession   qlen   E-value  score  bias   #  of  c-Evalue  i-Evalue  score  bias  from    to  from    to  from    to  acc description of target
#                               ------------------- ---------- ----- -------------------- ---------- ----- --------- ------ ----- --- --- --------- --------- ------ ----- ----- ----- ----- ----- ----- ----- ---- ---------------------
NODE_1570_length_36954_cov_78.025352:22366-24213|+  -            616 65493                -            558   7.7e-06   22.8   0.0   1   1   2.5e-08   1.2e-05   22.1   0.0    39   116    26    96    21   124 0.72 NODE_1570_length_36954_cov_78.025352_22 # 22366 # 24213 # 1 # ID=708_22;partial=00;start_type=ATG;rbs_motif=AGGA;rbs_spacer=5-10bp;gc_cont=0.565
NODE_269_length_60008_cov_74.420364:32679-33974|-   -            432 65493                -            558   1.9e-05   21.4   0.0   1   1   5.6e-08   2.7e-05   21.0   0.0    59   134   338   410   282   421 0.78 NODE_269_length_60008_cov_74.420364_33 # 32679 # 33974 # -1 # ID=74_33;partial=00;start_type=GTG;rbs_motif=GGAG/GAGG;rbs_spacer=5-10bp;gc_cont=0.532
NODE_22_length_21196_cov_74.466599:945-2819|-       -            625 65493                -            558   0.00024   17.8   0.2   1   2   2.3e-06    0.0011   15.6   0.0    40   123    32   136    17   152 0.76 NODE_22_length_21196_cov_74.466599_2 # 945 # 2819 # -1 # ID=6_2;partial=00;start_type=ATG;rbs_motif=GGAG/GAGG;rbs_spacer=5-10bp;gc_cont=0.530
NODE_22_length_21196_cov_74.466599:945-2819|-       -            625 65493                -            558   0.00024   17.8   0.2   2   2      0.24   1.2e+02   -1.0   0.1   426   480   479   532   478   587 0.76 NODE_22_length_21196_cov_74.466599_2 # 945 # 2819 # -1 # ID=6_2;partial=00;start_type=ATG;rbs_motif=GGAG/GAGG;rbs_spacer=5-10bp;gc_cont=0.530
NODE_482_length_21709_cov_69.527618:1705-3501|+     -            599 65493                -            558    0.0006   16.5   0.1   1   2      0.63     3e+02   -2.3   0.0   263   322   214   274   183   291 0.68 NODE_482_length_21709_cov_69.527618_3 # 1705 # 3501 # 1 # ID=196_3;partial=00;start_type=ATG;rbs_motif=GGAG/GAGG;rbs_spacer=5-10bp;gc_cont=0.534
NODE_482_length_21709_cov_69.527618:1705-3501|+     -            599 65493                -            558    0.0006   16.5   0.1   2   2   3.7e-06    0.0018   14.9   0.0    35   100   498   559   493   565 0.81 NODE_482_length_21709_cov_69.527618_3 # 1705 # 3501 # 1 # ID=196_3;partial=00;start_type=ATG;rbs_motif=GGAG/GAGG;rbs_spacer=5-10bp;gc_cont=0.534
NODE_1044_length_78232_cov_76.088036:10796-12427|+  -            544 65493                -            558    0.0041   13.8   0.0   1   1   1.4e-05    0.0067   13.1   0.0    33    94   432   491   426   500 0.82 NODE_1044_length_78232_cov_76.088036_10 # 10796 # 12427 # 1 # ID=438_10;partial=00;start_type=ATG;rbs_motif=AGGA;rbs_spacer=5-10bp;gc_cont=0.502
NODE_1155_length_53173_cov_69.651268:11625-13028|-  -            468 65493                -            558    0.0045   13.6   0.0   1   1   1.3e-05    0.0064   13.1   0.0    35   119   353   432   344   464 0.81 NODE_1155_length_53173_cov_69.651268_15 # 11625 # 13028 # -1 # ID=488_15;partial=00;start_type=ATG;rbs_motif=AGGAG;rbs_spacer=5-10bp;gc_cont=0.538
NODE_2145_length_112275_cov_77.552353:49447-51783|+ -            779 65493                -            558    0.0061   13.2   2.6   1   2      0.14        65   -0.1   0.7   472   537    86   147    76   189 0.57 NODE_2145_length_112275_cov_77.552353_43 # 49447 # 51783 # 1 # ID=1072_43;partial=00;start_type=ATG;rbs_motif=AGGA;rbs_spacer=5-10bp;gc_cont=0.507
NODE_2145_length_112275_cov_77.552353:49447-51783|+ -            779 65493                -            558    0.0061   13.2   2.6   2   2   1.9e-05    0.0091   12.6   0.0    59   106   418   460   400   513 0.72 NODE_2145_length_112275_cov_77.552353_43 # 49447 # 51783 # 1 # ID=1072_43;partial=00;start_type=ATG;rbs_motif=AGGA;rbs_spacer=5-10bp;gc_cont=0.507
NODE_2112_length_39655_cov_70.664001:17246-19945|+  -            900 65493                -            558     0.025   11.2   1.5   1   2      0.88   4.2e+02   -2.8   1.3   445   501    94   150    91   203 0.66 NODE_2112_length_39655_cov_70.664001_20 # 17246 # 19945 # 1 # ID=1058_20;partial=00;start_type=ATG;rbs_motif=3Base/5BMM;rbs_spacer=13-15bp;gc_cont=0.541
NODE_2112_length_39655_cov_70.664001:17246-19945|+  -            900 65493                -            558     0.025   11.2   1.5   2   2   8.2e-05      0.04   10.5   0.0    33   126   544   627   540   641 0.81 NODE_2112_length_39655_cov_70.664001_20 # 17246 # 19945 # 1 # ID=1058_20;partial=00;start_type=ATG;rbs_motif=3Base/5BMM;rbs_spacer=13-15bp;gc_cont=0.541
NODE_1893_length_14543_cov_71.521904:2577-4277|-    -            567 65493                -            558     0.026   11.1   0.2   1   2      0.14        69   -0.2   0.0   436   486   396   446   393   454 0.79 NODE_1893_length_14543_cov_71.521904_2 # 2577 # 4277 # -1 # ID=898_2;partial=00;start_type=GTG;rbs_motif=GGAG/GAGG;rbs_spacer=5-10bp;gc_cont=0.517
NODE_1893_length_14543_cov_71.521904:2577-4277|-    -            567 65493                -            558     0.026   11.1   0.2   2   2   0.00031      0.15    8.6   0.0    35    87   469   517   463   528 0.83 NODE_1893_length_14543_cov_71.521904_2 # 2577 # 4277 # -1 # ID=898_2;partial=00;start_type=GTG;rbs_motif=GGAG/GAGG;rbs_spacer=5-10bp;gc_cont=0.517
NODE_846_length_63393_cov_76.936378:39613-40986|-   -            458 65493                -            558     0.033   10.8   0.2   1   2      0.19        93   -0.6   0.2   459   512   263   315   242   336 0.67 NODE_846_length_63393_cov_76.936378_40 # 39613 # 40986 # -1 # ID=361_40;partial=00;start_type=ATG;rbs_motif=None;rbs_spacer=None;gc_cont=0.544
NODE_846_length_63393_cov_76.936378:39613-40986|-   -            458 65493                -            558     0.033   10.8   0.2   2   2   0.00033      0.16    8.5   0.0    66   115   374   422   346   427 0.77 NODE_846_length_63393_cov_76.936378_40 # 39613 # 40986 # -1 # ID=361_40;partial=00;start_type=ATG;rbs_motif=None;rbs_spacer=None;gc_cont=0.544
NODE_142_length_13006_cov_73.540901:88-2844|-       -            919 65493                -            558     0.064    9.8   0.9   1   2      0.43   2.1e+02   -1.8   0.2   436   487   249   300   235   313 0.67 NODE_142_length_13006_cov_73.540901_1 # 88 # 2844 # -1 # ID=32_1;partial=00;start_type=ATG;rbs_motif=GGA/GAG/AGG;rbs_spacer=5-10bp;gc_cont=0.498
NODE_142_length_13006_cov_73.540901:88-2844|-       -            919 65493                -            558     0.064    9.8   0.9   2   2   0.00026      0.13    8.8   0.0    36   115   409   487   405   546 0.69 NODE_142_length_13006_cov_73.540901_1 # 88 # 2844 # -1 # ID=32_1;partial=00;start_type=ATG;rbs_motif=GGA/GAG/AGG;rbs_spacer=5-10bp;gc_cont=0.498
#
# Program:         hmmsearch
# Version:         3.4 (Aug 2023)
# Pipeline mode:   SEARCH
# Query file:      /home/simonedassisi/velvet-1.2.10/busco_downloads/lineages/archaea_odb12/hmms/65493at2157.hmm
# Target file:     results/BUSCO_output_velveth21/prodigal_output/predicted_genes/predicted.faa
# Option settings: hmmsearch --domtblout results/BUSCO_output_velveth21/auto_lineage/run_archaea_odb12/hmmer_output/65493at2157.out --cpu 1 /home/simonedassisi/velvet-1.2.10/busco_downloads/lineages/archaea_odb12/hmms/65493at2157.hmm results/BUSCO_output_velveth21/prodigal_output/predicted_genes/predicted.faa 
# Current dir:     /home/simonedassisi/velvet-1.2.10
# Date:            Wed Apr  2 19:18:18 2025
# [ok]
