#                                                                                                           --- full sequence --- -------------- this domain -------------   hmm coord   ali coord   env coord
# target name                                       accession   tlen query name           accession   qlen   E-value  score  bias   #  of  c-Evalue  i-Evalue  score  bias  from    to  from    to  from    to  acc description of target
#                               ------------------- ---------- ----- -------------------- ---------- ----- --------- ------ ----- --- --- --------- --------- ------ ----- ----- ----- ----- ----- ----- ----- ---- ---------------------
NODE_286_length_41180_cov_81.233269:10364-11845|-   -            494 7146                 -            593   3.4e-07   27.3   0.6   1   2      0.36   2.1e+02   -1.8   0.1   107   147   100   137    48   196 0.61 NODE_286_length_41180_cov_81.233269_13 # 10364 # 11845 # -1 # ID=82_13;partial=00;start_type=ATG;rbs_motif=GGAG/GAGG;rbs_spacer=5-10bp;gc_cont=0.524
NODE_286_length_41180_cov_81.233269:10364-11845|-   -            494 7146                 -            593   3.4e-07   27.3   0.6   2   2   1.3e-09   7.7e-07   26.1   0.0   259   369   242   355   222   370 0.88 NODE_286_length_41180_cov_81.233269_13 # 10364 # 11845 # -1 # ID=82_13;partial=00;start_type=ATG;rbs_motif=GGAG/GAGG;rbs_spacer=5-10bp;gc_cont=0.524
NODE_254_length_18152_cov_73.084511:10638-12131|+   -            498 7146                 -            593   4.3e-07   26.9   0.1   1   1   1.3e-09   7.5e-07   26.1   0.1   238   370   227   365   223   375 0.83 NODE_254_length_18152_cov_73.084511_10 # 10638 # 12131 # 1 # ID=69_10;partial=00;start_type=ATG;rbs_motif=GGAG/GAGG;rbs_spacer=5-10bp;gc_cont=0.588
NODE_1573_length_22126_cov_70.879776:15338-16318|+  -            327 7146                 -            593   5.7e-05   19.9   0.0   1   1   1.2e-07   7.2e-05   19.6   0.0   240   296   102   159    91   240 0.81 NODE_1573_length_22126_cov_70.879776_19 # 15338 # 16318 # 1 # ID=711_19;partial=00;start_type=ATG;rbs_motif=GGAG/GAGG;rbs_spacer=5-10bp;gc_cont=0.545
NODE_1493_length_33821_cov_82.067535:20575-22095|+  -            507 7146                 -            593   0.00066   16.4   0.0   1   1   1.9e-06    0.0011   15.6   0.0   247   369   221   357   211   369 0.74 NODE_1493_length_33821_cov_82.067535_20 # 20575 # 22095 # 1 # ID=662_20;partial=00;start_type=ATG;rbs_motif=GGAG/GAGG;rbs_spacer=5-10bp;gc_cont=0.552
NODE_2145_length_112275_cov_77.552353:75526-77469|+ -            648 7146                 -            593    0.0036   14.0   0.1   1   1   1.3e-05    0.0078   12.9   0.1   258   279   188   209   167   212 0.84 NODE_2145_length_112275_cov_77.552353_75 # 75526 # 77469 # 1 # ID=1072_75;partial=00;start_type=TTG;rbs_motif=GGAG/GAGG;rbs_spacer=5-10bp;gc_cont=0.535
NODE_1709_length_68036_cov_72.575531:8442-9785|-    -            448 7146                 -            593    0.0071   13.0   0.0   1   1   2.2e-05     0.013   12.1   0.0   261   284    53    76    47    85 0.86 NODE_1709_length_68036_cov_72.575531_8 # 8442 # 9785 # -1 # ID=785_8;partial=00;start_type=GTG;rbs_motif=GGAG/GAGG;rbs_spacer=5-10bp;gc_cont=0.531
NODE_718_length_90501_cov_69.003258:50764-51774|+   -            337 7146                 -            593     0.018   11.7   0.0   1   1   4.7e-05     0.027   11.1   0.0   260   280    57    77    26    88 0.81 NODE_718_length_90501_cov_69.003258_51 # 50764 # 51774 # 1 # ID=299_51;partial=00;start_type=ATG;rbs_motif=GGAG/GAGG;rbs_spacer=5-10bp;gc_cont=0.530
NODE_2129_length_51924_cov_72.758377:20932-22314|+  -            461 7146                 -            593     0.026   11.1   0.1   1   1   7.3e-05     0.043   10.4   0.1   260   285    97   123    94   135 0.75 NODE_2129_length_51924_cov_72.758377_24 # 20932 # 22314 # 1 # ID=1066_24;partial=00;start_type=GTG;rbs_motif=GGAG/GAGG;rbs_spacer=5-10bp;gc_cont=0.573
NODE_592_length_39318_cov_75.666641:14323-15708|-   -            462 7146                 -            593     0.035   10.7   0.1   1   2      0.65   3.8e+02   -2.6   0.0   442   481    69   107    62   116 0.77 NODE_592_length_39318_cov_75.666641_15 # 14323 # 15708 # -1 # ID=257_15;partial=00;start_type=ATG;rbs_motif=AGGAG;rbs_spacer=5-10bp;gc_cont=0.538
NODE_592_length_39318_cov_75.666641:14323-15708|-   -            462 7146                 -            593     0.035   10.7   0.1   2   2   0.00014      0.08    9.5   0.0   254   369   211   328   203   339 0.84 NODE_592_length_39318_cov_75.666641_15 # 14323 # 15708 # -1 # ID=257_15;partial=00;start_type=ATG;rbs_motif=AGGAG;rbs_spacer=5-10bp;gc_cont=0.538
#
# Program:         hmmsearch
# Version:         3.4 (Aug 2023)
# Pipeline mode:   SEARCH
# Query file:      /home/simonedassisi/velvet-1.2.10/busco_downloads/lineages/archaea_odb12/hmms/7146at2157.hmm
# Target file:     results/BUSCO_output_velveth21/prodigal_output/predicted_genes/predicted.faa
# Option settings: hmmsearch --domtblout results/BUSCO_output_velveth21/auto_lineage/run_archaea_odb12/hmmer_output/7146at2157.out --cpu 1 /home/simonedassisi/velvet-1.2.10/busco_downloads/lineages/archaea_odb12/hmms/7146at2157.hmm results/BUSCO_output_velveth21/prodigal_output/predicted_genes/predicted.faa 
# Current dir:     /home/simonedassisi/velvet-1.2.10
# Date:            Wed Apr  2 19:18:19 2025
# [ok]
