#                                                                                                          --- full sequence --- -------------- this domain -------------   hmm coord   ali coord   env coord
# target name                                      accession   tlen query name           accession   qlen   E-value  score  bias   #  of  c-Evalue  i-Evalue  score  bias  from    to  from    to  from    to  acc description of target
#                              ------------------- ---------- ----- -------------------- ---------- ----- --------- ------ ----- --- --- --------- --------- ------ ----- ----- ----- ----- ----- ----- ----- ---- ---------------------
NODE_1204_length_64359_cov_77.399834:62095-63813|- -            573 7375                 -            480   3.3e-53  179.1   0.1   1   2   4.1e-23   4.3e-20   69.9   0.0    31   197    33   193    18   206 0.91 NODE_1204_length_64359_cov_77.399834_56 # 62095 # 63813 # -1 # ID=516_56;partial=00;start_type=ATG;rbs_motif=GGA/GAG/AGG;rbs_spacer=11-12bp;gc_cont=0.546
NODE_1204_length_64359_cov_77.399834:62095-63813|- -            573 7375                 -            480   3.3e-53  179.1   0.1   2   2     2e-34   2.1e-31  107.2   0.1   224   386   407   568   400   572 0.95 NODE_1204_length_64359_cov_77.399834_56 # 62095 # 63813 # -1 # ID=516_56;partial=00;start_type=ATG;rbs_motif=GGA/GAG/AGG;rbs_spacer=11-12bp;gc_cont=0.546
NODE_183_length_5920_cov_73.228882:3263-5191|+     -            643 7375                 -            480   7.2e-27   92.2   0.1   1   2   6.3e-13   6.6e-10   36.3   0.0    20   199   246   418   232   435 0.83 NODE_183_length_5920_cov_73.228882_4 # 3263 # 5191 # 1 # ID=43_4;partial=00;start_type=ATG;rbs_motif=AGGA;rbs_spacer=5-10bp;gc_cont=0.494
NODE_183_length_5920_cov_73.228882:3263-5191|+     -            643 7375                 -            480   7.2e-27   92.2   0.1   2   2   2.8e-18     3e-15   53.9   0.0   223   389   475   633   430   642 0.81 NODE_183_length_5920_cov_73.228882_4 # 3263 # 5191 # 1 # ID=43_4;partial=00;start_type=ATG;rbs_motif=AGGA;rbs_spacer=5-10bp;gc_cont=0.494
NODE_1709_length_68036_cov_72.575531:7061-8353|-   -            431 7375                 -            480   6.9e-09   32.9   0.0   1   1   9.1e-12   9.6e-09   32.4   0.0    45   249   170   377   154   416 0.80 NODE_1709_length_68036_cov_72.575531_7 # 7061 # 8353 # -1 # ID=785_7;partial=00;start_type=ATG;rbs_motif=AGGA;rbs_spacer=5-10bp;gc_cont=0.531
NODE_926_length_95421_cov_71.123581:84725-85999|+  -            425 7375                 -            480    0.0097   12.7   0.0   1   2   0.00026      0.28    7.8   0.0    32    82     6    56     1    84 0.80 NODE_926_length_95421_cov_71.123581_74 # 84725 # 85999 # 1 # ID=386_74;partial=00;start_type=GTG;rbs_motif=GGA/GAG/AGG;rbs_spacer=5-10bp;gc_cont=0.545
NODE_926_length_95421_cov_71.123581:84725-85999|+  -            425 7375                 -            480    0.0097   12.7   0.0   2   2    0.0087       9.2    2.8   0.0   309   387   343   422   321   424 0.71 NODE_926_length_95421_cov_71.123581_74 # 84725 # 85999 # 1 # ID=386_74;partial=00;start_type=GTG;rbs_motif=GGA/GAG/AGG;rbs_spacer=5-10bp;gc_cont=0.545
NODE_510_length_7040_cov_65.426277:3963-6869|-     -            969 7375                 -            480     0.065    9.9   0.0   1   1    0.0001      0.11    9.2   0.0   151   189   112   150   100   179 0.92 NODE_510_length_7040_cov_65.426277_5 # 3963 # 6869 # -1 # ID=208_5;partial=00;start_type=ATG;rbs_motif=AGGAG;rbs_spacer=5-10bp;gc_cont=0.553
#
# Program:         hmmsearch
# Version:         3.4 (Aug 2023)
# Pipeline mode:   SEARCH
# Query file:      /home/simonedassisi/velvet-1.2.10/busco_downloads/lineages/archaea_odb12/hmms/7375at2157.hmm
# Target file:     results/BUSCO_output_velveth21/prodigal_output/predicted_genes/predicted.faa
# Option settings: hmmsearch --domtblout results/BUSCO_output_velveth21/auto_lineage/run_archaea_odb12/hmmer_output/7375at2157.out --cpu 1 /home/simonedassisi/velvet-1.2.10/busco_downloads/lineages/archaea_odb12/hmms/7375at2157.hmm results/BUSCO_output_velveth21/prodigal_output/predicted_genes/predicted.faa 
# Current dir:     /home/simonedassisi/velvet-1.2.10
# Date:            Wed Apr  2 19:18:19 2025
# [ok]
