#                                                                                                           --- full sequence --- -------------- this domain -------------   hmm coord   ali coord   env coord
# target name                                       accession   tlen query name           accession   qlen   E-value  score  bias   #  of  c-Evalue  i-Evalue  score  bias  from    to  from    to  from    to  acc description of target
#                               ------------------- ---------- ----- -------------------- ---------- ----- --------- ------ ----- --- --- --------- --------- ------ ----- ----- ----- ----- ----- ----- ----- ---- ---------------------
NODE_2159_length_50550_cov_71.258598:34823-36307|-  -            495 7927                 -            189   6.1e-17   60.0  18.0   1   5      0.18   2.4e+02   -0.7   0.1    37   108    59   131    39   137 0.67 NODE_2159_length_50550_cov_71.258598_28 # 34823 # 36307 # -1 # ID=1079_28;partial=00;start_type=ATG;rbs_motif=None;rbs_spacer=None;gc_cont=0.516
NODE_2159_length_50550_cov_71.258598:34823-36307|-  -            495 7927                 -            189   6.1e-17   60.0  18.0   2   5   1.8e-09   2.4e-06   25.4   0.3    85   120   195   230   179   278 0.81 NODE_2159_length_50550_cov_71.258598_28 # 34823 # 36307 # -1 # ID=1079_28;partial=00;start_type=ATG;rbs_motif=None;rbs_spacer=None;gc_cont=0.516
NODE_2159_length_50550_cov_71.258598:34823-36307|-  -            495 7927                 -            189   6.1e-17   60.0  18.0   3   5   1.7e-05     0.022   12.5   0.4    86   167   281   348   279   365 0.71 NODE_2159_length_50550_cov_71.258598_28 # 34823 # 36307 # -1 # ID=1079_28;partial=00;start_type=ATG;rbs_motif=None;rbs_spacer=None;gc_cont=0.516
NODE_2159_length_50550_cov_71.258598:34823-36307|-  -            495 7927                 -            189   6.1e-17   60.0  18.0   4   5     1e-08   1.4e-05   23.0   0.7    85   167   367   435   354   437 0.79 NODE_2159_length_50550_cov_71.258598_28 # 34823 # 36307 # -1 # ID=1079_28;partial=00;start_type=ATG;rbs_motif=None;rbs_spacer=None;gc_cont=0.516
NODE_2159_length_50550_cov_71.258598:34823-36307|-  -            495 7927                 -            189   6.1e-17   60.0  18.0   5   5    0.0018       2.3    5.9   0.0    83   118   452   488   440   491 0.85 NODE_2159_length_50550_cov_71.258598_28 # 34823 # 36307 # -1 # ID=1079_28;partial=00;start_type=ATG;rbs_motif=None;rbs_spacer=None;gc_cont=0.516
NODE_1570_length_36954_cov_78.025352:31609-34050|+  -            814 7927                 -            189   2.1e-14   51.7   0.1   1   1   3.2e-17   4.3e-14   50.7   0.1    81   162   643   726   636   751 0.85 NODE_1570_length_36954_cov_78.025352_31 # 31609 # 34050 # 1 # ID=708_31;partial=00;start_type=ATG;rbs_motif=GGAGG;rbs_spacer=5-10bp;gc_cont=0.552
NODE_2145_length_112275_cov_77.552353:91302-93437|+ -            712 7927                 -            189   1.1e-09   36.4   2.1   1   1   1.9e-12   2.6e-09   35.1   2.1    49   154   587   695   557   700 0.82 NODE_2145_length_112275_cov_77.552353_87 # 91302 # 93437 # 1 # ID=1072_87;partial=00;start_type=TTG;rbs_motif=AGGA;rbs_spacer=5-10bp;gc_cont=0.539
NODE_1434_length_95894_cov_75.275742:13474-15795|+  -            774 7927                 -            189   6.8e-09   33.7   2.8   1   1   2.9e-11   3.8e-08   31.3   2.8    84   166   653   720   645   727 0.89 NODE_1434_length_95894_cov_75.275742_12 # 13474 # 15795 # 1 # ID=631_12;partial=00;start_type=ATG;rbs_motif=None;rbs_spacer=None;gc_cont=0.570
#
# Program:         hmmsearch
# Version:         3.4 (Aug 2023)
# Pipeline mode:   SEARCH
# Query file:      /home/simonedassisi/velvet-1.2.10/busco_downloads/lineages/archaea_odb12/hmms/7927at2157.hmm
# Target file:     results/BUSCO_output_velveth21/prodigal_output/predicted_genes/predicted.faa
# Option settings: hmmsearch --domtblout results/BUSCO_output_velveth21/auto_lineage/run_archaea_odb12/hmmer_output/7927at2157.out --cpu 1 /home/simonedassisi/velvet-1.2.10/busco_downloads/lineages/archaea_odb12/hmms/7927at2157.hmm results/BUSCO_output_velveth21/prodigal_output/predicted_genes/predicted.faa 
# Current dir:     /home/simonedassisi/velvet-1.2.10
# Date:            Wed Apr  2 19:18:19 2025
# [ok]
