#                                                                                                          --- full sequence --- -------------- this domain -------------   hmm coord   ali coord   env coord
# target name                                      accession   tlen query name           accession   qlen   E-value  score  bias   #  of  c-Evalue  i-Evalue  score  bias  from    to  from    to  from    to  acc description of target
#                              ------------------- ---------- ----- -------------------- ---------- ----- --------- ------ ----- --- --- --------- --------- ------ ----- ----- ----- ----- ----- ----- ----- ---- ---------------------
NODE_662_length_38641_cov_68.282883:3291-4226|-    -            312 85118                -            218   6.7e-48  160.8   0.0   1   2   3.1e-28   2.7e-25   86.9   0.0     1   109     7   125     7   160 0.86 NODE_662_length_38641_cov_68.282883_4 # 3291 # 4226 # -1 # ID=281_4;partial=00;start_type=TTG;rbs_motif=GGA/GAG/AGG;rbs_spacer=5-10bp;gc_cont=0.504
NODE_662_length_38641_cov_68.282883:3291-4226|-    -            312 85118                -            218   6.7e-48  160.8   0.0   2   2   1.1e-23   9.7e-21   72.0   0.0   125   203   210   290   203   311 0.83 NODE_662_length_38641_cov_68.282883_4 # 3291 # 4226 # -1 # ID=281_4;partial=00;start_type=TTG;rbs_motif=GGA/GAG/AGG;rbs_spacer=5-10bp;gc_cont=0.504
NODE_1044_length_78232_cov_76.088036:46867-47625|+ -            253 85118                -            218   4.3e-13   47.1   0.0   1   1   6.8e-15     6e-12   43.3   0.0    12   216    32   249    23   251 0.77 NODE_1044_length_78232_cov_76.088036_43 # 46867 # 47625 # 1 # ID=438_43;partial=00;start_type=ATG;rbs_motif=GGA/GAG/AGG;rbs_spacer=5-10bp;gc_cont=0.589
NODE_895_length_14892_cov_65.747314:5262-6017|-    -            252 85118                -            218   8.3e-07   26.5   0.0   1   1   1.4e-09   1.3e-06   25.9   0.0    26    89    21    81    12    95 0.87 NODE_895_length_14892_cov_65.747314_7 # 5262 # 6017 # -1 # ID=378_7;partial=00;start_type=ATG;rbs_motif=GGAG/GAGG;rbs_spacer=5-10bp;gc_cont=0.401
NODE_1044_length_78232_cov_76.088036:55373-57358|+ -            662 85118                -            218   0.00015   19.1   0.0   1   1   3.3e-07   0.00029   18.2   0.0    51    88   173   211   164   228 0.85 NODE_1044_length_78232_cov_76.088036_52 # 55373 # 57358 # 1 # ID=438_52;partial=00;start_type=ATG;rbs_motif=GGAG/GAGG;rbs_spacer=5-10bp;gc_cont=0.521
NODE_2159_length_50550_cov_71.258598:14007-14654|- -            216 85118                -            218    0.0072   13.6   0.0   1   1   1.1e-05    0.0097   13.2   0.0    17    72    14    70     8    83 0.74 NODE_2159_length_50550_cov_71.258598_12 # 14007 # 14654 # -1 # ID=1079_12;partial=00;start_type=ATG;rbs_motif=GGA/GAG/AGG;rbs_spacer=5-10bp;gc_cont=0.514
NODE_2159_length_50550_cov_71.258598:31720-33984|- -            755 85118                -            218     0.021   12.1   0.0   1   1   4.2e-05     0.037   11.3   0.0    20    76   511   575   506   637 0.78 NODE_2159_length_50550_cov_71.258598_26 # 31720 # 33984 # -1 # ID=1079_26;partial=00;start_type=ATG;rbs_motif=GGAGG;rbs_spacer=5-10bp;gc_cont=0.497
#
# Program:         hmmsearch
# Version:         3.4 (Aug 2023)
# Pipeline mode:   SEARCH
# Query file:      /home/simonedassisi/velvet-1.2.10/busco_downloads/lineages/archaea_odb12/hmms/85118at2157.hmm
# Target file:     results/BUSCO_output_velveth21/prodigal_output/predicted_genes/predicted.faa
# Option settings: hmmsearch --domtblout results/BUSCO_output_velveth21/auto_lineage/run_archaea_odb12/hmmer_output/85118at2157.out --cpu 1 /home/simonedassisi/velvet-1.2.10/busco_downloads/lineages/archaea_odb12/hmms/85118at2157.hmm results/BUSCO_output_velveth21/prodigal_output/predicted_genes/predicted.faa 
# Current dir:     /home/simonedassisi/velvet-1.2.10
# Date:            Wed Apr  2 19:18:19 2025
# [ok]
