#                                                                                                          --- full sequence --- -------------- this domain -------------   hmm coord   ali coord   env coord
# target name                                      accession   tlen query name           accession   qlen   E-value  score  bias   #  of  c-Evalue  i-Evalue  score  bias  from    to  from    to  from    to  acc description of target
#                              ------------------- ---------- ----- -------------------- ---------- ----- --------- ------ ----- --- --- --------- --------- ------ ----- ----- ----- ----- ----- ----- ----- ---- ---------------------
NODE_2487_length_42213_cov_77.013382:11113-12216|- -            368 8656                 -            348   3.4e-32  110.1   0.0   1   1   7.4e-35   4.9e-32  109.6   0.0     6   311     3   318     1   328 0.86 NODE_2487_length_42213_cov_77.013382_10 # 11113 # 12216 # -1 # ID=1291_10;partial=00;start_type=ATG;rbs_motif=AGGAG;rbs_spacer=5-10bp;gc_cont=0.550
NODE_1082_length_35501_cov_69.030113:23044-24132|- -            363 8656                 -            348   3.8e-21   73.8   0.0   1   1   2.1e-23   1.4e-20   71.9   0.0    13   311    14   320     4   334 0.78 NODE_1082_length_35501_cov_69.030113_21 # 23044 # 24132 # -1 # ID=452_21;partial=00;start_type=ATG;rbs_motif=AGGA;rbs_spacer=5-10bp;gc_cont=0.551
NODE_1441_length_52686_cov_76.197510:46168-47256|- -            363 8656                 -            348   1.2e-13   49.1   0.0   1   2   3.8e-12   2.5e-09   34.9   0.0    31   173    31   186    13   202 0.74 NODE_1441_length_52686_cov_76.197510_51 # 46168 # 47256 # -1 # ID=633_51;partial=00;start_type=ATG;rbs_motif=AGxAGG/AGGxGG;rbs_spacer=5-10bp;gc_cont=0.539
NODE_1441_length_52686_cov_76.197510:46168-47256|- -            363 8656                 -            348   1.2e-13   49.1   0.0   2   2   3.1e-05     0.021   12.1   0.0   251   301   247   305   245   313 0.76 NODE_1441_length_52686_cov_76.197510_51 # 46168 # 47256 # -1 # ID=633_51;partial=00;start_type=ATG;rbs_motif=AGxAGG/AGGxGG;rbs_spacer=5-10bp;gc_cont=0.539
NODE_230_length_8375_cov_67.677017:2986-4137|-     -            384 8656                 -            348   2.7e-07   28.2   1.4   1   3   5.6e-09   3.7e-06   24.5   0.0     7   107     5   108     1   117 0.82 NODE_230_length_8375_cov_67.677017_4 # 2986 # 4137 # -1 # ID=59_4;partial=00;start_type=ATG;rbs_motif=AGGAG;rbs_spacer=5-10bp;gc_cont=0.499
NODE_230_length_8375_cov_67.677017:2986-4137|-     -            384 8656                 -            348   2.7e-07   28.2   1.4   2   3      0.24   1.6e+02   -0.6   0.2   111   171   130   194   122   203 0.70 NODE_230_length_8375_cov_67.677017_4 # 2986 # 4137 # -1 # ID=59_4;partial=00;start_type=ATG;rbs_motif=AGGAG;rbs_spacer=5-10bp;gc_cont=0.499
NODE_230_length_8375_cov_67.677017:2986-4137|-     -            384 8656                 -            348   2.7e-07   28.2   1.4   3   3     0.068        45    1.2   0.0   287   312   325   350   320   361 0.85 NODE_230_length_8375_cov_67.677017_4 # 2986 # 4137 # -1 # ID=59_4;partial=00;start_type=ATG;rbs_motif=AGGAG;rbs_spacer=5-10bp;gc_cont=0.499
NODE_517_length_26358_cov_74.693604:16861-19536|+  -            892 8656                 -            348   6.5e-07   27.0   0.0   1   2   1.9e-08   1.2e-05   22.8   0.0     4   106   450   555   447   562 0.79 NODE_517_length_26358_cov_74.693604_21 # 16861 # 19536 # 1 # ID=211_21;partial=00;start_type=ATG;rbs_motif=AGGAG;rbs_spacer=5-10bp;gc_cont=0.506
NODE_517_length_26358_cov_74.693604:16861-19536|+  -            892 8656                 -            348   6.5e-07   27.0   0.0   2   2     0.064        42    1.3   0.1   110   174   588   656   574   672 0.80 NODE_517_length_26358_cov_74.693604_21 # 16861 # 19536 # 1 # ID=211_21;partial=00;start_type=ATG;rbs_motif=AGGAG;rbs_spacer=5-10bp;gc_cont=0.506
NODE_1467_length_19113_cov_76.692146:17839-19002|- -            388 8656                 -            348   1.8e-05   22.3   0.0   1   2   1.1e-07   7.1e-05   20.2   0.0     8   111     6   109     1   112 0.77 NODE_1467_length_19113_cov_76.692146_20 # 17839 # 19002 # -1 # ID=643_20;partial=00;start_type=ATG;rbs_motif=GGAG/GAGG;rbs_spacer=5-10bp;gc_cont=0.546
NODE_1467_length_19113_cov_76.692146:17839-19002|- -            388 8656                 -            348   1.8e-05   22.3   0.0   2   2      0.36   2.4e+02   -1.2   0.0   289   311   330   352   323   359 0.77 NODE_1467_length_19113_cov_76.692146_20 # 17839 # 19002 # -1 # ID=643_20;partial=00;start_type=ATG;rbs_motif=GGAG/GAGG;rbs_spacer=5-10bp;gc_cont=0.546
NODE_170_length_74698_cov_75.748665:59694-60842|+  -            383 8656                 -            348     5e-05   20.8   0.5   1   2   2.5e-07   0.00017   19.0   0.0     8   107     5   107     1   116 0.81 NODE_170_length_74698_cov_75.748665_53 # 59694 # 60842 # 1 # ID=38_53;partial=00;start_type=ATG;rbs_motif=AGGAG;rbs_spacer=5-10bp;gc_cont=0.537
NODE_170_length_74698_cov_75.748665:59694-60842|+  -            383 8656                 -            348     5e-05   20.8   0.5   2   2      0.31   2.1e+02   -1.0   0.2   111   170   131   194   127   228 0.74 NODE_170_length_74698_cov_75.748665_53 # 59694 # 60842 # 1 # ID=38_53;partial=00;start_type=ATG;rbs_motif=AGGAG;rbs_spacer=5-10bp;gc_cont=0.537
NODE_215_length_65836_cov_69.504402:945-2132|+     -            396 8656                 -            348    0.0024   15.2   0.1   1   2     1e-05    0.0068   13.7   0.0    67   108    86   127    18   133 0.66 NODE_215_length_65836_cov_69.504402_3 # 945 # 2132 # 1 # ID=52_3;partial=00;start_type=ATG;rbs_motif=GGAGG;rbs_spacer=5-10bp;gc_cont=0.588
NODE_215_length_65836_cov_69.504402:945-2132|+     -            396 8656                 -            348    0.0024   15.2   0.1   2   2      0.69   4.5e+02   -2.1   0.2   112   155   149   196   141   214 0.57 NODE_215_length_65836_cov_69.504402_3 # 945 # 2132 # 1 # ID=52_3;partial=00;start_type=ATG;rbs_motif=GGAGG;rbs_spacer=5-10bp;gc_cont=0.588
#
# Program:         hmmsearch
# Version:         3.4 (Aug 2023)
# Pipeline mode:   SEARCH
# Query file:      /home/simonedassisi/velvet-1.2.10/busco_downloads/lineages/archaea_odb12/hmms/8656at2157.hmm
# Target file:     results/BUSCO_output_velveth21/prodigal_output/predicted_genes/predicted.faa
# Option settings: hmmsearch --domtblout results/BUSCO_output_velveth21/auto_lineage/run_archaea_odb12/hmmer_output/8656at2157.out --cpu 1 /home/simonedassisi/velvet-1.2.10/busco_downloads/lineages/archaea_odb12/hmms/8656at2157.hmm results/BUSCO_output_velveth21/prodigal_output/predicted_genes/predicted.faa 
# Current dir:     /home/simonedassisi/velvet-1.2.10
# Date:            Wed Apr  2 19:18:19 2025
# [ok]
