A	C	G	T	N	IUPAC	Other	GC	GC_stdev
0.2474	0.2520	0.2533	0.2473	0.0000	0.0000	0.0000	0.5053	0.0667

Main genome scaffold total:         	232
Main genome contig total:           	232
Main genome scaffold sequence total:	5169832
Main genome contig sequence total:  	5169832  	0.000% gap
Main genome scaffold N/L50:         	22/80627
Main genome contig N/L50:           	22/80627
Main genome scaffold N/L90:         	75/15999
Main genome contig N/L90:           	75/15999
Max scaffold length:                	276430
Max contig length:                  	276430
Number of scaffolds > 50 KB:        	36
% main genome in scaffolds > 50 KB: 	68.04%


Minimum 	Number        	Number        	Total         	Total         	Scaffold
Scaffold	of            	of            	Scaffold      	Contig        	Contig  
Length  	Scaffolds     	Contigs       	Length        	Length        	Coverage
--------	--------------	--------------	--------------	--------------	--------
    All 	           232	           232	       5169832	       5169832	 100.00%
    100 	           232	           232	       5169832	       5169832	 100.00%
    250 	           214	           214	       5166212	       5166212	 100.00%
    500 	           177	           177	       5151496	       5151496	 100.00%
   1000 	           149	           149	       5133468	       5133468	 100.00%
   2500 	           127	           127	       5094656	       5094656	 100.00%
   5000 	           112	           112	       5039346	       5039346	 100.00%
  10000 	            94	            94	       4912504	       4912504	 100.00%
  25000 	            60	            60	       4364787	       4364787	 100.00%
  50000 	            36	            36	       3517308	       3517308	 100.00%
 100000 	            12	            12	       1719436	       1719436	 100.00%
 250000 	             1	             1	        276430	        276430	 100.00%

