#                                                                                                          --- full sequence --- -------------- this domain -------------   hmm coord   ali coord   env coord
# target name                                      accession   tlen query name           accession   qlen   E-value  score  bias   #  of  c-Evalue  i-Evalue  score  bias  from    to  from    to  from    to  acc description of target
#                              ------------------- ---------- ----- -------------------- ---------- ----- --------- ------ ----- --- --- --------- --------- ------ ----- ----- ----- ----- ----- ----- ----- ---- ---------------------
NODE_820_length_11940_cov_68.144218:7367-10861|+   -           1165 1010                 -           1147         0 2437.4   0.1   1   1         0         0 2437.2   0.1     1  1147    17  1163    17  1163 1.00 NODE_820_length_11940_cov_68.144218_8 # 7367 # 10861 # 1 # ID=357_8;partial=00;start_type=ATG;rbs_motif=None;rbs_spacer=None;gc_cont=0.547
NODE_1539_length_37792_cov_75.811783:24417-26498|+ -            694 1010                 -           1147   6.5e-79  264.2   0.6   1   1   8.3e-82   8.8e-79  263.8   0.6   589   968   257   645   223   652 0.84 NODE_1539_length_37792_cov_75.811783_29 # 24417 # 26498 # 1 # ID=694_29;partial=00;start_type=ATG;rbs_motif=GGA/GAG/AGG;rbs_spacer=5-10bp;gc_cont=0.572
NODE_1999_length_25587_cov_66.390984:17957-19978|+ -            674 1010                 -           1147   2.3e-18   63.7   0.5   1   2   3.1e-18   3.3e-15   53.2   0.0    19   283    37   336    28   345 0.72 NODE_1999_length_25587_cov_66.390984_18 # 17957 # 19978 # 1 # ID=982_18;partial=00;start_type=ATG;rbs_motif=GGA/GAG/AGG;rbs_spacer=5-10bp;gc_cont=0.533
NODE_1999_length_25587_cov_66.390984:17957-19978|+ -            674 1010                 -           1147   2.3e-18   63.7   0.5   2   2    0.0001      0.11    8.4   0.1   826   918   459   560   450   583 0.72 NODE_1999_length_25587_cov_66.390984_18 # 17957 # 19978 # 1 # ID=982_18;partial=00;start_type=ATG;rbs_motif=GGA/GAG/AGG;rbs_spacer=5-10bp;gc_cont=0.533
NODE_846_length_63393_cov_76.936378:60621-62819|-  -            733 1010                 -           1147   1.2e-10   38.1   0.0   1   2   4.3e-13   4.5e-10   36.2   0.0   603   763   201   354   164   374 0.81 NODE_846_length_63393_cov_76.936378_65 # 60621 # 62819 # -1 # ID=361_65;partial=00;start_type=ATG;rbs_motif=AGGA;rbs_spacer=5-10bp;gc_cont=0.575
NODE_846_length_63393_cov_76.936378:60621-62819|-  -            733 1010                 -           1147   1.2e-10   38.1   0.0   2   2     0.078        82   -1.1   0.0   892   920   573   602   491   608 0.60 NODE_846_length_63393_cov_76.936378_65 # 60621 # 62819 # -1 # ID=361_65;partial=00;start_type=ATG;rbs_motif=AGGA;rbs_spacer=5-10bp;gc_cont=0.575
NODE_2440_length_10172_cov_68.540306:3774-5534|-   -            587 1010                 -           1147   0.00026   17.1   0.0   1   2      0.02        21    0.9   0.0   721   758   109   153    84   156 0.65 NODE_2440_length_10172_cov_68.540306_5 # 3774 # 5534 # -1 # ID=1255_5;partial=00;start_type=ATG;rbs_motif=None;rbs_spacer=None;gc_cont=0.531
NODE_2440_length_10172_cov_68.540306:3774-5534|-   -            587 1010                 -           1147   0.00026   17.1   0.0   2   2   2.6e-06    0.0027   13.7   0.0   827   890   266   329   255   345 0.81 NODE_2440_length_10172_cov_68.540306_5 # 3774 # 5534 # -1 # ID=1255_5;partial=00;start_type=ATG;rbs_motif=None;rbs_spacer=None;gc_cont=0.531
#
# Program:         hmmsearch
# Version:         3.4 (Aug 2023)
# Pipeline mode:   SEARCH
# Query file:      /home/simonedassisi/velvet-1.2.10/busco_downloads/lineages/enterobacteriaceae_odb12/hmms/1010at543.hmm
# Target file:     results/BUSCO_output_velveth21/prodigal_output/predicted_genes/predicted.faa
# Option settings: hmmsearch --domtblout results/BUSCO_output_velveth21/run_enterobacteriaceae_odb12/hmmer_output/1010at543.out --cpu 1 /home/simonedassisi/velvet-1.2.10/busco_downloads/lineages/enterobacteriaceae_odb12/hmms/1010at543.hmm results/BUSCO_output_velveth21/prodigal_output/predicted_genes/predicted.faa 
# Current dir:     /home/simonedassisi/velvet-1.2.10
# Date:            Wed Apr  2 19:23:54 2025
# [ok]
