#                                                                                                         --- full sequence --- -------------- this domain -------------   hmm coord   ali coord   env coord
# target name                                     accession   tlen query name           accession   qlen   E-value  score  bias   #  of  c-Evalue  i-Evalue  score  bias  from    to  from    to  from    to  acc description of target
#                             ------------------- ---------- ----- -------------------- ---------- ----- --------- ------ ----- --- --- --------- --------- ------ ----- ----- ----- ----- ----- ----- ----- ---- ---------------------
NODE_679_length_36641_cov_70.533279:14520-15452|+ -            311 1049                 -            307  2.3e-188  623.0   0.0   1   1    5e-191  2.6e-188  622.8   0.0     1   306     1   306     1   307 1.00 NODE_679_length_36641_cov_70.533279_15 # 14520 # 15452 # 1 # ID=288_15;partial=00;start_type=GTG;rbs_motif=GGAGG;rbs_spacer=5-10bp;gc_cont=0.527
NODE_482_length_21709_cov_69.527618:11470-12303|- -            278 1049                 -            307   5.8e-31  106.1   0.0   1   1   1.5e-33   7.7e-31  105.7   0.0    68   267    47   243    41   257 0.91 NODE_482_length_21709_cov_69.527618_14 # 11470 # 12303 # -1 # ID=196_14;partial=00;start_type=ATG;rbs_motif=AGxAGG/AGGxGG;rbs_spacer=3-4bp;gc_cont=0.558
NODE_926_length_95421_cov_71.123581:13149-13886|+ -            246 1049                 -            307   5.5e-10   37.2   0.0   1   1   1.5e-12     8e-10   36.6   0.0   134   214    46   129    42   150 0.87 NODE_926_length_95421_cov_71.123581_13 # 13149 # 13886 # 1 # ID=386_13;partial=00;start_type=ATG;rbs_motif=GGA/GAG/AGG;rbs_spacer=5-10bp;gc_cont=0.535
NODE_2129_length_51924_cov_72.758377:2969-4042|-  -            358 1049                 -            307   2.5e-08   31.7   0.0   1   1   6.3e-11   3.3e-08   31.3   0.0   127   214   191   275   185   315 0.90 NODE_2129_length_51924_cov_72.758377_5 # 2969 # 4042 # -1 # ID=1066_5;partial=00;start_type=ATG;rbs_motif=AGGAG;rbs_spacer=5-10bp;gc_cont=0.558
NODE_2111_length_12361_cov_66.461288:2966-4141|+  -            392 1049                 -            307   3.4e-05   21.4   0.0   1   1   9.5e-08     5e-05   20.9   0.0   143   214   226   303   211   336 0.74 NODE_2111_length_12361_cov_66.461288_5 # 2966 # 4141 # 1 # ID=1057_5;partial=00;start_type=GTG;rbs_motif=GGA/GAG/AGG;rbs_spacer=5-10bp;gc_cont=0.521
NODE_299_length_31306_cov_74.835876:17472-18608|- -            379 1049                 -            307     4e-05   21.2   0.0   1   1   1.4e-07   7.5e-05   20.3   0.0   133   218   229   316   211   346 0.85 NODE_299_length_31306_cov_74.835876_15 # 17472 # 18608 # -1 # ID=91_15;partial=00;start_type=ATG;rbs_motif=AGGAGG;rbs_spacer=3-4bp;gc_cont=0.541
NODE_286_length_41180_cov_81.233269:33688-34977|- -            430 1049                 -            307   0.00053   17.5   0.0   1   1   1.5e-06   0.00077   17.0   0.0   128   186   242   300   235   336 0.89 NODE_286_length_41180_cov_81.233269_51 # 33688 # 34977 # -1 # ID=82_51;partial=00;start_type=ATG;rbs_motif=None;rbs_spacer=None;gc_cont=0.500
NODE_2145_length_112275_cov_77.552353:1-711|-     -            237 1049                 -            307    0.0035   14.8   0.0   1   1   1.1e-05    0.0056   14.2   0.0   128   187   154   212   143   231 0.80 NODE_2145_length_112275_cov_77.552353_1 # 1 # 711 # -1 # ID=1072_1;partial=10;start_type=ATG;rbs_motif=GGA/GAG/AGG;rbs_spacer=5-10bp;gc_cont=0.550
NODE_1155_length_53173_cov_69.651268:4162-5202|+  -            347 1049                 -            307     0.031   11.7   0.0   1   1   8.5e-05     0.045   11.2   0.0   137   181   165   212   151   240 0.73 NODE_1155_length_53173_cov_69.651268_6 # 4162 # 5202 # 1 # ID=488_6;partial=00;start_type=ATG;rbs_motif=AGGAG;rbs_spacer=5-10bp;gc_cont=0.483
NODE_718_length_90501_cov_69.003258:89058-89867|+ -            270 1049                 -            307     0.051   11.0   0.0   1   1   0.00014     0.074   10.5   0.0   116   174    69   127    60   139 0.92 NODE_718_length_90501_cov_69.003258_90 # 89058 # 89867 # 1 # ID=299_90;partial=00;start_type=ATG;rbs_motif=GGAG/GAGG;rbs_spacer=5-10bp;gc_cont=0.514
#
# Program:         hmmsearch
# Version:         3.4 (Aug 2023)
# Pipeline mode:   SEARCH
# Query file:      /home/simonedassisi/velvet-1.2.10/busco_downloads/lineages/enterobacteriaceae_odb12/hmms/1049at543.hmm
# Target file:     results/BUSCO_output_velveth21/prodigal_output/predicted_genes/predicted.faa
# Option settings: hmmsearch --domtblout results/BUSCO_output_velveth21/run_enterobacteriaceae_odb12/hmmer_output/1049at543.out --cpu 1 /home/simonedassisi/velvet-1.2.10/busco_downloads/lineages/enterobacteriaceae_odb12/hmms/1049at543.hmm results/BUSCO_output_velveth21/prodigal_output/predicted_genes/predicted.faa 
# Current dir:     /home/simonedassisi/velvet-1.2.10
# Date:            Wed Apr  2 19:23:54 2025
# [ok]
