#                                                                                                          --- full sequence --- -------------- this domain -------------   hmm coord   ali coord   env coord
# target name                                      accession   tlen query name           accession   qlen   E-value  score  bias   #  of  c-Evalue  i-Evalue  score  bias  from    to  from    to  from    to  acc description of target
#                              ------------------- ---------- ----- -------------------- ---------- ----- --------- ------ ----- --- --- --------- --------- ------ ----- ----- ----- ----- ----- ----- ----- ---- ---------------------
NODE_2305_length_33814_cov_83.113121:26260-27630|+ -            457 1396                 -            455  2.9e-271  897.9   2.8   1   1  1.2e-273  3.4e-271  897.7   2.8     1   455     1   455     1   455 1.00 NODE_2305_length_33814_cov_83.113121_26 # 26260 # 27630 # 1 # ID=1155_26;partial=00;start_type=ATG;rbs_motif=AGGA;rbs_spacer=5-10bp;gc_cont=0.530
NODE_1220_length_21844_cov_70.659126:18987-19679|- -            231 1396                 -            455   8.3e-09   32.7   1.1   1   1     5e-11   1.4e-08   32.0   1.1   282   387    49   153    39   165 0.86 NODE_1220_length_21844_cov_70.659126_18 # 18987 # 19679 # -1 # ID=525_18;partial=00;start_type=ATG;rbs_motif=GGA/GAG/AGG;rbs_spacer=5-10bp;gc_cont=0.453
NODE_286_length_41180_cov_81.233269:40393-40947|-  -            185 1396                 -            455   5.6e-08   30.0   0.7   1   2    0.0014       0.4    7.4   0.1   286   334    15    62    13    71 0.68 NODE_286_length_41180_cov_81.233269_61 # 40393 # 40947 # -1 # ID=82_61;partial=00;start_type=ATG;rbs_motif=GGAG/GAGG;rbs_spacer=5-10bp;gc_cont=0.488
NODE_286_length_41180_cov_81.233269:40393-40947|-  -            185 1396                 -            455   5.6e-08   30.0   0.7   2   2   5.1e-08   1.4e-05   22.1   0.1   260   337    74   155    50   183 0.66 NODE_286_length_41180_cov_81.233269_61 # 40393 # 40947 # -1 # ID=82_61;partial=00;start_type=ATG;rbs_motif=GGAG/GAGG;rbs_spacer=5-10bp;gc_cont=0.488
NODE_1204_length_64359_cov_77.399834:46144-47169|+ -            342 1396                 -            455   1.1e-07   29.1  19.7   1   2   1.3e-08   3.7e-06   24.0  14.0   266   425   110   253   105   256 0.75 NODE_1204_length_64359_cov_77.399834_40 # 46144 # 47169 # 1 # ID=516_40;partial=00;start_type=ATG;rbs_motif=GGA/GAG/AGG;rbs_spacer=11-12bp;gc_cont=0.529
NODE_1204_length_64359_cov_77.399834:46144-47169|+ -            342 1396                 -            455   1.1e-07   29.1  19.7   2   2     0.045        12    2.5   0.4   263   297   256   291   253   297 0.76 NODE_1204_length_64359_cov_77.399834_40 # 46144 # 47169 # 1 # ID=516_40;partial=00;start_type=ATG;rbs_motif=GGA/GAG/AGG;rbs_spacer=11-12bp;gc_cont=0.529
NODE_2159_length_50550_cov_71.258598:26706-27452|- -            249 1396                 -            455   3.2e-07   27.5   0.0   1   1   1.4e-09   3.8e-07   27.3   0.0    16   133    13   128     1   136 0.82 NODE_2159_length_50550_cov_71.258598_21 # 26706 # 27452 # -1 # ID=1079_21;partial=00;start_type=ATG;rbs_motif=GGA/GAG/AGG;rbs_spacer=5-10bp;gc_cont=0.529
NODE_1204_length_64359_cov_77.399834:30438-31262|- -            275 1396                 -            455   1.2e-06   25.6   0.2   1   1   6.2e-09   1.7e-06   25.1   0.2   325   429   104   210    84   231 0.81 NODE_1204_length_64359_cov_77.399834_26 # 30438 # 31262 # -1 # ID=516_26;partial=00;start_type=ATG;rbs_motif=GGA/GAG/AGG;rbs_spacer=5-10bp;gc_cont=0.531
NODE_1596_length_2055_cov_87.700729:1655-2074|+    -            140 1396                 -            455   2.2e-06   24.7   2.5   1   1   1.3e-08   3.7e-06   24.0   2.5   336   432    28   134     6   139 0.79 NODE_1596_length_2055_cov_87.700729_2 # 1655 # 2074 # 1 # ID=723_2;partial=01;start_type=ATG;rbs_motif=AGGAG/GGAGG;rbs_spacer=11-12bp;gc_cont=0.455
NODE_517_length_26358_cov_74.693604:21616-22524|-  -            303 1396                 -            455   2.3e-06   24.7   0.0   1   1   7.9e-08   2.2e-05   21.5   0.0     6    68     9    74     4   187 0.91 NODE_517_length_26358_cov_74.693604_24 # 21616 # 22524 # -1 # ID=211_24;partial=00;start_type=ATG;rbs_motif=AGGAG;rbs_spacer=5-10bp;gc_cont=0.472
NODE_1155_length_53173_cov_69.651268:43691-44179|+ -            163 1396                 -            455   1.2e-05   22.3   5.9   1   2     0.019       5.3    3.7   0.1   259   293    65    99    53   109 0.69 NODE_1155_length_53173_cov_69.651268_35 # 43691 # 44179 # 1 # ID=488_35;partial=00;start_type=ATG;rbs_motif=GGxGG;rbs_spacer=5-10bp;gc_cont=0.534
NODE_1155_length_53173_cov_69.651268:43691-44179|+ -            163 1396                 -            455   1.2e-05   22.3   5.9   2   2   1.2e-07   3.2e-05   20.9   1.6   268   304   111   147   107   159 0.88 NODE_1155_length_53173_cov_69.651268_35 # 43691 # 44179 # 1 # ID=488_35;partial=00;start_type=ATG;rbs_motif=GGxGG;rbs_spacer=5-10bp;gc_cont=0.534
NODE_910_length_6501_cov_74.426239:254-1147|-      -            298 1396                 -            455   4.3e-05   20.5   0.1   1   2   6.4e-07   0.00018   18.5   0.1     5    68     3    69     1    94 0.84 NODE_910_length_6501_cov_74.426239_1 # 254 # 1147 # -1 # ID=382_1;partial=00;start_type=ATG;rbs_motif=GGAG/GAGG;rbs_spacer=5-10bp;gc_cont=0.507
NODE_910_length_6501_cov_74.426239:254-1147|-      -            298 1396                 -            455   4.3e-05   20.5   0.1   2   2       0.3        84   -0.2   0.0    72   105   100   132    95   206 0.83 NODE_910_length_6501_cov_74.426239_1 # 254 # 1147 # -1 # ID=382_1;partial=00;start_type=ATG;rbs_motif=GGAG/GAGG;rbs_spacer=5-10bp;gc_cont=0.507
NODE_22_length_21196_cov_74.466599:18005-18556|+   -            184 1396                 -            455   5.5e-05   20.1   2.8   1   2       0.2        56    0.3   0.0   284   313    74   106    69   130 0.66 NODE_22_length_21196_cov_74.466599_16 # 18005 # 18556 # 1 # ID=6_16;partial=00;start_type=ATG;rbs_motif=GGAGG;rbs_spacer=5-10bp;gc_cont=0.482
NODE_22_length_21196_cov_74.466599:18005-18556|+   -            184 1396                 -            455   5.5e-05   20.1   2.8   2   2   5.9e-07   0.00016   18.6   1.7   395   437   130   172   121   181 0.89 NODE_22_length_21196_cov_74.466599_16 # 18005 # 18556 # 1 # ID=6_16;partial=00;start_type=ATG;rbs_motif=GGAGG;rbs_spacer=5-10bp;gc_cont=0.482
NODE_851_length_22678_cov_82.051857:543-1127|-     -            195 1396                 -            455   0.00027   17.9   0.0   1   1     1e-06   0.00028   17.8   0.0     5    50     6    49     2   120 0.83 NODE_851_length_22678_cov_82.051857_2 # 543 # 1127 # -1 # ID=363_2;partial=00;start_type=GTG;rbs_motif=GGAG/GAGG;rbs_spacer=5-10bp;gc_cont=0.503
NODE_1204_length_64359_cov_77.399834:47733-48521|+ -            263 1396                 -            455    0.0011   15.8   4.0   1   2   0.00028     0.078    9.8   0.1   303   368     2    69     1    76 0.75 NODE_1204_length_64359_cov_77.399834_42 # 47733 # 48521 # 1 # ID=516_42;partial=00;start_type=GTG;rbs_motif=GGAGG;rbs_spacer=5-10bp;gc_cont=0.532
NODE_1204_length_64359_cov_77.399834:47733-48521|+ -            263 1396                 -            455    0.0011   15.8   4.0   2   2    0.0018      0.49    7.1   0.9   281   347   100   168    82   180 0.53 NODE_1204_length_64359_cov_77.399834_42 # 47733 # 48521 # 1 # ID=516_42;partial=00;start_type=GTG;rbs_motif=GGAGG;rbs_spacer=5-10bp;gc_cont=0.532
NODE_2423_length_37281_cov_72.162392:21052-21642|- -            197 1396                 -            455    0.0021   14.9   0.4   1   1   9.7e-06    0.0027   14.6   0.4   262   351    25   124    20   149 0.85 NODE_2423_length_37281_cov_72.162392_18 # 21052 # 21642 # -1 # ID=1244_18;partial=00;start_type=ATG;rbs_motif=AGGAGG;rbs_spacer=3-4bp;gc_cont=0.503
NODE_1155_length_53173_cov_69.651268:47349-47897|+ -            183 1396                 -            455    0.0094   12.8   0.2   1   1   4.3e-05     0.012   12.5   0.2   364   427    86   151    49   164 0.86 NODE_1155_length_53173_cov_69.651268_39 # 47349 # 47897 # 1 # ID=488_39;partial=00;start_type=ATG;rbs_motif=GGA/GAG/AGG;rbs_spacer=5-10bp;gc_cont=0.481
NODE_1852_length_52597_cov_77.721466:17203-17718|+ -            172 1396                 -            455     0.013   12.4   0.0   1   1   6.1e-05     0.017   11.9   0.0    48   126    22   101     8   108 0.79 NODE_1852_length_52597_cov_77.721466_14 # 17203 # 17718 # 1 # ID=868_14;partial=00;start_type=ATG;rbs_motif=GGA/GAG/AGG;rbs_spacer=5-10bp;gc_cont=0.430
NODE_2031_length_15140_cov_83.574440:6933-7754|+   -            274 1396                 -            455     0.015   12.1   0.6   1   1   7.8e-05     0.022   11.6   0.6   393   432   192   231   127   242 0.69 NODE_2031_length_15140_cov_83.574440_9 # 6933 # 7754 # 1 # ID=1003_9;partial=00;start_type=ATG;rbs_motif=GGAG/GAGG;rbs_spacer=5-10bp;gc_cont=0.532
NODE_2185_length_35330_cov_74.210983:29413-30123|- -            237 1396                 -            455     0.024   11.4   0.0   1   1   0.00011     0.029   11.2   0.0     6   122     8   125     1   143 0.68 NODE_2185_length_35330_cov_74.210983_33 # 29413 # 30123 # -1 # ID=1088_33;partial=00;start_type=ATG;rbs_motif=GGA/GAG/AGG;rbs_spacer=5-10bp;gc_cont=0.554
NODE_625_length_50664_cov_72.003532:5299-5889|-    -            197 1396                 -            455     0.045   10.5   1.9   1   2      0.58   1.6e+02   -1.2   0.0   314   334    25    45    15    59 0.74 NODE_625_length_50664_cov_72.003532_5 # 5299 # 5889 # -1 # ID=266_5;partial=00;start_type=GTG;rbs_motif=AGGA/GGAG/GAGG;rbs_spacer=11-12bp;gc_cont=0.552
NODE_625_length_50664_cov_72.003532:5299-5889|-    -            197 1396                 -            455     0.045   10.5   1.9   2   2    0.0003     0.085    9.6   1.4   283   333    71   122    33   131 0.75 NODE_625_length_50664_cov_72.003532_5 # 5299 # 5889 # -1 # ID=266_5;partial=00;start_type=GTG;rbs_motif=AGGA/GGAG/GAGG;rbs_spacer=11-12bp;gc_cont=0.552
#
# Program:         hmmsearch
# Version:         3.4 (Aug 2023)
# Pipeline mode:   SEARCH
# Query file:      /home/simonedassisi/velvet-1.2.10/busco_downloads/lineages/enterobacteriaceae_odb12/hmms/1396at543.hmm
# Target file:     results/BUSCO_output_velveth21/prodigal_output/predicted_genes/predicted.faa
# Option settings: hmmsearch --domtblout results/BUSCO_output_velveth21/run_enterobacteriaceae_odb12/hmmer_output/1396at543.out --cpu 1 /home/simonedassisi/velvet-1.2.10/busco_downloads/lineages/enterobacteriaceae_odb12/hmms/1396at543.hmm results/BUSCO_output_velveth21/prodigal_output/predicted_genes/predicted.faa 
# Current dir:     /home/simonedassisi/velvet-1.2.10
# Date:            Wed Apr  2 19:23:55 2025
# [ok]
