#                                                                                                           --- full sequence --- -------------- this domain -------------   hmm coord   ali coord   env coord
# target name                                       accession   tlen query name           accession   qlen   E-value  score  bias   #  of  c-Evalue  i-Evalue  score  bias  from    to  from    to  from    to  acc description of target
#                               ------------------- ---------- ----- -------------------- ---------- ----- --------- ------ ----- --- --- --------- --------- ------ ----- ----- ----- ----- ----- ----- ----- ---- ---------------------
NODE_1709_length_68036_cov_72.575531:15607-16572|+  -            322 1472                 -            322  1.5e-202  669.8   0.6   1   1  3.1e-205  1.6e-202  669.6   0.6     1   320     1   320     1   321 0.99 NODE_1709_length_68036_cov_72.575531_12 # 15607 # 16572 # 1 # ID=785_12;partial=00;start_type=ATG;rbs_motif=GGA/GAG/AGG;rbs_spacer=3-4bp;gc_cont=0.531
NODE_1082_length_35501_cov_69.030113:30304-31899|+  -            532 1472                 -            322   1.6e-56  189.9   1.2   1   1   4.2e-59   2.2e-56  189.4   1.2     6   316   222   527   217   531 0.88 NODE_1082_length_35501_cov_69.030113_28 # 30304 # 31899 # 1 # ID=452_28;partial=00;start_type=ATG;rbs_motif=GGAG/GAGG;rbs_spacer=5-10bp;gc_cont=0.527
NODE_1420_length_27396_cov_73.038727:21201-22553|+  -            451 1472                 -            322   4.2e-10   37.3   0.1   1   2         3   1.6e+03   -4.0   0.2     5    42     3    40     2    45 0.70 NODE_1420_length_27396_cov_73.038727_17 # 21201 # 22553 # 1 # ID=628_17;partial=00;start_type=ATG;rbs_motif=AGGA;rbs_spacer=5-10bp;gc_cont=0.538
NODE_1420_length_27396_cov_73.038727:21201-22553|+  -            451 1472                 -            322   4.2e-10   37.3   0.1   2   2     8e-13   4.2e-10   37.3   0.1    77   288   107   304    72   318 0.77 NODE_1420_length_27396_cov_73.038727_17 # 21201 # 22553 # 1 # ID=628_17;partial=00;start_type=ATG;rbs_motif=AGGA;rbs_spacer=5-10bp;gc_cont=0.538
NODE_592_length_39318_cov_75.666641:26164-27588|+   -            475 1472                 -            322   9.1e-09   33.0   1.0   1   2   2.7e-06    0.0014   15.9   0.0     1    38     1    38     1    48 0.87 NODE_592_length_39318_cov_75.666641_24 # 26164 # 27588 # 1 # ID=257_24;partial=00;start_type=ATG;rbs_motif=GGAG/GAGG;rbs_spacer=5-10bp;gc_cont=0.529
NODE_592_length_39318_cov_75.666641:26164-27588|+   -            475 1472                 -            322   9.1e-09   33.0   1.0   2   2   3.7e-06    0.0019   15.4   0.2   148   290   177   316   172   324 0.75 NODE_592_length_39318_cov_75.666641_24 # 26164 # 27588 # 1 # ID=257_24;partial=00;start_type=ATG;rbs_motif=GGAG/GAGG;rbs_spacer=5-10bp;gc_cont=0.529
NODE_2203_length_18352_cov_67.631538:9006-10139|-   -            378 1472                 -            322   2.7e-06   24.8   0.0   1   1   7.8e-09   4.1e-06   24.2   0.0    72   287    67   273    57   281 0.76 NODE_2203_length_18352_cov_67.631538_9 # 9006 # 10139 # -1 # ID=1097_9;partial=00;start_type=ATG;rbs_motif=GGAGG;rbs_spacer=3-4bp;gc_cont=0.540
NODE_2145_length_112275_cov_77.552353:41856-43274|- -            473 1472                 -            322   4.9e-05   20.7   0.7   1   2    0.0064       3.4    4.8   0.1     6    44   146   185   141   191 0.78 NODE_2145_length_112275_cov_77.552353_40 # 41856 # 43274 # -1 # ID=1072_40;partial=00;start_type=ATG;rbs_motif=GGA/GAG/AGG;rbs_spacer=5-10bp;gc_cont=0.558
NODE_2145_length_112275_cov_77.552353:41856-43274|- -            473 1472                 -            322   4.9e-05   20.7   0.7   2   2   3.6e-05     0.019   12.2   0.1   147   290   288   447   276   471 0.57 NODE_2145_length_112275_cov_77.552353_40 # 41856 # 43274 # -1 # ID=1072_40;partial=00;start_type=ATG;rbs_motif=GGA/GAG/AGG;rbs_spacer=5-10bp;gc_cont=0.558
NODE_1441_length_52686_cov_76.197510:22801-25344|+  -            848 1472                 -            322   6.8e-05   20.2   0.0   1   1   2.6e-07   0.00014   19.2   0.0   106   287   102   281    70   310 0.76 NODE_1441_length_52686_cov_76.197510_28 # 22801 # 25344 # 1 # ID=633_28;partial=00;start_type=ATG;rbs_motif=GGAG/GAGG;rbs_spacer=5-10bp;gc_cont=0.546
NODE_299_length_31306_cov_74.835876:15792-16745|+   -            318 1472                 -            322   0.00026   18.3   0.6   1   3   2.5e-05     0.013   12.7   0.0     4    86    17   100    14   106 0.70 NODE_299_length_31306_cov_74.835876_12 # 15792 # 16745 # 1 # ID=91_12;partial=00;start_type=GTG;rbs_motif=None;rbs_spacer=None;gc_cont=0.563
NODE_299_length_31306_cov_74.835876:15792-16745|+   -            318 1472                 -            322   0.00026   18.3   0.6   2   3     0.033        18    2.4   0.0   147   167   141   161   139   170 0.87 NODE_299_length_31306_cov_74.835876_12 # 15792 # 16745 # 1 # ID=91_12;partial=00;start_type=GTG;rbs_motif=None;rbs_spacer=None;gc_cont=0.563
NODE_299_length_31306_cov_74.835876:15792-16745|+   -            318 1472                 -            322   0.00026   18.3   0.6   3   3      0.32   1.7e+02   -0.8   0.0   231   253   257   279   240   307 0.78 NODE_299_length_31306_cov_74.835876_12 # 15792 # 16745 # 1 # ID=91_12;partial=00;start_type=GTG;rbs_motif=None;rbs_spacer=None;gc_cont=0.563
NODE_1229_length_78306_cov_70.440285:36854-38179|-  -            442 1472                 -            322   0.00051   17.3   1.6   1   2     0.023        12    3.0   0.1     6    36     3    33     1    48 0.85 NODE_1229_length_78306_cov_70.440285_34 # 36854 # 38179 # -1 # ID=529_34;partial=00;start_type=ATG;rbs_motif=AGGA;rbs_spacer=5-10bp;gc_cont=0.456
NODE_1229_length_78306_cov_70.440285:36854-38179|-  -            442 1472                 -            322   0.00051   17.3   1.6   2   2   1.8e-05    0.0093   13.2   0.1   150   288   162   293   157   301 0.73 NODE_1229_length_78306_cov_70.440285_34 # 36854 # 38179 # -1 # ID=529_34;partial=00;start_type=ATG;rbs_motif=AGGA;rbs_spacer=5-10bp;gc_cont=0.456
NODE_2299_length_38437_cov_68.775246:15786-16904|-  -            373 1472                 -            322     0.014   12.6   0.1   1   1   4.5e-05     0.024   11.8   0.1     7    36     3    31     1    53 0.88 NODE_2299_length_38437_cov_68.775246_18 # 15786 # 16904 # -1 # ID=1153_18;partial=00;start_type=ATG;rbs_motif=GGA/GAG/AGG;rbs_spacer=5-10bp;gc_cont=0.523
#
# Program:         hmmsearch
# Version:         3.4 (Aug 2023)
# Pipeline mode:   SEARCH
# Query file:      /home/simonedassisi/velvet-1.2.10/busco_downloads/lineages/enterobacteriaceae_odb12/hmms/1472at543.hmm
# Target file:     results/BUSCO_output_velveth21/prodigal_output/predicted_genes/predicted.faa
# Option settings: hmmsearch --domtblout results/BUSCO_output_velveth21/run_enterobacteriaceae_odb12/hmmer_output/1472at543.out --cpu 1 /home/simonedassisi/velvet-1.2.10/busco_downloads/lineages/enterobacteriaceae_odb12/hmms/1472at543.hmm results/BUSCO_output_velveth21/prodigal_output/predicted_genes/predicted.faa 
# Current dir:     /home/simonedassisi/velvet-1.2.10
# Date:            Wed Apr  2 19:23:55 2025
# [ok]
