#                                                                                                        --- full sequence --- -------------- this domain -------------   hmm coord   ali coord   env coord
# target name                                    accession   tlen query name           accession   qlen   E-value  score  bias   #  of  c-Evalue  i-Evalue  score  bias  from    to  from    to  from    to  acc description of target
#                            ------------------- ---------- ----- -------------------- ---------- ----- --------- ------ ----- --- --- --------- --------- ------ ----- ----- ----- ----- ----- ----- ----- ---- ---------------------
NODE_626_length_8769_cov_75.351463:2002-4818|+   -            939 15933                -            929         0 1798.3   0.0   1   1         0         0 1798.2   0.0     1   929     1   938     1   938 0.99 NODE_626_length_8769_cov_75.351463_3 # 2002 # 4818 # 1 # ID=267_3;partial=00;start_type=ATG;rbs_motif=GGA/GAG/AGG;rbs_spacer=5-10bp;gc_cont=0.557
NODE_1792_length_20317_cov_75.392525:2401-5256|- -            952 15933                -            929  8.6e-145  482.0   2.2   1   3   7.1e-62   7.6e-59  197.6   0.0    16   270     2   249     1   252 0.93 NODE_1792_length_20317_cov_75.392525_4 # 2401 # 5256 # -1 # ID=834_4;partial=00;start_type=ATG;rbs_motif=GGA/GAG/AGG;rbs_spacer=3-4bp;gc_cont=0.549
NODE_1792_length_20317_cov_75.392525:2401-5256|- -            952 15933                -            929  8.6e-145  482.0   2.2   2   3   1.1e-68   1.2e-65  220.1   1.3   299   651   243   602   241   636 0.83 NODE_1792_length_20317_cov_75.392525_4 # 2401 # 5256 # -1 # ID=834_4;partial=00;start_type=ATG;rbs_motif=GGA/GAG/AGG;rbs_spacer=3-4bp;gc_cont=0.549
NODE_1792_length_20317_cov_75.392525:2401-5256|- -            952 15933                -            929  8.6e-145  482.0   2.2   3   3   3.3e-21   3.5e-18   63.0   0.0   649   778   640   766   603   801 0.85 NODE_1792_length_20317_cov_75.392525_4 # 2401 # 5256 # -1 # ID=834_4;partial=00;start_type=ATG;rbs_motif=GGA/GAG/AGG;rbs_spacer=3-4bp;gc_cont=0.549
NODE_1062_length_63423_cov_73.241127:6840-9425|- -            862 15933                -            929   1.2e-49  167.1   6.3   1   6   1.5e-24   1.6e-21   74.1   0.1    19   200     5   171     1   172 0.88 NODE_1062_length_63423_cov_73.241127_9 # 6840 # 9425 # -1 # ID=442_9;partial=00;start_type=ATG;rbs_motif=AGGA/GGAG/GAGG;rbs_spacer=11-12bp;gc_cont=0.536
NODE_1062_length_63423_cov_73.241127:6840-9425|- -            862 15933                -            929   1.2e-49  167.1   6.3   2   6   2.8e-07    0.0003   16.9   0.5   405   456   175   224   170   232 0.92 NODE_1062_length_63423_cov_73.241127_9 # 6840 # 9425 # -1 # ID=442_9;partial=00;start_type=ATG;rbs_motif=AGGA/GGAG/GAGG;rbs_spacer=11-12bp;gc_cont=0.536
NODE_1062_length_63423_cov_73.241127:6840-9425|- -            862 15933                -            929   1.2e-49  167.1   6.3   3   6   4.6e-13   4.9e-10   36.1   0.0   235   357   242   361   226   368 0.77 NODE_1062_length_63423_cov_73.241127_9 # 6840 # 9425 # -1 # ID=442_9;partial=00;start_type=ATG;rbs_motif=AGGA/GGAG/GAGG;rbs_spacer=11-12bp;gc_cont=0.536
NODE_1062_length_63423_cov_73.241127:6840-9425|- -            862 15933                -            929   1.2e-49  167.1   6.3   4   6   2.1e-07   0.00022   17.4   0.0   459   540   418   500   410   596 0.64 NODE_1062_length_63423_cov_73.241127_9 # 6840 # 9425 # -1 # ID=442_9;partial=00;start_type=ATG;rbs_motif=AGGA/GGAG/GAGG;rbs_spacer=11-12bp;gc_cont=0.536
NODE_1062_length_63423_cov_73.241127:6840-9425|- -            862 15933                -            929   1.2e-49  167.1   6.3   5   6   3.6e-08   3.8e-05   19.9   0.0   600   629   619   648   606   659 0.89 NODE_1062_length_63423_cov_73.241127_9 # 6840 # 9425 # -1 # ID=442_9;partial=00;start_type=ATG;rbs_motif=AGGA/GGAG/GAGG;rbs_spacer=11-12bp;gc_cont=0.536
NODE_1062_length_63423_cov_73.241127:6840-9425|- -            862 15933                -            929   1.2e-49  167.1   6.3   6   6      0.08        84   -1.1   0.0   755   780   755   780   742   782 0.84 NODE_1062_length_63423_cov_73.241127_9 # 6840 # 9425 # -1 # ID=442_9;partial=00;start_type=ATG;rbs_motif=AGGA/GGAG/GAGG;rbs_spacer=11-12bp;gc_cont=0.536
NODE_1170_length_26855_cov_70.355133:7936-9969|- -            678 15933                -            929     7e-17   58.7   0.2   1   2   3.4e-15   3.6e-12   43.1   0.1    55   117    12    74     2   102 0.86 NODE_1170_length_26855_cov_70.355133_5 # 7936 # 9969 # -1 # ID=497_5;partial=00;start_type=ATG;rbs_motif=AGxAG;rbs_spacer=11-12bp;gc_cont=0.530
NODE_1170_length_26855_cov_70.355133:7936-9969|- -            678 15933                -            929     7e-17   58.7   0.2   2   2   3.1e-06    0.0033   13.5   0.0   587   658   320   394   296   508 0.74 NODE_1170_length_26855_cov_70.355133_5 # 7936 # 9969 # -1 # ID=497_5;partial=00;start_type=ATG;rbs_motif=AGxAG;rbs_spacer=11-12bp;gc_cont=0.530
NODE_89_length_10330_cov_70.405418:1948-3333|-   -            462 15933                -            929   5.5e-08   29.3   0.2   1   2    0.0067         7    2.4   0.1    64    93    36    65    25    81 0.93 NODE_89_length_10330_cov_70.405418_4 # 1948 # 3333 # -1 # ID=14_4;partial=00;start_type=ATG;rbs_motif=GGA/GAG/AGG;rbs_spacer=5-10bp;gc_cont=0.548
NODE_89_length_10330_cov_70.405418:1948-3333|-   -            462 15933                -            929   5.5e-08   29.3   0.2   2   2   1.3e-09   1.4e-06   24.7   0.0   556   656   222   321   207   328 0.80 NODE_89_length_10330_cov_70.405418_4 # 1948 # 3333 # -1 # ID=14_4;partial=00;start_type=ATG;rbs_motif=GGA/GAG/AGG;rbs_spacer=5-10bp;gc_cont=0.548
#
# Program:         hmmsearch
# Version:         3.4 (Aug 2023)
# Pipeline mode:   SEARCH
# Query file:      /home/simonedassisi/velvet-1.2.10/busco_downloads/lineages/enterobacteriaceae_odb12/hmms/15933at543.hmm
# Target file:     results/BUSCO_output_velveth21/prodigal_output/predicted_genes/predicted.faa
# Option settings: hmmsearch --domtblout results/BUSCO_output_velveth21/run_enterobacteriaceae_odb12/hmmer_output/15933at543.out --cpu 1 /home/simonedassisi/velvet-1.2.10/busco_downloads/lineages/enterobacteriaceae_odb12/hmms/15933at543.hmm results/BUSCO_output_velveth21/prodigal_output/predicted_genes/predicted.faa 
# Current dir:     /home/simonedassisi/velvet-1.2.10
# Date:            Wed Apr  2 19:23:56 2025
# [ok]
