#                                                                                                          --- full sequence --- -------------- this domain -------------   hmm coord   ali coord   env coord
# target name                                      accession   tlen query name           accession   qlen   E-value  score  bias   #  of  c-Evalue  i-Evalue  score  bias  from    to  from    to  from    to  acc description of target
#                              ------------------- ---------- ----- -------------------- ---------- ----- --------- ------ ----- --- --- --------- --------- ------ ----- ----- ----- ----- ----- ----- ----- ---- ---------------------
NODE_1815_length_42207_cov_77.160164:5489-6832|-   -            448 1709                 -            442  1.1e-288  955.3   5.9   1   1  1.5e-291  1.3e-288  955.1   5.9     1   441     1   441     1   442 1.00 NODE_1815_length_42207_cov_77.160164_7 # 5489 # 6832 # -1 # ID=846_7;partial=00;start_type=ATG;rbs_motif=GGA/GAG/AGG;rbs_spacer=5-10bp;gc_cont=0.504
NODE_1155_length_53173_cov_69.651268:36677-38260|- -            528 1709                 -            442   2.7e-37  126.8   0.1   1   2       3.5   3.1e+03   -5.2   3.0   118   160   142   185   125   196 0.62 NODE_1155_length_53173_cov_69.651268_30 # 36677 # 38260 # -1 # ID=488_30;partial=00;start_type=ATG;rbs_motif=3Base/5BMM;rbs_spacer=13-15bp;gc_cont=0.533
NODE_1155_length_53173_cov_69.651268:36677-38260|- -            528 1709                 -            442   2.7e-37  126.8   0.1   2   2   3.1e-40   2.7e-37  126.8   0.1   192   422   282   514   251   525 0.89 NODE_1155_length_53173_cov_69.651268_30 # 36677 # 38260 # -1 # ID=488_30;partial=00;start_type=ATG;rbs_motif=3Base/5BMM;rbs_spacer=13-15bp;gc_cont=0.533
NODE_700_length_25636_cov_68.720787:3656-5212|+    -            519 1709                 -            442   3.6e-32  109.9   0.3   1   2     0.038        34    1.3   0.4   107   161   127   186   103   197 0.71 NODE_700_length_25636_cov_68.720787_6 # 3656 # 5212 # 1 # ID=296_6;partial=00;start_type=ATG;rbs_motif=AGGAG;rbs_spacer=5-10bp;gc_cont=0.538
NODE_700_length_25636_cov_68.720787:3656-5212|+    -            519 1709                 -            442   3.6e-32  109.9   0.3   2   2   5.2e-34   4.6e-31  106.3   0.0   192   424   280   509   275   516 0.92 NODE_700_length_25636_cov_68.720787_6 # 3656 # 5212 # 1 # ID=296_6;partial=00;start_type=ATG;rbs_motif=AGGAG;rbs_spacer=5-10bp;gc_cont=0.538
NODE_1062_length_63423_cov_73.241127:26362-27240|- -            293 1709                 -            442   6.4e-26   89.3   1.4   1   1   9.1e-29     8e-26   89.0   1.4   177   429    34   286    18   291 0.89 NODE_1062_length_63423_cov_73.241127_26 # 26362 # 27240 # -1 # ID=442_26;partial=00;start_type=ATG;rbs_motif=3Base/5BMM;rbs_spacer=13-15bp;gc_cont=0.519
NODE_152_length_14891_cov_78.964272:6884-7639|-    -            252 1709                 -            442   2.6e-21   74.2   1.6   1   1   3.7e-24   3.3e-21   73.8   1.6   195   423    10   240     5   249 0.90 NODE_152_length_14891_cov_78.964272_11 # 6884 # 7639 # -1 # ID=33_11;partial=00;start_type=GTG;rbs_motif=GGA/GAG/AGG;rbs_spacer=11-12bp;gc_cont=0.519
NODE_152_length_14891_cov_78.964272:7664-8125|-    -            154 1709                 -            442   2.1e-14   51.4   5.7   1   1   5.6e-16   4.9e-13   46.9   5.7    12   167     2   144     1   150 0.89 NODE_152_length_14891_cov_78.964272_12 # 7664 # 8125 # -1 # ID=33_12;partial=00;start_type=ATG;rbs_motif=None;rbs_spacer=None;gc_cont=0.515
#
# Program:         hmmsearch
# Version:         3.4 (Aug 2023)
# Pipeline mode:   SEARCH
# Query file:      /home/simonedassisi/velvet-1.2.10/busco_downloads/lineages/enterobacteriaceae_odb12/hmms/1709at543.hmm
# Target file:     results/BUSCO_output_velveth21/prodigal_output/predicted_genes/predicted.faa
# Option settings: hmmsearch --domtblout results/BUSCO_output_velveth21/run_enterobacteriaceae_odb12/hmmer_output/1709at543.out --cpu 1 /home/simonedassisi/velvet-1.2.10/busco_downloads/lineages/enterobacteriaceae_odb12/hmms/1709at543.hmm results/BUSCO_output_velveth21/prodigal_output/predicted_genes/predicted.faa 
# Current dir:     /home/simonedassisi/velvet-1.2.10
# Date:            Wed Apr  2 19:23:56 2025
# [ok]
