#                                                                                                           --- full sequence --- -------------- this domain -------------   hmm coord   ali coord   env coord
# target name                                       accession   tlen query name           accession   qlen   E-value  score  bias   #  of  c-Evalue  i-Evalue  score  bias  from    to  from    to  from    to  acc description of target
#                               ------------------- ---------- ----- -------------------- ---------- ----- --------- ------ ----- --- --- --------- --------- ------ ----- ----- ----- ----- ----- ----- ----- ---- ---------------------
NODE_215_length_65836_cov_69.504402:28258-28515|-   -             86 1710                 -             84   2.6e-55  182.6   1.0   1   1   3.3e-58   2.9e-55  182.5   1.0     1    84     1    84     1    84 0.99 NODE_215_length_65836_cov_69.504402_31 # 28258 # 28515 # -1 # ID=52_31;partial=00;start_type=ATG;rbs_motif=GGA/GAG/AGG;rbs_spacer=5-10bp;gc_cont=0.504
NODE_1188_length_12614_cov_70.307274:5149-6279|+    -            377 1710                 -             84   4.9e-15   53.6   0.1   1   2       1.2     1e+03   -1.9   0.0    51    68   193   210   188   217 0.86 NODE_1188_length_12614_cov_70.307274_6 # 5149 # 6279 # 1 # ID=507_6;partial=00;start_type=ATG;rbs_motif=GGAG/GAGG;rbs_spacer=5-10bp;gc_cont=0.560
NODE_1188_length_12614_cov_70.307274:5149-6279|+    -            377 1710                 -             84   4.9e-15   53.6   0.1   2   2   2.1e-17   1.9e-14   51.7   0.1     5    77   289   364   285   370 0.91 NODE_1188_length_12614_cov_70.307274_6 # 5149 # 6279 # 1 # ID=507_6;partial=00;start_type=ATG;rbs_motif=GGAG/GAGG;rbs_spacer=5-10bp;gc_cont=0.560
NODE_2145_length_112275_cov_77.552353:54234-54506|- -             91 1710                 -             84   6.2e-11   40.4   0.1   1   1   8.6e-14   7.6e-11   40.1   0.1     3    81     4    83     2    85 0.93 NODE_2145_length_112275_cov_77.552353_47 # 54234 # 54506 # -1 # ID=1072_47;partial=00;start_type=ATG;rbs_motif=GGA/GAG/AGG;rbs_spacer=11-12bp;gc_cont=0.509
NODE_663_length_10701_cov_65.952057:1874-3292|+     -            473 1710                 -             84   6.8e-08   30.7   0.0   1   1   2.3e-10     2e-07   29.2   0.0     6    74   160   228   157   236 0.93 NODE_663_length_10701_cov_65.952057_3 # 1874 # 3292 # 1 # ID=282_3;partial=00;start_type=ATG;rbs_motif=AGGA;rbs_spacer=5-10bp;gc_cont=0.498
NODE_215_length_65836_cov_69.504402:56111-58606|+   -            832 1710                 -             84   8.3e-06   24.0   0.0   1   1   1.9e-08   1.7e-05   23.0   0.0    10    77    10    79     1    86 0.79 NODE_215_length_65836_cov_69.504402_57 # 56111 # 58606 # 1 # ID=52_57;partial=00;start_type=ATG;rbs_motif=GGAG/GAGG;rbs_spacer=5-10bp;gc_cont=0.551
NODE_2487_length_42213_cov_77.013382:12901-15402|-  -            834 1710                 -             84    0.0001   20.5   0.0   1   1   2.7e-07   0.00024   19.3   0.0     6    80     7    83     4    86 0.85 NODE_2487_length_42213_cov_77.013382_12 # 12901 # 15402 # -1 # ID=1291_12;partial=00;start_type=ATG;rbs_motif=GGAG/GAGG;rbs_spacer=5-10bp;gc_cont=0.551
#
# Program:         hmmsearch
# Version:         3.4 (Aug 2023)
# Pipeline mode:   SEARCH
# Query file:      /home/simonedassisi/velvet-1.2.10/busco_downloads/lineages/enterobacteriaceae_odb12/hmms/1710at543.hmm
# Target file:     results/BUSCO_output_velveth21/prodigal_output/predicted_genes/predicted.faa
# Option settings: hmmsearch --domtblout results/BUSCO_output_velveth21/run_enterobacteriaceae_odb12/hmmer_output/1710at543.out --cpu 1 /home/simonedassisi/velvet-1.2.10/busco_downloads/lineages/enterobacteriaceae_odb12/hmms/1710at543.hmm results/BUSCO_output_velveth21/prodigal_output/predicted_genes/predicted.faa 
# Current dir:     /home/simonedassisi/velvet-1.2.10
# Date:            Wed Apr  2 19:23:56 2025
# [ok]
