#                                                                                                          --- full sequence --- -------------- this domain -------------   hmm coord   ali coord   env coord
# target name                                      accession   tlen query name           accession   qlen   E-value  score  bias   #  of  c-Evalue  i-Evalue  score  bias  from    to  from    to  from    to  acc description of target
#                              ------------------- ---------- ----- -------------------- ---------- ----- --------- ------ ----- --- --- --------- --------- ------ ----- ----- ----- ----- ----- ----- ----- ---- ---------------------
NODE_663_length_10701_cov_65.952057:7197-7808|-    -            204 187                  -            201  5.1e-107  354.1   0.0   1   1  7.5e-110  5.7e-107  354.0   0.0     1   201     1   203     1   203 0.97 NODE_663_length_10701_cov_65.952057_8 # 7197 # 7808 # -1 # ID=282_8;partial=00;start_type=GTG;rbs_motif=AGGA;rbs_spacer=5-10bp;gc_cont=0.516
NODE_1573_length_22126_cov_70.879776:4925-6004|-   -            360 187                  -            201     1e-59  199.7   0.5   1   2      0.33   2.5e+02   -0.7   0.0     8    55    10    59     1    61 0.53 NODE_1573_length_22126_cov_70.879776_6 # 4925 # 6004 # -1 # ID=711_6;partial=00;start_type=ATG;rbs_motif=None;rbs_spacer=None;gc_cont=0.512
NODE_1573_length_22126_cov_70.879776:4925-6004|-   -            360 187                  -            201     1e-59  199.7   0.5   2   2   4.7e-62   3.6e-59  197.9   0.3    27   199   182   354   172   356 0.97 NODE_1573_length_22126_cov_70.879776_6 # 4925 # 6004 # -1 # ID=711_6;partial=00;start_type=ATG;rbs_motif=None;rbs_spacer=None;gc_cont=0.512
NODE_2129_length_51924_cov_72.758377:25706-27643|+ -            646 187                  -            201   2.1e-10   38.7   0.0   1   1   5.3e-13     4e-10   37.8   0.0    36   122   479   564   463   572 0.89 NODE_2129_length_51924_cov_72.758377_28 # 25706 # 27643 # 1 # ID=1066_28;partial=00;start_type=GTG;rbs_motif=GGAG/GAGG;rbs_spacer=5-10bp;gc_cont=0.547
NODE_1456_length_10502_cov_151.933624:1724-2284|-  -            187 187                  -            201    0.0024   15.7   0.0   1   1   5.2e-06    0.0039   15.0   0.0    32    84    33    95    10   129 0.74 NODE_1456_length_10502_cov_151.933624_3 # 1724 # 2284 # -1 # ID=639_3;partial=00;start_type=ATG;rbs_motif=AGGAG;rbs_spacer=5-10bp;gc_cont=0.431
NODE_519_length_20596_cov_123.484802:19842-20351|+ -            170 187                  -            201     0.014   13.1   0.0   1   1   3.2e-05     0.024   12.4   0.0    41   121    23   102    13   111 0.80 NODE_519_length_20596_cov_123.484802_30 # 19842 # 20351 # 1 # ID=212_30;partial=00;start_type=ATG;rbs_motif=GGAG/GAGG;rbs_spacer=5-10bp;gc_cont=0.451
NODE_895_length_14892_cov_65.747314:3832-5052|-    -            407 187                  -            201     0.031   12.1   0.0   1   1   6.9e-05     0.052   11.3   0.0    34    86    52   103    33   166 0.81 NODE_895_length_14892_cov_65.747314_6 # 3832 # 5052 # -1 # ID=378_6;partial=00;start_type=ATG;rbs_motif=GGA/GAG/AGG;rbs_spacer=5-10bp;gc_cont=0.520
NODE_2201_length_7379_cov_73.928040:3-1187|+       -            395 187                  -            201     0.033   12.0   0.0   1   2     0.075        56    1.4   0.0     6    23    43    60    38    83 0.80 NODE_2201_length_7379_cov_73.928040_1 # 3 # 1187 # 1 # ID=1096_1;partial=10;start_type=Edge;rbs_motif=None;rbs_spacer=None;gc_cont=0.548
NODE_2201_length_7379_cov_73.928040:3-1187|+       -            395 187                  -            201     0.033   12.0   0.0   2   2   0.00089      0.67    7.7   0.0    27    63   160   196   149   204 0.82 NODE_2201_length_7379_cov_73.928040_1 # 3 # 1187 # 1 # ID=1096_1;partial=10;start_type=Edge;rbs_motif=None;rbs_spacer=None;gc_cont=0.548
#
# Program:         hmmsearch
# Version:         3.4 (Aug 2023)
# Pipeline mode:   SEARCH
# Query file:      /home/simonedassisi/velvet-1.2.10/busco_downloads/lineages/enterobacteriaceae_odb12/hmms/187at543.hmm
# Target file:     results/BUSCO_output_velveth21/prodigal_output/predicted_genes/predicted.faa
# Option settings: hmmsearch --domtblout results/BUSCO_output_velveth21/run_enterobacteriaceae_odb12/hmmer_output/187at543.out --cpu 1 /home/simonedassisi/velvet-1.2.10/busco_downloads/lineages/enterobacteriaceae_odb12/hmms/187at543.hmm results/BUSCO_output_velveth21/prodigal_output/predicted_genes/predicted.faa 
# Current dir:     /home/simonedassisi/velvet-1.2.10
# Date:            Wed Apr  2 19:23:57 2025
# [ok]
