#                                                                                                           --- full sequence --- -------------- this domain -------------   hmm coord   ali coord   env coord
# target name                                       accession   tlen query name           accession   qlen   E-value  score  bias   #  of  c-Evalue  i-Evalue  score  bias  from    to  from    to  from    to  acc description of target
#                               ------------------- ---------- ----- -------------------- ---------- ----- --------- ------ ----- --- --- --------- --------- ------ ----- ----- ----- ----- ----- ----- ----- ---- ---------------------
NODE_2145_length_112275_cov_77.552353:78400-79737|+ -            446 20232                -            444    7e-282  932.5   2.1   1   1  7.4e-285  7.9e-282  932.3   2.1     1   443     1   444     1   445 0.99 NODE_2145_length_112275_cov_77.552353_77 # 78400 # 79737 # 1 # ID=1072_77;partial=00;start_type=ATG;rbs_motif=AGGA/GGAG/GAGG;rbs_spacer=11-12bp;gc_cont=0.544
NODE_2584_length_3101_cov_57.731056:1682-1984|+     -            101 20232                -            444   5.6e-25   85.8   0.2   1   1     6e-28   6.4e-25   85.6   0.2     4    82     3    82     1    86 0.95 NODE_2584_length_3101_cov_57.731056_3 # 1682 # 1984 # 1 # ID=1373_3;partial=00;start_type=ATG;rbs_motif=AGGA/GGAG/GAGG;rbs_spacer=11-12bp;gc_cont=0.581
NODE_239_length_4892_cov_64.298653:106-1083|+       -            326 20232                -            444   6.6e-24   82.3   0.0   1   1   7.8e-27   8.3e-24   82.0   0.0     1   272     1   276     1   282 0.83 NODE_239_length_4892_cov_64.298653_1 # 106 # 1083 # 1 # ID=62_1;partial=00;start_type=ATG;rbs_motif=GGA/GAG/AGG;rbs_spacer=5-10bp;gc_cont=0.543
NODE_239_length_4892_cov_64.298653:1067-1885|+      -            273 20232                -            444   7.4e-15   52.5   0.0   1   1   8.7e-18   9.2e-15   52.1   0.0   225   426    45   254     6   265 0.81 NODE_239_length_4892_cov_64.298653_2 # 1067 # 1885 # 1 # ID=62_2;partial=00;start_type=GTG;rbs_motif=None;rbs_spacer=None;gc_cont=0.560
NODE_1062_length_63423_cov_73.241127:48979-50619|+  -            547 20232                -            444   3.2e-10   37.2   0.0   1   3     5e-11   5.3e-08   29.9   0.1     6   133    41   177    36   201 0.78 NODE_1062_length_63423_cov_73.241127_45 # 48979 # 50619 # 1 # ID=442_45;partial=00;start_type=ATG;rbs_motif=AGGA;rbs_spacer=5-10bp;gc_cont=0.554
NODE_1062_length_63423_cov_73.241127:48979-50619|+  -            547 20232                -            444   3.2e-10   37.2   0.0   2   3    0.0024       2.6    4.5   0.0   229   347   292   417   276   434 0.76 NODE_1062_length_63423_cov_73.241127_45 # 48979 # 50619 # 1 # ID=442_45;partial=00;start_type=ATG;rbs_motif=AGGA;rbs_spacer=5-10bp;gc_cont=0.554
NODE_1062_length_63423_cov_73.241127:48979-50619|+  -            547 20232                -            444   3.2e-10   37.2   0.0   3   3      0.43   4.5e+02   -2.9   0.0   401   440   498   541   496   544 0.70 NODE_1062_length_63423_cov_73.241127_45 # 48979 # 50619 # 1 # ID=442_45;partial=00;start_type=ATG;rbs_motif=AGGA;rbs_spacer=5-10bp;gc_cont=0.554
#
# Program:         hmmsearch
# Version:         3.4 (Aug 2023)
# Pipeline mode:   SEARCH
# Query file:      /home/simonedassisi/velvet-1.2.10/busco_downloads/lineages/enterobacteriaceae_odb12/hmms/20232at543.hmm
# Target file:     results/BUSCO_output_velveth21/prodigal_output/predicted_genes/predicted.faa
# Option settings: hmmsearch --domtblout results/BUSCO_output_velveth21/run_enterobacteriaceae_odb12/hmmer_output/20232at543.out --cpu 1 /home/simonedassisi/velvet-1.2.10/busco_downloads/lineages/enterobacteriaceae_odb12/hmms/20232at543.hmm results/BUSCO_output_velveth21/prodigal_output/predicted_genes/predicted.faa 
# Current dir:     /home/simonedassisi/velvet-1.2.10
# Date:            Wed Apr  2 19:23:57 2025
# [ok]
