#                                                                                                           --- full sequence --- -------------- this domain -------------   hmm coord   ali coord   env coord
# target name                                       accession   tlen query name           accession   qlen   E-value  score  bias   #  of  c-Evalue  i-Evalue  score  bias  from    to  from    to  from    to  acc description of target
#                               ------------------- ---------- ----- -------------------- ---------- ----- --------- ------ ----- --- --- --------- --------- ------ ----- ----- ----- ----- ----- ----- ----- ---- ---------------------
NODE_1288_length_45176_cov_69.014496:9656-11020|+   -            455 2523                 -            396  1.1e-259  859.1   0.9   1   1  3.1e-262  1.3e-259  858.9   0.9     1   395     1   396     1   397 0.99 NODE_1288_length_45176_cov_69.014496_10 # 9656 # 11020 # 1 # ID=561_10;partial=00;start_type=ATG;rbs_motif=GGAG/GAGG;rbs_spacer=5-10bp;gc_cont=0.566
NODE_2145_length_112275_cov_77.552353:94610-96499|+ -            630 2523                 -            396    4e-105  350.2   0.4   1   1  1.2e-107    5e-105  349.9   0.4     2   377     7   378     6   397 0.96 NODE_2145_length_112275_cov_77.552353_89 # 94610 # 96499 # 1 # ID=1072_89;partial=00;start_type=ATG;rbs_motif=AGGA/GGAG/GAGG;rbs_spacer=11-12bp;gc_cont=0.556
NODE_888_length_35781_cov_80.233421:17379-18644|-   -            422 2523                 -            396   4.9e-94  313.7   0.0   1   1   1.5e-96     6e-94  313.4   0.0     3   379    11   388     9   402 0.95 NODE_888_length_35781_cov_80.233421_15 # 17379 # 18644 # -1 # ID=375_15;partial=00;start_type=ATG;rbs_motif=None;rbs_spacer=None;gc_cont=0.522
NODE_926_length_95421_cov_71.123581:11683-13017|-   -            445 2523                 -            396     5e-92  307.0   0.1   1   1   1.5e-94   6.3e-92  306.7   0.1     2   384     5   388     4   398 0.95 NODE_926_length_95421_cov_71.123581_12 # 11683 # 13017 # -1 # ID=386_12;partial=00;start_type=ATG;rbs_motif=GGAG/GAGG;rbs_spacer=5-10bp;gc_cont=0.547
NODE_899_length_14293_cov_69.337791:9958-11331|+    -            458 2523                 -            396   7.3e-80  267.0   0.0   1   1   2.5e-82     1e-79  266.5   0.0     8   363    10   360     2   370 0.94 NODE_899_length_14293_cov_69.337791_10 # 9958 # 11331 # 1 # ID=380_10;partial=00;start_type=GTG;rbs_motif=GGA/GAG/AGG;rbs_spacer=5-10bp;gc_cont=0.516
NODE_877_length_31483_cov_78.652222:2505-4340|+     -            612 2523                 -            396   1.6e-14   51.8   0.2   1   3   9.7e-06     0.004   14.3   0.0    14    60    17    64     5    73 0.83 NODE_877_length_31483_cov_78.652222_4 # 2505 # 4340 # 1 # ID=369_4;partial=00;start_type=GTG;rbs_motif=GGA/GAG/AGG;rbs_spacer=5-10bp;gc_cont=0.554
NODE_877_length_31483_cov_78.652222:2505-4340|+     -            612 2523                 -            396   1.6e-14   51.8   0.2   2   3      0.23        94   -0.1   0.0   261   306    84   126    80   216 0.79 NODE_877_length_31483_cov_78.652222_4 # 2505 # 4340 # 1 # ID=369_4;partial=00;start_type=GTG;rbs_motif=GGA/GAG/AGG;rbs_spacer=5-10bp;gc_cont=0.554
NODE_877_length_31483_cov_78.652222:2505-4340|+     -            612 2523                 -            396   1.6e-14   51.8   0.2   3   3   1.5e-11   6.1e-09   33.5   0.0   235   345   229   339   215   367 0.88 NODE_877_length_31483_cov_78.652222_4 # 2505 # 4340 # 1 # ID=369_4;partial=00;start_type=GTG;rbs_motif=GGA/GAG/AGG;rbs_spacer=5-10bp;gc_cont=0.554
NODE_434_length_79075_cov_70.223480:37910-42526|-   -           1539 2523                 -            396   6.5e-10   36.7   0.5   1   2   1.4e-07   5.8e-05   20.4   0.0    19   157    25   181    18   221 0.75 NODE_434_length_79075_cov_70.223480_37 # 37910 # 42526 # -1 # ID=160_37;partial=00;start_type=ATG;rbs_motif=GGA/GAG/AGG;rbs_spacer=5-10bp;gc_cont=0.568
NODE_434_length_79075_cov_70.223480:37910-42526|-   -           1539 2523                 -            396   6.5e-10   36.7   0.5   2   2   1.3e-05    0.0052   13.9   0.1   269   337   350   418   335   426 0.90 NODE_434_length_79075_cov_70.223480_37 # 37910 # 42526 # -1 # ID=160_37;partial=00;start_type=ATG;rbs_motif=GGA/GAG/AGG;rbs_spacer=5-10bp;gc_cont=0.568
NODE_614_length_35137_cov_72.104843:11308-14214|-   -            969 2523                 -            396   7.3e-07   26.6   0.0   1   1   3.6e-09   1.5e-06   25.6   0.0   239   339   498   601   488   610 0.86 NODE_614_length_35137_cov_72.104843_12 # 11308 # 14214 # -1 # ID=265_12;partial=00;start_type=ATG;rbs_motif=GGA/GAG/AGG;rbs_spacer=5-10bp;gc_cont=0.548
NODE_1999_length_25587_cov_66.390984:17957-19978|+  -            674 2523                 -            396     4e-05   20.9   0.1   1   2         1   4.2e+02   -2.2   0.0    77    97    60    80    51    90 0.86 NODE_1999_length_25587_cov_66.390984_18 # 17957 # 19978 # 1 # ID=982_18;partial=00;start_type=ATG;rbs_motif=GGA/GAG/AGG;rbs_spacer=5-10bp;gc_cont=0.533
NODE_1999_length_25587_cov_66.390984:17957-19978|+  -            674 2523                 -            396     4e-05   20.9   0.1   2   2   3.2e-07   0.00013   19.2   0.1   234   320   435   522   429   553 0.80 NODE_1999_length_25587_cov_66.390984_18 # 17957 # 19978 # 1 # ID=982_18;partial=00;start_type=ATG;rbs_motif=GGA/GAG/AGG;rbs_spacer=5-10bp;gc_cont=0.533
NODE_820_length_11940_cov_68.144218:7367-10861|+    -           1165 2523                 -            396   0.00025   18.3   2.4   1   1   1.6e-06   0.00065   16.9   2.3    23   342   616   926   609   933 0.72 NODE_820_length_11940_cov_68.144218_8 # 7367 # 10861 # 1 # ID=357_8;partial=00;start_type=ATG;rbs_motif=None;rbs_spacer=None;gc_cont=0.547
NODE_718_length_90501_cov_69.003258:11827-13341|+   -            505 2523                 -            396    0.0024   15.1   0.1   1   2      0.19        79    0.2   0.1   124   199   132   212   123   232 0.80 NODE_718_length_90501_cov_69.003258_14 # 11827 # 13341 # 1 # ID=299_14;partial=00;start_type=ATG;rbs_motif=GGAG/GAGG;rbs_spacer=5-10bp;gc_cont=0.520
NODE_718_length_90501_cov_69.003258:11827-13341|+   -            505 2523                 -            396    0.0024   15.1   0.1   2   2   3.8e-05     0.016   12.4   0.0   147   200   416   469   294   479 0.77 NODE_718_length_90501_cov_69.003258_14 # 11827 # 13341 # 1 # ID=299_14;partial=00;start_type=ATG;rbs_motif=GGAG/GAGG;rbs_spacer=5-10bp;gc_cont=0.520
NODE_1539_length_37792_cov_75.811783:24417-26498|+  -            694 2523                 -            396     0.003   14.7   0.0   1   2       1.9   7.8e+02   -3.1   0.0    80    98   323   341   298   383 0.60 NODE_1539_length_37792_cov_75.811783_29 # 24417 # 26498 # 1 # ID=694_29;partial=00;start_type=ATG;rbs_motif=GGA/GAG/AGG;rbs_spacer=5-10bp;gc_cont=0.572
NODE_1539_length_37792_cov_75.811783:24417-26498|+  -            694 2523                 -            396     0.003   14.7   0.0   2   2   1.9e-05    0.0076   13.4   0.0   270   344   519   594   506   604 0.81 NODE_1539_length_37792_cov_75.811783_29 # 24417 # 26498 # 1 # ID=694_29;partial=00;start_type=ATG;rbs_motif=GGA/GAG/AGG;rbs_spacer=5-10bp;gc_cont=0.572
NODE_1815_length_42207_cov_77.160164:16845-18347|+  -            501 2523                 -            396     0.022   11.9   0.3   1   2    0.0071       2.9    4.9   0.1   142   200   158   215   148   235 0.87 NODE_1815_length_42207_cov_77.160164_16 # 16845 # 18347 # 1 # ID=846_16;partial=00;start_type=ATG;rbs_motif=AGxAGG/AGGxGG;rbs_spacer=5-10bp;gc_cont=0.552
NODE_1815_length_42207_cov_77.160164:16845-18347|+  -            501 2523                 -            396     0.022   11.9   0.3   2   2    0.0073         3    4.9   0.0   150   203   422   475   405   492 0.83 NODE_1815_length_42207_cov_77.160164_16 # 16845 # 18347 # 1 # ID=846_16;partial=00;start_type=ATG;rbs_motif=AGxAGG/AGGxGG;rbs_spacer=5-10bp;gc_cont=0.552
#
# Program:         hmmsearch
# Version:         3.4 (Aug 2023)
# Pipeline mode:   SEARCH
# Query file:      /home/simonedassisi/velvet-1.2.10/busco_downloads/lineages/enterobacteriaceae_odb12/hmms/2523at543.hmm
# Target file:     results/BUSCO_output_velveth21/prodigal_output/predicted_genes/predicted.faa
# Option settings: hmmsearch --domtblout results/BUSCO_output_velveth21/run_enterobacteriaceae_odb12/hmmer_output/2523at543.out --cpu 1 /home/simonedassisi/velvet-1.2.10/busco_downloads/lineages/enterobacteriaceae_odb12/hmms/2523at543.hmm results/BUSCO_output_velveth21/prodigal_output/predicted_genes/predicted.faa 
# Current dir:     /home/simonedassisi/velvet-1.2.10
# Date:            Wed Apr  2 19:23:59 2025
# [ok]
