#                                                                                                           --- full sequence --- -------------- this domain -------------   hmm coord   ali coord   env coord
# target name                                       accession   tlen query name           accession   qlen   E-value  score  bias   #  of  c-Evalue  i-Evalue  score  bias  from    to  from    to  from    to  acc description of target
#                               ------------------- ---------- ----- -------------------- ---------- ----- --------- ------ ----- --- --- --------- --------- ------ ----- ----- ----- ----- ----- ----- ----- ---- ---------------------
NODE_926_length_95421_cov_71.123581:91229-92695|+   -            489 2534                 -            485         0 1051.5  10.3   1   1         0         0 1051.3  10.3     1   485     1   485     1   485 1.00 NODE_926_length_95421_cov_71.123581_80 # 91229 # 92695 # 1 # ID=386_80;partial=00;start_type=ATG;rbs_motif=GGA/GAG/AGG;rbs_spacer=5-10bp;gc_cont=0.544
NODE_592_length_39318_cov_75.666641:12053-13096|+   -            348 2534                 -            485   1.1e-52  177.6   4.3   1   2   4.9e-08   3.3e-05   21.0   0.0     8    79     8    84     1    99 0.83 NODE_592_length_39318_cov_75.666641_13 # 12053 # 13096 # 1 # ID=257_13;partial=00;start_type=ATG;rbs_motif=AGGA;rbs_spacer=5-10bp;gc_cont=0.512
NODE_592_length_39318_cov_75.666641:12053-13096|+   -            348 2534                 -            485   1.1e-52  177.6   4.3   2   2   1.7e-48   1.1e-45  154.5   4.7   238   464   119   338    89   343 0.92 NODE_592_length_39318_cov_75.666641_13 # 12053 # 13096 # 1 # ID=257_13;partial=00;start_type=ATG;rbs_motif=AGGA;rbs_spacer=5-10bp;gc_cont=0.512
NODE_1062_length_63423_cov_73.241127:26362-27240|-  -            293 2534                 -            485   0.00059   16.9   0.6   1   2   0.00021      0.14    9.1   0.0   139   201    58   122    44   132 0.77 NODE_1062_length_63423_cov_73.241127_26 # 26362 # 27240 # -1 # ID=442_26;partial=00;start_type=ATG;rbs_motif=3Base/5BMM;rbs_spacer=13-15bp;gc_cont=0.519
NODE_1062_length_63423_cov_73.241127:26362-27240|-  -            293 2534                 -            485   0.00059   16.9   0.6   2   2   2.6e-06    0.0017   15.3   0.2    99   201    81   184    75   188 0.84 NODE_1062_length_63423_cov_73.241127_26 # 26362 # 27240 # -1 # ID=442_26;partial=00;start_type=ATG;rbs_motif=3Base/5BMM;rbs_spacer=13-15bp;gc_cont=0.519
NODE_2006_length_20165_cov_69.217606:2170-2907|-    -            246 2534                 -            485    0.0049   13.8   1.1   1   2   2.4e-05     0.016   12.1   0.1   327   364    68   105    51   119 0.85 NODE_2006_length_20165_cov_69.217606_4 # 2170 # 2907 # -1 # ID=987_4;partial=00;start_type=ATG;rbs_motif=GGAG/GAGG;rbs_spacer=5-10bp;gc_cont=0.558
NODE_2006_length_20165_cov_69.217606:2170-2907|-    -            246 2534                 -            485    0.0049   13.8   1.1   2   2     0.095        63    0.3   0.1   229   298   152   225   131   231 0.66 NODE_2006_length_20165_cov_69.217606_4 # 2170 # 2907 # -1 # ID=987_4;partial=00;start_type=ATG;rbs_motif=GGAG/GAGG;rbs_spacer=5-10bp;gc_cont=0.558
NODE_2031_length_15140_cov_83.574440:8466-9656|-    -            397 2534                 -            485    0.0072   13.3   1.4   1   1   1.7e-05     0.011   12.7   1.4   320   363   292   331   263   346 0.82 NODE_2031_length_15140_cov_83.574440_11 # 8466 # 9656 # -1 # ID=1003_11;partial=00;start_type=ATG;rbs_motif=GGAG/GAGG;rbs_spacer=5-10bp;gc_cont=0.562
NODE_1815_length_42207_cov_77.160164:5489-6832|-    -            448 2534                 -            485    0.0088   13.0   0.2   1   2   0.00041      0.27    8.1   0.0   124   201   183   265   175   275 0.82 NODE_1815_length_42207_cov_77.160164_7 # 5489 # 6832 # -1 # ID=846_7;partial=00;start_type=ATG;rbs_motif=GGA/GAG/AGG;rbs_spacer=5-10bp;gc_cont=0.504
NODE_1815_length_42207_cov_77.160164:5489-6832|-    -            448 2534                 -            485    0.0088   13.0   0.2   2   2     0.016        10    2.9   0.1    90   140   278   329   268   339 0.77 NODE_1815_length_42207_cov_77.160164_7 # 5489 # 6832 # -1 # ID=846_7;partial=00;start_type=ATG;rbs_motif=GGA/GAG/AGG;rbs_spacer=5-10bp;gc_cont=0.504
NODE_1677_length_30732_cov_80.654755:15207-15977|+  -            257 2534                 -            485     0.033   11.1   1.8   1   2       1.6   1.1e+03   -3.8   0.0   227   245    48    66    31    79 0.71 NODE_1677_length_30732_cov_80.654755_18 # 15207 # 15977 # 1 # ID=765_18;partial=00;start_type=ATG;rbs_motif=AGxAGG/AGGxGG;rbs_spacer=5-10bp;gc_cont=0.581
NODE_1677_length_30732_cov_80.654755:15207-15977|+  -            257 2534                 -            485     0.033   11.1   1.8   2   2   5.1e-05     0.033   11.1   0.9   327   368   170   211   152   220 0.89 NODE_1677_length_30732_cov_80.654755_18 # 15207 # 15977 # 1 # ID=765_18;partial=00;start_type=ATG;rbs_motif=AGxAGG/AGGxGG;rbs_spacer=5-10bp;gc_cont=0.581
NODE_2145_length_112275_cov_77.552353:38463-39152|+ -            230 2534                 -            485      0.11    9.4   3.3   1   3     0.062        41    0.9   1.5   230   249    87   106    32   111 0.75 NODE_2145_length_112275_cov_77.552353_36 # 38463 # 39152 # 1 # ID=1072_36;partial=00;start_type=ATG;rbs_motif=GGA/GAG/AGG;rbs_spacer=5-10bp;gc_cont=0.578
NODE_2145_length_112275_cov_77.552353:38463-39152|+ -            230 2534                 -            485      0.11    9.4   3.3   2   3     0.035        23    1.7   0.1   231   250    88   107    82   123 0.85 NODE_2145_length_112275_cov_77.552353_36 # 38463 # 39152 # 1 # ID=1072_36;partial=00;start_type=ATG;rbs_motif=GGA/GAG/AGG;rbs_spacer=5-10bp;gc_cont=0.578
NODE_2145_length_112275_cov_77.552353:38463-39152|+ -            230 2534                 -            485      0.11    9.4   3.3   3   3   0.00057      0.37    7.6   0.0   325   365   171   211   146   217 0.91 NODE_2145_length_112275_cov_77.552353_36 # 38463 # 39152 # 1 # ID=1072_36;partial=00;start_type=ATG;rbs_motif=GGA/GAG/AGG;rbs_spacer=5-10bp;gc_cont=0.578
#
# Program:         hmmsearch
# Version:         3.4 (Aug 2023)
# Pipeline mode:   SEARCH
# Query file:      /home/simonedassisi/velvet-1.2.10/busco_downloads/lineages/enterobacteriaceae_odb12/hmms/2534at543.hmm
# Target file:     results/BUSCO_output_velveth21/prodigal_output/predicted_genes/predicted.faa
# Option settings: hmmsearch --domtblout results/BUSCO_output_velveth21/run_enterobacteriaceae_odb12/hmmer_output/2534at543.out --cpu 1 /home/simonedassisi/velvet-1.2.10/busco_downloads/lineages/enterobacteriaceae_odb12/hmms/2534at543.hmm results/BUSCO_output_velveth21/prodigal_output/predicted_genes/predicted.faa 
# Current dir:     /home/simonedassisi/velvet-1.2.10
# Date:            Wed Apr  2 19:23:59 2025
# [ok]
