#                                                                                                          --- full sequence --- -------------- this domain -------------   hmm coord   ali coord   env coord
# target name                                      accession   tlen query name           accession   qlen   E-value  score  bias   #  of  c-Evalue  i-Evalue  score  bias  from    to  from    to  from    to  acc description of target
#                              ------------------- ---------- ----- -------------------- ---------- ----- --------- ------ ----- --- --- --------- --------- ------ ----- ----- ----- ----- ----- ----- ----- ---- ---------------------
NODE_1188_length_12614_cov_70.307274:6279-7217|+   -            313 25694                -            312  9.2e-205  677.0   0.1   1   1  3.1e-207    1e-204  676.8   0.1     1   312     1   312     1   312 1.00 NODE_1188_length_12614_cov_70.307274_7 # 6279 # 7217 # 1 # ID=507_7;partial=00;start_type=ATG;rbs_motif=GGAGG;rbs_spacer=5-10bp;gc_cont=0.534
NODE_184_length_6556_cov_74.450729:5669-6574|-     -            302 25694                -            312   2.8e-35  120.2   0.0   1   1   8.9e-38   2.9e-35  120.2   0.0    32   288    23   282     1   301 0.86 NODE_184_length_6556_cov_74.450729_8 # 5669 # 6574 # -1 # ID=44_8;partial=01;start_type=Edge;rbs_motif=None;rbs_spacer=None;gc_cont=0.545
NODE_1170_length_26855_cov_70.355133:22220-23185|- -            322 25694                -            312   1.4e-15   55.6   0.0   1   1   5.4e-18   1.8e-15   55.2   0.0    32   287    46   301    32   310 0.88 NODE_1170_length_26855_cov_70.355133_20 # 22220 # 23185 # -1 # ID=497_20;partial=00;start_type=ATG;rbs_motif=GGAGG;rbs_spacer=3-4bp;gc_cont=0.570
NODE_2305_length_33814_cov_83.113121:3239-4168|-   -            310 25694                -            312   1.4e-14   52.2   0.0   1   1   6.2e-17     2e-14   51.7   0.0   178   289   178   289   153   308 0.86 NODE_2305_length_33814_cov_83.113121_4 # 3239 # 4168 # -1 # ID=1155_4;partial=00;start_type=ATG;rbs_motif=GGA/GAG/AGG;rbs_spacer=5-10bp;gc_cont=0.520
NODE_1709_length_68036_cov_72.575531:66454-67542|+ -            363 25694                -            312   2.6e-13   48.1   0.0   1   1   2.5e-15   8.2e-13   46.4   0.0   150   286   201   340    84   353 0.78 NODE_1709_length_68036_cov_72.575531_60 # 66454 # 67542 # 1 # ID=785_60;partial=00;start_type=ATG;rbs_motif=None;rbs_spacer=None;gc_cont=0.514
NODE_1188_length_12614_cov_70.307274:9349-10290|+  -            314 25694                -            312   1.1e-12   46.0   0.2   1   1   4.7e-15   1.6e-12   45.5   0.2   183   288   183   289   134   306 0.90 NODE_1188_length_12614_cov_70.307274_9 # 9349 # 10290 # 1 # ID=507_9;partial=00;start_type=ATG;rbs_motif=GGAG/GAGG;rbs_spacer=5-10bp;gc_cont=0.472
NODE_846_length_63393_cov_76.936378:10163-11059|+  -            299 25694                -            312   3.2e-08   31.4   0.0   1   1   1.7e-10   5.7e-08   30.5   0.0   200   299   186   290   176   296 0.82 NODE_846_length_63393_cov_76.936378_9 # 10163 # 11059 # 1 # ID=361_9;partial=00;start_type=ATG;rbs_motif=AGGA;rbs_spacer=5-10bp;gc_cont=0.556
NODE_1441_length_52686_cov_76.197510:31958-32743|+ -            262 25694                -            312   2.8e-07   28.2   0.9   1   2      0.23        76    0.6   0.0    38   133    23   116    17   124 0.64 NODE_1441_length_52686_cov_76.197510_36 # 31958 # 32743 # 1 # ID=633_36;partial=00;start_type=ATG;rbs_motif=GGAGG;rbs_spacer=5-10bp;gc_cont=0.576
NODE_1441_length_52686_cov_76.197510:31958-32743|+ -            262 25694                -            312   2.8e-07   28.2   0.9   2   2   3.9e-09   1.3e-06   26.1   0.2   211   286   180   255   171   259 0.89 NODE_1441_length_52686_cov_76.197510_36 # 31958 # 32743 # 1 # ID=633_36;partial=00;start_type=ATG;rbs_motif=GGAGG;rbs_spacer=5-10bp;gc_cont=0.576
NODE_215_length_65836_cov_69.504402:25043-25894|+  -            284 25694                -            312   2.9e-06   24.9   0.1   1   1   2.9e-08   9.6e-06   23.2   0.1   146   275   102   253    81   265 0.65 NODE_215_length_65836_cov_69.504402_28 # 25043 # 25894 # 1 # ID=52_28;partial=00;start_type=ATG;rbs_motif=AGGAG;rbs_spacer=5-10bp;gc_cont=0.523
NODE_370_length_1644_cov_70.197685:1103-1663|-     -            187 25694                -            312     1e-05   23.1   0.1   1   1   4.5e-08   1.5e-05   22.6   0.1   216   287    93   164    83   169 0.92 NODE_370_length_1644_cov_70.197685_2 # 1103 # 1663 # -1 # ID=117_2;partial=01;start_type=Edge;rbs_motif=None;rbs_spacer=None;gc_cont=0.406
NODE_325_length_24164_cov_71.927742:18221-19312|+  -            364 25694                -            312   1.8e-05   22.4   0.0   1   1     1e-07   3.4e-05   21.4   0.0    39   288    50   297    33   312 0.79 NODE_325_length_24164_cov_71.927742_16 # 18221 # 19312 # 1 # ID=98_16;partial=00;start_type=ATG;rbs_motif=AGGAG;rbs_spacer=5-10bp;gc_cont=0.570
NODE_2452_length_20877_cov_81.941704:14524-15444|- -            307 25694                -            312   4.2e-05   21.1   0.1   1   1     2e-07   6.8e-05   20.4   0.1   216   266   212   262   191   292 0.81 NODE_2452_length_20877_cov_81.941704_14 # 14524 # 15444 # -1 # ID=1264_14;partial=00;start_type=ATG;rbs_motif=GGAG/GAGG;rbs_spacer=5-10bp;gc_cont=0.479
NODE_434_length_79075_cov_70.223480:55713-56573|+  -            287 25694                -            312   6.4e-05   20.5   0.1   1   1   2.9e-07   9.7e-05   19.9   0.1   176   286   135   255   116   274 0.78 NODE_434_length_79075_cov_70.223480_54 # 55713 # 56573 # 1 # ID=160_54;partial=00;start_type=ATG;rbs_motif=GGA/GAG/AGG;rbs_spacer=5-10bp;gc_cont=0.531
NODE_190_length_21144_cov_76.620888:18616-19530|+  -            305 25694                -            312   7.3e-05   20.3   0.0   1   1     4e-07   0.00013   19.5   0.0   184   286   184   288   165   301 0.72 NODE_190_length_21144_cov_76.620888_14 # 18616 # 19530 # 1 # ID=47_14;partial=00;start_type=ATG;rbs_motif=GGA/GAG/AGG;rbs_spacer=5-10bp;gc_cont=0.517
NODE_1409_length_42920_cov_76.053520:22444-23373|+ -            310 25694                -            312    0.0018   15.8   0.2   1   1   8.8e-06    0.0029   15.1   0.2   203   276   211   285   112   306 0.78 NODE_1409_length_42920_cov_76.053520_18 # 22444 # 23373 # 1 # ID=623_18;partial=00;start_type=ATG;rbs_motif=GGA/GAG/AGG;rbs_spacer=5-10bp;gc_cont=0.566
NODE_2616_length_7178_cov_72.575790:4272-5150|-    -            293 25694                -            312      0.02   12.3   0.0   1   2    0.0001     0.034   11.6   0.0     6    77    49   122    45   193 0.84 NODE_2616_length_7178_cov_72.575790_8 # 4272 # 5150 # -1 # ID=1399_8;partial=00;start_type=ATG;rbs_motif=GGAG/GAGG;rbs_spacer=5-10bp;gc_cont=0.520
NODE_2616_length_7178_cov_72.575790:4272-5150|-    -            293 25694                -            312      0.02   12.3   0.0   2   2       5.8   1.9e+03   -4.0   0.0   165   180   274   289   271   291 0.84 NODE_2616_length_7178_cov_72.575790_8 # 4272 # 5150 # -1 # ID=1399_8;partial=00;start_type=ATG;rbs_motif=GGAG/GAGG;rbs_spacer=5-10bp;gc_cont=0.520
#
# Program:         hmmsearch
# Version:         3.4 (Aug 2023)
# Pipeline mode:   SEARCH
# Query file:      /home/simonedassisi/velvet-1.2.10/busco_downloads/lineages/enterobacteriaceae_odb12/hmms/25694at543.hmm
# Target file:     results/BUSCO_output_velveth21/prodigal_output/predicted_genes/predicted.faa
# Option settings: hmmsearch --domtblout results/BUSCO_output_velveth21/run_enterobacteriaceae_odb12/hmmer_output/25694at543.out --cpu 1 /home/simonedassisi/velvet-1.2.10/busco_downloads/lineages/enterobacteriaceae_odb12/hmms/25694at543.hmm results/BUSCO_output_velveth21/prodigal_output/predicted_genes/predicted.faa 
# Current dir:     /home/simonedassisi/velvet-1.2.10
# Date:            Wed Apr  2 19:23:59 2025
# [ok]
