#                                                                                                          --- full sequence --- -------------- this domain -------------   hmm coord   ali coord   env coord
# target name                                      accession   tlen query name           accession   qlen   E-value  score  bias   #  of  c-Evalue  i-Evalue  score  bias  from    to  from    to  from    to  acc description of target
#                              ------------------- ---------- ----- -------------------- ---------- ----- --------- ------ ----- --- --- --------- --------- ------ ----- ----- ----- ----- ----- ----- ----- ---- ---------------------
NODE_482_length_21709_cov_69.527618:11470-12303|-  -            278 2572                 -            276  7.4e-148  489.3   0.0   1   1  3.5e-150  8.3e-148  489.1   0.0     1   275     1   275     1   276 1.00 NODE_482_length_21709_cov_69.527618_14 # 11470 # 12303 # -1 # ID=196_14;partial=00;start_type=ATG;rbs_motif=AGxAGG/AGGxGG;rbs_spacer=3-4bp;gc_cont=0.558
NODE_679_length_36641_cov_70.533279:14520-15452|+  -            311 2572                 -            276     1e-38  131.3   0.0   1   1   5.7e-41   1.4e-38  130.9   0.0    47   240    68   264    63   274 0.91 NODE_679_length_36641_cov_70.533279_15 # 14520 # 15452 # 1 # ID=288_15;partial=00;start_type=GTG;rbs_motif=GGAGG;rbs_spacer=5-10bp;gc_cont=0.527
NODE_2129_length_51924_cov_72.758377:2969-4042|-   -            358 2572                 -            276   1.4e-12   45.5   0.0   1   1   1.1e-14   2.6e-12   44.7   0.0   106   195   193   280   182   288 0.88 NODE_2129_length_51924_cov_72.758377_5 # 2969 # 4042 # -1 # ID=1066_5;partial=00;start_type=ATG;rbs_motif=AGGAG;rbs_spacer=5-10bp;gc_cont=0.558
NODE_926_length_95421_cov_71.123581:13149-13886|+  -            246 2572                 -            276   8.6e-12   43.0   0.0   1   1   5.1e-14   1.2e-11   42.5   0.0   111   189    46   128    39   143 0.80 NODE_926_length_95421_cov_71.123581_13 # 13149 # 13886 # 1 # ID=386_13;partial=00;start_type=ATG;rbs_motif=GGA/GAG/AGG;rbs_spacer=5-10bp;gc_cont=0.535
NODE_299_length_31306_cov_74.835876:17472-18608|-  -            379 2572                 -            276   6.1e-10   36.9   0.0   1   2       4.1     1e+03   -3.2   0.0    99   132    32    67     7    69 0.66 NODE_299_length_31306_cov_74.835876_15 # 17472 # 18608 # -1 # ID=91_15;partial=00;start_type=ATG;rbs_motif=AGGAGG;rbs_spacer=3-4bp;gc_cont=0.541
NODE_299_length_31306_cov_74.835876:17472-18608|-  -            379 2572                 -            276   6.1e-10   36.9   0.0   2   2   6.5e-12   1.6e-09   35.6   0.0   109   190   228   312   209   325 0.86 NODE_299_length_31306_cov_74.835876_15 # 17472 # 18608 # -1 # ID=91_15;partial=00;start_type=ATG;rbs_motif=AGGAGG;rbs_spacer=3-4bp;gc_cont=0.541
NODE_1689_length_18974_cov_72.810692:7751-8878|-   -            376 2572                 -            276   7.6e-06   23.5   0.0   1   1     5e-08   1.2e-05   22.8   0.0   112   185   236   309   220   316 0.88 NODE_1689_length_18974_cov_72.810692_11 # 7751 # 8878 # -1 # ID=775_11;partial=00;start_type=ATG;rbs_motif=GGA/GAG/AGG;rbs_spacer=5-10bp;gc_cont=0.544
NODE_2111_length_12361_cov_66.461288:2966-4141|+   -            392 2572                 -            276   1.5e-05   22.5   0.0   1   1   9.5e-08   2.3e-05   21.9   0.0   111   194   217   306   206   327 0.76 NODE_2111_length_12361_cov_66.461288_5 # 2966 # 4141 # 1 # ID=1057_5;partial=00;start_type=GTG;rbs_motif=GGA/GAG/AGG;rbs_spacer=5-10bp;gc_cont=0.521
NODE_142_length_13006_cov_73.540901:2901-4202|+    -            434 2572                 -            276   4.9e-05   20.8   0.0   1   1   3.4e-07   8.1e-05   20.1   0.0    96   175   272   350   250   354 0.82 NODE_142_length_13006_cov_73.540901_2 # 2901 # 4202 # 1 # ID=32_2;partial=00;start_type=ATG;rbs_motif=GGA/GAG/AGG;rbs_spacer=11-12bp;gc_cont=0.514
NODE_718_length_90501_cov_69.003258:89058-89867|+  -            270 2572                 -            276   0.00014   19.3   0.0   1   1   8.9e-07   0.00021   18.7   0.0    97   152    73   128    68   140 0.91 NODE_718_length_90501_cov_69.003258_90 # 89058 # 89867 # 1 # ID=299_90;partial=00;start_type=ATG;rbs_motif=GGAG/GAGG;rbs_spacer=5-10bp;gc_cont=0.514
NODE_2305_length_33814_cov_83.113121:17782-18405|+ -            208 2572                 -            276   0.00017   19.1   0.0   1   1   8.9e-07   0.00021   18.7   0.0    92   170    44   126    15   141 0.85 NODE_2305_length_33814_cov_83.113121_16 # 17782 # 18405 # 1 # ID=1155_16;partial=00;start_type=GTG;rbs_motif=GGA/GAG/AGG;rbs_spacer=5-10bp;gc_cont=0.487
NODE_2145_length_112275_cov_77.552353:1-711|-      -            237 2572                 -            276   0.00018   18.9   0.0   1   1   1.1e-06   0.00027   18.4   0.0    96   159   145   207   141   215 0.87 NODE_2145_length_112275_cov_77.552353_1 # 1 # 711 # -1 # ID=1072_1;partial=10;start_type=ATG;rbs_motif=GGA/GAG/AGG;rbs_spacer=5-10bp;gc_cont=0.550
NODE_2487_length_42213_cov_77.013382:38085-39185|- -            367 2572                 -            276    0.0002   18.8   0.1   1   1   1.3e-06   0.00031   18.2   0.1    98   165   199   264   185   277 0.90 NODE_2487_length_42213_cov_77.013382_31 # 38085 # 39185 # -1 # ID=1291_31;partial=00;start_type=ATG;rbs_motif=AGGA;rbs_spacer=5-10bp;gc_cont=0.503
NODE_895_length_14892_cov_65.747314:3015-3785|+    -            257 2572                 -            276   0.00064   17.2   0.1   1   2     7e-05     0.017   12.5   0.1   109   182    44   116    32   119 0.82 NODE_895_length_14892_cov_65.747314_5 # 3015 # 3785 # 1 # ID=378_5;partial=00;start_type=ATG;rbs_motif=AGGA;rbs_spacer=5-10bp;gc_cont=0.490
NODE_895_length_14892_cov_65.747314:3015-3785|+    -            257 2572                 -            276   0.00064   17.2   0.1   2   2     0.082        20    2.4   0.0   216   272   125   183   119   186 0.81 NODE_895_length_14892_cov_65.747314_5 # 3015 # 3785 # 1 # ID=378_5;partial=00;start_type=ATG;rbs_motif=AGGA;rbs_spacer=5-10bp;gc_cont=0.490
NODE_1573_length_22126_cov_70.879776:7585-8304|+   -            240 2572                 -            276    0.0018   15.7   0.0   1   1   1.3e-05     0.003   14.9   0.0   113   172    67   126    58   133 0.88 NODE_1573_length_22126_cov_70.879776_9 # 7585 # 8304 # 1 # ID=711_9;partial=00;start_type=ATG;rbs_motif=None;rbs_spacer=None;gc_cont=0.525
NODE_2159_length_50550_cov_71.258598:23982-24767|- -            262 2572                 -            276    0.0018   15.7   0.1   1   1   1.2e-05    0.0029   15.0   0.1   100   164    35    98    32   108 0.86 NODE_2159_length_50550_cov_71.258598_18 # 23982 # 24767 # -1 # ID=1079_18;partial=00;start_type=ATG;rbs_motif=GGAG/GAGG;rbs_spacer=5-10bp;gc_cont=0.517
NODE_434_length_79075_cov_70.223480:29068-30216|-  -            383 2572                 -            276    0.0044   14.4   0.0   1   1   2.8e-05    0.0067   13.8   0.0   109   163   167   217   153   256 0.81 NODE_434_length_79075_cov_70.223480_28 # 29068 # 30216 # -1 # ID=160_28;partial=00;start_type=ATG;rbs_motif=GGAG/GAGG;rbs_spacer=5-10bp;gc_cont=0.480
NODE_2185_length_35330_cov_74.210983:26526-27152|- -            209 2572                 -            276    0.0051   14.2   0.0   1   1   2.6e-05    0.0064   13.9   0.0   108   187    74   154    39   166 0.80 NODE_2185_length_35330_cov_74.210983_29 # 26526 # 27152 # -1 # ID=1088_29;partial=00;start_type=ATG;rbs_motif=GGAG/GAGG;rbs_spacer=5-10bp;gc_cont=0.534
NODE_1934_length_22848_cov_83.549324:19390-20136|- -            249 2572                 -            276     0.013   12.9   0.0   1   1   0.00011     0.025   11.9   0.0   108   173    35   100    23   109 0.80 NODE_1934_length_22848_cov_83.549324_19 # 19390 # 20136 # -1 # ID=928_19;partial=00;start_type=ATG;rbs_motif=AGGA;rbs_spacer=5-10bp;gc_cont=0.590
NODE_1144_length_51838_cov_69.979935:33051-33809|- -            253 2572                 -            276     0.024   12.0   0.0   1   2   0.00024     0.059   10.7   0.0   103   155    24    77    14   101 0.78 NODE_1144_length_51838_cov_69.979935_36 # 33051 # 33809 # -1 # ID=484_36;partial=00;start_type=ATG;rbs_motif=GGAG/GAGG;rbs_spacer=5-10bp;gc_cont=0.542
NODE_1144_length_51838_cov_69.979935:33051-33809|- -            253 2572                 -            276     0.024   12.0   0.0   2   2       2.6   6.3e+02   -2.5   0.0   222   243   129   150   125   152 0.84 NODE_1144_length_51838_cov_69.979935_36 # 33051 # 33809 # -1 # ID=484_36;partial=00;start_type=ATG;rbs_motif=GGAG/GAGG;rbs_spacer=5-10bp;gc_cont=0.542
NODE_644_length_31137_cov_72.486465:3913-4635|-    -            241 2572                 -            276     0.036   11.4   0.0   1   1   0.00026     0.061   10.6   0.0   112   159    59   104    55   128 0.82 NODE_644_length_31137_cov_72.486465_3 # 3913 # 4635 # -1 # ID=277_3;partial=00;start_type=ATG;rbs_motif=AGGA/GGAG/GAGG;rbs_spacer=11-12bp;gc_cont=0.539
NODE_1520_length_13881_cov_67.268860:480-1490|-    -            337 2572                 -            276     0.052   10.9   0.2   1   1   0.00031     0.075   10.4   0.2   112   160   166   213   153   235 0.87 NODE_1520_length_13881_cov_67.268860_2 # 480 # 1490 # -1 # ID=684_2;partial=00;start_type=ATG;rbs_motif=AGGAGG;rbs_spacer=3-4bp;gc_cont=0.525
NODE_926_length_95421_cov_71.123581:50019-51080|+  -            354 2572                 -            276     0.056   10.8   0.0   1   1   0.00036     0.086   10.2   0.0   111   151   176   217   163   222 0.87 NODE_926_length_95421_cov_71.123581_43 # 50019 # 51080 # 1 # ID=386_43;partial=00;start_type=ATG;rbs_motif=GGAG/GAGG;rbs_spacer=5-10bp;gc_cont=0.556
#
# Program:         hmmsearch
# Version:         3.4 (Aug 2023)
# Pipeline mode:   SEARCH
# Query file:      /home/simonedassisi/velvet-1.2.10/busco_downloads/lineages/enterobacteriaceae_odb12/hmms/2572at543.hmm
# Target file:     results/BUSCO_output_velveth21/prodigal_output/predicted_genes/predicted.faa
# Option settings: hmmsearch --domtblout results/BUSCO_output_velveth21/run_enterobacteriaceae_odb12/hmmer_output/2572at543.out --cpu 1 /home/simonedassisi/velvet-1.2.10/busco_downloads/lineages/enterobacteriaceae_odb12/hmms/2572at543.hmm results/BUSCO_output_velveth21/prodigal_output/predicted_genes/predicted.faa 
# Current dir:     /home/simonedassisi/velvet-1.2.10
# Date:            Wed Apr  2 19:23:59 2025
# [ok]
