#                                                                                                             --- full sequence --- -------------- this domain -------------   hmm coord   ali coord   env coord
# target name                                         accession   tlen query name           accession   qlen   E-value  score  bias   #  of  c-Evalue  i-Evalue  score  bias  from    to  from    to  from    to  acc description of target
#                                 ------------------- ---------- ----- -------------------- ---------- ----- --------- ------ ----- --- --- --------- --------- ------ ----- ----- ----- ----- ----- ----- ----- ---- ---------------------
NODE_2145_length_112275_cov_77.552353:70717-71889|+   -            391 2716                 -            387  3.5e-231  765.2   0.1   1   1  5.9e-234  3.9e-231  765.1   0.1     1   387     1   390     1   390 0.99 NODE_2145_length_112275_cov_77.552353_70 # 70717 # 71889 # 1 # ID=1072_70;partial=00;start_type=ATG;rbs_motif=GGAG/GAGG;rbs_spacer=5-10bp;gc_cont=0.533
NODE_482_length_21709_cov_69.527618:20585-21676|+     -            364 2716                 -            387   1.5e-14   52.1   0.7   1   1   1.6e-16     1e-13   49.3   0.6   162   267     5   133     3   153 0.75 NODE_482_length_21709_cov_69.527618_23 # 20585 # 21676 # 1 # ID=196_23;partial=00;start_type=ATG;rbs_motif=GGA/GAG/AGG;rbs_spacer=11-12bp;gc_cont=0.510
NODE_1570_length_36954_cov_78.025352:25627-26907|+    -            427 2716                 -            387   4.2e-14   50.6   0.0   1   1   9.6e-17   6.3e-14   50.0   0.0   151   292   192   326   165   343 0.83 NODE_1570_length_36954_cov_78.025352_25 # 25627 # 26907 # 1 # ID=708_25;partial=00;start_type=TTG;rbs_motif=GGAG/GAGG;rbs_spacer=5-10bp;gc_cont=0.538
NODE_926_length_95421_cov_71.123581:87944-89416|+     -            491 2716                 -            387   3.1e-09   34.6   0.0   1   2   3.6e-08   2.4e-05   21.8   0.0   162   374     5   197     1   200 0.75 NODE_926_length_95421_cov_71.123581_77 # 87944 # 89416 # 1 # ID=386_77;partial=00;start_type=ATG;rbs_motif=GGAG/GAGG;rbs_spacer=5-10bp;gc_cont=0.520
NODE_926_length_95421_cov_71.123581:87944-89416|+     -            491 2716                 -            387   3.1e-09   34.6   0.0   2   2   0.00049      0.32    8.2   0.0   162   329   205   369   199   384 0.62 NODE_926_length_95421_cov_71.123581_77 # 87944 # 89416 # 1 # ID=386_77;partial=00;start_type=ATG;rbs_motif=GGAG/GAGG;rbs_spacer=5-10bp;gc_cont=0.520
NODE_1434_length_95894_cov_75.275742:16477-18798|+    -            774 2716                 -            387    0.0092   13.3   0.0   1   1   2.3e-05     0.015   12.5   0.0   162   216     6    59     3    68 0.86 NODE_1434_length_95894_cov_75.275742_14 # 16477 # 18798 # 1 # ID=631_14;partial=00;start_type=ATG;rbs_motif=None;rbs_spacer=None;gc_cont=0.548
NODE_2145_length_112275_cov_77.552353:102325-102636|- -            104 2716                 -            387     0.025   11.8   0.0   1   1   4.4e-05     0.029   11.6   0.0    48   121    14    86     9    97 0.84 NODE_2145_length_112275_cov_77.552353_96 # 102325 # 102636 # -1 # ID=1072_96;partial=00;start_type=ATG;rbs_motif=None;rbs_spacer=None;gc_cont=0.551
NODE_2129_length_51924_cov_72.758377:24833-25495|-    -            221 2716                 -            387     0.038   11.2   0.0   1   1    0.0001     0.069   10.4   0.0   150   180    23    53    12    60 0.87 NODE_2129_length_51924_cov_72.758377_27 # 24833 # 25495 # -1 # ID=1066_27;partial=00;start_type=GTG;rbs_motif=AGGA/GGAG/GAGG;rbs_spacer=11-12bp;gc_cont=0.563
NODE_1847_length_31756_cov_77.062065:12274-13269|+    -            332 2716                 -            387      0.11    9.7   1.6   1   2     0.013       8.4    3.5   0.1   162   178    57    73    54    77 0.89 NODE_1847_length_31756_cov_77.062065_12 # 12274 # 13269 # 1 # ID=863_12;partial=00;start_type=ATG;rbs_motif=None;rbs_spacer=None;gc_cont=0.538
NODE_1847_length_31756_cov_77.062065:12274-13269|+    -            332 2716                 -            387      0.11    9.7   1.6   2   2    0.0037       2.4    5.3   0.2   303   369   228   296   180   303 0.66 NODE_1847_length_31756_cov_77.062065_12 # 12274 # 13269 # 1 # ID=863_12;partial=00;start_type=ATG;rbs_motif=None;rbs_spacer=None;gc_cont=0.538
#
# Program:         hmmsearch
# Version:         3.4 (Aug 2023)
# Pipeline mode:   SEARCH
# Query file:      /home/simonedassisi/velvet-1.2.10/busco_downloads/lineages/enterobacteriaceae_odb12/hmms/2716at543.hmm
# Target file:     results/BUSCO_output_velveth21/prodigal_output/predicted_genes/predicted.faa
# Option settings: hmmsearch --domtblout results/BUSCO_output_velveth21/run_enterobacteriaceae_odb12/hmmer_output/2716at543.out --cpu 1 /home/simonedassisi/velvet-1.2.10/busco_downloads/lineages/enterobacteriaceae_odb12/hmms/2716at543.hmm results/BUSCO_output_velveth21/prodigal_output/predicted_genes/predicted.faa 
# Current dir:     /home/simonedassisi/velvet-1.2.10
# Date:            Wed Apr  2 19:23:59 2025
# [ok]
