#                                                                                                          --- full sequence --- -------------- this domain -------------   hmm coord   ali coord   env coord
# target name                                      accession   tlen query name           accession   qlen   E-value  score  bias   #  of  c-Evalue  i-Evalue  score  bias  from    to  from    to  from    to  acc description of target
#                              ------------------- ---------- ----- -------------------- ---------- ----- --------- ------ ----- --- --- --------- --------- ------ ----- ----- ----- ----- ----- ----- ----- ---- ---------------------
NODE_926_length_95421_cov_71.123581:82456-83469|+  -            338 2790                 -            151   3.9e-82  271.5   0.1   1   1   6.1e-85   5.4e-82  271.0   0.1     1   150     1   153     1   154 0.96 NODE_926_length_95421_cov_71.123581_72 # 82456 # 83469 # 1 # ID=386_72;partial=00;start_type=ATG;rbs_motif=None;rbs_spacer=None;gc_cont=0.545
NODE_2132_length_53289_cov_67.616959:43280-43837|+ -            186 2790                 -            151   1.2e-05   23.1   0.1   1   2   3.3e-08   2.9e-05   21.9   0.0    14    57     8    51     2    71 0.91 NODE_2132_length_53289_cov_67.616959_43 # 43280 # 43837 # 1 # ID=1067_43;partial=00;start_type=ATG;rbs_motif=AGGA;rbs_spacer=5-10bp;gc_cont=0.511
NODE_2132_length_53289_cov_67.616959:43280-43837|+ -            186 2790                 -            151   1.2e-05   23.1   0.1   2   2       1.4   1.2e+03   -2.8   0.0    12    26   118   132   113   134 0.80 NODE_2132_length_53289_cov_67.616959_43 # 43280 # 43837 # 1 # ID=1067_43;partial=00;start_type=ATG;rbs_motif=AGGA;rbs_spacer=5-10bp;gc_cont=0.511
NODE_1771_length_5283_cov_152.475861:4827-5249|-   -            141 2790                 -            151   1.8e-05   22.6   0.0   1   1   2.9e-08   2.5e-05   22.1   0.0    12    61    33    82    24    86 0.89 NODE_1771_length_5283_cov_152.475861_3 # 4827 # 5249 # -1 # ID=821_3;partial=00;start_type=ATG;rbs_motif=AGGAG;rbs_spacer=5-10bp;gc_cont=0.489
NODE_1144_length_51838_cov_69.979935:48698-48964|+ -             89 2790                 -            151    0.0041   14.9   0.0   1   1   5.9e-06    0.0052   14.6   0.0    15    59    14    58     4    61 0.87 NODE_1144_length_51838_cov_69.979935_47 # 48698 # 48964 # 1 # ID=484_47;partial=00;start_type=ATG;rbs_motif=GGA/GAG/AGG;rbs_spacer=5-10bp;gc_cont=0.438
NODE_1175_length_10478_cov_65.565277:2765-3343|-   -            193 2790                 -            151      0.39    8.5   8.9   1   2       0.6   5.3e+02   -1.7   0.0   111   127   129   145   127   158 0.74 NODE_1175_length_10478_cov_65.565277_3 # 2765 # 3343 # -1 # ID=500_3;partial=00;start_type=ATG;rbs_motif=AGGA/GGAG/GAGG;rbs_spacer=11-12bp;gc_cont=0.544
NODE_1175_length_10478_cov_65.565277:2765-3343|-   -            193 2790                 -            151      0.39    8.5   8.9   2   2   0.00026      0.22    9.3   6.7   107   134   156   183   148   190 0.87 NODE_1175_length_10478_cov_65.565277_3 # 2765 # 3343 # -1 # ID=500_3;partial=00;start_type=ATG;rbs_motif=AGGA/GGAG/GAGG;rbs_spacer=11-12bp;gc_cont=0.544
NODE_1229_length_78306_cov_70.440285:77116-78291|+ -            392 2790                 -            151       1.3    6.8   6.6   1   2      0.18   1.6e+02    0.1   0.0   112   126     6    20     2    23 0.85 NODE_1229_length_78306_cov_70.440285_69 # 77116 # 78291 # 1 # ID=529_69;partial=00;start_type=ATG;rbs_motif=None;rbs_spacer=None;gc_cont=0.588
NODE_1229_length_78306_cov_70.440285:77116-78291|+ -            392 2790                 -            151       1.3    6.8   6.6   2   2    0.0037       3.3    5.5   4.4   106   136   156   185   152   196 0.81 NODE_1229_length_78306_cov_70.440285_69 # 77116 # 78291 # 1 # ID=529_69;partial=00;start_type=ATG;rbs_motif=None;rbs_spacer=None;gc_cont=0.588
#
# Program:         hmmsearch
# Version:         3.4 (Aug 2023)
# Pipeline mode:   SEARCH
# Query file:      /home/simonedassisi/velvet-1.2.10/busco_downloads/lineages/enterobacteriaceae_odb12/hmms/2790at543.hmm
# Target file:     results/BUSCO_output_velveth21/prodigal_output/predicted_genes/predicted.faa
# Option settings: hmmsearch --domtblout results/BUSCO_output_velveth21/run_enterobacteriaceae_odb12/hmmer_output/2790at543.out --cpu 1 /home/simonedassisi/velvet-1.2.10/busco_downloads/lineages/enterobacteriaceae_odb12/hmms/2790at543.hmm results/BUSCO_output_velveth21/prodigal_output/predicted_genes/predicted.faa 
# Current dir:     /home/simonedassisi/velvet-1.2.10
# Date:            Wed Apr  2 19:24:00 2025
# [ok]
