#                                                                                                           --- full sequence --- -------------- this domain -------------   hmm coord   ali coord   env coord
# target name                                       accession   tlen query name           accession   qlen   E-value  score  bias   #  of  c-Evalue  i-Evalue  score  bias  from    to  from    to  from    to  acc description of target
#                               ------------------- ---------- ----- -------------------- ---------- ----- --------- ------ ----- --- --- --------- --------- ------ ----- ----- ----- ----- ----- ----- ----- ---- ---------------------
NODE_2145_length_112275_cov_77.552353:86456-89128|+ -            891 2865                 -            897         0 1750.8  43.2   1   1         0         0 1750.6  43.2     1   897     1   890     1   890 0.99 NODE_2145_length_112275_cov_77.552353_83 # 86456 # 89128 # 1 # ID=1072_83;partial=00;start_type=ATG;rbs_motif=AGGA;rbs_spacer=5-10bp;gc_cont=0.535
NODE_230_length_8375_cov_67.677017:4327-6171|-      -            615 2865                 -            897     2e-22   77.2   0.3   1   1   6.8e-25   2.6e-22   76.8   0.3   400   637     2   243     1   255 0.81 NODE_230_length_8375_cov_67.677017_5 # 4327 # 6171 # -1 # ID=59_5;partial=00;start_type=ATG;rbs_motif=AGGA/GGAG/GAGG;rbs_spacer=11-12bp;gc_cont=0.567
NODE_926_length_95421_cov_71.123581:18789-20588|+   -            600 2865                 -            897   4.5e-19   66.1   1.1   1   1   5.5e-21   2.1e-18   63.9   1.1   403   604     9   223     5   233 0.77 NODE_926_length_95421_cov_71.123581_19 # 18789 # 20588 # 1 # ID=386_19;partial=00;start_type=ATG;rbs_motif=None;rbs_spacer=None;gc_cont=0.537
NODE_851_length_22678_cov_82.051857:17530-19353|+   -            608 2865                 -            897   3.1e-14   50.1   0.6   1   1   1.6e-16     6e-14   49.2   0.6   401   522     8   145     3   176 0.78 NODE_851_length_22678_cov_82.051857_18 # 17530 # 19353 # 1 # ID=363_18;partial=00;start_type=GTG;rbs_motif=GGAG/GAGG;rbs_spacer=5-10bp;gc_cont=0.533
NODE_1443_length_1047_cov_173.915955:3-1067|-       -            355 2865                 -            897   2.1e-11   40.7   0.4   1   1   7.5e-14   2.8e-11   40.3   0.4   427   513    24   111    15   215 0.79 NODE_1443_length_1047_cov_173.915955_1 # 3 # 1067 # -1 # ID=635_1;partial=11;start_type=Edge;rbs_motif=None;rbs_spacer=None;gc_cont=0.540
NODE_1441_length_52686_cov_76.197510:190-2304|-     -            705 2865                 -            897   4.2e-09   33.1   0.2   1   2   2.3e-11   8.6e-09   32.1   0.0   445   522    82   159    68   170 0.92 NODE_1441_length_52686_cov_76.197510_2 # 190 # 2304 # -1 # ID=633_2;partial=00;start_type=ATG;rbs_motif=GGAG/GAGG;rbs_spacer=5-10bp;gc_cont=0.509
NODE_1441_length_52686_cov_76.197510:190-2304|-     -            705 2865                 -            897   4.2e-09   33.1   0.2   2   2       1.4   5.2e+02   -3.6   0.0   593   626   338   376   331   392 0.69 NODE_1441_length_52686_cov_76.197510_2 # 190 # 2304 # -1 # ID=633_2;partial=00;start_type=ATG;rbs_motif=GGAG/GAGG;rbs_spacer=5-10bp;gc_cont=0.509
NODE_2185_length_35330_cov_74.210983:31625-33052|-  -            476 2865                 -            897   5.1e-09   32.8   0.0   1   1   1.9e-11   7.3e-09   32.3   0.0   429   548    91   213    83   241 0.82 NODE_2185_length_35330_cov_74.210983_37 # 31625 # 33052 # -1 # ID=1088_37;partial=00;start_type=ATG;rbs_motif=GGA/GAG/AGG;rbs_spacer=11-12bp;gc_cont=0.543
NODE_2129_length_51924_cov_72.758377:5729-7345|+    -            539 2865                 -            897   3.2e-07   26.9   0.0   1   1   1.4e-09   5.1e-07   26.2   0.0   444   521    90   171    70   187 0.86 NODE_2129_length_51924_cov_72.758377_9 # 5729 # 7345 # 1 # ID=1066_9;partial=00;start_type=ATG;rbs_motif=None;rbs_spacer=None;gc_cont=0.533
NODE_926_length_95421_cov_71.123581:87944-89416|+   -            491 2865                 -            897   9.4e-05   18.7   0.2   1   2   0.00036      0.14    8.3   0.0   399   514     3   127     1   160 0.80 NODE_926_length_95421_cov_71.123581_77 # 87944 # 89416 # 1 # ID=386_77;partial=00;start_type=ATG;rbs_motif=GGAG/GAGG;rbs_spacer=5-10bp;gc_cont=0.520
NODE_926_length_95421_cov_71.123581:87944-89416|+   -            491 2865                 -            897   9.4e-05   18.7   0.2   2   2    0.0003      0.11    8.5   0.1   466   554   282   367   267   371 0.77 NODE_926_length_95421_cov_71.123581_77 # 87944 # 89416 # 1 # ID=386_77;partial=00;start_type=ATG;rbs_motif=GGAG/GAGG;rbs_spacer=5-10bp;gc_cont=0.520
NODE_926_length_95421_cov_71.123581:22527-23432|+   -            302 2865                 -            897   0.00061   16.1   0.2   1   2   3.2e-06    0.0012   15.1   0.1   400   515    10   134     3   164 0.75 NODE_926_length_95421_cov_71.123581_22 # 22527 # 23432 # 1 # ID=386_22;partial=00;start_type=ATG;rbs_motif=GGAG/GAGG;rbs_spacer=5-10bp;gc_cont=0.523
NODE_926_length_95421_cov_71.123581:22527-23432|+   -            302 2865                 -            897   0.00061   16.1   0.2   2   2      0.59   2.2e+02   -2.4   0.0    61    90   236   265   221   277 0.78 NODE_926_length_95421_cov_71.123581_22 # 22527 # 23432 # 1 # ID=386_22;partial=00;start_type=ATG;rbs_motif=GGAG/GAGG;rbs_spacer=5-10bp;gc_cont=0.523
NODE_1441_length_52686_cov_76.197510:3-119|-        -             39 2865                 -            897    0.0027   13.9   0.2   1   1   7.3e-06    0.0027   13.9   0.2   395   419    10    33     1    39 0.67 NODE_1441_length_52686_cov_76.197510_1 # 3 # 119 # -1 # ID=633_1;partial=10;start_type=GTG;rbs_motif=AGGA;rbs_spacer=5-10bp;gc_cont=0.487
NODE_1442_length_506_cov_72.915016:3-119|-          -             39 2865                 -            897    0.0027   13.9   0.2   1   1   7.3e-06    0.0027   13.9   0.2   395   419    10    33     1    39 0.67 NODE_1442_length_506_cov_72.915016_1 # 3 # 119 # -1 # ID=634_1;partial=10;start_type=ATG;rbs_motif=GGAG/GAGG;rbs_spacer=5-10bp;gc_cont=0.479
NODE_1608_length_6412_cov_72.405022:2498-3382|-     -            295 2865                 -            897     0.043    9.9   0.0   1   1   0.00015     0.056    9.5   0.0   397   454    37    95    21   102 0.87 NODE_1608_length_6412_cov_72.405022_6 # 2498 # 3382 # -1 # ID=729_6;partial=00;start_type=ATG;rbs_motif=AGGA;rbs_spacer=5-10bp;gc_cont=0.536
NODE_926_length_95421_cov_71.123581:94436-94975|-   -            180 2865                 -            897       4.4    3.3  27.3   1   1     0.014       5.2    3.0  27.3   103   226    28   153    15   177 0.38 NODE_926_length_95421_cov_71.123581_82 # 94436 # 94975 # -1 # ID=386_82;partial=00;start_type=ATG;rbs_motif=AGGAGG;rbs_spacer=3-4bp;gc_cont=0.494
#
# Program:         hmmsearch
# Version:         3.4 (Aug 2023)
# Pipeline mode:   SEARCH
# Query file:      /home/simonedassisi/velvet-1.2.10/busco_downloads/lineages/enterobacteriaceae_odb12/hmms/2865at543.hmm
# Target file:     results/BUSCO_output_velveth21/prodigal_output/predicted_genes/predicted.faa
# Option settings: hmmsearch --domtblout results/BUSCO_output_velveth21/run_enterobacteriaceae_odb12/hmmer_output/2865at543.out --cpu 1 /home/simonedassisi/velvet-1.2.10/busco_downloads/lineages/enterobacteriaceae_odb12/hmms/2865at543.hmm results/BUSCO_output_velveth21/prodigal_output/predicted_genes/predicted.faa 
# Current dir:     /home/simonedassisi/velvet-1.2.10
# Date:            Wed Apr  2 19:24:00 2025
# [ok]
