#                                                                                                          --- full sequence --- -------------- this domain -------------   hmm coord   ali coord   env coord
# target name                                      accession   tlen query name           accession   qlen   E-value  score  bias   #  of  c-Evalue  i-Evalue  score  bias  from    to  from    to  from    to  acc description of target
#                              ------------------- ---------- ----- -------------------- ---------- ----- --------- ------ ----- --- --- --------- --------- ------ ----- ----- ----- ----- ----- ----- ----- ---- ---------------------
NODE_1195_length_3037_cov_75.569313:1464-2117|-    -            218 2872                 -            213  2.8e-133  440.4  22.9   1   1  1.4e-135  3.1e-133  440.2  22.9     1   213     5   217     5   217 1.00 NODE_1195_length_3037_cov_75.569313_4 # 1464 # 2117 # -1 # ID=513_4;partial=00;start_type=ATG;rbs_motif=GGAG/GAGG;rbs_spacer=5-10bp;gc_cont=0.523
NODE_1173_length_14123_cov_66.331375:3-1130|+      -            376 2872                 -            213   1.8e-10   39.1  17.3   1   1   1.4e-12   3.2e-10   38.2  17.3    11   194   169   353   161   370 0.83 NODE_1173_length_14123_cov_66.331375_1 # 3 # 1130 # 1 # ID=499_1;partial=10;start_type=Edge;rbs_motif=None;rbs_spacer=None;gc_cont=0.577
NODE_2154_length_30944_cov_68.453339:19200-20264|+ -            355 2872                 -            213   6.5e-10   37.2  20.5   1   1   2.8e-12   6.5e-10   37.2  20.5    11   203   147   328   133   333 0.80 NODE_2154_length_30944_cov_68.453339_22 # 19200 # 20264 # 1 # ID=1078_22;partial=00;start_type=ATG;rbs_motif=GGAG/GAGG;rbs_spacer=5-10bp;gc_cont=0.584
NODE_1062_length_63423_cov_73.241127:19897-20571|- -            225 2872                 -            213   1.7e-09   35.9  11.0   1   2   1.4e-11   3.1e-09   35.0   8.2    11   144    18   156    13   172 0.86 NODE_1062_length_63423_cov_73.241127_21 # 19897 # 20571 # -1 # ID=442_21;partial=00;start_type=ATG;rbs_motif=GGxGG;rbs_spacer=5-10bp;gc_cont=0.499
NODE_1062_length_63423_cov_73.241127:19897-20571|- -            225 2872                 -            213   1.7e-09   35.9  11.0   2   2      0.22        52    1.6   0.0    13    38   195   221   189   224 0.82 NODE_1062_length_63423_cov_73.241127_21 # 19897 # 20571 # -1 # ID=442_21;partial=00;start_type=ATG;rbs_motif=GGxGG;rbs_spacer=5-10bp;gc_cont=0.499
NODE_666_length_18969_cov_76.638199:1084-1800|+    -            239 2872                 -            213     2e-08   32.4   6.8   1   1   1.1e-10   2.5e-08   32.0   6.8    20   198    30   216    12   233 0.76 NODE_666_length_18969_cov_76.638199_3 # 1084 # 1800 # 1 # ID=285_3;partial=00;start_type=GTG;rbs_motif=GGAG/GAGG;rbs_spacer=5-10bp;gc_cont=0.501
NODE_720_length_11917_cov_65.241417:10355-11023|+  -            223 2872                 -            213     1e-07   30.1   3.1   1   1   5.6e-10   1.3e-07   29.7   3.1    21   156    27   159    12   200 0.83 NODE_720_length_11917_cov_65.241417_11 # 10355 # 11023 # 1 # ID=301_11;partial=00;start_type=ATG;rbs_motif=GGA/GAG/AGG;rbs_spacer=5-10bp;gc_cont=0.535
NODE_215_length_65836_cov_69.504402:20738-21571|+  -            278 2872                 -            213     1e-07   30.0   3.0   1   1   1.2e-09   2.7e-07   28.7   3.0    11   151    62   206    53   274 0.77 NODE_215_length_65836_cov_69.504402_23 # 20738 # 21571 # 1 # ID=52_23;partial=00;start_type=ATG;rbs_motif=GGxGG;rbs_spacer=5-10bp;gc_cont=0.565
NODE_1044_length_78232_cov_76.088036:38681-39460|+ -            260 2872                 -            213   1.5e-07   29.5   6.6   1   1   1.3e-09   2.9e-07   28.6   6.6    75   208   124   256    67   258 0.86 NODE_1044_length_78232_cov_76.088036_32 # 38681 # 39460 # 1 # ID=438_32;partial=00;start_type=ATG;rbs_motif=GGAG/GAGG;rbs_spacer=5-10bp;gc_cont=0.608
NODE_2146_length_13525_cov_82.355492:1220-2323|-   -            368 2872                 -            213   8.7e-07   27.0   7.3   1   1   6.7e-09   1.5e-06   26.2   7.3     9   154   155   300   149   321 0.82 NODE_2146_length_13525_cov_82.355492_3 # 1220 # 2323 # -1 # ID=1073_3;partial=00;start_type=ATG;rbs_motif=AGGAG;rbs_spacer=5-10bp;gc_cont=0.524
NODE_739_length_21936_cov_71.932304:11987-12928|-  -            314 2872                 -            213   2.2e-06   25.7   2.2   1   2       6.3   1.4e+03   -3.1   0.1    18    29    96   107    86   145 0.53 NODE_739_length_21936_cov_71.932304_13 # 11987 # 12928 # -1 # ID=309_13;partial=00;start_type=ATG;rbs_motif=AGGAG;rbs_spacer=5-10bp;gc_cont=0.531
NODE_739_length_21936_cov_71.932304:11987-12928|-  -            314 2872                 -            213   2.2e-06   25.7   2.2   2   2   9.4e-09   2.2e-06   25.7   2.2    97   199   196   301   174   308 0.84 NODE_739_length_21936_cov_71.932304_13 # 11987 # 12928 # -1 # ID=309_13;partial=00;start_type=ATG;rbs_motif=AGGAG;rbs_spacer=5-10bp;gc_cont=0.531
NODE_1062_length_63423_cov_73.241127:20571-21311|- -            247 2872                 -            213   5.3e-06   24.4  10.5   1   1   8.4e-08   1.9e-05   22.6  10.5    10   200    30   230    21   240 0.60 NODE_1062_length_63423_cov_73.241127_22 # 20571 # 21311 # -1 # ID=442_22;partial=00;start_type=ATG;rbs_motif=GGAG/GAGG;rbs_spacer=5-10bp;gc_cont=0.524
NODE_998_length_24344_cov_83.117935:3446-4336|+    -            297 2872                 -            213   3.8e-05   21.7   6.0   1   2         3   6.9e+02   -2.1   0.1    66    88    43    67    17    71 0.62 NODE_998_length_24344_cov_83.117935_4 # 3446 # 4336 # 1 # ID=423_4;partial=00;start_type=ATG;rbs_motif=GGAG/GAGG;rbs_spacer=5-10bp;gc_cont=0.570
NODE_998_length_24344_cov_83.117935:3446-4336|+    -            297 2872                 -            213   3.8e-05   21.7   6.0   2   2   1.6e-07   3.8e-05   21.7   6.0    22   155    92   223    78   228 0.78 NODE_998_length_24344_cov_83.117935_4 # 3446 # 4336 # 1 # ID=423_4;partial=00;start_type=ATG;rbs_motif=GGAG/GAGG;rbs_spacer=5-10bp;gc_cont=0.570
NODE_1288_length_45176_cov_69.014496:25242-25901|- -            220 2872                 -            213   5.1e-05   21.2  11.3   1   1     3e-07   6.8e-05   20.8  11.3    10   199    16   205     8   217 0.71 NODE_1288_length_45176_cov_69.014496_24 # 25242 # 25901 # -1 # ID=561_24;partial=00;start_type=ATG;rbs_motif=AGGA;rbs_spacer=5-10bp;gc_cont=0.532
NODE_2146_length_13525_cov_82.355492:2333-3514|-   -            394 2872                 -            213   0.00018   19.4  10.4   1   2     0.059        13    3.5   1.3     9    76    88   149    79   161 0.61 NODE_2146_length_13525_cov_82.355492_4 # 2333 # 3514 # -1 # ID=1073_4;partial=00;start_type=ATG;rbs_motif=GGAG/GAGG;rbs_spacer=5-10bp;gc_cont=0.503
NODE_2146_length_13525_cov_82.355492:2333-3514|-   -            394 2872                 -            213   0.00018   19.4  10.4   2   2     8e-07   0.00018   19.4  10.4    84   202   260   384   177   392 0.69 NODE_2146_length_13525_cov_82.355492_4 # 2333 # 3514 # -1 # ID=1073_4;partial=00;start_type=ATG;rbs_motif=GGAG/GAGG;rbs_spacer=5-10bp;gc_cont=0.503
NODE_1173_length_14123_cov_66.331375:2054-2785|+   -            244 2872                 -            213    0.0003   18.7  14.6   1   1   2.1e-06   0.00048   18.0  14.6    18   209    59   237    48   241 0.74 NODE_1173_length_14123_cov_66.331375_3 # 2054 # 2785 # 1 # ID=499_3;partial=00;start_type=ATG;rbs_motif=AGGAG;rbs_spacer=5-10bp;gc_cont=0.570
NODE_1689_length_18974_cov_72.810692:10309-11262|- -            318 2872                 -            213   0.00041   18.3   8.2   1   2       4.2   9.6e+02   -2.5   0.7    62    78    35    52    30    67 0.56 NODE_1689_length_18974_cov_72.810692_14 # 10309 # 11262 # -1 # ID=775_14;partial=00;start_type=ATG;rbs_motif=AGGAG;rbs_spacer=5-10bp;gc_cont=0.504
NODE_1689_length_18974_cov_72.810692:10309-11262|- -            318 2872                 -            213   0.00041   18.3   8.2   2   2   1.8e-06   0.00041   18.3   8.2    79   203   181   306    95   316 0.76 NODE_1689_length_18974_cov_72.810692_14 # 10309 # 11262 # -1 # ID=775_14;partial=00;start_type=ATG;rbs_motif=AGGAG;rbs_spacer=5-10bp;gc_cont=0.504
NODE_1282_length_6589_cov_68.259827:5479-6390|+    -            304 2872                 -            213   0.00071   17.5  12.5   1   2       3.5   8.1e+02   -2.3   0.2    63    76    45    58    33    62 0.56 NODE_1282_length_6589_cov_68.259827_5 # 5479 # 6390 # 1 # ID=558_5;partial=00;start_type=ATG;rbs_motif=GGA/GAG/AGG;rbs_spacer=11-12bp;gc_cont=0.532
NODE_1282_length_6589_cov_68.259827:5479-6390|+    -            304 2872                 -            213   0.00071   17.5  12.5   2   2   3.1e-06   0.00071   17.5  12.5    16   154   104   234    97   249 0.77 NODE_1282_length_6589_cov_68.259827_5 # 5479 # 6390 # 1 # ID=558_5;partial=00;start_type=ATG;rbs_motif=GGA/GAG/AGG;rbs_spacer=11-12bp;gc_cont=0.532
NODE_666_length_18969_cov_76.638199:401-1087|+     -            229 2872                 -            213    0.0018   16.2  13.4   1   2   3.6e-05    0.0083   14.0   7.8     6   150    10   162     5   184 0.62 NODE_666_length_18969_cov_76.638199_2 # 401 # 1087 # 1 # ID=285_2;partial=00;start_type=ATG;rbs_motif=AGGA;rbs_spacer=5-10bp;gc_cont=0.525
NODE_666_length_18969_cov_76.638199:401-1087|+     -            229 2872                 -            213    0.0018   16.2  13.4   2   2     0.041       9.4    4.0   0.3     4    40   182   219   179   226 0.84 NODE_666_length_18969_cov_76.638199_2 # 401 # 1087 # 1 # ID=285_2;partial=00;start_type=ATG;rbs_motif=AGGA;rbs_spacer=5-10bp;gc_cont=0.525
NODE_1113_length_19431_cov_68.618652:3624-4313|-   -            230 2872                 -            213     0.002   16.0   0.6   1   2       0.5   1.2e+02    0.5   0.4    52    72    17    36     2    70 0.66 NODE_1113_length_19431_cov_68.618652_5 # 3624 # 4313 # -1 # ID=473_5;partial=00;start_type=ATG;rbs_motif=3Base/5BMM;rbs_spacer=13-15bp;gc_cont=0.538
NODE_1113_length_19431_cov_68.618652:3624-4313|-   -            230 2872                 -            213     0.002   16.0   0.6   2   2   8.8e-06     0.002   16.0   0.6    86   149    93   156    84   173 0.89 NODE_1113_length_19431_cov_68.618652_5 # 3624 # 4313 # -1 # ID=473_5;partial=00;start_type=ATG;rbs_motif=3Base/5BMM;rbs_spacer=13-15bp;gc_cont=0.538
NODE_2159_length_50550_cov_71.258598:3305-4096|+   -            264 2872                 -            213     0.012   13.5   8.2   1   1   0.00013     0.029   12.2   8.2     9   168    58   211    49   244 0.69 NODE_2159_length_50550_cov_71.258598_5 # 3305 # 4096 # 1 # ID=1079_5;partial=00;start_type=ATG;rbs_motif=AGGA;rbs_spacer=5-10bp;gc_cont=0.556
NODE_1434_length_95894_cov_75.275742:66162-67049|- -            296 2872                 -            213     0.014   13.3   5.1   1   1   0.00016     0.037   11.9   5.1   106   201   179   285    67   293 0.78 NODE_1434_length_95894_cov_75.275742_55 # 66162 # 67049 # -1 # ID=631_55;partial=00;start_type=ATG;rbs_motif=AGGA;rbs_spacer=5-10bp;gc_cont=0.560
NODE_2513_length_11127_cov_68.835533:8014-8871|+   -            286 2872                 -            213     0.052   11.4  15.6   1   2       3.4   7.8e+02   -2.3   0.4   184   198    11    25     4    47 0.52 NODE_2513_length_11127_cov_68.835533_8 # 8014 # 8871 # 1 # ID=1309_8;partial=00;start_type=ATG;rbs_motif=AGGAG/GGAGG;rbs_spacer=11-12bp;gc_cont=0.507
NODE_2513_length_11127_cov_68.835533:8014-8871|+   -            286 2872                 -            213     0.052   11.4  15.6   2   2   1.4e-05    0.0032   15.4   9.4    86   178   151   247    59   280 0.74 NODE_2513_length_11127_cov_68.835533_8 # 8014 # 8871 # 1 # ID=1309_8;partial=00;start_type=ATG;rbs_motif=AGGAG/GGAGG;rbs_spacer=11-12bp;gc_cont=0.507
NODE_2513_length_11127_cov_68.835533:8868-9662|+   -            265 2872                 -            213      0.12   10.2  17.2   1   2       7.1   1.6e+03   -3.3   0.3    59    70    17    28    10    35 0.69 NODE_2513_length_11127_cov_68.835533_9 # 8868 # 9662 # 1 # ID=1309_9;partial=00;start_type=ATG;rbs_motif=AGxAGG/AGGxGG;rbs_spacer=5-10bp;gc_cont=0.498
NODE_2513_length_11127_cov_68.835533:8868-9662|+   -            265 2872                 -            213      0.12   10.2  17.2   2   2   3.5e-05    0.0081   14.0  11.4     7   153    58   195    53   257 0.63 NODE_2513_length_11127_cov_68.835533_9 # 8868 # 9662 # 1 # ID=1309_9;partial=00;start_type=ATG;rbs_motif=AGxAGG/AGGxGG;rbs_spacer=5-10bp;gc_cont=0.498
#
# Program:         hmmsearch
# Version:         3.4 (Aug 2023)
# Pipeline mode:   SEARCH
# Query file:      /home/simonedassisi/velvet-1.2.10/busco_downloads/lineages/enterobacteriaceae_odb12/hmms/2872at543.hmm
# Target file:     results/BUSCO_output_velveth21/prodigal_output/predicted_genes/predicted.faa
# Option settings: hmmsearch --domtblout results/BUSCO_output_velveth21/run_enterobacteriaceae_odb12/hmmer_output/2872at543.out --cpu 1 /home/simonedassisi/velvet-1.2.10/busco_downloads/lineages/enterobacteriaceae_odb12/hmms/2872at543.hmm results/BUSCO_output_velveth21/prodigal_output/predicted_genes/predicted.faa 
# Current dir:     /home/simonedassisi/velvet-1.2.10
# Date:            Wed Apr  2 19:24:00 2025
# [ok]
