#                                                                                                          --- full sequence --- -------------- this domain -------------   hmm coord   ali coord   env coord
# target name                                      accession   tlen query name           accession   qlen   E-value  score  bias   #  of  c-Evalue  i-Evalue  score  bias  from    to  from    to  from    to  acc description of target
#                              ------------------- ---------- ----- -------------------- ---------- ----- --------- ------ ----- --- --- --------- --------- ------ ----- ----- ----- ----- ----- ----- ----- ---- ---------------------
NODE_666_length_18969_cov_76.638199:17539-18756|-  -            406 4206                 -            404  7.3e-280  925.7   0.0   1   1  1.4e-282  8.2e-280  925.6   0.0     1   404     1   404     1   404 1.00 NODE_666_length_18969_cov_76.638199_21 # 17539 # 18756 # -1 # ID=285_21;partial=00;start_type=ATG;rbs_motif=GGA/GAG/AGG;rbs_spacer=5-10bp;gc_cont=0.505
NODE_215_length_65836_cov_69.504402:62302-63540|+  -            413 4206                 -            404   1.2e-28   98.5   0.0   1   1   2.6e-31   1.5e-28   98.1   0.0    30   396    33   391    12   396 0.83 NODE_215_length_65836_cov_69.504402_61 # 62302 # 63540 # 1 # ID=52_61;partial=00;start_type=ATG;rbs_motif=GGAG/GAGG;rbs_spacer=5-10bp;gc_cont=0.554
NODE_1082_length_35501_cov_69.030113:24241-25401|+ -            387 4206                 -            404   1.3e-18   65.4   0.0   1   1   2.9e-21   1.7e-18   65.0   0.0    64   258    59   254    30   283 0.88 NODE_1082_length_35501_cov_69.030113_22 # 24241 # 25401 # 1 # ID=452_22;partial=00;start_type=ATG;rbs_motif=GGA/GAG/AGG;rbs_spacer=5-10bp;gc_cont=0.537
NODE_434_length_79075_cov_70.223480:69086-70258|-  -            391 4206                 -            404     5e-09   33.8   0.0   1   1   1.2e-11   7.2e-09   33.3   0.0    82   255    79   248    54   380 0.71 NODE_434_length_79075_cov_70.223480_69 # 69086 # 70258 # -1 # ID=160_69;partial=00;start_type=ATG;rbs_motif=AGGA;rbs_spacer=5-10bp;gc_cont=0.511
NODE_1797_length_19019_cov_77.390770:17479-18891|+ -            471 4206                 -            404   3.1e-07   27.9   0.0   1   1     8e-10   4.7e-07   27.3   0.0    61   252   135   324   126   353 0.82 NODE_1797_length_19019_cov_77.390770_17 # 17479 # 18891 # 1 # ID=838_17;partial=00;start_type=ATG;rbs_motif=AGGA;rbs_spacer=5-10bp;gc_cont=0.548
NODE_739_length_21936_cov_71.932304:15350-16756|-  -            469 4206                 -            404     7e-07   26.8   0.0   1   1   1.7e-09     1e-06   26.2   0.0    77   317   150   382   132   402 0.84 NODE_739_length_21936_cov_71.932304_16 # 15350 # 16756 # -1 # ID=309_16;partial=00;start_type=ATG;rbs_motif=None;rbs_spacer=None;gc_cont=0.512
NODE_2006_length_20165_cov_69.217606:4564-5634|-   -            357 4206                 -            404   1.2e-06   26.0   0.0   1   1   2.8e-09   1.6e-06   25.5   0.0    79   255    61   229    53   323 0.77 NODE_2006_length_20165_cov_69.217606_7 # 4564 # 5634 # -1 # ID=987_7;partial=00;start_type=ATG;rbs_motif=AGGAG;rbs_spacer=5-10bp;gc_cont=0.555
NODE_1024_length_7788_cov_69.617615:3-1094|-       -            364 4206                 -            404   0.00023   18.4   0.0   1   1   6.8e-07    0.0004   17.7   0.0   159   267   161   274   125   299 0.75 NODE_1024_length_7788_cov_69.617615_1 # 3 # 1094 # -1 # ID=431_1;partial=10;start_type=GTG;rbs_motif=GGAG/GAGG;rbs_spacer=5-10bp;gc_cont=0.530
NODE_1386_length_43660_cov_76.965599:29752-31005|+ -            418 4206                 -            404     0.018   12.2   0.0   1   2   8.3e-05     0.049   10.8   0.0   164   210   175   221   151   236 0.86 NODE_1386_length_43660_cov_76.965599_27 # 29752 # 31005 # 1 # ID=611_27;partial=00;start_type=ATG;rbs_motif=None;rbs_spacer=None;gc_cont=0.523
NODE_1386_length_43660_cov_76.965599:29752-31005|+ -            418 4206                 -            404     0.018   12.2   0.0   2   2      0.72   4.2e+02   -2.2   0.0   327   392   334   402   305   410 0.60 NODE_1386_length_43660_cov_76.965599_27 # 29752 # 31005 # 1 # ID=611_27;partial=00;start_type=ATG;rbs_motif=None;rbs_spacer=None;gc_cont=0.523
#
# Program:         hmmsearch
# Version:         3.4 (Aug 2023)
# Pipeline mode:   SEARCH
# Query file:      /home/simonedassisi/velvet-1.2.10/busco_downloads/lineages/enterobacteriaceae_odb12/hmms/4206at543.hmm
# Target file:     results/BUSCO_output_velveth21/prodigal_output/predicted_genes/predicted.faa
# Option settings: hmmsearch --domtblout results/BUSCO_output_velveth21/run_enterobacteriaceae_odb12/hmmer_output/4206at543.out --cpu 1 /home/simonedassisi/velvet-1.2.10/busco_downloads/lineages/enterobacteriaceae_odb12/hmms/4206at543.hmm results/BUSCO_output_velveth21/prodigal_output/predicted_genes/predicted.faa 
# Current dir:     /home/simonedassisi/velvet-1.2.10
# Date:            Wed Apr  2 19:24:01 2025
# [ok]
