#                                                                                                          --- full sequence --- -------------- this domain -------------   hmm coord   ali coord   env coord
# target name                                      accession   tlen query name           accession   qlen   E-value  score  bias   #  of  c-Evalue  i-Evalue  score  bias  from    to  from    to  from    to  acc description of target
#                              ------------------- ---------- ----- -------------------- ---------- ----- --------- ------ ----- --- --- --------- --------- ------ ----- ----- ----- ----- ----- ----- ----- ---- ---------------------
NODE_2031_length_15140_cov_83.574440:7807-8280|-   -            158 43458                -            156  4.4e-103  340.0   0.0   1   1  5.5e-106  4.9e-103  339.9   0.0     1   156     1   156     1   156 0.99 NODE_2031_length_15140_cov_83.574440_10 # 7807 # 8280 # -1 # ID=1003_10;partial=00;start_type=ATG;rbs_motif=AGxAGG/AGGxGG;rbs_spacer=3-4bp;gc_cont=0.553
NODE_1539_length_37792_cov_75.811783:23722-24411|+ -            230 43458                -            156     4e-09   34.8   0.0   1   1   6.4e-12   5.6e-09   34.3   0.0    10   155    28   172    20   173 0.75 NODE_1539_length_37792_cov_75.811783_28 # 23722 # 24411 # 1 # ID=694_28;partial=00;start_type=ATG;rbs_motif=None;rbs_spacer=None;gc_cont=0.554
NODE_1570_length_36954_cov_78.025352:34161-34892|+ -            244 43458                -            156   0.00037   18.7   0.0   1   1   5.7e-07    0.0005   18.2   0.0    14   147   108   241    98   243 0.74 NODE_1570_length_36954_cov_78.025352_32 # 34161 # 34892 # 1 # ID=708_32;partial=00;start_type=ATG;rbs_motif=GGA/GAG/AGG;rbs_spacer=5-10bp;gc_cont=0.559
NODE_926_length_95421_cov_71.123581:7484-8521|+    -            346 43458                -            156    0.0044   15.2   0.0   1   1     1e-05    0.0089   14.2   0.0    10   148   206   343   198   345 0.79 NODE_926_length_95421_cov_71.123581_7 # 7484 # 8521 # 1 # ID=386_7;partial=00;start_type=ATG;rbs_motif=GGAG/GAGG;rbs_spacer=5-10bp;gc_cont=0.565
NODE_926_length_95421_cov_71.123581:62457-63194|+  -            246 43458                -            156    0.0048   15.1   0.0   1   2      0.14   1.2e+02    0.7   0.0     2    35     5    39     4    54 0.86 NODE_926_length_95421_cov_71.123581_56 # 62457 # 63194 # 1 # ID=386_56;partial=00;start_type=ATG;rbs_motif=None;rbs_spacer=None;gc_cont=0.556
NODE_926_length_95421_cov_71.123581:62457-63194|+  -            246 43458                -            156    0.0048   15.1   0.0   2   2   5.2e-05     0.046   11.9   0.0    97   144   111   156    99   170 0.84 NODE_926_length_95421_cov_71.123581_56 # 62457 # 63194 # 1 # ID=386_56;partial=00;start_type=ATG;rbs_motif=None;rbs_spacer=None;gc_cont=0.556
NODE_2129_length_51924_cov_72.758377:35829-36515|+ -            229 43458                -            156    0.0099   14.0   0.0   1   2      0.87   7.7e+02   -1.9   0.0     3    32     4    34     2    40 0.75 NODE_2129_length_51924_cov_72.758377_38 # 35829 # 36515 # 1 # ID=1066_38;partial=00;start_type=ATG;rbs_motif=GGA/GAG/AGG;rbs_spacer=5-10bp;gc_cont=0.498
NODE_2129_length_51924_cov_72.758377:35829-36515|+ -            229 43458                -            156    0.0099   14.0   0.0   2   2     3e-05     0.027   12.6   0.0    90   143   103   154    71   163 0.87 NODE_2129_length_51924_cov_72.758377_38 # 35829 # 36515 # 1 # ID=1066_38;partial=00;start_type=ATG;rbs_motif=GGA/GAG/AGG;rbs_spacer=5-10bp;gc_cont=0.498
#
# Program:         hmmsearch
# Version:         3.4 (Aug 2023)
# Pipeline mode:   SEARCH
# Query file:      /home/simonedassisi/velvet-1.2.10/busco_downloads/lineages/enterobacteriaceae_odb12/hmms/43458at543.hmm
# Target file:     results/BUSCO_output_velveth21/prodigal_output/predicted_genes/predicted.faa
# Option settings: hmmsearch --domtblout results/BUSCO_output_velveth21/run_enterobacteriaceae_odb12/hmmer_output/43458at543.out --cpu 1 /home/simonedassisi/velvet-1.2.10/busco_downloads/lineages/enterobacteriaceae_odb12/hmms/43458at543.hmm results/BUSCO_output_velveth21/prodigal_output/predicted_genes/predicted.faa 
# Current dir:     /home/simonedassisi/velvet-1.2.10
# Date:            Wed Apr  2 19:24:02 2025
# [ok]
