#                                                                                                          --- full sequence --- -------------- this domain -------------   hmm coord   ali coord   env coord
# target name                                      accession   tlen query name           accession   qlen   E-value  score  bias   #  of  c-Evalue  i-Evalue  score  bias  from    to  from    to  from    to  acc description of target
#                              ------------------- ---------- ----- -------------------- ---------- ----- --------- ------ ----- --- --- --------- --------- ------ ----- ----- ----- ----- ----- ----- ----- ---- ---------------------
NODE_926_length_95421_cov_71.123581:92764-94341|+  -            526 4351                 -            523         0 1097.2   0.0   1   1         0         0 1097.1   0.0     1   523     2   525     2   525 1.00 NODE_926_length_95421_cov_71.123581_81 # 92764 # 94341 # 1 # ID=386_81;partial=00;start_type=ATG;rbs_motif=GGA/GAG/AGG;rbs_spacer=5-10bp;gc_cont=0.546
NODE_1441_length_52686_cov_76.197510:19056-19619|- -            188 4351                 -            523   8.3e-16   55.7   0.0   1   1   1.5e-18   9.7e-16   55.5   0.0     9   197     2   185     1   187 0.88 NODE_1441_length_52686_cov_76.197510_23 # 19056 # 19619 # -1 # ID=633_23;partial=00;start_type=ATG;rbs_motif=GGAG/GAGG;rbs_spacer=5-10bp;gc_cont=0.535
NODE_2132_length_53289_cov_67.616959:3187-4782|-   -            532 4351                 -            523     2e-09   34.7   0.0   1   1   4.5e-12     3e-09   34.1   0.0     9   197     4   187     1   216 0.75 NODE_2132_length_53289_cov_67.616959_4 # 3187 # 4782 # -1 # ID=1067_4;partial=00;start_type=ATG;rbs_motif=AGGAG;rbs_spacer=5-10bp;gc_cont=0.558
NODE_625_length_50664_cov_72.003532:170-1318|+     -            383 4351                 -            523   1.2e-08   32.1   0.0   1   1   2.7e-11   1.8e-08   31.5   0.0    10   108   195   292   188   329 0.78 NODE_625_length_50664_cov_72.003532_1 # 170 # 1318 # 1 # ID=266_1;partial=00;start_type=TTG;rbs_motif=GGAGG;rbs_spacer=5-10bp;gc_cont=0.533
NODE_2006_length_20165_cov_69.217606:2907-3497|-   -            197 4351                 -            523     2e-06   24.7   0.0   1   2   0.00071      0.47    7.0   0.0    70    91    62    83    40    95 0.77 NODE_2006_length_20165_cov_69.217606_5 # 2907 # 3497 # -1 # ID=987_5;partial=00;start_type=ATG;rbs_motif=AGGAG;rbs_spacer=5-10bp;gc_cont=0.550
NODE_2006_length_20165_cov_69.217606:2907-3497|-   -            197 4351                 -            523     2e-06   24.7   0.0   2   2   1.5e-06   0.00097   15.9   0.0   148   197   146   194   140   196 0.84 NODE_2006_length_20165_cov_69.217606_5 # 2907 # 3497 # -1 # ID=987_5;partial=00;start_type=ATG;rbs_motif=AGGAG;rbs_spacer=5-10bp;gc_cont=0.550
NODE_2514_length_4067_cov_64.112862:4-1110|-       -            369 4351                 -            523   0.00031   17.5   0.0   1   2   1.2e-06    0.0008   16.2   0.0   227   259     6    37     2    67 0.87 NODE_2514_length_4067_cov_64.112862_1 # 4 # 1110 # -1 # ID=1310_1;partial=00;start_type=ATG;rbs_motif=GGA/GAG/AGG;rbs_spacer=5-10bp;gc_cont=0.537
NODE_2514_length_4067_cov_64.112862:4-1110|-       -            369 4351                 -            523   0.00031   17.5   0.0   2   2      0.38   2.5e+02   -2.0   0.0   369   392   165   188   156   191 0.82 NODE_2514_length_4067_cov_64.112862_1 # 4 # 1110 # -1 # ID=1310_1;partial=00;start_type=ATG;rbs_motif=GGA/GAG/AGG;rbs_spacer=5-10bp;gc_cont=0.537
NODE_142_length_13006_cov_73.540901:8235-9872|+    -            546 4351                 -            523    0.0047   13.6   0.1   1   2   0.00033      0.22    8.1   0.0    73   104   367   398   320   417 0.82 NODE_142_length_13006_cov_73.540901_7 # 8235 # 9872 # 1 # ID=32_7;partial=00;start_type=ATG;rbs_motif=GGA/GAG/AGG;rbs_spacer=5-10bp;gc_cont=0.518
NODE_142_length_13006_cov_73.540901:8235-9872|+    -            546 4351                 -            523    0.0047   13.6   0.1   2   2     0.011       7.2    3.1   0.0   172   199   507   535   446   543 0.84 NODE_142_length_13006_cov_73.540901_7 # 8235 # 9872 # 1 # ID=32_7;partial=00;start_type=ATG;rbs_motif=GGA/GAG/AGG;rbs_spacer=5-10bp;gc_cont=0.518
NODE_2132_length_53289_cov_67.616959:42489-43253|+ -            255 4351                 -            523     0.082    9.5   0.0   1   2   0.00029      0.19    8.3   0.0    74   101   103   130    93   143 0.86 NODE_2132_length_53289_cov_67.616959_42 # 42489 # 43253 # 1 # ID=1067_42;partial=00;start_type=ATG;rbs_motif=GGA/GAG/AGG;rbs_spacer=5-10bp;gc_cont=0.528
NODE_2132_length_53289_cov_67.616959:42489-43253|+ -            255 4351                 -            523     0.082    9.5   0.0   2   2      0.47   3.1e+02   -2.3   0.0   175   189   217   231   194   249 0.71 NODE_2132_length_53289_cov_67.616959_42 # 42489 # 43253 # 1 # ID=1067_42;partial=00;start_type=ATG;rbs_motif=GGA/GAG/AGG;rbs_spacer=5-10bp;gc_cont=0.528
#
# Program:         hmmsearch
# Version:         3.4 (Aug 2023)
# Pipeline mode:   SEARCH
# Query file:      /home/simonedassisi/velvet-1.2.10/busco_downloads/lineages/enterobacteriaceae_odb12/hmms/4351at543.hmm
# Target file:     results/BUSCO_output_velveth21/prodigal_output/predicted_genes/predicted.faa
# Option settings: hmmsearch --domtblout results/BUSCO_output_velveth21/run_enterobacteriaceae_odb12/hmmer_output/4351at543.out --cpu 1 /home/simonedassisi/velvet-1.2.10/busco_downloads/lineages/enterobacteriaceae_odb12/hmms/4351at543.hmm results/BUSCO_output_velveth21/prodigal_output/predicted_genes/predicted.faa 
# Current dir:     /home/simonedassisi/velvet-1.2.10
# Date:            Wed Apr  2 19:24:02 2025
# [ok]
