#                                                                                                          --- full sequence --- -------------- this domain -------------   hmm coord   ali coord   env coord
# target name                                      accession   tlen query name           accession   qlen   E-value  score  bias   #  of  c-Evalue  i-Evalue  score  bias  from    to  from    to  from    to  acc description of target
#                              ------------------- ---------- ----- -------------------- ---------- ----- --------- ------ ----- --- --- --------- --------- ------ ----- ----- ----- ----- ----- ----- ----- ---- ---------------------
NODE_1204_length_64359_cov_77.399834:47733-48521|+ -            263 4463                 -            262  7.7e-166  547.9   6.2   1   1    2e-168  8.6e-166  547.7   6.2     1   262     1   262     1   262 1.00 NODE_1204_length_64359_cov_77.399834_42 # 47733 # 48521 # 1 # ID=516_42;partial=00;start_type=GTG;rbs_motif=GGAGG;rbs_spacer=5-10bp;gc_cont=0.532
NODE_1204_length_64359_cov_77.399834:46144-47169|+ -            342 4463                 -            262   8.7e-17   59.3  18.7   1   1   6.9e-19     3e-16   57.5  18.7     6   181   116   295    95   310 0.89 NODE_1204_length_64359_cov_77.399834_40 # 46144 # 47169 # 1 # ID=516_40;partial=00;start_type=ATG;rbs_motif=GGA/GAG/AGG;rbs_spacer=11-12bp;gc_cont=0.529
NODE_2423_length_37281_cov_72.162392:21052-21642|- -            197 4463                 -            262   3.4e-05   21.3   2.4   1   2    0.0003      0.13    9.6   0.2     4    53    15    67    12    86 0.78 NODE_2423_length_37281_cov_72.162392_18 # 21052 # 21642 # -1 # ID=1244_18;partial=00;start_type=ATG;rbs_motif=AGGAGG;rbs_spacer=3-4bp;gc_cont=0.503
NODE_2423_length_37281_cov_72.162392:21052-21642|- -            197 4463                 -            262   3.4e-05   21.3   2.4   2   2     7e-05     0.031   11.6   0.1     2    40    91   129    90   136 0.89 NODE_2423_length_37281_cov_72.162392_18 # 21052 # 21642 # -1 # ID=1244_18;partial=00;start_type=ATG;rbs_motif=AGGAGG;rbs_spacer=3-4bp;gc_cont=0.503
NODE_22_length_21196_cov_74.466599:18005-18556|+   -            184 4463                 -            262   5.4e-05   20.7   2.7   1   1     2e-07   8.6e-05   20.0   2.5   111   193    96   178    89   181 0.85 NODE_22_length_21196_cov_74.466599_16 # 18005 # 18556 # 1 # ID=6_16;partial=00;start_type=ATG;rbs_motif=GGAGG;rbs_spacer=5-10bp;gc_cont=0.482
NODE_1220_length_21844_cov_70.659126:18987-19679|- -            231 4463                 -            262   5.6e-05   20.6   3.6   1   3     7e-05     0.031   11.6   1.1     7    56    67   116    58   118 0.84 NODE_1220_length_21844_cov_70.659126_18 # 18987 # 19679 # -1 # ID=525_18;partial=00;start_type=ATG;rbs_motif=GGA/GAG/AGG;rbs_spacer=5-10bp;gc_cont=0.453
NODE_1220_length_21844_cov_70.659126:18987-19679|- -            231 4463                 -            262   5.6e-05   20.6   3.6   2   3    0.0013      0.57    7.5   0.1    16    38   117   139   112   154 0.80 NODE_1220_length_21844_cov_70.659126_18 # 18987 # 19679 # -1 # ID=525_18;partial=00;start_type=ATG;rbs_motif=GGA/GAG/AGG;rbs_spacer=5-10bp;gc_cont=0.453
NODE_1220_length_21844_cov_70.659126:18987-19679|- -            231 4463                 -            262   5.6e-05   20.6   3.6   3   3      0.15        68    0.7   0.0     8    39   186   217   179   226 0.78 NODE_1220_length_21844_cov_70.659126_18 # 18987 # 19679 # -1 # ID=525_18;partial=00;start_type=ATG;rbs_motif=GGA/GAG/AGG;rbs_spacer=5-10bp;gc_cont=0.453
NODE_1204_length_64359_cov_77.399834:30438-31262|- -            275 4463                 -            262   0.00027   18.4   3.0   1   2   1.4e-05     0.006   14.0   0.9     8   102   105   200    99   201 0.83 NODE_1204_length_64359_cov_77.399834_26 # 30438 # 31262 # -1 # ID=516_26;partial=00;start_type=ATG;rbs_motif=GGA/GAG/AGG;rbs_spacer=5-10bp;gc_cont=0.531
NODE_1204_length_64359_cov_77.399834:30438-31262|- -            275 4463                 -            262   0.00027   18.4   3.0   2   2    0.0015      0.64    7.3   0.5     8    64   190   216   177   257 0.58 NODE_1204_length_64359_cov_77.399834_26 # 30438 # 31262 # -1 # ID=516_26;partial=00;start_type=ATG;rbs_motif=GGA/GAG/AGG;rbs_spacer=5-10bp;gc_cont=0.531
NODE_625_length_50664_cov_72.003532:5299-5889|-    -            197 4463                 -            262   0.00028   18.3   8.4   1   3     3e-05     0.013   12.8   0.1     2    31    13    42    12    48 0.89 NODE_625_length_50664_cov_72.003532_5 # 5299 # 5889 # -1 # ID=266_5;partial=00;start_type=GTG;rbs_motif=AGGA/GGAG/GAGG;rbs_spacer=11-12bp;gc_cont=0.552
NODE_625_length_50664_cov_72.003532:5299-5889|-    -            197 4463                 -            262   0.00028   18.3   8.4   2   3    0.0016      0.69    7.2   3.6    13    70    51   111    47   114 0.87 NODE_625_length_50664_cov_72.003532_5 # 5299 # 5889 # -1 # ID=266_5;partial=00;start_type=GTG;rbs_motif=AGGA/GGAG/GAGG;rbs_spacer=11-12bp;gc_cont=0.552
NODE_625_length_50664_cov_72.003532:5299-5889|-    -            197 4463                 -            262   0.00028   18.3   8.4   3   3    0.0083       3.6    4.9   0.1     2    34    91   123    90   136 0.78 NODE_625_length_50664_cov_72.003532_5 # 5299 # 5889 # -1 # ID=266_5;partial=00;start_type=GTG;rbs_motif=AGGA/GGAG/GAGG;rbs_spacer=11-12bp;gc_cont=0.552
NODE_286_length_41180_cov_81.233269:40393-40947|-  -            185 4463                 -            262    0.0079   13.6   3.2   1   1   6.2e-05     0.027   11.8   3.2    38   159    15   130    10   138 0.56 NODE_286_length_41180_cov_81.233269_61 # 40393 # 40947 # -1 # ID=82_61;partial=00;start_type=ATG;rbs_motif=GGAG/GAGG;rbs_spacer=5-10bp;gc_cont=0.488
NODE_1596_length_2055_cov_87.700729:1655-2074|+    -            140 4463                 -            262      0.02   12.3   2.0   1   1   0.00012     0.053   10.9   0.1    20    57    30    67    15    72 0.83 NODE_1596_length_2055_cov_87.700729_2 # 1655 # 2074 # 1 # ID=723_2;partial=01;start_type=ATG;rbs_motif=AGGAG/GGAGG;rbs_spacer=11-12bp;gc_cont=0.455
NODE_1072_length_7945_cov_67.302704:4257-5237|-    -            327 4463                 -            262     0.037   11.4   9.7   1   2     0.025        11    3.3   0.6   102   178    71   145    21   153 0.64 NODE_1072_length_7945_cov_67.302704_5 # 4257 # 5237 # -1 # ID=446_5;partial=00;start_type=ATG;rbs_motif=GGA/GAG/AGG;rbs_spacer=5-10bp;gc_cont=0.482
NODE_1072_length_7945_cov_67.302704:4257-5237|-    -            327 4463                 -            262     0.037   11.4   9.7   2   2   4.4e-05      0.02   12.3   1.9     7    59   227   280   219   306 0.78 NODE_1072_length_7945_cov_67.302704_5 # 4257 # 5237 # -1 # ID=446_5;partial=00;start_type=ATG;rbs_motif=GGA/GAG/AGG;rbs_spacer=5-10bp;gc_cont=0.482
NODE_1220_length_21844_cov_70.659126:2-487|-       -            162 4463                 -            262      0.13    9.6   2.8   1   2     0.036        16    2.8   0.1   113   144    83   118    75   132 0.70 NODE_1220_length_21844_cov_70.659126_1 # 2 # 487 # -1 # ID=525_1;partial=10;start_type=ATG;rbs_motif=GGA/GAG/AGG;rbs_spacer=5-10bp;gc_cont=0.424
NODE_1220_length_21844_cov_70.659126:2-487|-       -            162 4463                 -            262      0.13    9.6   2.8   2   2    0.0025       1.1    6.6   0.3    36    61   135   160   130   162 0.67 NODE_1220_length_21844_cov_70.659126_1 # 2 # 487 # -1 # ID=525_1;partial=10;start_type=ATG;rbs_motif=GGA/GAG/AGG;rbs_spacer=5-10bp;gc_cont=0.424
NODE_2031_length_15140_cov_83.574440:6933-7754|+   -            274 4463                 -            262      0.19    9.0   3.8   1   1    0.0016      0.71    7.2   3.8   121   196   168   245   130   249 0.73 NODE_2031_length_15140_cov_83.574440_9 # 6933 # 7754 # 1 # ID=1003_9;partial=00;start_type=ATG;rbs_motif=GGAG/GAGG;rbs_spacer=5-10bp;gc_cont=0.532
#
# Program:         hmmsearch
# Version:         3.4 (Aug 2023)
# Pipeline mode:   SEARCH
# Query file:      /home/simonedassisi/velvet-1.2.10/busco_downloads/lineages/enterobacteriaceae_odb12/hmms/4463at543.hmm
# Target file:     results/BUSCO_output_velveth21/prodigal_output/predicted_genes/predicted.faa
# Option settings: hmmsearch --domtblout results/BUSCO_output_velveth21/run_enterobacteriaceae_odb12/hmmer_output/4463at543.out --cpu 1 /home/simonedassisi/velvet-1.2.10/busco_downloads/lineages/enterobacteriaceae_odb12/hmms/4463at543.hmm results/BUSCO_output_velveth21/prodigal_output/predicted_genes/predicted.faa 
# Current dir:     /home/simonedassisi/velvet-1.2.10
# Date:            Wed Apr  2 19:24:02 2025
# [ok]
