#                                                                                                           --- full sequence --- -------------- this domain -------------   hmm coord   ali coord   env coord
# target name                                       accession   tlen query name           accession   qlen   E-value  score  bias   #  of  c-Evalue  i-Evalue  score  bias  from    to  from    to  from    to  acc description of target
#                               ------------------- ---------- ----- -------------------- ---------- ----- --------- ------ ----- --- --- --------- --------- ------ ----- ----- ----- ----- ----- ----- ----- ---- ---------------------
NODE_2129_length_51924_cov_72.758377:34477-35193|-  -            239 4773                 -            238  5.6e-163  538.0   0.2   1   1  4.1e-165  6.2e-163  537.9   0.2     1   238     1   238     1   238 1.00 NODE_2129_length_51924_cov_72.758377_37 # 34477 # 35193 # -1 # ID=1066_37;partial=00;start_type=ATG;rbs_motif=GGA/GAG/AGG;rbs_spacer=5-10bp;gc_cont=0.512
NODE_2112_length_39655_cov_70.664001:15425-16117|+  -            231 4773                 -            238   1.4e-61  206.1   0.1   1   1     1e-63   1.6e-61  206.0   0.1     4   236     3   229     1   230 0.95 NODE_2112_length_39655_cov_70.664001_18 # 15425 # 16117 # 1 # ID=1058_18;partial=00;start_type=ATG;rbs_motif=GGA/GAG/AGG;rbs_spacer=11-12bp;gc_cont=0.525
NODE_1434_length_95894_cov_75.275742:11954-12673|-  -            240 4773                 -            238     2e-43  146.7   0.0   1   1   1.6e-45   2.4e-43  146.4   0.0     4   235     5   235     1   237 0.92 NODE_1434_length_95894_cov_75.275742_10 # 11954 # 12673 # -1 # ID=631_10;partial=00;start_type=ATG;rbs_motif=GGAG/GAGG;rbs_spacer=5-10bp;gc_cont=0.547
NODE_269_length_60008_cov_74.420364:34032-34721|-   -            230 4773                 -            238   8.6e-38  128.2   0.0   1   1     7e-40   1.1e-37  127.9   0.0     4   234     3   227     1   229 0.91 NODE_269_length_60008_cov_74.420364_34 # 34032 # 34721 # -1 # ID=74_34;partial=00;start_type=ATG;rbs_motif=GGA/GAG/AGG;rbs_spacer=5-10bp;gc_cont=0.545
NODE_846_length_63393_cov_76.936378:40983-41681|-   -            233 4773                 -            238   1.1e-37  127.9   0.0   1   1   8.6e-40   1.3e-37  127.6   0.0     4   232     2   228     1   231 0.94 NODE_846_length_63393_cov_76.936378_41 # 40983 # 41681 # -1 # ID=361_41;partial=00;start_type=ATG;rbs_motif=GGAGG;rbs_spacer=5-10bp;gc_cont=0.516
NODE_1155_length_53173_cov_69.651268:10906-11628|-  -            241 4773                 -            238   2.4e-37  126.8   0.0   1   1     4e-39   6.1e-37  125.4   0.0     2   235     9   235     8   237 0.93 NODE_1155_length_53173_cov_69.651268_14 # 10906 # 11628 # -1 # ID=488_14;partial=00;start_type=ATG;rbs_motif=GGA/GAG/AGG;rbs_spacer=5-10bp;gc_cont=0.541
NODE_2129_length_51924_cov_72.758377:30895-31584|+  -            230 4773                 -            238   1.5e-30  104.5   0.0   1   1   2.4e-32   3.6e-30  103.3   0.0     1   232     1   226     1   228 0.91 NODE_2129_length_51924_cov_72.758377_34 # 30895 # 31584 # 1 # ID=1066_34;partial=00;start_type=ATG;rbs_motif=GGAG/GAGG;rbs_spacer=5-10bp;gc_cont=0.551
NODE_2513_length_11127_cov_68.835533:2041-2712|+    -            224 4773                 -            238   1.3e-29  101.4   0.1   1   1   1.7e-31   2.6e-29  100.5   0.1     5   232     2   220     1   222 0.90 NODE_2513_length_11127_cov_68.835533_3 # 2041 # 2712 # 1 # ID=1309_3;partial=00;start_type=ATG;rbs_motif=GGAG/GAGG;rbs_spacer=5-10bp;gc_cont=0.478
NODE_1062_length_63423_cov_73.241127:54879-55556|-  -            226 4773                 -            238   2.8e-29  100.4   0.0   1   1   2.3e-31   3.5e-29  100.0   0.0     5   233     3   224     1   225 0.92 NODE_1062_length_63423_cov_73.241127_49 # 54879 # 55556 # -1 # ID=442_49;partial=00;start_type=GTG;rbs_motif=GGA/GAG/AGG;rbs_spacer=5-10bp;gc_cont=0.572
NODE_810_length_9061_cov_73.705658:4009-4791|-      -            261 4773                 -            238   2.2e-28   97.4   0.0   1   1     3e-30   4.6e-28   96.4   0.0     4   234    38   257    35   259 0.93 NODE_810_length_9061_cov_73.705658_4 # 4009 # 4791 # -1 # ID=349_4;partial=00;start_type=ATG;rbs_motif=None;rbs_spacer=None;gc_cont=0.433
NODE_1147_length_37024_cov_69.051132:9106-9825|-    -            240 4773                 -            238   5.1e-27   93.0   0.0   1   1   3.6e-29   5.5e-27   92.9   0.0     6   233     4   234     1   239 0.84 NODE_1147_length_37024_cov_69.051132_8 # 9106 # 9825 # -1 # ID=485_8;partial=00;start_type=ATG;rbs_motif=None;rbs_spacer=None;gc_cont=0.493
NODE_1475_length_18222_cov_64.758202:5115-5798|-    -            228 4773                 -            238   2.8e-24   84.0   0.1   1   1   2.6e-26   3.9e-24   83.5   0.1     5   231     2   220     1   223 0.91 NODE_1475_length_18222_cov_64.758202_5 # 5115 # 5798 # -1 # ID=650_5;partial=00;start_type=ATG;rbs_motif=GGAGG;rbs_spacer=3-4bp;gc_cont=0.547
NODE_1044_length_78232_cov_76.088036:28509-29177|+  -            223 4773                 -            238   7.2e-22   76.1   0.1   1   1     8e-24   1.2e-21   75.4   0.1     5   127     2   125     1   221 0.77 NODE_1044_length_78232_cov_76.088036_22 # 28509 # 29177 # 1 # ID=438_22;partial=00;start_type=ATG;rbs_motif=AGGAG;rbs_spacer=5-10bp;gc_cont=0.531
NODE_1467_length_19113_cov_76.692146:3870-4529|-    -            220 4773                 -            238   9.8e-21   72.4   0.0   1   1   1.2e-22   1.8e-20   71.6   0.0     5   232     2   216     1   219 0.91 NODE_1467_length_19113_cov_76.692146_6 # 3870 # 4529 # -1 # ID=643_6;partial=00;start_type=ATG;rbs_motif=GGA/GAG/AGG;rbs_spacer=5-10bp;gc_cont=0.518
NODE_517_length_26358_cov_74.693604:22726-23739|-   -            338 4773                 -            238   1.1e-15   55.8   0.4   1   3   1.1e-14   1.6e-12   45.5   0.0     4   132     8   138     5   148 0.84 NODE_517_length_26358_cov_74.693604_25 # 22726 # 23739 # -1 # ID=211_25;partial=00;start_type=ATG;rbs_motif=GGAG/GAGG;rbs_spacer=5-10bp;gc_cont=0.488
NODE_517_length_26358_cov_74.693604:22726-23739|-   -            338 4773                 -            238   1.1e-15   55.8   0.4   2   3      0.02         3    5.3   0.0    42    71   192   221   178   236 0.88 NODE_517_length_26358_cov_74.693604_25 # 22726 # 23739 # -1 # ID=211_25;partial=00;start_type=ATG;rbs_motif=GGAG/GAGG;rbs_spacer=5-10bp;gc_cont=0.488
NODE_517_length_26358_cov_74.693604:22726-23739|-   -            338 4773                 -            238   1.1e-15   55.8   0.4   3   3       0.3        45    1.5   0.0    47    78   247   278   237   285 0.88 NODE_517_length_26358_cov_74.693604_25 # 22726 # 23739 # -1 # ID=211_25;partial=00;start_type=ATG;rbs_motif=GGAG/GAGG;rbs_spacer=5-10bp;gc_cont=0.488
NODE_644_length_31137_cov_72.486465:20951-22336|-   -            462 4773                 -            238   1.9e-14   51.8   0.0   1   1   2.3e-16   3.5e-14   51.0   0.0     4   142     5   140     2   186 0.84 NODE_644_length_31137_cov_72.486465_14 # 20951 # 22336 # -1 # ID=277_14;partial=00;start_type=ATG;rbs_motif=GGA/GAG/AGG;rbs_spacer=11-12bp;gc_cont=0.490
NODE_215_length_65836_cov_69.504402:59479-60213|-   -            245 4773                 -            238   3.1e-11   41.3   0.2   1   2   3.7e-12   5.6e-10   37.2   0.0     5   112     2   110     1   157 0.82 NODE_215_length_65836_cov_69.504402_59 # 59479 # 60213 # -1 # ID=52_59;partial=00;start_type=GTG;rbs_motif=GGAG/GAGG;rbs_spacer=5-10bp;gc_cont=0.475
NODE_215_length_65836_cov_69.504402:59479-60213|-   -            245 4773                 -            238   3.1e-11   41.3   0.2   2   2      0.18        27    2.2   0.0   160   207   186   234   171   242 0.77 NODE_215_length_65836_cov_69.504402_59 # 59479 # 60213 # -1 # ID=52_59;partial=00;start_type=GTG;rbs_motif=GGAG/GAGG;rbs_spacer=5-10bp;gc_cont=0.475
NODE_190_length_21144_cov_76.620888:6719-10312|-    -           1198 4773                 -            238   4.8e-11   40.7   0.0   1   1   5.8e-13   8.7e-11   39.8   0.0     5   109   960  1065   957  1129 0.80 NODE_190_length_21144_cov_76.620888_6 # 6719 # 10312 # -1 # ID=47_6;partial=00;start_type=ATG;rbs_motif=None;rbs_spacer=None;gc_cont=0.408
NODE_482_length_21709_cov_69.527618:3494-4144|+     -            217 4773                 -            238   6.5e-11   40.2   1.2   1   2   5.7e-12   8.6e-10   36.6   0.1     5   111     8   117     4   136 0.84 NODE_482_length_21709_cov_69.527618_4 # 3494 # 4144 # 1 # ID=196_4;partial=00;start_type=ATG;rbs_motif=AGGAG;rbs_spacer=5-10bp;gc_cont=0.515
NODE_482_length_21709_cov_69.527618:3494-4144|+     -            217 4773                 -            238   6.5e-11   40.2   1.2   2   2      0.13        19    2.7   0.1   185   215   171   201   162   214 0.81 NODE_482_length_21709_cov_69.527618_4 # 3494 # 4144 # 1 # ID=196_4;partial=00;start_type=ATG;rbs_motif=AGGAG;rbs_spacer=5-10bp;gc_cont=0.515
NODE_1668_length_5107_cov_73.732132:1678-2325|-     -            216 4773                 -            238   1.7e-10   38.9   1.1   1   1   3.5e-12   5.3e-10   37.3   0.9     5   115     8   123     4   200 0.86 NODE_1668_length_5107_cov_73.732132_3 # 1678 # 2325 # -1 # ID=761_3;partial=00;start_type=ATG;rbs_motif=AGGAG;rbs_spacer=5-10bp;gc_cont=0.529
NODE_718_length_90501_cov_69.003258:1537-2193|+     -            219 4773                 -            238   1.2e-09   36.1   0.0   1   1   1.2e-11   1.9e-09   35.5   0.0     5   121     3   122     1   143 0.86 NODE_718_length_90501_cov_69.003258_3 # 1537 # 2193 # 1 # ID=299_3;partial=00;start_type=TTG;rbs_motif=GGAG/GAGG;rbs_spacer=5-10bp;gc_cont=0.498
NODE_644_length_31137_cov_72.486465:24326-27175|+   -            950 4773                 -            238   1.6e-09   35.7   0.1   1   1   2.1e-11   3.2e-09   34.7   0.1     5   106   826   928   823   945 0.88 NODE_644_length_31137_cov_72.486465_16 # 24326 # 27175 # 1 # ID=277_16;partial=00;start_type=TTG;rbs_motif=GGAG/GAGG;rbs_spacer=5-10bp;gc_cont=0.509
NODE_718_length_90501_cov_69.003258:28683-29072|+   -            130 4773                 -            238   1.3e-08   32.8   0.2   1   1   9.5e-11   1.4e-08   32.6   0.2     5   111     7   117     3   127 0.85 NODE_718_length_90501_cov_69.003258_29 # 28683 # 29072 # 1 # ID=299_29;partial=00;start_type=ATG;rbs_motif=AGGAG;rbs_spacer=5-10bp;gc_cont=0.492
NODE_926_length_95421_cov_71.123581:37110-38444|+   -            445 4773                 -            238   3.7e-08   31.2   0.0   1   1   5.1e-10   7.7e-08   30.2   0.0     4   109     6   112     3   125 0.91 NODE_926_length_95421_cov_71.123581_34 # 37110 # 38444 # 1 # ID=386_34;partial=00;start_type=ATG;rbs_motif=GGAG/GAGG;rbs_spacer=5-10bp;gc_cont=0.546
NODE_851_length_22678_cov_82.051857:12959-14368|-   -            470 4773                 -            238   7.5e-08   30.2   0.0   1   1   7.4e-10   1.1e-07   29.7   0.0     1   111     1   112     1   142 0.84 NODE_851_length_22678_cov_82.051857_14 # 12959 # 14368 # -1 # ID=363_14;partial=00;start_type=ATG;rbs_motif=GGA/GAG/AGG;rbs_spacer=5-10bp;gc_cont=0.569
NODE_1677_length_30732_cov_80.654755:3218-4543|-    -            442 4773                 -            238     4e-07   27.8   0.1   1   1   4.7e-09   7.1e-07   27.0   0.1     4   122     6   125     3   139 0.87 NODE_1677_length_30732_cov_80.654755_3 # 3218 # 4543 # -1 # ID=765_3;partial=00;start_type=ATG;rbs_motif=AGGA;rbs_spacer=5-10bp;gc_cont=0.569
NODE_105_length_8867_cov_74.724709:2345-2977|+      -            211 4773                 -            238     2e-06   25.6   0.0   1   1   1.6e-08   2.4e-06   25.3   0.0     4   115     4   118     1   147 0.76 NODE_105_length_8867_cov_74.724709_4 # 2345 # 2977 # 1 # ID=17_4;partial=00;start_type=ATG;rbs_motif=GGA/GAG/AGG;rbs_spacer=5-10bp;gc_cont=0.365
NODE_2145_length_112275_cov_77.552353:49447-51783|+ -            779 4773                 -            238   4.1e-06   24.5   0.1   1   1   4.9e-08   7.3e-06   23.7   0.1     4   115   526   640   523   663 0.83 NODE_2145_length_112275_cov_77.552353_43 # 49447 # 51783 # 1 # ID=1072_43;partial=00;start_type=ATG;rbs_motif=AGGA;rbs_spacer=5-10bp;gc_cont=0.507
NODE_718_length_90501_cov_69.003258:27619-28668|+   -            350 4773                 -            238   4.4e-05   21.2   0.1   1   1   4.1e-07   6.2e-05   20.7   0.1     1   105     1   109     1   136 0.79 NODE_718_length_90501_cov_69.003258_28 # 27619 # 28668 # 1 # ID=299_28;partial=00;start_type=ATG;rbs_motif=AGGA;rbs_spacer=5-10bp;gc_cont=0.539
NODE_1173_length_14123_cov_66.331375:5568-6287|+    -            240 4773                 -            238   0.00045   17.9   0.0   1   1   4.1e-06   0.00062   17.4   0.0     5   111     3   109     1   137 0.84 NODE_1173_length_14123_cov_66.331375_7 # 5568 # 6287 # 1 # ID=499_7;partial=00;start_type=ATG;rbs_motif=GGAGG;rbs_spacer=5-10bp;gc_cont=0.494
NODE_1044_length_78232_cov_76.088036:12424-13143|+  -            240 4773                 -            238   0.00091   16.9   0.0   1   1   7.7e-06    0.0012   16.5   0.0     6   108     4   111     1   135 0.70 NODE_1044_length_78232_cov_76.088036_11 # 12424 # 13143 # 1 # ID=438_11;partial=00;start_type=ATG;rbs_motif=GGAG/GAGG;rbs_spacer=5-10bp;gc_cont=0.499
NODE_190_length_21144_cov_76.620888:10366-10932|-   -            189 4773                 -            238    0.0012   16.4   0.4   1   1   1.1e-05    0.0017   16.0   0.4     8   103     5   102     1   179 0.79 NODE_190_length_21144_cov_76.620888_7 # 10366 # 10932 # -1 # ID=47_7;partial=00;start_type=ATG;rbs_motif=GGA/GAG/AGG;rbs_spacer=5-10bp;gc_cont=0.402
NODE_1044_length_78232_cov_76.088036:523-2061|+     -            513 4773                 -            238    0.0015   16.1   0.0   1   1   1.6e-05    0.0025   15.4   0.0   148   232    16   100     8   104 0.87 NODE_1044_length_78232_cov_76.088036_1 # 523 # 2061 # 1 # ID=438_1;partial=00;start_type=ATG;rbs_motif=GGA/GAG/AGG;rbs_spacer=5-10bp;gc_cont=0.419
NODE_170_length_74698_cov_75.748665:2-826|-         -            275 4773                 -            238     0.013   13.1   0.0   1   1   0.00014     0.021   12.4   0.0   150   236    21   105     5   107 0.84 NODE_170_length_74698_cov_75.748665_1 # 2 # 826 # -1 # ID=38_1;partial=10;start_type=ATG;rbs_motif=GGAG/GAGG;rbs_spacer=5-10bp;gc_cont=0.341
NODE_989_length_51512_cov_75.450089:37564-38154|+   -            197 4773                 -            238     0.022   12.3   0.0   1   1    0.0002      0.03   11.9   0.0     6   112     4   110     1   122 0.83 NODE_989_length_51512_cov_75.450089_39 # 37564 # 38154 # 1 # ID=419_39;partial=00;start_type=ATG;rbs_motif=AGGA;rbs_spacer=5-10bp;gc_cont=0.591
#
# Program:         hmmsearch
# Version:         3.4 (Aug 2023)
# Pipeline mode:   SEARCH
# Query file:      /home/simonedassisi/velvet-1.2.10/busco_downloads/lineages/enterobacteriaceae_odb12/hmms/4773at543.hmm
# Target file:     results/BUSCO_output_velveth21/prodigal_output/predicted_genes/predicted.faa
# Option settings: hmmsearch --domtblout results/BUSCO_output_velveth21/run_enterobacteriaceae_odb12/hmmer_output/4773at543.out --cpu 1 /home/simonedassisi/velvet-1.2.10/busco_downloads/lineages/enterobacteriaceae_odb12/hmms/4773at543.hmm results/BUSCO_output_velveth21/prodigal_output/predicted_genes/predicted.faa 
# Current dir:     /home/simonedassisi/velvet-1.2.10
# Date:            Wed Apr  2 19:24:03 2025
# [ok]
