#                                                                                                           --- full sequence --- -------------- this domain -------------   hmm coord   ali coord   env coord
# target name                                       accession   tlen query name           accession   qlen   E-value  score  bias   #  of  c-Evalue  i-Evalue  score  bias  from    to  from    to  from    to  acc description of target
#                               ------------------- ---------- ----- -------------------- ---------- ----- --------- ------ ----- --- --- --------- --------- ------ ----- ----- ----- ----- ----- ----- ----- ---- ---------------------
NODE_926_length_95421_cov_71.123581:22527-23432|+   -            302 4857                 -            300  6.7e-181  598.2   0.1   1   1  1.6e-183  7.5e-181  598.0   0.1     1   300     1   300     1   300 0.99 NODE_926_length_95421_cov_71.123581_22 # 22527 # 23432 # 1 # ID=386_22;partial=00;start_type=ATG;rbs_motif=GGAG/GAGG;rbs_spacer=5-10bp;gc_cont=0.523
NODE_926_length_95421_cov_71.123581:87944-89416|+   -            491 4857                 -            300   8.5e-34  115.2   0.0   1   2   1.1e-18   5.2e-16   56.8   0.0    10   138     4   132     1   181 0.85 NODE_926_length_95421_cov_71.123581_77 # 87944 # 89416 # 1 # ID=386_77;partial=00;start_type=ATG;rbs_motif=GGAG/GAGG;rbs_spacer=5-10bp;gc_cont=0.520
NODE_926_length_95421_cov_71.123581:87944-89416|+   -            491 4857                 -            300   8.5e-34  115.2   0.0   2   2   1.5e-18   7.1e-16   56.3   0.0    11   182   205   381   200   392 0.87 NODE_926_length_95421_cov_71.123581_77 # 87944 # 89416 # 1 # ID=386_77;partial=00;start_type=ATG;rbs_motif=GGAG/GAGG;rbs_spacer=5-10bp;gc_cont=0.520
NODE_989_length_51512_cov_75.450089:2-1321|-        -            440 4857                 -            300   5.1e-10   37.1   0.0   1   1   1.8e-12   8.6e-10   36.4   0.0    11   107   219   314   214   382 0.73 NODE_989_length_51512_cov_75.450089_1 # 2 # 1321 # -1 # ID=419_1;partial=10;start_type=ATG;rbs_motif=AGGA;rbs_spacer=5-10bp;gc_cont=0.567
NODE_1570_length_36954_cov_78.025352:25627-26907|+  -            427 4857                 -            300   2.4e-09   34.9   0.0   1   1   6.4e-12   3.1e-09   34.6   0.0     8   131   197   324   190   368 0.85 NODE_1570_length_36954_cov_78.025352_25 # 25627 # 26907 # 1 # ID=708_25;partial=00;start_type=TTG;rbs_motif=GGAG/GAGG;rbs_spacer=5-10bp;gc_cont=0.538
NODE_1434_length_95894_cov_75.275742:16477-18798|+  -            774 4857                 -            300   3.8e-09   34.2   0.0   1   1   1.2e-11     6e-09   33.6   0.0    11   171     6   165     3   179 0.84 NODE_1434_length_95894_cov_75.275742_14 # 16477 # 18798 # 1 # ID=631_14;partial=00;start_type=ATG;rbs_motif=None;rbs_spacer=None;gc_cont=0.548
NODE_482_length_21709_cov_69.527618:20585-21676|+   -            364 4857                 -            300    0.0018   15.6   0.0   1   1   7.9e-06    0.0038   14.5   0.0    12    32     6    26     1    38 0.85 NODE_482_length_21709_cov_69.527618_23 # 20585 # 21676 # 1 # ID=196_23;partial=00;start_type=ATG;rbs_motif=GGA/GAG/AGG;rbs_spacer=11-12bp;gc_cont=0.510
NODE_2145_length_112275_cov_77.552353:86456-89128|+ -            891 4857                 -            300    0.0025   15.1   0.0   1   1   1.2e-05    0.0056   14.0   0.0    10   129   393   503   387   551 0.71 NODE_2145_length_112275_cov_77.552353_83 # 86456 # 89128 # 1 # ID=1072_83;partial=00;start_type=ATG;rbs_motif=AGGA;rbs_spacer=5-10bp;gc_cont=0.535
NODE_851_length_22678_cov_82.051857:9262-9894|-     -            211 4857                 -            300    0.0038   14.6   0.0   1   1   1.2e-05    0.0058   14.0   0.0    11   129    29   150    23   162 0.54 NODE_851_length_22678_cov_82.051857_10 # 9262 # 9894 # -1 # ID=363_10;partial=00;start_type=TTG;rbs_motif=GGAG/GAGG;rbs_spacer=5-10bp;gc_cont=0.518
NODE_1601_length_842_cov_157.199524:3-860|-         -            286 4857                 -            300    0.0056   14.0   0.0   1   2   6.2e-05      0.03   11.6   0.0    10   127    69   186    61   193 0.68 NODE_1601_length_842_cov_157.199524_1 # 3 # 860 # -1 # ID=725_1;partial=11;start_type=Edge;rbs_motif=None;rbs_spacer=None;gc_cont=0.573
NODE_1601_length_842_cov_157.199524:3-860|-         -            286 4857                 -            300    0.0056   14.0   0.0   2   2      0.21     1e+02    0.0   0.0   150   176   225   251   218   272 0.88 NODE_1601_length_842_cov_157.199524_1 # 3 # 860 # -1 # ID=725_1;partial=11;start_type=Edge;rbs_motif=None;rbs_spacer=None;gc_cont=0.573
NODE_1608_length_6412_cov_72.405022:2498-3382|-     -            295 4857                 -            300     0.028   11.7   0.0   1   1    0.0001     0.048   10.9   0.0     7    71    37   101    29   148 0.76 NODE_1608_length_6412_cov_72.405022_6 # 2498 # 3382 # -1 # ID=729_6;partial=00;start_type=ATG;rbs_motif=AGGA;rbs_spacer=5-10bp;gc_cont=0.536
NODE_1570_length_36954_cov_78.025352:15524-16576|-  -            351 4857                 -            300     0.042   11.1   0.4   1   2      0.97   4.6e+02   -2.1   0.1   116   132   152   168   119   186 0.71 NODE_1570_length_36954_cov_78.025352_16 # 15524 # 16576 # -1 # ID=708_16;partial=00;start_type=TTG;rbs_motif=AGGAG;rbs_spacer=5-10bp;gc_cont=0.540
NODE_1570_length_36954_cov_78.025352:15524-16576|-  -            351 4857                 -            300     0.042   11.1   0.4   2   2   0.00019     0.093   10.0   0.0     6    35   204   234   200   252 0.80 NODE_1570_length_36954_cov_78.025352_16 # 15524 # 16576 # -1 # ID=708_16;partial=00;start_type=TTG;rbs_motif=AGGAG;rbs_spacer=5-10bp;gc_cont=0.540
#
# Program:         hmmsearch
# Version:         3.4 (Aug 2023)
# Pipeline mode:   SEARCH
# Query file:      /home/simonedassisi/velvet-1.2.10/busco_downloads/lineages/enterobacteriaceae_odb12/hmms/4857at543.hmm
# Target file:     results/BUSCO_output_velveth21/prodigal_output/predicted_genes/predicted.faa
# Option settings: hmmsearch --domtblout results/BUSCO_output_velveth21/run_enterobacteriaceae_odb12/hmmer_output/4857at543.out --cpu 1 /home/simonedassisi/velvet-1.2.10/busco_downloads/lineages/enterobacteriaceae_odb12/hmms/4857at543.hmm results/BUSCO_output_velveth21/prodigal_output/predicted_genes/predicted.faa 
# Current dir:     /home/simonedassisi/velvet-1.2.10
# Date:            Wed Apr  2 19:24:04 2025
# [ok]
