#                                                                                                          --- full sequence --- -------------- this domain -------------   hmm coord   ali coord   env coord
# target name                                      accession   tlen query name           accession   qlen   E-value  score  bias   #  of  c-Evalue  i-Evalue  score  bias  from    to  from    to  from    to  acc description of target
#                              ------------------- ---------- ----- -------------------- ---------- ----- --------- ------ ----- --- --- --------- --------- ------ ----- ----- ----- ----- ----- ----- ----- ---- ---------------------
NODE_718_length_90501_cov_69.003258:54485-55807|+  -            441 5180                 -            437  2.6e-248  822.2   0.0   1   1  3.9e-251  2.9e-248  822.1   0.0     1   437     1   440     1   440 0.99 NODE_718_length_90501_cov_69.003258_55 # 54485 # 55807 # 1 # ID=299_55;partial=00;start_type=GTG;rbs_motif=GGAG/GAGG;rbs_spacer=5-10bp;gc_cont=0.522
NODE_1852_length_52597_cov_77.721466:1296-2051|-   -            252 5180                 -            437   5.7e-20   69.8   0.5   1   2      0.21   1.6e+02   -0.9   0.0    95   138    40    82    29   104 0.73 NODE_1852_length_52597_cov_77.721466_2 # 1296 # 2051 # -1 # ID=868_2;partial=00;start_type=TTG;rbs_motif=GGAG/GAGG;rbs_spacer=5-10bp;gc_cont=0.508
NODE_1852_length_52597_cov_77.721466:1296-2051|-   -            252 5180                 -            437   5.7e-20   69.8   0.5   2   2   2.2e-22   1.7e-19   68.2   0.2   311   406   145   240   127   246 0.90 NODE_1852_length_52597_cov_77.721466_2 # 1296 # 2051 # -1 # ID=868_2;partial=00;start_type=TTG;rbs_motif=GGAG/GAGG;rbs_spacer=5-10bp;gc_cont=0.508
NODE_2185_length_35330_cov_74.210983:25247-26386|- -            380 5180                 -            437   2.7e-19   67.6   0.7   1   2      0.19   1.5e+02   -0.8   0.0    55   137    83   162    63   167 0.58 NODE_2185_length_35330_cov_74.210983_28 # 25247 # 26386 # -1 # ID=1088_28;partial=00;start_type=ATG;rbs_motif=GGxGG;rbs_spacer=3-4bp;gc_cont=0.524
NODE_2185_length_35330_cov_74.210983:25247-26386|- -            380 5180                 -            437   2.7e-19   67.6   0.7   2   2     1e-21   7.9e-19   66.0   0.2   312   406   280   374   277   378 0.94 NODE_2185_length_35330_cov_74.210983_28 # 25247 # 26386 # -1 # ID=1088_28;partial=00;start_type=ATG;rbs_motif=GGxGG;rbs_spacer=3-4bp;gc_cont=0.524
NODE_2031_length_15140_cov_83.574440:1398-2657|-   -            420 5180                 -            437   3.1e-12   44.3   0.2   1   3      0.42   3.2e+02   -1.9   2.7    64   126    49   110    18   127 0.55 NODE_2031_length_15140_cov_83.574440_3 # 1398 # 2657 # -1 # ID=1003_3;partial=00;start_type=ATG;rbs_motif=GGA/GAG/AGG;rbs_spacer=11-12bp;gc_cont=0.568
NODE_2031_length_15140_cov_83.574440:1398-2657|-   -            420 5180                 -            437   3.1e-12   44.3   0.2   2   3      0.34   2.6e+02   -1.6   3.2    65   135   159   232   148   285 0.70 NODE_2031_length_15140_cov_83.574440_3 # 1398 # 2657 # -1 # ID=1003_3;partial=00;start_type=ATG;rbs_motif=GGA/GAG/AGG;rbs_spacer=11-12bp;gc_cont=0.568
NODE_2031_length_15140_cov_83.574440:1398-2657|-   -            420 5180                 -            437   3.1e-12   44.3   0.2   3   3   4.1e-15   3.1e-12   44.3   0.2   318   404   327   413   318   415 0.95 NODE_2031_length_15140_cov_83.574440_3 # 1398 # 2657 # -1 # ID=1003_3;partial=00;start_type=ATG;rbs_motif=GGA/GAG/AGG;rbs_spacer=11-12bp;gc_cont=0.568
NODE_340_length_13576_cov_71.190559:5360-5998|+    -            213 5180                 -            437   0.00031   17.9   0.0   1   1   5.1e-07   0.00039   17.6   0.0    52   165    84   202    67   208 0.80 NODE_340_length_13576_cov_71.190559_6 # 5360 # 5998 # 1 # ID=103_6;partial=00;start_type=ATG;rbs_motif=AGGAG;rbs_spacer=5-10bp;gc_cont=0.556
NODE_895_length_14892_cov_65.747314:3832-5052|-    -            407 5180                 -            437   0.00055   17.1   0.0   1   2    0.0022       1.7    5.6   0.0    92   138   292   336   257   342 0.78 NODE_895_length_14892_cov_65.747314_6 # 3832 # 5052 # -1 # ID=378_6;partial=00;start_type=ATG;rbs_motif=GGA/GAG/AGG;rbs_spacer=5-10bp;gc_cont=0.520
NODE_895_length_14892_cov_65.747314:3832-5052|-    -            407 5180                 -            437   0.00055   17.1   0.0   2   2   0.00014       0.1    9.6   0.0    84   134   343   390   334   403 0.77 NODE_895_length_14892_cov_65.747314_6 # 3832 # 5052 # -1 # ID=378_6;partial=00;start_type=ATG;rbs_motif=GGA/GAG/AGG;rbs_spacer=5-10bp;gc_cont=0.520
NODE_563_length_2367_cov_72.813690:758-1174|-      -            139 5180                 -            437     0.022   11.8   3.5   1   1   3.1e-05     0.024   11.7   3.5   101   188    29   116     9   134 0.88 NODE_563_length_2367_cov_72.813690_3 # 758 # 1174 # -1 # ID=246_3;partial=00;start_type=TTG;rbs_motif=GGA/GAG/AGG;rbs_spacer=5-10bp;gc_cont=0.372
#
# Program:         hmmsearch
# Version:         3.4 (Aug 2023)
# Pipeline mode:   SEARCH
# Query file:      /home/simonedassisi/velvet-1.2.10/busco_downloads/lineages/enterobacteriaceae_odb12/hmms/5180at543.hmm
# Target file:     results/BUSCO_output_velveth21/prodigal_output/predicted_genes/predicted.faa
# Option settings: hmmsearch --domtblout results/BUSCO_output_velveth21/run_enterobacteriaceae_odb12/hmmer_output/5180at543.out --cpu 1 /home/simonedassisi/velvet-1.2.10/busco_downloads/lineages/enterobacteriaceae_odb12/hmms/5180at543.hmm results/BUSCO_output_velveth21/prodigal_output/predicted_genes/predicted.faa 
# Current dir:     /home/simonedassisi/velvet-1.2.10
# Date:            Wed Apr  2 19:24:05 2025
# [ok]
