#                                                                                                          --- full sequence --- -------------- this domain -------------   hmm coord   ali coord   env coord
# target name                                      accession   tlen query name           accession   qlen   E-value  score  bias   #  of  c-Evalue  i-Evalue  score  bias  from    to  from    to  from    to  acc description of target
#                              ------------------- ---------- ----- -------------------- ---------- ----- --------- ------ ----- --- --- --------- --------- ------ ----- ----- ----- ----- ----- ----- ----- ---- ---------------------
NODE_592_length_39318_cov_75.666641:15718-16158|-  -            147 5216                 -            141   5.4e-76  251.6   0.0   1   1     1e-78   6.1e-76  251.5   0.0     1   141     1   143     1   143 0.97 NODE_592_length_39318_cov_75.666641_16 # 15718 # 16158 # -1 # ID=257_16;partial=00;start_type=ATG;rbs_motif=AGGAG;rbs_spacer=5-10bp;gc_cont=0.524
NODE_286_length_41180_cov_81.233269:8724-9161|-    -            146 5216                 -            141   3.4e-10   38.4   0.0   1   1     7e-13   4.1e-10   38.1   0.0     2    76     5    79     4    97 0.91 NODE_286_length_41180_cov_81.233269_11 # 8724 # 9161 # -1 # ID=82_11;partial=00;start_type=ATG;rbs_motif=AGGA;rbs_spacer=5-10bp;gc_cont=0.482
NODE_254_length_18152_cov_73.084511:13370-13825|+  -            152 5216                 -            141   9.2e-08   30.5   0.0   1   1     2e-10   1.2e-07   30.1   0.0     4    73    11    80     8    95 0.91 NODE_254_length_18152_cov_73.084511_13 # 13370 # 13825 # 1 # ID=69_13;partial=00;start_type=ATG;rbs_motif=GGAG/GAGG;rbs_spacer=5-10bp;gc_cont=0.522
NODE_286_length_41180_cov_81.233269:8207-8716|-    -            170 5216                 -            141   1.5e-06   26.5   0.0   1   1     4e-09   2.3e-06   25.9   0.0     1    32     1    32     1    66 0.81 NODE_286_length_41180_cov_81.233269_10 # 8207 # 8716 # -1 # ID=82_10;partial=00;start_type=ATG;rbs_motif=None;rbs_spacer=None;gc_cont=0.559
NODE_170_length_74698_cov_75.748665:28750-29220|+  -            157 5216                 -            141   8.6e-05   20.9   0.0   1   1   2.2e-07   0.00013   20.3   0.0     1    35     1    35     1    49 0.89 NODE_170_length_74698_cov_75.748665_29 # 28750 # 29220 # 1 # ID=38_29;partial=00;start_type=ATG;rbs_motif=None;rbs_spacer=None;gc_cont=0.541
NODE_286_length_41180_cov_81.233269:7253-7840|-    -            196 5216                 -            141   0.00033   19.0   0.3   1   1   1.2e-06   0.00068   17.9   0.3     2    27     3    28     2    54 0.89 NODE_286_length_41180_cov_81.233269_8 # 7253 # 7840 # -1 # ID=82_8;partial=00;start_type=ATG;rbs_motif=GGA/GAG/AGG;rbs_spacer=5-10bp;gc_cont=0.505
NODE_254_length_18152_cov_73.084511:13829-14392|+  -            188 5216                 -            141    0.0096   14.2   0.0   1   1   2.7e-05     0.016   13.5   0.0     4    31     3    30     1    60 0.72 NODE_254_length_18152_cov_73.084511_14 # 13829 # 14392 # 1 # ID=69_14;partial=00;start_type=GTG;rbs_motif=AGGAG/GGAGG;rbs_spacer=11-12bp;gc_cont=0.548
NODE_254_length_18152_cov_73.084511:14757-15356|+  -            200 5216                 -            141     0.012   13.9   0.1   1   1   3.7e-05     0.022   13.1   0.1     3    24     4    25     2    36 0.87 NODE_254_length_18152_cov_73.084511_16 # 14757 # 15356 # 1 # ID=69_16;partial=00;start_type=GTG;rbs_motif=GGAGG;rbs_spacer=5-10bp;gc_cont=0.580
NODE_1288_length_45176_cov_69.014496:16450-16710|- -             87 5216                 -            141     0.027   12.8   0.0   1   1   5.2e-05      0.03   12.6   0.0    88   131    36    79    12    83 0.85 NODE_1288_length_45176_cov_69.014496_15 # 16450 # 16710 # -1 # ID=561_15;partial=00;start_type=ATG;rbs_motif=GGA/GAG/AGG;rbs_spacer=5-10bp;gc_cont=0.502
#
# Program:         hmmsearch
# Version:         3.4 (Aug 2023)
# Pipeline mode:   SEARCH
# Query file:      /home/simonedassisi/velvet-1.2.10/busco_downloads/lineages/enterobacteriaceae_odb12/hmms/5216at543.hmm
# Target file:     results/BUSCO_output_velveth21/prodigal_output/predicted_genes/predicted.faa
# Option settings: hmmsearch --domtblout results/BUSCO_output_velveth21/run_enterobacteriaceae_odb12/hmmer_output/5216at543.out --cpu 1 /home/simonedassisi/velvet-1.2.10/busco_downloads/lineages/enterobacteriaceae_odb12/hmms/5216at543.hmm results/BUSCO_output_velveth21/prodigal_output/predicted_genes/predicted.faa 
# Current dir:     /home/simonedassisi/velvet-1.2.10
# Date:            Wed Apr  2 19:24:05 2025
# [ok]
