#                                                                                                          --- full sequence --- -------------- this domain -------------   hmm coord   ali coord   env coord
# target name                                      accession   tlen query name           accession   qlen   E-value  score  bias   #  of  c-Evalue  i-Evalue  score  bias  from    to  from    to  from    to  acc description of target
#                              ------------------- ---------- ----- -------------------- ---------- ----- --------- ------ ----- --- --- --------- --------- ------ ----- ----- ----- ----- ----- ----- ----- ---- ---------------------
NODE_895_length_14892_cov_65.747314:3832-5052|-    -            407 5275                 -            427  9.6e-226  747.3   0.9   1   1  2.1e-228  1.1e-225  747.1   0.9    41   427     1   399     1   399 0.96 NODE_895_length_14892_cov_65.747314_6 # 3832 # 5052 # -1 # ID=378_6;partial=00;start_type=ATG;rbs_motif=GGA/GAG/AGG;rbs_spacer=5-10bp;gc_cont=0.520
NODE_1852_length_52597_cov_77.721466:1296-2051|-   -            252 5275                 -            427   4.9e-07   26.7   0.1   1   1   1.6e-09   8.3e-07   25.9   0.1   327   385    37    95    21   109 0.85 NODE_1852_length_52597_cov_77.721466_2 # 1296 # 2051 # -1 # ID=868_2;partial=00;start_type=TTG;rbs_motif=GGAG/GAGG;rbs_spacer=5-10bp;gc_cont=0.508
NODE_2185_length_35330_cov_74.210983:25247-26386|- -            380 5275                 -            427   2.3e-06   24.5   0.0   1   1     7e-09   3.7e-06   23.8   0.0   328   377   119   169    74   187 0.86 NODE_2185_length_35330_cov_74.210983_28 # 25247 # 26386 # -1 # ID=1088_28;partial=00;start_type=ATG;rbs_motif=GGxGG;rbs_spacer=3-4bp;gc_cont=0.524
NODE_2129_length_51924_cov_72.758377:25706-27643|+ -            646 5275                 -            427   4.1e-06   23.7   0.0   1   1   1.4e-08   7.6e-06   22.8   0.0   118   230   505   621   491   626 0.81 NODE_2129_length_51924_cov_72.758377_28 # 25706 # 27643 # 1 # ID=1066_28;partial=00;start_type=GTG;rbs_motif=GGAG/GAGG;rbs_spacer=5-10bp;gc_cont=0.547
NODE_1573_length_22126_cov_70.879776:4925-6004|-   -            360 5275                 -            427   3.5e-05   20.6   0.0   1   1   1.5e-07   8.2e-05   19.4   0.0    90   205   188   316   180   322 0.66 NODE_1573_length_22126_cov_70.879776_6 # 4925 # 6004 # -1 # ID=711_6;partial=00;start_type=ATG;rbs_motif=None;rbs_spacer=None;gc_cont=0.512
NODE_718_length_90501_cov_69.003258:54485-55807|+  -            441 5275                 -            427     5e-05   20.1   0.1   1   2   2.7e-07   0.00014   18.6   0.1   322   386    88   156    67   198 0.75 NODE_718_length_90501_cov_69.003258_55 # 54485 # 55807 # 1 # ID=299_55;partial=00;start_type=GTG;rbs_motif=GGAG/GAGG;rbs_spacer=5-10bp;gc_cont=0.522
NODE_718_length_90501_cov_69.003258:54485-55807|+  -            441 5275                 -            427     5e-05   20.1   0.1   2   2      0.32   1.7e+02   -1.4   0.0   404   424   214   234   173   237 0.74 NODE_718_length_90501_cov_69.003258_55 # 54485 # 55807 # 1 # ID=299_55;partial=00;start_type=GTG;rbs_motif=GGAG/GAGG;rbs_spacer=5-10bp;gc_cont=0.522
NODE_2129_length_51924_cov_72.758377:17940-18089|- -             50 5275                 -            427   0.00077   16.2   0.1   1   1   1.6e-06   0.00084   16.1   0.1   234   279     4    49     2    49 0.96 NODE_2129_length_51924_cov_72.758377_20 # 17940 # 18089 # -1 # ID=1066_20;partial=00;start_type=ATG;rbs_motif=AGGA;rbs_spacer=5-10bp;gc_cont=0.400
NODE_2154_length_30944_cov_68.453339:9522-9971|-   -            150 5275                 -            427    0.0021   14.7   0.1   1   1     5e-06    0.0027   14.4   0.0   318   351    85   118    62   149 0.71 NODE_2154_length_30944_cov_68.453339_8 # 9522 # 9971 # -1 # ID=1078_8;partial=00;start_type=ATG;rbs_motif=GGAG/GAGG;rbs_spacer=5-10bp;gc_cont=0.484
NODE_926_length_95421_cov_71.123581:28556-30112|-  -            519 5275                 -            427     0.014   12.0   0.1   1   1   4.1e-05     0.021   11.4   0.1   116   209   312   406   274   420 0.83 NODE_926_length_95421_cov_71.123581_30 # 28556 # 30112 # -1 # ID=386_30;partial=00;start_type=TTG;rbs_motif=GGA/GAG/AGG;rbs_spacer=5-10bp;gc_cont=0.504
NODE_340_length_13576_cov_71.190559:5360-5998|+    -            213 5275                 -            427     0.054   10.1   0.0   1   1   0.00013      0.07    9.7   0.0   316   379   115   183   104   202 0.82 NODE_340_length_13576_cov_71.190559_6 # 5360 # 5998 # 1 # ID=103_6;partial=00;start_type=ATG;rbs_motif=AGGAG;rbs_spacer=5-10bp;gc_cont=0.556
#
# Program:         hmmsearch
# Version:         3.4 (Aug 2023)
# Pipeline mode:   SEARCH
# Query file:      /home/simonedassisi/velvet-1.2.10/busco_downloads/lineages/enterobacteriaceae_odb12/hmms/5275at543.hmm
# Target file:     results/BUSCO_output_velveth21/prodigal_output/predicted_genes/predicted.faa
# Option settings: hmmsearch --domtblout results/BUSCO_output_velveth21/run_enterobacteriaceae_odb12/hmmer_output/5275at543.out --cpu 1 /home/simonedassisi/velvet-1.2.10/busco_downloads/lineages/enterobacteriaceae_odb12/hmms/5275at543.hmm results/BUSCO_output_velveth21/prodigal_output/predicted_genes/predicted.faa 
# Current dir:     /home/simonedassisi/velvet-1.2.10
# Date:            Wed Apr  2 19:24:05 2025
# [ok]
