#                                                                                                           --- full sequence --- -------------- this domain -------------   hmm coord   ali coord   env coord
# target name                                       accession   tlen query name           accession   qlen   E-value  score  bias   #  of  c-Evalue  i-Evalue  score  bias  from    to  from    to  from    to  acc description of target
#                               ------------------- ---------- ----- -------------------- ---------- ----- --------- ------ ----- --- --- --------- --------- ------ ----- ----- ----- ----- ----- ----- ----- ---- ---------------------
NODE_274_length_24805_cov_72.090103:17989-19263|-   -            425 5289                 -            423  5.9e-272  899.7   0.5   1   1  1.8e-274  6.7e-272  899.5   0.5     1   422     1   422     1   423 1.00 NODE_274_length_24805_cov_72.090103_19 # 17989 # 19263 # -1 # ID=77_19;partial=00;start_type=ATG;rbs_motif=GGAG/GAGG;rbs_spacer=5-10bp;gc_cont=0.518
NODE_846_length_63393_cov_76.936378:56425-57756|-   -            444 5289                 -            423   1.3e-53  180.4   1.5   1   3   1.1e-27     4e-25   86.5   0.0    65   166     4   104     1   115 0.93 NODE_846_length_63393_cov_76.936378_61 # 56425 # 57756 # -1 # ID=361_61;partial=00;start_type=ATG;rbs_motif=AGGA;rbs_spacer=5-10bp;gc_cont=0.526
NODE_846_length_63393_cov_76.936378:56425-57756|-   -            444 5289                 -            423   1.3e-53  180.4   1.5   2   3   3.4e-12   1.3e-09   35.4   0.1   176   252   248   311   238   315 0.83 NODE_846_length_63393_cov_76.936378_61 # 56425 # 57756 # -1 # ID=361_61;partial=00;start_type=ATG;rbs_motif=AGGA;rbs_spacer=5-10bp;gc_cont=0.526
NODE_846_length_63393_cov_76.936378:56425-57756|-   -            444 5289                 -            423   1.3e-53  180.4   1.5   3   3   1.9e-18   7.3e-16   56.0   0.0   300   410   318   432   312   439 0.87 NODE_846_length_63393_cov_76.936378_61 # 56425 # 57756 # -1 # ID=361_61;partial=00;start_type=ATG;rbs_motif=AGGA;rbs_spacer=5-10bp;gc_cont=0.526
NODE_1709_length_68036_cov_72.575531:22117-24393|-  -            759 5289                 -            423   1.8e-10   38.2   0.3   1   3   9.2e-07   0.00035   17.5   0.0   111   189   206   290   192   296 0.73 NODE_1709_length_68036_cov_72.575531_17 # 22117 # 24393 # -1 # ID=785_17;partial=00;start_type=ATG;rbs_motif=GGAGG;rbs_spacer=5-10bp;gc_cont=0.531
NODE_1709_length_68036_cov_72.575531:22117-24393|-  -            759 5289                 -            423   1.8e-10   38.2   0.3   2   3    0.0083       3.2    4.5   0.0    65   140   447   516   421   549 0.73 NODE_1709_length_68036_cov_72.575531_17 # 22117 # 24393 # -1 # ID=785_17;partial=00;start_type=ATG;rbs_motif=GGAGG;rbs_spacer=5-10bp;gc_cont=0.531
NODE_1709_length_68036_cov_72.575531:22117-24393|-  -            759 5289                 -            423   1.8e-10   38.2   0.3   3   3   3.1e-05     0.012   12.5   0.1   293   380   629   712   598   721 0.81 NODE_1709_length_68036_cov_72.575531_17 # 22117 # 24393 # -1 # ID=785_17;partial=00;start_type=ATG;rbs_motif=GGAGG;rbs_spacer=5-10bp;gc_cont=0.531
NODE_2145_length_112275_cov_77.552353:75526-77469|+ -            648 5289                 -            423   1.2e-06   25.6   0.0   1   1   6.8e-09   2.6e-06   24.5   0.0    67   192   147   262   134   268 0.70 NODE_2145_length_112275_cov_77.552353_75 # 75526 # 77469 # 1 # ID=1072_75;partial=00;start_type=TTG;rbs_motif=GGAG/GAGG;rbs_spacer=5-10bp;gc_cont=0.535
NODE_443_length_10040_cov_75.927094:7355-9928|+     -            858 5289                 -            423     2e-06   24.9   0.1   1   4     0.032        12    2.5   0.0   111   135   198   222   181   270 0.90 NODE_443_length_10040_cov_75.927094_9 # 7355 # 9928 # 1 # ID=166_9;partial=00;start_type=ATG;rbs_motif=GGAGG;rbs_spacer=3-4bp;gc_cont=0.516
NODE_443_length_10040_cov_75.927094:7355-9928|+     -            858 5289                 -            423     2e-06   24.9   0.1   2   4      0.61   2.3e+02   -1.7   0.0    56    99   461   506   440   555 0.61 NODE_443_length_10040_cov_75.927094_9 # 7355 # 9928 # 1 # ID=166_9;partial=00;start_type=ATG;rbs_motif=GGAGG;rbs_spacer=3-4bp;gc_cont=0.516
NODE_443_length_10040_cov_75.927094:7355-9928|+     -            858 5289                 -            423     2e-06   24.9   0.1   3   4   0.00018     0.069    9.9   0.0    70   136   562   622   547   631 0.79 NODE_443_length_10040_cov_75.927094_9 # 7355 # 9928 # 1 # ID=166_9;partial=00;start_type=ATG;rbs_motif=GGAGG;rbs_spacer=3-4bp;gc_cont=0.516
NODE_443_length_10040_cov_75.927094:7355-9928|+     -            858 5289                 -            423     2e-06   24.9   0.1   4   4    0.0011      0.41    7.4   0.1   298   379   747   824   737   852 0.83 NODE_443_length_10040_cov_75.927094_9 # 7355 # 9928 # 1 # ID=166_9;partial=00;start_type=ATG;rbs_motif=GGAGG;rbs_spacer=3-4bp;gc_cont=0.516
NODE_1441_length_52686_cov_76.197510:47313-47990|-  -            226 5289                 -            423    0.0003   17.7   0.0   1   1   1.1e-06   0.00043   17.2   0.0    99   145    43    89    20   105 0.81 NODE_1441_length_52686_cov_76.197510_52 # 47313 # 47990 # -1 # ID=633_52;partial=00;start_type=ATG;rbs_motif=None;rbs_spacer=None;gc_cont=0.478
NODE_625_length_50664_cov_72.003532:24358-25452|+   -            365 5289                 -            423    0.0016   15.3   0.0   1   1   6.3e-06    0.0024   14.7   0.0    95   130   124   160   118   169 0.88 NODE_625_length_50664_cov_72.003532_23 # 24358 # 25452 # 1 # ID=266_23;partial=00;start_type=ATG;rbs_motif=4Base/6BMM;rbs_spacer=13-15bp;gc_cont=0.546
NODE_1974_length_14183_cov_58.417542:8173-8919|+    -            249 5289                 -            423    0.0031   14.4   0.1   1   1   1.2e-05    0.0047   13.8   0.1   111   132    97   118    83   122 0.84 NODE_1974_length_14183_cov_58.417542_10 # 8173 # 8919 # 1 # ID=961_10;partial=00;start_type=ATG;rbs_motif=GGA/GAG/AGG;rbs_spacer=5-10bp;gc_cont=0.486
NODE_1570_length_36954_cov_78.025352:24206-25156|+  -            317 5289                 -            423    0.0069   13.2   0.0   1   2   3.9e-05     0.015   12.1   0.0   114   147    12    45     3    61 0.85 NODE_1570_length_36954_cov_78.025352_23 # 24206 # 25156 # 1 # ID=708_23;partial=00;start_type=ATG;rbs_motif=None;rbs_spacer=None;gc_cont=0.535
NODE_1570_length_36954_cov_78.025352:24206-25156|+  -            317 5289                 -            423    0.0069   13.2   0.0   2   2       2.5   9.3e+02   -3.7   0.0   254   276   210   232   205   235 0.85 NODE_1570_length_36954_cov_78.025352_23 # 24206 # 25156 # 1 # ID=708_23;partial=00;start_type=ATG;rbs_motif=None;rbs_spacer=None;gc_cont=0.535
NODE_286_length_41180_cov_81.233269:10364-11845|-   -            494 5289                 -            423    0.0086   12.9   1.8   1   3     0.033        13    2.5   0.1    40    91   108   159   104   177 0.80 NODE_286_length_41180_cov_81.233269_13 # 10364 # 11845 # -1 # ID=82_13;partial=00;start_type=ATG;rbs_motif=GGAG/GAGG;rbs_spacer=5-10bp;gc_cont=0.524
NODE_286_length_41180_cov_81.233269:10364-11845|-   -            494 5289                 -            423    0.0086   12.9   1.8   2   3   0.00073      0.28    7.9   0.1   101   130   231   260   216   279 0.82 NODE_286_length_41180_cov_81.233269_13 # 10364 # 11845 # -1 # ID=82_13;partial=00;start_type=ATG;rbs_motif=GGAG/GAGG;rbs_spacer=5-10bp;gc_cont=0.524
NODE_286_length_41180_cov_81.233269:10364-11845|-   -            494 5289                 -            423    0.0086   12.9   1.8   3   3      0.33   1.2e+02   -0.8   0.0   312   336   442   466   432   475 0.86 NODE_286_length_41180_cov_81.233269_13 # 10364 # 11845 # -1 # ID=82_13;partial=00;start_type=ATG;rbs_motif=GGAG/GAGG;rbs_spacer=5-10bp;gc_cont=0.524
NODE_1709_length_68036_cov_72.575531:8442-9785|-    -            448 5289                 -            423     0.016   12.0   0.0   1   1   7.5e-05     0.028   11.2   0.0   114   191    52   120    41   129 0.66 NODE_1709_length_68036_cov_72.575531_8 # 8442 # 9785 # -1 # ID=785_8;partial=00;start_type=GTG;rbs_motif=GGAG/GAGG;rbs_spacer=5-10bp;gc_cont=0.531
NODE_888_length_35781_cov_80.233421:1520-3040|-     -            507 5289                 -            423      0.02   11.7   0.2   1   1   0.00012     0.044   10.6   0.2   111   135   209   233   192   237 0.80 NODE_888_length_35781_cov_80.233421_3 # 1520 # 3040 # -1 # ID=375_3;partial=00;start_type=ATG;rbs_motif=AGGAGG;rbs_spacer=3-4bp;gc_cont=0.508
NODE_720_length_11917_cov_65.241417:11020-11772|+   -            251 5289                 -            423     0.043   10.6   0.0   1   1   0.00015     0.058   10.2   0.0    89   136     3    52     1    89 0.78 NODE_720_length_11917_cov_65.241417_12 # 11020 # 11772 # 1 # ID=301_12;partial=00;start_type=ATG;rbs_motif=AGGAG/GGAGG;rbs_spacer=11-12bp;gc_cont=0.534
NODE_1434_length_95894_cov_75.275742:34262-35860|+  -            533 5289                 -            423     0.052   10.3   0.0   1   1   0.00021      0.08    9.7   0.0    95   134   192   230   180   248 0.80 NODE_1434_length_95894_cov_75.275742_27 # 34262 # 35860 # 1 # ID=631_27;partial=00;start_type=ATG;rbs_motif=AGGA;rbs_spacer=5-10bp;gc_cont=0.557
#
# Program:         hmmsearch
# Version:         3.4 (Aug 2023)
# Pipeline mode:   SEARCH
# Query file:      /home/simonedassisi/velvet-1.2.10/busco_downloads/lineages/enterobacteriaceae_odb12/hmms/5289at543.hmm
# Target file:     results/BUSCO_output_velveth21/prodigal_output/predicted_genes/predicted.faa
# Option settings: hmmsearch --domtblout results/BUSCO_output_velveth21/run_enterobacteriaceae_odb12/hmmer_output/5289at543.out --cpu 1 /home/simonedassisi/velvet-1.2.10/busco_downloads/lineages/enterobacteriaceae_odb12/hmms/5289at543.hmm results/BUSCO_output_velveth21/prodigal_output/predicted_genes/predicted.faa 
# Current dir:     /home/simonedassisi/velvet-1.2.10
# Date:            Wed Apr  2 19:24:06 2025
# [ok]
