#                                                                                                         --- full sequence --- -------------- this domain -------------   hmm coord   ali coord   env coord
# target name                                     accession   tlen query name           accession   qlen   E-value  score  bias   #  of  c-Evalue  i-Evalue  score  bias  from    to  from    to  from    to  acc description of target
#                             ------------------- ---------- ----- -------------------- ---------- ----- --------- ------ ----- --- --- --------- --------- ------ ----- ----- ----- ----- ----- ----- ----- ---- ---------------------
NODE_170_length_74698_cov_75.748665:29211-29774|+ -            188 54851                -            187   5.1e-83  275.3   0.0   1   1   1.1e-85   5.6e-83  275.2   0.0     1   187     1   187     1   187 0.99 NODE_170_length_74698_cov_75.748665_30 # 29211 # 29774 # 1 # ID=38_30;partial=00;start_type=ATG;rbs_motif=AGGAG;rbs_spacer=5-10bp;gc_cont=0.521
NODE_170_length_74698_cov_75.748665:30163-30486|+ -            108 54851                -            187   8.4e-07   26.8   1.2   1   1   2.1e-09   1.1e-06   26.4   1.0     3    55     6    58     4    65 0.94 NODE_170_length_74698_cov_75.748665_32 # 30163 # 30486 # 1 # ID=38_32;partial=00;start_type=ATG;rbs_motif=GGAG/GAGG;rbs_spacer=5-10bp;gc_cont=0.552
NODE_286_length_41180_cov_81.233269:7253-7840|-   -            196 54851                -            187   2.2e-05   22.2   4.1   1   2   4.3e-08   2.3e-05   22.1   2.8     1    61     1    61     1    68 0.83 NODE_286_length_41180_cov_81.233269_8 # 7253 # 7840 # -1 # ID=82_8;partial=00;start_type=ATG;rbs_motif=GGA/GAG/AGG;rbs_spacer=5-10bp;gc_cont=0.505
NODE_286_length_41180_cov_81.233269:7253-7840|-   -            196 54851                -            187   2.2e-05   22.2   4.1   2   2       1.2   6.2e+02   -2.1   0.0   142   172   136   166   129   174 0.72 NODE_286_length_41180_cov_81.233269_8 # 7253 # 7840 # -1 # ID=82_8;partial=00;start_type=ATG;rbs_motif=GGA/GAG/AGG;rbs_spacer=5-10bp;gc_cont=0.505
NODE_254_length_18152_cov_73.084511:14757-15356|+ -            200 54851                -            187   0.00011   20.0   3.0   1   2     5e-07   0.00026   18.7   1.6     1    59     1    59     1    65 0.79 NODE_254_length_18152_cov_73.084511_16 # 14757 # 15356 # 1 # ID=69_16;partial=00;start_type=GTG;rbs_motif=GGAGG;rbs_spacer=5-10bp;gc_cont=0.580
NODE_254_length_18152_cov_73.084511:14757-15356|+ -            200 54851                -            187   0.00011   20.0   3.0   2   2      0.23   1.2e+02    0.2   0.0   108   120   116   128   108   130 0.84 NODE_254_length_18152_cov_73.084511_16 # 14757 # 15356 # 1 # ID=69_16;partial=00;start_type=GTG;rbs_motif=GGAGG;rbs_spacer=5-10bp;gc_cont=0.580
NODE_170_length_74698_cov_75.748665:28750-29220|+ -            157 54851                -            187    0.0015   16.2   0.1   1   1   4.2e-06    0.0022   15.7   0.1     3    31     2    28     1    53 0.72 NODE_170_length_74698_cov_75.748665_29 # 28750 # 29220 # 1 # ID=38_29;partial=00;start_type=ATG;rbs_motif=None;rbs_spacer=None;gc_cont=0.541
NODE_286_length_41180_cov_81.233269:7833-8210|-   -            126 54851                -            187    0.0018   15.9   0.6   1   1   4.7e-06    0.0025   15.5   0.6     3    31     2    30     1    57 0.74 NODE_286_length_41180_cov_81.233269_9 # 7833 # 8210 # -1 # ID=82_9;partial=00;start_type=ATG;rbs_motif=GGA/GAG/AGG;rbs_spacer=5-10bp;gc_cont=0.484
NODE_254_length_18152_cov_73.084511:14389-14760|+ -            124 54851                -            187     0.006   14.2   0.6   1   1   1.4e-05    0.0073   14.0   0.6     5    65     2    64     1    78 0.63 NODE_254_length_18152_cov_73.084511_15 # 14389 # 14760 # 1 # ID=69_15;partial=00;start_type=ATG;rbs_motif=GGAG/GAGG;rbs_spacer=5-10bp;gc_cont=0.591
NODE_286_length_41180_cov_81.233269:8207-8716|-   -            170 54851                -            187     0.017   12.8   0.1   1   1   5.3e-05     0.028   12.1   0.1     3    23     2    22     1    59 0.79 NODE_286_length_41180_cov_81.233269_10 # 8207 # 8716 # -1 # ID=82_10;partial=00;start_type=ATG;rbs_motif=None;rbs_spacer=None;gc_cont=0.559
NODE_286_length_41180_cov_81.233269:8724-9161|-   -            146 54851                -            187     0.019   12.6   0.0   1   1   4.6e-05     0.024   12.3   0.0     3    33     5    32     3    57 0.75 NODE_286_length_41180_cov_81.233269_11 # 8724 # 9161 # -1 # ID=82_11;partial=00;start_type=ATG;rbs_motif=AGGA;rbs_spacer=5-10bp;gc_cont=0.482
NODE_592_length_39318_cov_75.666641:15718-16158|- -            147 54851                -            187     0.025   12.2   0.1   1   1   6.5e-05     0.034   11.8   0.1     3    26     2    25     1    59 0.75 NODE_592_length_39318_cov_75.666641_16 # 15718 # 16158 # -1 # ID=257_16;partial=00;start_type=ATG;rbs_motif=AGGAG;rbs_spacer=5-10bp;gc_cont=0.524
#
# Program:         hmmsearch
# Version:         3.4 (Aug 2023)
# Pipeline mode:   SEARCH
# Query file:      /home/simonedassisi/velvet-1.2.10/busco_downloads/lineages/enterobacteriaceae_odb12/hmms/54851at543.hmm
# Target file:     results/BUSCO_output_velveth21/prodigal_output/predicted_genes/predicted.faa
# Option settings: hmmsearch --domtblout results/BUSCO_output_velveth21/run_enterobacteriaceae_odb12/hmmer_output/54851at543.out --cpu 1 /home/simonedassisi/velvet-1.2.10/busco_downloads/lineages/enterobacteriaceae_odb12/hmms/54851at543.hmm results/BUSCO_output_velveth21/prodigal_output/predicted_genes/predicted.faa 
# Current dir:     /home/simonedassisi/velvet-1.2.10
# Date:            Wed Apr  2 19:24:06 2025
# [ok]
