#                                                                                                          --- full sequence --- -------------- this domain -------------   hmm coord   ali coord   env coord
# target name                                      accession   tlen query name           accession   qlen   E-value  score  bias   #  of  c-Evalue  i-Evalue  score  bias  from    to  from    to  from    to  acc description of target
#                              ------------------- ---------- ----- -------------------- ---------- ----- --------- ------ ----- --- --- --------- --------- ------ ----- ----- ----- ----- ----- ----- ----- ---- ---------------------
NODE_1847_length_31756_cov_77.062065:1235-2413|-   -            393 5526                 -            392  3.8e-220  728.8   6.3   1   1  5.6e-223  4.2e-220  728.6   6.3     1   392     1   392     1   392 1.00 NODE_1847_length_31756_cov_77.062065_2 # 1235 # 2413 # -1 # ID=863_2;partial=00;start_type=ATG;rbs_motif=GGA/GAG/AGG;rbs_spacer=5-10bp;gc_cont=0.601
NODE_1847_length_31756_cov_77.062065:10-1212|-     -            401 5526                 -            392   5.2e-70  234.4   0.2   1   1   8.6e-73   6.5e-70  234.1   0.2     2   389     5   392     4   394 0.95 NODE_1847_length_31756_cov_77.062065_1 # 10 # 1212 # -1 # ID=863_1;partial=00;start_type=ATG;rbs_motif=AGGA;rbs_spacer=5-10bp;gc_cont=0.554
NODE_1062_length_63423_cov_73.241127:30557-31732|+ -            392 5526                 -            392   5.1e-68  227.9   0.1   1   1   7.6e-71   5.7e-68  227.7   0.1     2   388     7   390     6   391 0.94 NODE_1062_length_63423_cov_73.241127_30 # 30557 # 31732 # 1 # ID=442_30;partial=00;start_type=ATG;rbs_motif=AGGA;rbs_spacer=5-10bp;gc_cont=0.565
NODE_1220_length_21844_cov_70.659126:7229-8893|+   -            555 5526                 -            392   3.1e-11   40.9   0.0   1   2   0.00021      0.16    9.0   0.0    48   181    55   193    17   215 0.70 NODE_1220_length_21844_cov_70.659126_6 # 7229 # 8893 # 1 # ID=525_6;partial=00;start_type=ATG;rbs_motif=GGAG/GAGG;rbs_spacer=5-10bp;gc_cont=0.566
NODE_1220_length_21844_cov_70.659126:7229-8893|+   -            555 5526                 -            392   3.1e-11   40.9   0.0   2   2   1.3e-10     1e-07   29.4   0.1   265   351   274   359   265   370 0.82 NODE_1220_length_21844_cov_70.659126_6 # 7229 # 8893 # 1 # ID=525_6;partial=00;start_type=ATG;rbs_motif=GGAG/GAGG;rbs_spacer=5-10bp;gc_cont=0.566
NODE_625_length_50664_cov_72.003532:14700-15986|+  -            429 5526                 -            392   0.00078   16.6   1.4   1   2     0.026        20    2.1   0.4     3    22     8    27     6    45 0.81 NODE_625_length_50664_cov_72.003532_13 # 14700 # 15986 # 1 # ID=266_13;partial=00;start_type=ATG;rbs_motif=GGAG/GAGG;rbs_spacer=5-10bp;gc_cont=0.551
NODE_625_length_50664_cov_72.003532:14700-15986|+  -            429 5526                 -            392   0.00078   16.6   1.4   2   2   1.1e-05    0.0081   13.2   0.0   123   181   121   179   109   204 0.79 NODE_625_length_50664_cov_72.003532_13 # 14700 # 15986 # 1 # ID=266_13;partial=00;start_type=ATG;rbs_motif=GGAG/GAGG;rbs_spacer=5-10bp;gc_cont=0.551
NODE_2203_length_18352_cov_67.631538:9006-10139|-  -            378 5526                 -            392    0.0009   16.4   3.7   1   3     0.077        58    0.5   0.0     3    44     5    45     3    64 0.87 NODE_2203_length_18352_cov_67.631538_9 # 9006 # 10139 # -1 # ID=1097_9;partial=00;start_type=ATG;rbs_motif=GGAGG;rbs_spacer=3-4bp;gc_cont=0.540
NODE_2203_length_18352_cov_67.631538:9006-10139|-  -            378 5526                 -            392    0.0009   16.4   3.7   2   3    0.0041       3.1    4.7   0.4     2    22   143   163   142   176 0.76 NODE_2203_length_18352_cov_67.631538_9 # 9006 # 10139 # -1 # ID=1097_9;partial=00;start_type=ATG;rbs_motif=GGAGG;rbs_spacer=3-4bp;gc_cont=0.540
NODE_2203_length_18352_cov_67.631538:9006-10139|-  -            378 5526                 -            392    0.0009   16.4   3.7   3   3   8.8e-05     0.067   10.2   0.1   110   176   184   251   175   264 0.86 NODE_2203_length_18352_cov_67.631538_9 # 9006 # 10139 # -1 # ID=1097_9;partial=00;start_type=ATG;rbs_motif=GGAGG;rbs_spacer=3-4bp;gc_cont=0.540
NODE_2492_length_5591_cov_71.840454:2503-3792|+    -            430 5526                 -            392    0.0095   13.0   0.7   1   2     0.098        74    0.2   0.7     3    29     8    31     6    48 0.77 NODE_2492_length_5591_cov_71.840454_4 # 2503 # 3792 # 1 # ID=1295_4;partial=00;start_type=ATG;rbs_motif=GGAG/GAGG;rbs_spacer=5-10bp;gc_cont=0.544
NODE_2492_length_5591_cov_71.840454:2503-3792|+    -            430 5526                 -            392    0.0095   13.0   0.7   2   2    0.0001     0.075   10.0   0.0   124   190   122   188   107   208 0.80 NODE_2492_length_5591_cov_71.840454_4 # 2503 # 3792 # 1 # ID=1295_4;partial=00;start_type=ATG;rbs_motif=GGAG/GAGG;rbs_spacer=5-10bp;gc_cont=0.544
#
# Program:         hmmsearch
# Version:         3.4 (Aug 2023)
# Pipeline mode:   SEARCH
# Query file:      /home/simonedassisi/velvet-1.2.10/busco_downloads/lineages/enterobacteriaceae_odb12/hmms/5526at543.hmm
# Target file:     results/BUSCO_output_velveth21/prodigal_output/predicted_genes/predicted.faa
# Option settings: hmmsearch --domtblout results/BUSCO_output_velveth21/run_enterobacteriaceae_odb12/hmmer_output/5526at543.out --cpu 1 /home/simonedassisi/velvet-1.2.10/busco_downloads/lineages/enterobacteriaceae_odb12/hmms/5526at543.hmm results/BUSCO_output_velveth21/prodigal_output/predicted_genes/predicted.faa 
# Current dir:     /home/simonedassisi/velvet-1.2.10
# Date:            Wed Apr  2 19:24:06 2025
# [ok]
