#                                                                                                           --- full sequence --- -------------- this domain -------------   hmm coord   ali coord   env coord
# target name                                       accession   tlen query name           accession   qlen   E-value  score  bias   #  of  c-Evalue  i-Evalue  score  bias  from    to  from    to  from    to  acc description of target
#                               ------------------- ---------- ----- -------------------- ---------- ----- --------- ------ ----- --- --- --------- --------- ------ ----- ----- ----- ----- ----- ----- ----- ---- ---------------------
NODE_888_length_35781_cov_80.233421:17379-18644|-   -            422 5592                 -            417  1.4e-280  928.0   0.0   1   1  3.3e-283  1.6e-280  927.9   0.0     1   416     1   419     1   420 0.99 NODE_888_length_35781_cov_80.233421_15 # 17379 # 18644 # -1 # ID=375_15;partial=00;start_type=ATG;rbs_motif=None;rbs_spacer=None;gc_cont=0.522
NODE_1288_length_45176_cov_69.014496:9656-11020|+   -            455 5592                 -            417   1.4e-90  302.1   0.0   1   1   3.6e-93   1.7e-90  301.8   0.0    11   394     3   386     1   409 0.93 NODE_1288_length_45176_cov_69.014496_10 # 9656 # 11020 # 1 # ID=561_10;partial=00;start_type=ATG;rbs_motif=GGAG/GAGG;rbs_spacer=5-10bp;gc_cont=0.566
NODE_926_length_95421_cov_71.123581:11683-13017|-   -            445 5592                 -            417   3.5e-81  271.2   0.1   1   1   8.6e-84   4.1e-81  270.9   0.1     7   383     2   375     1   414 0.91 NODE_926_length_95421_cov_71.123581_12 # 11683 # 13017 # -1 # ID=386_12;partial=00;start_type=ATG;rbs_motif=GGAG/GAGG;rbs_spacer=5-10bp;gc_cont=0.547
NODE_2145_length_112275_cov_77.552353:94610-96499|+ -            630 5592                 -            417   1.2e-76  256.3   0.0   1   1   3.3e-79   1.6e-76  255.8   0.0     8   390     5   379     2   399 0.93 NODE_2145_length_112275_cov_77.552353_89 # 94610 # 96499 # 1 # ID=1072_89;partial=00;start_type=ATG;rbs_motif=AGGA/GGAG/GAGG;rbs_spacer=11-12bp;gc_cont=0.556
NODE_899_length_14293_cov_69.337791:9958-11331|+    -            458 5592                 -            417   1.5e-64  216.4   0.0   1   1   4.1e-67     2e-64  216.0   0.0    16   372    10   357     2   374 0.92 NODE_899_length_14293_cov_69.337791_10 # 9958 # 11331 # 1 # ID=380_10;partial=00;start_type=GTG;rbs_motif=GGA/GAG/AGG;rbs_spacer=5-10bp;gc_cont=0.516
NODE_877_length_31483_cov_78.652222:2505-4340|+     -            612 5592                 -            417   1.2e-11   42.1   0.2   1   3      0.54   2.6e+02   -1.8   0.0    25    64    21    60    17   113 0.85 NODE_877_length_31483_cov_78.652222_4 # 2505 # 4340 # 1 # ID=369_4;partial=00;start_type=GTG;rbs_motif=GGA/GAG/AGG;rbs_spacer=5-10bp;gc_cont=0.554
NODE_877_length_31483_cov_78.652222:2505-4340|+     -            612 5592                 -            417   1.2e-11   42.1   0.2   2   3   1.8e-13   8.6e-11   39.3   0.0   248   354   230   336   216   342 0.91 NODE_877_length_31483_cov_78.652222_4 # 2505 # 4340 # 1 # ID=369_4;partial=00;start_type=GTG;rbs_motif=GGA/GAG/AGG;rbs_spacer=5-10bp;gc_cont=0.554
NODE_877_length_31483_cov_78.652222:2505-4340|+     -            612 5592                 -            417   1.2e-11   42.1   0.2   3   3      0.35   1.7e+02   -1.2   0.0   258   300   456   498   448   509 0.84 NODE_877_length_31483_cov_78.652222_4 # 2505 # 4340 # 1 # ID=369_4;partial=00;start_type=GTG;rbs_motif=GGA/GAG/AGG;rbs_spacer=5-10bp;gc_cont=0.554
NODE_1999_length_25587_cov_66.390984:17957-19978|+  -            674 5592                 -            417   3.2e-08   30.8   0.0   1   2       1.6   7.8e+02   -3.4   0.0    87   107    60    80    55    95 0.79 NODE_1999_length_25587_cov_66.390984_18 # 17957 # 19978 # 1 # ID=982_18;partial=00;start_type=ATG;rbs_motif=GGA/GAG/AGG;rbs_spacer=5-10bp;gc_cont=0.533
NODE_1999_length_25587_cov_66.390984:17957-19978|+  -            674 5592                 -            417   3.2e-08   30.8   0.0   2   2   1.9e-10   9.1e-08   29.3   0.0   256   341   446   529   434   594 0.78 NODE_1999_length_25587_cov_66.390984_18 # 17957 # 19978 # 1 # ID=982_18;partial=00;start_type=ATG;rbs_motif=GGA/GAG/AGG;rbs_spacer=5-10bp;gc_cont=0.533
NODE_1539_length_37792_cov_75.811783:24417-26498|+  -            694 5592                 -            417   0.00043   17.3   0.0   1   2     0.055        27    1.5   0.0    90   314   323   379   303   403 0.52 NODE_1539_length_37792_cov_75.811783_29 # 24417 # 26498 # 1 # ID=694_29;partial=00;start_type=ATG;rbs_motif=GGA/GAG/AGG;rbs_spacer=5-10bp;gc_cont=0.572
NODE_1539_length_37792_cov_75.811783:24417-26498|+  -            694 5592                 -            417   0.00043   17.3   0.0   2   2   1.5e-05    0.0073   13.2   0.0   276   356   513   594   500   602 0.74 NODE_1539_length_37792_cov_75.811783_29 # 24417 # 26498 # 1 # ID=694_29;partial=00;start_type=ATG;rbs_motif=GGA/GAG/AGG;rbs_spacer=5-10bp;gc_cont=0.572
NODE_434_length_79075_cov_70.223480:37910-42526|-   -           1539 5592                 -            417    0.0021   15.0   0.0   1   2   0.00022      0.11    9.4   0.0    27   167    25   181    18   186 0.71 NODE_434_length_79075_cov_70.223480_37 # 37910 # 42526 # -1 # ID=160_37;partial=00;start_type=ATG;rbs_motif=GGA/GAG/AGG;rbs_spacer=5-10bp;gc_cont=0.568
NODE_434_length_79075_cov_70.223480:37910-42526|-   -           1539 5592                 -            417    0.0021   15.0   0.0   2   2     0.018       8.5    3.1   0.0   288   349   357   418   347   427 0.89 NODE_434_length_79075_cov_70.223480_37 # 37910 # 42526 # -1 # ID=160_37;partial=00;start_type=ATG;rbs_motif=GGA/GAG/AGG;rbs_spacer=5-10bp;gc_cont=0.568
NODE_2440_length_10172_cov_68.540306:3774-5534|-    -            587 5592                 -            417    0.0022   14.9   0.1   1   2       0.4   1.9e+02   -1.4   0.0    80   108    45    73    38    84 0.81 NODE_2440_length_10172_cov_68.540306_5 # 3774 # 5534 # -1 # ID=1255_5;partial=00;start_type=ATG;rbs_motif=None;rbs_spacer=None;gc_cont=0.531
NODE_2440_length_10172_cov_68.540306:3774-5534|-    -            587 5592                 -            417    0.0022   14.9   0.1   2   2   1.6e-05    0.0078   13.1   0.0   256   329   252   323   238   358 0.84 NODE_2440_length_10172_cov_68.540306_5 # 3774 # 5534 # -1 # ID=1255_5;partial=00;start_type=ATG;rbs_motif=None;rbs_spacer=None;gc_cont=0.531
NODE_2185_length_35330_cov_74.210983:28934-29413|-  -            160 5592                 -            417     0.033   11.0   0.0   1   1   8.4e-05      0.04   10.7   0.0   300   370    87   157    78   159 0.90 NODE_2185_length_35330_cov_74.210983_32 # 28934 # 29413 # -1 # ID=1088_32;partial=00;start_type=ATG;rbs_motif=AGGAG;rbs_spacer=5-10bp;gc_cont=0.535
#
# Program:         hmmsearch
# Version:         3.4 (Aug 2023)
# Pipeline mode:   SEARCH
# Query file:      /home/simonedassisi/velvet-1.2.10/busco_downloads/lineages/enterobacteriaceae_odb12/hmms/5592at543.hmm
# Target file:     results/BUSCO_output_velveth21/prodigal_output/predicted_genes/predicted.faa
# Option settings: hmmsearch --domtblout results/BUSCO_output_velveth21/run_enterobacteriaceae_odb12/hmmer_output/5592at543.out --cpu 1 /home/simonedassisi/velvet-1.2.10/busco_downloads/lineages/enterobacteriaceae_odb12/hmms/5592at543.hmm results/BUSCO_output_velveth21/prodigal_output/predicted_genes/predicted.faa 
# Current dir:     /home/simonedassisi/velvet-1.2.10
# Date:            Wed Apr  2 19:24:07 2025
# [ok]
