#                                                                                                          --- full sequence --- -------------- this domain -------------   hmm coord   ali coord   env coord
# target name                                      accession   tlen query name           accession   qlen   E-value  score  bias   #  of  c-Evalue  i-Evalue  score  bias  from    to  from    to  from    to  acc description of target
#                              ------------------- ---------- ----- -------------------- ---------- ----- --------- ------ ----- --- --- --------- --------- ------ ----- ----- ----- ----- ----- ----- ----- ---- ---------------------
NODE_1570_length_36954_cov_78.025352:8265-9242|+   -            326 559                  -            325  1.3e-208  690.0   0.0   1   1  1.6e-211  1.4e-208  689.9   0.0     1   325     1   325     1   325 1.00 NODE_1570_length_36954_cov_78.025352_12 # 8265 # 9242 # 1 # ID=708_12;partial=00;start_type=ATG;rbs_motif=GGAG/GAGG;rbs_spacer=5-10bp;gc_cont=0.525
NODE_1044_length_78232_cov_76.088036:7741-9258|+   -            506 559                  -            325   8.2e-48  161.5   0.6   1   1   7.5e-50   6.6e-47  158.6   0.6    15   323   183   501   176   503 0.77 NODE_1044_length_78232_cov_76.088036_5 # 7741 # 9258 # 1 # ID=438_5;partial=00;start_type=ATG;rbs_motif=GGAG/GAGG;rbs_spacer=5-10bp;gc_cont=0.478
NODE_1852_length_52597_cov_77.721466:35625-37142|- -            506 559                  -            325   4.4e-47  159.2   0.4   1   1     7e-49   6.2e-46  155.4   0.4    16   323   184   501   176   503 0.76 NODE_1852_length_52597_cov_77.721466_27 # 35625 # 37142 # -1 # ID=868_27;partial=00;start_type=ATG;rbs_motif=GGAG/GAGG;rbs_spacer=5-10bp;gc_cont=0.531
NODE_718_length_90501_cov_69.003258:45598-47370|+  -            591 559                  -            325   3.1e-20   70.9   0.0   1   2   1.9e-13   1.7e-10   38.9   0.0    14   116   136   233   130   261 0.86 NODE_718_length_90501_cov_69.003258_45 # 45598 # 47370 # 1 # ID=299_45;partial=00;start_type=ATG;rbs_motif=GGA/GAG/AGG;rbs_spacer=5-10bp;gc_cont=0.539
NODE_718_length_90501_cov_69.003258:45598-47370|+  -            591 559                  -            325   3.1e-20   70.9   0.0   2   2   1.2e-10     1e-07   29.8   0.0   229   322   467   556   445   559 0.79 NODE_718_length_90501_cov_69.003258_45 # 45598 # 47370 # 1 # ID=299_45;partial=00;start_type=ATG;rbs_motif=GGA/GAG/AGG;rbs_spacer=5-10bp;gc_cont=0.539
NODE_2159_length_50550_cov_71.258598:9321-10721|+  -            467 559                  -            325   0.00091   16.8   0.0   1   1   1.3e-05     0.011   13.2   0.0    68   321   203   458   122   461 0.75 NODE_2159_length_50550_cov_71.258598_9 # 9321 # 10721 # 1 # ID=1079_9;partial=00;start_type=ATG;rbs_motif=GGA/GAG/AGG;rbs_spacer=5-10bp;gc_cont=0.529
NODE_1047_length_123_cov_127.560974:1-141|+        -             47 559                  -            325     0.019   12.5   0.0   1   1   2.1e-05     0.019   12.5   0.0   208   245     9    46     3    47 0.92 NODE_1047_length_123_cov_127.560974_1 # 1 # 141 # 1 # ID=439_1;partial=11;start_type=Edge;rbs_motif=None;rbs_spacer=None;gc_cont=0.504
#
# Program:         hmmsearch
# Version:         3.4 (Aug 2023)
# Pipeline mode:   SEARCH
# Query file:      /home/simonedassisi/velvet-1.2.10/busco_downloads/lineages/enterobacteriaceae_odb12/hmms/559at543.hmm
# Target file:     results/BUSCO_output_velveth21/prodigal_output/predicted_genes/predicted.faa
# Option settings: hmmsearch --domtblout results/BUSCO_output_velveth21/run_enterobacteriaceae_odb12/hmmer_output/559at543.out --cpu 1 /home/simonedassisi/velvet-1.2.10/busco_downloads/lineages/enterobacteriaceae_odb12/hmms/559at543.hmm results/BUSCO_output_velveth21/prodigal_output/predicted_genes/predicted.faa 
# Current dir:     /home/simonedassisi/velvet-1.2.10
# Date:            Wed Apr  2 19:24:07 2025
# [ok]
