#                                                                                                          --- full sequence --- -------------- this domain -------------   hmm coord   ali coord   env coord
# target name                                      accession   tlen query name           accession   qlen   E-value  score  bias   #  of  c-Evalue  i-Evalue  score  bias  from    to  from    to  from    to  acc description of target
#                              ------------------- ---------- ----- -------------------- ---------- ----- --------- ------ ----- --- --- --------- --------- ------ ----- ----- ----- ----- ----- ----- ----- ---- ---------------------
NODE_2129_length_51924_cov_72.758377:2969-4042|-   -            358 5675                 -            342    1e-207  687.2   0.0   1   1  3.3e-210  1.2e-207  687.1   0.0     1   341     1   341     1   342 1.00 NODE_2129_length_51924_cov_72.758377_5 # 2969 # 4042 # -1 # ID=1066_5;partial=00;start_type=ATG;rbs_motif=AGGAG;rbs_spacer=5-10bp;gc_cont=0.558
NODE_299_length_31306_cov_74.835876:17472-18608|-  -            379 5675                 -            342   5.7e-35  119.3   0.0   1   2     0.072        25    2.1   0.0   184   245    31    89     9   115 0.77 NODE_299_length_31306_cov_74.835876_15 # 17472 # 18608 # -1 # ID=91_15;partial=00;start_type=ATG;rbs_motif=AGGAGG;rbs_spacer=3-4bp;gc_cont=0.541
NODE_299_length_31306_cov_74.835876:17472-18608|-  -            379 5675                 -            342   5.7e-35  119.3   0.0   2   2   2.2e-36   7.6e-34  115.6   0.0   161   336   193   373    97   378 0.84 NODE_299_length_31306_cov_74.835876_15 # 17472 # 18608 # -1 # ID=91_15;partial=00;start_type=ATG;rbs_motif=AGGAGG;rbs_spacer=3-4bp;gc_cont=0.541
NODE_482_length_21709_cov_69.527618:11470-12303|-  -            278 5675                 -            342   2.7e-10   38.1   0.0   1   1   1.1e-12     4e-10   37.6   0.0   198   279   111   194   101   202 0.83 NODE_482_length_21709_cov_69.527618_14 # 11470 # 12303 # -1 # ID=196_14;partial=00;start_type=ATG;rbs_motif=AGxAGG/AGGxGG;rbs_spacer=3-4bp;gc_cont=0.558
NODE_679_length_36641_cov_70.533279:14520-15452|+  -            311 5675                 -            342   7.1e-08   30.2   0.0   1   1     3e-10   1.1e-07   29.6   0.0   197   275   133   214   123   221 0.89 NODE_679_length_36641_cov_70.533279_15 # 14520 # 15452 # 1 # ID=288_15;partial=00;start_type=GTG;rbs_motif=GGAGG;rbs_spacer=5-10bp;gc_cont=0.527
NODE_926_length_95421_cov_71.123581:13149-13886|+  -            246 5675                 -            342   3.8e-07   27.8   0.0   1   1   1.4e-09   4.9e-07   27.4   0.0   177   276    23   131     4   147 0.67 NODE_926_length_95421_cov_71.123581_13 # 13149 # 13886 # 1 # ID=386_13;partial=00;start_type=ATG;rbs_motif=GGA/GAG/AGG;rbs_spacer=5-10bp;gc_cont=0.535
NODE_1288_length_45176_cov_69.014496:21117-22043|+ -            309 5675                 -            342    0.0003   18.3   0.0   1   1   1.3e-06   0.00046   17.6   0.0   194   277   101   194    81   219 0.80 NODE_1288_length_45176_cov_69.014496_20 # 21117 # 22043 # 1 # ID=561_20;partial=00;start_type=ATG;rbs_motif=AGGAG;rbs_spacer=5-10bp;gc_cont=0.540
NODE_2487_length_42213_cov_77.013382:38085-39185|- -            367 5675                 -            342   0.00081   16.8   0.1   1   2         3     1e+03   -3.3   0.0   142   171   123   152   116   169 0.81 NODE_2487_length_42213_cov_77.013382_31 # 38085 # 39185 # -1 # ID=1291_31;partial=00;start_type=ATG;rbs_motif=AGGA;rbs_spacer=5-10bp;gc_cont=0.503
NODE_2487_length_42213_cov_77.013382:38085-39185|- -            367 5675                 -            342   0.00081   16.8   0.1   2   2   5.3e-06    0.0019   15.6   0.0   192   247   206   259   171   276 0.86 NODE_2487_length_42213_cov_77.013382_31 # 38085 # 39185 # -1 # ID=1291_31;partial=00;start_type=ATG;rbs_motif=AGGA;rbs_spacer=5-10bp;gc_cont=0.503
NODE_2145_length_112275_cov_77.552353:1-711|-      -            237 5675                 -            342    0.0013   16.1   0.0   1   1   5.3e-06    0.0019   15.6   0.0   179   246   139   207   115   212 0.73 NODE_2145_length_112275_cov_77.552353_1 # 1 # 711 # -1 # ID=1072_1;partial=10;start_type=ATG;rbs_motif=GGA/GAG/AGG;rbs_spacer=5-10bp;gc_cont=0.550
NODE_434_length_79075_cov_70.223480:29068-30216|-  -            383 5675                 -            342    0.0024   15.3   0.0   1   1   1.1e-05    0.0037   14.7   0.0   196   272   167   239   145   257 0.79 NODE_434_length_79075_cov_70.223480_28 # 29068 # 30216 # -1 # ID=160_28;partial=00;start_type=ATG;rbs_motif=GGAG/GAGG;rbs_spacer=5-10bp;gc_cont=0.480
NODE_718_length_90501_cov_69.003258:89058-89867|+  -            270 5675                 -            342    0.0053   14.2   0.0   1   1   2.1e-05    0.0075   13.6   0.0   197   237    86   126    72   138 0.89 NODE_718_length_90501_cov_69.003258_90 # 89058 # 89867 # 1 # ID=299_90;partial=00;start_type=ATG;rbs_motif=GGAG/GAGG;rbs_spacer=5-10bp;gc_cont=0.514
NODE_895_length_14892_cov_65.747314:3015-3785|+    -            257 5675                 -            342    0.0085   13.5   0.0   1   1   3.3e-05     0.012   13.0   0.0   198   299    46   143    30   171 0.64 NODE_895_length_14892_cov_65.747314_5 # 3015 # 3785 # 1 # ID=378_5;partial=00;start_type=ATG;rbs_motif=AGGA;rbs_spacer=5-10bp;gc_cont=0.490
NODE_1072_length_7945_cov_67.302704:6350-6943|+    -            198 5675                 -            342     0.012   13.0   0.0   1   1   3.7e-05     0.013   12.9   0.0   188   269    22   103    10   153 0.78 NODE_1072_length_7945_cov_67.302704_7 # 6350 # 6943 # 1 # ID=446_7;partial=00;start_type=ATG;rbs_motif=GGAG/GAGG;rbs_spacer=5-10bp;gc_cont=0.455
NODE_2159_length_50550_cov_71.258598:23982-24767|- -            262 5675                 -            342     0.014   12.7   0.0   1   1   5.2e-05     0.018   12.4   0.0   196   266    44   117    32   150 0.82 NODE_2159_length_50550_cov_71.258598_18 # 23982 # 24767 # -1 # ID=1079_18;partial=00;start_type=ATG;rbs_motif=GGAG/GAGG;rbs_spacer=5-10bp;gc_cont=0.517
NODE_644_length_31137_cov_72.486465:3913-4635|-    -            241 5675                 -            342     0.014   12.7   0.0   1   1   5.9e-05     0.021   12.2   0.0   199   221    59    81    52   114 0.87 NODE_644_length_31137_cov_72.486465_3 # 3913 # 4635 # -1 # ID=277_3;partial=00;start_type=ATG;rbs_motif=AGGA/GGAG/GAGG;rbs_spacer=11-12bp;gc_cont=0.539
NODE_1144_length_51838_cov_69.979935:33051-33809|- -            253 5675                 -            342     0.017   12.5   0.0   1   1     7e-05     0.025   12.0   0.0   198   241    33    76    20    98 0.86 NODE_1144_length_51838_cov_69.979935_36 # 33051 # 33809 # -1 # ID=484_36;partial=00;start_type=ATG;rbs_motif=GGAG/GAGG;rbs_spacer=5-10bp;gc_cont=0.542
#
# Program:         hmmsearch
# Version:         3.4 (Aug 2023)
# Pipeline mode:   SEARCH
# Query file:      /home/simonedassisi/velvet-1.2.10/busco_downloads/lineages/enterobacteriaceae_odb12/hmms/5675at543.hmm
# Target file:     results/BUSCO_output_velveth21/prodigal_output/predicted_genes/predicted.faa
# Option settings: hmmsearch --domtblout results/BUSCO_output_velveth21/run_enterobacteriaceae_odb12/hmmer_output/5675at543.out --cpu 1 /home/simonedassisi/velvet-1.2.10/busco_downloads/lineages/enterobacteriaceae_odb12/hmms/5675at543.hmm results/BUSCO_output_velveth21/prodigal_output/predicted_genes/predicted.faa 
# Current dir:     /home/simonedassisi/velvet-1.2.10
# Date:            Wed Apr  2 19:24:07 2025
# [ok]
