#                                                                                                          --- full sequence --- -------------- this domain -------------   hmm coord   ali coord   env coord
# target name                                      accession   tlen query name           accession   qlen   E-value  score  bias   #  of  c-Evalue  i-Evalue  score  bias  from    to  from    to  from    to  acc description of target
#                              ------------------- ---------- ----- -------------------- ---------- ----- --------- ------ ----- --- --- --------- --------- ------ ----- ----- ----- ----- ----- ----- ----- ---- ---------------------
NODE_170_length_74698_cov_75.748665:36924-40466|+  -           1181 58748                -           1165         0 2083.7   0.0   1   1         0         0 2083.5   0.0     2  1163     6  1174     5  1176 0.99 NODE_170_length_74698_cov_75.748665_35 # 36924 # 40466 # 1 # ID=38_35;partial=00;start_type=ATG;rbs_motif=GGA/GAG/AGG;rbs_spacer=5-10bp;gc_cont=0.547
NODE_881_length_18377_cov_77.437286:13631-15793|+  -            721 58748                -           1165   1.8e-18   63.9   4.5   1   5    0.0012       1.3    4.8   0.0    52    73    54    75    22    79 0.66 NODE_881_length_18377_cov_77.437286_15 # 13631 # 15793 # 1 # ID=371_15;partial=00;start_type=ATG;rbs_motif=GGxGG;rbs_spacer=5-10bp;gc_cont=0.574
NODE_881_length_18377_cov_77.437286:13631-15793|+  -            721 58748                -           1165   1.8e-18   63.9   4.5   2   5     0.088        94   -1.4   0.0   123   156    88   121    86   125 0.93 NODE_881_length_18377_cov_77.437286_15 # 13631 # 15793 # 1 # ID=371_15;partial=00;start_type=ATG;rbs_motif=GGxGG;rbs_spacer=5-10bp;gc_cont=0.574
NODE_881_length_18377_cov_77.437286:13631-15793|+  -            721 58748                -           1165   1.8e-18   63.9   4.5   3   5   2.6e-15   2.8e-12   43.4   0.2   327   457   171   299   164   304 0.81 NODE_881_length_18377_cov_77.437286_15 # 13631 # 15793 # 1 # ID=371_15;partial=00;start_type=ATG;rbs_motif=GGxGG;rbs_spacer=5-10bp;gc_cont=0.574
NODE_881_length_18377_cov_77.437286:13631-15793|+  -            721 58748                -           1165   1.8e-18   63.9   4.5   4   5   9.3e-05     0.098    8.5   0.0   722   747   547   572   481   577 0.64 NODE_881_length_18377_cov_77.437286_15 # 13631 # 15793 # 1 # ID=371_15;partial=00;start_type=ATG;rbs_motif=GGxGG;rbs_spacer=5-10bp;gc_cont=0.574
NODE_881_length_18377_cov_77.437286:13631-15793|+  -            721 58748                -           1165   1.8e-18   63.9   4.5   5   5    0.0014       1.5    4.6   0.0   778   810   582   614   575   625 0.86 NODE_881_length_18377_cov_77.437286_15 # 13631 # 15793 # 1 # ID=371_15;partial=00;start_type=ATG;rbs_motif=GGxGG;rbs_spacer=5-10bp;gc_cont=0.574
NODE_888_length_35781_cov_80.233421:13693-15714|+  -            674 58748                -           1165   3.3e-18   63.1   0.7   1   4    0.0027       2.9    3.6   0.1    13    74    16    69    13    84 0.84 NODE_888_length_35781_cov_80.233421_13 # 13693 # 15714 # 1 # ID=375_13;partial=00;start_type=ATG;rbs_motif=GGA/GAG/AGG;rbs_spacer=5-10bp;gc_cont=0.537
NODE_888_length_35781_cov_80.233421:13693-15714|+  -            674 58748                -           1165   3.3e-18   63.1   0.7   2   4   8.3e-15   8.8e-12   41.8   0.0   342   510   180   344   172   347 0.80 NODE_888_length_35781_cov_80.233421_13 # 13693 # 15714 # 1 # ID=375_13;partial=00;start_type=ATG;rbs_motif=GGA/GAG/AGG;rbs_spacer=5-10bp;gc_cont=0.537
NODE_888_length_35781_cov_80.233421:13693-15714|+  -            674 58748                -           1165   3.3e-18   63.1   0.7   3   4     0.016        17    1.1   0.0   536   603   333   399   322   407 0.86 NODE_888_length_35781_cov_80.233421_13 # 13693 # 15714 # 1 # ID=375_13;partial=00;start_type=ATG;rbs_motif=GGA/GAG/AGG;rbs_spacer=5-10bp;gc_cont=0.537
NODE_888_length_35781_cov_80.233421:13693-15714|+  -            674 58748                -           1165   3.3e-18   63.1   0.7   4   4   7.2e-06    0.0077   12.1   0.0   719   747   542   570   519   609 0.82 NODE_888_length_35781_cov_80.233421_13 # 13693 # 15714 # 1 # ID=375_13;partial=00;start_type=ATG;rbs_motif=GGA/GAG/AGG;rbs_spacer=5-10bp;gc_cont=0.537
NODE_2111_length_12361_cov_66.461288:6395-8449|-   -            685 58748                -           1165   6.8e-09   32.2   5.7   1   4      0.45   4.7e+02   -3.7   0.1   221   256   146   181    87   189 0.61 NODE_2111_length_12361_cov_66.461288_10 # 6395 # 8449 # -1 # ID=1057_10;partial=00;start_type=ATG;rbs_motif=GGA/GAG/AGG;rbs_spacer=11-12bp;gc_cont=0.528
NODE_2111_length_12361_cov_66.461288:6395-8449|-   -            685 58748                -           1165   6.8e-09   32.2   5.7   2   4    0.0011       1.2    4.9   0.0    16    79   213   268   204   315 0.70 NODE_2111_length_12361_cov_66.461288_10 # 6395 # 8449 # -1 # ID=1057_10;partial=00;start_type=ATG;rbs_motif=GGA/GAG/AGG;rbs_spacer=11-12bp;gc_cont=0.528
NODE_2111_length_12361_cov_66.461288:6395-8449|-   -            685 58748                -           1165   6.8e-09   32.2   5.7   3   4   4.3e-10   4.6e-07   26.1   0.1   375   457   434   518   426   525 0.81 NODE_2111_length_12361_cov_66.461288_10 # 6395 # 8449 # -1 # ID=1057_10;partial=00;start_type=ATG;rbs_motif=GGA/GAG/AGG;rbs_spacer=11-12bp;gc_cont=0.528
NODE_2111_length_12361_cov_66.461288:6395-8449|-   -            685 58748                -           1165   6.8e-09   32.2   5.7   4   4    0.0074       7.9    2.2   0.0   789   804   640   655   623   659 0.88 NODE_2111_length_12361_cov_66.461288_10 # 6395 # 8449 # -1 # ID=1057_10;partial=00;start_type=ATG;rbs_motif=GGA/GAG/AGG;rbs_spacer=11-12bp;gc_cont=0.528
NODE_1493_length_33821_cov_82.067535:13518-15026|- -            503 58748                -           1165   8.1e-05   18.7   1.7   1   4      0.05        53   -0.6   0.0    12    30    16    35    11    38 0.81 NODE_1493_length_33821_cov_82.067535_13 # 13518 # 15026 # -1 # ID=662_13;partial=00;start_type=ATG;rbs_motif=GGAGG;rbs_spacer=5-10bp;gc_cont=0.583
NODE_1493_length_33821_cov_82.067535:13518-15026|- -            503 58748                -           1165   8.1e-05   18.7   1.7   2   4    0.0003      0.32    6.8   0.0   370   419   184   228   176   232 0.76 NODE_1493_length_33821_cov_82.067535_13 # 13518 # 15026 # -1 # ID=662_13;partial=00;start_type=ATG;rbs_motif=GGAGG;rbs_spacer=5-10bp;gc_cont=0.583
NODE_1493_length_33821_cov_82.067535:13518-15026|- -            503 58748                -           1165   8.1e-05   18.7   1.7   3   4   0.00013      0.14    7.9   0.0   725   747   408   430   380   435 0.82 NODE_1493_length_33821_cov_82.067535_13 # 13518 # 15026 # -1 # ID=662_13;partial=00;start_type=ATG;rbs_motif=GGAGG;rbs_spacer=5-10bp;gc_cont=0.583
NODE_1493_length_33821_cov_82.067535:13518-15026|- -            503 58748                -           1165   8.1e-05   18.7   1.7   4   4     0.055        58   -0.7   0.1   783   802   443   461   432   468 0.79 NODE_1493_length_33821_cov_82.067535_13 # 13518 # 15026 # -1 # ID=662_13;partial=00;start_type=ATG;rbs_motif=GGAGG;rbs_spacer=5-10bp;gc_cont=0.583
#
# Program:         hmmsearch
# Version:         3.4 (Aug 2023)
# Pipeline mode:   SEARCH
# Query file:      /home/simonedassisi/velvet-1.2.10/busco_downloads/lineages/enterobacteriaceae_odb12/hmms/58748at543.hmm
# Target file:     results/BUSCO_output_velveth21/prodigal_output/predicted_genes/predicted.faa
# Option settings: hmmsearch --domtblout results/BUSCO_output_velveth21/run_enterobacteriaceae_odb12/hmmer_output/58748at543.out --cpu 1 /home/simonedassisi/velvet-1.2.10/busco_downloads/lineages/enterobacteriaceae_odb12/hmms/58748at543.hmm results/BUSCO_output_velveth21/prodigal_output/predicted_genes/predicted.faa 
# Current dir:     /home/simonedassisi/velvet-1.2.10
# Date:            Wed Apr  2 19:24:08 2025
# [ok]
