#                                                                                                           --- full sequence --- -------------- this domain -------------   hmm coord   ali coord   env coord
# target name                                       accession   tlen query name           accession   qlen   E-value  score  bias   #  of  c-Evalue  i-Evalue  score  bias  from    to  from    to  from    to  acc description of target
#                               ------------------- ---------- ----- -------------------- ---------- ----- --------- ------ ----- --- --- --------- --------- ------ ----- ----- ----- ----- ----- ----- ----- ---- ---------------------
NODE_926_length_95421_cov_71.123581:18789-20588|+   -            600 6020                 -            598         0 1286.6   0.0   1   1         0         0 1286.4   0.0     1   597     1   597     1   598 1.00 NODE_926_length_95421_cov_71.123581_19 # 18789 # 20588 # 1 # ID=386_19;partial=00;start_type=ATG;rbs_motif=None;rbs_spacer=None;gc_cont=0.537
NODE_851_length_22678_cov_82.051857:17530-19353|+   -            608 6020                 -            598   2.9e-48  162.8   0.1   1   1   9.5e-51   5.6e-48  161.8   0.1     2   373     3   390     2   404 0.78 NODE_851_length_22678_cov_82.051857_18 # 17530 # 19353 # 1 # ID=363_18;partial=00;start_type=GTG;rbs_motif=GGAG/GAGG;rbs_spacer=5-10bp;gc_cont=0.533
NODE_1441_length_52686_cov_76.197510:190-2304|-     -            705 6020                 -            598   6.4e-43  145.1   0.0   1   3   1.2e-28     7e-26   88.9   0.0     3   154     9   165     7   189 0.89 NODE_1441_length_52686_cov_76.197510_2 # 190 # 2304 # -1 # ID=633_2;partial=00;start_type=ATG;rbs_motif=GGAG/GAGG;rbs_spacer=5-10bp;gc_cont=0.509
NODE_1441_length_52686_cov_76.197510:190-2304|-     -            705 6020                 -            598   6.4e-43  145.1   0.0   2   3     2e-12   1.2e-09   35.3   0.0   185   384   311   501   292   508 0.76 NODE_1441_length_52686_cov_76.197510_2 # 190 # 2304 # -1 # ID=633_2;partial=00;start_type=ATG;rbs_motif=GGAG/GAGG;rbs_spacer=5-10bp;gc_cont=0.509
NODE_1441_length_52686_cov_76.197510:190-2304|-     -            705 6020                 -            598   6.4e-43  145.1   0.0   3   3     6e-07   0.00036   17.2   0.0   399   478   612   690   605   702 0.91 NODE_1441_length_52686_cov_76.197510_2 # 190 # 2304 # -1 # ID=633_2;partial=00;start_type=ATG;rbs_motif=GGAG/GAGG;rbs_spacer=5-10bp;gc_cont=0.509
NODE_2129_length_51924_cov_72.758377:5729-7345|+    -            539 6020                 -            598     4e-25   86.4   0.0   1   2   1.2e-23   7.1e-21   72.3   0.0     4   154    22   174    19   186 0.88 NODE_2129_length_51924_cov_72.758377_9 # 5729 # 7345 # 1 # ID=1066_9;partial=00;start_type=ATG;rbs_motif=None;rbs_spacer=None;gc_cont=0.533
NODE_2129_length_51924_cov_72.758377:5729-7345|+    -            539 6020                 -            598     4e-25   86.4   0.0   2   2   2.4e-05     0.014   11.9   0.0   203   367   320   474   255   490 0.79 NODE_2129_length_51924_cov_72.758377_9 # 5729 # 7345 # 1 # ID=1066_9;partial=00;start_type=ATG;rbs_motif=None;rbs_spacer=None;gc_cont=0.533
NODE_2145_length_112275_cov_77.552353:86456-89128|+ -            891 6020                 -            598   2.8e-22   77.0   0.9   1   2     0.018        10    2.4   0.1     8    51   395   438   392   441 0.78 NODE_2145_length_112275_cov_77.552353_83 # 86456 # 89128 # 1 # ID=1072_83;partial=00;start_type=ATG;rbs_motif=AGGA;rbs_spacer=5-10bp;gc_cont=0.535
NODE_2145_length_112275_cov_77.552353:86456-89128|+ -            891 6020                 -            598   2.8e-22   77.0   0.9   2   2   4.9e-24   2.9e-21   73.6   0.2    70   223   437   597   421   602 0.87 NODE_2145_length_112275_cov_77.552353_83 # 86456 # 89128 # 1 # ID=1072_83;partial=00;start_type=ATG;rbs_motif=AGGA;rbs_spacer=5-10bp;gc_cont=0.535
NODE_2185_length_35330_cov_74.210983:31625-33052|-  -            476 6020                 -            598   2.4e-12   44.1   0.1   1   1   8.3e-15   4.9e-12   43.2   0.1    38   138    79   175    25   190 0.83 NODE_2185_length_35330_cov_74.210983_37 # 31625 # 33052 # -1 # ID=1088_37;partial=00;start_type=ATG;rbs_motif=GGA/GAG/AGG;rbs_spacer=11-12bp;gc_cont=0.543
NODE_1443_length_1047_cov_173.915955:3-1067|-       -            355 6020                 -            598   1.2e-10   38.6   0.0   1   1   2.7e-13   1.6e-10   38.1   0.0    42   264    18   251     8   265 0.80 NODE_1443_length_1047_cov_173.915955_1 # 3 # 1067 # -1 # ID=635_1;partial=11;start_type=Edge;rbs_motif=None;rbs_spacer=None;gc_cont=0.540
NODE_230_length_8375_cov_67.677017:4327-6171|-      -            615 6020                 -            598     4e-06   23.6   0.0   1   1   1.5e-08   8.6e-06   22.5   0.0    12   222     8   206     2   222 0.69 NODE_230_length_8375_cov_67.677017_5 # 4327 # 6171 # -1 # ID=59_5;partial=00;start_type=ATG;rbs_motif=AGGA/GGAG/GAGG;rbs_spacer=11-12bp;gc_cont=0.567
NODE_926_length_95421_cov_71.123581:87944-89416|+   -            491 6020                 -            598   0.00022   17.9   0.0   1   1   6.6e-07   0.00039   17.1   0.0    86   176   273   368   245   378 0.84 NODE_926_length_95421_cov_71.123581_77 # 87944 # 89416 # 1 # ID=386_77;partial=00;start_type=ATG;rbs_motif=GGAG/GAGG;rbs_spacer=5-10bp;gc_cont=0.520
#
# Program:         hmmsearch
# Version:         3.4 (Aug 2023)
# Pipeline mode:   SEARCH
# Query file:      /home/simonedassisi/velvet-1.2.10/busco_downloads/lineages/enterobacteriaceae_odb12/hmms/6020at543.hmm
# Target file:     results/BUSCO_output_velveth21/prodigal_output/predicted_genes/predicted.faa
# Option settings: hmmsearch --domtblout results/BUSCO_output_velveth21/run_enterobacteriaceae_odb12/hmmer_output/6020at543.out --cpu 1 /home/simonedassisi/velvet-1.2.10/busco_downloads/lineages/enterobacteriaceae_odb12/hmms/6020at543.hmm results/BUSCO_output_velveth21/prodigal_output/predicted_genes/predicted.faa 
# Current dir:     /home/simonedassisi/velvet-1.2.10
# Date:            Wed Apr  2 19:24:09 2025
# [ok]
