#                                                                                                          --- full sequence --- -------------- this domain -------------   hmm coord   ali coord   env coord
# target name                                      accession   tlen query name           accession   qlen   E-value  score  bias   #  of  c-Evalue  i-Evalue  score  bias  from    to  from    to  from    to  acc description of target
#                              ------------------- ---------- ----- -------------------- ---------- ----- --------- ------ ----- --- --- --------- --------- ------ ----- ----- ----- ----- ----- ----- ----- ---- ---------------------
NODE_851_length_22678_cov_82.051857:9262-9894|-    -            211 63012                -            208    1e-121  402.3   0.0   1   1  2.2e-124  1.2e-121  402.1   0.0     1   207     1   207     1   208 0.99 NODE_851_length_22678_cov_82.051857_10 # 9262 # 9894 # -1 # ID=363_10;partial=00;start_type=TTG;rbs_motif=GGAG/GAGG;rbs_spacer=5-10bp;gc_cont=0.518
NODE_926_length_95421_cov_71.123581:87944-89416|+  -            491 63012                -            208   4.2e-13   47.4   0.0   1   2     2e-05      0.01   13.5   0.0    29    63     5    38     3   132 0.83 NODE_926_length_95421_cov_71.123581_77 # 87944 # 89416 # 1 # ID=386_77;partial=00;start_type=ATG;rbs_motif=GGAG/GAGG;rbs_spacer=5-10bp;gc_cont=0.520
NODE_926_length_95421_cov_71.123581:87944-89416|+  -            491 63012                -            208   4.2e-13   47.4   0.0   2   2   9.3e-11   4.9e-08   30.9   0.0    23   200   199   375   195   382 0.88 NODE_926_length_95421_cov_71.123581_77 # 87944 # 89416 # 1 # ID=386_77;partial=00;start_type=ATG;rbs_motif=GGAG/GAGG;rbs_spacer=5-10bp;gc_cont=0.520
NODE_926_length_95421_cov_71.123581:22527-23432|+  -            302 63012                -            208   3.9e-05   21.4   0.3   1   2   1.8e-07   9.5e-05   20.2   0.3    29    83    11    67     2   177 0.72 NODE_926_length_95421_cov_71.123581_22 # 22527 # 23432 # 1 # ID=386_22;partial=00;start_type=ATG;rbs_motif=GGAG/GAGG;rbs_spacer=5-10bp;gc_cont=0.523
NODE_926_length_95421_cov_71.123581:22527-23432|+  -            302 63012                -            208   3.9e-05   21.4   0.3   2   2       2.7   1.4e+03   -3.3   0.0   165   187   208   230   188   231 0.62 NODE_926_length_95421_cov_71.123581_22 # 22527 # 23432 # 1 # ID=386_22;partial=00;start_type=ATG;rbs_motif=GGAG/GAGG;rbs_spacer=5-10bp;gc_cont=0.523
NODE_989_length_51512_cov_75.450089:2-1321|-       -            440 63012                -            208   0.00011   19.9   0.0   1   1   5.2e-07   0.00027   18.7   0.0    25    63   215   252   210   274 0.88 NODE_989_length_51512_cov_75.450089_1 # 2 # 1321 # -1 # ID=419_1;partial=10;start_type=ATG;rbs_motif=AGGA;rbs_spacer=5-10bp;gc_cont=0.567
NODE_1608_length_6412_cov_72.405022:2498-3382|-    -            295 63012                -            208   0.00015   19.5   0.0   1   1   4.4e-07   0.00023   18.9   0.0    29    89    41   103    26   118 0.77 NODE_1608_length_6412_cov_72.405022_6 # 2498 # 3382 # -1 # ID=729_6;partial=00;start_type=ATG;rbs_motif=AGGA;rbs_spacer=5-10bp;gc_cont=0.536
NODE_1601_length_842_cov_157.199524:3-860|-        -            286 63012                -            208   0.00051   17.8   0.0   1   2   1.9e-06   0.00099   16.8   0.0    26    85    65   128    49   149 0.77 NODE_1601_length_842_cov_157.199524_1 # 3 # 860 # -1 # ID=725_1;partial=11;start_type=Edge;rbs_motif=None;rbs_spacer=None;gc_cont=0.573
NODE_1601_length_842_cov_157.199524:3-860|-        -            286 63012                -            208   0.00051   17.8   0.0   2   2       3.2   1.7e+03   -3.5   0.0   139   150   177   188   169   192 0.82 NODE_1601_length_842_cov_157.199524_1 # 3 # 860 # -1 # ID=725_1;partial=11;start_type=Edge;rbs_motif=None;rbs_spacer=None;gc_cont=0.573
NODE_614_length_35137_cov_72.104843:23209-23907|-  -            233 63012                -            208    0.0066   14.1   0.0   1   1   3.1e-05     0.016   12.9   0.0    20    47    19    46     7    54 0.89 NODE_614_length_35137_cov_72.104843_19 # 23209 # 23907 # -1 # ID=265_19;partial=00;start_type=ATG;rbs_motif=None;rbs_spacer=None;gc_cont=0.578
NODE_1570_length_36954_cov_78.025352:15524-16576|- -            351 63012                -            208     0.009   13.7   0.1   1   2      0.49   2.6e+02   -0.9   0.0   136   193   151   205   125   211 0.61 NODE_1570_length_36954_cov_78.025352_16 # 15524 # 16576 # -1 # ID=708_16;partial=00;start_type=TTG;rbs_motif=AGGAG;rbs_spacer=5-10bp;gc_cont=0.540
NODE_1570_length_36954_cov_78.025352:15524-16576|- -            351 63012                -            208     0.009   13.7   0.1   2   2   5.8e-05      0.03   12.0   0.0    30    81   211   269   198   281 0.74 NODE_1570_length_36954_cov_78.025352_16 # 15524 # 16576 # -1 # ID=708_16;partial=00;start_type=TTG;rbs_motif=AGGAG;rbs_spacer=5-10bp;gc_cont=0.540
NODE_1441_length_52686_cov_76.197510:10079-11992|+ -            638 63012                -            208     0.027   12.2   0.1   1   2     0.023        12    3.5   0.0    23    51    24    52    13    70 0.81 NODE_1441_length_52686_cov_76.197510_15 # 10079 # 11992 # 1 # ID=633_15;partial=00;start_type=ATG;rbs_motif=None;rbs_spacer=None;gc_cont=0.553
NODE_1441_length_52686_cov_76.197510:10079-11992|+ -            638 63012                -            208     0.027   12.2   0.1   2   2    0.0037         2    6.0   0.0    26    67   338   377   328   385 0.84 NODE_1441_length_52686_cov_76.197510_15 # 10079 # 11992 # 1 # ID=633_15;partial=00;start_type=ATG;rbs_motif=None;rbs_spacer=None;gc_cont=0.553
NODE_1570_length_36954_cov_78.025352:25627-26907|+ -            427 63012                -            208     0.028   12.1   0.1   1   1    0.0001     0.054   11.2   0.1    29    52   200   223   193   328 0.83 NODE_1570_length_36954_cov_78.025352_25 # 25627 # 26907 # 1 # ID=708_25;partial=00;start_type=TTG;rbs_motif=GGAG/GAGG;rbs_spacer=5-10bp;gc_cont=0.538
#
# Program:         hmmsearch
# Version:         3.4 (Aug 2023)
# Pipeline mode:   SEARCH
# Query file:      /home/simonedassisi/velvet-1.2.10/busco_downloads/lineages/enterobacteriaceae_odb12/hmms/63012at543.hmm
# Target file:     results/BUSCO_output_velveth21/prodigal_output/predicted_genes/predicted.faa
# Option settings: hmmsearch --domtblout results/BUSCO_output_velveth21/run_enterobacteriaceae_odb12/hmmer_output/63012at543.out --cpu 1 /home/simonedassisi/velvet-1.2.10/busco_downloads/lineages/enterobacteriaceae_odb12/hmms/63012at543.hmm results/BUSCO_output_velveth21/prodigal_output/predicted_genes/predicted.faa 
# Current dir:     /home/simonedassisi/velvet-1.2.10
# Date:            Wed Apr  2 19:24:10 2025
# [ok]
