#                                                                                                           --- full sequence --- -------------- this domain -------------   hmm coord   ali coord   env coord
# target name                                       accession   tlen query name           accession   qlen   E-value  score  bias   #  of  c-Evalue  i-Evalue  score  bias  from    to  from    to  from    to  acc description of target
#                               ------------------- ---------- ----- -------------------- ---------- ----- --------- ------ ----- --- --- --------- --------- ------ ----- ----- ----- ----- ----- ----- ----- ---- ---------------------
NODE_2145_length_112275_cov_77.552353:55403-55894|- -            164 63461                -            161   2.8e-98  324.4   0.2   1   1  6.6e-101   3.2e-98  324.3   0.2     1   158     1   158     1   161 0.99 NODE_2145_length_112275_cov_77.552353_49 # 55403 # 55894 # -1 # ID=1072_49;partial=00;start_type=ATG;rbs_motif=GGA/GAG/AGG;rbs_spacer=5-10bp;gc_cont=0.518
NODE_846_length_63393_cov_76.936378:28759-29205|-   -            149 63461                -            161   3.6e-13   47.8   0.1   1   1   8.2e-16   3.9e-13   47.7   0.1    14   149     4   139     1   147 0.86 NODE_846_length_63393_cov_76.936378_29 # 28759 # 29205 # -1 # ID=361_29;partial=00;start_type=ATG;rbs_motif=GGAG/GAGG;rbs_spacer=5-10bp;gc_cont=0.508
NODE_359_length_5283_cov_74.194016:744-1208|-       -            155 63461                -            161   1.6e-11   42.4   0.0   1   1   3.7e-14   1.8e-11   42.3   0.0    51   157    44   151     2   154 0.80 NODE_359_length_5283_cov_74.194016_3 # 744 # 1208 # -1 # ID=110_3;partial=00;start_type=ATG;rbs_motif=AGGA;rbs_spacer=5-10bp;gc_cont=0.548
NODE_1083_length_4730_cov_73.101059:4336-4692|-     -            119 63461                -            161   2.7e-10   38.5   0.0   1   1   6.1e-13   2.9e-10   38.3   0.0    10   113     3   107     1   115 0.77 NODE_1083_length_4730_cov_73.101059_3 # 4336 # 4692 # -1 # ID=453_3;partial=00;start_type=ATG;rbs_motif=GGAG/GAGG;rbs_spacer=5-10bp;gc_cont=0.557
NODE_215_length_65836_cov_69.504402:56111-58606|+   -            832 63461                -            161   1.1e-09   36.5   0.0   1   1   5.6e-12   2.7e-09   35.2   0.0    52   153   726   825   711   830 0.89 NODE_215_length_65836_cov_69.504402_57 # 56111 # 58606 # 1 # ID=52_57;partial=00;start_type=ATG;rbs_motif=GGAG/GAGG;rbs_spacer=5-10bp;gc_cont=0.551
NODE_1188_length_12614_cov_70.307274:5149-6279|+    -            377 63461                -            161   1.6e-09   36.0   0.1   1   1   9.9e-12   4.7e-09   34.4   0.1    50   159    39   145     9   147 0.76 NODE_1188_length_12614_cov_70.307274_6 # 5149 # 6279 # 1 # ID=507_6;partial=00;start_type=ATG;rbs_motif=GGAG/GAGG;rbs_spacer=5-10bp;gc_cont=0.560
NODE_2018_length_6773_cov_76.117966:2887-4800|-     -            638 63461                -            161   8.4e-08   30.3   0.0   1   1   4.4e-10   2.1e-07   29.0   0.0    51   154   532   634   505   637 0.82 NODE_2018_length_6773_cov_76.117966_5 # 2887 # 4800 # -1 # ID=996_5;partial=00;start_type=ATG;rbs_motif=AGxAGG/AGGxGG;rbs_spacer=5-10bp;gc_cont=0.536
NODE_2487_length_42213_cov_77.013382:12901-15402|-  -            834 63461                -            161   3.7e-05   21.7   0.0   1   1   1.5e-07     7e-05   20.8   0.0    14   152   690   826   680   832 0.75 NODE_2487_length_42213_cov_77.013382_12 # 12901 # 15402 # -1 # ID=1291_12;partial=00;start_type=ATG;rbs_motif=GGAG/GAGG;rbs_spacer=5-10bp;gc_cont=0.551
NODE_1934_length_22848_cov_83.549324:14501-14932|-  -            144 63461                -            161   5.2e-05   21.3   0.0   1   1   1.4e-07   6.8e-05   20.9   0.0    65   153    55   141    49   143 0.90 NODE_1934_length_22848_cov_83.549324_13 # 14501 # 14932 # -1 # ID=928_13;partial=00;start_type=ATG;rbs_motif=GGAG/GAGG;rbs_spacer=5-10bp;gc_cont=0.549
NODE_1847_length_31756_cov_77.062065:31308-31751|-  -            148 63461                -            161   0.00017   19.6   0.0   1   1   4.6e-07   0.00022   19.2   0.0    67   154    61   145    52   147 0.91 NODE_1847_length_31756_cov_77.062065_33 # 31308 # 31751 # -1 # ID=863_33;partial=00;start_type=ATG;rbs_motif=AGGA;rbs_spacer=5-10bp;gc_cont=0.419
NODE_846_length_63393_cov_76.936378:24489-26237|-   -            583 63461                -            161   0.00077   17.5   0.0   1   1   3.2e-06    0.0015   16.5   0.0    52   131   484   558   454   564 0.72 NODE_846_length_63393_cov_76.936378_26 # 24489 # 26237 # -1 # ID=361_26;partial=00;start_type=ATG;rbs_motif=AGxAGG/AGGxGG;rbs_spacer=3-4bp;gc_cont=0.500
#
# Program:         hmmsearch
# Version:         3.4 (Aug 2023)
# Pipeline mode:   SEARCH
# Query file:      /home/simonedassisi/velvet-1.2.10/busco_downloads/lineages/enterobacteriaceae_odb12/hmms/63461at543.hmm
# Target file:     results/BUSCO_output_velveth21/prodigal_output/predicted_genes/predicted.faa
# Option settings: hmmsearch --domtblout results/BUSCO_output_velveth21/run_enterobacteriaceae_odb12/hmmer_output/63461at543.out --cpu 1 /home/simonedassisi/velvet-1.2.10/busco_downloads/lineages/enterobacteriaceae_odb12/hmms/63461at543.hmm results/BUSCO_output_velveth21/prodigal_output/predicted_genes/predicted.faa 
# Current dir:     /home/simonedassisi/velvet-1.2.10
# Date:            Wed Apr  2 19:24:10 2025
# [ok]
