#                                                                                                          --- full sequence --- -------------- this domain -------------   hmm coord   ali coord   env coord
# target name                                      accession   tlen query name           accession   qlen   E-value  score  bias   #  of  c-Evalue  i-Evalue  score  bias  from    to  from    to  from    to  acc description of target
#                              ------------------- ---------- ----- -------------------- ---------- ----- --------- ------ ----- --- --- --------- --------- ------ ----- ----- ----- ----- ----- ----- ----- ---- ---------------------
NODE_1999_length_25587_cov_66.390984:15953-16708|+ -            252 64477                -            251  6.9e-127  420.1   0.2   1   1    2e-129  7.6e-127  420.0   0.2     1   251     1   251     1   251 0.99 NODE_1999_length_25587_cov_66.390984_16 # 15953 # 16708 # 1 # ID=982_16;partial=00;start_type=ATG;rbs_motif=GGAGG;rbs_spacer=5-10bp;gc_cont=0.561
NODE_895_length_14892_cov_65.747314:3015-3785|+    -            257 64477                -            251   2.7e-17   61.1   0.1   1   1   8.1e-20   3.1e-17   60.9   0.1     7   143     8   150     2   216 0.74 NODE_895_length_14892_cov_65.747314_5 # 3015 # 3785 # 1 # ID=378_5;partial=00;start_type=ATG;rbs_motif=AGGA;rbs_spacer=5-10bp;gc_cont=0.490
NODE_1144_length_51838_cov_69.979935:33051-33809|- -            253 64477                -            251   7.1e-14   49.9   0.0   1   1   2.6e-16   9.9e-14   49.4   0.0    20   138     9   128     6   246 0.91 NODE_1144_length_51838_cov_69.979935_36 # 33051 # 33809 # -1 # ID=484_36;partial=00;start_type=ATG;rbs_motif=GGAG/GAGG;rbs_spacer=5-10bp;gc_cont=0.542
NODE_2159_length_50550_cov_71.258598:23982-24767|- -            262 64477                -            251   1.5e-13   48.8   0.2   1   1   6.4e-16   2.4e-13   48.2   0.2     5   138     5   147     1   158 0.76 NODE_2159_length_50550_cov_71.258598_18 # 23982 # 24767 # -1 # ID=1079_18;partial=00;start_type=ATG;rbs_motif=GGAG/GAGG;rbs_spacer=5-10bp;gc_cont=0.517
NODE_877_length_31483_cov_78.652222:15382-16137|+  -            252 64477                -            251   1.9e-13   48.5   0.0   1   1   7.2e-16   2.7e-13   48.0   0.0     7   153    23   183    16   190 0.80 NODE_877_length_31483_cov_78.652222_15 # 15382 # 16137 # 1 # ID=369_15;partial=00;start_type=ATG;rbs_motif=AGxAGG/AGGxGG;rbs_spacer=5-10bp;gc_cont=0.521
NODE_644_length_31137_cov_72.486465:3913-4635|-    -            241 64477                -            251   9.6e-11   39.6   0.0   1   1   2.8e-13     1e-10   39.5   0.0    37   144    51   163    10   198 0.86 NODE_644_length_31137_cov_72.486465_3 # 3913 # 4635 # -1 # ID=277_3;partial=00;start_type=ATG;rbs_motif=AGGA/GGAG/GAGG;rbs_spacer=11-12bp;gc_cont=0.539
NODE_718_length_90501_cov_69.003258:89058-89867|+  -            270 64477                -            251   1.5e-09   35.7   0.0   1   1   8.8e-12   3.3e-09   34.6   0.0    26   157    70   196    55   229 0.81 NODE_718_length_90501_cov_69.003258_90 # 89058 # 89867 # 1 # ID=299_90;partial=00;start_type=ATG;rbs_motif=GGAG/GAGG;rbs_spacer=5-10bp;gc_cont=0.514
NODE_718_length_90501_cov_69.003258:42675-43418|-  -            248 64477                -            251   2.1e-06   25.4   0.0   1   1   6.8e-09   2.6e-06   25.1   0.0    41   139    55   163    40   210 0.81 NODE_718_length_90501_cov_69.003258_41 # 42675 # 43418 # -1 # ID=299_41;partial=00;start_type=ATG;rbs_motif=GGA/GAG/AGG;rbs_spacer=5-10bp;gc_cont=0.503
NODE_1072_length_7945_cov_67.302704:6350-6943|+    -            198 64477                -            251   2.4e-05   22.0   0.0   1   1   8.2e-08   3.1e-05   21.6   0.0    25   135    14   129     4   139 0.76 NODE_1072_length_7945_cov_67.302704_7 # 6350 # 6943 # 1 # ID=446_7;partial=00;start_type=ATG;rbs_motif=GGAG/GAGG;rbs_spacer=5-10bp;gc_cont=0.455
NODE_2129_length_51924_cov_72.758377:2969-4042|-   -            358 64477                -            251   4.2e-05   21.2   0.0   1   1     2e-07   7.4e-05   20.4   0.0    32    95   186   250   181   286 0.75 NODE_2129_length_51924_cov_72.758377_5 # 2969 # 4042 # -1 # ID=1066_5;partial=00;start_type=ATG;rbs_motif=AGGAG;rbs_spacer=5-10bp;gc_cont=0.558
NODE_895_length_14892_cov_65.747314:6051-6773|+    -            241 64477                -            251    0.0004   18.0   0.0   1   1   1.4e-06   0.00054   17.5   0.0    90   152    77   139    62   161 0.88 NODE_895_length_14892_cov_65.747314_8 # 6051 # 6773 # 1 # ID=378_8;partial=00;start_type=ATG;rbs_motif=GGA/GAG/AGG;rbs_spacer=5-10bp;gc_cont=0.495
NODE_1934_length_22848_cov_83.549324:19390-20136|- -            249 64477                -            251   0.00045   17.8   0.0   1   1   1.5e-06   0.00055   17.5   0.0    23    84    17    79     2   140 0.80 NODE_1934_length_22848_cov_83.549324_19 # 19390 # 20136 # -1 # ID=928_19;partial=00;start_type=ATG;rbs_motif=AGGA;rbs_spacer=5-10bp;gc_cont=0.590
NODE_434_length_79075_cov_70.223480:29068-30216|-  -            383 64477                -            251     0.011   13.3   0.1   1   1   4.8e-05     0.018   12.5   0.1    23    82   148   208   137   223 0.81 NODE_434_length_79075_cov_70.223480_28 # 29068 # 30216 # -1 # ID=160_28;partial=00;start_type=ATG;rbs_motif=GGAG/GAGG;rbs_spacer=5-10bp;gc_cont=0.480
NODE_718_length_90501_cov_69.003258:41707-42678|-  -            324 64477                -            251     0.019   12.4   0.0   1   1   9.4e-05     0.036   11.6   0.0    34   142   114   228   110   232 0.67 NODE_718_length_90501_cov_69.003258_40 # 41707 # 42678 # -1 # ID=299_40;partial=00;start_type=ATG;rbs_motif=GGAG/GAGG;rbs_spacer=5-10bp;gc_cont=0.522
#
# Program:         hmmsearch
# Version:         3.4 (Aug 2023)
# Pipeline mode:   SEARCH
# Query file:      /home/simonedassisi/velvet-1.2.10/busco_downloads/lineages/enterobacteriaceae_odb12/hmms/64477at543.hmm
# Target file:     results/BUSCO_output_velveth21/prodigal_output/predicted_genes/predicted.faa
# Option settings: hmmsearch --domtblout results/BUSCO_output_velveth21/run_enterobacteriaceae_odb12/hmmer_output/64477at543.out --cpu 1 /home/simonedassisi/velvet-1.2.10/busco_downloads/lineages/enterobacteriaceae_odb12/hmms/64477at543.hmm results/BUSCO_output_velveth21/prodigal_output/predicted_genes/predicted.faa 
# Current dir:     /home/simonedassisi/velvet-1.2.10
# Date:            Wed Apr  2 19:24:10 2025
# [ok]
