#                                                                                                          --- full sequence --- -------------- this domain -------------   hmm coord   ali coord   env coord
# target name                                      accession   tlen query name           accession   qlen   E-value  score  bias   #  of  c-Evalue  i-Evalue  score  bias  from    to  from    to  from    to  acc description of target
#                              ------------------- ---------- ----- -------------------- ---------- ----- --------- ------ ----- --- --- --------- --------- ------ ----- ----- ----- ----- ----- ----- ----- ---- ---------------------
NODE_1024_length_7788_cov_69.617615:3977-4960|+    -            328 6524                 -            327  2.2e-203  672.5   0.4   1   1  6.6e-206  2.5e-203  672.3   0.4     1   327     1   327     1   327 1.00 NODE_1024_length_7788_cov_69.617615_4 # 3977 # 4960 # 1 # ID=431_4;partial=00;start_type=ATG;rbs_motif=GGAGG;rbs_spacer=3-4bp;gc_cont=0.524
NODE_1520_length_13881_cov_67.268860:480-1490|-    -            337 6524                 -            327   8.1e-20   69.2   1.3   1   2   3.1e-07   0.00012   19.4   0.0    19    87    15    82     7    99 0.87 NODE_1520_length_13881_cov_67.268860_2 # 480 # 1490 # -1 # ID=684_2;partial=00;start_type=ATG;rbs_motif=AGGAGG;rbs_spacer=3-4bp;gc_cont=0.525
NODE_1520_length_13881_cov_67.268860:480-1490|-    -            337 6524                 -            327   8.1e-20   69.2   1.3   2   2   6.1e-16   2.3e-13   48.0   1.2    93   266   115   290   104   302 0.81 NODE_1520_length_13881_cov_67.268860_2 # 480 # 1490 # -1 # ID=684_2;partial=00;start_type=ATG;rbs_motif=AGGAGG;rbs_spacer=3-4bp;gc_cont=0.525
NODE_1220_length_21844_cov_70.659126:16577-17686|- -            370 6524                 -            327   4.4e-13   47.1   0.2   1   2   3.5e-13   1.3e-10   39.0   0.0    16    86    15    85     7    95 0.94 NODE_1220_length_21844_cov_70.659126_15 # 16577 # 17686 # -1 # ID=525_15;partial=00;start_type=ATG;rbs_motif=AGGA;rbs_spacer=5-10bp;gc_cont=0.536
NODE_1220_length_21844_cov_70.659126:16577-17686|- -            370 6524                 -            327   4.4e-13   47.1   0.2   2   2     0.003       1.1    6.3   0.0   129   195   175   241   120   290 0.74 NODE_1220_length_21844_cov_70.659126_15 # 16577 # 17686 # -1 # ID=525_15;partial=00;start_type=ATG;rbs_motif=AGGA;rbs_spacer=5-10bp;gc_cont=0.536
NODE_1144_length_51838_cov_69.979935:962-1981|+    -            340 6524                 -            327   1.6e-11   42.0   0.2   1   2     7e-10   2.6e-07   28.1   0.1    13    86     9    82     5    90 0.96 NODE_1144_length_51838_cov_69.979935_2 # 962 # 1981 # 1 # ID=484_2;partial=00;start_type=ATG;rbs_motif=AGGAG;rbs_spacer=5-10bp;gc_cont=0.452
NODE_1144_length_51838_cov_69.979935:962-1981|+    -            340 6524                 -            327   1.6e-11   42.0   0.2   2   2   5.5e-05     0.021   12.0   0.0    91   265   113   285   104   310 0.80 NODE_1144_length_51838_cov_69.979935_2 # 962 # 1981 # 1 # ID=484_2;partial=00;start_type=ATG;rbs_motif=AGGAG;rbs_spacer=5-10bp;gc_cont=0.452
NODE_1229_length_78306_cov_70.440285:60776-61825|+ -            350 6524                 -            327   1.7e-09   35.4   0.5   1   2     3e-05     0.011   12.9   0.0    15    85    14    84     4    89 0.90 NODE_1229_length_78306_cov_70.440285_54 # 60776 # 61825 # 1 # ID=529_54;partial=00;start_type=ATG;rbs_motif=AGGAG;rbs_spacer=5-10bp;gc_cont=0.536
NODE_1229_length_78306_cov_70.440285:60776-61825|+ -            350 6524                 -            327   1.7e-09   35.4   0.5   2   2   1.4e-07   5.1e-05   20.6   0.1    92   196   126   229   123   240 0.75 NODE_1229_length_78306_cov_70.440285_54 # 60776 # 61825 # 1 # ID=529_54;partial=00;start_type=ATG;rbs_motif=AGGAG;rbs_spacer=5-10bp;gc_cont=0.536
NODE_1155_length_53173_cov_69.651268:4162-5202|+   -            347 6524                 -            327   5.3e-09   33.7   0.1   1   2   0.00089      0.34    8.0   0.0    56    86    52    82    10    86 0.86 NODE_1155_length_53173_cov_69.651268_6 # 4162 # 5202 # 1 # ID=488_6;partial=00;start_type=ATG;rbs_motif=AGGAG;rbs_spacer=5-10bp;gc_cont=0.483
NODE_1155_length_53173_cov_69.651268:4162-5202|+   -            347 6524                 -            327   5.3e-09   33.7   0.1   2   2   1.6e-08   5.9e-06   23.7   0.0    93   196   115   216   109   238 0.77 NODE_1155_length_53173_cov_69.651268_6 # 4162 # 5202 # 1 # ID=488_6;partial=00;start_type=ATG;rbs_motif=AGGAG;rbs_spacer=5-10bp;gc_cont=0.483
NODE_1548_length_7222_cov_79.247162:851-1876|-     -            342 6524                 -            327   4.1e-08   30.8   0.0   1   2   0.00017     0.064   10.4   0.0    56    85    56    85    14    93 0.80 NODE_1548_length_7222_cov_79.247162_2 # 851 # 1876 # -1 # ID=698_2;partial=00;start_type=ATG;rbs_motif=GGAG/GAGG;rbs_spacer=5-10bp;gc_cont=0.524
NODE_1548_length_7222_cov_79.247162:851-1876|-     -            342 6524                 -            327   4.1e-08   30.8   0.0   2   2   6.5e-07   0.00025   18.3   0.0    93   234   119   258   109   269 0.77 NODE_1548_length_7222_cov_79.247162_2 # 851 # 1876 # -1 # ID=698_2;partial=00;start_type=ATG;rbs_motif=GGAG/GAGG;rbs_spacer=5-10bp;gc_cont=0.524
NODE_333_length_6447_cov_70.679848:4995-6017|+     -            341 6524                 -            327   8.2e-08   29.8   0.0   1   2   2.2e-06   0.00085   16.6   0.0    22    86    21    85     9   101 0.90 NODE_333_length_6447_cov_70.679848_5 # 4995 # 6017 # 1 # ID=102_5;partial=00;start_type=ATG;rbs_motif=GGAG/GAGG;rbs_spacer=5-10bp;gc_cont=0.511
NODE_333_length_6447_cov_70.679848:4995-6017|+     -            341 6524                 -            327   8.2e-08   29.8   0.0   2   2   0.00011     0.041   11.1   0.0   118   239   140   261   114   331 0.82 NODE_333_length_6447_cov_70.679848_5 # 4995 # 6017 # 1 # ID=102_5;partial=00;start_type=ATG;rbs_motif=GGAG/GAGG;rbs_spacer=5-10bp;gc_cont=0.511
NODE_1792_length_20317_cov_75.392525:16715-17734|- -            340 6524                 -            327     2e-07   28.5   0.0   1   2   0.00052       0.2    8.8   0.0    13    85    13    87     1   101 0.86 NODE_1792_length_20317_cov_75.392525_15 # 16715 # 17734 # -1 # ID=834_15;partial=00;start_type=ATG;rbs_motif=AGGA;rbs_spacer=5-10bp;gc_cont=0.552
NODE_1792_length_20317_cov_75.392525:16715-17734|- -            340 6524                 -            327     2e-07   28.5   0.0   2   2     9e-07   0.00034   17.9   0.0    94   197   123   224   103   247 0.84 NODE_1792_length_20317_cov_75.392525_15 # 16715 # 17734 # -1 # ID=834_15;partial=00;start_type=ATG;rbs_motif=AGGA;rbs_spacer=5-10bp;gc_cont=0.552
NODE_926_length_95421_cov_71.123581:50019-51080|+  -            354 6524                 -            327   2.4e-07   28.3   0.0   1   2   9.1e-05     0.034   11.3   0.0    18    93    17   101     8   107 0.68 NODE_926_length_95421_cov_71.123581_43 # 50019 # 51080 # 1 # ID=386_43;partial=00;start_type=ATG;rbs_motif=GGAG/GAGG;rbs_spacer=5-10bp;gc_cont=0.556
NODE_926_length_95421_cov_71.123581:50019-51080|+  -            354 6524                 -            327   2.4e-07   28.3   0.0   2   2   7.5e-06    0.0028   14.9   0.0    93   221   128   255   116   291 0.73 NODE_926_length_95421_cov_71.123581_43 # 50019 # 51080 # 1 # ID=386_43;partial=00;start_type=ATG;rbs_motif=GGAG/GAGG;rbs_spacer=5-10bp;gc_cont=0.556
NODE_346_length_26317_cov_69.933388:22339-23391|-  -            351 6524                 -            327   3.5e-07   27.7   0.2   1   1   1.6e-09   6.1e-07   26.9   0.2    61   236    81   254    77   276 0.81 NODE_346_length_26317_cov_69.933388_22 # 22339 # 23391 # -1 # ID=105_22;partial=00;start_type=ATG;rbs_motif=AGGAG;rbs_spacer=5-10bp;gc_cont=0.551
NODE_739_length_21936_cov_71.932304:6695-7732|-    -            346 6524                 -            327   1.3e-06   25.8   0.0   1   1     4e-09   1.5e-06   25.6   0.0   124   231   133   240    22   259 0.83 NODE_739_length_21936_cov_71.932304_6 # 6695 # 7732 # -1 # ID=309_6;partial=00;start_type=ATG;rbs_motif=AGGAG;rbs_spacer=5-10bp;gc_cont=0.521
NODE_1082_length_35501_cov_69.030113:32669-33907|+ -            413 6524                 -            327   2.7e-06   24.8   0.0   1   3   2.2e-05    0.0084   13.3   0.0    27    87    24    84     4   110 0.86 NODE_1082_length_35501_cov_69.030113_30 # 32669 # 33907 # 1 # ID=452_30;partial=00;start_type=ATG;rbs_motif=GGAGG;rbs_spacer=3-4bp;gc_cont=0.504
NODE_1082_length_35501_cov_69.030113:32669-33907|+ -            413 6524                 -            327   2.7e-06   24.8   0.0   2   3    0.0012      0.44    7.7   0.0   149   223   194   271   164   298 0.75 NODE_1082_length_35501_cov_69.030113_30 # 32669 # 33907 # 1 # ID=452_30;partial=00;start_type=ATG;rbs_motif=GGAGG;rbs_spacer=3-4bp;gc_cont=0.504
NODE_1082_length_35501_cov_69.030113:32669-33907|+ -            413 6524                 -            327   2.7e-06   24.8   0.0   3   3      0.27     1e+02   -0.1   0.0   281   322   341   382   327   388 0.84 NODE_1082_length_35501_cov_69.030113_30 # 32669 # 33907 # 1 # ID=452_30;partial=00;start_type=ATG;rbs_motif=GGAGG;rbs_spacer=3-4bp;gc_cont=0.504
NODE_1847_length_31756_cov_77.062065:28600-29877|- -            426 6524                 -            327    0.0072   13.5   0.2   1   3     0.018       6.6    3.8   0.0   201   226    21    47     8    55 0.81 NODE_1847_length_31756_cov_77.062065_31 # 28600 # 29877 # -1 # ID=863_31;partial=00;start_type=ATG;rbs_motif=GGAG/GAGG;rbs_spacer=5-10bp;gc_cont=0.513
NODE_1847_length_31756_cov_77.062065:28600-29877|- -            426 6524                 -            327    0.0072   13.5   0.2   2   3    0.0034       1.3    6.1   0.0    58    91    63    96    57   107 0.80 NODE_1847_length_31756_cov_77.062065_31 # 28600 # 29877 # -1 # ID=863_31;partial=00;start_type=ATG;rbs_motif=GGAG/GAGG;rbs_spacer=5-10bp;gc_cont=0.513
NODE_1847_length_31756_cov_77.062065:28600-29877|- -            426 6524                 -            327    0.0072   13.5   0.2   3   3      0.45   1.7e+02   -0.8   0.0   127   161   161   195   154   213 0.86 NODE_1847_length_31756_cov_77.062065_31 # 28600 # 29877 # -1 # ID=863_31;partial=00;start_type=ATG;rbs_motif=GGAG/GAGG;rbs_spacer=5-10bp;gc_cont=0.513
#
# Program:         hmmsearch
# Version:         3.4 (Aug 2023)
# Pipeline mode:   SEARCH
# Query file:      /home/simonedassisi/velvet-1.2.10/busco_downloads/lineages/enterobacteriaceae_odb12/hmms/6524at543.hmm
# Target file:     results/BUSCO_output_velveth21/prodigal_output/predicted_genes/predicted.faa
# Option settings: hmmsearch --domtblout results/BUSCO_output_velveth21/run_enterobacteriaceae_odb12/hmmer_output/6524at543.out --cpu 1 /home/simonedassisi/velvet-1.2.10/busco_downloads/lineages/enterobacteriaceae_odb12/hmms/6524at543.hmm results/BUSCO_output_velveth21/prodigal_output/predicted_genes/predicted.faa 
# Current dir:     /home/simonedassisi/velvet-1.2.10
# Date:            Wed Apr  2 19:24:11 2025
# [ok]
