#                                                                                                          --- full sequence --- -------------- this domain -------------   hmm coord   ali coord   env coord
# target name                                      accession   tlen query name           accession   qlen   E-value  score  bias   #  of  c-Evalue  i-Evalue  score  bias  from    to  from    to  from    to  acc description of target
#                              ------------------- ---------- ----- -------------------- ---------- ----- --------- ------ ----- --- --- --------- --------- ------ ----- ----- ----- ----- ----- ----- ----- ---- ---------------------
NODE_152_length_14891_cov_78.964272:6884-7639|-    -            252 6883                 -            425  2.1e-155  516.0   3.9   1   1  2.7e-158  2.4e-155  515.8   3.9   179   425     2   248     1   248 0.99 NODE_152_length_14891_cov_78.964272_11 # 6884 # 7639 # -1 # ID=33_11;partial=00;start_type=GTG;rbs_motif=GGA/GAG/AGG;rbs_spacer=11-12bp;gc_cont=0.519
NODE_152_length_14891_cov_78.964272:7664-8125|-    -            154 6883                 -            425   9.8e-94  312.8   6.8   1   1   1.2e-96   1.1e-93  312.7   6.8    16   167     1   152     1   153 0.99 NODE_152_length_14891_cov_78.964272_12 # 7664 # 8125 # -1 # ID=33_12;partial=00;start_type=ATG;rbs_motif=None;rbs_spacer=None;gc_cont=0.515
NODE_1815_length_42207_cov_77.160164:5489-6832|-   -            448 6883                 -            425   1.4e-44  150.9   3.2   1   1   2.9e-47   2.6e-44  150.0   3.2    10   421     5   427     2   431 0.87 NODE_1815_length_42207_cov_77.160164_7 # 5489 # 6832 # -1 # ID=846_7;partial=00;start_type=ATG;rbs_motif=GGA/GAG/AGG;rbs_spacer=5-10bp;gc_cont=0.504
NODE_1062_length_63423_cov_73.241127:26362-27240|- -            293 6883                 -            425   3.3e-31  106.8   2.0   1   1   4.7e-34   4.2e-31  106.5   2.0   170   417    33   280    23   287 0.94 NODE_1062_length_63423_cov_73.241127_26 # 26362 # 27240 # -1 # ID=442_26;partial=00;start_type=ATG;rbs_motif=3Base/5BMM;rbs_spacer=13-15bp;gc_cont=0.519
NODE_1155_length_53173_cov_69.651268:36677-38260|- -            528 6883                 -            425     6e-28   96.0   1.0   1   1   1.1e-30   9.7e-28   95.4   1.0   149   420   249   518   220   522 0.87 NODE_1155_length_53173_cov_69.651268_30 # 36677 # 38260 # -1 # ID=488_30;partial=00;start_type=ATG;rbs_motif=3Base/5BMM;rbs_spacer=13-15bp;gc_cont=0.533
NODE_700_length_25636_cov_68.720787:3656-5212|+    -            519 6883                 -            425   7.4e-24   82.6   0.0   1   2       3.7   3.3e+03   -5.2   2.3    80   132   144   194   130   200 0.64 NODE_700_length_25636_cov_68.720787_6 # 3656 # 5212 # 1 # ID=296_6;partial=00;start_type=ATG;rbs_motif=AGGAG;rbs_spacer=5-10bp;gc_cont=0.538
NODE_700_length_25636_cov_68.720787:3656-5212|+    -            519 6883                 -            425   7.4e-24   82.6   0.0   2   2   8.4e-27   7.4e-24   82.6   0.0   187   423   283   514   244   516 0.86 NODE_700_length_25636_cov_68.720787_6 # 3656 # 5212 # 1 # ID=296_6;partial=00;start_type=ATG;rbs_motif=AGGAG;rbs_spacer=5-10bp;gc_cont=0.538
#
# Program:         hmmsearch
# Version:         3.4 (Aug 2023)
# Pipeline mode:   SEARCH
# Query file:      /home/simonedassisi/velvet-1.2.10/busco_downloads/lineages/enterobacteriaceae_odb12/hmms/6883at543.hmm
# Target file:     results/BUSCO_output_velveth21/prodigal_output/predicted_genes/predicted.faa
# Option settings: hmmsearch --domtblout results/BUSCO_output_velveth21/run_enterobacteriaceae_odb12/hmmer_output/6883at543.out --cpu 1 /home/simonedassisi/velvet-1.2.10/busco_downloads/lineages/enterobacteriaceae_odb12/hmms/6883at543.hmm results/BUSCO_output_velveth21/prodigal_output/predicted_genes/predicted.faa 
# Current dir:     /home/simonedassisi/velvet-1.2.10
# Date:            Wed Apr  2 19:24:12 2025
# [ok]
