#                                                                                                          --- full sequence --- -------------- this domain -------------   hmm coord   ali coord   env coord
# target name                                      accession   tlen query name           accession   qlen   E-value  score  bias   #  of  c-Evalue  i-Evalue  score  bias  from    to  from    to  from    to  acc description of target
#                              ------------------- ---------- ----- -------------------- ---------- ----- --------- ------ ----- --- --- --------- --------- ------ ----- ----- ----- ----- ----- ----- ----- ---- ---------------------
NODE_2298_length_23791_cov_73.140472:8503-9237|+   -            245 6977                 -            244    2e-145  480.9  10.0   1   1  8.8e-148  2.2e-145  480.8  10.0     1   244     1   244     1   244 1.00 NODE_2298_length_23791_cov_73.140472_9 # 8503 # 9237 # 1 # ID=1152_9;partial=00;start_type=ATG;rbs_motif=GGAG/GAGG;rbs_spacer=5-10bp;gc_cont=0.514
NODE_170_length_74698_cov_75.748665:9659-10420|+   -            254 6977                 -            244   2.3e-55  186.0   0.4   1   1   1.1e-57   2.8e-55  185.7   0.4     2   241     7   250     6   252 0.93 NODE_170_length_74698_cov_75.748665_12 # 9659 # 10420 # 1 # ID=38_12;partial=00;start_type=ATG;rbs_motif=GGA/GAG/AGG;rbs_spacer=5-10bp;gc_cont=0.524
NODE_1792_length_20317_cov_75.392525:14112-14876|- -            255 6977                 -            244   5.7e-55  184.7   0.1   1   1   2.6e-57   6.6e-55  184.5   0.1     2   243     6   252     5   253 0.93 NODE_1792_length_20317_cov_75.392525_12 # 14112 # 14876 # -1 # ID=834_12;partial=00;start_type=ATG;rbs_motif=AGGA;rbs_spacer=5-10bp;gc_cont=0.502
NODE_215_length_65836_cov_69.504402:18760-19551|+  -            264 6977                 -            244   6.3e-55  184.6   0.0   1   1   3.1e-57   7.7e-55  184.3   0.0     3   241     4   253     2   256 0.89 NODE_215_length_65836_cov_69.504402_21 # 18760 # 19551 # 1 # ID=52_21;partial=00;start_type=ATG;rbs_motif=AGGAG;rbs_spacer=5-10bp;gc_cont=0.556
NODE_119_length_16890_cov_72.888870:3760-4545|+    -            262 6977                 -            244   2.5e-51  172.8   0.0   1   1   1.2e-53   2.9e-51  172.6   0.0     2   241    15   258    14   261 0.94 NODE_119_length_16890_cov_72.888870_3 # 3760 # 4545 # 1 # ID=24_3;partial=00;start_type=ATG;rbs_motif=GGAG/GAGG;rbs_spacer=5-10bp;gc_cont=0.455
NODE_1175_length_10478_cov_65.565277:1874-2635|+   -            254 6977                 -            244   6.4e-43  145.3   0.0   1   1   2.8e-45   7.2e-43  145.1   0.0     6   242     3   244     1   246 0.93 NODE_1175_length_10478_cov_65.565277_2 # 1874 # 2635 # 1 # ID=500_2;partial=00;start_type=ATG;rbs_motif=GGAG/GAGG;rbs_spacer=5-10bp;gc_cont=0.555
NODE_1550_length_27465_cov_72.496376:5937-6743|+   -            269 6977                 -            244   6.6e-43  145.2   0.8   1   1   6.6e-45   1.7e-42  143.9   0.8     2   240     6   264     5   267 0.84 NODE_1550_length_27465_cov_72.496376_7 # 5937 # 6743 # 1 # ID=699_7;partial=00;start_type=ATG;rbs_motif=AGGAG;rbs_spacer=5-10bp;gc_cont=0.513
NODE_1852_length_52597_cov_77.721466:46996-47739|- -            248 6977                 -            244   5.7e-41  138.9   2.5   1   1   2.5e-43   6.3e-41  138.7   2.5     7   240     3   246     1   247 0.87 NODE_1852_length_52597_cov_77.721466_39 # 46996 # 47739 # -1 # ID=868_39;partial=00;start_type=ATG;rbs_motif=GGA/GAG/AGG;rbs_spacer=5-10bp;gc_cont=0.547
NODE_434_length_79075_cov_70.223480:73175-73942|+  -            256 6977                 -            244   9.3e-41  138.2   0.6   1   1   4.5e-43   1.1e-40  137.9   0.6     2   240     8   249     7   252 0.93 NODE_434_length_79075_cov_70.223480_72 # 73175 # 73942 # 1 # ID=160_72;partial=00;start_type=GTG;rbs_motif=AGGAG;rbs_spacer=5-10bp;gc_cont=0.469
NODE_1082_length_35501_cov_69.030113:19208-19954|+ -            249 6977                 -            244   2.7e-39  133.4   0.3   1   1   1.9e-41   4.7e-39  132.6   0.3     1   241     1   244     1   247 0.89 NODE_1082_length_35501_cov_69.030113_17 # 19208 # 19954 # 1 # ID=452_17;partial=00;start_type=ATG;rbs_motif=GGAG/GAGG;rbs_spacer=5-10bp;gc_cont=0.577
NODE_1144_length_51838_cov_69.979935:6147-6893|-   -            249 6977                 -            244   2.2e-34  117.3   0.0   1   1   9.7e-37   2.4e-34  117.2   0.0     7   186     2   182     1   231 0.90 NODE_1144_length_51838_cov_69.979935_7 # 6147 # 6893 # -1 # ID=484_7;partial=00;start_type=ATG;rbs_motif=GGAG/GAGG;rbs_spacer=5-10bp;gc_cont=0.509
NODE_1446_length_27281_cov_79.962029:81-965|-      -            295 6977                 -            244     2e-31  107.6   0.0   1   1   9.1e-34   2.3e-31  107.4   0.0     3   241    47   291    45   294 0.87 NODE_1446_length_27281_cov_79.962029_2 # 81 # 965 # -1 # ID=638_2;partial=00;start_type=ATG;rbs_motif=GGAG/GAGG;rbs_spacer=5-10bp;gc_cont=0.545
NODE_2203_length_18352_cov_67.631538:15535-16314|- -            260 6977                 -            244   9.9e-31  105.3   0.1   1   1   6.1e-33   1.5e-30  104.7   0.1     5   243     2   258     1   259 0.84 NODE_2203_length_18352_cov_67.631538_15 # 15535 # 16314 # -1 # ID=1097_15;partial=00;start_type=ATG;rbs_motif=AGGAG;rbs_spacer=5-10bp;gc_cont=0.529
NODE_1815_length_42207_cov_77.160164:38963-39637|- -            225 6977                 -            244   6.9e-29   99.3   0.2   1   1   3.8e-30   9.5e-28   95.6   0.2     3   239     4   220     2   223 0.88 NODE_1815_length_42207_cov_77.160164_34 # 38963 # 39637 # -1 # ID=846_34;partial=00;start_type=ATG;rbs_motif=AGGAG;rbs_spacer=5-10bp;gc_cont=0.539
NODE_2132_length_53289_cov_67.616959:9715-10473|-  -            253 6977                 -            244   3.1e-26   90.6   0.0   1   1   1.5e-28   3.8e-26   90.3   0.0     3   191    10   204     9   238 0.88 NODE_2132_length_53289_cov_67.616959_10 # 9715 # 10473 # -1 # ID=1067_10;partial=00;start_type=ATG;rbs_motif=AGGAG;rbs_spacer=5-10bp;gc_cont=0.528
NODE_340_length_13576_cov_71.190559:6842-7633|+    -            264 6977                 -            244   1.4e-24   85.2   0.0   1   1   6.8e-27   1.7e-24   84.9   0.0     5   243     5   260     1   261 0.82 NODE_340_length_13576_cov_71.190559_8 # 6842 # 7633 # 1 # ID=103_8;partial=00;start_type=ATG;rbs_motif=GGA/GAG/AGG;rbs_spacer=5-10bp;gc_cont=0.535
NODE_625_length_50664_cov_72.003532:29884-30654|+  -            257 6977                 -            244   1.3e-19   69.0   0.0   1   1   5.9e-22   1.5e-19   68.7   0.0     5   199     2   194     1   221 0.92 NODE_625_length_50664_cov_72.003532_27 # 29884 # 30654 # 1 # ID=266_27;partial=00;start_type=ATG;rbs_motif=GGA/GAG/AGG;rbs_spacer=5-10bp;gc_cont=0.546
NODE_2132_length_53289_cov_67.616959:31619-32407|- -            263 6977                 -            244   9.3e-15   53.0   0.1   1   1   5.3e-17   1.3e-14   52.5   0.1     3   242     4   252     1   254 0.79 NODE_2132_length_53289_cov_67.616959_32 # 31619 # 32407 # -1 # ID=1067_32;partial=00;start_type=ATG;rbs_motif=AGGA;rbs_spacer=5-10bp;gc_cont=0.535
NODE_926_length_95421_cov_71.123581:53743-54555|-  -            271 6977                 -            244   1.6e-12   45.7   0.0   1   1   8.5e-15   2.1e-12   45.3   0.0     5   189     6   193     2   258 0.81 NODE_926_length_95421_cov_71.123581_47 # 53743 # 54555 # -1 # ID=386_47;partial=00;start_type=ATG;rbs_motif=GGAGG;rbs_spacer=5-10bp;gc_cont=0.563
NODE_1147_length_37024_cov_69.051132:10286-11008|- -            241 6977                 -            244   2.7e-08   31.9   0.0   1   1   1.5e-10   3.9e-08   31.4   0.0     8   241     9   237     5   240 0.84 NODE_1147_length_37024_cov_69.051132_10 # 10286 # 11008 # -1 # ID=485_10;partial=00;start_type=ATG;rbs_motif=AGGAG;rbs_spacer=5-10bp;gc_cont=0.513
NODE_1689_length_18974_cov_72.810692:668-1681|+    -            338 6977                 -            244    0.0091   13.8   0.1   1   1   5.2e-05     0.013   13.3   0.1     8    41     3    36     1    62 0.85 NODE_1689_length_18974_cov_72.810692_2 # 668 # 1681 # 1 # ID=775_2;partial=00;start_type=ATG;rbs_motif=GGA/GAG/AGG;rbs_spacer=5-10bp;gc_cont=0.544
#
# Program:         hmmsearch
# Version:         3.4 (Aug 2023)
# Pipeline mode:   SEARCH
# Query file:      /home/simonedassisi/velvet-1.2.10/busco_downloads/lineages/enterobacteriaceae_odb12/hmms/6977at543.hmm
# Target file:     results/BUSCO_output_velveth21/prodigal_output/predicted_genes/predicted.faa
# Option settings: hmmsearch --domtblout results/BUSCO_output_velveth21/run_enterobacteriaceae_odb12/hmmer_output/6977at543.out --cpu 1 /home/simonedassisi/velvet-1.2.10/busco_downloads/lineages/enterobacteriaceae_odb12/hmms/6977at543.hmm results/BUSCO_output_velveth21/prodigal_output/predicted_genes/predicted.faa 
# Current dir:     /home/simonedassisi/velvet-1.2.10
# Date:            Wed Apr  2 19:24:12 2025
# [ok]
