#                                                                                                           --- full sequence --- -------------- this domain -------------   hmm coord   ali coord   env coord
# target name                                       accession   tlen query name           accession   qlen   E-value  score  bias   #  of  c-Evalue  i-Evalue  score  bias  from    to  from    to  from    to  acc description of target
#                               ------------------- ---------- ----- -------------------- ---------- ----- --------- ------ ----- --- --- --------- --------- ------ ----- ----- ----- ----- ----- ----- ----- ---- ---------------------
NODE_596_length_15654_cov_72.501595:11497-12813|+   -            439 7160                 -            437  1.1e-261  866.2   0.0   1   1  2.2e-264  1.3e-261  866.1   0.0     1   437     1   438     1   438 0.99 NODE_596_length_15654_cov_72.501595_11 # 11497 # 12813 # 1 # ID=258_11;partial=00;start_type=ATG;rbs_motif=GGA/GAG/AGG;rbs_spacer=5-10bp;gc_cont=0.550
NODE_596_length_15654_cov_72.501595:9060-10418|+    -            453 7160                 -            437   7.1e-15   52.9   0.2   1   1   1.7e-17     1e-14   52.4   0.2   102   346    97   360    64   389 0.79 NODE_596_length_15654_cov_72.501595_9 # 9060 # 10418 # 1 # ID=258_9;partial=00;start_type=ATG;rbs_motif=GGxGG;rbs_spacer=5-10bp;gc_cont=0.552
NODE_596_length_15654_cov_72.501595:7576-9063|+     -            496 7160                 -            437   1.8e-12   45.0   1.1   1   1   7.4e-13   4.4e-10   37.1   1.1   107   347   111   388   101   395 0.74 NODE_596_length_15654_cov_72.501595_8 # 7576 # 9063 # 1 # ID=258_8;partial=00;start_type=GTG;rbs_motif=GGAG/GAGG;rbs_spacer=5-10bp;gc_cont=0.569
NODE_592_length_39318_cov_75.666641:3-965|+         -            321 7160                 -            437   8.4e-09   32.9   0.0   1   1     2e-11   1.2e-08   32.4   0.0   170   305    14   159     9   175 0.78 NODE_592_length_39318_cov_75.666641_1 # 3 # 965 # 1 # ID=257_1;partial=10;start_type=Edge;rbs_motif=None;rbs_spacer=None;gc_cont=0.546
NODE_1815_length_42207_cov_77.160164:21572-22945|+  -            458 7160                 -            437   7.9e-08   29.7   0.0   1   1   2.4e-10   1.4e-07   28.8   0.0    36   332    31   346     2   358 0.67 NODE_1815_length_42207_cov_77.160164_20 # 21572 # 22945 # 1 # ID=846_20;partial=00;start_type=ATG;rbs_motif=AGGA;rbs_spacer=5-10bp;gc_cont=0.552
NODE_596_length_15654_cov_72.501595:15175-15672|+   -            166 7160                 -            437   1.6e-07   28.7   0.1   1   1     3e-10   1.7e-07   28.6   0.1    61   133    74   147    17   160 0.80 NODE_596_length_15654_cov_72.501595_14 # 15175 # 15672 # 1 # ID=258_14;partial=01;start_type=ATG;rbs_motif=3Base/5BMM;rbs_spacer=13-15bp;gc_cont=0.542
NODE_679_length_36641_cov_70.533279:30037-31305|+   -            423 7160                 -            437   6.2e-06   23.4   0.0   1   2   0.00068       0.4    7.6   0.0   105   136    48    80    20    87 0.82 NODE_679_length_36641_cov_70.533279_30 # 30037 # 31305 # 1 # ID=288_30;partial=00;start_type=ATG;rbs_motif=GGA/GAG/AGG;rbs_spacer=3-4bp;gc_cont=0.558
NODE_679_length_36641_cov_70.533279:30037-31305|+   -            423 7160                 -            437   6.2e-06   23.4   0.0   2   2   9.6e-06    0.0057   13.7   0.0   142   310   129   297   120   315 0.85 NODE_679_length_36641_cov_70.533279_30 # 30037 # 31305 # 1 # ID=288_30;partial=00;start_type=ATG;rbs_motif=GGA/GAG/AGG;rbs_spacer=3-4bp;gc_cont=0.558
NODE_2145_length_112275_cov_77.552353:41856-43274|- -            473 7160                 -            437   0.00055   17.0   0.2   1   2   3.1e-05     0.018   12.0   0.1     5    38   145   178   142   189 0.88 NODE_2145_length_112275_cov_77.552353_40 # 41856 # 43274 # -1 # ID=1072_40;partial=00;start_type=ATG;rbs_motif=GGA/GAG/AGG;rbs_spacer=5-10bp;gc_cont=0.558
NODE_2145_length_112275_cov_77.552353:41856-43274|- -            473 7160                 -            437   0.00055   17.0   0.2   2   2     0.019        11    2.9   0.0     4    29   285   310   282   329 0.86 NODE_2145_length_112275_cov_77.552353_40 # 41856 # 43274 # -1 # ID=1072_40;partial=00;start_type=ATG;rbs_motif=GGA/GAG/AGG;rbs_spacer=5-10bp;gc_cont=0.558
NODE_1893_length_14543_cov_71.521904:4483-6462|+    -            660 7160                 -            437     0.012   12.6   0.1   1   2   0.00016     0.096    9.6   0.1     6    38   327   359   323   369 0.88 NODE_1893_length_14543_cov_71.521904_3 # 4483 # 6462 # 1 # ID=898_3;partial=00;start_type=ATG;rbs_motif=AGxAGG/AGGxGG;rbs_spacer=5-10bp;gc_cont=0.555
NODE_1893_length_14543_cov_71.521904:4483-6462|+    -            660 7160                 -            437     0.012   12.6   0.1   2   2      0.12        69    0.2   0.0     6    31   468   493   464   516 0.80 NODE_1893_length_14543_cov_71.521904_3 # 4483 # 6462 # 1 # ID=898_3;partial=00;start_type=ATG;rbs_motif=AGxAGG/AGGxGG;rbs_spacer=5-10bp;gc_cont=0.555
#
# Program:         hmmsearch
# Version:         3.4 (Aug 2023)
# Pipeline mode:   SEARCH
# Query file:      /home/simonedassisi/velvet-1.2.10/busco_downloads/lineages/enterobacteriaceae_odb12/hmms/7160at543.hmm
# Target file:     results/BUSCO_output_velveth21/prodigal_output/predicted_genes/predicted.faa
# Option settings: hmmsearch --domtblout results/BUSCO_output_velveth21/run_enterobacteriaceae_odb12/hmmer_output/7160at543.out --cpu 1 /home/simonedassisi/velvet-1.2.10/busco_downloads/lineages/enterobacteriaceae_odb12/hmms/7160at543.hmm results/BUSCO_output_velveth21/prodigal_output/predicted_genes/predicted.faa 
# Current dir:     /home/simonedassisi/velvet-1.2.10
# Date:            Wed Apr  2 19:24:13 2025
# [ok]
