#                                                                                                          --- full sequence --- -------------- this domain -------------   hmm coord   ali coord   env coord
# target name                                      accession   tlen query name           accession   qlen   E-value  score  bias   #  of  c-Evalue  i-Evalue  score  bias  from    to  from    to  from    to  acc description of target
#                              ------------------- ---------- ----- -------------------- ---------- ----- --------- ------ ----- --- --- --------- --------- ------ ----- ----- ----- ----- ----- ----- ----- ---- ---------------------
NODE_592_length_39318_cov_75.666641:24304-25956|+  -            551 7379                 -            497  8.9e-271  896.8  25.2   1   4   2.9e-15   1.7e-12   44.8   1.7     1    36     1    36     1    40 0.95 NODE_592_length_39318_cov_75.666641_23 # 24304 # 25956 # 1 # ID=257_23;partial=00;start_type=ATG;rbs_motif=GGAG/GAGG;rbs_spacer=5-10bp;gc_cont=0.546
NODE_592_length_39318_cov_75.666641:24304-25956|+  -            551 7379                 -            497  8.9e-271  896.8  25.2   2   4   3.5e-32     2e-29  100.7   2.4    19    93    40   114    37   119 0.96 NODE_592_length_39318_cov_75.666641_23 # 24304 # 25956 # 1 # ID=257_23;partial=00;start_type=ATG;rbs_motif=GGAG/GAGG;rbs_spacer=5-10bp;gc_cont=0.546
NODE_592_length_39318_cov_75.666641:24304-25956|+  -            551 7379                 -            497  8.9e-271  896.8  25.2   3   4   1.2e-44   7.1e-42  141.8   4.8     2    89   126   213   125   217 0.96 NODE_592_length_39318_cov_75.666641_23 # 24304 # 25956 # 1 # ID=257_23;partial=00;start_type=ATG;rbs_motif=GGAG/GAGG;rbs_spacer=5-10bp;gc_cont=0.546
NODE_592_length_39318_cov_75.666641:24304-25956|+  -            551 7379                 -            497  8.9e-271  896.8  25.2   4   4  4.4e-190  2.6e-187  621.5   0.0   170   497   221   550   211   550 0.96 NODE_592_length_39318_cov_75.666641_23 # 24304 # 25956 # 1 # ID=257_23;partial=00;start_type=ATG;rbs_motif=GGAG/GAGG;rbs_spacer=5-10bp;gc_cont=0.546
NODE_1132_length_12179_cov_76.099594:8170-9387|+   -            406 7379                 -            497    1e-129  431.5   0.0   1   1    2e-132  1.2e-129  431.3   0.0    90   497     2   403     1   403 0.92 NODE_1132_length_12179_cov_76.099594_8 # 8170 # 9387 # 1 # ID=480_8;partial=00;start_type=ATG;rbs_motif=AGGA;rbs_spacer=5-10bp;gc_cont=0.558
NODE_576_length_250_cov_64.975998:1-270|+          -             90 7379                 -            497   5.8e-32  109.0   3.7   1   1   5.4e-34   3.1e-31  106.6   3.7    31   108     1    90     1    90 0.80 NODE_576_length_250_cov_64.975998_1 # 1 # 270 # 1 # ID=252_1;partial=11;start_type=Edge;rbs_motif=None;rbs_spacer=None;gc_cont=0.574
NODE_1709_length_68036_cov_72.575531:38853-39968|- -            372 7379                 -            497   4.9e-06   23.5   4.8   1   1   3.4e-08     2e-05   21.5   4.3   132   271    61   197    47   223 0.72 NODE_1709_length_68036_cov_72.575531_35 # 38853 # 39968 # -1 # ID=785_35;partial=00;start_type=ATG;rbs_motif=4Base/6BMM;rbs_spacer=13-15bp;gc_cont=0.532
NODE_2145_length_112275_cov_77.552353:3875-4345|-  -            157 7379                 -            497   1.3e-05   22.1   0.5   1   1   3.3e-08   1.9e-05   21.6   0.5   110   163   102   155    97   156 0.89 NODE_2145_length_112275_cov_77.552353_5 # 3875 # 4345 # -1 # ID=1072_5;partial=00;start_type=ATG;rbs_motif=GGA/GAG/AGG;rbs_spacer=5-10bp;gc_cont=0.518
NODE_190_length_21144_cov_76.620888:11348-12511|+  -            388 7379                 -            497    0.0031   14.3   4.1   1   2   0.00023      0.14    8.9   1.7   127   256    53   178    33   209 0.71 NODE_190_length_21144_cov_76.620888_8 # 11348 # 12511 # 1 # ID=47_8;partial=00;start_type=GTG;rbs_motif=GGA/GAG/AGG;rbs_spacer=5-10bp;gc_cont=0.418
NODE_190_length_21144_cov_76.620888:11348-12511|+  -            388 7379                 -            497    0.0031   14.3   4.1   2   2    0.0019       1.1    5.8   0.0    45    95   210   260   205   272 0.69 NODE_190_length_21144_cov_76.620888_8 # 11348 # 12511 # 1 # ID=47_8;partial=00;start_type=GTG;rbs_motif=GGA/GAG/AGG;rbs_spacer=5-10bp;gc_cont=0.418
NODE_434_length_79075_cov_70.223480:49478-50335|-  -            286 7379                 -            497    0.0032   14.3   0.0   1   2    0.0031       1.8    5.2   0.1   134   194    46   105    39   113 0.74 NODE_434_length_79075_cov_70.223480_46 # 49478 # 50335 # -1 # ID=160_46;partial=00;start_type=ATG;rbs_motif=None;rbs_spacer=None;gc_cont=0.502
NODE_434_length_79075_cov_70.223480:49478-50335|-  -            286 7379                 -            497    0.0032   14.3   0.0   2   2    0.0011      0.67    6.6   0.0    28    71   135   179   114   190 0.55 NODE_434_length_79075_cov_70.223480_46 # 49478 # 50335 # -1 # ID=160_46;partial=00;start_type=ATG;rbs_motif=None;rbs_spacer=None;gc_cont=0.502
NODE_2154_length_30944_cov_68.453339:24724-25896|+ -            391 7379                 -            497    0.0064   13.3   1.2   1   1   2.2e-05     0.013   12.2   0.8   132   249    61   178    56   200 0.84 NODE_2154_length_30944_cov_68.453339_28 # 24724 # 25896 # 1 # ID=1078_28;partial=00;start_type=ATG;rbs_motif=GGAG/GAGG;rbs_spacer=5-10bp;gc_cont=0.531
NODE_1420_length_27396_cov_73.038727:4638-5705|-   -            356 7379                 -            497     0.035   10.8   1.5   1   1   7.6e-05     0.044   10.5   1.5   132   190    47   106    42   201 0.67 NODE_1420_length_27396_cov_73.038727_4 # 4638 # 5705 # -1 # ID=628_4;partial=00;start_type=ATG;rbs_motif=GGxGG;rbs_spacer=5-10bp;gc_cont=0.582
#
# Program:         hmmsearch
# Version:         3.4 (Aug 2023)
# Pipeline mode:   SEARCH
# Query file:      /home/simonedassisi/velvet-1.2.10/busco_downloads/lineages/enterobacteriaceae_odb12/hmms/7379at543.hmm
# Target file:     results/BUSCO_output_velveth21/prodigal_output/predicted_genes/predicted.faa
# Option settings: hmmsearch --domtblout results/BUSCO_output_velveth21/run_enterobacteriaceae_odb12/hmmer_output/7379at543.out --cpu 1 /home/simonedassisi/velvet-1.2.10/busco_downloads/lineages/enterobacteriaceae_odb12/hmms/7379at543.hmm results/BUSCO_output_velveth21/prodigal_output/predicted_genes/predicted.faa 
# Current dir:     /home/simonedassisi/velvet-1.2.10
# Date:            Wed Apr  2 19:24:13 2025
# [ok]
