#                                                                                                          --- full sequence --- -------------- this domain -------------   hmm coord   ali coord   env coord
# target name                                      accession   tlen query name           accession   qlen   E-value  score  bias   #  of  c-Evalue  i-Evalue  score  bias  from    to  from    to  from    to  acc description of target
#                              ------------------- ---------- ----- -------------------- ---------- ----- --------- ------ ----- --- --- --------- --------- ------ ----- ----- ----- ----- ----- ----- ----- ---- ---------------------
NODE_215_length_65836_cov_69.504402:20738-21571|+  -            278 7407                 -            277  3.4e-180  595.6  16.9   1   1  1.3e-182  3.8e-180  595.5  16.9     1   277     1   277     1   277 1.00 NODE_215_length_65836_cov_69.504402_23 # 20738 # 21571 # 1 # ID=52_23;partial=00;start_type=ATG;rbs_motif=GGxGG;rbs_spacer=5-10bp;gc_cont=0.565
NODE_215_length_65836_cov_69.504402:21571-22446|+  -            292 7407                 -            277     7e-51  171.5  11.1   1   1     3e-53   8.8e-51  171.1  11.1    16   270    22   276    11   282 0.91 NODE_215_length_65836_cov_69.504402_24 # 21571 # 22446 # 1 # ID=52_24;partial=00;start_type=ATG;rbs_motif=GGA/GAG/AGG;rbs_spacer=5-10bp;gc_cont=0.564
NODE_1113_length_19431_cov_68.618652:3624-4313|-   -            230 7407                 -            277   9.1e-38  128.5   7.3   1   1   3.8e-40   1.1e-37  128.2   7.3    62   256    13   211     2   228 0.84 NODE_1113_length_19431_cov_68.618652_5 # 3624 # 4313 # -1 # ID=473_5;partial=00;start_type=ATG;rbs_motif=3Base/5BMM;rbs_spacer=13-15bp;gc_cont=0.538
NODE_614_length_35137_cov_72.104843:23891-25501|-  -            537 7407                 -            277   1.5e-17   62.1  28.4   1   2   3.1e-14   9.2e-12   43.2  12.2     9   258     8   255     1   269 0.81 NODE_614_length_35137_cov_72.104843_20 # 23891 # 25501 # -1 # ID=265_20;partial=00;start_type=ATG;rbs_motif=GGA/GAG/AGG;rbs_spacer=5-10bp;gc_cont=0.580
NODE_614_length_35137_cov_72.104843:23891-25501|-  -            537 7407                 -            277   1.5e-17   62.1  28.4   2   2   1.1e-08   3.4e-06   24.9   8.2    20   263   293   524   286   534 0.80 NODE_614_length_35137_cov_72.104843_20 # 23891 # 25501 # -1 # ID=265_20;partial=00;start_type=ATG;rbs_motif=GGA/GAG/AGG;rbs_spacer=5-10bp;gc_cont=0.580
NODE_739_length_21936_cov_71.932304:11203-11997|-  -            265 7407                 -            277   5.7e-15   53.7  10.2   1   1   1.8e-16   5.3e-14   50.5  10.1    53   221    58   214    44   251 0.85 NODE_739_length_21936_cov_71.932304_12 # 11203 # 11997 # -1 # ID=309_12;partial=00;start_type=ATG;rbs_motif=GGAG/GAGG;rbs_spacer=5-10bp;gc_cont=0.546
NODE_2513_length_11127_cov_68.835533:8014-8871|+   -            286 7407                 -            277   5.8e-15   53.7   9.8   1   1   2.3e-17   6.8e-15   53.4   9.8    63   261    68   271    14   281 0.88 NODE_2513_length_11127_cov_68.835533_8 # 8014 # 8871 # 1 # ID=1309_8;partial=00;start_type=ATG;rbs_motif=AGGAG/GGAGG;rbs_spacer=11-12bp;gc_cont=0.507
NODE_2513_length_11127_cov_68.835533:8868-9662|+   -            265 7407                 -            277   3.6e-14   51.0  17.7   1   1   8.1e-16   2.4e-13   48.4  17.7    21   263    17   248     3   257 0.83 NODE_2513_length_11127_cov_68.835533_9 # 8868 # 9662 # 1 # ID=1309_9;partial=00;start_type=ATG;rbs_motif=AGxAGG/AGGxGG;rbs_spacer=5-10bp;gc_cont=0.498
NODE_1689_length_18974_cov_72.810692:9467-10312|-  -            282 7407                 -            277   4.3e-14   50.8  17.6   1   1     2e-16   5.9e-14   50.4  17.6    17   268    18   265    11   273 0.84 NODE_1689_length_18974_cov_72.810692_13 # 9467 # 10312 # -1 # ID=775_13;partial=00;start_type=ATG;rbs_motif=GGAG/GAGG;rbs_spacer=5-10bp;gc_cont=0.540
NODE_1689_length_18974_cov_72.810692:10309-11262|- -            318 7407                 -            277   1.2e-11   42.8   6.4   1   2       2.1   6.2e+02   -2.2   0.2    20    43    36    60    22    71 0.58 NODE_1689_length_18974_cov_72.810692_14 # 10309 # 11262 # -1 # ID=775_14;partial=00;start_type=ATG;rbs_motif=AGGAG;rbs_spacer=5-10bp;gc_cont=0.504
NODE_1689_length_18974_cov_72.810692:10309-11262|- -            318 7407                 -            277   1.2e-11   42.8   6.4   2   2   3.9e-14   1.2e-11   42.8   6.4    43   263    82   305    74   316 0.83 NODE_1689_length_18974_cov_72.810692_14 # 10309 # 11262 # -1 # ID=775_14;partial=00;start_type=ATG;rbs_motif=AGGAG;rbs_spacer=5-10bp;gc_cont=0.504
NODE_1008_length_19602_cov_73.790375:7960-8850|+   -            297 7407                 -            277     1e-08   33.2   9.5   1   2       5.5   1.6e+03   -3.6   0.6    21    37    13    29     9    42 0.62 NODE_1008_length_19602_cov_73.790375_10 # 7960 # 8850 # 1 # ID=428_10;partial=00;start_type=ATG;rbs_motif=GGAG/GAGG;rbs_spacer=5-10bp;gc_cont=0.553
NODE_1008_length_19602_cov_73.790375:7960-8850|+   -            297 7407                 -            277     1e-08   33.2   9.5   2   2   3.4e-11     1e-08   33.2   9.5    68   255    93   276    85   290 0.75 NODE_1008_length_19602_cov_73.790375_10 # 7960 # 8850 # 1 # ID=428_10;partial=00;start_type=ATG;rbs_motif=GGAG/GAGG;rbs_spacer=5-10bp;gc_cont=0.553
NODE_998_length_24344_cov_83.117935:2487-3446|+    -            320 7407                 -            277   6.5e-08   30.5   9.8   1   1   3.2e-10   9.5e-08   30.0   9.3   141   231   171   260    20   306 0.82 NODE_998_length_24344_cov_83.117935_3 # 2487 # 3446 # 1 # ID=423_3;partial=00;start_type=ATG;rbs_motif=GGA/GAG/AGG;rbs_spacer=5-10bp;gc_cont=0.547
NODE_739_length_21936_cov_71.932304:11987-12928|-  -            314 7407                 -            277   6.6e-08   30.5  12.8   1   2   3.4e-10     1e-07   29.9   9.4    63   213    90   257    75   277 0.77 NODE_739_length_21936_cov_71.932304_13 # 11987 # 12928 # -1 # ID=309_13;partial=00;start_type=ATG;rbs_motif=AGGAG;rbs_spacer=5-10bp;gc_cont=0.531
NODE_739_length_21936_cov_71.932304:11987-12928|-  -            314 7407                 -            277   6.6e-08   30.5  12.8   2   2       3.3   9.6e+02   -2.8   0.1   150   212   290   310   281   312 0.55 NODE_739_length_21936_cov_71.932304_13 # 11987 # 12928 # -1 # ID=309_13;partial=00;start_type=ATG;rbs_motif=AGGAG;rbs_spacer=5-10bp;gc_cont=0.531
NODE_998_length_24344_cov_83.117935:3446-4336|+    -            297 7407                 -            277   1.5e-06   26.1  10.0   1   1     1e-08     3e-06   25.1  10.0   129   244   143   258    19   291 0.78 NODE_998_length_24344_cov_83.117935_4 # 3446 # 4336 # 1 # ID=423_4;partial=00;start_type=ATG;rbs_motif=GGAG/GAGG;rbs_spacer=5-10bp;gc_cont=0.570
NODE_1195_length_3037_cov_75.569313:1464-2117|-    -            218 7407                 -            277   7.6e-06   23.8   3.9   1   2      0.18        54    1.3   0.3    54    85    44    76    35    85 0.76 NODE_1195_length_3037_cov_75.569313_4 # 1464 # 2117 # -1 # ID=513_4;partial=00;start_type=ATG;rbs_motif=GGAG/GAGG;rbs_spacer=5-10bp;gc_cont=0.523
NODE_1195_length_3037_cov_75.569313:1464-2117|-    -            218 7407                 -            277   7.6e-06   23.8   3.9   2   2   2.6e-08   7.6e-06   23.8   3.9   139   209    85   158    71   212 0.81 NODE_1195_length_3037_cov_75.569313_4 # 1464 # 2117 # -1 # ID=513_4;partial=00;start_type=ATG;rbs_motif=GGAG/GAGG;rbs_spacer=5-10bp;gc_cont=0.523
NODE_1008_length_19602_cov_73.790375:6401-7945|+   -            515 7407                 -            277   0.00012   19.8   6.4   1   1   7.9e-07   0.00023   18.9   6.4    44   212   261   441   256   450 0.74 NODE_1008_length_19602_cov_73.790375_9 # 6401 # 7945 # 1 # ID=428_9;partial=00;start_type=ATG;rbs_motif=GGAG/GAGG;rbs_spacer=5-10bp;gc_cont=0.529
NODE_346_length_26317_cov_69.933388:23422-24264|-  -            281 7407                 -            277   0.00014   19.7  10.9   1   1   2.7e-06   0.00079   17.1  10.9    43   220    55   223     2   266 0.79 NODE_346_length_26317_cov_69.933388_23 # 23422 # 24264 # -1 # ID=105_23;partial=00;start_type=ATG;rbs_motif=4Base/6BMM;rbs_spacer=13-15bp;gc_cont=0.530
NODE_346_length_26317_cov_69.933388:24251-25132|-  -            294 7407                 -            277     0.026   12.2  11.5   1   1   0.00049      0.14    9.7  11.5   149   253   172   272    41   289 0.60 NODE_346_length_26317_cov_69.933388_24 # 24251 # 25132 # -1 # ID=105_24;partial=00;start_type=ATG;rbs_motif=AGGA;rbs_spacer=5-10bp;gc_cont=0.542
NODE_1390_length_8035_cov_74.051399:3606-4508|-    -            301 7407                 -            277     0.077   10.6  10.2   1   1    0.0074       2.2    5.9  10.2   143   218   164   240    90   245 0.91 NODE_1390_length_8035_cov_74.051399_4 # 3606 # 4508 # -1 # ID=612_4;partial=00;start_type=ATG;rbs_motif=GGA/GAG/AGG;rbs_spacer=5-10bp;gc_cont=0.590
#
# Program:         hmmsearch
# Version:         3.4 (Aug 2023)
# Pipeline mode:   SEARCH
# Query file:      /home/simonedassisi/velvet-1.2.10/busco_downloads/lineages/enterobacteriaceae_odb12/hmms/7407at543.hmm
# Target file:     results/BUSCO_output_velveth21/prodigal_output/predicted_genes/predicted.faa
# Option settings: hmmsearch --domtblout results/BUSCO_output_velveth21/run_enterobacteriaceae_odb12/hmmer_output/7407at543.out --cpu 1 /home/simonedassisi/velvet-1.2.10/busco_downloads/lineages/enterobacteriaceae_odb12/hmms/7407at543.hmm results/BUSCO_output_velveth21/prodigal_output/predicted_genes/predicted.faa 
# Current dir:     /home/simonedassisi/velvet-1.2.10
# Date:            Wed Apr  2 19:24:13 2025
# [ok]
