#                                                                                                          --- full sequence --- -------------- this domain -------------   hmm coord   ali coord   env coord
# target name                                      accession   tlen query name           accession   qlen   E-value  score  bias   #  of  c-Evalue  i-Evalue  score  bias  from    to  from    to  from    to  acc description of target
#                              ------------------- ---------- ----- -------------------- ---------- ----- --------- ------ ----- --- --- --------- --------- ------ ----- ----- ----- ----- ----- ----- ----- ---- ---------------------
NODE_2132_length_53289_cov_67.616959:31619-32407|- -            263 820                  -            261  9.1e-167  550.8   0.6   1   1  2.9e-169    1e-166  550.7   0.6     1   261     1   261     1   261 1.00 NODE_2132_length_53289_cov_67.616959_32 # 31619 # 32407 # -1 # ID=1067_32;partial=00;start_type=ATG;rbs_motif=AGGA;rbs_spacer=5-10bp;gc_cont=0.535
NODE_434_length_79075_cov_70.223480:73175-73942|+  -            256 820                  -            261   4.2e-18   63.6   0.9   1   1   3.7e-20   1.3e-17   61.9   0.9     6   250    11   249     7   253 0.77 NODE_434_length_79075_cov_70.223480_72 # 73175 # 73942 # 1 # ID=160_72;partial=00;start_type=GTG;rbs_motif=AGGAG;rbs_spacer=5-10bp;gc_cont=0.469
NODE_1446_length_27281_cov_79.962029:81-965|-      -            295 820                  -            261   4.8e-16   56.8   0.0   1   1   1.7e-18   6.1e-16   56.5   0.0     4   250    47   290    44   293 0.88 NODE_1446_length_27281_cov_79.962029_2 # 81 # 965 # -1 # ID=638_2;partial=00;start_type=ATG;rbs_motif=GGAG/GAGG;rbs_spacer=5-10bp;gc_cont=0.545
NODE_215_length_65836_cov_69.504402:18760-19551|+  -            264 820                  -            261   8.3e-15   52.7   0.0   1   1   3.4e-17   1.2e-14   52.2   0.0     1   252     1   254     1   261 0.87 NODE_215_length_65836_cov_69.504402_21 # 18760 # 19551 # 1 # ID=52_21;partial=00;start_type=ATG;rbs_motif=AGGAG;rbs_spacer=5-10bp;gc_cont=0.556
NODE_2298_length_23791_cov_73.140472:8503-9237|+   -            245 820                  -            261   2.9e-11   41.1   3.0   1   1   1.2e-13   4.2e-11   40.6   3.0     5   252     4   242     1   244 0.78 NODE_2298_length_23791_cov_73.140472_9 # 8503 # 9237 # 1 # ID=1152_9;partial=00;start_type=ATG;rbs_motif=GGAG/GAGG;rbs_spacer=5-10bp;gc_cont=0.514
NODE_1792_length_20317_cov_75.392525:14112-14876|- -            255 820                  -            261   3.9e-10   37.4   0.1   1   1   3.4e-12   1.2e-09   35.8   0.1     4   254     7   253     4   254 0.83 NODE_1792_length_20317_cov_75.392525_12 # 14112 # 14876 # -1 # ID=834_12;partial=00;start_type=ATG;rbs_motif=AGGA;rbs_spacer=5-10bp;gc_cont=0.502
NODE_1175_length_10478_cov_65.565277:1874-2635|+   -            254 820                  -            261   6.1e-09   33.5   0.0   1   1   3.2e-11   1.1e-08   32.7   0.0   128   255   120   247   102   251 0.88 NODE_1175_length_10478_cov_65.565277_2 # 1874 # 2635 # 1 # ID=500_2;partial=00;start_type=ATG;rbs_motif=GGAG/GAGG;rbs_spacer=5-10bp;gc_cont=0.555
NODE_1852_length_52597_cov_77.721466:46996-47739|- -            248 820                  -            261   1.5e-08   32.3   0.6   1   1   5.7e-11     2e-08   31.8   0.6    18   250    11   246     3   247 0.78 NODE_1852_length_52597_cov_77.721466_39 # 46996 # 47739 # -1 # ID=868_39;partial=00;start_type=ATG;rbs_motif=GGA/GAG/AGG;rbs_spacer=5-10bp;gc_cont=0.547
NODE_1815_length_42207_cov_77.160164:38963-39637|- -            225 820                  -            261   2.4e-08   31.6   0.1   1   2    0.0012      0.41    7.9   0.0     1    72     1    68     1    75 0.83 NODE_1815_length_42207_cov_77.160164_34 # 38963 # 39637 # -1 # ID=846_34;partial=00;start_type=ATG;rbs_motif=AGGAG;rbs_spacer=5-10bp;gc_cont=0.539
NODE_1815_length_42207_cov_77.160164:38963-39637|- -            225 820                  -            261   2.4e-08   31.6   0.1   2   2   6.1e-08   2.1e-05   21.9   0.0   170   251   144   222   135   224 0.93 NODE_1815_length_42207_cov_77.160164_34 # 38963 # 39637 # -1 # ID=846_34;partial=00;start_type=ATG;rbs_motif=AGGAG;rbs_spacer=5-10bp;gc_cont=0.539
NODE_119_length_16890_cov_72.888870:3760-4545|+    -            262 820                  -            261   9.2e-06   23.1   0.0   1   1     7e-08   2.5e-05   21.7   0.0   144   252   155   259    11   261 0.71 NODE_119_length_16890_cov_72.888870_3 # 3760 # 4545 # 1 # ID=24_3;partial=00;start_type=ATG;rbs_motif=GGAG/GAGG;rbs_spacer=5-10bp;gc_cont=0.455
NODE_1082_length_35501_cov_69.030113:19208-19954|+ -            249 820                  -            261   1.1e-05   22.9   0.1   1   1   1.5e-07   5.4e-05   20.6   0.1   138   252   123   245     1   248 0.83 NODE_1082_length_35501_cov_69.030113_17 # 19208 # 19954 # 1 # ID=452_17;partial=00;start_type=ATG;rbs_motif=GGAG/GAGG;rbs_spacer=5-10bp;gc_cont=0.577
NODE_170_length_74698_cov_75.748665:9659-10420|+   -            254 820                  -            261   7.7e-05   20.1   0.1   1   1   3.7e-07   0.00013   19.3   0.1   155   251   157   250   112   252 0.87 NODE_170_length_74698_cov_75.748665_12 # 9659 # 10420 # 1 # ID=38_12;partial=00;start_type=ATG;rbs_motif=GGA/GAG/AGG;rbs_spacer=5-10bp;gc_cont=0.524
NODE_1550_length_27465_cov_72.496376:5937-6743|+   -            269 820                  -            261    0.0006   17.2   0.3   1   1   6.2e-06    0.0022   15.3   0.3    61   249    57   263     6   266 0.67 NODE_1550_length_27465_cov_72.496376_7 # 5937 # 6743 # 1 # ID=699_7;partial=00;start_type=ATG;rbs_motif=AGGAG;rbs_spacer=5-10bp;gc_cont=0.513
NODE_1144_length_51838_cov_69.979935:6147-6893|-   -            249 820                  -            261      0.01   13.2   0.0   1   1   3.4e-05     0.012   12.9   0.0    43    97    32    87     4   233 0.74 NODE_1144_length_51838_cov_69.979935_7 # 6147 # 6893 # -1 # ID=484_7;partial=00;start_type=ATG;rbs_motif=GGAG/GAGG;rbs_spacer=5-10bp;gc_cont=0.509
NODE_340_length_13576_cov_71.190559:6842-7633|+    -            264 820                  -            261     0.029   11.6   0.0   1   1    0.0001     0.036   11.3   0.0    40   195    42   203     5   260 0.73 NODE_340_length_13576_cov_71.190559_8 # 6842 # 7633 # 1 # ID=103_8;partial=00;start_type=ATG;rbs_motif=GGA/GAG/AGG;rbs_spacer=5-10bp;gc_cont=0.535
#
# Program:         hmmsearch
# Version:         3.4 (Aug 2023)
# Pipeline mode:   SEARCH
# Query file:      /home/simonedassisi/velvet-1.2.10/busco_downloads/lineages/enterobacteriaceae_odb12/hmms/820at543.hmm
# Target file:     results/BUSCO_output_velveth21/prodigal_output/predicted_genes/predicted.faa
# Option settings: hmmsearch --domtblout results/BUSCO_output_velveth21/run_enterobacteriaceae_odb12/hmmer_output/820at543.out --cpu 1 /home/simonedassisi/velvet-1.2.10/busco_downloads/lineages/enterobacteriaceae_odb12/hmms/820at543.hmm results/BUSCO_output_velveth21/prodigal_output/predicted_genes/predicted.faa 
# Current dir:     /home/simonedassisi/velvet-1.2.10
# Date:            Wed Apr  2 19:24:14 2025
# [ok]
