#                                                                                                          --- full sequence --- -------------- this domain -------------   hmm coord   ali coord   env coord
# target name                                      accession   tlen query name           accession   qlen   E-value  score  bias   #  of  c-Evalue  i-Evalue  score  bias  from    to  from    to  from    to  acc description of target
#                              ------------------- ---------- ----- -------------------- ---------- ----- --------- ------ ----- --- --- --------- --------- ------ ----- ----- ----- ----- ----- ----- ----- ---- ---------------------
NODE_2305_length_33814_cov_83.113121:15829-17718|+ -            630 8261                 -            628         0 1342.2   0.0   1   1         0         0 1342.0   0.0     1   628     1   629     1   629 1.00 NODE_2305_length_33814_cov_83.113121_15 # 15829 # 17718 # 1 # ID=1155_15;partial=00;start_type=ATG;rbs_motif=GGAG/GAGG;rbs_spacer=5-10bp;gc_cont=0.544
NODE_1082_length_35501_cov_69.030113:30304-31899|+ -            532 8261                 -            628   0.00022   18.0   0.4   1   2   8.6e-06    0.0076   12.9   0.0     4    36   220   252   217   262 0.90 NODE_1082_length_35501_cov_69.030113_28 # 30304 # 31899 # 1 # ID=452_28;partial=00;start_type=ATG;rbs_motif=GGAG/GAGG;rbs_spacer=5-10bp;gc_cont=0.527
NODE_1082_length_35501_cov_69.030113:30304-31899|+ -            532 8261                 -            628   0.00022   18.0   0.4   2   2    0.0079         7    3.1   0.1     9    35   368   394   363   400 0.82 NODE_1082_length_35501_cov_69.030113_28 # 30304 # 31899 # 1 # ID=452_28;partial=00;start_type=ATG;rbs_motif=GGAG/GAGG;rbs_spacer=5-10bp;gc_cont=0.527
NODE_625_length_50664_cov_72.003532:14700-15986|+  -            429 8261                 -            628    0.0034   14.1   1.9   1   2   1.3e-05     0.011   12.4   0.2     4    36     3    35     1    43 0.91 NODE_625_length_50664_cov_72.003532_13 # 14700 # 15986 # 1 # ID=266_13;partial=00;start_type=ATG;rbs_motif=GGAG/GAGG;rbs_spacer=5-10bp;gc_cont=0.551
NODE_625_length_50664_cov_72.003532:14700-15986|+  -            429 8261                 -            628    0.0034   14.1   1.9   2   2     0.037        33    0.9   0.1   118   157   124   162   104   177 0.79 NODE_625_length_50664_cov_72.003532_13 # 14700 # 15986 # 1 # ID=266_13;partial=00;start_type=ATG;rbs_motif=GGAG/GAGG;rbs_spacer=5-10bp;gc_cont=0.551
NODE_119_length_16890_cov_72.888870:10105-11376|-  -            424 8261                 -            628    0.0048   13.6   0.1   1   2   1.2e-05     0.011   12.4   0.0     4    36     2    34     1    41 0.91 NODE_119_length_16890_cov_72.888870_10 # 10105 # 11376 # -1 # ID=24_10;partial=00;start_type=ATG;rbs_motif=3Base/5BMM;rbs_spacer=13-15bp;gc_cont=0.557
NODE_119_length_16890_cov_72.888870:10105-11376|-  -            424 8261                 -            628    0.0048   13.6   0.1   2   2       0.5   4.4e+02   -2.8   0.0   123   156   123   155   113   157 0.85 NODE_119_length_16890_cov_72.888870_10 # 10105 # 11376 # -1 # ID=24_10;partial=00;start_type=ATG;rbs_motif=3Base/5BMM;rbs_spacer=13-15bp;gc_cont=0.557
NODE_2492_length_5591_cov_71.840454:2503-3792|+    -            430 8261                 -            628    0.0066   13.1   0.1   1   1   1.1e-05    0.0096   12.6   0.1     4    36     3    35     1    60 0.90 NODE_2492_length_5591_cov_71.840454_4 # 2503 # 3792 # 1 # ID=1295_4;partial=00;start_type=ATG;rbs_motif=GGAG/GAGG;rbs_spacer=5-10bp;gc_cont=0.544
NODE_1132_length_12179_cov_76.099594:2549-4315|+   -            589 8261                 -            628     0.062    9.9   0.3   1   2   0.00012      0.11    9.1   0.1     5    41     6    42     2    58 0.85 NODE_1132_length_12179_cov_76.099594_5 # 2549 # 4315 # 1 # ID=480_5;partial=00;start_type=ATG;rbs_motif=None;rbs_spacer=None;gc_cont=0.557
NODE_1132_length_12179_cov_76.099594:2549-4315|+   -            589 8261                 -            628     0.062    9.9   0.3   2   2      0.96   8.5e+02   -3.8   0.0   103   157   145   204   128   215 0.53 NODE_1132_length_12179_cov_76.099594_5 # 2549 # 4315 # 1 # ID=480_5;partial=00;start_type=ATG;rbs_motif=None;rbs_spacer=None;gc_cont=0.557
#
# Program:         hmmsearch
# Version:         3.4 (Aug 2023)
# Pipeline mode:   SEARCH
# Query file:      /home/simonedassisi/velvet-1.2.10/busco_downloads/lineages/enterobacteriaceae_odb12/hmms/8261at543.hmm
# Target file:     results/BUSCO_output_velveth21/prodigal_output/predicted_genes/predicted.faa
# Option settings: hmmsearch --domtblout results/BUSCO_output_velveth21/run_enterobacteriaceae_odb12/hmmer_output/8261at543.out --cpu 1 /home/simonedassisi/velvet-1.2.10/busco_downloads/lineages/enterobacteriaceae_odb12/hmms/8261at543.hmm results/BUSCO_output_velveth21/prodigal_output/predicted_genes/predicted.faa 
# Current dir:     /home/simonedassisi/velvet-1.2.10
# Date:            Wed Apr  2 19:24:14 2025
# [ok]
