#                                                                                                          --- full sequence --- -------------- this domain -------------   hmm coord   ali coord   env coord
# target name                                      accession   tlen query name           accession   qlen   E-value  score  bias   #  of  c-Evalue  i-Evalue  score  bias  from    to  from    to  from    to  acc description of target
#                              ------------------- ---------- ----- -------------------- ---------- ----- --------- ------ ----- --- --- --------- --------- ------ ----- ----- ----- ----- ----- ----- ----- ---- ---------------------
NODE_718_length_90501_cov_69.003258:45598-47370|+  -            591 8267                 -            589         0 1202.9   0.0   1   1         0         0 1202.7   0.0     1   588     1   588     1   589 1.00 NODE_718_length_90501_cov_69.003258_45 # 45598 # 47370 # 1 # ID=299_45;partial=00;start_type=ATG;rbs_motif=GGA/GAG/AGG;rbs_spacer=5-10bp;gc_cont=0.539
NODE_1852_length_52597_cov_77.721466:35625-37142|- -            506 8267                 -            589   1.3e-42  144.2   1.3   1   2   3.5e-30   3.1e-27   93.4   0.5    13   286    63   345    51   358 0.81 NODE_1852_length_52597_cov_77.721466_27 # 35625 # 37142 # -1 # ID=868_27;partial=00;start_type=ATG;rbs_motif=GGAG/GAGG;rbs_spacer=5-10bp;gc_cont=0.531
NODE_1852_length_52597_cov_77.721466:35625-37142|- -            506 8267                 -            589   1.3e-42  144.2   1.3   2   2   6.6e-17   5.8e-14   49.5   0.0   422   556   363   500   349   503 0.79 NODE_1852_length_52597_cov_77.721466_27 # 35625 # 37142 # -1 # ID=868_27;partial=00;start_type=ATG;rbs_motif=GGAG/GAGG;rbs_spacer=5-10bp;gc_cont=0.531
NODE_1044_length_78232_cov_76.088036:7741-9258|+   -            506 8267                 -            589     4e-42  142.5   0.7   1   2   6.5e-29   5.7e-26   89.2   0.4    13   279    63   336    57   351 0.82 NODE_1044_length_78232_cov_76.088036_5 # 7741 # 9258 # 1 # ID=438_5;partial=00;start_type=ATG;rbs_motif=GGAG/GAGG;rbs_spacer=5-10bp;gc_cont=0.478
NODE_1044_length_78232_cov_76.088036:7741-9258|+   -            506 8267                 -            589     4e-42  142.5   0.7   2   2   1.6e-17   1.4e-14   51.6   0.0   415   556   356   500   346   503 0.82 NODE_1044_length_78232_cov_76.088036_5 # 7741 # 9258 # 1 # ID=438_5;partial=00;start_type=ATG;rbs_motif=GGAG/GAGG;rbs_spacer=5-10bp;gc_cont=0.478
NODE_2159_length_50550_cov_71.258598:9321-10721|+  -            467 8267                 -            589   8.7e-22   75.4   0.0   1   2   1.1e-11   9.5e-09   32.3   0.0    13   183    15   183    10   300 0.75 NODE_2159_length_50550_cov_71.258598_9 # 9321 # 10721 # 1 # ID=1079_9;partial=00;start_type=ATG;rbs_motif=GGA/GAG/AGG;rbs_spacer=5-10bp;gc_cont=0.529
NODE_2159_length_50550_cov_71.258598:9321-10721|+  -            467 8267                 -            589   8.7e-22   75.4   0.0   2   2   7.3e-14   6.4e-11   39.5   0.0   454   560   360   463   340   466 0.86 NODE_2159_length_50550_cov_71.258598_9 # 9321 # 10721 # 1 # ID=1079_9;partial=00;start_type=ATG;rbs_motif=GGA/GAG/AGG;rbs_spacer=5-10bp;gc_cont=0.529
NODE_1570_length_36954_cov_78.025352:8265-9242|+   -            326 8267                 -            589   2.1e-20   70.8   0.0   1   2   1.7e-12   1.5e-09   35.0   0.0   136   255    14   138     8   191 0.74 NODE_1570_length_36954_cov_78.025352_12 # 8265 # 9242 # 1 # ID=708_12;partial=00;start_type=ATG;rbs_motif=GGAG/GAGG;rbs_spacer=5-10bp;gc_cont=0.525
NODE_1570_length_36954_cov_78.025352:8265-9242|+   -            326 8267                 -            589   2.1e-20   70.8   0.0   2   2   3.2e-12   2.8e-09   34.1   0.0   462   555   225   321   201   325 0.82 NODE_1570_length_36954_cov_78.025352_12 # 8265 # 9242 # 1 # ID=708_12;partial=00;start_type=ATG;rbs_motif=GGAG/GAGG;rbs_spacer=5-10bp;gc_cont=0.525
NODE_215_length_65836_cov_69.504402:24570-24938|-  -            123 8267                 -            589     0.016   11.7   0.0   1   1   2.2e-05     0.019   11.5   0.0   377   422    29    73    17    80 0.83 NODE_215_length_65836_cov_69.504402_27 # 24570 # 24938 # -1 # ID=52_27;partial=00;start_type=ATG;rbs_motif=GGA/GAG/AGG;rbs_spacer=5-10bp;gc_cont=0.480
#
# Program:         hmmsearch
# Version:         3.4 (Aug 2023)
# Pipeline mode:   SEARCH
# Query file:      /home/simonedassisi/velvet-1.2.10/busco_downloads/lineages/enterobacteriaceae_odb12/hmms/8267at543.hmm
# Target file:     results/BUSCO_output_velveth21/prodigal_output/predicted_genes/predicted.faa
# Option settings: hmmsearch --domtblout results/BUSCO_output_velveth21/run_enterobacteriaceae_odb12/hmmer_output/8267at543.out --cpu 1 /home/simonedassisi/velvet-1.2.10/busco_downloads/lineages/enterobacteriaceae_odb12/hmms/8267at543.hmm results/BUSCO_output_velveth21/prodigal_output/predicted_genes/predicted.faa 
# Current dir:     /home/simonedassisi/velvet-1.2.10
# Date:            Wed Apr  2 19:24:14 2025
# [ok]
