#                                                                                                          --- full sequence --- -------------- this domain -------------   hmm coord   ali coord   env coord
# target name                                      accession   tlen query name           accession   qlen   E-value  score  bias   #  of  c-Evalue  i-Evalue  score  bias  from    to  from    to  from    to  acc description of target
#                              ------------------- ---------- ----- -------------------- ---------- ----- --------- ------ ----- --- --- --------- --------- ------ ----- ----- ----- ----- ----- ----- ----- ---- ---------------------
NODE_1570_length_36954_cov_78.025352:28255-29259|+ -            335 8411                 -            333  1.5e-208  689.8   5.2   1   1  1.2e-211  1.7e-208  689.6   5.2     1   332     1   332     1   333 1.00 NODE_1570_length_36954_cov_78.025352_27 # 28255 # 29259 # 1 # ID=708_27;partial=00;start_type=ATG;rbs_motif=AGxAGG/AGGxGG;rbs_spacer=5-10bp;gc_cont=0.531
NODE_625_length_50664_cov_72.003532:33221-34135|+  -            305 8411                 -            333   3.2e-07   27.9  10.9   1   2     4e-05     0.053   10.8   0.4     7   140     7   129     1   149 0.69 NODE_625_length_50664_cov_72.003532_31 # 33221 # 34135 # 1 # ID=266_31;partial=00;start_type=ATG;rbs_motif=AGGAG;rbs_spacer=5-10bp;gc_cont=0.533
NODE_625_length_50664_cov_72.003532:33221-34135|+  -            305 8411                 -            333   3.2e-07   27.9  10.9   2   2   3.4e-08   4.4e-05   20.9   5.5   196   286   145   235   130   278 0.84 NODE_625_length_50664_cov_72.003532_31 # 33221 # 34135 # 1 # ID=266_31;partial=00;start_type=ATG;rbs_motif=AGGAG;rbs_spacer=5-10bp;gc_cont=0.533
NODE_1570_length_36954_cov_78.025352:26993-28252|+ -            420 8411                 -            333   3.9e-07   27.7   2.6   1   2   4.9e-10   6.4e-07   26.9   0.1     6   164    83   229    78   257 0.81 NODE_1570_length_36954_cov_78.025352_26 # 26993 # 28252 # 1 # ID=708_26;partial=00;start_type=ATG;rbs_motif=GGAG/GAGG;rbs_spacer=5-10bp;gc_cont=0.563
NODE_1570_length_36954_cov_78.025352:26993-28252|+ -            420 8411                 -            333   3.9e-07   27.7   2.6   2   2     0.042        55    0.9   0.9   201   270   229   296   227   321 0.61 NODE_1570_length_36954_cov_78.025352_26 # 26993 # 28252 # 1 # ID=708_26;partial=00;start_type=ATG;rbs_motif=GGAG/GAGG;rbs_spacer=5-10bp;gc_cont=0.563
NODE_1550_length_27465_cov_72.496376:1770-2897|-   -            376 8411                 -            333    0.0002   18.7   2.0   1   3      0.53     7e+02   -2.8   0.0   206   228   111   133   107   141 0.78 NODE_1550_length_27465_cov_72.496376_3 # 1770 # 2897 # -1 # ID=699_3;partial=00;start_type=ATG;rbs_motif=AGGA;rbs_spacer=5-10bp;gc_cont=0.500
NODE_1550_length_27465_cov_72.496376:1770-2897|-   -            376 8411                 -            333    0.0002   18.7   2.0   2   3   3.6e-05     0.048   10.9   0.0    43   100   161   220   151   264 0.85 NODE_1550_length_27465_cov_72.496376_3 # 1770 # 2897 # -1 # ID=699_3;partial=00;start_type=ATG;rbs_motif=AGGA;rbs_spacer=5-10bp;gc_cont=0.500
NODE_1550_length_27465_cov_72.496376:1770-2897|-   -            376 8411                 -            333    0.0002   18.7   2.0   3   3   0.00057      0.75    7.0   0.2   196   243   271   318   243   335 0.81 NODE_1550_length_27465_cov_72.496376_3 # 1770 # 2897 # -1 # ID=699_3;partial=00;start_type=ATG;rbs_motif=AGGA;rbs_spacer=5-10bp;gc_cont=0.500
#
# Program:         hmmsearch
# Version:         3.4 (Aug 2023)
# Pipeline mode:   SEARCH
# Query file:      /home/simonedassisi/velvet-1.2.10/busco_downloads/lineages/enterobacteriaceae_odb12/hmms/8411at543.hmm
# Target file:     results/BUSCO_output_velveth21/prodigal_output/predicted_genes/predicted.faa
# Option settings: hmmsearch --domtblout results/BUSCO_output_velveth21/run_enterobacteriaceae_odb12/hmmer_output/8411at543.out --cpu 1 /home/simonedassisi/velvet-1.2.10/busco_downloads/lineages/enterobacteriaceae_odb12/hmms/8411at543.hmm results/BUSCO_output_velveth21/prodigal_output/predicted_genes/predicted.faa 
# Current dir:     /home/simonedassisi/velvet-1.2.10
# Date:            Wed Apr  2 19:24:15 2025
# [ok]
