#                                                                                                          --- full sequence --- -------------- this domain -------------   hmm coord   ali coord   env coord
# target name                                      accession   tlen query name           accession   qlen   E-value  score  bias   #  of  c-Evalue  i-Evalue  score  bias  from    to  from    to  from    to  acc description of target
#                              ------------------- ---------- ----- -------------------- ---------- ----- --------- ------ ----- --- --- --------- --------- ------ ----- ----- ----- ----- ----- ----- ----- ---- ---------------------
NODE_895_length_14892_cov_65.747314:5262-6017|-    -            252 845                  -            248  3.1e-134  444.0   0.0   1   1    4e-137  3.5e-134  443.9   0.0     1   248     1   251     1   251 0.98 NODE_895_length_14892_cov_65.747314_7 # 5262 # 6017 # -1 # ID=378_7;partial=00;start_type=ATG;rbs_motif=GGAG/GAGG;rbs_spacer=5-10bp;gc_cont=0.401
NODE_2159_length_50550_cov_71.258598:14007-14654|- -            216 845                  -            248   1.9e-27   94.3   0.0   1   2   2.7e-17   2.4e-14   51.4   0.0     3    78     5    81     1    88 0.91 NODE_2159_length_50550_cov_71.258598_12 # 14007 # 14654 # -1 # ID=1079_12;partial=00;start_type=ATG;rbs_motif=GGA/GAG/AGG;rbs_spacer=5-10bp;gc_cont=0.514
NODE_2159_length_50550_cov_71.258598:14007-14654|- -            216 845                  -            248   1.9e-27   94.3   0.0   2   2   3.4e-14     3e-11   41.2   0.0    73   164    96   192    87   202 0.88 NODE_2159_length_50550_cov_71.258598_12 # 14007 # 14654 # -1 # ID=1079_12;partial=00;start_type=ATG;rbs_motif=GGA/GAG/AGG;rbs_spacer=5-10bp;gc_cont=0.514
NODE_1044_length_78232_cov_76.088036:55373-57358|+ -            662 845                  -            248   0.00025   18.5   0.0   1   2   9.3e-06    0.0082   13.6   0.1    29    68   154   195   136   227 0.67 NODE_1044_length_78232_cov_76.088036_52 # 55373 # 57358 # 1 # ID=438_52;partial=00;start_type=ATG;rbs_motif=GGAG/GAGG;rbs_spacer=5-10bp;gc_cont=0.521
NODE_1044_length_78232_cov_76.088036:55373-57358|+ -            662 845                  -            248   0.00025   18.5   0.0   2   2     0.021        18    2.6   0.0    38   107   225   288   211   304 0.64 NODE_1044_length_78232_cov_76.088036_52 # 55373 # 57358 # 1 # ID=438_52;partial=00;start_type=ATG;rbs_motif=GGAG/GAGG;rbs_spacer=5-10bp;gc_cont=0.521
NODE_2159_length_50550_cov_71.258598:31720-33984|- -            755 845                  -            248   0.00044   17.8   0.1   1   1   8.5e-07   0.00075   17.0   0.1    33    71   537   575   521   590 0.87 NODE_2159_length_50550_cov_71.258598_26 # 31720 # 33984 # -1 # ID=1079_26;partial=00;start_type=ATG;rbs_motif=GGAGG;rbs_spacer=5-10bp;gc_cont=0.497
NODE_1044_length_78232_cov_76.088036:46867-47625|+ -            253 845                  -            248     0.002   15.6   0.0   1   2     5e-06    0.0044   14.5   0.0    47    80    70   105    60   116 0.82 NODE_1044_length_78232_cov_76.088036_43 # 46867 # 47625 # 1 # ID=438_43;partial=00;start_type=ATG;rbs_motif=GGA/GAG/AGG;rbs_spacer=5-10bp;gc_cont=0.589
NODE_1044_length_78232_cov_76.088036:46867-47625|+ -            253 845                  -            248     0.002   15.6   0.0   2   2       1.2     1e+03   -3.1   0.0   102   122   211   231   203   233 0.75 NODE_1044_length_78232_cov_76.088036_43 # 46867 # 47625 # 1 # ID=438_43;partial=00;start_type=ATG;rbs_motif=GGA/GAG/AGG;rbs_spacer=5-10bp;gc_cont=0.589
NODE_359_length_5283_cov_74.194016:3291-4355|+     -            355 845                  -            248     0.057   10.8   0.2   1   2    0.0012         1    6.7   0.0    45    60   109   124   101   148 0.84 NODE_359_length_5283_cov_74.194016_6 # 3291 # 4355 # 1 # ID=110_6;partial=00;start_type=ATG;rbs_motif=GGA/GAG/AGG;rbs_spacer=5-10bp;gc_cont=0.517
NODE_359_length_5283_cov_74.194016:3291-4355|+     -            355 845                  -            248     0.057   10.8   0.2   2   2     0.033        29    2.0   0.0    21    37   158   174   150   200 0.78 NODE_359_length_5283_cov_74.194016_6 # 3291 # 4355 # 1 # ID=110_6;partial=00;start_type=ATG;rbs_motif=GGA/GAG/AGG;rbs_spacer=5-10bp;gc_cont=0.517
#
# Program:         hmmsearch
# Version:         3.4 (Aug 2023)
# Pipeline mode:   SEARCH
# Query file:      /home/simonedassisi/velvet-1.2.10/busco_downloads/lineages/enterobacteriaceae_odb12/hmms/845at543.hmm
# Target file:     results/BUSCO_output_velveth21/prodigal_output/predicted_genes/predicted.faa
# Option settings: hmmsearch --domtblout results/BUSCO_output_velveth21/run_enterobacteriaceae_odb12/hmmer_output/845at543.out --cpu 1 /home/simonedassisi/velvet-1.2.10/busco_downloads/lineages/enterobacteriaceae_odb12/hmms/845at543.hmm results/BUSCO_output_velveth21/prodigal_output/predicted_genes/predicted.faa 
# Current dir:     /home/simonedassisi/velvet-1.2.10
# Date:            Wed Apr  2 19:24:15 2025
# [ok]
