#                                                                                                          --- full sequence --- -------------- this domain -------------   hmm coord   ali coord   env coord
# target name                                      accession   tlen query name           accession   qlen   E-value  score  bias   #  of  c-Evalue  i-Evalue  score  bias  from    to  from    to  from    to  acc description of target
#                              ------------------- ---------- ----- -------------------- ---------- ----- --------- ------ ----- --- --- --------- --------- ------ ----- ----- ----- ----- ----- ----- ----- ---- ---------------------
NODE_215_length_65836_cov_69.504402:21571-22446|+  -            292 9846                 -            290  3.3e-169  559.9  12.1   1   1  1.3e-171  3.7e-169  559.7  12.1     1   290     1   290     1   290 1.00 NODE_215_length_65836_cov_69.504402_24 # 21571 # 22446 # 1 # ID=52_24;partial=00;start_type=ATG;rbs_motif=GGA/GAG/AGG;rbs_spacer=5-10bp;gc_cont=0.564
NODE_215_length_65836_cov_69.504402:20738-21571|+  -            278 9846                 -            290   3.8e-98  326.6  15.5   1   1  1.6e-100   4.6e-98  326.4  15.5    10   279     4   273     1   276 0.97 NODE_215_length_65836_cov_69.504402_23 # 20738 # 21571 # 1 # ID=52_23;partial=00;start_type=ATG;rbs_motif=GGxGG;rbs_spacer=5-10bp;gc_cont=0.565
NODE_1113_length_19431_cov_68.618652:3624-4313|-   -            230 9846                 -            290   3.5e-40  136.4   9.2   1   1   1.4e-42   4.1e-40  136.2   9.2    58   272     4   215     1   228 0.88 NODE_1113_length_19431_cov_68.618652_5 # 3624 # 4313 # -1 # ID=473_5;partial=00;start_type=ATG;rbs_motif=3Base/5BMM;rbs_spacer=13-15bp;gc_cont=0.538
NODE_614_length_35137_cov_72.104843:23891-25501|-  -            537 9846                 -            290   1.2e-24   85.4  28.4   1   2   3.2e-19   9.5e-17   59.5  11.4    27   270    17   261     4   269 0.88 NODE_614_length_35137_cov_72.104843_20 # 23891 # 25501 # -1 # ID=265_20;partial=00;start_type=ATG;rbs_motif=GGA/GAG/AGG;rbs_spacer=5-10bp;gc_cont=0.580
NODE_614_length_35137_cov_72.104843:23891-25501|-  -            537 9846                 -            290   1.2e-24   85.4  28.4   2   2   1.1e-10   3.3e-08   31.4   9.0    27   267   295   523   281   533 0.75 NODE_614_length_35137_cov_72.104843_20 # 23891 # 25501 # -1 # ID=265_20;partial=00;start_type=ATG;rbs_motif=GGA/GAG/AGG;rbs_spacer=5-10bp;gc_cont=0.580
NODE_739_length_21936_cov_71.932304:11203-11997|-  -            265 9846                 -            290   4.1e-16   57.4  13.5   1   1   8.6e-18   2.5e-15   54.8  13.5    58   233    57   218    10   258 0.79 NODE_739_length_21936_cov_71.932304_12 # 11203 # 11997 # -1 # ID=309_12;partial=00;start_type=ATG;rbs_motif=GGAG/GAGG;rbs_spacer=5-10bp;gc_cont=0.546
NODE_2513_length_11127_cov_68.835533:8014-8871|+   -            286 9846                 -            290   9.2e-16   56.2  18.7   1   1     4e-18   1.2e-15   55.9  18.7    26   268    19   271     1   283 0.74 NODE_2513_length_11127_cov_68.835533_8 # 8014 # 8871 # 1 # ID=1309_8;partial=00;start_type=ATG;rbs_motif=AGGAG/GGAGG;rbs_spacer=11-12bp;gc_cont=0.507
NODE_1689_length_18974_cov_72.810692:9467-10312|-  -            282 9846                 -            290   1.8e-15   55.3  16.0   1   1   8.2e-18   2.4e-15   54.9  16.0    23   237    18   230     6   280 0.71 NODE_1689_length_18974_cov_72.810692_13 # 9467 # 10312 # -1 # ID=775_13;partial=00;start_type=ATG;rbs_motif=GGAG/GAGG;rbs_spacer=5-10bp;gc_cont=0.540
NODE_1689_length_18974_cov_72.810692:10309-11262|- -            318 9846                 -            290   2.5e-12   45.0  14.5   1   2      0.13        38    1.7   0.9    12    48    22    58    17    83 0.81 NODE_1689_length_18974_cov_72.810692_14 # 10309 # 11262 # -1 # ID=775_14;partial=00;start_type=ATG;rbs_motif=AGGAG;rbs_spacer=5-10bp;gc_cont=0.504
NODE_1689_length_18974_cov_72.810692:10309-11262|- -            318 9846                 -            290   2.5e-12   45.0  14.5   2   2   8.5e-15   2.5e-12   45.0  14.5    51   269    84   307    69   314 0.89 NODE_1689_length_18974_cov_72.810692_14 # 10309 # 11262 # -1 # ID=775_14;partial=00;start_type=ATG;rbs_motif=AGGAG;rbs_spacer=5-10bp;gc_cont=0.504
NODE_1008_length_19602_cov_73.790375:7960-8850|+   -            297 9846                 -            290   1.4e-10   39.2  12.1   1   2       1.4   4.1e+02   -1.7   0.1    27    48    18    41     3    62 0.57 NODE_1008_length_19602_cov_73.790375_10 # 7960 # 8850 # 1 # ID=428_10;partial=00;start_type=ATG;rbs_motif=GGAG/GAGG;rbs_spacer=5-10bp;gc_cont=0.553
NODE_1008_length_19602_cov_73.790375:7960-8850|+   -            297 9846                 -            290   1.4e-10   39.2  12.1   2   2   4.7e-13   1.4e-10   39.2  12.1    64   269    83   280    66   288 0.88 NODE_1008_length_19602_cov_73.790375_10 # 7960 # 8850 # 1 # ID=428_10;partial=00;start_type=ATG;rbs_motif=GGAG/GAGG;rbs_spacer=5-10bp;gc_cont=0.553
NODE_2513_length_11127_cov_68.835533:8868-9662|+   -            265 9846                 -            290   1.8e-10   38.8  18.9   1   1   2.9e-12   8.6e-10   36.6  18.9    32   270    16   249     3   261 0.80 NODE_2513_length_11127_cov_68.835533_9 # 8868 # 9662 # 1 # ID=1309_9;partial=00;start_type=ATG;rbs_motif=AGxAGG/AGGxGG;rbs_spacer=5-10bp;gc_cont=0.498
NODE_346_length_26317_cov_69.933388:24251-25132|-  -            294 9846                 -            290   8.3e-09   33.4  16.9   1   1     4e-11   1.2e-08   32.9  16.9    46   268    53   284    21   292 0.74 NODE_346_length_26317_cov_69.933388_24 # 24251 # 25132 # -1 # ID=105_24;partial=00;start_type=ATG;rbs_motif=AGGA;rbs_spacer=5-10bp;gc_cont=0.542
NODE_1008_length_19602_cov_73.790375:6401-7945|+   -            515 9846                 -            290   2.1e-06   25.5  10.7   1   2       1.2   3.6e+02   -1.5   0.1   140   162    63    85    40   115 0.68 NODE_1008_length_19602_cov_73.790375_9 # 6401 # 7945 # 1 # ID=428_9;partial=00;start_type=ATG;rbs_motif=GGAG/GAGG;rbs_spacer=5-10bp;gc_cont=0.529
NODE_1008_length_19602_cov_73.790375:6401-7945|+   -            515 9846                 -            290   2.1e-06   25.5  10.7   2   2   7.3e-09   2.1e-06   25.5  10.7    62   203   277   426   256   449 0.78 NODE_1008_length_19602_cov_73.790375_9 # 6401 # 7945 # 1 # ID=428_9;partial=00;start_type=ATG;rbs_motif=GGAG/GAGG;rbs_spacer=5-10bp;gc_cont=0.529
NODE_1434_length_95894_cov_75.275742:66162-67049|- -            296 9846                 -            290   8.7e-06   23.5  14.2   1   1   3.5e-08     1e-05   23.2  14.2    49   276    55   287    11   295 0.77 NODE_1434_length_95894_cov_75.275742_55 # 66162 # 67049 # -1 # ID=631_55;partial=00;start_type=ATG;rbs_motif=AGGA;rbs_spacer=5-10bp;gc_cont=0.560
NODE_998_length_24344_cov_83.117935:3446-4336|+    -            297 9846                 -            290   1.1e-05   23.2   5.4   1   2         4   1.2e+03   -3.2   0.1    21    41    29    48    11    64 0.48 NODE_998_length_24344_cov_83.117935_4 # 3446 # 4336 # 1 # ID=423_4;partial=00;start_type=ATG;rbs_motif=GGAG/GAGG;rbs_spacer=5-10bp;gc_cont=0.570
NODE_998_length_24344_cov_83.117935:3446-4336|+    -            297 9846                 -            290   1.1e-05   23.2   5.4   2   2   3.6e-08   1.1e-05   23.2   5.4   145   221   153   228    95   294 0.84 NODE_998_length_24344_cov_83.117935_4 # 3446 # 4336 # 1 # ID=423_4;partial=00;start_type=ATG;rbs_motif=GGAG/GAGG;rbs_spacer=5-10bp;gc_cont=0.570
NODE_998_length_24344_cov_83.117935:2487-3446|+    -            320 9846                 -            290    0.0002   19.0  18.6   1   1     2e-06    0.0006   17.5  18.6   146   259   172   289    12   318 0.64 NODE_998_length_24344_cov_83.117935_3 # 2487 # 3446 # 1 # ID=423_3;partial=00;start_type=ATG;rbs_motif=GGA/GAG/AGG;rbs_spacer=5-10bp;gc_cont=0.547
NODE_739_length_21936_cov_71.932304:11987-12928|-  -            314 9846                 -            290    0.0016   16.0  12.7   1   1   7.2e-05     0.021   12.4  12.7    56   219    77   257    46   309 0.81 NODE_739_length_21936_cov_71.932304_13 # 11987 # 12928 # -1 # ID=309_13;partial=00;start_type=ATG;rbs_motif=AGGAG;rbs_spacer=5-10bp;gc_cont=0.531
NODE_1195_length_3037_cov_75.569313:1464-2117|-    -            218 9846                 -            290     0.038   11.5  11.3   1   3      0.38   1.1e+02    0.2   0.4   150   163    58    71    51    82 0.82 NODE_1195_length_3037_cov_75.569313_4 # 1464 # 2117 # -1 # ID=513_4;partial=00;start_type=ATG;rbs_motif=GGAG/GAGG;rbs_spacer=5-10bp;gc_cont=0.523
NODE_1195_length_3037_cov_75.569313:1464-2117|-    -            218 9846                 -            290     0.038   11.5  11.3   2   3   7.4e-05     0.022   12.3   6.2   155   216    98   159    74   206 0.84 NODE_1195_length_3037_cov_75.569313_4 # 1464 # 2117 # -1 # ID=513_4;partial=00;start_type=ATG;rbs_motif=GGAG/GAGG;rbs_spacer=5-10bp;gc_cont=0.523
NODE_1195_length_3037_cov_75.569313:1464-2117|-    -            218 9846                 -            290     0.038   11.5  11.3   3   3      0.78   2.3e+02   -0.9   0.4    26    43   187   204   174   215 0.62 NODE_1195_length_3037_cov_75.569313_4 # 1464 # 2117 # -1 # ID=513_4;partial=00;start_type=ATG;rbs_motif=GGAG/GAGG;rbs_spacer=5-10bp;gc_cont=0.523
NODE_346_length_26317_cov_69.933388:23422-24264|-  -            281 9846                 -            290      0.47    8.0  20.5   1   2       3.5     1e+03   -3.0   0.1   148   162    16    30     8    43 0.57 NODE_346_length_26317_cov_69.933388_23 # 23422 # 24264 # -1 # ID=105_23;partial=00;start_type=ATG;rbs_motif=4Base/6BMM;rbs_spacer=13-15bp;gc_cont=0.530
NODE_346_length_26317_cov_69.933388:23422-24264|-  -            281 9846                 -            290      0.47    8.0  20.5   2   2   0.00081      0.24    8.9  15.6    69   267    77   262    69   273 0.83 NODE_346_length_26317_cov_69.933388_23 # 23422 # 24264 # -1 # ID=105_23;partial=00;start_type=ATG;rbs_motif=4Base/6BMM;rbs_spacer=13-15bp;gc_cont=0.530
#
# Program:         hmmsearch
# Version:         3.4 (Aug 2023)
# Pipeline mode:   SEARCH
# Query file:      /home/simonedassisi/velvet-1.2.10/busco_downloads/lineages/enterobacteriaceae_odb12/hmms/9846at543.hmm
# Target file:     results/BUSCO_output_velveth21/prodigal_output/predicted_genes/predicted.faa
# Option settings: hmmsearch --domtblout results/BUSCO_output_velveth21/run_enterobacteriaceae_odb12/hmmer_output/9846at543.out --cpu 1 /home/simonedassisi/velvet-1.2.10/busco_downloads/lineages/enterobacteriaceae_odb12/hmms/9846at543.hmm results/BUSCO_output_velveth21/prodigal_output/predicted_genes/predicted.faa 
# Current dir:     /home/simonedassisi/velvet-1.2.10
# Date:            Wed Apr  2 19:24:17 2025
# [ok]
