#                                                                                                          --- full sequence --- -------------- this domain -------------   hmm coord   ali coord   env coord
# target name                                      accession   tlen query name           accession   qlen   E-value  score  bias   #  of  c-Evalue  i-Evalue  score  bias  from    to  from    to  from    to  acc description of target
#                              ------------------- ---------- ----- -------------------- ---------- ----- --------- ------ ----- --- --- --------- --------- ------ ----- ----- ----- ----- ----- ----- ----- ---- ---------------------
NODE_22_length_80627_cov_36.893466:36929-37687|-   -            253 10184                -            251  3.2e-152  503.2   0.0   1   1  1.4e-154  3.6e-152  503.0   0.0     1   251     1   252     1   252 0.99 NODE_22_length_80627_cov_36.893466_38 # 36929 # 37687 # -1 # ID=22_38;partial=00;start_type=ATG;rbs_motif=AGGAG;rbs_spacer=5-10bp;gc_cont=0.528
NODE_13_length_92664_cov_37.475885:23899-24690|+   -            264 10184                -            251   2.1e-25   87.7   0.0   1   1   1.2e-27   3.2e-25   87.1   0.0    10   210     4   202     2   247 0.88 NODE_13_length_92664_cov_37.475885_28 # 23899 # 24690 # 1 # ID=13_28;partial=00;start_type=ATG;rbs_motif=AGGAG;rbs_spacer=5-10bp;gc_cont=0.556
NODE_20_length_84241_cov_37.036046:53395-54129|+   -            245 10184                -            251   4.9e-24   83.2   1.2   1   1   2.3e-26   6.2e-24   82.9   1.2    11   203     4   191     2   241 0.82 NODE_20_length_84241_cov_37.036046_59 # 53395 # 54129 # 1 # ID=20_59;partial=00;start_type=ATG;rbs_motif=GGAG/GAGG;rbs_spacer=5-10bp;gc_cont=0.514
NODE_18_length_85840_cov_40.696849:12168-12932|+   -            255 10184                -            251   4.2e-23   80.2   0.1   1   1     2e-25   5.4e-23   79.8   0.1    10   203     7   198     2   215 0.91 NODE_18_length_85840_cov_40.696849_10 # 12168 # 12932 # 1 # ID=18_10;partial=00;start_type=ATG;rbs_motif=AGGA;rbs_spacer=5-10bp;gc_cont=0.501
NODE_27_length_73011_cov_40.630920:44795-45679|+   -            295 10184                -            251     9e-23   79.1   0.0   1   1   5.2e-25   1.4e-22   78.5   0.0    10   235    47   281    42   288 0.85 NODE_27_length_73011_cov_40.630920_47 # 44795 # 45679 # 1 # ID=27_47;partial=00;start_type=ATG;rbs_motif=GGAG/GAGG;rbs_spacer=5-10bp;gc_cont=0.544
NODE_25_length_79707_cov_37.284883:73679-74446|+   -            256 10184                -            251   7.4e-22   76.1   0.0   1   1   3.3e-24   8.7e-22   75.9   0.0     9   213     8   210     1   248 0.81 NODE_25_length_79707_cov_37.284883_72 # 73679 # 74446 # 1 # ID=25_72;partial=00;start_type=GTG;rbs_motif=AGGAG;rbs_spacer=5-10bp;gc_cont=0.469
NODE_3_length_152663_cov_37.088930:48884-49645|+   -            254 10184                -            251   9.5e-20   69.2   0.0   1   1   4.3e-22   1.1e-19   68.9   0.0    14   239     4   237     1   244 0.83 NODE_3_length_152663_cov_37.088930_44 # 48884 # 49645 # 1 # ID=3_44;partial=00;start_type=ATG;rbs_motif=GGAG/GAGG;rbs_spacer=5-10bp;gc_cont=0.555
NODE_11_length_117034_cov_40.464403:47129-47872|-  -            248 10184                -            251   2.5e-19   67.8   0.4   1   1   1.2e-21   3.1e-19   67.5   0.4    14   205     3   198     1   246 0.77 NODE_11_length_117034_cov_40.464403_39 # 47129 # 47872 # -1 # ID=11_39;partial=00;start_type=ATG;rbs_motif=GGA/GAG/AGG;rbs_spacer=5-10bp;gc_cont=0.547
NODE_10_length_119716_cov_38.250842:99644-100390|- -            249 10184                -            251   3.1e-19   67.5   3.2   1   1   7.4e-21     2e-18   64.9   3.2    13   212     6   193     3   197 0.89 NODE_10_length_119716_cov_38.250842_93 # 99644 # 100390 # -1 # ID=10_93;partial=00;start_type=ATG;rbs_motif=GGAG/GAGG;rbs_spacer=5-10bp;gc_cont=0.576
NODE_21_length_83220_cov_38.326345:40909-41679|+   -            257 10184                -            251   8.9e-19   66.0   0.0   1   1   4.6e-21   1.2e-18   65.5   0.0    12   206     2   189     1   201 0.85 NODE_21_length_83220_cov_38.326345_40 # 40909 # 41679 # 1 # ID=21_40;partial=00;start_type=ATG;rbs_motif=GGA/GAG/AGG;rbs_spacer=5-10bp;gc_cont=0.546
NODE_12_length_106079_cov_39.536715:9774-10535|+   -            254 10184                -            251   7.8e-18   62.9   0.1   1   1   4.1e-20   1.1e-17   62.4   0.1    10   236     8   241     5   249 0.77 NODE_12_length_106079_cov_39.536715_13 # 9774 # 10535 # 1 # ID=12_13;partial=00;start_type=ATG;rbs_motif=GGA/GAG/AGG;rbs_spacer=5-10bp;gc_cont=0.524
NODE_15_length_91266_cov_36.275195:43361-44107|-   -            249 10184                -            251   5.2e-17   60.2   0.0   1   1   2.4e-19   6.4e-17   59.9   0.0    14   218     2   203     1   209 0.88 NODE_15_length_91266_cov_36.275195_41 # 43361 # 44107 # -1 # ID=15_41;partial=00;start_type=ATG;rbs_motif=GGAG/GAGG;rbs_spacer=5-10bp;gc_cont=0.509
NODE_9_length_123825_cov_37.296666:54135-54947|-   -            271 10184                -            251   4.9e-15   53.7   0.0   1   1   2.3e-17   6.1e-15   53.4   0.0    10   211     4   204     1   228 0.85 NODE_9_length_123825_cov_37.296666_47 # 54135 # 54947 # -1 # ID=9_47;partial=00;start_type=ATG;rbs_motif=GGAGG;rbs_spacer=5-10bp;gc_cont=0.563
NODE_18_length_85840_cov_40.696849:78928-79719|+   -            264 10184                -            251     3e-14   51.1   0.0   1   1   1.5e-16   3.9e-14   50.8   0.0    15   204     8   208     3   222 0.82 NODE_18_length_85840_cov_40.696849_69 # 78928 # 79719 # 1 # ID=18_69;partial=00;start_type=ATG;rbs_motif=GGA/GAG/AGG;rbs_spacer=5-10bp;gc_cont=0.535
NODE_12_length_106079_cov_39.536715:92822-93607|+  -            262 10184                -            251   3.1e-14   51.1   0.0   1   1   1.4e-16   3.8e-14   50.8   0.0    10   211    16   216    10   251 0.84 NODE_12_length_106079_cov_39.536715_80 # 92822 # 93607 # 1 # ID=12_80;partial=00;start_type=ATG;rbs_motif=GGAG/GAGG;rbs_spacer=5-10bp;gc_cont=0.455
NODE_58_length_27727_cov_38.767101:6046-6852|+     -            269 10184                -            251   5.1e-14   50.4   0.8   1   1   9.9e-16   2.6e-13   48.1   0.8    10   203     7   202     2   209 0.81 NODE_58_length_27727_cov_38.767101_7 # 6046 # 6852 # 1 # ID=58_7;partial=00;start_type=ATG;rbs_motif=AGGAG;rbs_spacer=5-10bp;gc_cont=0.513
NODE_15_length_91266_cov_36.275195:10393-11115|-   -            241 10184                -            251   1.7e-10   38.9   0.0   1   1   7.7e-13     2e-10   38.6   0.0    16   194    10   182     5   234 0.79 NODE_15_length_91266_cov_36.275195_10 # 10393 # 11115 # -1 # ID=15_10;partial=00;start_type=ATG;rbs_motif=AGGAG;rbs_spacer=5-10bp;gc_cont=0.513
NODE_60_length_26402_cov_36.807041:15644-16423|-   -            260 10184                -            251   1.8e-09   35.5   0.1   1   1   8.1e-12   2.1e-09   35.3   0.1    12   182     2   172     1   215 0.90 NODE_60_length_26402_cov_36.807041_15 # 15644 # 16423 # -1 # ID=60_15;partial=00;start_type=ATG;rbs_motif=AGGAG;rbs_spacer=5-10bp;gc_cont=0.529
NODE_23_length_80065_cov_37.437114:53229-54242|+   -            338 10184                -            251     0.023   12.2   0.0   1   1   0.00014     0.038   11.5   0.0    15    48     3    36     1    61 0.86 NODE_23_length_80065_cov_37.437114_46 # 53229 # 54242 # 1 # ID=23_46;partial=00;start_type=ATG;rbs_motif=GGA/GAG/AGG;rbs_spacer=5-10bp;gc_cont=0.544
#
# Program:         hmmsearch
# Version:         3.4 (Aug 2023)
# Pipeline mode:   SEARCH
# Query file:      /home/simonedassisi/busco_downloads/lineages/enterobacteriaceae_odb12/hmms/10184at543.hmm
# Target file:     home/simonedassisi/Desktop/BUSCO_output/prodigal_output/predicted_genes/predicted.faa
# Option settings: hmmsearch --domtblout home/simonedassisi/Desktop/BUSCO_output/run_enterobacteriaceae_odb12/hmmer_output/10184at543.out --cpu 1 /home/simonedassisi/busco_downloads/lineages/enterobacteriaceae_odb12/hmms/10184at543.hmm home/simonedassisi/Desktop/BUSCO_output/prodigal_output/predicted_genes/predicted.faa 
# Current dir:     /home/simonedassisi
# Date:            Tue Apr  1 14:30:09 2025
# [ok]
