#                                                                                                          --- full sequence --- -------------- this domain -------------   hmm coord   ali coord   env coord
# target name                                      accession   tlen query name           accession   qlen   E-value  score  bias   #  of  c-Evalue  i-Evalue  score  bias  from    to  from    to  from    to  acc description of target
#                              ------------------- ---------- ----- -------------------- ---------- ----- --------- ------ ----- --- --- --------- --------- ------ ----- ----- ----- ----- ----- ----- ----- ---- ---------------------
NODE_21_length_83220_cov_38.326345:10672-12057|-   -            462 1027                 -            460  3.2e-284  940.8   0.1   1   1  2.9e-287  3.6e-284  940.6   0.1     1   460     1   461     1   461 0.99 NODE_21_length_83220_cov_38.326345_13 # 10672 # 12057 # -1 # ID=21_13;partial=00;start_type=ATG;rbs_motif=GGA/GAG/AGG;rbs_spacer=5-10bp;gc_cont=0.548
NODE_3_length_152663_cov_37.088930:79821-81854|-   -            678 1027                 -            460   9.9e-12   42.5   0.7   1   2   8.7e-08   0.00011   19.3   0.0    36   126    21   111     7   122 0.88 NODE_3_length_152663_cov_37.088930_68 # 79821 # 81854 # -1 # ID=3_68;partial=00;start_type=ATG;rbs_motif=AGxAG;rbs_spacer=11-12bp;gc_cont=0.530
NODE_3_length_152663_cov_37.088930:79821-81854|-   -            678 1027                 -            460   9.9e-12   42.5   0.7   2   2   1.7e-08   2.1e-05   21.6   0.1   251   367   319   430   292   459 0.80 NODE_3_length_152663_cov_37.088930_68 # 79821 # 81854 # -1 # ID=3_68;partial=00;start_type=ATG;rbs_motif=AGxAG;rbs_spacer=11-12bp;gc_cont=0.530
NODE_10_length_119716_cov_38.250842:54229-56811|+  -            861 1027                 -            460   6.3e-07   26.6   0.0   1   2   0.00016       0.2    8.5   0.0    36    61    48    73    20    75 0.87 NODE_10_length_119716_cov_38.250842_47 # 54229 # 56811 # 1 # ID=10_47;partial=00;start_type=ATG;rbs_motif=AGGA/GGAG/GAGG;rbs_spacer=11-12bp;gc_cont=0.533
NODE_10_length_119716_cov_38.250842:54229-56811|+  -            861 1027                 -            460   6.3e-07   26.6   0.0   2   2   1.3e-06    0.0016   15.4   0.0   259   326   612   680   608   700 0.85 NODE_10_length_119716_cov_38.250842_47 # 54229 # 56811 # 1 # ID=10_47;partial=00;start_type=ATG;rbs_motif=AGGA/GGAG/GAGG;rbs_spacer=11-12bp;gc_cont=0.533
NODE_4_length_139564_cov_44.158667:127664-130480|- -            939 1027                 -            460   1.8e-06   25.1   0.0   1   2      0.37   4.7e+02   -2.6   0.0    37    64    65    92    63    94 0.93 NODE_4_length_139564_cov_44.158667_111 # 127664 # 130480 # -1 # ID=4_111;partial=00;start_type=ATG;rbs_motif=GGA/GAG/AGG;rbs_spacer=5-10bp;gc_cont=0.556
NODE_4_length_139564_cov_44.158667:127664-130480|- -            939 1027                 -            460   1.8e-06   25.1   0.0   2   2   4.1e-09   5.2e-06   23.6   0.0   218   321   553   657   541   671 0.83 NODE_4_length_139564_cov_44.158667_111 # 127664 # 130480 # -1 # ID=4_111;partial=00;start_type=ATG;rbs_motif=GGA/GAG/AGG;rbs_spacer=5-10bp;gc_cont=0.556
#
# Program:         hmmsearch
# Version:         3.4 (Aug 2023)
# Pipeline mode:   SEARCH
# Query file:      /home/simonedassisi/busco_downloads/lineages/enterobacteriaceae_odb12/hmms/1027at543.hmm
# Target file:     home/simonedassisi/Desktop/BUSCO_output/prodigal_output/predicted_genes/predicted.faa
# Option settings: hmmsearch --domtblout home/simonedassisi/Desktop/BUSCO_output/run_enterobacteriaceae_odb12/hmmer_output/1027at543.out --cpu 1 /home/simonedassisi/busco_downloads/lineages/enterobacteriaceae_odb12/hmms/1027at543.hmm home/simonedassisi/Desktop/BUSCO_output/prodigal_output/predicted_genes/predicted.faa 
# Current dir:     /home/simonedassisi
# Date:            Tue Apr  1 14:30:09 2025
# [ok]
