#                                                                                                          --- full sequence --- -------------- this domain -------------   hmm coord   ali coord   env coord
# target name                                      accession   tlen query name           accession   qlen   E-value  score  bias   #  of  c-Evalue  i-Evalue  score  bias  from    to  from    to  from    to  acc description of target
#                              ------------------- ---------- ----- -------------------- ---------- ----- --------- ------ ----- --- --- --------- --------- ------ ----- ----- ----- ----- ----- ----- ----- ---- ---------------------
NODE_2_length_157429_cov_38.171358:18375-19307|+   -            311 1049                 -            307  2.2e-188  623.0   0.0   1   1  5.5e-191  2.5e-188  622.8   0.0     1   306     1   306     1   307 1.00 NODE_2_length_157429_cov_38.171358_17 # 18375 # 19307 # 1 # ID=2_17;partial=00;start_type=GTG;rbs_motif=GGAGG;rbs_spacer=5-10bp;gc_cont=0.527
NODE_53_length_29778_cov_36.323025:9537-10370|+    -            278 1049                 -            307   5.5e-31  106.1   0.0   1   1   1.6e-33   7.4e-31  105.7   0.0    68   267    47   243    41   257 0.91 NODE_53_length_29778_cov_36.323025_10 # 9537 # 10370 # 1 # ID=53_10;partial=00;start_type=ATG;rbs_motif=AGxAGG/AGGxGG;rbs_spacer=3-4bp;gc_cont=0.558
NODE_9_length_123825_cov_37.296666:13541-14278|+   -            246 1049                 -            307   5.3e-10   37.2   0.0   1   1   1.7e-12   7.7e-10   36.6   0.0   134   214    46   129    42   150 0.87 NODE_9_length_123825_cov_37.296666_13 # 13541 # 14278 # 1 # ID=9_13;partial=00;start_type=ATG;rbs_motif=GGA/GAG/AGG;rbs_spacer=5-10bp;gc_cont=0.535
NODE_31_length_58399_cov_38.812466:48236-49309|+   -            358 1049                 -            307   2.4e-08   31.7   0.0   1   1   6.9e-11   3.2e-08   31.3   0.0   127   214   191   275   185   315 0.90 NODE_31_length_58399_cov_38.812466_46 # 48236 # 49309 # 1 # ID=31_46;partial=00;start_type=ATG;rbs_motif=AGGAG;rbs_spacer=5-10bp;gc_cont=0.558
NODE_14_length_92032_cov_37.540264:60051-61226|+   -            392 1049                 -            307   3.3e-05   21.4   0.0   1   1     1e-07   4.8e-05   20.9   0.0   143   214   226   303   211   336 0.74 NODE_14_length_92032_cov_37.540264_56 # 60051 # 61226 # 1 # ID=14_56;partial=00;start_type=GTG;rbs_motif=GGA/GAG/AGG;rbs_spacer=5-10bp;gc_cont=0.521
NODE_32_length_57606_cov_39.295812:12827-13963|+   -            379 1049                 -            307   3.8e-05   21.2   0.0   1   1   1.6e-07   7.2e-05   20.3   0.0   133   218   229   316   211   346 0.85 NODE_32_length_57606_cov_39.295812_12 # 12827 # 13963 # 1 # ID=32_12;partial=00;start_type=ATG;rbs_motif=AGGAGG;rbs_spacer=3-4bp;gc_cont=0.541
NODE_43_length_41508_cov_43.498876:6425-7714|+     -            430 1049                 -            307   0.00051   17.5   0.0   1   1   1.6e-06   0.00074   17.0   0.0   128   186   242   300   235   336 0.89 NODE_43_length_41508_cov_43.498876_10 # 6425 # 7714 # 1 # ID=43_10;partial=00;start_type=ATG;rbs_motif=None;rbs_spacer=None;gc_cont=0.501
NODE_55_length_28139_cov_44.779594:21611-24607|+   -            999 1049                 -            307    0.0022   15.5   0.7   1   2       2.8   1.3e+03   -3.5   0.0   112   158   358   410   346   435 0.57 NODE_55_length_28139_cov_44.779594_22 # 21611 # 24607 # 1 # ID=55_22;partial=00;start_type=ATG;rbs_motif=GGA/GAG/AGG;rbs_spacer=5-10bp;gc_cont=0.326
NODE_55_length_28139_cov_44.779594:21611-24607|+   -            999 1049                 -            307    0.0022   15.5   0.7   2   2   8.8e-06     0.004   14.6   0.1   195   222   514   542   500   553 0.85 NODE_55_length_28139_cov_44.779594_22 # 21611 # 24607 # 1 # ID=55_22;partial=00;start_type=ATG;rbs_motif=GGA/GAG/AGG;rbs_spacer=5-10bp;gc_cont=0.326
NODE_8_length_126545_cov_41.885285:13880-14761|-   -            294 1049                 -            307    0.0047   14.3   0.0   1   1   1.7e-05    0.0079   13.6   0.0   129   187   155   212   144   233 0.80 NODE_8_length_126545_cov_41.885285_15 # 13880 # 14761 # -1 # ID=8_15;partial=00;start_type=ATG;rbs_motif=GGA/GAG/AGG;rbs_spacer=5-10bp;gc_cont=0.549
NODE_3_length_152663_cov_37.088930:103285-104325|+ -            347 1049                 -            307     0.029   11.7   0.0   1   1   9.3e-05     0.043   11.2   0.0   137   181   165   212   151   240 0.73 NODE_3_length_152663_cov_37.088930_92 # 103285 # 104325 # 1 # ID=3_92;partial=00;start_type=ATG;rbs_motif=AGGAG;rbs_spacer=5-10bp;gc_cont=0.483
NODE_6_length_131096_cov_36.333598:103512-104321|+ -            270 1049                 -            307     0.049   11.0   0.0   1   1   0.00015      0.07   10.5   0.0   116   174    69   127    60   139 0.92 NODE_6_length_131096_cov_36.333598_105 # 103512 # 104321 # 1 # ID=6_105;partial=00;start_type=ATG;rbs_motif=GGAG/GAGG;rbs_spacer=5-10bp;gc_cont=0.514
#
# Program:         hmmsearch
# Version:         3.4 (Aug 2023)
# Pipeline mode:   SEARCH
# Query file:      /home/simonedassisi/busco_downloads/lineages/enterobacteriaceae_odb12/hmms/1049at543.hmm
# Target file:     home/simonedassisi/Desktop/BUSCO_output/prodigal_output/predicted_genes/predicted.faa
# Option settings: hmmsearch --domtblout home/simonedassisi/Desktop/BUSCO_output/run_enterobacteriaceae_odb12/hmmer_output/1049at543.out --cpu 1 /home/simonedassisi/busco_downloads/lineages/enterobacteriaceae_odb12/hmms/1049at543.hmm home/simonedassisi/Desktop/BUSCO_output/prodigal_output/predicted_genes/predicted.faa 
# Current dir:     /home/simonedassisi
# Date:            Tue Apr  1 14:30:10 2025
# [ok]
