#                                                                                                          --- full sequence --- -------------- this domain -------------   hmm coord   ali coord   env coord
# target name                                      accession   tlen query name           accession   qlen   E-value  score  bias   #  of  c-Evalue  i-Evalue  score  bias  from    to  from    to  from    to  acc description of target
#                              ------------------- ---------- ----- -------------------- ---------- ----- --------- ------ ----- --- --- --------- --------- ------ ----- ----- ----- ----- ----- ----- ----- ---- ---------------------
NODE_8_length_126545_cov_41.885285:12264-12560|-   -             99 1165                 -             98   4.8e-65  214.4   4.3   1   1   7.4e-68   5.3e-65  214.2   4.3     1    98     1    98     1    98 1.00 NODE_8_length_126545_cov_41.885285_13 # 12264 # 12560 # -1 # ID=8_13;partial=00;start_type=ATG;rbs_motif=GGA/GAG/AGG;rbs_spacer=11-12bp;gc_cont=0.471
NODE_2_length_157429_cov_38.171358:138729-140114|- -            462 1165                 -             98   2.9e-06   25.9   0.3   1   1   1.2e-08   8.4e-06   24.4   0.3    56    98   415   457   407   457 0.93 NODE_2_length_157429_cov_38.171358_125 # 138729 # 140114 # -1 # ID=2_125;partial=00;start_type=ATG;rbs_motif=GGA/GAG/AGG;rbs_spacer=11-12bp;gc_cont=0.490
NODE_51_length_31115_cov_42.820834:26317-27642|+   -            442 1165                 -             98     1e-05   24.1   0.2   1   2    0.0098         7    5.4   0.0     6    64     4    63     2    77 0.88 NODE_51_length_31115_cov_42.820834_27 # 26317 # 27642 # 1 # ID=51_27;partial=00;start_type=ATG;rbs_motif=AGGA;rbs_spacer=5-10bp;gc_cont=0.566
NODE_51_length_31115_cov_42.820834:26317-27642|+   -            442 1165                 -             98     1e-05   24.1   0.2   2   2   3.9e-06    0.0028   16.3   0.1    55    93   402   440   395   441 0.92 NODE_51_length_31115_cov_42.820834_27 # 26317 # 27642 # 1 # ID=51_27;partial=00;start_type=ATG;rbs_motif=AGGA;rbs_spacer=5-10bp;gc_cont=0.566
NODE_17_length_86457_cov_41.702653:71905-73314|+   -            470 1165                 -             98   4.8e-05   22.0   0.0   1   1   1.3e-07   9.4e-05   21.0   0.0    54    98   425   469   393   469 0.89 NODE_17_length_86457_cov_41.702653_74 # 71905 # 73314 # 1 # ID=17_74;partial=00;start_type=ATG;rbs_motif=GGA/GAG/AGG;rbs_spacer=5-10bp;gc_cont=0.570
NODE_9_length_123825_cov_37.296666:37502-38836|+   -            445 1165                 -             98     0.007   15.0   0.0   1   1   2.2e-05     0.016   13.9   0.0    59    96   399   436   379   438 0.85 NODE_9_length_123825_cov_37.296666_34 # 37502 # 38836 # 1 # ID=9_34;partial=00;start_type=ATG;rbs_motif=GGAG/GAGG;rbs_spacer=5-10bp;gc_cont=0.546
NODE_71_length_16748_cov_35.319114:3919-5838|-     -            640 1165                 -             98      0.01   14.5   0.0   1   1   3.8e-05     0.027   13.1   0.0    52    98   585   631   564   631 0.87 NODE_71_length_16748_cov_35.319114_4 # 3919 # 5838 # -1 # ID=71_4;partial=00;start_type=ATG;rbs_motif=GGA/GAG/AGG;rbs_spacer=5-10bp;gc_cont=0.512
NODE_22_length_80627_cov_36.893466:75395-76372|-   -            326 1165                 -             98     0.021   13.5   0.1   1   1   6.6e-05     0.048   12.4   0.1    58    96   286   324   277   325 0.90 NODE_22_length_80627_cov_36.893466_74 # 75395 # 76372 # -1 # ID=22_74;partial=00;start_type=ATG;rbs_motif=None;rbs_spacer=None;gc_cont=0.514
#
# Program:         hmmsearch
# Version:         3.4 (Aug 2023)
# Pipeline mode:   SEARCH
# Query file:      /home/simonedassisi/busco_downloads/lineages/enterobacteriaceae_odb12/hmms/1165at543.hmm
# Target file:     home/simonedassisi/Desktop/BUSCO_output/prodigal_output/predicted_genes/predicted.faa
# Option settings: hmmsearch --domtblout home/simonedassisi/Desktop/BUSCO_output/run_enterobacteriaceae_odb12/hmmer_output/1165at543.out --cpu 1 /home/simonedassisi/busco_downloads/lineages/enterobacteriaceae_odb12/hmms/1165at543.hmm home/simonedassisi/Desktop/BUSCO_output/prodigal_output/predicted_genes/predicted.faa 
# Current dir:     /home/simonedassisi
# Date:            Tue Apr  1 14:30:10 2025
# [ok]
