#                                                                                                          --- full sequence --- -------------- this domain -------------   hmm coord   ali coord   env coord
# target name                                      accession   tlen query name           accession   qlen   E-value  score  bias   #  of  c-Evalue  i-Evalue  score  bias  from    to  from    to  from    to  acc description of target
#                              ------------------- ---------- ----- -------------------- ---------- ----- --------- ------ ----- --- --- --------- --------- ------ ----- ----- ----- ----- ----- ----- ----- ---- ---------------------
NODE_1_length_276430_cov_40.515391:228454-228975|+ -            174 1203                 -            172  7.8e-108  356.1   0.9   1   1  1.5e-110  8.6e-108  355.9   0.9     1   172     1   173     1   173 0.99 NODE_1_length_276430_cov_40.515391_200 # 228454 # 228975 # 1 # ID=1_200;partial=00;start_type=ATG;rbs_motif=AGxAG;rbs_spacer=5-10bp;gc_cont=0.492
NODE_19_length_85129_cov_38.767276:69825-70349|-   -            175 1203                 -            172   1.4e-27   94.7   0.0   1   1   3.4e-30   1.9e-27   94.4   0.0     7   162     5   162     2   170 0.92 NODE_19_length_85129_cov_38.767276_66 # 69825 # 70349 # -1 # ID=19_66;partial=00;start_type=ATG;rbs_motif=GGA/GAG/AGG;rbs_spacer=5-10bp;gc_cont=0.522
NODE_17_length_86457_cov_41.702653:5783-7114|+     -            444 1203                 -            172    0.0017   16.4   0.0   1   1   7.8e-06    0.0044   15.0   0.0     5    34    51    80    48   111 0.86 NODE_17_length_86457_cov_41.702653_7 # 5783 # 7114 # 1 # ID=17_7;partial=00;start_type=ATG;rbs_motif=AGGA;rbs_spacer=5-10bp;gc_cont=0.524
NODE_19_length_85129_cov_38.767276:18158-19432|-   -            425 1203                 -            172    0.0034   15.4   0.0   1   1   1.2e-05    0.0067   14.4   0.0     4    38   112   146   109   163 0.86 NODE_19_length_85129_cov_38.767276_18 # 18158 # 19432 # -1 # ID=19_18;partial=00;start_type=ATG;rbs_motif=GGAG/GAGG;rbs_spacer=5-10bp;gc_cont=0.518
NODE_1_length_276430_cov_40.515391:166764-167291|+ -            176 1203                 -            172     0.015   13.3   0.0   1   1   5.1e-05     0.028   12.4   0.0     8    36    12    40     5    55 0.82 NODE_1_length_276430_cov_40.515391_152 # 166764 # 167291 # 1 # ID=1_152;partial=00;start_type=TTG;rbs_motif=GGxGG;rbs_spacer=5-10bp;gc_cont=0.504
NODE_18_length_85840_cov_40.696849:10333-10896|-   -            188 1203                 -            172     0.027   12.5   0.2   1   2   0.00016     0.087   10.8   0.0     7    37     6    36     1    49 0.89 NODE_18_length_85840_cov_40.696849_8 # 10333 # 10896 # -1 # ID=18_8;partial=00;start_type=ATG;rbs_motif=AGGAG;rbs_spacer=5-10bp;gc_cont=0.436
NODE_18_length_85840_cov_40.696849:10333-10896|-   -            188 1203                 -            172     0.027   12.5   0.2   2   2      0.51   2.9e+02   -0.6   0.0   102   153   104   162    82   177 0.54 NODE_18_length_85840_cov_40.696849_8 # 10333 # 10896 # -1 # ID=18_8;partial=00;start_type=ATG;rbs_motif=AGGAG;rbs_spacer=5-10bp;gc_cont=0.436
NODE_28_length_70179_cov_36.796251:6138-7874|-     -            579 1203                 -            172     0.027   12.4   0.6   1   2    0.0037       2.1    6.3   0.1     9    28    38    57    35    61 0.89 NODE_28_length_70179_cov_36.796251_8 # 6138 # 7874 # -1 # ID=28_8;partial=00;start_type=ATG;rbs_motif=GGAG/GAGG;rbs_spacer=5-10bp;gc_cont=0.552
NODE_28_length_70179_cov_36.796251:6138-7874|-     -            579 1203                 -            172     0.027   12.4   0.6   2   2     0.019        11    4.0   0.1     4    21   354   372   351   379 0.79 NODE_28_length_70179_cov_36.796251_8 # 6138 # 7874 # -1 # ID=28_8;partial=00;start_type=ATG;rbs_motif=GGAG/GAGG;rbs_spacer=5-10bp;gc_cont=0.552
NODE_36_length_50779_cov_38.268459:36524-37207|-   -            228 1203                 -            172     0.032   12.2   0.0   1   2   0.00019       0.1   10.6   0.0     8    56     9    57     5    88 0.84 NODE_36_length_50779_cov_38.268459_29 # 36524 # 37207 # -1 # ID=36_29;partial=00;start_type=ATG;rbs_motif=AGGAG;rbs_spacer=5-10bp;gc_cont=0.534
NODE_36_length_50779_cov_38.268459:36524-37207|-   -            228 1203                 -            172     0.032   12.2   0.0   2   2      0.86   4.8e+02   -1.4   0.0    93   126   161   194   149   214 0.70 NODE_36_length_50779_cov_38.268459_29 # 36524 # 37207 # -1 # ID=36_29;partial=00;start_type=ATG;rbs_motif=AGGAG;rbs_spacer=5-10bp;gc_cont=0.534
NODE_23_length_80065_cov_37.437114:22462-24738|-   -            759 1203                 -            172     0.043   11.8   1.6   1   4      0.16        89    1.0   0.0     4    27   207   230   204   234 0.87 NODE_23_length_80065_cov_37.437114_17 # 22462 # 24738 # -1 # ID=23_17;partial=00;start_type=ATG;rbs_motif=GGAGG;rbs_spacer=5-10bp;gc_cont=0.531
NODE_23_length_80065_cov_37.437114:22462-24738|-   -            759 1203                 -            172     0.043   11.8   1.6   2   4       1.6   8.9e+02   -2.2   0.0    23    44   451   472   446   474 0.86 NODE_23_length_80065_cov_37.437114_17 # 22462 # 24738 # -1 # ID=23_17;partial=00;start_type=ATG;rbs_motif=GGAGG;rbs_spacer=5-10bp;gc_cont=0.531
NODE_23_length_80065_cov_37.437114:22462-24738|-   -            759 1203                 -            172     0.043   11.8   1.6   3   4    0.0028       1.6    6.7   0.0     9    43   493   529   488   547 0.83 NODE_23_length_80065_cov_37.437114_17 # 22462 # 24738 # -1 # ID=23_17;partial=00;start_type=ATG;rbs_motif=GGAGG;rbs_spacer=5-10bp;gc_cont=0.531
NODE_23_length_80065_cov_37.437114:22462-24738|-   -            759 1203                 -            172     0.043   11.8   1.6   4   4      0.43   2.4e+02   -0.4   0.1   112   163   609   660   575   695 0.75 NODE_23_length_80065_cov_37.437114_17 # 22462 # 24738 # -1 # ID=23_17;partial=00;start_type=ATG;rbs_motif=GGAGG;rbs_spacer=5-10bp;gc_cont=0.531
#
# Program:         hmmsearch
# Version:         3.4 (Aug 2023)
# Pipeline mode:   SEARCH
# Query file:      /home/simonedassisi/busco_downloads/lineages/enterobacteriaceae_odb12/hmms/1203at543.hmm
# Target file:     home/simonedassisi/Desktop/BUSCO_output/prodigal_output/predicted_genes/predicted.faa
# Option settings: hmmsearch --domtblout home/simonedassisi/Desktop/BUSCO_output/run_enterobacteriaceae_odb12/hmmer_output/1203at543.out --cpu 1 /home/simonedassisi/busco_downloads/lineages/enterobacteriaceae_odb12/hmms/1203at543.hmm home/simonedassisi/Desktop/BUSCO_output/prodigal_output/predicted_genes/predicted.faa 
# Current dir:     /home/simonedassisi
# Date:            Tue Apr  1 14:30:10 2025
# [ok]
