#                                                                                                          --- full sequence --- -------------- this domain -------------   hmm coord   ali coord   env coord
# target name                                      accession   tlen query name           accession   qlen   E-value  score  bias   #  of  c-Evalue  i-Evalue  score  bias  from    to  from    to  from    to  acc description of target
#                              ------------------- ---------- ----- -------------------- ---------- ----- --------- ------ ----- --- --- --------- --------- ------ ----- ----- ----- ----- ----- ----- ----- ---- ---------------------
NODE_46_length_34184_cov_43.893884:6313-7683|-     -            457 1396                 -            455  2.8e-271  897.9   2.8   1   1  1.2e-273  3.2e-271  897.7   2.8     1   455     1   455     1   455 1.00 NODE_46_length_34184_cov_43.893884_6 # 6313 # 7683 # -1 # ID=46_6;partial=00;start_type=ATG;rbs_motif=AGGA;rbs_spacer=5-10bp;gc_cont=0.530
NODE_43_length_41508_cov_43.498876:454-1008|+      -            185 1396                 -            455   5.4e-08   30.0   0.7   1   2    0.0014      0.38    7.4   0.1   286   334    15    62    13    71 0.68 NODE_43_length_41508_cov_43.498876_1 # 454 # 1008 # 1 # ID=43_1;partial=00;start_type=ATG;rbs_motif=GGAG/GAGG;rbs_spacer=5-10bp;gc_cont=0.488
NODE_43_length_41508_cov_43.498876:454-1008|+      -            185 1396                 -            455   5.4e-08   30.0   0.7   2   2   5.1e-08   1.3e-05   22.1   0.1   260   337    74   155    50   183 0.66 NODE_43_length_41508_cov_43.498876_1 # 454 # 1008 # 1 # ID=43_1;partial=00;start_type=ATG;rbs_motif=GGAG/GAGG;rbs_spacer=5-10bp;gc_cont=0.488
NODE_30_length_69036_cov_41.149327:21757-22782|-   -            342 1396                 -            455     1e-07   29.1  19.7   1   2   1.3e-08   3.5e-06   24.0  14.0   266   425   110   253   105   256 0.75 NODE_30_length_69036_cov_41.149327_23 # 21757 # 22782 # -1 # ID=30_23;partial=00;start_type=ATG;rbs_motif=GGA/GAG/AGG;rbs_spacer=11-12bp;gc_cont=0.528
NODE_30_length_69036_cov_41.149327:21757-22782|-   -            342 1396                 -            455     1e-07   29.1  19.7   2   2     0.045        12    2.5   0.4   263   297   256   291   253   297 0.76 NODE_30_length_69036_cov_41.149327_23 # 21757 # 22782 # -1 # ID=30_23;partial=00;start_type=ATG;rbs_motif=GGA/GAG/AGG;rbs_spacer=11-12bp;gc_cont=0.528
NODE_36_length_50779_cov_38.268459:26811-27557|-   -            249 1396                 -            455     3e-07   27.5   0.0   1   1   1.4e-09   3.6e-07   27.3   0.0    16   133    13   128     1   136 0.82 NODE_36_length_50779_cov_38.268459_21 # 26811 # 27557 # -1 # ID=36_21;partial=00;start_type=ATG;rbs_motif=GGA/GAG/AGG;rbs_spacer=5-10bp;gc_cont=0.529
NODE_5_length_138947_cov_37.421618:111374-111994|- -            207 1396                 -            455     1e-06   25.8   0.3   1   2      0.17        45    0.6   0.0   259   295    72   110    59   117 0.68 NODE_5_length_138947_cov_37.421618_96 # 111374 # 111994 # -1 # ID=5_96;partial=00;start_type=ATG;rbs_motif=GGA/GAG/AGG;rbs_spacer=5-10bp;gc_cont=0.425
NODE_5_length_138947_cov_37.421618:111374-111994|- -            207 1396                 -            455     1e-06   25.8   0.3   2   2   2.4e-08   6.4e-06   23.2   0.1   393   435   133   175   126   194 0.83 NODE_5_length_138947_cov_37.421618_96 # 111374 # 111994 # -1 # ID=5_96;partial=00;start_type=ATG;rbs_motif=GGA/GAG/AGG;rbs_spacer=5-10bp;gc_cont=0.425
NODE_30_length_69036_cov_41.149327:37664-38488|+   -            275 1396                 -            455   1.1e-06   25.6   0.2   1   1   6.2e-09   1.6e-06   25.1   0.2   325   429   104   210    84   231 0.81 NODE_30_length_69036_cov_41.149327_37 # 37664 # 38488 # 1 # ID=30_37;partial=00;start_type=ATG;rbs_motif=GGA/GAG/AGG;rbs_spacer=5-10bp;gc_cont=0.530
NODE_86_length_12147_cov_42.083361:10885-11337|+   -            151 1396                 -            455     2e-06   24.8   2.3   1   1   1.3e-08   3.5e-06   24.0   2.3   336   432    28   134     6   142 0.79 NODE_86_length_12147_cov_42.083361_15 # 10885 # 11337 # 1 # ID=86_15;partial=00;start_type=ATG;rbs_motif=AGGAG/GGAGG;rbs_spacer=11-12bp;gc_cont=0.450
NODE_22_length_80627_cov_36.893466:4269-5177|+     -            303 1396                 -            455   2.2e-06   24.7   0.0   1   1   7.9e-08   2.1e-05   21.5   0.0     6    68     9    74     4   187 0.91 NODE_22_length_80627_cov_36.893466_5 # 4269 # 5177 # 1 # ID=22_5;partial=00;start_type=ATG;rbs_motif=AGGAG;rbs_spacer=5-10bp;gc_cont=0.473
NODE_3_length_152663_cov_37.088930:142821-143309|+ -            163 1396                 -            455   1.2e-05   22.3   5.9   1   2     0.019       5.1    3.7   0.1   259   293    65    99    53   109 0.69 NODE_3_length_152663_cov_37.088930_121 # 142821 # 143309 # 1 # ID=3_121;partial=00;start_type=ATG;rbs_motif=GGxGG;rbs_spacer=5-10bp;gc_cont=0.534
NODE_3_length_152663_cov_37.088930:142821-143309|+ -            163 1396                 -            455   1.2e-05   22.3   5.9   2   2   1.2e-07   3.1e-05   20.9   1.6   268   304   111   147   107   159 0.88 NODE_3_length_152663_cov_37.088930_121 # 142821 # 143309 # 1 # ID=3_121;partial=00;start_type=ATG;rbs_motif=GGxGG;rbs_spacer=5-10bp;gc_cont=0.534
NODE_74_length_16201_cov_34.268197:5741-6634|-     -            298 1396                 -            455   4.1e-05   20.5   0.1   1   2   6.4e-07   0.00017   18.5   0.1     5    68     3    69     1    94 0.84 NODE_74_length_16201_cov_34.268197_7 # 5741 # 6634 # -1 # ID=74_7;partial=00;start_type=ATG;rbs_motif=GGAG/GAGG;rbs_spacer=5-10bp;gc_cont=0.507
NODE_74_length_16201_cov_34.268197:5741-6634|-     -            298 1396                 -            455   4.1e-05   20.5   0.1   2   2       0.3        80   -0.2   0.0    72   105   100   132    95   206 0.83 NODE_74_length_16201_cov_34.268197_7 # 5741 # 6634 # -1 # ID=74_7;partial=00;start_type=ATG;rbs_motif=GGAG/GAGG;rbs_spacer=5-10bp;gc_cont=0.507
NODE_21_length_83220_cov_38.326345:79898-80449|+   -            184 1396                 -            455   5.2e-05   20.1   2.8   1   2       0.2        53    0.3   0.0   284   313    74   106    69   130 0.66 NODE_21_length_83220_cov_38.326345_75 # 79898 # 80449 # 1 # ID=21_75;partial=00;start_type=ATG;rbs_motif=GGAGG;rbs_spacer=5-10bp;gc_cont=0.482
NODE_21_length_83220_cov_38.326345:79898-80449|+   -            184 1396                 -            455   5.2e-05   20.1   2.8   2   2   5.9e-07   0.00016   18.6   1.7   395   437   130   172   121   181 0.89 NODE_21_length_83220_cov_38.326345_75 # 79898 # 80449 # 1 # ID=21_75;partial=00;start_type=ATG;rbs_motif=GGAGG;rbs_spacer=5-10bp;gc_cont=0.482
NODE_17_length_86457_cov_41.702653:85146-85730|+   -            195 1396                 -            455   0.00026   17.9   0.0   1   1     1e-06   0.00027   17.8   0.0     5    50     6    49     2   120 0.83 NODE_17_length_86457_cov_41.702653_86 # 85146 # 85730 # 1 # ID=17_86;partial=00;start_type=GTG;rbs_motif=GGAG/GAGG;rbs_spacer=5-10bp;gc_cont=0.501
NODE_30_length_69036_cov_41.149327:20405-21193|-   -            263 1396                 -            455    0.0011   15.8   4.0   1   2   0.00028     0.074    9.8   0.1   303   368     2    69     1    76 0.75 NODE_30_length_69036_cov_41.149327_21 # 20405 # 21193 # -1 # ID=30_21;partial=00;start_type=GTG;rbs_motif=GGAGG;rbs_spacer=5-10bp;gc_cont=0.532
NODE_30_length_69036_cov_41.149327:20405-21193|-   -            263 1396                 -            455    0.0011   15.8   4.0   2   2    0.0018      0.47    7.1   0.9   281   347   100   168    82   180 0.53 NODE_30_length_69036_cov_41.149327_21 # 20405 # 21193 # -1 # ID=30_21;partial=00;start_type=GTG;rbs_motif=GGAGG;rbs_spacer=5-10bp;gc_cont=0.532
NODE_40_length_46585_cov_37.455939:30229-30819|-   -            197 1396                 -            455     0.002   14.9   0.4   1   1   9.7e-06    0.0026   14.6   0.4   262   351    25   124    20   149 0.85 NODE_40_length_46585_cov_37.455939_26 # 30229 # 30819 # -1 # ID=40_26;partial=00;start_type=ATG;rbs_motif=AGGAGG;rbs_spacer=3-4bp;gc_cont=0.503
NODE_3_length_152663_cov_37.088930:146479-147027|+ -            183 1396                 -            455    0.0089   12.8   0.2   1   1   4.3e-05     0.011   12.5   0.2   364   427    86   151    49   164 0.86 NODE_3_length_152663_cov_37.088930_125 # 146479 # 147027 # 1 # ID=3_125;partial=00;start_type=ATG;rbs_motif=GGA/GAG/AGG;rbs_spacer=5-10bp;gc_cont=0.481
NODE_11_length_117034_cov_40.464403:17314-17829|+  -            172 1396                 -            455     0.012   12.4   0.0   1   1   6.1e-05     0.016   11.9   0.0    48   126    22   101     8   108 0.79 NODE_11_length_117034_cov_40.464403_14 # 17314 # 17829 # 1 # ID=11_14;partial=00;start_type=ATG;rbs_motif=GGA/GAG/AGG;rbs_spacer=5-10bp;gc_cont=0.430
NODE_54_length_28184_cov_41.894607:7042-7863|+     -            274 1396                 -            455     0.014   12.1   0.6   1   1   7.8e-05     0.021   11.6   0.6   393   432   192   231   127   242 0.69 NODE_54_length_28184_cov_41.894607_9 # 7042 # 7863 # 1 # ID=54_9;partial=00;start_type=ATG;rbs_motif=GGAG/GAGG;rbs_spacer=5-10bp;gc_cont=0.532
NODE_41_length_44791_cov_39.437601:29520-30230|-   -            237 1396                 -            455     0.023   11.4   0.0   1   1   0.00011     0.028   11.2   0.0     6   122     8   125     1   143 0.68 NODE_41_length_44791_cov_39.437601_33 # 29520 # 30230 # -1 # ID=41_33;partial=00;start_type=ATG;rbs_motif=GGA/GAG/AGG;rbs_spacer=5-10bp;gc_cont=0.554
NODE_4_length_139564_cov_44.158667:117501-118091|+ -            197 1396                 -            455     0.043   10.5   1.9   1   2      0.58   1.5e+02   -1.2   0.0   314   334    25    45    15    59 0.74 NODE_4_length_139564_cov_44.158667_101 # 117501 # 118091 # 1 # ID=4_101;partial=00;start_type=GTG;rbs_motif=AGGA/GGAG/GAGG;rbs_spacer=11-12bp;gc_cont=0.552
NODE_4_length_139564_cov_44.158667:117501-118091|+ -            197 1396                 -            455     0.043   10.5   1.9   2   2    0.0003     0.081    9.6   1.4   283   333    71   122    33   131 0.75 NODE_4_length_139564_cov_44.158667_101 # 117501 # 118091 # 1 # ID=4_101;partial=00;start_type=GTG;rbs_motif=AGGA/GGAG/GAGG;rbs_spacer=11-12bp;gc_cont=0.552
#
# Program:         hmmsearch
# Version:         3.4 (Aug 2023)
# Pipeline mode:   SEARCH
# Query file:      /home/simonedassisi/busco_downloads/lineages/enterobacteriaceae_odb12/hmms/1396at543.hmm
# Target file:     home/simonedassisi/Desktop/BUSCO_output/prodigal_output/predicted_genes/predicted.faa
# Option settings: hmmsearch --domtblout home/simonedassisi/Desktop/BUSCO_output/run_enterobacteriaceae_odb12/hmmer_output/1396at543.out --cpu 1 /home/simonedassisi/busco_downloads/lineages/enterobacteriaceae_odb12/hmms/1396at543.hmm home/simonedassisi/Desktop/BUSCO_output/prodigal_output/predicted_genes/predicted.faa 
# Current dir:     /home/simonedassisi
# Date:            Tue Apr  1 14:30:11 2025
# [ok]
