#                                                                                                          --- full sequence --- -------------- this domain -------------   hmm coord   ali coord   env coord
# target name                                      accession   tlen query name           accession   qlen   E-value  score  bias   #  of  c-Evalue  i-Evalue  score  bias  from    to  from    to  from    to  acc description of target
#                              ------------------- ---------- ----- -------------------- ---------- ----- --------- ------ ----- --- --- --------- --------- ------ ----- ----- ----- ----- ----- ----- ----- ---- ---------------------
NODE_23_length_80065_cov_37.437114:15952-16917|+   -            322 1472                 -            322  1.4e-202  669.8   0.6   1   1  3.1e-205  1.6e-202  669.6   0.6     1   320     1   320     1   321 0.99 NODE_23_length_80065_cov_37.437114_12 # 15952 # 16917 # 1 # ID=23_12;partial=00;start_type=ATG;rbs_motif=GGA/GAG/AGG;rbs_spacer=3-4bp;gc_cont=0.531
NODE_10_length_119716_cov_38.250842:87698-89293|-  -            532 1472                 -            322   1.5e-56  189.9   1.2   1   1   4.2e-59   2.1e-56  189.4   1.2     6   316   222   527   217   531 0.88 NODE_10_length_119716_cov_38.250842_82 # 87698 # 89293 # -1 # ID=10_82;partial=00;start_type=ATG;rbs_motif=GGAG/GAGG;rbs_spacer=5-10bp;gc_cont=0.528
NODE_1_length_276430_cov_40.515391:105046-106398|- -            451 1472                 -            322     4e-10   37.3   0.1   1   2         3   1.5e+03   -4.0   0.2     5    42     3    40     2    45 0.70 NODE_1_length_276430_cov_40.515391_94 # 105046 # 106398 # -1 # ID=1_94;partial=00;start_type=ATG;rbs_motif=AGGA;rbs_spacer=5-10bp;gc_cont=0.538
NODE_1_length_276430_cov_40.515391:105046-106398|- -            451 1472                 -            322     4e-10   37.3   0.1   2   2     8e-13     4e-10   37.3   0.1    77   288   107   304    72   318 0.77 NODE_1_length_276430_cov_40.515391_94 # 105046 # 106398 # -1 # ID=1_94;partial=00;start_type=ATG;rbs_motif=AGGA;rbs_spacer=5-10bp;gc_cont=0.538
NODE_4_length_139564_cov_44.158667:25126-26550|-   -            475 1472                 -            322   8.6e-09   33.0   1.0   1   2   2.7e-06    0.0014   15.9   0.0     1    38     1    38     1    48 0.87 NODE_4_length_139564_cov_44.158667_25 # 25126 # 26550 # -1 # ID=4_25;partial=00;start_type=ATG;rbs_motif=GGAG/GAGG;rbs_spacer=5-10bp;gc_cont=0.529
NODE_4_length_139564_cov_44.158667:25126-26550|-   -            475 1472                 -            322   8.6e-09   33.0   1.0   2   2   3.7e-06    0.0018   15.4   0.2   148   290   177   316   172   324 0.75 NODE_4_length_139564_cov_44.158667_25 # 25126 # 26550 # -1 # ID=4_25;partial=00;start_type=ATG;rbs_motif=GGAG/GAGG;rbs_spacer=5-10bp;gc_cont=0.529
NODE_60_length_26402_cov_36.807041:9115-10248|-    -            378 1472                 -            322   2.6e-06   24.8   0.0   1   1   7.8e-09   3.9e-06   24.2   0.0    72   287    67   273    57   281 0.76 NODE_60_length_26402_cov_36.807041_9 # 9115 # 10248 # -1 # ID=60_9;partial=00;start_type=ATG;rbs_motif=GGAGG;rbs_spacer=3-4bp;gc_cont=0.540
NODE_8_length_126545_cov_41.885285:55907-57325|-   -            473 1472                 -            322   4.6e-05   20.7   0.7   1   2    0.0064       3.2    4.8   0.1     6    44   146   185   141   191 0.78 NODE_8_length_126545_cov_41.885285_53 # 55907 # 57325 # -1 # ID=8_53;partial=00;start_type=ATG;rbs_motif=GGA/GAG/AGG;rbs_spacer=5-10bp;gc_cont=0.558
NODE_8_length_126545_cov_41.885285:55907-57325|-   -            473 1472                 -            322   4.6e-05   20.7   0.7   2   2   3.6e-05     0.018   12.2   0.1   147   290   288   447   276   471 0.57 NODE_8_length_126545_cov_41.885285_53 # 55907 # 57325 # -1 # ID=8_53;partial=00;start_type=ATG;rbs_motif=GGA/GAG/AGG;rbs_spacer=5-10bp;gc_cont=0.558
NODE_1_length_276430_cov_40.515391:250944-253487|- -            848 1472                 -            322   7.1e-05   20.1   0.0   1   1   2.6e-07   0.00013   19.2   0.0   106   287   102   281    70   310 0.76 NODE_1_length_276430_cov_40.515391_224 # 250944 # 253487 # -1 # ID=1_224;partial=00;start_type=ATG;rbs_motif=GGAG/GAGG;rbs_spacer=5-10bp;gc_cont=0.545
NODE_5_length_138947_cov_37.421618:69820-71145|-   -            442 1472                 -            322   0.00049   17.3   1.6   1   2     0.023        12    3.0   0.1     6    36     3    33     1    48 0.85 NODE_5_length_138947_cov_37.421618_61 # 69820 # 71145 # -1 # ID=5_61;partial=00;start_type=ATG;rbs_motif=AGGA;rbs_spacer=5-10bp;gc_cont=0.456
NODE_5_length_138947_cov_37.421618:69820-71145|-   -            442 1472                 -            322   0.00049   17.3   1.6   2   2   1.8e-05    0.0088   13.2   0.1   150   288   162   293   157   301 0.73 NODE_5_length_138947_cov_37.421618_61 # 69820 # 71145 # -1 # ID=5_61;partial=00;start_type=ATG;rbs_motif=AGGA;rbs_spacer=5-10bp;gc_cont=0.456
NODE_32_length_57606_cov_39.295812:14695-16713|-   -            673 1472                 -            322    0.0037   14.4   1.7   1   4       1.8   9.2e+02   -3.3   0.0   188   226   199   237   189   247 0.74 NODE_32_length_57606_cov_39.295812_14 # 14695 # 16713 # -1 # ID=32_14;partial=00;start_type=ATG;rbs_motif=GGA/GAG/AGG;rbs_spacer=5-10bp;gc_cont=0.572
NODE_32_length_57606_cov_39.295812:14695-16713|-   -            673 1472                 -            322    0.0037   14.4   1.7   2   4   8.1e-05     0.041   11.0   0.0     4    86   372   455   369   461 0.69 NODE_32_length_57606_cov_39.295812_14 # 14695 # 16713 # -1 # ID=32_14;partial=00;start_type=ATG;rbs_motif=GGA/GAG/AGG;rbs_spacer=5-10bp;gc_cont=0.572
NODE_32_length_57606_cov_39.295812:14695-16713|-   -            673 1472                 -            322    0.0037   14.4   1.7   3   4     0.082        41    1.1   0.0   147   167   496   516   494   524 0.87 NODE_32_length_57606_cov_39.295812_14 # 14695 # 16713 # -1 # ID=32_14;partial=00;start_type=ATG;rbs_motif=GGA/GAG/AGG;rbs_spacer=5-10bp;gc_cont=0.572
NODE_32_length_57606_cov_39.295812:14695-16713|-   -            673 1472                 -            322    0.0037   14.4   1.7   4   4         1   5.2e+02   -2.5   0.0   231   253   612   634   599   651 0.80 NODE_32_length_57606_cov_39.295812_14 # 14695 # 16713 # -1 # ID=32_14;partial=00;start_type=ATG;rbs_motif=GGA/GAG/AGG;rbs_spacer=5-10bp;gc_cont=0.572
NODE_20_length_84241_cov_37.036046:22192-23310|-   -            373 1472                 -            322     0.014   12.6   0.1   1   1   4.5e-05     0.023   11.8   0.1     7    36     3    31     1    53 0.88 NODE_20_length_84241_cov_37.036046_26 # 22192 # 23310 # -1 # ID=20_26;partial=00;start_type=ATG;rbs_motif=GGA/GAG/AGG;rbs_spacer=5-10bp;gc_cont=0.523
#
# Program:         hmmsearch
# Version:         3.4 (Aug 2023)
# Pipeline mode:   SEARCH
# Query file:      /home/simonedassisi/busco_downloads/lineages/enterobacteriaceae_odb12/hmms/1472at543.hmm
# Target file:     home/simonedassisi/Desktop/BUSCO_output/prodigal_output/predicted_genes/predicted.faa
# Option settings: hmmsearch --domtblout home/simonedassisi/Desktop/BUSCO_output/run_enterobacteriaceae_odb12/hmmer_output/1472at543.out --cpu 1 /home/simonedassisi/busco_downloads/lineages/enterobacteriaceae_odb12/hmms/1472at543.hmm home/simonedassisi/Desktop/BUSCO_output/prodigal_output/predicted_genes/predicted.faa 
# Current dir:     /home/simonedassisi
# Date:            Tue Apr  1 14:30:11 2025
# [ok]
