#                                                                                                          --- full sequence --- -------------- this domain -------------   hmm coord   ali coord   env coord
# target name                                      accession   tlen query name           accession   qlen   E-value  score  bias   #  of  c-Evalue  i-Evalue  score  bias  from    to  from    to  from    to  acc description of target
#                              ------------------- ---------- ----- -------------------- ---------- ----- --------- ------ ----- --- --- --------- --------- ------ ----- ----- ----- ----- ----- ----- ----- ---- ---------------------
NODE_2_length_157429_cov_38.171358:113212-113466|- -             85 15334                -             86   1.2e-46  154.6   1.2   1   1   1.6e-49   1.3e-46  154.5   1.2     3    86     1    84     1    84 0.99 NODE_2_length_157429_cov_38.171358_109 # 113212 # 113466 # -1 # ID=2_109;partial=00;start_type=ATG;rbs_motif=3Base/5BMM;rbs_spacer=13-15bp;gc_cont=0.557
NODE_14_length_92032_cov_37.540264:82417-83526|+   -            370 15334                -             86   5.3e-16   56.4   0.5   1   1   1.2e-18     1e-15   55.5   0.5    19    84   303   367   289   368 0.90 NODE_14_length_92032_cov_37.540264_76 # 82417 # 83526 # 1 # ID=14_76;partial=00;start_type=GTG;rbs_motif=GGAG/GAGG;rbs_spacer=5-10bp;gc_cont=0.506
NODE_23_length_80065_cov_37.437114:47832-48800|+   -            323 15334                -             86   1.4e-13   48.6   0.4   1   1   3.1e-16   2.6e-13   47.8   0.4    22    84   256   321   242   322 0.87 NODE_23_length_80065_cov_37.437114_42 # 47832 # 48800 # 1 # ID=23_42;partial=00;start_type=ATG;rbs_motif=AGGAG;rbs_spacer=5-10bp;gc_cont=0.552
NODE_6_length_131096_cov_36.333598:123763-124728|- -            322 15334                -             86   1.1e-08   32.9   0.8   1   1   2.8e-11   2.3e-08   31.9   0.8     6    80   237   314   233   319 0.81 NODE_6_length_131096_cov_36.333598_125 # 123763 # 124728 # -1 # ID=6_125;partial=00;start_type=ATG;rbs_motif=GGAG/GAGG;rbs_spacer=5-10bp;gc_cont=0.504
NODE_40_length_46585_cov_37.455939:37790-38860|-   -            357 15334                -             86   2.9e-06   25.2   0.0   1   1   7.2e-09   6.1e-06   24.2   0.0     5    60   263   320   260   349 0.80 NODE_40_length_46585_cov_37.455939_34 # 37790 # 38860 # -1 # ID=40_34;partial=00;start_type=ATG;rbs_motif=GGAG/GAGG;rbs_spacer=5-10bp;gc_cont=0.536
NODE_5_length_138947_cov_37.421618:50580-51269|-   -            230 15334                -             86    0.0051   14.8   1.5   1   2   1.4e-05     0.012   13.6   0.1     7    68    64   127    59   134 0.71 NODE_5_length_138947_cov_37.421618_46 # 50580 # 51269 # -1 # ID=5_46;partial=00;start_type=ATG;rbs_motif=GGAGG;rbs_spacer=5-10bp;gc_cont=0.551
NODE_5_length_138947_cov_37.421618:50580-51269|-   -            230 15334                -             86    0.0051   14.8   1.5   2   2      0.38   3.2e+02   -0.6   0.1    37    48   156   165   144   175 0.77 NODE_5_length_138947_cov_37.421618_46 # 50580 # 51269 # -1 # ID=5_46;partial=00;start_type=ATG;rbs_motif=GGAGG;rbs_spacer=5-10bp;gc_cont=0.551
#
# Program:         hmmsearch
# Version:         3.4 (Aug 2023)
# Pipeline mode:   SEARCH
# Query file:      /home/simonedassisi/busco_downloads/lineages/enterobacteriaceae_odb12/hmms/15334at543.hmm
# Target file:     home/simonedassisi/Desktop/BUSCO_output/prodigal_output/predicted_genes/predicted.faa
# Option settings: hmmsearch --domtblout home/simonedassisi/Desktop/BUSCO_output/run_enterobacteriaceae_odb12/hmmer_output/15334at543.out --cpu 1 /home/simonedassisi/busco_downloads/lineages/enterobacteriaceae_odb12/hmms/15334at543.hmm home/simonedassisi/Desktop/BUSCO_output/prodigal_output/predicted_genes/predicted.faa 
# Current dir:     /home/simonedassisi
# Date:            Tue Apr  1 14:30:11 2025
# [ok]
