#                                                                                                          --- full sequence --- -------------- this domain -------------   hmm coord   ali coord   env coord
# target name                                      accession   tlen query name           accession   qlen   E-value  score  bias   #  of  c-Evalue  i-Evalue  score  bias  from    to  from    to  from    to  acc description of target
#                              ------------------- ---------- ----- -------------------- ---------- ----- --------- ------ ----- --- --- --------- --------- ------ ----- ----- ----- ----- ----- ----- ----- ---- ---------------------
NODE_4_length_139564_cov_44.158667:127664-130480|- -            939 15933                -            929         0 1798.3   0.0   1   1         0         0 1798.2   0.0     1   929     1   938     1   938 0.99 NODE_4_length_139564_cov_44.158667_111 # 127664 # 130480 # -1 # ID=4_111;partial=00;start_type=ATG;rbs_motif=GGA/GAG/AGG;rbs_spacer=5-10bp;gc_cont=0.556
NODE_18_length_85840_cov_40.696849:21786-24641|+   -            952 15933                -            929  8.2e-145  482.0   2.2   1   3   7.1e-62   7.2e-59  197.6   0.0    16   270     2   249     1   252 0.93 NODE_18_length_85840_cov_40.696849_18 # 21786 # 24641 # 1 # ID=18_18;partial=00;start_type=ATG;rbs_motif=GGA/GAG/AGG;rbs_spacer=3-4bp;gc_cont=0.550
NODE_18_length_85840_cov_40.696849:21786-24641|+   -            952 15933                -            929  8.2e-145  482.0   2.2   2   3   1.1e-68   1.1e-65  220.1   1.3   299   651   243   602   241   636 0.83 NODE_18_length_85840_cov_40.696849_18 # 21786 # 24641 # 1 # ID=18_18;partial=00;start_type=ATG;rbs_motif=GGA/GAG/AGG;rbs_spacer=3-4bp;gc_cont=0.550
NODE_18_length_85840_cov_40.696849:21786-24641|+   -            952 15933                -            929  8.2e-145  482.0   2.2   3   3   3.3e-21   3.3e-18   63.0   0.0   649   778   640   766   603   801 0.85 NODE_18_length_85840_cov_40.696849_18 # 21786 # 24641 # 1 # ID=18_18;partial=00;start_type=ATG;rbs_motif=GGA/GAG/AGG;rbs_spacer=3-4bp;gc_cont=0.550
NODE_10_length_119716_cov_38.250842:54229-56811|+  -            861 15933                -            929   8.5e-50  167.6   7.0   1   6   1.4e-24   1.5e-21   74.1   0.1    19   200     5   171     1   173 0.88 NODE_10_length_119716_cov_38.250842_47 # 54229 # 56811 # 1 # ID=10_47;partial=00;start_type=ATG;rbs_motif=AGGA/GGAG/GAGG;rbs_spacer=11-12bp;gc_cont=0.533
NODE_10_length_119716_cov_38.250842:54229-56811|+  -            861 15933                -            929   8.5e-50  167.6   7.0   2   6   2.9e-07   0.00029   16.9   0.5   405   456   175   224   170   232 0.92 NODE_10_length_119716_cov_38.250842_47 # 54229 # 56811 # 1 # ID=10_47;partial=00;start_type=ATG;rbs_motif=AGGA/GGAG/GAGG;rbs_spacer=11-12bp;gc_cont=0.533
NODE_10_length_119716_cov_38.250842:54229-56811|+  -            861 15933                -            929   8.5e-50  167.6   7.0   3   6   1.9e-13   1.9e-10   37.4   0.0   222   357   230   360   224   366 0.77 NODE_10_length_119716_cov_38.250842_47 # 54229 # 56811 # 1 # ID=10_47;partial=00;start_type=ATG;rbs_motif=AGGA/GGAG/GAGG;rbs_spacer=11-12bp;gc_cont=0.533
NODE_10_length_119716_cov_38.250842:54229-56811|+  -            861 15933                -            929   8.5e-50  167.6   7.0   4   6     2e-07   0.00021   17.4   0.0   459   540   417   499   409   595 0.64 NODE_10_length_119716_cov_38.250842_47 # 54229 # 56811 # 1 # ID=10_47;partial=00;start_type=ATG;rbs_motif=AGGA/GGAG/GAGG;rbs_spacer=11-12bp;gc_cont=0.533
NODE_10_length_119716_cov_38.250842:54229-56811|+  -            861 15933                -            929   8.5e-50  167.6   7.0   5   6   3.6e-08   3.7e-05   19.9   0.0   600   629   618   647   605   658 0.89 NODE_10_length_119716_cov_38.250842_47 # 54229 # 56811 # 1 # ID=10_47;partial=00;start_type=ATG;rbs_motif=AGGA/GGAG/GAGG;rbs_spacer=11-12bp;gc_cont=0.533
NODE_10_length_119716_cov_38.250842:54229-56811|+  -            861 15933                -            929   8.5e-50  167.6   7.0   6   6      0.08        80   -1.1   0.0   755   780   754   779   741   781 0.84 NODE_10_length_119716_cov_38.250842_47 # 54229 # 56811 # 1 # ID=10_47;partial=00;start_type=ATG;rbs_motif=AGGA/GGAG/GAGG;rbs_spacer=11-12bp;gc_cont=0.533
NODE_3_length_152663_cov_37.088930:79821-81854|-   -            678 15933                -            929   6.6e-17   58.7   0.2   1   2   3.4e-15   3.5e-12   43.1   0.1    55   117    12    74     2   102 0.86 NODE_3_length_152663_cov_37.088930_68 # 79821 # 81854 # -1 # ID=3_68;partial=00;start_type=ATG;rbs_motif=AGxAG;rbs_spacer=11-12bp;gc_cont=0.530
NODE_3_length_152663_cov_37.088930:79821-81854|-   -            678 15933                -            929   6.6e-17   58.7   0.2   2   2   3.1e-06    0.0031   13.5   0.0   587   658   320   394   296   508 0.74 NODE_3_length_152663_cov_37.088930_68 # 79821 # 81854 # -1 # ID=3_68;partial=00;start_type=ATG;rbs_motif=AGxAG;rbs_spacer=11-12bp;gc_cont=0.530
NODE_21_length_83220_cov_38.326345:10672-12057|-   -            462 15933                -            929   5.3e-08   29.3   0.2   1   2    0.0067       6.7    2.4   0.1    64    93    36    65    25    81 0.93 NODE_21_length_83220_cov_38.326345_13 # 10672 # 12057 # -1 # ID=21_13;partial=00;start_type=ATG;rbs_motif=GGA/GAG/AGG;rbs_spacer=5-10bp;gc_cont=0.548
NODE_21_length_83220_cov_38.326345:10672-12057|-   -            462 15933                -            929   5.3e-08   29.3   0.2   2   2   1.3e-09   1.3e-06   24.7   0.0   556   656   222   321   207   328 0.80 NODE_21_length_83220_cov_38.326345_13 # 10672 # 12057 # -1 # ID=21_13;partial=00;start_type=ATG;rbs_motif=GGA/GAG/AGG;rbs_spacer=5-10bp;gc_cont=0.548
#
# Program:         hmmsearch
# Version:         3.4 (Aug 2023)
# Pipeline mode:   SEARCH
# Query file:      /home/simonedassisi/busco_downloads/lineages/enterobacteriaceae_odb12/hmms/15933at543.hmm
# Target file:     home/simonedassisi/Desktop/BUSCO_output/prodigal_output/predicted_genes/predicted.faa
# Option settings: hmmsearch --domtblout home/simonedassisi/Desktop/BUSCO_output/run_enterobacteriaceae_odb12/hmmer_output/15933at543.out --cpu 1 /home/simonedassisi/busco_downloads/lineages/enterobacteriaceae_odb12/hmms/15933at543.hmm home/simonedassisi/Desktop/BUSCO_output/prodigal_output/predicted_genes/predicted.faa 
# Current dir:     /home/simonedassisi
# Date:            Tue Apr  1 14:30:12 2025
# [ok]
