#                                                                                                         --- full sequence --- -------------- this domain -------------   hmm coord   ali coord   env coord
# target name                                     accession   tlen query name           accession   qlen   E-value  score  bias   #  of  c-Evalue  i-Evalue  score  bias  from    to  from    to  from    to  acc description of target
#                             ------------------- ---------- ----- -------------------- ---------- ----- --------- ------ ----- --- --- --------- --------- ------ ----- ----- ----- ----- ----- ----- ----- ---- ---------------------
NODE_10_length_119716_cov_38.250842:25448-26596|+ -            383 16361                -            381  4.1e-234  774.5   0.6   1   1  4.6e-237  4.6e-234  774.4   0.6     1   381     1   381     1   381 1.00 NODE_10_length_119716_cov_38.250842_22 # 25448 # 26596 # 1 # ID=10_22;partial=00;start_type=ATG;rbs_motif=GGxGG;rbs_spacer=5-10bp;gc_cont=0.521
NODE_65_length_22714_cov_39.243724:12757-13890|+  -            378 16361                -            381   1.9e-65  219.4   0.0   1   1   2.4e-68   2.4e-65  219.0   0.0     4   375     5   371     2   375 0.92 NODE_65_length_22714_cov_39.243724_14 # 12757 # 13890 # 1 # ID=65_14;partial=00;start_type=ATG;rbs_motif=GGAG/GAGG;rbs_spacer=5-10bp;gc_cont=0.575
NODE_33_length_56462_cov_40.195669:36355-37527|+  -            391 16361                -            381   0.00061   16.9   0.0   1   2     7e-05     0.071   10.1   0.1    21    65    28    76    12    93 0.79 NODE_33_length_56462_cov_40.195669_35 # 36355 # 37527 # 1 # ID=33_35;partial=00;start_type=ATG;rbs_motif=AGGAG;rbs_spacer=5-10bp;gc_cont=0.564
NODE_33_length_56462_cov_40.195669:36355-37527|+  -            391 16361                -            381   0.00061   16.9   0.0   2   2    0.0032       3.2    4.7   0.0   311   379   308   375   292   377 0.87 NODE_33_length_56462_cov_40.195669_35 # 36355 # 37527 # 1 # ID=33_35;partial=00;start_type=ATG;rbs_motif=AGGAG;rbs_spacer=5-10bp;gc_cont=0.564
NODE_26_length_78359_cov_41.157595:67317-69083|-  -            589 16361                -            381    0.0013   15.9   0.0   1   2     0.017        17    2.3   0.0    21    60    52    91    45   102 0.88 NODE_26_length_78359_cov_41.157595_65 # 67317 # 69083 # -1 # ID=26_65;partial=00;start_type=ATG;rbs_motif=GGA/GAG/AGG;rbs_spacer=5-10bp;gc_cont=0.547
NODE_26_length_78359_cov_41.157595:67317-69083|-  -            589 16361                -            381    0.0013   15.9   0.0   2   2   3.2e-05     0.032   11.3   0.0   315   377   298   362   279   366 0.80 NODE_26_length_78359_cov_41.157595_65 # 67317 # 69083 # -1 # ID=26_65;partial=00;start_type=ATG;rbs_motif=GGA/GAG/AGG;rbs_spacer=5-10bp;gc_cont=0.547
NODE_11_length_117034_cov_40.464403:27860-29176|+ -            439 16361                -            381    0.0016   15.6   0.0   1   2   0.00047      0.48    7.4   0.0    16    60    34    82    25    87 0.75 NODE_11_length_117034_cov_40.464403_20 # 27860 # 29176 # 1 # ID=11_20;partial=00;start_type=ATG;rbs_motif=AGGAG;rbs_spacer=5-10bp;gc_cont=0.491
NODE_11_length_117034_cov_40.464403:27860-29176|+ -            439 16361                -            381    0.0016   15.6   0.0   2   2    0.0017       1.7    5.6   0.0   325   363   352   390   316   396 0.75 NODE_11_length_117034_cov_40.464403_20 # 27860 # 29176 # 1 # ID=11_20;partial=00;start_type=ATG;rbs_motif=AGGAG;rbs_spacer=5-10bp;gc_cont=0.491
#
# Program:         hmmsearch
# Version:         3.4 (Aug 2023)
# Pipeline mode:   SEARCH
# Query file:      /home/simonedassisi/busco_downloads/lineages/enterobacteriaceae_odb12/hmms/16361at543.hmm
# Target file:     home/simonedassisi/Desktop/BUSCO_output/prodigal_output/predicted_genes/predicted.faa
# Option settings: hmmsearch --domtblout home/simonedassisi/Desktop/BUSCO_output/run_enterobacteriaceae_odb12/hmmer_output/16361at543.out --cpu 1 /home/simonedassisi/busco_downloads/lineages/enterobacteriaceae_odb12/hmms/16361at543.hmm home/simonedassisi/Desktop/BUSCO_output/prodigal_output/predicted_genes/predicted.faa 
# Current dir:     /home/simonedassisi
# Date:            Tue Apr  1 14:30:12 2025
# [ok]
