#                                                                                                          --- full sequence --- -------------- this domain -------------   hmm coord   ali coord   env coord
# target name                                      accession   tlen query name           accession   qlen   E-value  score  bias   #  of  c-Evalue  i-Evalue  score  bias  from    to  from    to  from    to  acc description of target
#                              ------------------- ---------- ----- -------------------- ---------- ----- --------- ------ ----- --- --- --------- --------- ------ ----- ----- ----- ----- ----- ----- ----- ---- ---------------------
NODE_18_length_85840_cov_40.696849:64124-65467|+   -            448 1709                 -            442  1.1e-288  955.3   5.9   1   1  1.5e-291  1.3e-288  955.1   5.9     1   441     1   441     1   442 1.00 NODE_18_length_85840_cov_40.696849_54 # 64124 # 65467 # 1 # ID=18_54;partial=00;start_type=ATG;rbs_motif=GGA/GAG/AGG;rbs_spacer=5-10bp;gc_cont=0.506
NODE_3_length_152663_cov_37.088930:135806-137389|- -            528 1709                 -            442   4.2e-37  126.1   0.1   1   2       3.5   2.9e+03   -5.2   3.0   118   160   142   185   125   196 0.62 NODE_3_length_152663_cov_37.088930_116 # 135806 # 137389 # -1 # ID=3_116;partial=00;start_type=ATG;rbs_motif=3Base/5BMM;rbs_spacer=13-15bp;gc_cont=0.533
NODE_3_length_152663_cov_37.088930:135806-137389|- -            528 1709                 -            442   4.2e-37  126.1   0.1   2   2   5.1e-40   4.2e-37  126.1   0.1   192   422   282   514   251   525 0.89 NODE_3_length_152663_cov_37.088930_116 # 135806 # 137389 # -1 # ID=3_116;partial=00;start_type=ATG;rbs_motif=3Base/5BMM;rbs_spacer=13-15bp;gc_cont=0.533
NODE_6_length_131096_cov_36.333598:108987-110543|+ -            519 1709                 -            442   3.5e-32  109.9   0.3   1   2     0.038        32    1.3   0.4   107   161   127   186   103   197 0.71 NODE_6_length_131096_cov_36.333598_112 # 108987 # 110543 # 1 # ID=6_112;partial=00;start_type=ATG;rbs_motif=AGGAG;rbs_spacer=5-10bp;gc_cont=0.538
NODE_6_length_131096_cov_36.333598:108987-110543|+ -            519 1709                 -            442   3.5e-32  109.9   0.3   2   2   5.2e-34   4.4e-31  106.3   0.0   192   424   280   509   275   516 0.92 NODE_6_length_131096_cov_36.333598_112 # 108987 # 110543 # 1 # ID=6_112;partial=00;start_type=ATG;rbs_motif=AGGAG;rbs_spacer=5-10bp;gc_cont=0.538
NODE_10_length_119716_cov_38.250842:36414-37292|+  -            293 1709                 -            442   6.1e-26   89.3   1.4   1   1   9.1e-29   7.6e-26   89.0   1.4   177   429    34   286    18   291 0.89 NODE_10_length_119716_cov_38.250842_30 # 36414 # 37292 # 1 # ID=10_30;partial=00;start_type=ATG;rbs_motif=3Base/5BMM;rbs_spacer=13-15bp;gc_cont=0.516
NODE_34_length_53173_cov_42.168382:18000-18755|+   -            252 1709                 -            442   2.5e-21   74.2   1.6   1   1   3.7e-24   3.1e-21   73.8   1.6   195   423    10   240     5   249 0.90 NODE_34_length_53173_cov_42.168382_20 # 18000 # 18755 # 1 # ID=34_20;partial=00;start_type=GTG;rbs_motif=GGA/GAG/AGG;rbs_spacer=11-12bp;gc_cont=0.519
NODE_34_length_53173_cov_42.168382:17514-17975|+   -            154 1709                 -            442     2e-14   51.4   5.7   1   1   5.6e-16   4.7e-13   46.9   5.7    12   167     2   144     1   150 0.89 NODE_34_length_53173_cov_42.168382_19 # 17514 # 17975 # 1 # ID=34_19;partial=00;start_type=ATG;rbs_motif=None;rbs_spacer=None;gc_cont=0.515
#
# Program:         hmmsearch
# Version:         3.4 (Aug 2023)
# Pipeline mode:   SEARCH
# Query file:      /home/simonedassisi/busco_downloads/lineages/enterobacteriaceae_odb12/hmms/1709at543.hmm
# Target file:     home/simonedassisi/Desktop/BUSCO_output/prodigal_output/predicted_genes/predicted.faa
# Option settings: hmmsearch --domtblout home/simonedassisi/Desktop/BUSCO_output/run_enterobacteriaceae_odb12/hmmer_output/1709at543.out --cpu 1 /home/simonedassisi/busco_downloads/lineages/enterobacteriaceae_odb12/hmms/1709at543.hmm home/simonedassisi/Desktop/BUSCO_output/prodigal_output/predicted_genes/predicted.faa 
# Current dir:     /home/simonedassisi
# Date:            Tue Apr  1 14:30:12 2025
# [ok]
