#                                                                                                          --- full sequence --- -------------- this domain -------------   hmm coord   ali coord   env coord
# target name                                      accession   tlen query name           accession   qlen   E-value  score  bias   #  of  c-Evalue  i-Evalue  score  bias  from    to  from    to  from    to  acc description of target
#                              ------------------- ---------- ----- -------------------- ---------- ----- --------- ------ ----- --- --- --------- --------- ------ ----- ----- ----- ----- ----- ----- ----- ---- ---------------------
NODE_10_length_119716_cov_38.250842:36414-37292|+  -            293 1770                 -            290  8.2e-181  597.9   8.7   1   1  1.3e-183  9.1e-181  597.8   8.7     1   290     1   292     1   292 0.99 NODE_10_length_119716_cov_38.250842_30 # 36414 # 37292 # 1 # ID=10_30;partial=00;start_type=ATG;rbs_motif=3Base/5BMM;rbs_spacer=13-15bp;gc_cont=0.516
NODE_3_length_152663_cov_37.088930:135806-137389|- -            528 1770                 -            290   3.4e-33  113.5   1.0   1   1   7.3e-36   5.3e-33  112.8   1.0    34   277   269   514   246   524 0.92 NODE_3_length_152663_cov_37.088930_116 # 135806 # 137389 # -1 # ID=3_116;partial=00;start_type=ATG;rbs_motif=3Base/5BMM;rbs_spacer=13-15bp;gc_cont=0.533
NODE_34_length_53173_cov_42.168382:18000-18755|+   -            252 1770                 -            290   3.2e-32  110.3   3.2   1   1   5.2e-35   3.7e-32  110.0   3.2    44   277     4   239     1   247 0.95 NODE_34_length_53173_cov_42.168382_20 # 18000 # 18755 # 1 # ID=34_20;partial=00;start_type=GTG;rbs_motif=GGA/GAG/AGG;rbs_spacer=11-12bp;gc_cont=0.519
NODE_6_length_131096_cov_36.333598:108987-110543|+ -            519 1770                 -            290   2.3e-31  107.4   0.0   1   1   4.5e-34   3.2e-31  107.0   0.0    50   282   283   510   278   518 0.89 NODE_6_length_131096_cov_36.333598_112 # 108987 # 110543 # 1 # ID=6_112;partial=00;start_type=ATG;rbs_motif=AGGAG;rbs_spacer=5-10bp;gc_cont=0.538
NODE_18_length_85840_cov_40.696849:64124-65467|+   -            448 1770                 -            290   3.1e-29  100.4   2.5   1   1   5.9e-32   4.2e-29  100.0   2.5    32   281   177   426   158   435 0.87 NODE_18_length_85840_cov_40.696849_54 # 64124 # 65467 # 1 # ID=18_54;partial=00;start_type=ATG;rbs_motif=GGA/GAG/AGG;rbs_spacer=5-10bp;gc_cont=0.506
NODE_9_length_123825_cov_37.296666:91620-93086|+   -            489 1770                 -            290    0.0046   14.5   0.2   1   1   9.5e-06    0.0068   14.0   0.2    84   182   104   201    73   204 0.83 NODE_9_length_123825_cov_37.296666_80 # 91620 # 93086 # 1 # ID=9_80;partial=00;start_type=ATG;rbs_motif=GGA/GAG/AGG;rbs_spacer=5-10bp;gc_cont=0.544
NODE_71_length_16748_cov_35.319114:14833-16569|+   -            579 1770                 -            290     0.025   12.1   0.0   1   1     5e-05     0.036   11.6   0.0   231   284   523   576   496   578 0.85 NODE_71_length_16748_cov_35.319114_14 # 14833 # 16569 # 1 # ID=71_14;partial=00;start_type=TTG;rbs_motif=AGGAG;rbs_spacer=5-10bp;gc_cont=0.526
#
# Program:         hmmsearch
# Version:         3.4 (Aug 2023)
# Pipeline mode:   SEARCH
# Query file:      /home/simonedassisi/busco_downloads/lineages/enterobacteriaceae_odb12/hmms/1770at543.hmm
# Target file:     home/simonedassisi/Desktop/BUSCO_output/prodigal_output/predicted_genes/predicted.faa
# Option settings: hmmsearch --domtblout home/simonedassisi/Desktop/BUSCO_output/run_enterobacteriaceae_odb12/hmmer_output/1770at543.out --cpu 1 /home/simonedassisi/busco_downloads/lineages/enterobacteriaceae_odb12/hmms/1770at543.hmm home/simonedassisi/Desktop/BUSCO_output/prodigal_output/predicted_genes/predicted.faa 
# Current dir:     /home/simonedassisi
# Date:            Tue Apr  1 14:30:12 2025
# [ok]
