#                                                                                                          --- full sequence --- -------------- this domain -------------   hmm coord   ali coord   env coord
# target name                                      accession   tlen query name           accession   qlen   E-value  score  bias   #  of  c-Evalue  i-Evalue  score  bias  from    to  from    to  from    to  acc description of target
#                              ------------------- ---------- ----- -------------------- ---------- ----- --------- ------ ----- --- --- --------- --------- ------ ----- ----- ----- ----- ----- ----- ----- ---- ---------------------
NODE_72_length_16341_cov_36.526767:8504-10525|+    -            674 1789                 -            671         0 1484.4   4.4   1   1         0         0 1484.2   4.4     1   671     1   673     1   673 0.99 NODE_72_length_16341_cov_36.526767_10 # 8504 # 10525 # 1 # ID=72_10;partial=00;start_type=ATG;rbs_motif=GGA/GAG/AGG;rbs_spacer=5-10bp;gc_cont=0.533
NODE_20_length_84241_cov_37.036046:73269-76763|-   -           1165 1789                 -            671   1.9e-12   44.1   7.5   1   5   3.4e-10   1.4e-07   28.0   0.0   117   252   101   236    27   244 0.73 NODE_20_length_84241_cov_37.036046_80 # 73269 # 76763 # -1 # ID=20_80;partial=00;start_type=ATG;rbs_motif=None;rbs_spacer=None;gc_cont=0.547
NODE_20_length_84241_cov_37.036046:73269-76763|-   -           1165 1789                 -            671   1.9e-12   44.1   7.5   2   5      0.69   2.9e+02   -2.8   0.1   320   336   283   299   281   302 0.90 NODE_20_length_84241_cov_37.036046_80 # 73269 # 76763 # -1 # ID=20_80;partial=00;start_type=ATG;rbs_motif=None;rbs_spacer=None;gc_cont=0.547
NODE_20_length_84241_cov_37.036046:73269-76763|-   -           1165 1789                 -            671   1.9e-12   44.1   7.5   3   5    0.0004      0.17    7.9   0.0    10    86   614   694   605   719 0.84 NODE_20_length_84241_cov_37.036046_80 # 73269 # 76763 # -1 # ID=20_80;partial=00;start_type=ATG;rbs_motif=None;rbs_spacer=None;gc_cont=0.547
NODE_20_length_84241_cov_37.036046:73269-76763|-   -           1165 1789                 -            671   1.9e-12   44.1   7.5   4   5   0.00055      0.23    7.5   0.0   458   529   841   910   833   928 0.81 NODE_20_length_84241_cov_37.036046_80 # 73269 # 76763 # -1 # ID=20_80;partial=00;start_type=ATG;rbs_motif=None;rbs_spacer=None;gc_cont=0.547
NODE_20_length_84241_cov_37.036046:73269-76763|-   -           1165 1789                 -            671   1.9e-12   44.1   7.5   5   5      0.28   1.2e+02   -1.5   0.1   258   291  1053  1087  1044  1094 0.82 NODE_20_length_84241_cov_37.036046_80 # 73269 # 76763 # -1 # ID=20_80;partial=00;start_type=ATG;rbs_motif=None;rbs_spacer=None;gc_cont=0.547
NODE_8_length_126545_cov_41.885285:108662-110551|+ -            630 1789                 -            671   3.8e-07   26.6   1.7   1   2    0.0012      0.52    6.3   0.0    13    82    29    99    23   116 0.69 NODE_8_length_126545_cov_41.885285_102 # 108662 # 110551 # 1 # ID=8_102;partial=00;start_type=ATG;rbs_motif=AGGA/GGAG/GAGG;rbs_spacer=11-12bp;gc_cont=0.556
NODE_8_length_126545_cov_41.885285:108662-110551|+ -            630 1789                 -            671   3.8e-07   26.6   1.7   2   2   2.3e-07   9.7e-05   18.6   1.2   450   569   249   364   238   402 0.85 NODE_8_length_126545_cov_41.885285_102 # 108662 # 110551 # 1 # ID=8_102;partial=00;start_type=ATG;rbs_motif=AGGA/GGAG/GAGG;rbs_spacer=11-12bp;gc_cont=0.556
NODE_9_length_123825_cov_37.296666:12075-13409|-   -            445 1789                 -            671   3.9e-07   26.6   1.2   1   1   1.4e-09     6e-07   25.9   1.2   448   617   250   419   236   431 0.76 NODE_9_length_123825_cov_37.296666_12 # 12075 # 13409 # -1 # ID=9_12;partial=00;start_type=ATG;rbs_motif=GGAG/GAGG;rbs_spacer=5-10bp;gc_cont=0.547
NODE_16_length_86943_cov_42.279511:17610-18875|-   -            422 1789                 -            671   5.7e-06   22.7   0.1   1   2       1.3   5.7e+02   -3.7   0.0    57    76    83   103    74   109 0.75 NODE_16_length_86943_cov_42.279511_15 # 17610 # 18875 # -1 # ID=16_15;partial=00;start_type=ATG;rbs_motif=None;rbs_spacer=None;gc_cont=0.522
NODE_16_length_86943_cov_42.279511:17610-18875|-   -            422 1789                 -            671   5.7e-06   22.7   0.1   2   2   2.8e-08   1.2e-05   21.7   0.0   447   522   257   332   246   352 0.90 NODE_16_length_86943_cov_42.279511_15 # 17610 # 18875 # -1 # ID=16_15;partial=00;start_type=ATG;rbs_motif=None;rbs_spacer=None;gc_cont=0.522
NODE_28_length_70179_cov_36.796251:9765-11129|+    -            455 1789                 -            671   1.3e-05   21.5   0.0   1   2      0.59   2.5e+02   -2.5   0.0    56    80    72    98    24   104 0.71 NODE_28_length_70179_cov_36.796251_11 # 9765 # 11129 # 1 # ID=28_11;partial=00;start_type=ATG;rbs_motif=GGAG/GAGG;rbs_spacer=5-10bp;gc_cont=0.566
NODE_28_length_70179_cov_36.796251:9765-11129|+    -            455 1789                 -            671   1.3e-05   21.5   0.0   2   2   7.1e-08     3e-05   20.3   0.0   447   518   246   317   210   340 0.89 NODE_28_length_70179_cov_36.796251_11 # 9765 # 11129 # 1 # ID=28_11;partial=00;start_type=ATG;rbs_motif=GGAG/GAGG;rbs_spacer=5-10bp;gc_cont=0.566
NODE_6_length_131096_cov_36.333598:16644-18476|+   -            611 1789                 -            671   2.1e-05   20.8   0.3   1   1     8e-08   3.4e-05   20.2   0.3   631   666   204   239   181   244 0.81 NODE_6_length_131096_cov_36.333598_19 # 16644 # 18476 # 1 # ID=6_19;partial=00;start_type=GTG;rbs_motif=4Base/6BMM;rbs_spacer=13-15bp;gc_cont=0.516
NODE_17_length_86457_cov_41.702653:720-2918|+      -            733 1789                 -            671   4.3e-05   19.8   0.1   1   2    0.0013      0.54    6.3   0.0    19    82   205   270   194   282 0.72 NODE_17_length_86457_cov_41.702653_3 # 720 # 2918 # 1 # ID=17_3;partial=00;start_type=ATG;rbs_motif=AGGA;rbs_spacer=5-10bp;gc_cont=0.575
NODE_17_length_86457_cov_41.702653:720-2918|+      -            733 1789                 -            671   4.3e-05   19.8   0.1   2   2   4.2e-05     0.017   11.2   0.0   492   544   528   587   509   600 0.72 NODE_17_length_86457_cov_41.702653_3 # 720 # 2918 # 1 # ID=17_3;partial=00;start_type=ATG;rbs_motif=AGGA;rbs_spacer=5-10bp;gc_cont=0.575
NODE_92_length_11228_cov_35.467796:4703-6463|-     -            587 1789                 -            671   0.00015   18.0   0.1   1   2     0.033        14    1.6   0.0    38    78    30    70     7    78 0.77 NODE_92_length_11228_cov_35.467796_5 # 4703 # 6463 # -1 # ID=92_5;partial=00;start_type=ATG;rbs_motif=None;rbs_spacer=None;gc_cont=0.531
NODE_92_length_11228_cov_35.467796:4703-6463|-     -            587 1789                 -            671   0.00015   18.0   0.1   2   2   5.3e-06    0.0022   14.1   0.0   435   522   241   326   226   349 0.84 NODE_92_length_11228_cov_35.467796_5 # 4703 # 6463 # -1 # ID=92_5;partial=00;start_type=ATG;rbs_motif=None;rbs_spacer=None;gc_cont=0.531
NODE_39_length_47213_cov_38.868135:33709-35790|+   -            694 1789                 -            671   0.00026   17.2   0.1   1   2     0.001      0.43    6.6   0.0    10    83   266   343   257   349 0.75 NODE_39_length_47213_cov_38.868135_37 # 33709 # 35790 # 1 # ID=39_37;partial=00;start_type=ATG;rbs_motif=GGA/GAG/AGG;rbs_spacer=5-10bp;gc_cont=0.572
NODE_39_length_47213_cov_38.868135:33709-35790|+   -            694 1789                 -            671   0.00026   17.2   0.1   2   2   0.00025       0.1    8.6   0.0   472   530   519   577   420   605 0.84 NODE_39_length_47213_cov_38.868135_37 # 33709 # 35790 # 1 # ID=39_37;partial=00;start_type=ATG;rbs_motif=GGA/GAG/AGG;rbs_spacer=5-10bp;gc_cont=0.572
NODE_35_length_52795_cov_36.978564:15018-16391|-   -            458 1789                 -            671    0.0014   14.8   0.0   1   2     0.016       6.6    2.7   0.0    40    80    48    94    39   104 0.71 NODE_35_length_52795_cov_36.978564_13 # 15018 # 16391 # -1 # ID=35_13;partial=00;start_type=GTG;rbs_motif=GGA/GAG/AGG;rbs_spacer=5-10bp;gc_cont=0.516
NODE_35_length_52795_cov_36.978564:15018-16391|-   -            458 1789                 -            671    0.0014   14.8   0.0   2   2    0.0001     0.042    9.9   0.0   450   523   245   318   234   361 0.83 NODE_35_length_52795_cov_36.978564_13 # 15018 # 16391 # -1 # ID=35_13;partial=00;start_type=GTG;rbs_motif=GGA/GAG/AGG;rbs_spacer=5-10bp;gc_cont=0.516
NODE_5_length_138947_cov_37.421618:34848-35534|+   -            229 1789                 -            671    0.0044   13.1   0.3   1   2     0.025        10    2.0   0.1   541   595    26    81    20    91 0.79 NODE_5_length_138947_cov_37.421618_30 # 34848 # 35534 # 1 # ID=5_30;partial=00;start_type=TTG;rbs_motif=GGxGG;rbs_spacer=3-4bp;gc_cont=0.525
NODE_5_length_138947_cov_37.421618:34848-35534|+   -            229 1789                 -            671    0.0044   13.1   0.3   2   2   0.00014     0.061    9.4   0.0   424   473   159   209   112   223 0.82 NODE_5_length_138947_cov_37.421618_30 # 34848 # 35534 # 1 # ID=5_30;partial=00;start_type=TTG;rbs_motif=GGxGG;rbs_spacer=3-4bp;gc_cont=0.525
#
# Program:         hmmsearch
# Version:         3.4 (Aug 2023)
# Pipeline mode:   SEARCH
# Query file:      /home/simonedassisi/busco_downloads/lineages/enterobacteriaceae_odb12/hmms/1789at543.hmm
# Target file:     home/simonedassisi/Desktop/BUSCO_output/prodigal_output/predicted_genes/predicted.faa
# Option settings: hmmsearch --domtblout home/simonedassisi/Desktop/BUSCO_output/run_enterobacteriaceae_odb12/hmmer_output/1789at543.out --cpu 1 /home/simonedassisi/busco_downloads/lineages/enterobacteriaceae_odb12/hmms/1789at543.hmm home/simonedassisi/Desktop/BUSCO_output/prodigal_output/predicted_genes/predicted.faa 
# Current dir:     /home/simonedassisi
# Date:            Tue Apr  1 14:30:12 2025
# [ok]
