#                                                                                                          --- full sequence --- -------------- this domain -------------   hmm coord   ali coord   env coord
# target name                                      accession   tlen query name           accession   qlen   E-value  score  bias   #  of  c-Evalue  i-Evalue  score  bias  from    to  from    to  from    to  acc description of target
#                              ------------------- ---------- ----- -------------------- ---------- ----- --------- ------ ----- --- --- --------- --------- ------ ----- ----- ----- ----- ----- ----- ----- ---- ---------------------
NODE_30_length_69036_cov_41.149327:21757-22782|-   -            342 18321                -            340  5.1e-211  697.8  14.2   1   1  1.6e-213  5.7e-211  697.6  14.2     1   340     1   340     1   340 1.00 NODE_30_length_69036_cov_41.149327_23 # 21757 # 22782 # -1 # ID=30_23;partial=00;start_type=ATG;rbs_motif=GGA/GAG/AGG;rbs_spacer=11-12bp;gc_cont=0.528
NODE_30_length_69036_cov_41.149327:20405-21193|-   -            263 18321                -            340   1.8e-15   54.8  12.2   1   1     7e-18   2.5e-15   54.3  12.2   115   294     5   180     1   192 0.90 NODE_30_length_69036_cov_41.149327_21 # 20405 # 21193 # -1 # ID=30_21;partial=00;start_type=GTG;rbs_motif=GGAGG;rbs_spacer=5-10bp;gc_cont=0.532
NODE_46_length_34184_cov_43.893884:6313-7683|-     -            457 18321                -            340     4e-09   34.0  12.6   1   1   8.4e-11     3e-08   31.1  12.6   110   255   266   427   256   437 0.74 NODE_46_length_34184_cov_43.893884_6 # 6313 # 7683 # -1 # ID=46_6;partial=00;start_type=ATG;rbs_motif=AGGA;rbs_spacer=5-10bp;gc_cont=0.530
NODE_21_length_83220_cov_38.326345:79898-80449|+   -            184 18321                -            340     3e-07   27.8   2.3   1   2     0.082        30    1.5   0.0   235   271    68   106    56   119 0.55 NODE_21_length_83220_cov_38.326345_75 # 79898 # 80449 # 1 # ID=21_75;partial=00;start_type=ATG;rbs_motif=GGAGG;rbs_spacer=5-10bp;gc_cont=0.482
NODE_21_length_83220_cov_38.326345:79898-80449|+   -            184 18321                -            340     3e-07   27.8   2.3   2   2   3.6e-09   1.3e-06   25.7   1.3   101   146   121   166   106   176 0.85 NODE_21_length_83220_cov_38.326345_75 # 79898 # 80449 # 1 # ID=21_75;partial=00;start_type=ATG;rbs_motif=GGAGG;rbs_spacer=5-10bp;gc_cont=0.482
NODE_43_length_41508_cov_43.498876:454-1008|+      -            185 18321                -            340   3.7e-07   27.5   2.4   1   2   0.00064      0.23    8.4   0.3   111   154    14    60    10    75 0.64 NODE_43_length_41508_cov_43.498876_1 # 454 # 1008 # 1 # ID=43_1;partial=00;start_type=ATG;rbs_motif=GGAG/GAGG;rbs_spacer=5-10bp;gc_cont=0.488
NODE_43_length_41508_cov_43.498876:454-1008|+      -            185 18321                -            340   3.7e-07   27.5   2.4   2   2     5e-07   0.00018   18.7   0.1   106   151    94   139    82   148 0.85 NODE_43_length_41508_cov_43.498876_1 # 454 # 1008 # 1 # ID=43_1;partial=00;start_type=ATG;rbs_motif=GGAG/GAGG;rbs_spacer=5-10bp;gc_cont=0.488
NODE_40_length_46585_cov_37.455939:3770-4750|+     -            327 18321                -            340   3.8e-07   27.5  12.7   1   2     0.014         5    4.1   0.3   240   285    58    98    28   103 0.61 NODE_40_length_46585_cov_37.455939_5 # 3770 # 4750 # 1 # ID=40_5;partial=00;start_type=ATG;rbs_motif=GGA/GAG/AGG;rbs_spacer=5-10bp;gc_cont=0.481
NODE_40_length_46585_cov_37.455939:3770-4750|+     -            327 18321                -            340   3.8e-07   27.5  12.7   2   2   1.5e-08   5.3e-06   23.7   7.0   222   286   231   296   100   312 0.74 NODE_40_length_46585_cov_37.455939_5 # 3770 # 4750 # 1 # ID=40_5;partial=00;start_type=ATG;rbs_motif=GGA/GAG/AGG;rbs_spacer=5-10bp;gc_cont=0.481
NODE_5_length_138947_cov_37.421618:111374-111994|- -            207 18321                -            340   5.4e-07   27.0   2.3   1   2     0.016       5.6    3.9   0.0   143   175    76   110    51   123 0.53 NODE_5_length_138947_cov_37.421618_96 # 111374 # 111994 # -1 # ID=5_96;partial=00;start_type=ATG;rbs_motif=GGA/GAG/AGG;rbs_spacer=5-10bp;gc_cont=0.425
NODE_5_length_138947_cov_37.421618:111374-111994|- -            207 18321                -            340   5.4e-07   27.0   2.3   2   2   2.8e-08     1e-05   22.8   0.7   110   145   135   170   119   180 0.92 NODE_5_length_138947_cov_37.421618_96 # 111374 # 111994 # -1 # ID=5_96;partial=00;start_type=ATG;rbs_motif=GGA/GAG/AGG;rbs_spacer=5-10bp;gc_cont=0.425
NODE_86_length_12147_cov_42.083361:10885-11337|+   -            151 18321                -            340   5.7e-07   26.9   6.0   1   2   6.6e-09   2.4e-06   24.8   4.9   109   209    10   112     2   128 0.78 NODE_86_length_12147_cov_42.083361_15 # 10885 # 11337 # 1 # ID=86_15;partial=00;start_type=ATG;rbs_motif=AGGAG/GGAGG;rbs_spacer=11-12bp;gc_cont=0.450
NODE_86_length_12147_cov_42.083361:10885-11337|+   -            151 18321                -            340   5.7e-07   26.9   6.0   2   2    0.0076       2.7    4.9   0.7   112   146   100   133    99   145 0.67 NODE_86_length_12147_cov_42.083361_15 # 10885 # 11337 # 1 # ID=86_15;partial=00;start_type=ATG;rbs_motif=AGGAG/GGAGG;rbs_spacer=11-12bp;gc_cont=0.450
NODE_3_length_152663_cov_37.088930:142821-143309|+ -            163 18321                -            340   7.7e-07   26.5   3.7   1   1   3.8e-09   1.4e-06   25.6   3.8   105   178    59   141    51   145 0.87 NODE_3_length_152663_cov_37.088930_121 # 142821 # 143309 # 1 # ID=3_121;partial=00;start_type=ATG;rbs_motif=GGxGG;rbs_spacer=5-10bp;gc_cont=0.534
NODE_40_length_46585_cov_37.455939:30229-30819|-   -            197 18321                -            340   7.4e-06   23.2   2.6   1   2     0.001      0.37    7.8   0.0    98   142    17    64     5    68 0.83 NODE_40_length_46585_cov_37.455939_26 # 30229 # 30819 # -1 # ID=40_26;partial=00;start_type=ATG;rbs_motif=AGGAGG;rbs_spacer=3-4bp;gc_cont=0.503
NODE_40_length_46585_cov_37.455939:30229-30819|-   -            197 18321                -            340   7.4e-06   23.2   2.6   2   2   4.7e-06    0.0017   15.5   0.6    92   151    72   130    68   138 0.81 NODE_40_length_46585_cov_37.455939_26 # 30229 # 30819 # -1 # ID=40_26;partial=00;start_type=ATG;rbs_motif=AGGAGG;rbs_spacer=3-4bp;gc_cont=0.503
NODE_54_length_28184_cov_41.894607:7042-7863|+     -            274 18321                -            340    0.0005   17.2   0.4   1   1     2e-06   0.00074   16.7   0.4    98   178   142   226   126   234 0.78 NODE_54_length_28184_cov_41.894607_9 # 7042 # 7863 # 1 # ID=54_9;partial=00;start_type=ATG;rbs_motif=GGAG/GAGG;rbs_spacer=5-10bp;gc_cont=0.532
NODE_4_length_139564_cov_44.158667:117501-118091|+ -            197 18321                -            340   0.00064   16.9   6.9   1   1   2.5e-06    0.0009   16.4   6.9   198   291    26   121    14   137 0.80 NODE_4_length_139564_cov_44.158667_101 # 117501 # 118091 # 1 # ID=4_101;partial=00;start_type=GTG;rbs_motif=AGGA/GGAG/GAGG;rbs_spacer=11-12bp;gc_cont=0.552
NODE_3_length_152663_cov_37.088930:146479-147027|+ -            183 18321                -            340    0.0057   13.7   0.1   1   2   0.00021     0.076   10.0   0.0    98   176    52   137    20   147 0.72 NODE_3_length_152663_cov_37.088930_125 # 146479 # 147027 # 1 # ID=3_125;partial=00;start_type=ATG;rbs_motif=GGA/GAG/AGG;rbs_spacer=5-10bp;gc_cont=0.481
NODE_3_length_152663_cov_37.088930:146479-147027|+ -            183 18321                -            340    0.0057   13.7   0.1   2   2    0.0015      0.56    7.2   0.1   122   155   125   158   113   175 0.59 NODE_3_length_152663_cov_37.088930_125 # 146479 # 147027 # 1 # ID=3_125;partial=00;start_type=ATG;rbs_motif=GGA/GAG/AGG;rbs_spacer=5-10bp;gc_cont=0.481
NODE_30_length_69036_cov_41.149327:37664-38488|+   -            275 18321                -            340    0.0061   13.6   2.1   1   1   7.2e-05     0.026   11.6   2.1    95   172   129   214   108   219 0.65 NODE_30_length_69036_cov_41.149327_37 # 37664 # 38488 # 1 # ID=30_37;partial=00;start_type=ATG;rbs_motif=GGA/GAG/AGG;rbs_spacer=5-10bp;gc_cont=0.530
#
# Program:         hmmsearch
# Version:         3.4 (Aug 2023)
# Pipeline mode:   SEARCH
# Query file:      /home/simonedassisi/busco_downloads/lineages/enterobacteriaceae_odb12/hmms/18321at543.hmm
# Target file:     home/simonedassisi/Desktop/BUSCO_output/prodigal_output/predicted_genes/predicted.faa
# Option settings: hmmsearch --domtblout home/simonedassisi/Desktop/BUSCO_output/run_enterobacteriaceae_odb12/hmmer_output/18321at543.out --cpu 1 /home/simonedassisi/busco_downloads/lineages/enterobacteriaceae_odb12/hmms/18321at543.hmm home/simonedassisi/Desktop/BUSCO_output/prodigal_output/predicted_genes/predicted.faa 
# Current dir:     /home/simonedassisi
# Date:            Tue Apr  1 14:30:13 2025
# [ok]
