#                                                                                                           --- full sequence --- -------------- this domain -------------   hmm coord   ali coord   env coord
# target name                                       accession   tlen query name           accession   qlen   E-value  score  bias   #  of  c-Evalue  i-Evalue  score  bias  from    to  from    to  from    to  acc description of target
#                               ------------------- ---------- ----- -------------------- ---------- ----- --------- ------ ----- --- --- --------- --------- ------ ----- ----- ----- ----- ----- ----- ----- ---- ---------------------
NODE_71_length_16748_cov_35.319114:13113-13724|-    -            204 187                  -            201  4.9e-107  354.1   0.0   1   1  7.5e-110  5.4e-107  354.0   0.0     1   201     1   203     1   203 0.97 NODE_71_length_16748_cov_35.319114_12 # 13113 # 13724 # -1 # ID=71_12;partial=00;start_type=GTG;rbs_motif=AGGA;rbs_spacer=5-10bp;gc_cont=0.516
NODE_11_length_117034_cov_40.464403:110795-111874|+ -            360 187                  -            201   9.5e-60  199.7   0.5   1   2      0.33   2.4e+02   -0.7   0.0     8    55    10    59     1    61 0.53 NODE_11_length_117034_cov_40.464403_103 # 110795 # 111874 # 1 # ID=11_103;partial=00;start_type=ATG;rbs_motif=None;rbs_spacer=None;gc_cont=0.512
NODE_11_length_117034_cov_40.464403:110795-111874|+ -            360 187                  -            201   9.5e-60  199.7   0.5   2   2   4.7e-62   3.4e-59  197.9   0.3    27   199   182   354   172   356 0.97 NODE_11_length_117034_cov_40.464403_103 # 110795 # 111874 # 1 # ID=11_103;partial=00;start_type=ATG;rbs_motif=None;rbs_spacer=None;gc_cont=0.512
NODE_31_length_58399_cov_38.812466:24389-26326|-    -            646 187                  -            201     2e-10   38.7   0.0   1   1   5.3e-13   3.8e-10   37.8   0.0    36   122   479   564   463   572 0.89 NODE_31_length_58399_cov_38.812466_24 # 24389 # 26326 # -1 # ID=31_24;partial=00;start_type=GTG;rbs_motif=GGAG/GAGG;rbs_spacer=5-10bp;gc_cont=0.547
NODE_93_length_10639_cov_80.134608:8350-8910|+      -            187 187                  -            201    0.0023   15.7   0.0   1   1   5.2e-06    0.0037   15.0   0.0    32    84    33    95    10   129 0.74 NODE_93_length_10639_cov_80.134608_9 # 8350 # 8910 # 1 # ID=93_9;partial=00;start_type=ATG;rbs_motif=AGGAG;rbs_spacer=5-10bp;gc_cont=0.435
NODE_56_length_27778_cov_64.268236:19949-20458|+    -            170 187                  -            201     0.014   13.1   0.0   1   1   3.2e-05     0.023   12.4   0.0    41   121    23   102    13   111 0.80 NODE_56_length_27778_cov_64.268236_30 # 19949 # 20458 # 1 # ID=56_30;partial=00;start_type=ATG;rbs_motif=GGAG/GAGG;rbs_spacer=5-10bp;gc_cont=0.451
NODE_77_length_15753_cov_35.008191:10357-11577|+    -            407 187                  -            201     0.029   12.1   0.0   1   1   6.9e-05      0.05   11.3   0.0    34    86    52   103    33   166 0.81 NODE_77_length_15753_cov_35.008191_12 # 10357 # 11577 # 1 # ID=77_12;partial=00;start_type=ATG;rbs_motif=GGA/GAG/AGG;rbs_spacer=5-10bp;gc_cont=0.520
NODE_60_length_26402_cov_36.807041:18479-19669|+    -            397 187                  -            201     0.032   11.9   0.0   1   2     0.075        54    1.4   0.0     6    23    45    62    40    85 0.80 NODE_60_length_26402_cov_36.807041_19 # 18479 # 19669 # 1 # ID=60_19;partial=00;start_type=TTG;rbs_motif=GGAG/GAGG;rbs_spacer=5-10bp;gc_cont=0.547
NODE_60_length_26402_cov_36.807041:18479-19669|+    -            397 187                  -            201     0.032   11.9   0.0   2   2    0.0009      0.64    7.7   0.0    27    63   162   198   151   206 0.82 NODE_60_length_26402_cov_36.807041_19 # 18479 # 19669 # 1 # ID=60_19;partial=00;start_type=TTG;rbs_motif=GGAG/GAGG;rbs_spacer=5-10bp;gc_cont=0.547
#
# Program:         hmmsearch
# Version:         3.4 (Aug 2023)
# Pipeline mode:   SEARCH
# Query file:      /home/simonedassisi/busco_downloads/lineages/enterobacteriaceae_odb12/hmms/187at543.hmm
# Target file:     home/simonedassisi/Desktop/BUSCO_output/prodigal_output/predicted_genes/predicted.faa
# Option settings: hmmsearch --domtblout home/simonedassisi/Desktop/BUSCO_output/run_enterobacteriaceae_odb12/hmmer_output/187at543.out --cpu 1 /home/simonedassisi/busco_downloads/lineages/enterobacteriaceae_odb12/hmms/187at543.hmm home/simonedassisi/Desktop/BUSCO_output/prodigal_output/predicted_genes/predicted.faa 
# Current dir:     /home/simonedassisi
# Date:            Tue Apr  1 14:30:13 2025
# [ok]
