#                                                                                                          --- full sequence --- -------------- this domain -------------   hmm coord   ali coord   env coord
# target name                                      accession   tlen query name           accession   qlen   E-value  score  bias   #  of  c-Evalue  i-Evalue  score  bias  from    to  from    to  from    to  acc description of target
#                              ------------------- ---------- ----- -------------------- ---------- ----- --------- ------ ----- --- --- --------- --------- ------ ----- ----- ----- ----- ----- ----- ----- ---- ---------------------
NODE_17_length_86457_cov_41.702653:66920-68743|-   -            608 18857                -            606         0 1349.3   2.2   1   1         0         0 1349.1   2.2     1   605     1   605     1   606 1.00 NODE_17_length_86457_cov_41.702653_70 # 66920 # 68743 # -1 # ID=17_70;partial=00;start_type=GTG;rbs_motif=GGAG/GAGG;rbs_spacer=5-10bp;gc_cont=0.533
NODE_1_length_276430_cov_40.515391:273984-276098|+ -            705 18857                -            606   1.4e-47  160.1   2.0   1   3   1.4e-30   5.8e-28   95.3   0.3     3   144     8   158     6   197 0.89 NODE_1_length_276430_cov_40.515391_250 # 273984 # 276098 # 1 # ID=1_250;partial=00;start_type=ATG;rbs_motif=GGAG/GAGG;rbs_spacer=5-10bp;gc_cont=0.509
NODE_1_length_276430_cov_40.515391:273984-276098|+ -            705 18857                -            606   1.4e-47  160.1   2.0   2   3   1.2e-16   4.9e-14   49.3   0.0   204   394   316   495   296   506 0.85 NODE_1_length_276430_cov_40.515391_250 # 273984 # 276098 # 1 # ID=1_250;partial=00;start_type=ATG;rbs_motif=GGAG/GAGG;rbs_spacer=5-10bp;gc_cont=0.509
NODE_1_length_276430_cov_40.515391:273984-276098|+ -            705 18857                -            606   1.4e-47  160.1   2.0   3   3   9.4e-06    0.0039   13.3   0.0   386   475   602   690   588   700 0.85 NODE_1_length_276430_cov_40.515391_250 # 273984 # 276098 # 1 # ID=1_250;partial=00;start_type=ATG;rbs_motif=GGAG/GAGG;rbs_spacer=5-10bp;gc_cont=0.509
NODE_9_length_123825_cov_37.296666:19181-20980|+   -            600 18857                -            606   1.9e-47  159.7   0.0   1   1   4.2e-49   1.8e-46  156.5   0.0     3   308     2   296     1   527 0.87 NODE_9_length_123825_cov_37.296666_19 # 19181 # 20980 # 1 # ID=9_19;partial=00;start_type=ATG;rbs_motif=None;rbs_spacer=None;gc_cont=0.537
NODE_195_length_433_cov_0.696078:3-431|-           -            143 18857                -            606   1.3e-43  147.0   0.0   1   1   3.4e-46   1.4e-43  146.9   0.0   419   562     1   143     1   143 0.98 NODE_195_length_433_cov_0.696078_1 # 3 # 431 # -1 # ID=195_1;partial=11;start_type=Edge;rbs_motif=None;rbs_spacer=None;gc_cont=0.650
NODE_31_length_58399_cov_38.812466:44933-46522|-   -            530 18857                -            606     6e-22   75.5   0.1   1   2   2.4e-22   9.9e-20   68.1   0.1     4   144    12   158     9   165 0.90 NODE_31_length_58399_cov_38.812466_42 # 44933 # 46522 # -1 # ID=31_42;partial=00;start_type=ATG;rbs_motif=AGxAG;rbs_spacer=5-10bp;gc_cont=0.536
NODE_31_length_58399_cov_38.812466:44933-46522|-   -            530 18857                -            606     6e-22   75.5   0.1   2   2    0.0026       1.1    5.2   0.0   247   292   338   383   315   393 0.86 NODE_31_length_58399_cov_38.812466_42 # 44933 # 46522 # -1 # ID=31_42;partial=00;start_type=ATG;rbs_motif=AGxAG;rbs_spacer=5-10bp;gc_cont=0.536
NODE_148_length_1031_cov_94.602876:1-1029|+        -            343 18857                -            606   5.8e-16   55.7   0.0   1   1   1.8e-18   7.6e-16   55.3   0.0    44   248     6   209     3   230 0.86 NODE_148_length_1031_cov_94.602876_1 # 1 # 1029 # 1 # ID=148_1;partial=11;start_type=Edge;rbs_motif=None;rbs_spacer=None;gc_cont=0.539
NODE_8_length_126545_cov_41.885285:100508-103180|+ -            891 18857                -            606   6.6e-15   52.2   2.4   1   1   3.6e-16   1.5e-13   47.7   2.4     8   144   394   514   390   544 0.83 NODE_8_length_126545_cov_41.885285_96 # 100508 # 103180 # 1 # ID=8_96;partial=00;start_type=ATG;rbs_motif=AGGA;rbs_spacer=5-10bp;gc_cont=0.535
NODE_41_length_44791_cov_39.437601:31732-33159|-   -            476 18857                -            606   1.2e-12   44.7   0.0   1   1   5.1e-15   2.1e-12   43.9   0.0    14   301    36   335    25   356 0.73 NODE_41_length_44791_cov_39.437601_37 # 31732 # 33159 # -1 # ID=41_37;partial=00;start_type=ATG;rbs_motif=GGA/GAG/AGG;rbs_spacer=11-12bp;gc_cont=0.543
NODE_117_length_4367_cov_50.670283:2-262|-         -             87 18857                -            606   1.2e-07   28.3   0.1   1   1   3.3e-10   1.4e-07   28.0   0.1     7    80    14    87     9    87 0.87 NODE_117_length_4367_cov_50.670283_1 # 2 # 262 # -1 # ID=117_1;partial=10;start_type=ATG;rbs_motif=GGAG/GAGG;rbs_spacer=5-10bp;gc_cont=0.533
NODE_1_length_276430_cov_40.515391:276169-276429|+ -             87 18857                -            606   1.2e-07   28.3   0.1   1   1   3.3e-10   1.4e-07   28.0   0.1     7    80    14    87     9    87 0.87 NODE_1_length_276430_cov_40.515391_251 # 276169 # 276429 # 1 # ID=1_251;partial=01;start_type=GTG;rbs_motif=AGGA;rbs_spacer=5-10bp;gc_cont=0.529
NODE_99_length_8647_cov_35.430047:2366-4210|+      -            615 18857                -            606   2.6e-06   23.8   0.1   1   1   1.6e-08   6.8e-06   22.4   0.1     8   153     3   138     1   154 0.77 NODE_99_length_8647_cov_35.430047_3 # 2366 # 4210 # 1 # ID=99_3;partial=00;start_type=ATG;rbs_motif=AGGA/GGAG/GAGG;rbs_spacer=11-12bp;gc_cont=0.567
NODE_187_length_462_cov_0.922388:2-460|-           -            153 18857                -            606     0.012   11.7   0.0   1   1   3.5e-05     0.015   11.4   0.0   337   395    19    78     9    86 0.82 NODE_187_length_462_cov_0.922388_1 # 2 # 460 # -1 # ID=187_1;partial=11;start_type=Edge;rbs_motif=None;rbs_spacer=None;gc_cont=0.475
#
# Program:         hmmsearch
# Version:         3.4 (Aug 2023)
# Pipeline mode:   SEARCH
# Query file:      /home/simonedassisi/busco_downloads/lineages/enterobacteriaceae_odb12/hmms/18857at543.hmm
# Target file:     home/simonedassisi/Desktop/BUSCO_output/prodigal_output/predicted_genes/predicted.faa
# Option settings: hmmsearch --domtblout home/simonedassisi/Desktop/BUSCO_output/run_enterobacteriaceae_odb12/hmmer_output/18857at543.out --cpu 1 /home/simonedassisi/busco_downloads/lineages/enterobacteriaceae_odb12/hmms/18857at543.hmm home/simonedassisi/Desktop/BUSCO_output/prodigal_output/predicted_genes/predicted.faa 
# Current dir:     /home/simonedassisi
# Date:            Tue Apr  1 14:30:13 2025
# [ok]
