#                                                                                                        --- full sequence --- -------------- this domain -------------   hmm coord   ali coord   env coord
# target name                                    accession   tlen query name           accession   qlen   E-value  score  bias   #  of  c-Evalue  i-Evalue  score  bias  from    to  from    to  from    to  acc description of target
#                            ------------------- ---------- ----- -------------------- ---------- ----- --------- ------ ----- --- --- --------- --------- ------ ----- ----- ----- ----- ----- ----- ----- ---- ---------------------
NODE_2_length_157429_cov_38.171358:33892-35160|+ -            423 1907                 -            421  9.1e-234  773.8   0.0   1   1  8.1e-237    1e-233  773.6   0.0     4   420     4   420     1   421 0.99 NODE_2_length_157429_cov_38.171358_32 # 33892 # 35160 # 1 # ID=2_32;partial=00;start_type=ATG;rbs_motif=GGA/GAG/AGG;rbs_spacer=3-4bp;gc_cont=0.558
NODE_4_length_139564_cov_44.158667:59692-61179|- -            496 1907                 -            421   1.9e-08   31.5   0.1   1   3    0.0016         2    5.1   0.0    51    68   111   128    87   140 0.77 NODE_4_length_139564_cov_44.158667_54 # 59692 # 61179 # -1 # ID=4_54;partial=00;start_type=GTG;rbs_motif=GGAG/GAGG;rbs_spacer=5-10bp;gc_cont=0.569
NODE_4_length_139564_cov_44.158667:59692-61179|- -            496 1907                 -            421   1.9e-08   31.5   0.1   2   3      0.98   1.2e+03   -4.1   0.0   164   179   202   217   200   222 0.85 NODE_4_length_139564_cov_44.158667_54 # 59692 # 61179 # -1 # ID=4_54;partial=00;start_type=GTG;rbs_motif=GGAG/GAGG;rbs_spacer=5-10bp;gc_cont=0.569
NODE_4_length_139564_cov_44.158667:59692-61179|- -            496 1907                 -            421   1.9e-08   31.5   0.1   3   3   3.1e-09   3.9e-06   23.9   0.0   240   406   294   469   257   480 0.74 NODE_4_length_139564_cov_44.158667_54 # 59692 # 61179 # -1 # ID=4_54;partial=00;start_type=GTG;rbs_motif=GGAG/GAGG;rbs_spacer=5-10bp;gc_cont=0.569
NODE_4_length_139564_cov_44.158667:55942-57258|- -            439 1907                 -            421   0.00019   18.4   0.7   1   2     0.001       1.3    5.7   0.7    46    80   102   136    85   139 0.85 NODE_4_length_139564_cov_44.158667_51 # 55942 # 57258 # -1 # ID=4_51;partial=00;start_type=ATG;rbs_motif=GGA/GAG/AGG;rbs_spacer=5-10bp;gc_cont=0.550
NODE_4_length_139564_cov_44.158667:55942-57258|- -            439 1907                 -            421   0.00019   18.4   0.7   2   2   3.6e-05     0.045   10.5   0.0   140   296   152   310   139   320 0.76 NODE_4_length_139564_cov_44.158667_51 # 55942 # 57258 # -1 # ID=4_51;partial=00;start_type=ATG;rbs_motif=GGA/GAG/AGG;rbs_spacer=5-10bp;gc_cont=0.550
NODE_4_length_139564_cov_44.158667:52105-53580|- -            492 1907                 -            421    0.0089   12.8   0.0   1   2    0.0023       2.9    4.5   0.0    42    76   112   146   101   150 0.79 NODE_4_length_139564_cov_44.158667_48 # 52105 # 53580 # -1 # ID=4_48;partial=00;start_type=ATG;rbs_motif=3Base/5BMM;rbs_spacer=13-15bp;gc_cont=0.545
NODE_4_length_139564_cov_44.158667:52105-53580|- -            492 1907                 -            421    0.0089   12.8   0.0   2   2   0.00095       1.2    5.8   0.0   160   289   186   326   179   338 0.60 NODE_4_length_139564_cov_44.158667_48 # 52105 # 53580 # -1 # ID=4_48;partial=00;start_type=ATG;rbs_motif=3Base/5BMM;rbs_spacer=13-15bp;gc_cont=0.545
#
# Program:         hmmsearch
# Version:         3.4 (Aug 2023)
# Pipeline mode:   SEARCH
# Query file:      /home/simonedassisi/busco_downloads/lineages/enterobacteriaceae_odb12/hmms/1907at543.hmm
# Target file:     home/simonedassisi/Desktop/BUSCO_output/prodigal_output/predicted_genes/predicted.faa
# Option settings: hmmsearch --domtblout home/simonedassisi/Desktop/BUSCO_output/run_enterobacteriaceae_odb12/hmmer_output/1907at543.out --cpu 1 /home/simonedassisi/busco_downloads/lineages/enterobacteriaceae_odb12/hmms/1907at543.hmm home/simonedassisi/Desktop/BUSCO_output/prodigal_output/predicted_genes/predicted.faa 
# Current dir:     /home/simonedassisi
# Date:            Tue Apr  1 14:30:13 2025
# [ok]
