#                                                                                                           --- full sequence --- -------------- this domain -------------   hmm coord   ali coord   env coord
# target name                                       accession   tlen query name           accession   qlen   E-value  score  bias   #  of  c-Evalue  i-Evalue  score  bias  from    to  from    to  from    to  acc description of target
#                               ------------------- ---------- ----- -------------------- ---------- ----- --------- ------ ----- --- --- --------- --------- ------ ----- ----- ----- ----- ----- ----- ----- ---- ---------------------
NODE_11_length_117034_cov_40.464403:100462-101442|- -            327 19232                -            326  8.8e-177  585.2   1.3   1   1  2.7e-179  9.8e-177  585.1   1.3     1   325     1   325     1   326 1.00 NODE_11_length_117034_cov_40.464403_90 # 100462 # 101442 # -1 # ID=11_90;partial=00;start_type=ATG;rbs_motif=GGAG/GAGG;rbs_spacer=5-10bp;gc_cont=0.545
NODE_43_length_41508_cov_43.498876:29557-31038|+    -            494 19232                -            326   4.3e-51  172.2   5.5   1   2   2.5e-52   8.8e-50  167.9   2.3     4   268   113   380   111   388 0.85 NODE_43_length_41508_cov_43.498876_48 # 29557 # 31038 # 1 # ID=43_48;partial=00;start_type=ATG;rbs_motif=GGAG/GAGG;rbs_spacer=5-10bp;gc_cont=0.524
NODE_43_length_41508_cov_43.498876:29557-31038|+    -            494 19232                -            326   4.3e-51  172.2   5.5   2   2     0.008       2.9    5.1   0.1   266   303   419   456   387   472 0.76 NODE_43_length_41508_cov_43.498876_48 # 29557 # 31038 # 1 # ID=43_48;partial=00;start_type=ATG;rbs_motif=GGAG/GAGG;rbs_spacer=5-10bp;gc_cont=0.524
NODE_27_length_73011_cov_40.630920:6354-7847|-      -            498 19232                -            326   2.8e-49  166.2   2.8   1   2   7.7e-52   2.8e-49  166.2   2.8     3   267   121   388   119   395 0.84 NODE_27_length_73011_cov_40.630920_10 # 6354 # 7847 # -1 # ID=27_10;partial=00;start_type=ATG;rbs_motif=GGAG/GAGG;rbs_spacer=5-10bp;gc_cont=0.587
NODE_27_length_73011_cov_40.630920:6354-7847|-      -            498 19232                -            326   2.8e-49  166.2   2.8   2   2      0.88   3.2e+02   -1.6   0.0   271   292   433   455   428   474 0.77 NODE_27_length_73011_cov_40.630920_10 # 6354 # 7847 # -1 # ID=27_10;partial=00;start_type=ATG;rbs_motif=GGAG/GAGG;rbs_spacer=5-10bp;gc_cont=0.587
NODE_4_length_139564_cov_44.158667:37246-38631|+    -            462 19232                -            326     1e-42  144.7   3.6   1   2   4.8e-43   1.7e-40  137.3   2.9     7   268    89   353    83   359 0.80 NODE_4_length_139564_cov_44.158667_34 # 37246 # 38631 # 1 # ID=4_34;partial=00;start_type=ATG;rbs_motif=AGGAG;rbs_spacer=5-10bp;gc_cont=0.538
NODE_4_length_139564_cov_44.158667:37246-38631|+    -            462 19232                -            326     1e-42  144.7   3.6   2   2     0.005       1.8    5.8   0.0   272   314   394   434   389   445 0.82 NODE_4_length_139564_cov_44.158667_34 # 37246 # 38631 # 1 # ID=4_34;partial=00;start_type=ATG;rbs_motif=AGGAG;rbs_spacer=5-10bp;gc_cont=0.538
NODE_93_length_10639_cov_80.134608:5045-6598|+      -            518 19232                -            326   1.6e-30  104.5   0.0   1   1     7e-33   2.5e-30  103.9   0.0    12   266    98   371    90   378 0.73 NODE_93_length_10639_cov_80.134608_6 # 5045 # 6598 # 1 # ID=93_6;partial=00;start_type=ATG;rbs_motif=GGA/GAG/AGG;rbs_spacer=5-10bp;gc_cont=0.470
NODE_29_length_69919_cov_43.020805:64559-66079|+    -            507 19232                -            326   6.8e-22   76.2   0.1   1   1   7.4e-24   2.7e-21   74.3   0.1    79   237   185   357    92   384 0.74 NODE_29_length_69919_cov_43.020805_63 # 64559 # 66079 # 1 # ID=29_63;partial=00;start_type=ATG;rbs_motif=GGAG/GAGG;rbs_spacer=5-10bp;gc_cont=0.552
NODE_8_length_126545_cov_41.885285:636-1394|-       -            253 19232                -            326    0.0012   16.2   0.0   1   1   5.4e-06     0.002   15.5   0.0   122   159    40    74    11    99 0.77 NODE_8_length_126545_cov_41.885285_2 # 636 # 1394 # -1 # ID=8_2;partial=00;start_type=ATG;rbs_motif=GGAG/GAGG;rbs_spacer=5-10bp;gc_cont=0.476
NODE_27_length_73011_cov_40.630920:27584-28342|-    -            253 19232                -            326    0.0084   13.5   0.0   1   1   3.5e-05     0.013   12.9   0.0   120   149    21    50     1    56 0.82 NODE_27_length_73011_cov_40.630920_29 # 27584 # 28342 # -1 # ID=27_29;partial=00;start_type=ATG;rbs_motif=GGA/GAG/AGG;rbs_spacer=11-12bp;gc_cont=0.536
NODE_27_length_73011_cov_40.630920:28374-29072|-    -            233 19232                -            326     0.012   13.0   0.1   1   1   5.2e-05     0.019   12.3   0.1   122   152    11    42     3    45 0.84 NODE_27_length_73011_cov_40.630920_30 # 28374 # 29072 # -1 # ID=27_30;partial=00;start_type=ATG;rbs_motif=None;rbs_spacer=None;gc_cont=0.498
NODE_4_length_139564_cov_44.158667:38621-39823|+    -            401 19232                -            326     0.014   12.8   0.5   1   2   0.00035      0.13    9.6   0.1   261   317   229   284   222   293 0.86 NODE_4_length_139564_cov_44.158667_35 # 38621 # 39823 # 1 # ID=4_35;partial=00;start_type=ATG;rbs_motif=GGA/GAG/AGG;rbs_spacer=5-10bp;gc_cont=0.522
NODE_4_length_139564_cov_44.158667:38621-39823|+    -            401 19232                -            326     0.014   12.8   0.5   2   2      0.15        55    0.9   0.0   208   263   313   368   303   381 0.68 NODE_4_length_139564_cov_44.158667_35 # 38621 # 39823 # 1 # ID=4_35;partial=00;start_type=ATG;rbs_motif=GGA/GAG/AGG;rbs_spacer=5-10bp;gc_cont=0.522
NODE_3_length_152663_cov_37.088930:58747-59673|+    -            309 19232                -            326     0.014   12.8   0.1   1   2   0.00016     0.056   10.7   0.0   118   149    24    55     6    61 0.72 NODE_3_length_152663_cov_37.088930_52 # 58747 # 59673 # 1 # ID=3_52;partial=00;start_type=ATG;rbs_motif=GGA/GAG/AGG;rbs_spacer=5-10bp;gc_cont=0.558
NODE_3_length_152663_cov_37.088930:58747-59673|+    -            309 19232                -            326     0.014   12.8   0.1   2   2      0.62   2.2e+02   -1.1   0.0   183   201   142   160   136   162 0.85 NODE_3_length_152663_cov_37.088930_52 # 58747 # 59673 # 1 # ID=3_52;partial=00;start_type=ATG;rbs_motif=GGA/GAG/AGG;rbs_spacer=5-10bp;gc_cont=0.558
NODE_23_length_80065_cov_37.437114:10673-14779|-    -           1369 19232                -            326     0.018   12.4   0.0   1   1   0.00014     0.049   10.9   0.0   123   144  1026  1047  1012  1064 0.82 NODE_23_length_80065_cov_37.437114_10 # 10673 # 14779 # -1 # ID=23_10;partial=00;start_type=TTG;rbs_motif=GGAG/GAGG;rbs_spacer=5-10bp;gc_cont=0.541
NODE_7_length_130108_cov_39.332856:87931-90753|+    -            941 19232                -            326     0.047   11.0   0.1   1   2    0.0055         2    5.7   0.0   115   135    19    39    11    57 0.86 NODE_7_length_130108_cov_39.332856_80 # 87931 # 90753 # 1 # ID=7_80;partial=00;start_type=ATG;rbs_motif=GGA/GAG/AGG;rbs_spacer=5-10bp;gc_cont=0.556
NODE_7_length_130108_cov_39.332856:87931-90753|+    -            941 19232                -            326     0.047   11.0   0.1   2   2     0.049        18    2.5   0.1   124   138   637   651   621   669 0.79 NODE_7_length_130108_cov_39.332856_80 # 87931 # 90753 # 1 # ID=7_80;partial=00;start_type=ATG;rbs_motif=GGA/GAG/AGG;rbs_spacer=5-10bp;gc_cont=0.556
NODE_28_length_70179_cov_36.796251:34856-36448|+    -            531 19232                -            326      0.12    9.7   1.7   1   3      0.15        54    1.0   0.0   126   138    33    45    28    55 0.82 NODE_28_length_70179_cov_36.796251_34 # 34856 # 36448 # 1 # ID=28_34;partial=00;start_type=GTG;rbs_motif=AGGA;rbs_spacer=5-10bp;gc_cont=0.527
NODE_28_length_70179_cov_36.796251:34856-36448|+    -            531 19232                -            326      0.12    9.7   1.7   2   3     0.091        33    1.7   0.1   186   203   166   183   160   194 0.75 NODE_28_length_70179_cov_36.796251_34 # 34856 # 36448 # 1 # ID=28_34;partial=00;start_type=GTG;rbs_motif=AGGA;rbs_spacer=5-10bp;gc_cont=0.527
NODE_28_length_70179_cov_36.796251:34856-36448|+    -            531 19232                -            326      0.12    9.7   1.7   3   3     0.014       5.1    4.3   0.0   116   145   342   370   238   375 0.70 NODE_28_length_70179_cov_36.796251_34 # 34856 # 36448 # 1 # ID=28_34;partial=00;start_type=GTG;rbs_motif=AGGA;rbs_spacer=5-10bp;gc_cont=0.527
#
# Program:         hmmsearch
# Version:         3.4 (Aug 2023)
# Pipeline mode:   SEARCH
# Query file:      /home/simonedassisi/busco_downloads/lineages/enterobacteriaceae_odb12/hmms/19232at543.hmm
# Target file:     home/simonedassisi/Desktop/BUSCO_output/prodigal_output/predicted_genes/predicted.faa
# Option settings: hmmsearch --domtblout home/simonedassisi/Desktop/BUSCO_output/run_enterobacteriaceae_odb12/hmmer_output/19232at543.out --cpu 1 /home/simonedassisi/busco_downloads/lineages/enterobacteriaceae_odb12/hmms/19232at543.hmm home/simonedassisi/Desktop/BUSCO_output/prodigal_output/predicted_genes/predicted.faa 
# Current dir:     /home/simonedassisi
# Date:            Tue Apr  1 14:30:13 2025
# [ok]
