#                                                                                                          --- full sequence --- -------------- this domain -------------   hmm coord   ali coord   env coord
# target name                                      accession   tlen query name           accession   qlen   E-value  score  bias   #  of  c-Evalue  i-Evalue  score  bias  from    to  from    to  from    to  acc description of target
#                              ------------------- ---------- ----- -------------------- ---------- ----- --------- ------ ----- --- --- --------- --------- ------ ----- ----- ----- ----- ----- ----- ----- ---- ---------------------
NODE_1_length_276430_cov_40.515391:201901-202584|- -            228 20213                -            222    5e-115  380.7  12.0   1   1  7.7e-118  5.6e-115  380.6  12.0     1   222     1   227     1   227 0.96 NODE_1_length_276430_cov_40.515391_177 # 201901 # 202584 # -1 # ID=1_177;partial=00;start_type=ATG;rbs_motif=AGGA;rbs_spacer=5-10bp;gc_cont=0.551
NODE_53_length_29778_cov_36.323025:4371-5384|-     -            338 20213                -            222   6.6e-06   23.9   0.1   1   1   2.1e-08   1.5e-05   22.7   0.1   159   213   212   266   193   271 0.85 NODE_53_length_29778_cov_36.323025_5 # 4371 # 5384 # -1 # ID=53_5;partial=00;start_type=ATG;rbs_motif=GGA/GAG/AGG;rbs_spacer=5-10bp;gc_cont=0.529
NODE_2_length_157429_cov_38.171358:36596-38113|+   -            506 20213                -            222    0.0034   15.0   0.0   1   1   7.3e-06    0.0052   14.4   0.0   132   214   309   392   304   396 0.83 NODE_2_length_157429_cov_38.171358_35 # 36596 # 38113 # 1 # ID=2_35;partial=00;start_type=ATG;rbs_motif=GGAG/GAGG;rbs_spacer=5-10bp;gc_cont=0.528
NODE_4_length_139564_cov_44.158667:12535-13071|-   -            179 20213                -            222    0.0047   14.6   0.0   1   1   8.4e-06    0.0061   14.2   0.0   170   217    80   127    59   130 0.86 NODE_4_length_139564_cov_44.158667_16 # 12535 # 13071 # -1 # ID=4_16;partial=00;start_type=ATG;rbs_motif=None;rbs_spacer=None;gc_cont=0.503
NODE_39_length_47213_cov_38.868135:23851-24492|-   -            214 20213                -            222    0.0065   14.1   0.1   1   1   1.4e-05      0.01   13.5   0.1   184   212   119   147   107   154 0.86 NODE_39_length_47213_cov_38.868135_26 # 23851 # 24492 # -1 # ID=39_26;partial=00;start_type=ATG;rbs_motif=AGGAG;rbs_spacer=5-10bp;gc_cont=0.533
NODE_9_length_123825_cov_37.296666:104819-105445|+ -            209 20213                -            222     0.034   11.7   0.1   1   1   6.8e-05     0.049   11.2   0.1   177   218   118   159   111   162 0.88 NODE_9_length_123825_cov_37.296666_91 # 104819 # 105445 # 1 # ID=9_91;partial=00;start_type=ATG;rbs_motif=AGGAG;rbs_spacer=5-10bp;gc_cont=0.531
NODE_21_length_83220_cov_38.326345:67853-68404|-   -            184 20213                -            222     0.043   11.4   0.1   1   2       1.3   9.7e+02   -2.8   0.0    67    93    40    66    37    71 0.75 NODE_21_length_83220_cov_38.326345_65 # 67853 # 68404 # -1 # ID=21_65;partial=00;start_type=ATG;rbs_motif=AGxAGG/AGGxGG;rbs_spacer=5-10bp;gc_cont=0.542
NODE_21_length_83220_cov_38.326345:67853-68404|-   -            184 20213                -            222     0.043   11.4   0.1   2   2   0.00014     0.099   10.2   0.1   182   210   119   147   106   155 0.84 NODE_21_length_83220_cov_38.326345_65 # 67853 # 68404 # -1 # ID=21_65;partial=00;start_type=ATG;rbs_motif=AGxAGG/AGGxGG;rbs_spacer=5-10bp;gc_cont=0.542
#
# Program:         hmmsearch
# Version:         3.4 (Aug 2023)
# Pipeline mode:   SEARCH
# Query file:      /home/simonedassisi/busco_downloads/lineages/enterobacteriaceae_odb12/hmms/20213at543.hmm
# Target file:     home/simonedassisi/Desktop/BUSCO_output/prodigal_output/predicted_genes/predicted.faa
# Option settings: hmmsearch --domtblout home/simonedassisi/Desktop/BUSCO_output/run_enterobacteriaceae_odb12/hmmer_output/20213at543.out --cpu 1 /home/simonedassisi/busco_downloads/lineages/enterobacteriaceae_odb12/hmms/20213at543.hmm home/simonedassisi/Desktop/BUSCO_output/prodigal_output/predicted_genes/predicted.faa 
# Current dir:     /home/simonedassisi
# Date:            Tue Apr  1 14:30:14 2025
# [ok]
