#                                                                                                          --- full sequence --- -------------- this domain -------------   hmm coord   ali coord   env coord
# target name                                      accession   tlen query name           accession   qlen   E-value  score  bias   #  of  c-Evalue  i-Evalue  score  bias  from    to  from    to  from    to  acc description of target
#                              ------------------- ---------- ----- -------------------- ---------- ----- --------- ------ ----- --- --- --------- --------- ------ ----- ----- ----- ----- ----- ----- ----- ---- ---------------------
NODE_8_length_126545_cov_41.885285:92452-93789|+   -            446 20232                -            444  6.7e-282  932.5   2.1   1   1  1.2e-284  7.5e-282  932.3   2.1     1   443     1   444     1   445 0.99 NODE_8_length_126545_cov_41.885285_90 # 92452 # 93789 # 1 # ID=8_90;partial=00;start_type=ATG;rbs_motif=AGGA/GGAG/GAGG;rbs_spacer=11-12bp;gc_cont=0.544
NODE_75_length_15999_cov_37.930318:2409-2711|-     -            101 20232                -            444   5.3e-25   85.8   0.2   1   1   9.6e-28   6.1e-25   85.6   0.2     4    82     3    82     1    86 0.95 NODE_75_length_15999_cov_37.930318_5 # 2409 # 2711 # -1 # ID=75_5;partial=00;start_type=ATG;rbs_motif=AGGA/GGAG/GAGG;rbs_spacer=11-12bp;gc_cont=0.578
NODE_128_length_2487_cov_13.464407:1422-2486|-     -            355 20232                -            444   1.7e-19   67.7   0.0   1   1   3.1e-22     2e-19   67.5   0.0   166   431    60   341    35   354 0.82 NODE_128_length_2487_cov_13.464407_2 # 1422 # 2486 # -1 # ID=128_2;partial=01;start_type=Edge;rbs_motif=None;rbs_spacer=None;gc_cont=0.496
NODE_74_length_16201_cov_34.268197:15136-16200|-   -            355 20232                -            444   1.2e-17   61.6   0.0   1   1   2.5e-20   1.6e-17   61.2   0.0   157   426    52   336    25   347 0.79 NODE_74_length_16201_cov_34.268197_14 # 15136 # 16200 # -1 # ID=74_14;partial=01;start_type=Edge;rbs_motif=None;rbs_spacer=None;gc_cont=0.557
NODE_10_length_119716_cov_38.250842:12932-14572|-  -            547 20232                -            444     3e-10   37.2   0.0   1   3     8e-11     5e-08   29.9   0.1     6   133    41   177    36   201 0.78 NODE_10_length_119716_cov_38.250842_11 # 12932 # 14572 # -1 # ID=10_11;partial=00;start_type=ATG;rbs_motif=AGGA;rbs_spacer=5-10bp;gc_cont=0.553
NODE_10_length_119716_cov_38.250842:12932-14572|-  -            547 20232                -            444     3e-10   37.2   0.0   2   3    0.0039       2.4    4.5   0.0   229   347   292   417   276   434 0.76 NODE_10_length_119716_cov_38.250842_11 # 12932 # 14572 # -1 # ID=10_11;partial=00;start_type=ATG;rbs_motif=AGGA;rbs_spacer=5-10bp;gc_cont=0.553
NODE_10_length_119716_cov_38.250842:12932-14572|-  -            547 20232                -            444     3e-10   37.2   0.0   3   3      0.68   4.3e+02   -2.9   0.0   401   440   498   541   496   544 0.70 NODE_10_length_119716_cov_38.250842_11 # 12932 # 14572 # -1 # ID=10_11;partial=00;start_type=ATG;rbs_motif=AGGA;rbs_spacer=5-10bp;gc_cont=0.553
NODE_202_length_372_cov_67.530612:1-372|-          -            124 20232                -            444   2.7e-09   34.0   0.0   1   1   5.1e-12   3.2e-09   33.8   0.0    31   114     6    90     2   104 0.88 NODE_202_length_372_cov_67.530612_1 # 1 # 372 # -1 # ID=202_1;partial=11;start_type=Edge;rbs_motif=None;rbs_spacer=None;gc_cont=0.548
NODE_3_length_152663_cov_37.088930:152477-152662|+ -             62 20232                -            444    0.0081   12.7   0.1   1   1   1.3e-05    0.0085   12.6   0.1     1    66     1    62     1    62 0.89 NODE_3_length_152663_cov_37.088930_131 # 152477 # 152662 # 1 # ID=3_131;partial=01;start_type=ATG;rbs_motif=GGA/GAG/AGG;rbs_spacer=5-10bp;gc_cont=0.462
NODE_74_length_16201_cov_34.268197:2-187|-         -             62 20232                -            444     0.017   11.6   0.0   1   1   2.7e-05     0.017   11.6   0.0     6    66     6    62     1    62 0.88 NODE_74_length_16201_cov_34.268197_1 # 2 # 187 # -1 # ID=74_1;partial=10;start_type=ATG;rbs_motif=None;rbs_spacer=None;gc_cont=0.446
#
# Program:         hmmsearch
# Version:         3.4 (Aug 2023)
# Pipeline mode:   SEARCH
# Query file:      /home/simonedassisi/busco_downloads/lineages/enterobacteriaceae_odb12/hmms/20232at543.hmm
# Target file:     home/simonedassisi/Desktop/BUSCO_output/prodigal_output/predicted_genes/predicted.faa
# Option settings: hmmsearch --domtblout home/simonedassisi/Desktop/BUSCO_output/run_enterobacteriaceae_odb12/hmmer_output/20232at543.out --cpu 1 /home/simonedassisi/busco_downloads/lineages/enterobacteriaceae_odb12/hmms/20232at543.hmm home/simonedassisi/Desktop/BUSCO_output/prodigal_output/predicted_genes/predicted.faa 
# Current dir:     /home/simonedassisi
# Date:            Tue Apr  1 14:30:14 2025
# [ok]
