#                                                                                                          --- full sequence --- -------------- this domain -------------   hmm coord   ali coord   env coord
# target name                                      accession   tlen query name           accession   qlen   E-value  score  bias   #  of  c-Evalue  i-Evalue  score  bias  from    to  from    to  from    to  acc description of target
#                              ------------------- ---------- ----- -------------------- ---------- ----- --------- ------ ----- --- --- --------- --------- ------ ----- ----- ----- ----- ----- ----- ----- ---- ---------------------
NODE_30_length_69036_cov_41.149327:55457-57979|-   -            841 2129                 -            823         0 1651.6   0.0   1   1         0         0 1651.5   0.0     1   823     1   840     1   840 0.98 NODE_30_length_69036_cov_41.149327_52 # 55457 # 57979 # -1 # ID=30_52;partial=00;start_type=ATG;rbs_motif=GGAG/GAGG;rbs_spacer=5-10bp;gc_cont=0.552
NODE_1_length_276430_cov_40.515391:222095-224647|- -            851 2129                 -            823   9.3e-90  299.6   8.2   1   3   3.7e-56   4.7e-53  178.2   0.6   203   452    62   307    44   316 0.93 NODE_1_length_276430_cov_40.515391_194 # 222095 # 224647 # -1 # ID=1_194;partial=00;start_type=GTG;rbs_motif=GGA/GAG/AGG;rbs_spacer=5-10bp;gc_cont=0.555
NODE_1_length_276430_cov_40.515391:222095-224647|- -            851 2129                 -            823   9.3e-90  299.6   8.2   2   3   1.4e-31   1.7e-28   97.0   0.1   460   649   421   609   413   615 0.94 NODE_1_length_276430_cov_40.515391_194 # 222095 # 224647 # -1 # ID=1_194;partial=00;start_type=GTG;rbs_motif=GGA/GAG/AGG;rbs_spacer=5-10bp;gc_cont=0.555
NODE_1_length_276430_cov_40.515391:222095-224647|- -            851 2129                 -            823   9.3e-90  299.6   8.2   3   3   1.1e-10   1.4e-07   27.8   0.3   672   733   698   760   680   818 0.90 NODE_1_length_276430_cov_40.515391_194 # 222095 # 224647 # -1 # ID=1_194;partial=00;start_type=GTG;rbs_motif=GGA/GAG/AGG;rbs_spacer=5-10bp;gc_cont=0.555
NODE_9_length_123825_cov_37.296666:78366-80678|+   -            771 2129                 -            823   3.5e-38  129.1   0.0   1   2   2.1e-36   2.7e-33  112.9   0.0   219   629    76   464    58   467 0.89 NODE_9_length_123825_cov_37.296666_69 # 78366 # 80678 # 1 # ID=9_69;partial=00;start_type=ATG;rbs_motif=None;rbs_spacer=None;gc_cont=0.565
NODE_9_length_123825_cov_37.296666:78366-80678|+   -            771 2129                 -            823   3.5e-38  129.1   0.0   2   2   1.9e-06    0.0024   13.8   0.0   686   722   507   543   499   569 0.87 NODE_9_length_123825_cov_37.296666_69 # 78366 # 80678 # 1 # ID=9_69;partial=00;start_type=ATG;rbs_motif=None;rbs_spacer=None;gc_cont=0.565
NODE_8_length_126545_cov_41.885285:66714-67442|+   -            243 2129                 -            823   1.3e-20   71.0   0.0   1   1   1.2e-23   1.5e-20   70.7   0.0   223   346    80   199    67   224 0.95 NODE_8_length_126545_cov_41.885285_58 # 66714 # 67442 # 1 # ID=8_58;partial=00;start_type=ATG;rbs_motif=None;rbs_spacer=None;gc_cont=0.519
#
# Program:         hmmsearch
# Version:         3.4 (Aug 2023)
# Pipeline mode:   SEARCH
# Query file:      /home/simonedassisi/busco_downloads/lineages/enterobacteriaceae_odb12/hmms/2129at543.hmm
# Target file:     home/simonedassisi/Desktop/BUSCO_output/prodigal_output/predicted_genes/predicted.faa
# Option settings: hmmsearch --domtblout home/simonedassisi/Desktop/BUSCO_output/run_enterobacteriaceae_odb12/hmmer_output/2129at543.out --cpu 1 /home/simonedassisi/busco_downloads/lineages/enterobacteriaceae_odb12/hmms/2129at543.hmm home/simonedassisi/Desktop/BUSCO_output/prodigal_output/predicted_genes/predicted.faa 
# Current dir:     /home/simonedassisi
# Date:            Tue Apr  1 14:30:14 2025
# [ok]
