#                                                                                                        --- full sequence --- -------------- this domain -------------   hmm coord   ali coord   env coord
# target name                                    accession   tlen query name           accession   qlen   E-value  score  bias   #  of  c-Evalue  i-Evalue  score  bias  from    to  from    to  from    to  acc description of target
#                            ------------------- ---------- ----- -------------------- ---------- ----- --------- ------ ----- --- --- --------- --------- ------ ----- ----- ----- ----- ----- ----- ----- ---- ---------------------
NODE_21_length_83220_cov_38.326345:65793-67724|- -            644 2430                 -            644         0 1197.3   3.4   1   1         0         0 1197.1   3.4     1   644     1   643     1   643 1.00 NODE_21_length_83220_cov_38.326345_64 # 65793 # 67724 # -1 # ID=21_64;partial=00;start_type=ATG;rbs_motif=GGA/GAG/AGG;rbs_spacer=5-10bp;gc_cont=0.576
NODE_20_length_84241_cov_37.036046:58487-59491|+ -            335 2430                 -            644   4.1e-21   73.5   0.0   1   2     2e-21   2.1e-18   64.6   0.0    28   175    14   164    11   206 0.92 NODE_20_length_84241_cov_37.036046_65 # 58487 # 59491 # 1 # ID=20_65;partial=00;start_type=ATG;rbs_motif=AGGAG;rbs_spacer=5-10bp;gc_cont=0.541
NODE_20_length_84241_cov_37.036046:58487-59491|+ -            335 2430                 -            644   4.1e-21   73.5   0.0   2   2   0.00048      0.48    7.2   0.0   500   541   234   278   208   304 0.83 NODE_20_length_84241_cov_37.036046_65 # 58487 # 59491 # 1 # ID=20_65;partial=00;start_type=ATG;rbs_motif=AGGAG;rbs_spacer=5-10bp;gc_cont=0.541
NODE_23_length_80065_cov_37.437114:8553-9896|-   -            448 2430                 -            644   2.1e-13   48.0   0.0   1   2   9.8e-10   9.9e-07   26.0   0.0     3    84    13    97    11    99 0.81 NODE_23_length_80065_cov_37.437114_8 # 8553 # 9896 # -1 # ID=23_8;partial=00;start_type=GTG;rbs_motif=GGAG/GAGG;rbs_spacer=5-10bp;gc_cont=0.531
NODE_23_length_80065_cov_37.437114:8553-9896|-   -            448 2430                 -            644   2.1e-13   48.0   0.0   2   2   1.3e-08   1.3e-05   22.3   0.0    96   194    83   181    76   224 0.81 NODE_23_length_80065_cov_37.437114_8 # 8553 # 9896 # -1 # ID=23_8;partial=00;start_type=GTG;rbs_motif=GGAG/GAGG;rbs_spacer=5-10bp;gc_cont=0.531
NODE_23_length_80065_cov_37.437114:22462-24738|- -            759 2430                 -            644     0.011   12.7   0.1   1   2     0.061        62    0.2   0.0    42    59   211   228   189   231 0.86 NODE_23_length_80065_cov_37.437114_17 # 22462 # 24738 # -1 # ID=23_17;partial=00;start_type=ATG;rbs_motif=GGAGG;rbs_spacer=5-10bp;gc_cont=0.531
NODE_23_length_80065_cov_37.437114:22462-24738|- -            759 2430                 -            644     0.011   12.7   0.1   2   2   9.8e-05     0.099    9.5   0.1    18    63   460   513   457   517 0.82 NODE_23_length_80065_cov_37.437114_17 # 22462 # 24738 # -1 # ID=23_17;partial=00;start_type=ATG;rbs_motif=GGAGG;rbs_spacer=5-10bp;gc_cont=0.531
NODE_25_length_79707_cov_37.284883:36483-37298|- -            272 2430                 -            644       3.3    4.4  16.5   1   1    0.0043       4.3    4.0  16.5   371   499    28   150     7   157 0.49 NODE_25_length_79707_cov_37.284883_35 # 36483 # 37298 # -1 # ID=25_35;partial=00;start_type=GTG;rbs_motif=GGAG/GAGG;rbs_spacer=5-10bp;gc_cont=0.477
#
# Program:         hmmsearch
# Version:         3.4 (Aug 2023)
# Pipeline mode:   SEARCH
# Query file:      /home/simonedassisi/busco_downloads/lineages/enterobacteriaceae_odb12/hmms/2430at543.hmm
# Target file:     home/simonedassisi/Desktop/BUSCO_output/prodigal_output/predicted_genes/predicted.faa
# Option settings: hmmsearch --domtblout home/simonedassisi/Desktop/BUSCO_output/run_enterobacteriaceae_odb12/hmmer_output/2430at543.out --cpu 1 /home/simonedassisi/busco_downloads/lineages/enterobacteriaceae_odb12/hmms/2430at543.hmm home/simonedassisi/Desktop/BUSCO_output/prodigal_output/predicted_genes/predicted.faa 
# Current dir:     /home/simonedassisi
# Date:            Tue Apr  1 14:30:15 2025
# [ok]
