#                                                                                                          --- full sequence --- -------------- this domain -------------   hmm coord   ali coord   env coord
# target name                                      accession   tlen query name           accession   qlen   E-value  score  bias   #  of  c-Evalue  i-Evalue  score  bias  from    to  from    to  from    to  acc description of target
#                              ------------------- ---------- ----- -------------------- ---------- ----- --------- ------ ----- --- --- --------- --------- ------ ----- ----- ----- ----- ----- ----- ----- ---- ---------------------
NODE_17_length_86457_cov_41.702653:21859-22557|+   -            233 2484                 -            230  3.1e-147  486.6   1.9   1   1  2.5e-149  3.5e-147  486.4   1.9     1   230     1   232     1   232 0.98 NODE_17_length_86457_cov_41.702653_26 # 21859 # 22557 # 1 # ID=17_26;partial=00;start_type=ATG;rbs_motif=GGAGG;rbs_spacer=5-10bp;gc_cont=0.516
NODE_1_length_276430_cov_40.515391:210863-211582|+ -            240 2484                 -            230   1.5e-49  167.0   0.0   1   1   1.3e-51   1.8e-49  166.7   0.0     3   228     6   234     4   236 0.93 NODE_1_length_276430_cov_40.515391_185 # 210863 # 211582 # 1 # ID=1_185;partial=00;start_type=ATG;rbs_motif=GGAG/GAGG;rbs_spacer=5-10bp;gc_cont=0.547
NODE_3_length_152663_cov_37.088930:110029-110751|- -            241 2484                 -            230   1.4e-46  157.2   0.0   1   1   1.2e-48   1.7e-46  157.0   0.0     3   225    12   231    10   236 0.93 NODE_3_length_152663_cov_37.088930_100 # 110029 # 110751 # -1 # ID=3_100;partial=00;start_type=ATG;rbs_motif=GGA/GAG/AGG;rbs_spacer=5-10bp;gc_cont=0.541
NODE_19_length_85129_cov_38.767276:59027-59716|-   -            230 2484                 -            230   1.8e-43  147.1   0.0   1   1   1.7e-45   2.3e-43  146.7   0.0     2   225     3   224     2   228 0.92 NODE_19_length_85129_cov_38.767276_57 # 59027 # 59716 # -1 # ID=19_57;partial=00;start_type=ATG;rbs_motif=GGA/GAG/AGG;rbs_spacer=5-10bp;gc_cont=0.545
NODE_31_length_58399_cov_38.812466:16858-17574|+   -            239 2484                 -            230   1.6e-40  137.5   0.0   1   1   1.4e-42     2e-40  137.1   0.0     3   225     5   231     3   235 0.93 NODE_31_length_58399_cov_38.812466_15 # 16858 # 17574 # 1 # ID=31_15;partial=00;start_type=ATG;rbs_motif=GGA/GAG/AGG;rbs_spacer=5-10bp;gc_cont=0.510
NODE_15_length_91266_cov_36.275195:9213-9932|-     -            240 2484                 -            230     6e-40  135.5   0.3   1   1   4.8e-42   6.7e-40  135.4   0.3     1   226     1   233     1   237 0.92 NODE_15_length_91266_cov_36.275195_8 # 9213 # 9932 # -1 # ID=15_8;partial=00;start_type=ATG;rbs_motif=None;rbs_spacer=None;gc_cont=0.493
NODE_24_length_79963_cov_36.490030:51517-52299|+   -            261 2484                 -            230   7.1e-39  132.0   0.2   1   1   6.2e-41   8.7e-39  131.7   0.2     2   228    38   257    37   259 0.94 NODE_24_length_79963_cov_36.490030_50 # 51517 # 52299 # 1 # ID=24_50;partial=00;start_type=ATG;rbs_motif=None;rbs_spacer=None;gc_cont=0.432
NODE_31_length_58399_cov_38.812466:20467-21156|-   -            230 2484                 -            230   1.2e-38  131.3   0.0   1   1   1.1e-40   1.5e-38  131.0   0.0     3   225     5   225     3   228 0.94 NODE_31_length_58399_cov_38.812466_18 # 20467 # 21156 # -1 # ID=31_18;partial=00;start_type=ATG;rbs_motif=GGAG/GAGG;rbs_spacer=5-10bp;gc_cont=0.549
NODE_5_length_138947_cov_37.421618:12552-13235|+   -            228 2484                 -            230     3e-36  123.4   0.8   1   1   2.6e-38   3.6e-36  123.2   0.8     3   226     2   221     1   224 0.90 NODE_5_length_138947_cov_37.421618_12 # 12552 # 13235 # 1 # ID=5_12;partial=00;start_type=ATG;rbs_motif=GGAGG;rbs_spacer=3-4bp;gc_cont=0.548
NODE_7_length_130108_cov_39.332856:28891-29559|+   -            223 2484                 -            230   2.1e-35  120.7   0.4   1   1   1.7e-37   2.4e-35  120.5   0.4     3   229     2   219     1   220 0.90 NODE_7_length_130108_cov_39.332856_22 # 28891 # 29559 # 1 # ID=7_22;partial=00;start_type=ATG;rbs_motif=AGGAG;rbs_spacer=5-10bp;gc_cont=0.531
NODE_14_length_92032_cov_37.540264:32823-33515|+   -            231 2484                 -            230   3.4e-34  116.7   0.4   1   1   3.1e-36   4.4e-34  116.4   0.4     3   208     4   212     2   228 0.91 NODE_14_length_92032_cov_37.540264_30 # 32823 # 33515 # 1 # ID=14_30;partial=00;start_type=ATG;rbs_motif=GGA/GAG/AGG;rbs_spacer=11-12bp;gc_cont=0.525
NODE_27_length_73011_cov_40.630920:64961-65620|+   -            220 2484                 -            230   1.9e-31  107.7   0.1   1   1   1.7e-33   2.3e-31  107.4   0.1     3   225     2   215     1   218 0.92 NODE_27_length_73011_cov_40.630920_67 # 64961 # 65620 # 1 # ID=27_67;partial=00;start_type=ATG;rbs_motif=GGA/GAG/AGG;rbs_spacer=5-10bp;gc_cont=0.518
NODE_10_length_119716_cov_38.250842:7995-8672|+    -            226 2484                 -            230   1.9e-30  104.4   0.0   1   1   1.5e-32   2.1e-30  104.3   0.0     1   225     1   222     1   225 0.93 NODE_10_length_119716_cov_38.250842_7 # 7995 # 8672 # 1 # ID=10_7;partial=00;start_type=GTG;rbs_motif=GGA/GAG/AGG;rbs_spacer=5-10bp;gc_cont=0.574
NODE_73_length_16238_cov_34.312333:8543-9214|-     -            224 2484                 -            230   1.4e-27   95.1   1.4   1   1   1.2e-29   1.7e-27   94.8   1.4     3   226     2   220     1   222 0.92 NODE_73_length_16238_cov_34.312333_9 # 8543 # 9214 # -1 # ID=73_9;partial=00;start_type=ATG;rbs_motif=GGAG/GAGG;rbs_spacer=5-10bp;gc_cont=0.475
NODE_2_length_157429_cov_38.171358:138729-140114|- -            462 2484                 -            230   5.2e-21   73.6   0.5   1   1   6.3e-23   8.8e-21   72.8   0.1     1   124     4   130     4   147 0.88 NODE_2_length_157429_cov_38.171358_125 # 138729 # 140114 # -1 # ID=2_125;partial=00;start_type=ATG;rbs_motif=GGA/GAG/AGG;rbs_spacer=11-12bp;gc_cont=0.490
NODE_51_length_31115_cov_42.820834:26317-27642|+   -            442 2484                 -            230   3.5e-19   67.6   0.1   1   1   4.6e-21   6.5e-19   66.7   0.1     3   122     7   128     5   140 0.90 NODE_51_length_31115_cov_42.820834_27 # 26317 # 27642 # 1 # ID=51_27;partial=00;start_type=ATG;rbs_motif=AGGA;rbs_spacer=5-10bp;gc_cont=0.566
NODE_22_length_80627_cov_36.893466:3054-4067|+     -            338 2484                 -            230     5e-16   57.3   0.1   1   1   5.4e-18   7.5e-16   56.7   0.1     2   121     8   130     7   155 0.84 NODE_22_length_80627_cov_36.893466_4 # 3054 # 4067 # 1 # ID=22_4;partial=00;start_type=ATG;rbs_motif=GGAG/GAGG;rbs_spacer=5-10bp;gc_cont=0.487
NODE_17_length_86457_cov_41.702653:71905-73314|+   -            470 2484                 -            230   9.4e-16   56.4   0.0   1   1   1.2e-17   1.6e-15   55.6   0.0     4   126     6   128     3   140 0.86 NODE_17_length_86457_cov_41.702653_74 # 71905 # 73314 # 1 # ID=17_74;partial=00;start_type=ATG;rbs_motif=GGA/GAG/AGG;rbs_spacer=5-10bp;gc_cont=0.570
NODE_66_length_21471_cov_38.343047:13264-13911|-   -            216 2484                 -            230   7.6e-15   53.4   2.4   1   1     2e-15   2.8e-13   48.3   2.4     4   124     9   133     7   214 0.83 NODE_66_length_21471_cov_38.343047_18 # 13264 # 13911 # -1 # ID=66_18;partial=00;start_type=ATG;rbs_motif=AGGAG;rbs_spacer=5-10bp;gc_cont=0.529
NODE_53_length_29778_cov_36.323025:18089-18739|-   -            217 2484                 -            230     1e-13   49.7   2.7   1   1   1.6e-15   2.2e-13   48.6   2.7     3   110     8   119     7   214 0.74 NODE_53_length_29778_cov_36.323025_21 # 18089 # 18739 # -1 # ID=53_21;partial=00;start_type=ATG;rbs_motif=AGGAG;rbs_spacer=5-10bp;gc_cont=0.516
NODE_9_length_123825_cov_37.296666:37502-38836|+   -            445 2484                 -            230   3.3e-13   48.0   0.3   1   1   4.1e-15   5.7e-13   47.3   0.3     4   120     8   126     6   162 0.89 NODE_9_length_123825_cov_37.296666_34 # 37502 # 38836 # 1 # ID=9_34;partial=00;start_type=ATG;rbs_motif=GGAG/GAGG;rbs_spacer=5-10bp;gc_cont=0.546
NODE_6_length_131096_cov_36.333598:43137-43526|+   -            130 2484                 -            230   4.2e-12   44.4   0.1   1   1   3.5e-14     5e-12   44.2   0.1     3   114     7   123     5   127 0.88 NODE_6_length_131096_cov_36.333598_44 # 43137 # 43526 # 1 # ID=6_44;partial=00;start_type=ATG;rbs_motif=AGGAG;rbs_spacer=5-10bp;gc_cont=0.492
NODE_6_length_131096_cov_36.333598:15991-16647|+   -            219 2484                 -            230   1.4e-11   42.7   0.0   1   1   1.1e-13   1.6e-11   42.5   0.0     1   129     1   128     1   180 0.80 NODE_6_length_131096_cov_36.333598_18 # 15991 # 16647 # 1 # ID=6_18;partial=00;start_type=TTG;rbs_motif=GGAG/GAGG;rbs_spacer=5-10bp;gc_cont=0.498
NODE_7_length_130108_cov_39.332856:12806-13525|+   -            240 2484                 -            230   1.2e-10   39.7   0.0   1   1   8.7e-13   1.2e-10   39.6   0.0     1   126     1   132     1   194 0.78 NODE_7_length_130108_cov_39.332856_11 # 12806 # 13525 # 1 # ID=7_11;partial=00;start_type=ATG;rbs_motif=GGAG/GAGG;rbs_spacer=5-10bp;gc_cont=0.499
NODE_12_length_106079_cov_39.536715:75222-77978|-  -            919 2484                 -            230   1.8e-10   39.1   0.1   1   1   3.6e-12     5e-10   37.6   0.1     3   107   669   777   667   818 0.87 NODE_12_length_106079_cov_39.536715_67 # 75222 # 77978 # -1 # ID=12_67;partial=00;start_type=ATG;rbs_motif=GGA/GAG/AGG;rbs_spacer=5-10bp;gc_cont=0.498
NODE_13_length_92664_cov_37.475885:78109-81702|-   -           1198 2484                 -            230   4.8e-10   37.7   0.5   1   1   6.8e-12   9.5e-10   36.7   0.5     4   119   961  1078   958  1104 0.85 NODE_13_length_92664_cov_37.475885_77 # 78109 # 81702 # -1 # ID=13_77;partial=00;start_type=ATG;rbs_motif=None;rbs_spacer=None;gc_cont=0.408
NODE_6_length_131096_cov_36.333598:42073-43122|+   -            350 2484                 -            230   5.2e-10   37.6   0.4   1   1   5.6e-12   7.8e-10   37.0   0.4     3   102     5   109     1   141 0.81 NODE_6_length_131096_cov_36.333598_43 # 42073 # 43122 # 1 # ID=6_43;partial=00;start_type=ATG;rbs_motif=AGGA;rbs_spacer=5-10bp;gc_cont=0.539
NODE_8_length_126545_cov_41.885285:63498-65834|+   -            779 2484                 -            230   7.4e-10   37.1   1.0   1   1   1.1e-11   1.6e-09   36.0   1.0     4   122   528   650   526   673 0.79 NODE_8_length_126545_cov_41.885285_56 # 63498 # 65834 # 1 # ID=8_56;partial=00;start_type=ATG;rbs_motif=AGGA;rbs_spacer=5-10bp;gc_cont=0.507
NODE_2_length_157429_cov_38.171358:142104-144953|+ -            950 2484                 -            230   1.1e-09   36.5   0.2   1   1   1.5e-11   2.1e-09   35.6   0.2     4   102   827   927   825   944 0.93 NODE_2_length_157429_cov_38.171358_127 # 142104 # 144953 # 1 # ID=2_127;partial=00;start_type=TTG;rbs_motif=GGAG/GAGG;rbs_spacer=5-10bp;gc_cont=0.509
NODE_10_length_119716_cov_38.250842:74473-75153|-  -            227 2484                 -            230   7.9e-09   33.7   0.0   1   1   9.4e-11   1.3e-08   33.0   0.0     4   132     7   139     5   154 0.86 NODE_10_length_119716_cov_38.250842_68 # 74473 # 75153 # -1 # ID=10_68;partial=00;start_type=ATG;rbs_motif=None;rbs_spacer=None;gc_cont=0.501
NODE_13_length_92664_cov_37.475885:64961-65695|-   -            245 2484                 -            230   3.3e-08   31.7   0.1   1   1   3.1e-10   4.3e-08   31.3   0.1     3   132     2   130     1   156 0.73 NODE_13_length_92664_cov_37.475885_66 # 64961 # 65695 # -1 # ID=13_66;partial=00;start_type=GTG;rbs_motif=GGAG/GAGG;rbs_spacer=5-10bp;gc_cont=0.475
NODE_3_length_152663_cov_37.088930:63192-63911|+   -            240 2484                 -            230   1.6e-07   29.4   0.1   1   1   1.5e-09   2.2e-07   29.0   0.1     1   114     1   118     1   136 0.73 NODE_3_length_152663_cov_37.088930_57 # 63192 # 63911 # 1 # ID=3_57;partial=00;start_type=ATG;rbs_motif=GGAGG;rbs_spacer=5-10bp;gc_cont=0.494
NODE_13_length_92664_cov_37.475885:81756-82322|-   -            189 2484                 -            230   7.2e-07   27.3   0.0   1   1   5.9e-09   8.2e-07   27.1   0.0     5   116     4   118     1   162 0.79 NODE_13_length_92664_cov_37.475885_78 # 81756 # 82322 # -1 # ID=13_78;partial=00;start_type=ATG;rbs_motif=GGA/GAG/AGG;rbs_spacer=5-10bp;gc_cont=0.402
NODE_7_length_130108_cov_39.332856:905-2443|+      -            513 2484                 -            230   3.4e-06   25.1   0.0   1   1   5.1e-08   7.1e-06   24.1   0.0   129   227     3   102     1   105 0.86 NODE_7_length_130108_cov_39.332856_1 # 905 # 2443 # 1 # ID=7_1;partial=00;start_type=ATG;rbs_motif=GGA/GAG/AGG;rbs_spacer=5-10bp;gc_cont=0.419
NODE_26_length_78359_cov_41.157595:62322-62912|+   -            197 2484                 -            230   1.5e-05   23.0   0.0   1   1   1.7e-07   2.4e-05   22.4   0.0     2   114     2   115     1   123 0.87 NODE_26_length_78359_cov_41.157595_61 # 62322 # 62912 # 1 # ID=26_61;partial=00;start_type=ATG;rbs_motif=AGGA;rbs_spacer=5-10bp;gc_cont=0.591
NODE_21_length_83220_cov_38.326345:2182-2814|+     -            211 2484                 -            230   0.00082   17.3   0.0   1   1   7.4e-06     0.001   17.0   0.0    30   115    34   121     4   154 0.77 NODE_21_length_83220_cov_38.326345_4 # 2182 # 2814 # 1 # ID=21_4;partial=00;start_type=ATG;rbs_motif=GGA/GAG/AGG;rbs_spacer=5-10bp;gc_cont=0.365
#
# Program:         hmmsearch
# Version:         3.4 (Aug 2023)
# Pipeline mode:   SEARCH
# Query file:      /home/simonedassisi/busco_downloads/lineages/enterobacteriaceae_odb12/hmms/2484at543.hmm
# Target file:     home/simonedassisi/Desktop/BUSCO_output/prodigal_output/predicted_genes/predicted.faa
# Option settings: hmmsearch --domtblout home/simonedassisi/Desktop/BUSCO_output/run_enterobacteriaceae_odb12/hmmer_output/2484at543.out --cpu 1 /home/simonedassisi/busco_downloads/lineages/enterobacteriaceae_odb12/hmms/2484at543.hmm home/simonedassisi/Desktop/BUSCO_output/prodigal_output/predicted_genes/predicted.faa 
# Current dir:     /home/simonedassisi
# Date:            Tue Apr  1 14:30:15 2025
# [ok]
