#                                                                                                          --- full sequence --- -------------- this domain -------------   hmm coord   ali coord   env coord
# target name                                      accession   tlen query name           accession   qlen   E-value  score  bias   #  of  c-Evalue  i-Evalue  score  bias  from    to  from    to  from    to  acc description of target
#                              ------------------- ---------- ----- -------------------- ---------- ----- --------- ------ ----- --- --- --------- --------- ------ ----- ----- ----- ----- ----- ----- ----- ---- ---------------------
NODE_28_length_70179_cov_36.796251:9765-11129|+    -            455 2523                 -            396    1e-259  859.1   0.9   1   1  3.1e-262  1.2e-259  858.9   0.9     1   395     1   396     1   397 0.99 NODE_28_length_70179_cov_36.796251_11 # 9765 # 11129 # 1 # ID=28_11;partial=00;start_type=ATG;rbs_motif=GGAG/GAGG;rbs_spacer=5-10bp;gc_cont=0.566
NODE_8_length_126545_cov_41.885285:108662-110551|+ -            630 2523                 -            396  3.8e-105  350.2   0.4   1   1  1.2e-107  4.8e-105  349.9   0.4     2   377     7   378     6   397 0.96 NODE_8_length_126545_cov_41.885285_102 # 108662 # 110551 # 1 # ID=8_102;partial=00;start_type=ATG;rbs_motif=AGGA/GGAG/GAGG;rbs_spacer=11-12bp;gc_cont=0.556
NODE_16_length_86943_cov_42.279511:17610-18875|-   -            422 2523                 -            396   4.7e-94  313.7   0.0   1   1   1.5e-96   5.7e-94  313.4   0.0     3   379    11   388     9   402 0.95 NODE_16_length_86943_cov_42.279511_15 # 17610 # 18875 # -1 # ID=16_15;partial=00;start_type=ATG;rbs_motif=None;rbs_spacer=None;gc_cont=0.522
NODE_9_length_123825_cov_37.296666:12075-13409|-   -            445 2523                 -            396   4.8e-92  307.0   0.1   1   1   1.5e-94     6e-92  306.7   0.1     2   384     5   388     4   398 0.95 NODE_9_length_123825_cov_37.296666_12 # 12075 # 13409 # -1 # ID=9_12;partial=00;start_type=ATG;rbs_motif=GGAG/GAGG;rbs_spacer=5-10bp;gc_cont=0.547
NODE_35_length_52795_cov_36.978564:15018-16391|-   -            458 2523                 -            396     7e-80  267.0   0.0   1   1   2.5e-82   9.8e-80  266.5   0.0     8   363    10   360     2   370 0.94 NODE_35_length_52795_cov_36.978564_13 # 15018 # 16391 # -1 # ID=35_13;partial=00;start_type=GTG;rbs_motif=GGA/GAG/AGG;rbs_spacer=5-10bp;gc_cont=0.516
NODE_16_length_86943_cov_42.279511:57558-59393|+   -            612 2523                 -            396   1.5e-14   51.8   0.2   1   3   9.7e-06    0.0038   14.3   0.0    14    60    17    64     5    73 0.83 NODE_16_length_86943_cov_42.279511_53 # 57558 # 59393 # 1 # ID=16_53;partial=00;start_type=GTG;rbs_motif=GGA/GAG/AGG;rbs_spacer=5-10bp;gc_cont=0.554
NODE_16_length_86943_cov_42.279511:57558-59393|+   -            612 2523                 -            396   1.5e-14   51.8   0.2   2   3      0.23        90   -0.1   0.0   261   306    84   126    80   216 0.79 NODE_16_length_86943_cov_42.279511_53 # 57558 # 59393 # 1 # ID=16_53;partial=00;start_type=GTG;rbs_motif=GGA/GAG/AGG;rbs_spacer=5-10bp;gc_cont=0.554
NODE_16_length_86943_cov_42.279511:57558-59393|+   -            612 2523                 -            396   1.5e-14   51.8   0.2   3   3   1.5e-11   5.8e-09   33.5   0.0   235   345   229   339   215   367 0.88 NODE_16_length_86943_cov_42.279511_53 # 57558 # 59393 # 1 # ID=16_53;partial=00;start_type=GTG;rbs_motif=GGA/GAG/AGG;rbs_spacer=5-10bp;gc_cont=0.554
NODE_25_length_79707_cov_37.284883:38030-42646|-   -           1539 2523                 -            396   6.2e-10   36.7   0.5   1   2   1.4e-07   5.5e-05   20.4   0.0    19   157    25   181    18   221 0.75 NODE_25_length_79707_cov_37.284883_37 # 38030 # 42646 # -1 # ID=25_37;partial=00;start_type=ATG;rbs_motif=GGA/GAG/AGG;rbs_spacer=5-10bp;gc_cont=0.568
NODE_25_length_79707_cov_37.284883:38030-42646|-   -           1539 2523                 -            396   6.2e-10   36.7   0.5   2   2   1.3e-05    0.0049   13.9   0.1   269   337   350   418   335   426 0.90 NODE_25_length_79707_cov_37.284883_37 # 38030 # 42646 # -1 # ID=25_37;partial=00;start_type=ATG;rbs_motif=GGA/GAG/AGG;rbs_spacer=5-10bp;gc_cont=0.568
NODE_4_length_139564_cov_44.158667:90996-93902|+   -            969 2523                 -            396     7e-07   26.6   0.0   1   1   3.6e-09   1.4e-06   25.6   0.0   239   339   498   601   488   610 0.86 NODE_4_length_139564_cov_44.158667_79 # 90996 # 93902 # 1 # ID=4_79;partial=00;start_type=ATG;rbs_motif=GGA/GAG/AGG;rbs_spacer=5-10bp;gc_cont=0.549
NODE_72_length_16341_cov_36.526767:8504-10525|+    -            674 2523                 -            396   3.8e-05   20.9   0.1   1   2         1     4e+02   -2.2   0.0    77    97    60    80    51    90 0.86 NODE_72_length_16341_cov_36.526767_10 # 8504 # 10525 # 1 # ID=72_10;partial=00;start_type=ATG;rbs_motif=GGA/GAG/AGG;rbs_spacer=5-10bp;gc_cont=0.533
NODE_72_length_16341_cov_36.526767:8504-10525|+    -            674 2523                 -            396   3.8e-05   20.9   0.1   2   2   3.2e-07   0.00012   19.2   0.1   234   320   435   522   429   553 0.80 NODE_72_length_16341_cov_36.526767_10 # 8504 # 10525 # 1 # ID=72_10;partial=00;start_type=ATG;rbs_motif=GGA/GAG/AGG;rbs_spacer=5-10bp;gc_cont=0.533
NODE_20_length_84241_cov_37.036046:73269-76763|-   -           1165 2523                 -            396   0.00024   18.3   2.4   1   1   1.6e-06   0.00062   16.9   2.3    23   342   616   926   609   933 0.72 NODE_20_length_84241_cov_37.036046_80 # 73269 # 76763 # -1 # ID=20_80;partial=00;start_type=ATG;rbs_motif=None;rbs_spacer=None;gc_cont=0.547
NODE_6_length_131096_cov_36.333598:26281-27795|+   -            505 2523                 -            396    0.0023   15.1   0.1   1   2      0.19        75    0.2   0.1   124   199   132   212   123   232 0.80 NODE_6_length_131096_cov_36.333598_29 # 26281 # 27795 # 1 # ID=6_29;partial=00;start_type=ATG;rbs_motif=GGAG/GAGG;rbs_spacer=5-10bp;gc_cont=0.520
NODE_6_length_131096_cov_36.333598:26281-27795|+   -            505 2523                 -            396    0.0023   15.1   0.1   2   2   3.8e-05     0.015   12.4   0.0   147   200   416   469   294   479 0.77 NODE_6_length_131096_cov_36.333598_29 # 26281 # 27795 # 1 # ID=6_29;partial=00;start_type=ATG;rbs_motif=GGAG/GAGG;rbs_spacer=5-10bp;gc_cont=0.520
NODE_39_length_47213_cov_38.868135:33709-35790|+   -            694 2523                 -            396    0.0028   14.7   0.0   1   2       1.9   7.4e+02   -3.1   0.0    80    98   323   341   298   383 0.60 NODE_39_length_47213_cov_38.868135_37 # 33709 # 35790 # 1 # ID=39_37;partial=00;start_type=ATG;rbs_motif=GGA/GAG/AGG;rbs_spacer=5-10bp;gc_cont=0.572
NODE_39_length_47213_cov_38.868135:33709-35790|+   -            694 2523                 -            396    0.0028   14.7   0.0   2   2   1.9e-05    0.0072   13.4   0.0   270   344   519   594   506   604 0.81 NODE_39_length_47213_cov_38.868135_37 # 33709 # 35790 # 1 # ID=39_37;partial=00;start_type=ATG;rbs_motif=GGA/GAG/AGG;rbs_spacer=5-10bp;gc_cont=0.572
NODE_18_length_85840_cov_40.696849:52608-54110|-   -            501 2523                 -            396     0.021   11.9   0.3   1   2    0.0071       2.8    4.9   0.1   142   200   158   215   148   235 0.87 NODE_18_length_85840_cov_40.696849_45 # 52608 # 54110 # -1 # ID=18_45;partial=00;start_type=ATG;rbs_motif=AGxAGG/AGGxGG;rbs_spacer=5-10bp;gc_cont=0.552
NODE_18_length_85840_cov_40.696849:52608-54110|-   -            501 2523                 -            396     0.021   11.9   0.3   2   2    0.0073       2.8    4.9   0.0   150   203   422   475   405   492 0.83 NODE_18_length_85840_cov_40.696849_45 # 52608 # 54110 # -1 # ID=18_45;partial=00;start_type=ATG;rbs_motif=AGxAGG/AGGxGG;rbs_spacer=5-10bp;gc_cont=0.552
#
# Program:         hmmsearch
# Version:         3.4 (Aug 2023)
# Pipeline mode:   SEARCH
# Query file:      /home/simonedassisi/busco_downloads/lineages/enterobacteriaceae_odb12/hmms/2523at543.hmm
# Target file:     home/simonedassisi/Desktop/BUSCO_output/prodigal_output/predicted_genes/predicted.faa
# Option settings: hmmsearch --domtblout home/simonedassisi/Desktop/BUSCO_output/run_enterobacteriaceae_odb12/hmmer_output/2523at543.out --cpu 1 /home/simonedassisi/busco_downloads/lineages/enterobacteriaceae_odb12/hmms/2523at543.hmm home/simonedassisi/Desktop/BUSCO_output/prodigal_output/predicted_genes/predicted.faa 
# Current dir:     /home/simonedassisi
# Date:            Tue Apr  1 14:30:15 2025
# [ok]
