#                                                                                                         --- full sequence --- -------------- this domain -------------   hmm coord   ali coord   env coord
# target name                                     accession   tlen query name           accession   qlen   E-value  score  bias   #  of  c-Evalue  i-Evalue  score  bias  from    to  from    to  from    to  acc description of target
#                             ------------------- ---------- ----- -------------------- ---------- ----- --------- ------ ----- --- --- --------- --------- ------ ----- ----- ----- ----- ----- ----- ----- ---- ---------------------
NODE_9_length_123825_cov_37.296666:91620-93086|+  -            489 2534                 -            485         0 1051.5  10.3   1   1         0         0 1051.3  10.3     1   485     1   485     1   485 1.00 NODE_9_length_123825_cov_37.296666_80 # 91620 # 93086 # 1 # ID=9_80;partial=00;start_type=ATG;rbs_motif=GGA/GAG/AGG;rbs_spacer=5-10bp;gc_cont=0.544
NODE_4_length_139564_cov_44.158667:39858-40901|-  -            348 2534                 -            485     1e-52  177.6   4.3   1   2   4.9e-08   3.1e-05   21.0   0.0     8    79     8    84     1    99 0.83 NODE_4_length_139564_cov_44.158667_36 # 39858 # 40901 # -1 # ID=4_36;partial=00;start_type=ATG;rbs_motif=AGGA;rbs_spacer=5-10bp;gc_cont=0.512
NODE_4_length_139564_cov_44.158667:39858-40901|-  -            348 2534                 -            485     1e-52  177.6   4.3   2   2   1.7e-48     1e-45  154.5   4.7   238   464   119   338    89   343 0.92 NODE_4_length_139564_cov_44.158667_36 # 39858 # 40901 # -1 # ID=4_36;partial=00;start_type=ATG;rbs_motif=AGGA;rbs_spacer=5-10bp;gc_cont=0.512
NODE_10_length_119716_cov_38.250842:36414-37292|+ -            293 2534                 -            485   0.00056   16.9   0.6   1   2   0.00021      0.13    9.1   0.0   139   201    58   122    44   132 0.77 NODE_10_length_119716_cov_38.250842_30 # 36414 # 37292 # 1 # ID=10_30;partial=00;start_type=ATG;rbs_motif=3Base/5BMM;rbs_spacer=13-15bp;gc_cont=0.516
NODE_10_length_119716_cov_38.250842:36414-37292|+ -            293 2534                 -            485   0.00056   16.9   0.6   2   2   2.6e-06    0.0016   15.3   0.2    99   201    81   184    75   188 0.84 NODE_10_length_119716_cov_38.250842_30 # 36414 # 37292 # 1 # ID=10_30;partial=00;start_type=ATG;rbs_motif=3Base/5BMM;rbs_spacer=13-15bp;gc_cont=0.516
NODE_24_length_79963_cov_36.490030:2278-3015|-    -            246 2534                 -            485    0.0047   13.8   1.1   1   2   2.4e-05     0.015   12.1   0.1   327   364    68   105    51   119 0.85 NODE_24_length_79963_cov_36.490030_4 # 2278 # 3015 # -1 # ID=24_4;partial=00;start_type=ATG;rbs_motif=GGAG/GAGG;rbs_spacer=5-10bp;gc_cont=0.558
NODE_24_length_79963_cov_36.490030:2278-3015|-    -            246 2534                 -            485    0.0047   13.8   1.1   2   2     0.095        60    0.3   0.1   229   298   152   225   131   231 0.66 NODE_24_length_79963_cov_36.490030_4 # 2278 # 3015 # -1 # ID=24_4;partial=00;start_type=ATG;rbs_motif=GGAG/GAGG;rbs_spacer=5-10bp;gc_cont=0.558
NODE_54_length_28184_cov_41.894607:8575-9765|-    -            397 2534                 -            485    0.0068   13.3   1.4   1   1   1.7e-05     0.011   12.7   1.4   320   363   292   331   263   346 0.82 NODE_54_length_28184_cov_41.894607_11 # 8575 # 9765 # -1 # ID=54_11;partial=00;start_type=ATG;rbs_motif=GGAG/GAGG;rbs_spacer=5-10bp;gc_cont=0.562
NODE_18_length_85840_cov_40.696849:64124-65467|+  -            448 2534                 -            485    0.0084   13.0   0.2   1   2   0.00041      0.26    8.1   0.0   124   201   183   265   175   275 0.82 NODE_18_length_85840_cov_40.696849_54 # 64124 # 65467 # 1 # ID=18_54;partial=00;start_type=ATG;rbs_motif=GGA/GAG/AGG;rbs_spacer=5-10bp;gc_cont=0.506
NODE_18_length_85840_cov_40.696849:64124-65467|+  -            448 2534                 -            485    0.0084   13.0   0.2   2   2     0.016       9.8    2.9   0.1    90   140   278   329   268   339 0.77 NODE_18_length_85840_cov_40.696849_54 # 64124 # 65467 # 1 # ID=18_54;partial=00;start_type=ATG;rbs_motif=GGA/GAG/AGG;rbs_spacer=5-10bp;gc_cont=0.506
NODE_51_length_31115_cov_42.820834:14883-15653|-  -            257 2534                 -            485     0.031   11.1   1.8   1   2       1.6     1e+03   -3.8   0.0   227   245    48    66    31    79 0.71 NODE_51_length_31115_cov_42.820834_12 # 14883 # 15653 # -1 # ID=51_12;partial=00;start_type=ATG;rbs_motif=AGxAGG/AGGxGG;rbs_spacer=5-10bp;gc_cont=0.580
NODE_51_length_31115_cov_42.820834:14883-15653|-  -            257 2534                 -            485     0.031   11.1   1.8   2   2   5.1e-05     0.032   11.1   0.9   327   368   170   211   152   220 0.89 NODE_51_length_31115_cov_42.820834_12 # 14883 # 15653 # -1 # ID=51_12;partial=00;start_type=ATG;rbs_motif=AGxAGG/AGGxGG;rbs_spacer=5-10bp;gc_cont=0.580
NODE_8_length_126545_cov_41.885285:52514-53203|+  -            230 2534                 -            485       0.1    9.4   3.3   1   3     0.062        39    0.9   1.5   230   249    87   106    32   111 0.75 NODE_8_length_126545_cov_41.885285_49 # 52514 # 53203 # 1 # ID=8_49;partial=00;start_type=ATG;rbs_motif=GGA/GAG/AGG;rbs_spacer=5-10bp;gc_cont=0.578
NODE_8_length_126545_cov_41.885285:52514-53203|+  -            230 2534                 -            485       0.1    9.4   3.3   2   3     0.035        22    1.7   0.1   231   250    88   107    82   123 0.85 NODE_8_length_126545_cov_41.885285_49 # 52514 # 53203 # 1 # ID=8_49;partial=00;start_type=ATG;rbs_motif=GGA/GAG/AGG;rbs_spacer=5-10bp;gc_cont=0.578
NODE_8_length_126545_cov_41.885285:52514-53203|+  -            230 2534                 -            485       0.1    9.4   3.3   3   3   0.00057      0.36    7.6   0.0   325   365   171   211   146   217 0.91 NODE_8_length_126545_cov_41.885285_49 # 52514 # 53203 # 1 # ID=8_49;partial=00;start_type=ATG;rbs_motif=GGA/GAG/AGG;rbs_spacer=5-10bp;gc_cont=0.578
#
# Program:         hmmsearch
# Version:         3.4 (Aug 2023)
# Pipeline mode:   SEARCH
# Query file:      /home/simonedassisi/busco_downloads/lineages/enterobacteriaceae_odb12/hmms/2534at543.hmm
# Target file:     home/simonedassisi/Desktop/BUSCO_output/prodigal_output/predicted_genes/predicted.faa
# Option settings: hmmsearch --domtblout home/simonedassisi/Desktop/BUSCO_output/run_enterobacteriaceae_odb12/hmmer_output/2534at543.out --cpu 1 /home/simonedassisi/busco_downloads/lineages/enterobacteriaceae_odb12/hmms/2534at543.hmm home/simonedassisi/Desktop/BUSCO_output/prodigal_output/predicted_genes/predicted.faa 
# Current dir:     /home/simonedassisi
# Date:            Tue Apr  1 14:30:15 2025
# [ok]
