#                                                                                                         --- full sequence --- -------------- this domain -------------   hmm coord   ali coord   env coord
# target name                                     accession   tlen query name           accession   qlen   E-value  score  bias   #  of  c-Evalue  i-Evalue  score  bias  from    to  from    to  from    to  acc description of target
#                             ------------------- ---------- ----- -------------------- ---------- ----- --------- ------ ----- --- --- --------- --------- ------ ----- ----- ----- ----- ----- ----- ----- ---- ---------------------
NODE_23_length_80065_cov_37.437114:58448-59116|+  -            223 2556                 -            221  1.2e-137  454.9  14.1   1   1  2.6e-140  1.3e-137  454.8  14.1     1   221     1   221     1   221 1.00 NODE_23_length_80065_cov_37.437114_53 # 58448 # 59116 # 1 # ID=23_53;partial=00;start_type=ATG;rbs_motif=GGAGG;rbs_spacer=5-10bp;gc_cont=0.522
NODE_2_length_157429_cov_38.171358:41601-42317|+  -            239 2556                 -            221   4.6e-36  122.8  10.3   1   1   1.2e-38   5.9e-36  122.4  10.3    10   217    21   230    17   233 0.95 NODE_2_length_157429_cov_38.171358_40 # 41601 # 42317 # 1 # ID=2_40;partial=00;start_type=GTG;rbs_motif=GGAG/GAGG;rbs_spacer=5-10bp;gc_cont=0.501
NODE_6_length_131096_cov_36.333598:12871-13539|+  -            223 2556                 -            221   6.5e-35  119.0   5.9   1   1   4.1e-37   2.1e-34  117.4   5.9     2   215     9   214     8   220 0.92 NODE_6_length_131096_cov_36.333598_14 # 12871 # 13539 # 1 # ID=6_14;partial=00;start_type=ATG;rbs_motif=GGA/GAG/AGG;rbs_spacer=5-10bp;gc_cont=0.535
NODE_23_length_80065_cov_37.437114:57732-58448|+  -            239 2556                 -            221   5.1e-30  103.0   7.4   1   1   4.5e-32   2.2e-29  100.9   7.4    12   221    11   236     1   236 0.86 NODE_23_length_80065_cov_37.437114_52 # 57732 # 58448 # 1 # ID=23_52;partial=00;start_type=ATG;rbs_motif=AGxAG;rbs_spacer=5-10bp;gc_cont=0.550
NODE_28_length_70179_cov_36.796251:25353-26012|-  -            220 2556                 -            221   7.1e-25   86.2   6.3   1   1   2.2e-27   1.1e-24   85.5   6.3     5   214    12   215     8   219 0.93 NODE_28_length_70179_cov_36.796251_24 # 25353 # 26012 # -1 # ID=28_24;partial=00;start_type=ATG;rbs_motif=AGGA;rbs_spacer=5-10bp;gc_cont=0.532
NODE_2_length_157429_cov_38.171358:40918-41604|+  -            229 2556                 -            221   2.8e-22   77.7   7.1   1   1   6.5e-25   3.3e-22   77.5   7.1     8   214     9   218     2   225 0.90 NODE_2_length_157429_cov_38.171358_39 # 40918 # 41604 # 1 # ID=2_39;partial=00;start_type=ATG;rbs_motif=AGGA;rbs_spacer=5-10bp;gc_cont=0.525
NODE_10_length_119716_cov_38.250842:42343-43083|+ -            247 2556                 -            221   1.6e-21   75.2   7.8   1   1   4.1e-24   2.1e-21   74.9   7.8     3   214    20   236    18   239 0.88 NODE_10_length_119716_cov_38.250842_34 # 42343 # 43083 # 1 # ID=10_34;partial=00;start_type=ATG;rbs_motif=GGAG/GAGG;rbs_spacer=5-10bp;gc_cont=0.524
NODE_10_length_119716_cov_38.250842:43083-43757|+ -            225 2556                 -            221   8.8e-19   66.3  12.8   1   1   2.1e-21     1e-18   66.0  12.8     5   214    13   222     9   224 0.88 NODE_10_length_119716_cov_38.250842_35 # 43083 # 43757 # 1 # ID=10_35;partial=00;start_type=ATG;rbs_motif=GGxGG;rbs_spacer=5-10bp;gc_cont=0.501
NODE_8_length_126545_cov_41.885285:2515-3696|-    -            394 2556                 -            221   1.6e-13   49.1  13.7   1   2   3.8e-05     0.019   12.8   0.7     9    70    85   146    79   164 0.88 NODE_8_length_126545_cov_41.885285_4 # 2515 # 3696 # -1 # ID=8_4;partial=00;start_type=ATG;rbs_motif=GGAG/GAGG;rbs_spacer=5-10bp;gc_cont=0.503
NODE_8_length_126545_cov_41.885285:2515-3696|-    -            394 2556                 -            221   1.6e-13   49.1  13.7   2   2   1.1e-13   5.4e-11   40.8   6.5    20   219   186   392   176   393 0.83 NODE_8_length_126545_cov_41.885285_4 # 2515 # 3696 # -1 # ID=8_4;partial=00;start_type=ATG;rbs_motif=GGAG/GAGG;rbs_spacer=5-10bp;gc_cont=0.503
NODE_8_length_126545_cov_41.885285:1402-2505|-    -            368 2556                 -            221   6.1e-12   43.9   7.2   1   1   4.6e-14   2.3e-11   42.0   7.2    15   179   160   320   153   359 0.74 NODE_8_length_126545_cov_41.885285_3 # 1402 # 2505 # -1 # ID=8_3;partial=00;start_type=ATG;rbs_motif=AGGAG;rbs_spacer=5-10bp;gc_cont=0.524
#
# Program:         hmmsearch
# Version:         3.4 (Aug 2023)
# Pipeline mode:   SEARCH
# Query file:      /home/simonedassisi/busco_downloads/lineages/enterobacteriaceae_odb12/hmms/2556at543.hmm
# Target file:     home/simonedassisi/Desktop/BUSCO_output/prodigal_output/predicted_genes/predicted.faa
# Option settings: hmmsearch --domtblout home/simonedassisi/Desktop/BUSCO_output/run_enterobacteriaceae_odb12/hmmer_output/2556at543.out --cpu 1 /home/simonedassisi/busco_downloads/lineages/enterobacteriaceae_odb12/hmms/2556at543.hmm home/simonedassisi/Desktop/BUSCO_output/prodigal_output/predicted_genes/predicted.faa 
# Current dir:     /home/simonedassisi
# Date:            Tue Apr  1 14:30:15 2025
# [ok]
