#                                                                                                          --- full sequence --- -------------- this domain -------------   hmm coord   ali coord   env coord
# target name                                      accession   tlen query name           accession   qlen   E-value  score  bias   #  of  c-Evalue  i-Evalue  score  bias  from    to  from    to  from    to  acc description of target
#                              ------------------- ---------- ----- -------------------- ---------- ----- --------- ------ ----- --- --- --------- --------- ------ ----- ----- ----- ----- ----- ----- ----- ---- ---------------------
NODE_3_length_152663_cov_37.088930:13762-14700|+   -            313 25694                -            312  8.8e-205  677.0   0.1   1   1  3.1e-207  9.8e-205  676.8   0.1     1   312     1   312     1   312 1.00 NODE_3_length_152663_cov_37.088930_13 # 13762 # 14700 # 1 # ID=3_13;partial=00;start_type=ATG;rbs_motif=GGAGG;rbs_spacer=5-10bp;gc_cont=0.534
NODE_45_length_36631_cov_36.253287:13711-14640|-   -            310 25694                -            312     8e-38  128.5   0.0   1   1   2.7e-40   8.5e-38  128.4   0.0     4   288     3   290     1   309 0.89 NODE_45_length_36631_cov_36.253287_15 # 13711 # 14640 # -1 # ID=45_15;partial=00;start_type=ATG;rbs_motif=AGGAG;rbs_spacer=5-10bp;gc_cont=0.541
NODE_3_length_152663_cov_37.088930:94097-95062|-   -            322 25694                -            312   1.3e-15   55.6   0.0   1   1   5.4e-18   1.7e-15   55.2   0.0    32   287    46   301    32   310 0.88 NODE_3_length_152663_cov_37.088930_83 # 94097 # 95062 # -1 # ID=3_83;partial=00;start_type=ATG;rbs_motif=GGAGG;rbs_spacer=3-4bp;gc_cont=0.570
NODE_46_length_34184_cov_43.893884:29775-30704|+   -            310 25694                -            312   1.4e-14   52.2   0.0   1   1   6.2e-17   1.9e-14   51.7   0.0   178   289   178   289   153   308 0.86 NODE_46_length_34184_cov_43.893884_28 # 29775 # 30704 # 1 # ID=46_28;partial=00;start_type=ATG;rbs_motif=GGA/GAG/AGG;rbs_spacer=5-10bp;gc_cont=0.523
NODE_3_length_152663_cov_37.088930:23415-24503|-   -            363 25694                -            312   2.5e-13   48.1   0.0   1   1   2.5e-15   7.8e-13   46.4   0.0   150   286   201   340    84   353 0.78 NODE_3_length_152663_cov_37.088930_21 # 23415 # 24503 # -1 # ID=3_21;partial=00;start_type=ATG;rbs_motif=None;rbs_spacer=None;gc_cont=0.514
NODE_3_length_152663_cov_37.088930:16832-17773|+   -            314 25694                -            312     1e-12   46.0   0.2   1   1   4.7e-15   1.5e-12   45.5   0.2   183   288   183   289   134   306 0.90 NODE_3_length_152663_cov_37.088930_15 # 16832 # 17773 # 1 # ID=3_15;partial=00;start_type=ATG;rbs_motif=GGAG/GAGG;rbs_spacer=5-10bp;gc_cont=0.472
NODE_17_length_86457_cov_41.702653:52515-53411|-   -            299 25694                -            312     3e-08   31.4   0.0   1   1   1.7e-10   5.4e-08   30.5   0.0   200   299   186   290   176   296 0.82 NODE_17_length_86457_cov_41.702653_58 # 52515 # 53411 # -1 # ID=17_58;partial=00;start_type=ATG;rbs_motif=AGGA;rbs_spacer=5-10bp;gc_cont=0.559
NODE_1_length_276430_cov_40.515391:243545-244330|- -            262 25694                -            312   2.7e-07   28.2   0.9   1   2      0.23        73    0.6   0.0    38   133    23   116    17   124 0.64 NODE_1_length_276430_cov_40.515391_216 # 243545 # 244330 # -1 # ID=1_216;partial=00;start_type=ATG;rbs_motif=GGAGG;rbs_spacer=5-10bp;gc_cont=0.575
NODE_1_length_276430_cov_40.515391:243545-244330|- -            262 25694                -            312   2.7e-07   28.2   0.9   2   2   3.9e-09   1.2e-06   26.1   0.2   211   286   180   255   171   259 0.89 NODE_1_length_276430_cov_40.515391_216 # 243545 # 244330 # -1 # ID=1_216;partial=00;start_type=ATG;rbs_motif=GGAGG;rbs_spacer=5-10bp;gc_cont=0.575
NODE_13_length_92664_cov_37.475885:30193-31044|+   -            284 25694                -            312   2.8e-06   24.9   0.1   1   1   2.9e-08   9.2e-06   23.2   0.1   146   275   102   253    81   265 0.65 NODE_13_length_92664_cov_37.475885_35 # 30193 # 31044 # 1 # ID=13_35;partial=00;start_type=ATG;rbs_motif=AGGAG;rbs_spacer=5-10bp;gc_cont=0.523
NODE_69_length_19666_cov_39.219100:18994-19575|-   -            194 25694                -            312   1.1e-05   23.0   0.1   1   1   4.8e-08   1.5e-05   22.5   0.1   216   287   100   171    90   176 0.92 NODE_69_length_19666_cov_39.219100_22 # 18994 # 19575 # -1 # ID=69_22;partial=00;start_type=ATG;rbs_motif=None;rbs_spacer=None;gc_cont=0.399
NODE_32_length_57606_cov_39.295812:51525-52958|+   -            478 25694                -            312   3.6e-05   21.3   0.0   1   1   2.3e-07   7.3e-05   20.3   0.0    40   288    51   297    34   312 0.79 NODE_32_length_57606_cov_39.295812_42 # 51525 # 52958 # 1 # ID=32_42;partial=00;start_type=ATG;rbs_motif=AGGAG;rbs_spacer=5-10bp;gc_cont=0.562
NODE_63_length_22873_cov_46.411677:14631-15551|-   -            307 25694                -            312     4e-05   21.1   0.1   1   1     2e-07   6.4e-05   20.4   0.1   216   266   212   262   191   292 0.81 NODE_63_length_22873_cov_46.411677_14 # 14631 # 15551 # -1 # ID=63_14;partial=00;start_type=ATG;rbs_motif=GGAG/GAGG;rbs_spacer=5-10bp;gc_cont=0.479
NODE_25_length_79707_cov_37.284883:55833-56693|+   -            287 25694                -            312   6.1e-05   20.5   0.1   1   1   2.9e-07   9.3e-05   19.9   0.1   176   286   135   255   116   274 0.78 NODE_25_length_79707_cov_37.284883_54 # 55833 # 56693 # 1 # ID=25_54;partial=00;start_type=ATG;rbs_motif=GGA/GAG/AGG;rbs_spacer=5-10bp;gc_cont=0.531
NODE_13_length_92664_cov_37.475885:90006-90920|+   -            305 25694                -            312     7e-05   20.3   0.0   1   1     4e-07   0.00012   19.5   0.0   184   286   184   288   165   301 0.72 NODE_13_length_92664_cov_37.475885_85 # 90006 # 90920 # 1 # ID=13_85;partial=00;start_type=ATG;rbs_motif=GGA/GAG/AGG;rbs_spacer=5-10bp;gc_cont=0.517
NODE_1_length_276430_cov_40.515391:73500-74429|-   -            310 25694                -            312    0.0017   15.8   0.2   1   1   8.8e-06    0.0028   15.1   0.2   203   276   211   285   112   306 0.78 NODE_1_length_276430_cov_40.515391_66 # 73500 # 74429 # -1 # ID=1_66;partial=00;start_type=ATG;rbs_motif=GGA/GAG/AGG;rbs_spacer=5-10bp;gc_cont=0.565
NODE_84_length_12824_cov_36.455068:2157-3035|+     -            293 25694                -            312     0.019   12.3   0.0   1   2    0.0001     0.032   11.6   0.0     6    77    49   122    45   193 0.84 NODE_84_length_12824_cov_36.455068_4 # 2157 # 3035 # 1 # ID=84_4;partial=00;start_type=ATG;rbs_motif=GGAG/GAGG;rbs_spacer=5-10bp;gc_cont=0.519
NODE_84_length_12824_cov_36.455068:2157-3035|+     -            293 25694                -            312     0.019   12.3   0.0   2   2       5.8   1.8e+03   -4.0   0.0   165   180   274   289   271   291 0.84 NODE_84_length_12824_cov_36.455068_4 # 2157 # 3035 # 1 # ID=84_4;partial=00;start_type=ATG;rbs_motif=GGAG/GAGG;rbs_spacer=5-10bp;gc_cont=0.519
#
# Program:         hmmsearch
# Version:         3.4 (Aug 2023)
# Pipeline mode:   SEARCH
# Query file:      /home/simonedassisi/busco_downloads/lineages/enterobacteriaceae_odb12/hmms/25694at543.hmm
# Target file:     home/simonedassisi/Desktop/BUSCO_output/prodigal_output/predicted_genes/predicted.faa
# Option settings: hmmsearch --domtblout home/simonedassisi/Desktop/BUSCO_output/run_enterobacteriaceae_odb12/hmmer_output/25694at543.out --cpu 1 /home/simonedassisi/busco_downloads/lineages/enterobacteriaceae_odb12/hmms/25694at543.hmm home/simonedassisi/Desktop/BUSCO_output/prodigal_output/predicted_genes/predicted.faa 
# Current dir:     /home/simonedassisi
# Date:            Tue Apr  1 14:30:15 2025
# [ok]
