#                                                                                                           --- full sequence --- -------------- this domain -------------   hmm coord   ali coord   env coord
# target name                                       accession   tlen query name           accession   qlen   E-value  score  bias   #  of  c-Evalue  i-Evalue  score  bias  from    to  from    to  from    to  acc description of target
#                               ------------------- ---------- ----- -------------------- ---------- ----- --------- ------ ----- --- --- --------- --------- ------ ----- ----- ----- ----- ----- ----- ----- ---- ---------------------
NODE_53_length_29778_cov_36.323025:9537-10370|+     -            278 2572                 -            276    7e-148  489.3   0.0   1   1  3.6e-150  7.9e-148  489.1   0.0     1   275     1   275     1   276 1.00 NODE_53_length_29778_cov_36.323025_10 # 9537 # 10370 # 1 # ID=53_10;partial=00;start_type=ATG;rbs_motif=AGxAGG/AGGxGG;rbs_spacer=3-4bp;gc_cont=0.558
NODE_2_length_157429_cov_38.171358:18375-19307|+    -            311 2572                 -            276   9.6e-39  131.3   0.0   1   1     6e-41   1.3e-38  130.9   0.0    47   240    68   264    63   274 0.91 NODE_2_length_157429_cov_38.171358_17 # 18375 # 19307 # 1 # ID=2_17;partial=00;start_type=GTG;rbs_motif=GGAGG;rbs_spacer=5-10bp;gc_cont=0.527
NODE_31_length_58399_cov_38.812466:48236-49309|+    -            358 2572                 -            276   1.4e-12   45.5   0.0   1   1   1.1e-14   2.5e-12   44.7   0.0   106   195   193   280   182   288 0.88 NODE_31_length_58399_cov_38.812466_46 # 48236 # 49309 # 1 # ID=31_46;partial=00;start_type=ATG;rbs_motif=AGGAG;rbs_spacer=5-10bp;gc_cont=0.558
NODE_9_length_123825_cov_37.296666:13541-14278|+    -            246 2572                 -            276   8.2e-12   43.0   0.0   1   1   5.3e-14   1.2e-11   42.5   0.0   111   189    46   128    39   143 0.80 NODE_9_length_123825_cov_37.296666_13 # 13541 # 14278 # 1 # ID=9_13;partial=00;start_type=ATG;rbs_motif=GGA/GAG/AGG;rbs_spacer=5-10bp;gc_cont=0.535
NODE_32_length_57606_cov_39.295812:12827-13963|+    -            379 2572                 -            276   5.8e-10   36.9   0.0   1   2       4.3   9.5e+02   -3.2   0.0    99   132    32    67     7    69 0.66 NODE_32_length_57606_cov_39.295812_12 # 12827 # 13963 # 1 # ID=32_12;partial=00;start_type=ATG;rbs_motif=AGGAGG;rbs_spacer=3-4bp;gc_cont=0.541
NODE_32_length_57606_cov_39.295812:12827-13963|+    -            379 2572                 -            276   5.8e-10   36.9   0.0   2   2   6.8e-12   1.5e-09   35.6   0.0   109   190   228   312   209   325 0.86 NODE_32_length_57606_cov_39.295812_12 # 12827 # 13963 # 1 # ID=32_12;partial=00;start_type=ATG;rbs_motif=AGGAGG;rbs_spacer=3-4bp;gc_cont=0.541
NODE_23_length_80065_cov_37.437114:60314-61441|-    -            376 2572                 -            276   7.3e-06   23.5   0.0   1   1   5.2e-08   1.1e-05   22.8   0.0   112   185   236   309   220   316 0.88 NODE_23_length_80065_cov_37.437114_55 # 60314 # 61441 # -1 # ID=23_55;partial=00;start_type=ATG;rbs_motif=GGA/GAG/AGG;rbs_spacer=5-10bp;gc_cont=0.544
NODE_14_length_92032_cov_37.540264:60051-61226|+    -            392 2572                 -            276   1.4e-05   22.5   0.0   1   1   9.9e-08   2.2e-05   21.9   0.0   111   194   217   306   206   327 0.76 NODE_14_length_92032_cov_37.540264_56 # 60051 # 61226 # 1 # ID=14_56;partial=00;start_type=GTG;rbs_motif=GGA/GAG/AGG;rbs_spacer=5-10bp;gc_cont=0.521
NODE_12_length_106079_cov_39.536715:78035-79336|+   -            434 2572                 -            276   4.7e-05   20.8   0.0   1   1   3.5e-07   7.7e-05   20.1   0.0    96   175   272   350   250   354 0.82 NODE_12_length_106079_cov_39.536715_68 # 78035 # 79336 # 1 # ID=12_68;partial=00;start_type=ATG;rbs_motif=GGA/GAG/AGG;rbs_spacer=11-12bp;gc_cont=0.514
NODE_6_length_131096_cov_36.333598:103512-104321|+  -            270 2572                 -            276   0.00014   19.3   0.0   1   1   9.3e-07    0.0002   18.7   0.0    97   152    73   128    68   140 0.91 NODE_6_length_131096_cov_36.333598_105 # 103512 # 104321 # 1 # ID=6_105;partial=00;start_type=ATG;rbs_motif=GGAG/GAGG;rbs_spacer=5-10bp;gc_cont=0.514
NODE_46_length_34184_cov_43.893884:15538-16161|-    -            208 2572                 -            276   0.00016   19.1   0.0   1   1   9.3e-07    0.0002   18.7   0.0    92   170    44   126    15   141 0.85 NODE_46_length_34184_cov_43.893884_16 # 15538 # 16161 # -1 # ID=46_16;partial=00;start_type=GTG;rbs_motif=GGA/GAG/AGG;rbs_spacer=5-10bp;gc_cont=0.490
NODE_42_length_44050_cov_40.658288:3356-4456|+      -            367 2572                 -            276   0.00019   18.8   0.1   1   1   1.4e-06    0.0003   18.2   0.1    98   165   199   264   185   277 0.90 NODE_42_length_44050_cov_40.658288_3 # 3356 # 4456 # 1 # ID=42_3;partial=00;start_type=ATG;rbs_motif=AGGA;rbs_spacer=5-10bp;gc_cont=0.503
NODE_8_length_126545_cov_41.885285:13880-14761|-    -            294 2572                 -            276   0.00026   18.4   0.0   1   1   1.7e-06   0.00038   17.8   0.0    96   159   145   207   141   214 0.87 NODE_8_length_126545_cov_41.885285_15 # 13880 # 14761 # -1 # ID=8_15;partial=00;start_type=ATG;rbs_motif=GGA/GAG/AGG;rbs_spacer=5-10bp;gc_cont=0.549
NODE_77_length_15753_cov_35.008191:11624-12394|-    -            257 2572                 -            276   0.00061   17.2   0.1   1   2   7.3e-05     0.016   12.5   0.1   109   182    44   116    32   119 0.82 NODE_77_length_15753_cov_35.008191_13 # 11624 # 12394 # -1 # ID=77_13;partial=00;start_type=ATG;rbs_motif=AGGA;rbs_spacer=5-10bp;gc_cont=0.490
NODE_77_length_15753_cov_35.008191:11624-12394|-    -            257 2572                 -            276   0.00061   17.2   0.1   2   2     0.086        19    2.4   0.0   216   272   125   183   119   186 0.81 NODE_77_length_15753_cov_35.008191_13 # 11624 # 12394 # -1 # ID=77_13;partial=00;start_type=ATG;rbs_motif=AGGA;rbs_spacer=5-10bp;gc_cont=0.490
NODE_11_length_117034_cov_40.464403:108495-109214|- -            240 2572                 -            276    0.0017   15.7   0.0   1   1   1.3e-05    0.0029   14.9   0.0   113   172    67   126    58   133 0.88 NODE_11_length_117034_cov_40.464403_100 # 108495 # 109214 # -1 # ID=11_100;partial=00;start_type=ATG;rbs_motif=None;rbs_spacer=None;gc_cont=0.525
NODE_36_length_50779_cov_38.268459:24087-24872|-    -            262 2572                 -            276    0.0017   15.7   0.1   1   1   1.3e-05    0.0028   15.0   0.1   100   164    35    98    32   108 0.86 NODE_36_length_50779_cov_38.268459_18 # 24087 # 24872 # -1 # ID=36_18;partial=00;start_type=ATG;rbs_motif=GGAG/GAGG;rbs_spacer=5-10bp;gc_cont=0.517
NODE_25_length_79707_cov_37.284883:29188-30336|-    -            383 2572                 -            276    0.0042   14.4   0.0   1   1   2.9e-05    0.0063   13.8   0.0   109   163   167   217   153   256 0.81 NODE_25_length_79707_cov_37.284883_28 # 29188 # 30336 # -1 # ID=25_28;partial=00;start_type=ATG;rbs_motif=GGAG/GAGG;rbs_spacer=5-10bp;gc_cont=0.480
NODE_41_length_44791_cov_39.437601:26633-27259|-    -            209 2572                 -            276    0.0048   14.2   0.0   1   1   2.8e-05    0.0061   13.9   0.0   108   187    74   154    39   166 0.80 NODE_41_length_44791_cov_39.437601_29 # 26633 # 27259 # -1 # ID=41_29;partial=00;start_type=ATG;rbs_motif=GGAG/GAGG;rbs_spacer=5-10bp;gc_cont=0.534
NODE_44_length_40808_cov_40.967724:37221-37967|-    -            249 2572                 -            276     0.012   12.9   0.0   1   1   0.00011     0.024   11.9   0.0   108   173    35   100    23   109 0.80 NODE_44_length_40808_cov_40.967724_35 # 37221 # 37967 # -1 # ID=44_35;partial=00;start_type=ATG;rbs_motif=AGGA;rbs_spacer=5-10bp;gc_cont=0.590
NODE_55_length_28139_cov_44.779594:21611-24607|+    -            999 2572                 -            276     0.014   12.7   0.0   1   1   0.00012     0.027   11.8   0.0   171   234   514   577   501   608 0.71 NODE_55_length_28139_cov_44.779594_22 # 21611 # 24607 # 1 # ID=55_22;partial=00;start_type=ATG;rbs_motif=GGA/GAG/AGG;rbs_spacer=5-10bp;gc_cont=0.326
NODE_15_length_91266_cov_36.275195:70265-71023|-    -            253 2572                 -            276     0.023   12.0   0.0   1   2   0.00025     0.056   10.7   0.0   103   155    24    77    14   101 0.78 NODE_15_length_91266_cov_36.275195_70 # 70265 # 71023 # -1 # ID=15_70;partial=00;start_type=ATG;rbs_motif=GGAG/GAGG;rbs_spacer=5-10bp;gc_cont=0.542
NODE_15_length_91266_cov_36.275195:70265-71023|-    -            253 2572                 -            276     0.023   12.0   0.0   2   2       2.7     6e+02   -2.5   0.0   222   243   129   150   125   152 0.84 NODE_15_length_91266_cov_36.275195_70 # 70265 # 71023 # -1 # ID=15_70;partial=00;start_type=ATG;rbs_motif=GGAG/GAGG;rbs_spacer=5-10bp;gc_cont=0.542
NODE_2_length_157429_cov_38.171358:121691-122413|-  -            241 2572                 -            276     0.034   11.4   0.0   1   1   0.00027     0.059   10.6   0.0   112   159    59   104    55   128 0.82 NODE_2_length_157429_cov_38.171358_114 # 121691 # 122413 # -1 # ID=2_114;partial=00;start_type=ATG;rbs_motif=AGGA/GGAG/GAGG;rbs_spacer=11-12bp;gc_cont=0.539
NODE_47_length_33827_cov_35.974125:20298-21308|-    -            337 2572                 -            276     0.049   10.9   0.2   1   1   0.00033     0.072   10.4   0.2   112   160   166   213   153   235 0.87 NODE_47_length_33827_cov_35.974125_20 # 20298 # 21308 # -1 # ID=47_20;partial=00;start_type=ATG;rbs_motif=AGGAGG;rbs_spacer=3-4bp;gc_cont=0.525
NODE_9_length_123825_cov_37.296666:50411-51472|+    -            354 2572                 -            276     0.053   10.8   0.0   1   1   0.00037     0.082   10.2   0.0   111   151   176   217   163   222 0.87 NODE_9_length_123825_cov_37.296666_43 # 50411 # 51472 # 1 # ID=9_43;partial=00;start_type=ATG;rbs_motif=GGAG/GAGG;rbs_spacer=5-10bp;gc_cont=0.556
#
# Program:         hmmsearch
# Version:         3.4 (Aug 2023)
# Pipeline mode:   SEARCH
# Query file:      /home/simonedassisi/busco_downloads/lineages/enterobacteriaceae_odb12/hmms/2572at543.hmm
# Target file:     home/simonedassisi/Desktop/BUSCO_output/prodigal_output/predicted_genes/predicted.faa
# Option settings: hmmsearch --domtblout home/simonedassisi/Desktop/BUSCO_output/run_enterobacteriaceae_odb12/hmmer_output/2572at543.out --cpu 1 /home/simonedassisi/busco_downloads/lineages/enterobacteriaceae_odb12/hmms/2572at543.hmm home/simonedassisi/Desktop/BUSCO_output/prodigal_output/predicted_genes/predicted.faa 
# Current dir:     /home/simonedassisi
# Date:            Tue Apr  1 14:30:16 2025
# [ok]
