#                                                                                                          --- full sequence --- -------------- this domain -------------   hmm coord   ali coord   env coord
# target name                                      accession   tlen query name           accession   qlen   E-value  score  bias   #  of  c-Evalue  i-Evalue  score  bias  from    to  from    to  from    to  acc description of target
#                              ------------------- ---------- ----- -------------------- ---------- ----- --------- ------ ----- --- --- --------- --------- ------ ----- ----- ----- ----- ----- ----- ----- ---- ---------------------
NODE_2_length_157429_cov_38.171358:75329-76786|+   -            486 2698                 -            484  6.4e-270  894.1  34.7   1   1    1e-272  7.2e-270  893.9  34.7     1   483     1   483     1   484 1.00 NODE_2_length_157429_cov_38.171358_72 # 75329 # 76786 # 1 # ID=2_72;partial=00;start_type=ATG;rbs_motif=GGA/GAG/AGG;rbs_spacer=11-12bp;gc_cont=0.571
NODE_9_length_123825_cov_37.296666:117194-118774|- -            527 2698                 -            484   4.7e-28   96.4  35.4   1   1   1.4e-30     1e-27   95.4  35.4    38   480    33   489     4   493 0.74 NODE_9_length_123825_cov_37.296666_103 # 117194 # 118774 # -1 # ID=9_103;partial=00;start_type=ATG;rbs_motif=GGA/GAG/AGG;rbs_spacer=5-10bp;gc_cont=0.539
NODE_2_length_157429_cov_38.171358:73793-75322|+   -            510 2698                 -            484   8.1e-28   95.7  32.2   1   1   1.6e-30   1.2e-27   95.2  32.2    67   478    81   489    73   494 0.78 NODE_2_length_157429_cov_38.171358_71 # 73793 # 75322 # 1 # ID=2_71;partial=00;start_type=ATG;rbs_motif=AGGA/GGAG/GAGG;rbs_spacer=11-12bp;gc_cont=0.546
NODE_2_length_157429_cov_38.171358:71788-73629|+   -            614 2698                 -            484   1.7e-21   74.8  30.4   1   1   3.6e-24   2.6e-21   74.2  30.4    57   466    69   469     2   484 0.76 NODE_2_length_157429_cov_38.171358_70 # 71788 # 73629 # 1 # ID=2_70;partial=00;start_type=ATG;rbs_motif=GGA/GAG/AGG;rbs_spacer=5-10bp;gc_cont=0.569
NODE_9_length_123825_cov_37.296666:121647-122996|- -            450 2698                 -            484   1.4e-10   38.8  12.2   1   1   2.6e-13   1.9e-10   38.4  12.2   220   466     1   265     1   284 0.72 NODE_9_length_123825_cov_37.296666_108 # 121647 # 122996 # -1 # ID=9_108;partial=00;start_type=ATG;rbs_motif=None;rbs_spacer=None;gc_cont=0.567
NODE_41_length_44791_cov_39.437601:5154-6980|-     -            609 2698                 -            484   1.8e-10   38.5  14.1   1   1   2.5e-13   1.8e-10   38.5  14.1   176   399   171   395   160   489 0.69 NODE_41_length_44791_cov_39.437601_8 # 5154 # 6980 # -1 # ID=41_8;partial=00;start_type=ATG;rbs_motif=GGAG/GAGG;rbs_spacer=5-10bp;gc_cont=0.579
NODE_9_length_123825_cov_37.296666:119441-119809|- -            123 2698                 -            484   0.00046   17.3   4.4   1   1     1e-06   0.00072   16.7   4.4   362   463     5   112     1   122 0.75 NODE_9_length_123825_cov_37.296666_105 # 119441 # 119809 # -1 # ID=9_105;partial=00;start_type=TTG;rbs_motif=None;rbs_spacer=None;gc_cont=0.585
#
# Program:         hmmsearch
# Version:         3.4 (Aug 2023)
# Pipeline mode:   SEARCH
# Query file:      /home/simonedassisi/busco_downloads/lineages/enterobacteriaceae_odb12/hmms/2698at543.hmm
# Target file:     home/simonedassisi/Desktop/BUSCO_output/prodigal_output/predicted_genes/predicted.faa
# Option settings: hmmsearch --domtblout home/simonedassisi/Desktop/BUSCO_output/run_enterobacteriaceae_odb12/hmmer_output/2698at543.out --cpu 1 /home/simonedassisi/busco_downloads/lineages/enterobacteriaceae_odb12/hmms/2698at543.hmm home/simonedassisi/Desktop/BUSCO_output/prodigal_output/predicted_genes/predicted.faa 
# Current dir:     /home/simonedassisi
# Date:            Tue Apr  1 14:30:16 2025
# [ok]
