#                                                                                                          --- full sequence --- -------------- this domain -------------   hmm coord   ali coord   env coord
# target name                                      accession   tlen query name           accession   qlen   E-value  score  bias   #  of  c-Evalue  i-Evalue  score  bias  from    to  from    to  from    to  acc description of target
#                              ------------------- ---------- ----- -------------------- ---------- ----- --------- ------ ----- --- --- --------- --------- ------ ----- ----- ----- ----- ----- ----- ----- ---- ---------------------
NODE_8_length_126545_cov_41.885285:84768-85940|+   -            391 2716                 -            387  3.3e-231  765.2   0.1   1   1  5.9e-234  3.7e-231  765.1   0.1     1   387     1   390     1   390 0.99 NODE_8_length_126545_cov_41.885285_83 # 84768 # 85940 # 1 # ID=8_83;partial=00;start_type=ATG;rbs_motif=GGAG/GAGG;rbs_spacer=5-10bp;gc_cont=0.533
NODE_53_length_29778_cov_36.323025:164-1255|-      -            364 2716                 -            387   1.4e-14   52.1   0.7   1   1   1.6e-16   9.9e-14   49.3   0.6   162   267     5   133     3   153 0.75 NODE_53_length_29778_cov_36.323025_1 # 164 # 1255 # -1 # ID=53_1;partial=00;start_type=ATG;rbs_motif=GGA/GAG/AGG;rbs_spacer=11-12bp;gc_cont=0.510
NODE_29_length_69919_cov_43.020805:15809-17089|-   -            427 2716                 -            387     4e-14   50.6   0.0   1   1   9.6e-17     6e-14   50.0   0.0   151   292   192   326   165   343 0.83 NODE_29_length_69919_cov_43.020805_18 # 15809 # 17089 # -1 # ID=29_18;partial=00;start_type=TTG;rbs_motif=GGAG/GAGG;rbs_spacer=5-10bp;gc_cont=0.539
NODE_9_length_123825_cov_37.296666:88335-89807|+   -            491 2716                 -            387     3e-09   34.6   0.0   1   2   3.6e-08   2.3e-05   21.8   0.0   162   374     5   197     1   200 0.75 NODE_9_length_123825_cov_37.296666_77 # 88335 # 89807 # 1 # ID=9_77;partial=00;start_type=ATG;rbs_motif=GGAG/GAGG;rbs_spacer=5-10bp;gc_cont=0.520
NODE_9_length_123825_cov_37.296666:88335-89807|+   -            491 2716                 -            387     3e-09   34.6   0.0   2   2   0.00049      0.31    8.2   0.0   162   329   205   369   199   384 0.62 NODE_9_length_123825_cov_37.296666_77 # 88335 # 89807 # 1 # ID=9_77;partial=00;start_type=ATG;rbs_motif=GGAG/GAGG;rbs_spacer=5-10bp;gc_cont=0.520
NODE_31_length_58399_cov_38.812466:26537-28204|+   -            556 2716                 -            387     0.002   15.4   0.2   1   2   0.00036      0.23    8.6   0.0   150   180    23    53    14    60 0.86 NODE_31_length_58399_cov_38.812466_25 # 26537 # 28204 # 1 # ID=31_25;partial=00;start_type=GTG;rbs_motif=AGGA/GGAG/GAGG;rbs_spacer=11-12bp;gc_cont=0.551
NODE_31_length_58399_cov_38.812466:26537-28204|+   -            556 2716                 -            387     0.002   15.4   0.2   2   2    0.0072       4.5    4.3   0.0   151   181   341   371   321   379 0.78 NODE_31_length_58399_cov_38.812466_25 # 26537 # 28204 # 1 # ID=31_25;partial=00;start_type=GTG;rbs_motif=AGGA/GGAG/GAGG;rbs_spacer=11-12bp;gc_cont=0.551
NODE_1_length_276430_cov_40.515391:204738-207059|- -            774 2716                 -            387    0.0087   13.3   0.0   1   1   2.3e-05     0.014   12.5   0.0   162   216     6    59     3    68 0.86 NODE_1_length_276430_cov_40.515391_181 # 204738 # 207059 # -1 # ID=1_181;partial=00;start_type=ATG;rbs_motif=None;rbs_spacer=None;gc_cont=0.549
NODE_8_length_126545_cov_41.885285:116379-116690|- -            104 2716                 -            387     0.024   11.8   0.0   1   1   4.4e-05     0.028   11.6   0.0    48   121    14    86     9    97 0.84 NODE_8_length_126545_cov_41.885285_109 # 116379 # 116690 # -1 # ID=8_109;partial=00;start_type=ATG;rbs_motif=None;rbs_spacer=None;gc_cont=0.551
NODE_11_length_117034_cov_40.464403:65348-66343|+  -            332 2716                 -            387       0.1    9.7   1.6   1   2     0.013         8    3.5   0.1   162   178    57    73    54    77 0.89 NODE_11_length_117034_cov_40.464403_54 # 65348 # 66343 # 1 # ID=11_54;partial=00;start_type=ATG;rbs_motif=None;rbs_spacer=None;gc_cont=0.539
NODE_11_length_117034_cov_40.464403:65348-66343|+  -            332 2716                 -            387       0.1    9.7   1.6   2   2    0.0037       2.3    5.3   0.2   303   369   228   296   180   303 0.66 NODE_11_length_117034_cov_40.464403_54 # 65348 # 66343 # 1 # ID=11_54;partial=00;start_type=ATG;rbs_motif=None;rbs_spacer=None;gc_cont=0.539
#
# Program:         hmmsearch
# Version:         3.4 (Aug 2023)
# Pipeline mode:   SEARCH
# Query file:      /home/simonedassisi/busco_downloads/lineages/enterobacteriaceae_odb12/hmms/2716at543.hmm
# Target file:     home/simonedassisi/Desktop/BUSCO_output/prodigal_output/predicted_genes/predicted.faa
# Option settings: hmmsearch --domtblout home/simonedassisi/Desktop/BUSCO_output/run_enterobacteriaceae_odb12/hmmer_output/2716at543.out --cpu 1 /home/simonedassisi/busco_downloads/lineages/enterobacteriaceae_odb12/hmms/2716at543.hmm home/simonedassisi/Desktop/BUSCO_output/prodigal_output/predicted_genes/predicted.faa 
# Current dir:     /home/simonedassisi
# Date:            Tue Apr  1 14:30:16 2025
# [ok]
