#                                                                                                          --- full sequence --- -------------- this domain -------------   hmm coord   ali coord   env coord
# target name                                      accession   tlen query name           accession   qlen   E-value  score  bias   #  of  c-Evalue  i-Evalue  score  bias  from    to  from    to  from    to  acc description of target
#                              ------------------- ---------- ----- -------------------- ---------- ----- --------- ------ ----- --- --- --------- --------- ------ ----- ----- ----- ----- ----- ----- ----- ---- ---------------------
NODE_9_length_123825_cov_37.296666:82847-83860|+   -            338 2790                 -            151   3.7e-82  271.5   0.1   1   1   6.1e-85   5.1e-82  271.0   0.1     1   150     1   153     1   154 0.96 NODE_9_length_123825_cov_37.296666_72 # 82847 # 83860 # 1 # ID=9_72;partial=00;start_type=ATG;rbs_motif=None;rbs_spacer=None;gc_cont=0.545
NODE_22_length_80627_cov_36.893466:70485-71042|+   -            186 2790                 -            151   1.2e-05   23.1   0.1   1   2   3.3e-08   2.8e-05   21.9   0.0    14    57     8    51     2    71 0.91 NODE_22_length_80627_cov_36.893466_70 # 70485 # 71042 # 1 # ID=22_70;partial=00;start_type=ATG;rbs_motif=AGGA;rbs_spacer=5-10bp;gc_cont=0.511
NODE_22_length_80627_cov_36.893466:70485-71042|+   -            186 2790                 -            151   1.2e-05   23.1   0.1   2   2       1.4   1.2e+03   -2.8   0.0    12    26   118   132   113   134 0.80 NODE_22_length_80627_cov_36.893466_70 # 70485 # 71042 # 1 # ID=22_70;partial=00;start_type=ATG;rbs_motif=AGGA;rbs_spacer=5-10bp;gc_cont=0.511
NODE_57_length_27741_cov_69.425183:4934-5356|-     -            141 2790                 -            151   1.7e-05   22.6   0.0   1   1   2.9e-08   2.4e-05   22.1   0.0    12    61    33    82    24    86 0.89 NODE_57_length_27741_cov_69.425183_3 # 4934 # 5356 # -1 # ID=57_3;partial=00;start_type=ATG;rbs_motif=AGGAG;rbs_spacer=5-10bp;gc_cont=0.489
NODE_15_length_91266_cov_36.275195:85912-86178|+   -             89 2790                 -            151    0.0039   14.9   0.0   1   1   5.9e-06    0.0049   14.6   0.0    15    59    14    58     4    61 0.87 NODE_15_length_91266_cov_36.275195_81 # 85912 # 86178 # 1 # ID=15_81;partial=00;start_type=ATG;rbs_motif=GGA/GAG/AGG;rbs_spacer=5-10bp;gc_cont=0.438
NODE_3_length_152663_cov_37.088930:49775-50353|-   -            193 2790                 -            151      0.37    8.5   8.9   1   2       0.6     5e+02   -1.7   0.0   111   127   129   145   127   158 0.74 NODE_3_length_152663_cov_37.088930_45 # 49775 # 50353 # -1 # ID=3_45;partial=00;start_type=ATG;rbs_motif=AGGA/GGAG/GAGG;rbs_spacer=11-12bp;gc_cont=0.544
NODE_3_length_152663_cov_37.088930:49775-50353|-   -            193 2790                 -            151      0.37    8.5   8.9   2   2   0.00026      0.21    9.3   6.7   107   134   156   183   148   190 0.87 NODE_3_length_152663_cov_37.088930_45 # 49775 # 50353 # -1 # ID=3_45;partial=00;start_type=ATG;rbs_motif=AGGA/GGAG/GAGG;rbs_spacer=11-12bp;gc_cont=0.544
NODE_5_length_138947_cov_37.421618:110090-111271|+ -            394 2790                 -            151       1.3    6.8   6.6   1   2      0.18   1.5e+02    0.1   0.0   112   126     6    20     2    23 0.85 NODE_5_length_138947_cov_37.421618_95 # 110090 # 111271 # 1 # ID=5_95;partial=00;start_type=ATG;rbs_motif=None;rbs_spacer=None;gc_cont=0.585
NODE_5_length_138947_cov_37.421618:110090-111271|+ -            394 2790                 -            151       1.3    6.8   6.6   2   2    0.0038       3.2    5.5   4.4   106   136   158   187   154   198 0.81 NODE_5_length_138947_cov_37.421618_95 # 110090 # 111271 # 1 # ID=5_95;partial=00;start_type=ATG;rbs_motif=None;rbs_spacer=None;gc_cont=0.585
#
# Program:         hmmsearch
# Version:         3.4 (Aug 2023)
# Pipeline mode:   SEARCH
# Query file:      /home/simonedassisi/busco_downloads/lineages/enterobacteriaceae_odb12/hmms/2790at543.hmm
# Target file:     home/simonedassisi/Desktop/BUSCO_output/prodigal_output/predicted_genes/predicted.faa
# Option settings: hmmsearch --domtblout home/simonedassisi/Desktop/BUSCO_output/run_enterobacteriaceae_odb12/hmmer_output/2790at543.out --cpu 1 /home/simonedassisi/busco_downloads/lineages/enterobacteriaceae_odb12/hmms/2790at543.hmm home/simonedassisi/Desktop/BUSCO_output/prodigal_output/predicted_genes/predicted.faa 
# Current dir:     /home/simonedassisi
# Date:            Tue Apr  1 14:30:16 2025
# [ok]
