#                                                                                                          --- full sequence --- -------------- this domain -------------   hmm coord   ali coord   env coord
# target name                                      accession   tlen query name           accession   qlen   E-value  score  bias   #  of  c-Evalue  i-Evalue  score  bias  from    to  from    to  from    to  acc description of target
#                              ------------------- ---------- ----- -------------------- ---------- ----- --------- ------ ----- --- --- --------- --------- ------ ----- ----- ----- ----- ----- ----- ----- ---- ---------------------
NODE_8_length_126545_cov_41.885285:100508-103180|+ -            891 2865                 -            897         0 1750.8  43.2   1   1         0         0 1750.6  43.2     1   897     1   890     1   890 0.99 NODE_8_length_126545_cov_41.885285_96 # 100508 # 103180 # 1 # ID=8_96;partial=00;start_type=ATG;rbs_motif=AGGA;rbs_spacer=5-10bp;gc_cont=0.535
NODE_99_length_8647_cov_35.430047:2366-4210|+      -            615 2865                 -            897   1.9e-22   77.2   0.3   1   1   7.3e-25   2.5e-22   76.8   0.3   400   637     2   243     1   255 0.81 NODE_99_length_8647_cov_35.430047_3 # 2366 # 4210 # 1 # ID=99_3;partial=00;start_type=ATG;rbs_motif=AGGA/GGAG/GAGG;rbs_spacer=11-12bp;gc_cont=0.567
NODE_9_length_123825_cov_37.296666:19181-20980|+   -            600 2865                 -            897   4.3e-19   66.1   1.1   1   1   5.9e-21     2e-18   63.9   1.1   403   604     9   223     5   233 0.77 NODE_9_length_123825_cov_37.296666_19 # 19181 # 20980 # 1 # ID=9_19;partial=00;start_type=ATG;rbs_motif=None;rbs_spacer=None;gc_cont=0.537
NODE_17_length_86457_cov_41.702653:66920-68743|-   -            608 2865                 -            897   2.9e-14   50.1   0.6   1   1   1.7e-16   5.7e-14   49.2   0.6   401   522     8   145     3   176 0.78 NODE_17_length_86457_cov_41.702653_70 # 66920 # 68743 # -1 # ID=17_70;partial=00;start_type=GTG;rbs_motif=GGAG/GAGG;rbs_spacer=5-10bp;gc_cont=0.533
NODE_148_length_1031_cov_94.602876:1-1029|+        -            343 2865                 -            897   1.9e-11   40.8   0.3   1   1   7.8e-14   2.6e-11   40.4   0.3   427   513    12    99     6   200 0.80 NODE_148_length_1031_cov_94.602876_1 # 1 # 1029 # 1 # ID=148_1;partial=11;start_type=Edge;rbs_motif=None;rbs_spacer=None;gc_cont=0.539
NODE_1_length_276430_cov_40.515391:273984-276098|+ -            705 2865                 -            897     4e-09   33.1   0.2   1   2   2.4e-11   8.2e-09   32.1   0.0   445   522    82   159    68   170 0.92 NODE_1_length_276430_cov_40.515391_250 # 273984 # 276098 # 1 # ID=1_250;partial=00;start_type=ATG;rbs_motif=GGAG/GAGG;rbs_spacer=5-10bp;gc_cont=0.509
NODE_1_length_276430_cov_40.515391:273984-276098|+ -            705 2865                 -            897     4e-09   33.1   0.2   2   2       1.5     5e+02   -3.6   0.0   593   626   338   376   331   392 0.69 NODE_1_length_276430_cov_40.515391_250 # 273984 # 276098 # 1 # ID=1_250;partial=00;start_type=ATG;rbs_motif=GGAG/GAGG;rbs_spacer=5-10bp;gc_cont=0.509
NODE_41_length_44791_cov_39.437601:31732-33159|-   -            476 2865                 -            897   4.8e-09   32.8   0.0   1   1   2.1e-11   6.9e-09   32.3   0.0   429   548    91   213    83   241 0.82 NODE_41_length_44791_cov_39.437601_37 # 31732 # 33159 # -1 # ID=41_37;partial=00;start_type=ATG;rbs_motif=GGA/GAG/AGG;rbs_spacer=11-12bp;gc_cont=0.543
NODE_31_length_58399_cov_38.812466:44933-46522|-   -            530 2865                 -            897   3.2e-07   26.8   0.0   1   1   1.4e-09   4.8e-07   26.3   0.0   444   521    81   162    61   178 0.86 NODE_31_length_58399_cov_38.812466_42 # 44933 # 46522 # -1 # ID=31_42;partial=00;start_type=ATG;rbs_motif=AGxAG;rbs_spacer=5-10bp;gc_cont=0.536
NODE_9_length_123825_cov_37.296666:88335-89807|+   -            491 2865                 -            897   8.9e-05   18.7   0.2   1   2   0.00038      0.13    8.3   0.0   399   514     3   127     1   160 0.80 NODE_9_length_123825_cov_37.296666_77 # 88335 # 89807 # 1 # ID=9_77;partial=00;start_type=ATG;rbs_motif=GGAG/GAGG;rbs_spacer=5-10bp;gc_cont=0.520
NODE_9_length_123825_cov_37.296666:88335-89807|+   -            491 2865                 -            897   8.9e-05   18.7   0.2   2   2   0.00032      0.11    8.5   0.1   466   554   282   367   267   371 0.77 NODE_9_length_123825_cov_37.296666_77 # 88335 # 89807 # 1 # ID=9_77;partial=00;start_type=ATG;rbs_motif=GGAG/GAGG;rbs_spacer=5-10bp;gc_cont=0.520
NODE_9_length_123825_cov_37.296666:22919-23824|+   -            302 2865                 -            897   0.00058   16.1   0.2   1   2   3.4e-06    0.0011   15.1   0.1   400   515    10   134     3   164 0.75 NODE_9_length_123825_cov_37.296666_22 # 22919 # 23824 # 1 # ID=9_22;partial=00;start_type=ATG;rbs_motif=GGAG/GAGG;rbs_spacer=5-10bp;gc_cont=0.523
NODE_9_length_123825_cov_37.296666:22919-23824|+   -            302 2865                 -            897   0.00058   16.1   0.2   2   2      0.63   2.1e+02   -2.4   0.0    61    90   236   265   221   277 0.78 NODE_9_length_123825_cov_37.296666_22 # 22919 # 23824 # 1 # ID=9_22;partial=00;start_type=ATG;rbs_motif=GGAG/GAGG;rbs_spacer=5-10bp;gc_cont=0.523
NODE_117_length_4367_cov_50.670283:2-262|-         -             87 2865                 -            897     0.018   11.1   2.6   1   1     6e-05      0.02   11.0   2.6   398   430    13    42     1    87 0.72 NODE_117_length_4367_cov_50.670283_1 # 2 # 262 # -1 # ID=117_1;partial=10;start_type=ATG;rbs_motif=GGAG/GAGG;rbs_spacer=5-10bp;gc_cont=0.533
NODE_1_length_276430_cov_40.515391:276169-276429|+ -             87 2865                 -            897     0.018   11.1   2.6   1   1     6e-05      0.02   11.0   2.6   398   430    13    42     1    87 0.72 NODE_1_length_276430_cov_40.515391_251 # 276169 # 276429 # 1 # ID=1_251;partial=01;start_type=GTG;rbs_motif=AGGA;rbs_spacer=5-10bp;gc_cont=0.529
NODE_86_length_12147_cov_42.083361:4825-5709|-     -            295 2865                 -            897     0.041    9.9   0.0   1   1   0.00016     0.053    9.5   0.0   397   454    37    95    21   102 0.87 NODE_86_length_12147_cov_42.083361_11 # 4825 # 5709 # -1 # ID=86_11;partial=00;start_type=ATG;rbs_motif=AGGA;rbs_spacer=5-10bp;gc_cont=0.536
NODE_9_length_123825_cov_37.296666:94827-95366|-   -            180 2865                 -            897       4.2    3.3  27.3   1   1     0.015         5    3.0  27.3   103   226    28   153    15   177 0.38 NODE_9_length_123825_cov_37.296666_82 # 94827 # 95366 # -1 # ID=9_82;partial=00;start_type=ATG;rbs_motif=AGGAGG;rbs_spacer=3-4bp;gc_cont=0.494
NODE_111_length_5237_cov_37.298434:2812-5235|+     -            808 2865                 -            897       6.5    2.7  35.7   1   1     0.028       9.3    2.1  35.7    92   330   119   366   103   379 0.35 NODE_111_length_5237_cov_37.298434_5 # 2812 # 5235 # 1 # ID=111_5;partial=01;start_type=ATG;rbs_motif=None;rbs_spacer=None;gc_cont=0.490
#
# Program:         hmmsearch
# Version:         3.4 (Aug 2023)
# Pipeline mode:   SEARCH
# Query file:      /home/simonedassisi/busco_downloads/lineages/enterobacteriaceae_odb12/hmms/2865at543.hmm
# Target file:     home/simonedassisi/Desktop/BUSCO_output/prodigal_output/predicted_genes/predicted.faa
# Option settings: hmmsearch --domtblout home/simonedassisi/Desktop/BUSCO_output/run_enterobacteriaceae_odb12/hmmer_output/2865at543.out --cpu 1 /home/simonedassisi/busco_downloads/lineages/enterobacteriaceae_odb12/hmms/2865at543.hmm home/simonedassisi/Desktop/BUSCO_output/prodigal_output/predicted_genes/predicted.faa 
# Current dir:     /home/simonedassisi
# Date:            Tue Apr  1 14:30:17 2025
# [ok]
