#                                                                                                          --- full sequence --- -------------- this domain -------------   hmm coord   ali coord   env coord
# target name                                      accession   tlen query name           accession   qlen   E-value  score  bias   #  of  c-Evalue  i-Evalue  score  bias  from    to  from    to  from    to  acc description of target
#                              ------------------- ---------- ----- -------------------- ---------- ----- --------- ------ ----- --- --- --------- --------- ------ ----- ----- ----- ----- ----- ----- ----- ---- ---------------------
NODE_30_length_69036_cov_41.149327:2181-2834|+     -            218 2872                 -            213  2.7e-133  440.4  22.9   1   1  1.4e-135    3e-133  440.2  22.9     1   213     5   217     5   217 1.00 NODE_30_length_69036_cov_41.149327_3 # 2181 # 2834 # 1 # ID=30_3;partial=00;start_type=ATG;rbs_motif=GGAG/GAGG;rbs_spacer=5-10bp;gc_cont=0.524
NODE_3_length_152663_cov_37.088930:57597-58754|+   -            386 2872                 -            213   1.6e-10   39.1  17.3   1   1   1.5e-12   3.2e-10   38.1  17.3    11   194   179   363   171   380 0.83 NODE_3_length_152663_cov_37.088930_51 # 57597 # 58754 # 1 # ID=3_51;partial=00;start_type=GTG;rbs_motif=None;rbs_spacer=None;gc_cont=0.572
NODE_48_length_31921_cov_35.968831:19910-20974|+   -            355 2872                 -            213   6.2e-10   37.2  20.5   1   1   2.8e-12   6.2e-10   37.2  20.5    11   203   147   328   133   333 0.80 NODE_48_length_31921_cov_35.968831_21 # 19910 # 20974 # 1 # ID=48_21;partial=00;start_type=ATG;rbs_motif=GGAG/GAGG;rbs_spacer=5-10bp;gc_cont=0.584
NODE_10_length_119716_cov_38.250842:43083-43757|+  -            225 2872                 -            213   1.6e-09   35.9  11.0   1   2   1.4e-11     3e-09   35.0   8.2    11   144    18   156    13   172 0.86 NODE_10_length_119716_cov_38.250842_35 # 43083 # 43757 # 1 # ID=10_35;partial=00;start_type=ATG;rbs_motif=GGxGG;rbs_spacer=5-10bp;gc_cont=0.501
NODE_10_length_119716_cov_38.250842:43083-43757|+  -            225 2872                 -            213   1.6e-09   35.9  11.0   2   2      0.22        49    1.6   0.0    13    38   195   221   189   224 0.82 NODE_10_length_119716_cov_38.250842_35 # 43083 # 43757 # 1 # ID=10_35;partial=00;start_type=ATG;rbs_motif=GGxGG;rbs_spacer=5-10bp;gc_cont=0.501
NODE_2_length_157429_cov_38.171358:41601-42317|+   -            239 2872                 -            213   1.9e-08   32.4   6.8   1   1   1.1e-10   2.4e-08   32.0   6.8    20   198    30   216    12   233 0.76 NODE_2_length_157429_cov_38.171358_40 # 41601 # 42317 # 1 # ID=2_40;partial=00;start_type=GTG;rbs_motif=GGAG/GAGG;rbs_spacer=5-10bp;gc_cont=0.501
NODE_6_length_131096_cov_36.333598:12871-13539|+   -            223 2872                 -            213   9.6e-08   30.1   3.1   1   1   5.6e-10   1.2e-07   29.7   3.1    21   156    27   159    12   200 0.83 NODE_6_length_131096_cov_36.333598_14 # 12871 # 13539 # 1 # ID=6_14;partial=00;start_type=ATG;rbs_motif=GGA/GAG/AGG;rbs_spacer=5-10bp;gc_cont=0.535
NODE_13_length_92664_cov_37.475885:25877-26710|+   -            278 2872                 -            213   9.9e-08   30.0   3.0   1   1   1.2e-09   2.5e-07   28.7   3.0    11   151    62   206    53   274 0.77 NODE_13_length_92664_cov_37.475885_30 # 25877 # 26710 # 1 # ID=13_30;partial=00;start_type=ATG;rbs_motif=GGxGG;rbs_spacer=5-10bp;gc_cont=0.565
NODE_7_length_130108_cov_39.332856:39070-39849|+   -            260 2872                 -            213   1.5e-07   29.5   6.6   1   1   1.3e-09   2.8e-07   28.6   6.6    75   208   124   256    67   258 0.86 NODE_7_length_130108_cov_39.332856_32 # 39070 # 39849 # 1 # ID=7_32;partial=00;start_type=ATG;rbs_motif=GGAG/GAGG;rbs_spacer=5-10bp;gc_cont=0.608
NODE_8_length_126545_cov_41.885285:1402-2505|-     -            368 2872                 -            213   8.3e-07   27.0   7.3   1   1   6.7e-09   1.5e-06   26.2   7.3     9   154   155   300   149   321 0.82 NODE_8_length_126545_cov_41.885285_3 # 1402 # 2505 # -1 # ID=8_3;partial=00;start_type=ATG;rbs_motif=AGGAG;rbs_spacer=5-10bp;gc_cont=0.524
NODE_49_length_31840_cov_36.883045:9346-10287|+    -            314 2872                 -            213   2.1e-06   25.7   2.2   1   2       6.3   1.4e+03   -3.1   0.1    18    29    96   107    86   145 0.53 NODE_49_length_31840_cov_36.883045_10 # 9346 # 10287 # 1 # ID=49_10;partial=00;start_type=ATG;rbs_motif=AGGAG;rbs_spacer=5-10bp;gc_cont=0.531
NODE_49_length_31840_cov_36.883045:9346-10287|+    -            314 2872                 -            213   2.1e-06   25.7   2.2   2   2   9.4e-09   2.1e-06   25.7   2.2    97   199   196   301   174   308 0.84 NODE_49_length_31840_cov_36.883045_10 # 9346 # 10287 # 1 # ID=49_10;partial=00;start_type=ATG;rbs_motif=AGGAG;rbs_spacer=5-10bp;gc_cont=0.531
NODE_10_length_119716_cov_38.250842:42343-43083|+  -            247 2872                 -            213     5e-06   24.4  10.5   1   1   8.4e-08   1.8e-05   22.6  10.5    10   200    30   230    21   240 0.60 NODE_10_length_119716_cov_38.250842_34 # 42343 # 43083 # 1 # ID=10_34;partial=00;start_type=ATG;rbs_motif=GGAG/GAGG;rbs_spacer=5-10bp;gc_cont=0.524
NODE_26_length_78359_cov_41.157595:3554-4444|+     -            297 2872                 -            213   3.6e-05   21.7   6.0   1   2         3   6.6e+02   -2.1   0.1    66    88    43    67    17    71 0.62 NODE_26_length_78359_cov_41.157595_5 # 3554 # 4444 # 1 # ID=26_5;partial=00;start_type=ATG;rbs_motif=GGAG/GAGG;rbs_spacer=5-10bp;gc_cont=0.570
NODE_26_length_78359_cov_41.157595:3554-4444|+     -            297 2872                 -            213   3.6e-05   21.7   6.0   2   2   1.6e-07   3.6e-05   21.7   6.0    22   155    92   223    78   228 0.78 NODE_26_length_78359_cov_41.157595_5 # 3554 # 4444 # 1 # ID=26_5;partial=00;start_type=ATG;rbs_motif=GGAG/GAGG;rbs_spacer=5-10bp;gc_cont=0.570
NODE_28_length_70179_cov_36.796251:25353-26012|-   -            220 2872                 -            213   4.8e-05   21.2  11.3   1   1     3e-07   6.5e-05   20.8  11.3    10   199    16   205     8   217 0.71 NODE_28_length_70179_cov_36.796251_24 # 25353 # 26012 # -1 # ID=28_24;partial=00;start_type=ATG;rbs_motif=AGGA;rbs_spacer=5-10bp;gc_cont=0.532
NODE_8_length_126545_cov_41.885285:2515-3696|-     -            394 2872                 -            213   0.00018   19.4  10.4   1   2     0.059        13    3.5   1.3     9    76    88   149    79   161 0.61 NODE_8_length_126545_cov_41.885285_4 # 2515 # 3696 # -1 # ID=8_4;partial=00;start_type=ATG;rbs_motif=GGAG/GAGG;rbs_spacer=5-10bp;gc_cont=0.503
NODE_8_length_126545_cov_41.885285:2515-3696|-     -            394 2872                 -            213   0.00018   19.4  10.4   2   2     8e-07   0.00018   19.4  10.4    84   202   260   384   177   392 0.69 NODE_8_length_126545_cov_41.885285_4 # 2515 # 3696 # -1 # ID=8_4;partial=00;start_type=ATG;rbs_motif=GGAG/GAGG;rbs_spacer=5-10bp;gc_cont=0.503
NODE_3_length_152663_cov_37.088930:59678-60409|+   -            244 2872                 -            213   0.00029   18.7  14.6   1   1   2.1e-06   0.00046   18.0  14.6    18   209    59   237    48   241 0.74 NODE_3_length_152663_cov_37.088930_53 # 59678 # 60409 # 1 # ID=3_53;partial=00;start_type=ATG;rbs_motif=AGGAG;rbs_spacer=5-10bp;gc_cont=0.570
NODE_23_length_80065_cov_37.437114:62872-63825|-   -            318 2872                 -            213   0.00039   18.3   8.2   1   2       4.2   9.1e+02   -2.5   0.7    62    78    35    52    30    67 0.56 NODE_23_length_80065_cov_37.437114_58 # 62872 # 63825 # -1 # ID=23_58;partial=00;start_type=ATG;rbs_motif=AGGAG;rbs_spacer=5-10bp;gc_cont=0.504
NODE_23_length_80065_cov_37.437114:62872-63825|-   -            318 2872                 -            213   0.00039   18.3   8.2   2   2   1.8e-06   0.00039   18.3   8.2    79   203   181   306    95   316 0.76 NODE_23_length_80065_cov_37.437114_58 # 62872 # 63825 # -1 # ID=23_58;partial=00;start_type=ATG;rbs_motif=AGGAG;rbs_spacer=5-10bp;gc_cont=0.504
NODE_28_length_70179_cov_36.796251:50783-51694|+   -            304 2872                 -            213   0.00068   17.5  12.5   1   2       3.5   7.7e+02   -2.3   0.2    63    76    45    58    33    62 0.56 NODE_28_length_70179_cov_36.796251_46 # 50783 # 51694 # 1 # ID=28_46;partial=00;start_type=ATG;rbs_motif=GGA/GAG/AGG;rbs_spacer=11-12bp;gc_cont=0.532
NODE_28_length_70179_cov_36.796251:50783-51694|+   -            304 2872                 -            213   0.00068   17.5  12.5   2   2   3.1e-06   0.00068   17.5  12.5    16   154   104   234    97   249 0.77 NODE_28_length_70179_cov_36.796251_46 # 50783 # 51694 # 1 # ID=28_46;partial=00;start_type=ATG;rbs_motif=GGA/GAG/AGG;rbs_spacer=11-12bp;gc_cont=0.532
NODE_2_length_157429_cov_38.171358:40918-41604|+   -            229 2872                 -            213    0.0017   16.2  13.4   1   2   3.6e-05     0.008   14.0   7.8     6   150    10   162     5   184 0.62 NODE_2_length_157429_cov_38.171358_39 # 40918 # 41604 # 1 # ID=2_39;partial=00;start_type=ATG;rbs_motif=AGGA;rbs_spacer=5-10bp;gc_cont=0.525
NODE_2_length_157429_cov_38.171358:40918-41604|+   -            229 2872                 -            213    0.0017   16.2  13.4   2   2     0.041       8.9    4.0   0.3     4    40   182   219   179   226 0.84 NODE_2_length_157429_cov_38.171358_39 # 40918 # 41604 # 1 # ID=2_39;partial=00;start_type=ATG;rbs_motif=AGGA;rbs_spacer=5-10bp;gc_cont=0.525
NODE_37_length_49199_cov_38.911069:44775-45464|+   -            230 2872                 -            213    0.0019   16.0   0.6   1   2       0.5   1.1e+02    0.5   0.4    52    72    17    36     2    70 0.66 NODE_37_length_49199_cov_38.911069_42 # 44775 # 45464 # 1 # ID=37_42;partial=00;start_type=ATG;rbs_motif=3Base/5BMM;rbs_spacer=13-15bp;gc_cont=0.541
NODE_37_length_49199_cov_38.911069:44775-45464|+   -            230 2872                 -            213    0.0019   16.0   0.6   2   2   8.8e-06    0.0019   16.0   0.6    86   149    93   156    84   173 0.89 NODE_37_length_49199_cov_38.911069_42 # 44775 # 45464 # 1 # ID=37_42;partial=00;start_type=ATG;rbs_motif=3Base/5BMM;rbs_spacer=13-15bp;gc_cont=0.541
NODE_36_length_50779_cov_38.268459:3414-4205|+     -            264 2872                 -            213     0.011   13.5   8.2   1   1   0.00013     0.028   12.2   8.2     9   168    58   211    49   244 0.69 NODE_36_length_50779_cov_38.268459_5 # 3414 # 4205 # 1 # ID=36_5;partial=00;start_type=ATG;rbs_motif=AGGA;rbs_spacer=5-10bp;gc_cont=0.556
NODE_1_length_276430_cov_40.515391:156476-157363|+ -            296 2872                 -            213     0.013   13.3   5.1   1   1   0.00016     0.035   11.9   5.1   106   201   179   285    67   293 0.78 NODE_1_length_276430_cov_40.515391_141 # 156476 # 157363 # 1 # ID=1_141;partial=00;start_type=ATG;rbs_motif=AGGA;rbs_spacer=5-10bp;gc_cont=0.560
NODE_73_length_16238_cov_34.312333:2384-3241|-     -            286 2872                 -            213     0.049   11.4  15.6   1   2       3.4   7.5e+02   -2.3   0.4   184   198    11    25     4    47 0.52 NODE_73_length_16238_cov_34.312333_4 # 2384 # 3241 # -1 # ID=73_4;partial=00;start_type=ATG;rbs_motif=AGGAG/GGAGG;rbs_spacer=11-12bp;gc_cont=0.508
NODE_73_length_16238_cov_34.312333:2384-3241|-     -            286 2872                 -            213     0.049   11.4  15.6   2   2   1.4e-05     0.003   15.4   9.4    86   178   151   247    59   280 0.74 NODE_73_length_16238_cov_34.312333_4 # 2384 # 3241 # -1 # ID=73_4;partial=00;start_type=ATG;rbs_motif=AGGAG/GGAGG;rbs_spacer=11-12bp;gc_cont=0.508
NODE_73_length_16238_cov_34.312333:1593-2387|-     -            265 2872                 -            213      0.11   10.2  17.2   1   2       7.1   1.6e+03   -3.3   0.3    59    70    17    28    10    35 0.69 NODE_73_length_16238_cov_34.312333_3 # 1593 # 2387 # -1 # ID=73_3;partial=00;start_type=ATG;rbs_motif=AGxAGG/AGGxGG;rbs_spacer=5-10bp;gc_cont=0.499
NODE_73_length_16238_cov_34.312333:1593-2387|-     -            265 2872                 -            213      0.11   10.2  17.2   2   2   3.5e-05    0.0077   14.0  11.4     7   153    58   195    53   257 0.63 NODE_73_length_16238_cov_34.312333_3 # 1593 # 2387 # -1 # ID=73_3;partial=00;start_type=ATG;rbs_motif=AGxAGG/AGGxGG;rbs_spacer=5-10bp;gc_cont=0.499
#
# Program:         hmmsearch
# Version:         3.4 (Aug 2023)
# Pipeline mode:   SEARCH
# Query file:      /home/simonedassisi/busco_downloads/lineages/enterobacteriaceae_odb12/hmms/2872at543.hmm
# Target file:     home/simonedassisi/Desktop/BUSCO_output/prodigal_output/predicted_genes/predicted.faa
# Option settings: hmmsearch --domtblout home/simonedassisi/Desktop/BUSCO_output/run_enterobacteriaceae_odb12/hmmer_output/2872at543.out --cpu 1 /home/simonedassisi/busco_downloads/lineages/enterobacteriaceae_odb12/hmms/2872at543.hmm home/simonedassisi/Desktop/BUSCO_output/prodigal_output/predicted_genes/predicted.faa 
# Current dir:     /home/simonedassisi
# Date:            Tue Apr  1 14:30:17 2025
# [ok]
