#                                                                                                          --- full sequence --- -------------- this domain -------------   hmm coord   ali coord   env coord
# target name                                      accession   tlen query name           accession   qlen   E-value  score  bias   #  of  c-Evalue  i-Evalue  score  bias  from    to  from    to  from    to  acc description of target
#                              ------------------- ---------- ----- -------------------- ---------- ----- --------- ------ ----- --- --- --------- --------- ------ ----- ----- ----- ----- ----- ----- ----- ---- ---------------------
NODE_2_length_157429_cov_38.171358:71788-73629|+   -            614 32400                -            612         0 1190.6  45.8   1   1         0         0 1190.4  45.8     1   612     1   612     1   612 1.00 NODE_2_length_157429_cov_38.171358_70 # 71788 # 73629 # 1 # ID=2_70;partial=00;start_type=ATG;rbs_motif=GGA/GAG/AGG;rbs_spacer=5-10bp;gc_cont=0.569
NODE_9_length_123825_cov_37.296666:119842-120672|- -            277 32400                -            612   1.7e-38  130.8  11.5   1   1     3e-41   2.2e-38  130.5  11.5     2   262     3   253     1   258 0.88 NODE_9_length_123825_cov_37.296666_106 # 119842 # 120672 # -1 # ID=9_106;partial=00;start_type=ATG;rbs_motif=AGGAG/GGAGG;rbs_spacer=11-12bp;gc_cont=0.537
NODE_9_length_123825_cov_37.296666:117194-118774|- -            527 32400                -            612   4.3e-36  122.9  38.4   1   1   9.8e-39   7.1e-36  122.2  38.4    73   481    64   489     5   500 0.79 NODE_9_length_123825_cov_37.296666_103 # 117194 # 118774 # -1 # ID=9_103;partial=00;start_type=ATG;rbs_motif=GGA/GAG/AGG;rbs_spacer=5-10bp;gc_cont=0.539
NODE_9_length_123825_cov_37.296666:121647-122996|- -            450 32400                -            612   2.1e-24   84.3  19.6   1   1   5.6e-27     4e-24   83.4  19.6   233   503     2   299     1   307 0.68 NODE_9_length_123825_cov_37.296666_108 # 121647 # 122996 # -1 # ID=9_108;partial=00;start_type=ATG;rbs_motif=None;rbs_spacer=None;gc_cont=0.567
NODE_41_length_44791_cov_39.437601:5154-6980|-     -            609 32400                -            612   7.2e-22   75.9  28.2   1   2   9.9e-25   7.2e-22   75.9  28.2    95   425    87   417    58   486 0.76 NODE_41_length_44791_cov_39.437601_8 # 5154 # 6980 # -1 # ID=41_8;partial=00;start_type=ATG;rbs_motif=GGAG/GAGG;rbs_spacer=5-10bp;gc_cont=0.579
NODE_41_length_44791_cov_39.437601:5154-6980|-     -            609 32400                -            612   7.2e-22   75.9  28.2   2   2      0.21   1.5e+02   -1.1   0.0     5    24   505   524   502   573 0.77 NODE_41_length_44791_cov_39.437601_8 # 5154 # 6980 # -1 # ID=41_8;partial=00;start_type=ATG;rbs_motif=GGAG/GAGG;rbs_spacer=5-10bp;gc_cont=0.579
NODE_2_length_157429_cov_38.171358:75329-76786|+   -            486 32400                -            612   4.7e-18   63.3  30.7   1   1   8.6e-21   6.2e-18   62.9  30.7    58   461    46   458     5   478 0.76 NODE_2_length_157429_cov_38.171358_72 # 75329 # 76786 # 1 # ID=2_72;partial=00;start_type=ATG;rbs_motif=GGA/GAG/AGG;rbs_spacer=11-12bp;gc_cont=0.571
NODE_9_length_123825_cov_37.296666:122993-123664|- -            224 32400                -            612   2.2e-11   41.3  18.1   1   1   3.2e-14   2.3e-11   41.2  17.3    75   202    71   199    31   209 0.87 NODE_9_length_123825_cov_37.296666_109 # 122993 # 123664 # -1 # ID=9_109;partial=00;start_type=ATG;rbs_motif=AGGAG;rbs_spacer=5-10bp;gc_cont=0.513
#
# Program:         hmmsearch
# Version:         3.4 (Aug 2023)
# Pipeline mode:   SEARCH
# Query file:      /home/simonedassisi/busco_downloads/lineages/enterobacteriaceae_odb12/hmms/32400at543.hmm
# Target file:     home/simonedassisi/Desktop/BUSCO_output/prodigal_output/predicted_genes/predicted.faa
# Option settings: hmmsearch --domtblout home/simonedassisi/Desktop/BUSCO_output/run_enterobacteriaceae_odb12/hmmer_output/32400at543.out --cpu 1 /home/simonedassisi/busco_downloads/lineages/enterobacteriaceae_odb12/hmms/32400at543.hmm home/simonedassisi/Desktop/BUSCO_output/prodigal_output/predicted_genes/predicted.faa 
# Current dir:     /home/simonedassisi
# Date:            Tue Apr  1 14:30:17 2025
# [ok]
