#                                                                                                          --- full sequence --- -------------- this domain -------------   hmm coord   ali coord   env coord
# target name                                      accession   tlen query name           accession   qlen   E-value  score  bias   #  of  c-Evalue  i-Evalue  score  bias  from    to  from    to  from    to  acc description of target
#                              ------------------- ---------- ----- -------------------- ---------- ----- --------- ------ ----- --- --- --------- --------- ------ ----- ----- ----- ----- ----- ----- ----- ---- ---------------------
NODE_54_length_28184_cov_41.894607:5162-5413|+     -             84 3947                 -             82   7.4e-49  161.9   0.0   1   1   9.7e-52   8.1e-49  161.8   0.0     1    82     1    82     1    82 0.99 NODE_54_length_28184_cov_41.894607_6 # 5162 # 5413 # 1 # ID=54_6;partial=00;start_type=ATG;rbs_motif=AGGAG;rbs_spacer=5-10bp;gc_cont=0.512
NODE_23_length_80065_cov_37.437114:68325-68582|+   -             86 3947                 -             82     6e-16   56.4   0.0   1   1   8.1e-19   6.8e-16   56.3   0.0     5    72     4    78     1    85 0.81 NODE_23_length_80065_cov_37.437114_65 # 68325 # 68582 # 1 # ID=23_65;partial=00;start_type=ATG;rbs_motif=AGGAG;rbs_spacer=5-10bp;gc_cont=0.450
NODE_25_length_79707_cov_37.284883:37632-37979|+   -            116 3947                 -             82   1.1e-08   33.2   0.0   1   1   1.6e-11   1.3e-08   32.9   0.0    11    81    29    99    17   100 0.96 NODE_25_length_79707_cov_37.284883_36 # 37632 # 37979 # 1 # ID=25_36;partial=00;start_type=ATG;rbs_motif=GGAG/GAGG;rbs_spacer=5-10bp;gc_cont=0.526
NODE_48_length_31921_cov_35.968831:14622-14867|+   -             82 3947                 -             82   2.9e-06   25.4   0.0   1   1   3.9e-09   3.3e-06   25.2   0.0     3    51     2    49     1    64 0.83 NODE_48_length_31921_cov_35.968831_16 # 14622 # 14867 # 1 # ID=48_16;partial=00;start_type=ATG;rbs_motif=GGA/GAG/AGG;rbs_spacer=5-10bp;gc_cont=0.528
NODE_20_length_84241_cov_37.036046:26134-26781|-   -            216 3947                 -             82    0.0028   15.8   0.5   1   2   5.7e-06    0.0048   15.1   0.0     5    47     2    45     1    57 0.80 NODE_20_length_84241_cov_37.036046_31 # 26134 # 26781 # -1 # ID=20_31;partial=00;start_type=GTG;rbs_motif=GGAGG;rbs_spacer=5-10bp;gc_cont=0.492
NODE_20_length_84241_cov_37.036046:26134-26781|-   -            216 3947                 -             82    0.0028   15.8   0.5   2   2       3.5     3e+03   -3.5   0.2    66    74   148   156   148   157 0.84 NODE_20_length_84241_cov_37.036046_31 # 26134 # 26781 # -1 # ID=20_31;partial=00;start_type=GTG;rbs_motif=GGAGG;rbs_spacer=5-10bp;gc_cont=0.492
NODE_9_length_123825_cov_37.296666:107754-108113|- -            120 3947                 -             82     0.044   12.0   0.3   1   2      0.01       8.7    4.6   0.0     2    30     3    31     2    55 0.83 NODE_9_length_123825_cov_37.296666_94 # 107754 # 108113 # -1 # ID=9_94;partial=00;start_type=ATG;rbs_motif=AGGA;rbs_spacer=5-10bp;gc_cont=0.519
NODE_9_length_123825_cov_37.296666:107754-108113|- -            120 3947                 -             82     0.044   12.0   0.3   2   2    0.0046       3.8    5.8   0.1    17    47    56    86    53    92 0.88 NODE_9_length_123825_cov_37.296666_94 # 107754 # 108113 # -1 # ID=9_94;partial=00;start_type=ATG;rbs_motif=AGGA;rbs_spacer=5-10bp;gc_cont=0.519
#
# Program:         hmmsearch
# Version:         3.4 (Aug 2023)
# Pipeline mode:   SEARCH
# Query file:      /home/simonedassisi/busco_downloads/lineages/enterobacteriaceae_odb12/hmms/3947at543.hmm
# Target file:     home/simonedassisi/Desktop/BUSCO_output/prodigal_output/predicted_genes/predicted.faa
# Option settings: hmmsearch --domtblout home/simonedassisi/Desktop/BUSCO_output/run_enterobacteriaceae_odb12/hmmer_output/3947at543.out --cpu 1 /home/simonedassisi/busco_downloads/lineages/enterobacteriaceae_odb12/hmms/3947at543.hmm home/simonedassisi/Desktop/BUSCO_output/prodigal_output/predicted_genes/predicted.faa 
# Current dir:     /home/simonedassisi
# Date:            Tue Apr  1 14:30:18 2025
# [ok]
