#                                                                                                         --- full sequence --- -------------- this domain -------------   hmm coord   ali coord   env coord
# target name                                     accession   tlen query name           accession   qlen   E-value  score  bias   #  of  c-Evalue  i-Evalue  score  bias  from    to  from    to  from    to  acc description of target
#                             ------------------- ---------- ----- -------------------- ---------- ----- --------- ------ ----- --- --- --------- --------- ------ ----- ----- ----- ----- ----- ----- ----- ---- ---------------------
NODE_2_length_157429_cov_38.171358:58056-59273|-  -            406 4206                 -            404  6.9e-280  925.7   0.0   1   1  1.5e-282  7.8e-280  925.6   0.0     1   404     1   404     1   404 1.00 NODE_2_length_157429_cov_38.171358_57 # 58056 # 59273 # -1 # ID=2_57;partial=00;start_type=ATG;rbs_motif=GGA/GAG/AGG;rbs_spacer=5-10bp;gc_cont=0.505
NODE_13_length_92664_cov_37.475885:67784-69022|+  -            413 4206                 -            404   1.1e-28   98.5   0.0   1   1   2.9e-31   1.5e-28   98.1   0.0    30   396    33   391    12   396 0.83 NODE_13_length_92664_cov_37.475885_68 # 67784 # 69022 # 1 # ID=13_68;partial=00;start_type=ATG;rbs_motif=GGAG/GAGG;rbs_spacer=5-10bp;gc_cont=0.554
NODE_10_length_119716_cov_38.250842:94196-95356|- -            387 4206                 -            404   1.2e-18   65.4   0.0   1   1   3.2e-21   1.6e-18   65.0   0.0    64   258    59   254    30   283 0.88 NODE_10_length_119716_cov_38.250842_88 # 94196 # 95356 # -1 # ID=10_88;partial=00;start_type=ATG;rbs_motif=GGA/GAG/AGG;rbs_spacer=5-10bp;gc_cont=0.537
NODE_155_length_703_cov_0.942708:135-701|+        -            189 4206                 -            404   4.6e-14   50.4   0.0   1   1   1.1e-16   5.7e-14   50.0   0.0    23   184    24   182     6   187 0.90 NODE_155_length_703_cov_0.942708_1 # 135 # 701 # 1 # ID=155_1;partial=01;start_type=ATG;rbs_motif=None;rbs_spacer=None;gc_cont=0.494
NODE_25_length_79707_cov_37.284883:69590-70762|-  -            391 4206                 -            404   4.8e-09   33.8   0.0   1   1   1.4e-11   6.9e-09   33.3   0.0    82   255    79   248    54   380 0.71 NODE_25_length_79707_cov_37.284883_69 # 69590 # 70762 # -1 # ID=25_69;partial=00;start_type=ATG;rbs_motif=AGGA;rbs_spacer=5-10bp;gc_cont=0.511
NODE_33_length_56462_cov_40.195669:24284-25696|+  -            471 4206                 -            404     3e-07   27.9   0.0   1   1   8.8e-10   4.5e-07   27.3   0.0    61   252   135   324   126   353 0.82 NODE_33_length_56462_cov_40.195669_23 # 24284 # 25696 # 1 # ID=33_23;partial=00;start_type=ATG;rbs_motif=AGGA;rbs_spacer=5-10bp;gc_cont=0.548
NODE_49_length_31840_cov_36.883045:5518-6924|+    -            469 4206                 -            404   6.6e-07   26.8   0.0   1   1   1.9e-09   9.6e-07   26.2   0.0    77   317   150   382   132   402 0.84 NODE_49_length_31840_cov_36.883045_7 # 5518 # 6924 # 1 # ID=49_7;partial=00;start_type=ATG;rbs_motif=None;rbs_spacer=None;gc_cont=0.513
NODE_24_length_79963_cov_36.490030:4672-5742|-    -            357 4206                 -            404   1.1e-06   26.0   0.0   1   1   3.1e-09   1.6e-06   25.5   0.0    79   255    61   229    53   323 0.77 NODE_24_length_79963_cov_36.490030_7 # 4672 # 5742 # -1 # ID=24_7;partial=00;start_type=ATG;rbs_motif=AGGAG;rbs_spacer=5-10bp;gc_cont=0.555
NODE_7_length_130108_cov_39.332856:93515-94708|-  -            398 4206                 -            404   0.00027   18.2   0.0   1   1   7.8e-07   0.00039   17.6   0.0   159   267   161   274   124   329 0.78 NODE_7_length_130108_cov_39.332856_85 # 93515 # 94708 # -1 # ID=7_85;partial=00;start_type=GTG;rbs_motif=GGAG/GAGG;rbs_spacer=5-10bp;gc_cont=0.528
NODE_1_length_276430_cov_40.515391:12927-14180|-  -            418 4206                 -            404     0.018   12.2   0.0   1   2   9.3e-05     0.047   10.8   0.0   164   210   175   221   151   236 0.86 NODE_1_length_276430_cov_40.515391_15 # 12927 # 14180 # -1 # ID=1_15;partial=00;start_type=ATG;rbs_motif=None;rbs_spacer=None;gc_cont=0.523
NODE_1_length_276430_cov_40.515391:12927-14180|-  -            418 4206                 -            404     0.018   12.2   0.0   2   2       0.8     4e+02   -2.2   0.0   327   392   334   402   305   410 0.60 NODE_1_length_276430_cov_40.515391_15 # 12927 # 14180 # -1 # ID=1_15;partial=00;start_type=ATG;rbs_motif=None;rbs_spacer=None;gc_cont=0.523
#
# Program:         hmmsearch
# Version:         3.4 (Aug 2023)
# Pipeline mode:   SEARCH
# Query file:      /home/simonedassisi/busco_downloads/lineages/enterobacteriaceae_odb12/hmms/4206at543.hmm
# Target file:     home/simonedassisi/Desktop/BUSCO_output/prodigal_output/predicted_genes/predicted.faa
# Option settings: hmmsearch --domtblout home/simonedassisi/Desktop/BUSCO_output/run_enterobacteriaceae_odb12/hmmer_output/4206at543.out --cpu 1 /home/simonedassisi/busco_downloads/lineages/enterobacteriaceae_odb12/hmms/4206at543.hmm home/simonedassisi/Desktop/BUSCO_output/prodigal_output/predicted_genes/predicted.faa 
# Current dir:     /home/simonedassisi
# Date:            Tue Apr  1 14:30:18 2025
# [ok]
