#                                                                                                          --- full sequence --- -------------- this domain -------------   hmm coord   ali coord   env coord
# target name                                      accession   tlen query name           accession   qlen   E-value  score  bias   #  of  c-Evalue  i-Evalue  score  bias  from    to  from    to  from    to  acc description of target
#                              ------------------- ---------- ----- -------------------- ---------- ----- --------- ------ ----- --- --- --------- --------- ------ ----- ----- ----- ----- ----- ----- ----- ---- ---------------------
NODE_1_length_276430_cov_40.515391:202622-203392|+ -            257 4257                 -            256  3.9e-145  480.4   0.1   1   1    6e-148  4.3e-145  480.2   0.1     1   255     1   255     1   256 0.99 NODE_1_length_276430_cov_40.515391_178 # 202622 # 203392 # 1 # ID=1_178;partial=00;start_type=ATG;rbs_motif=GGA/GAG/AGG;rbs_spacer=11-12bp;gc_cont=0.563
NODE_5_length_138947_cov_37.421618:121364-122230|+ -            289 4257                 -            256   1.4e-15   55.8   0.0   1   1   8.8e-18   6.3e-15   53.7   0.0     4   253    26   285    23   287 0.71 NODE_5_length_138947_cov_37.421618_103 # 121364 # 122230 # 1 # ID=5_103;partial=00;start_type=ATG;rbs_motif=AGGAG;rbs_spacer=5-10bp;gc_cont=0.541
NODE_14_length_92032_cov_37.540264:19244-20044|+   -            267 4257                 -            256     1e-12   46.5   0.4   1   2   1.9e-07   0.00014   19.8   0.1    16   106    16   112    12   130 0.82 NODE_14_length_92032_cov_37.540264_16 # 19244 # 20044 # 1 # ID=14_16;partial=00;start_type=ATG;rbs_motif=GGAG/GAGG;rbs_spacer=5-10bp;gc_cont=0.577
NODE_14_length_92032_cov_37.540264:19244-20044|+   -            267 4257                 -            256     1e-12   46.5   0.4   2   2   4.6e-09   3.3e-06   25.1   0.0   174   251   176   253   154   258 0.91 NODE_14_length_92032_cov_37.540264_16 # 19244 # 20044 # 1 # ID=14_16;partial=00;start_type=ATG;rbs_motif=GGAG/GAGG;rbs_spacer=5-10bp;gc_cont=0.577
NODE_2_length_157429_cov_38.171358:86733-87491|+   -            253 4257                 -            256   4.6e-09   34.5   0.0   1   1   2.2e-11   1.6e-08   32.7   0.0    15   119    16   123     5   250 0.69 NODE_2_length_157429_cov_38.171358_83 # 86733 # 87491 # 1 # ID=2_83;partial=00;start_type=ATG;rbs_motif=GGA/GAG/AGG;rbs_spacer=5-10bp;gc_cont=0.561
NODE_50_length_31159_cov_52.530614:12145-12471|+   -            109 4257                 -            256   7.1e-08   30.6   0.0   1   1   1.1e-10   7.8e-08   30.5   0.0     9    90    16   102     4   107 0.84 NODE_50_length_31159_cov_52.530614_14 # 12145 # 12471 # 1 # ID=50_14;partial=00;start_type=ATG;rbs_motif=AGGA;rbs_spacer=5-10bp;gc_cont=0.346
NODE_10_length_119716_cov_38.250842:15328-16092|+  -            255 4257                 -            256   7.5e-07   27.2   0.0   1   2   1.7e-08   1.2e-05   23.3   0.0    12   110    15   117     5   150 0.87 NODE_10_length_119716_cov_38.250842_13 # 15328 # 16092 # 1 # ID=10_13;partial=00;start_type=ATG;rbs_motif=None;rbs_spacer=None;gc_cont=0.510
NODE_10_length_119716_cov_38.250842:15328-16092|+  -            255 4257                 -            256   7.5e-07   27.2   0.0   2   2     0.051        36    2.0   0.0   193   252   192   251   188   254 0.83 NODE_10_length_119716_cov_38.250842_13 # 15328 # 16092 # 1 # ID=10_13;partial=00;start_type=ATG;rbs_motif=None;rbs_spacer=None;gc_cont=0.510
NODE_50_length_31159_cov_52.530614:12458-12934|+   -            159 4257                 -            256   1.6e-05   22.8   0.0   1   1   3.2e-08   2.3e-05   22.4   0.0   174   250    73   150    53   156 0.86 NODE_50_length_31159_cov_52.530614_15 # 12458 # 12934 # 1 # ID=50_15;partial=00;start_type=TTG;rbs_motif=GGA/GAG/AGG;rbs_spacer=5-10bp;gc_cont=0.356
#
# Program:         hmmsearch
# Version:         3.4 (Aug 2023)
# Pipeline mode:   SEARCH
# Query file:      /home/simonedassisi/busco_downloads/lineages/enterobacteriaceae_odb12/hmms/4257at543.hmm
# Target file:     home/simonedassisi/Desktop/BUSCO_output/prodigal_output/predicted_genes/predicted.faa
# Option settings: hmmsearch --domtblout home/simonedassisi/Desktop/BUSCO_output/run_enterobacteriaceae_odb12/hmmer_output/4257at543.out --cpu 1 /home/simonedassisi/busco_downloads/lineages/enterobacteriaceae_odb12/hmms/4257at543.hmm home/simonedassisi/Desktop/BUSCO_output/prodigal_output/predicted_genes/predicted.faa 
# Current dir:     /home/simonedassisi
# Date:            Tue Apr  1 14:30:19 2025
# [ok]
