#                                                                                                        --- full sequence --- -------------- this domain -------------   hmm coord   ali coord   env coord
# target name                                    accession   tlen query name           accession   qlen   E-value  score  bias   #  of  c-Evalue  i-Evalue  score  bias  from    to  from    to  from    to  acc description of target
#                            ------------------- ---------- ----- -------------------- ---------- ----- --------- ------ ----- --- --- --------- --------- ------ ----- ----- ----- ----- ----- ----- ----- ---- ---------------------
NODE_2_length_157429_cov_38.171358:66669-69395|+ -            909 4283                 -            905         0 1873.9   0.0   1   1         0         0 1873.7   0.0     1   905     1   908     1   908 1.00 NODE_2_length_157429_cov_38.171358_65 # 66669 # 69395 # 1 # ID=2_65;partial=00;start_type=ATG;rbs_motif=GGA/GAG/AGG;rbs_spacer=5-10bp;gc_cont=0.564
NODE_7_length_130108_cov_39.332856:63461-65140|+ -            560 4283                 -            905   1.4e-07   27.8   0.0   1   2   2.7e-09   1.9e-06   24.1   0.0   562   638   242   318   223   358 0.84 NODE_7_length_130108_cov_39.332856_58 # 63461 # 65140 # 1 # ID=7_58;partial=00;start_type=ATG;rbs_motif=None;rbs_spacer=None;gc_cont=0.541
NODE_7_length_130108_cov_39.332856:63461-65140|+ -            560 4283                 -            905   1.4e-07   27.8   0.0   2   2     0.022        16    1.2   0.0   835   879   450   494   431   499 0.85 NODE_7_length_130108_cov_39.332856_58 # 63461 # 65140 # 1 # ID=7_58;partial=00;start_type=ATG;rbs_motif=None;rbs_spacer=None;gc_cont=0.541
NODE_7_length_130108_cov_39.332856:62993-63412|+ -            140 4283                 -            905   2.5e-06   23.7   0.2   1   1   3.7e-09   2.7e-06   23.6   0.2   225   331     5   123     1   136 0.76 NODE_7_length_130108_cov_39.332856_57 # 62993 # 63412 # 1 # ID=7_57;partial=00;start_type=ATG;rbs_motif=GGAG/GAGG;rbs_spacer=5-10bp;gc_cont=0.540
NODE_66_length_21471_cov_38.343047:1834-4320|+   -            829 4283                 -            905   0.00011   18.3   0.0   1   3   1.6e-05     0.011   11.6   0.0   218   383    40   217    32   225 0.74 NODE_66_length_21471_cov_38.343047_5 # 1834 # 4320 # 1 # ID=66_5;partial=00;start_type=ATG;rbs_motif=GGAG/GAGG;rbs_spacer=5-10bp;gc_cont=0.565
NODE_66_length_21471_cov_38.343047:1834-4320|+   -            829 4283                 -            905   0.00011   18.3   0.0   2   3    0.0031       2.3    4.0   0.0   587   631   503   547   491   564 0.86 NODE_66_length_21471_cov_38.343047_5 # 1834 # 4320 # 1 # ID=66_5;partial=00;start_type=ATG;rbs_motif=GGAG/GAGG;rbs_spacer=5-10bp;gc_cont=0.565
NODE_66_length_21471_cov_38.343047:1834-4320|+   -            829 4283                 -            905   0.00011   18.3   0.0   3   3      0.95   6.9e+02   -4.2   0.0   820   859   729   768   725   775 0.86 NODE_66_length_21471_cov_38.343047_5 # 1834 # 4320 # 1 # ID=66_5;partial=00;start_type=ATG;rbs_motif=GGAG/GAGG;rbs_spacer=5-10bp;gc_cont=0.565
NODE_47_length_33827_cov_35.974125:14871-15458|+ -            196 4283                 -            905   0.00022   17.3   0.0   1   1   3.2e-07   0.00023   17.2   0.0   227   311    49   142    29   187 0.82 NODE_47_length_33827_cov_35.974125_15 # 14871 # 15458 # 1 # ID=47_15;partial=00;start_type=ATG;rbs_motif=GGAG/GAGG;rbs_spacer=5-10bp;gc_cont=0.537
NODE_17_length_86457_cov_41.702653:41324-41911|+ -            196 4283                 -            905    0.0031   13.5   0.0   1   1   5.2e-06    0.0037   13.2   0.0   226   312    48   143    35   164 0.82 NODE_17_length_86457_cov_41.702653_44 # 41324 # 41911 # 1 # ID=17_44;partial=00;start_type=ATG;rbs_motif=AGGAG;rbs_spacer=5-10bp;gc_cont=0.560
NODE_14_length_92032_cov_37.540264:28975-31521|- -            849 4283                 -            905     0.041    9.8   0.0   1   1   9.5e-05     0.068    9.0   0.0   568   614   486   532   478   546 0.90 NODE_14_length_92032_cov_37.540264_28 # 28975 # 31521 # -1 # ID=14_28;partial=00;start_type=ATG;rbs_motif=AGGA;rbs_spacer=5-10bp;gc_cont=0.554
#
# Program:         hmmsearch
# Version:         3.4 (Aug 2023)
# Pipeline mode:   SEARCH
# Query file:      /home/simonedassisi/busco_downloads/lineages/enterobacteriaceae_odb12/hmms/4283at543.hmm
# Target file:     home/simonedassisi/Desktop/BUSCO_output/prodigal_output/predicted_genes/predicted.faa
# Option settings: hmmsearch --domtblout home/simonedassisi/Desktop/BUSCO_output/run_enterobacteriaceae_odb12/hmmer_output/4283at543.out --cpu 1 /home/simonedassisi/busco_downloads/lineages/enterobacteriaceae_odb12/hmms/4283at543.hmm home/simonedassisi/Desktop/BUSCO_output/prodigal_output/predicted_genes/predicted.faa 
# Current dir:     /home/simonedassisi
# Date:            Tue Apr  1 14:30:19 2025
# [ok]
