#                                                                                                          --- full sequence --- -------------- this domain -------------   hmm coord   ali coord   env coord
# target name                                      accession   tlen query name           accession   qlen   E-value  score  bias   #  of  c-Evalue  i-Evalue  score  bias  from    to  from    to  from    to  acc description of target
#                              ------------------- ---------- ----- -------------------- ---------- ----- --------- ------ ----- --- --- --------- --------- ------ ----- ----- ----- ----- ----- ----- ----- ---- ---------------------
NODE_9_length_123825_cov_37.296666:93155-94732|+   -            526 4351                 -            523         0 1097.2   0.0   1   1         0         0 1097.1   0.0     1   523     2   525     2   525 1.00 NODE_9_length_123825_cov_37.296666_81 # 93155 # 94732 # 1 # ID=9_81;partial=00;start_type=ATG;rbs_motif=GGA/GAG/AGG;rbs_spacer=5-10bp;gc_cont=0.546
NODE_1_length_276430_cov_40.515391:256669-257232|+ -            188 4351                 -            523     8e-16   55.7   0.0   1   1   1.5e-18   9.2e-16   55.5   0.0     9   197     2   185     1   187 0.88 NODE_1_length_276430_cov_40.515391_229 # 256669 # 257232 # 1 # ID=1_229;partial=00;start_type=ATG;rbs_motif=GGAG/GAGG;rbs_spacer=5-10bp;gc_cont=0.535
NODE_22_length_80627_cov_36.893466:30401-31996|-   -            532 4351                 -            523   1.9e-09   34.7   0.0   1   1   4.5e-12   2.8e-09   34.1   0.0     9   197     4   187     1   216 0.75 NODE_22_length_80627_cov_36.893466_32 # 30401 # 31996 # -1 # ID=22_32;partial=00;start_type=ATG;rbs_motif=AGGAG;rbs_spacer=5-10bp;gc_cont=0.558
NODE_4_length_139564_cov_44.158667:122072-123220|- -            383 4351                 -            523   1.1e-08   32.1   0.0   1   1   2.7e-11   1.7e-08   31.5   0.0    10   108   195   292   188   329 0.78 NODE_4_length_139564_cov_44.158667_105 # 122072 # 123220 # -1 # ID=4_105;partial=00;start_type=TTG;rbs_motif=GGAGG;rbs_spacer=5-10bp;gc_cont=0.532
NODE_24_length_79963_cov_36.490030:3015-3605|-     -            197 4351                 -            523   1.9e-06   24.7   0.0   1   2   0.00071      0.45    7.0   0.0    70    91    62    83    40    95 0.77 NODE_24_length_79963_cov_36.490030_5 # 3015 # 3605 # -1 # ID=24_5;partial=00;start_type=ATG;rbs_motif=AGGAG;rbs_spacer=5-10bp;gc_cont=0.550
NODE_24_length_79963_cov_36.490030:3015-3605|-     -            197 4351                 -            523   1.9e-06   24.7   0.0   2   2   1.5e-06   0.00092   15.9   0.0   148   197   146   194   140   196 0.84 NODE_24_length_79963_cov_36.490030_5 # 3015 # 3605 # -1 # ID=24_5;partial=00;start_type=ATG;rbs_motif=AGGAG;rbs_spacer=5-10bp;gc_cont=0.550
NODE_73_length_16238_cov_34.312333:11434-12540|-   -            369 4351                 -            523    0.0003   17.5   0.0   1   2   1.2e-06   0.00077   16.2   0.0   227   259     6    37     2    67 0.87 NODE_73_length_16238_cov_34.312333_12 # 11434 # 12540 # -1 # ID=73_12;partial=00;start_type=ATG;rbs_motif=GGA/GAG/AGG;rbs_spacer=5-10bp;gc_cont=0.537
NODE_73_length_16238_cov_34.312333:11434-12540|-   -            369 4351                 -            523    0.0003   17.5   0.0   2   2      0.38   2.4e+02   -2.0   0.0   369   392   165   188   156   191 0.82 NODE_73_length_16238_cov_34.312333_12 # 11434 # 12540 # -1 # ID=73_12;partial=00;start_type=ATG;rbs_motif=GGA/GAG/AGG;rbs_spacer=5-10bp;gc_cont=0.537
NODE_12_length_106079_cov_39.536715:83369-85006|+  -            546 4351                 -            523    0.0045   13.6   0.1   1   2   0.00033      0.21    8.1   0.0    73   104   367   398   320   417 0.82 NODE_12_length_106079_cov_39.536715_73 # 83369 # 85006 # 1 # ID=12_73;partial=00;start_type=ATG;rbs_motif=GGA/GAG/AGG;rbs_spacer=5-10bp;gc_cont=0.518
NODE_12_length_106079_cov_39.536715:83369-85006|+  -            546 4351                 -            523    0.0045   13.6   0.1   2   2     0.011       6.9    3.1   0.0   172   199   507   535   446   543 0.84 NODE_12_length_106079_cov_39.536715_73 # 83369 # 85006 # 1 # ID=12_73;partial=00;start_type=ATG;rbs_motif=GGA/GAG/AGG;rbs_spacer=5-10bp;gc_cont=0.518
NODE_22_length_80627_cov_36.893466:69694-70458|+   -            255 4351                 -            523     0.078    9.5   0.0   1   2   0.00029      0.18    8.3   0.0    74   101   103   130    93   143 0.86 NODE_22_length_80627_cov_36.893466_69 # 69694 # 70458 # 1 # ID=22_69;partial=00;start_type=ATG;rbs_motif=GGA/GAG/AGG;rbs_spacer=5-10bp;gc_cont=0.528
NODE_22_length_80627_cov_36.893466:69694-70458|+   -            255 4351                 -            523     0.078    9.5   0.0   2   2      0.47     3e+02   -2.3   0.0   175   189   217   231   194   249 0.71 NODE_22_length_80627_cov_36.893466_69 # 69694 # 70458 # 1 # ID=22_69;partial=00;start_type=ATG;rbs_motif=GGA/GAG/AGG;rbs_spacer=5-10bp;gc_cont=0.528
#
# Program:         hmmsearch
# Version:         3.4 (Aug 2023)
# Pipeline mode:   SEARCH
# Query file:      /home/simonedassisi/busco_downloads/lineages/enterobacteriaceae_odb12/hmms/4351at543.hmm
# Target file:     home/simonedassisi/Desktop/BUSCO_output/prodigal_output/predicted_genes/predicted.faa
# Option settings: hmmsearch --domtblout home/simonedassisi/Desktop/BUSCO_output/run_enterobacteriaceae_odb12/hmmer_output/4351at543.out --cpu 1 /home/simonedassisi/busco_downloads/lineages/enterobacteriaceae_odb12/hmms/4351at543.hmm home/simonedassisi/Desktop/BUSCO_output/prodigal_output/predicted_genes/predicted.faa 
# Current dir:     /home/simonedassisi
# Date:            Tue Apr  1 14:30:19 2025
# [ok]
