#                                                                                                          --- full sequence --- -------------- this domain -------------   hmm coord   ali coord   env coord
# target name                                      accession   tlen query name           accession   qlen   E-value  score  bias   #  of  c-Evalue  i-Evalue  score  bias  from    to  from    to  from    to  acc description of target
#                              ------------------- ---------- ----- -------------------- ---------- ----- --------- ------ ----- --- --- --------- --------- ------ ----- ----- ----- ----- ----- ----- ----- ---- ---------------------
NODE_30_length_69036_cov_41.149327:20405-21193|-   -            263 4463                 -            262  7.4e-166  547.9   6.2   1   1  1.8e-168  8.2e-166  547.7   6.2     1   262     1   262     1   262 1.00 NODE_30_length_69036_cov_41.149327_21 # 20405 # 21193 # -1 # ID=30_21;partial=00;start_type=GTG;rbs_motif=GGAGG;rbs_spacer=5-10bp;gc_cont=0.532
NODE_30_length_69036_cov_41.149327:21757-22782|-   -            342 4463                 -            262   8.3e-17   59.3  18.7   1   1   6.3e-19   2.9e-16   57.5  18.7     6   181   116   295    95   310 0.89 NODE_30_length_69036_cov_41.149327_23 # 21757 # 22782 # -1 # ID=30_23;partial=00;start_type=ATG;rbs_motif=GGA/GAG/AGG;rbs_spacer=11-12bp;gc_cont=0.528
NODE_40_length_46585_cov_37.455939:30229-30819|-   -            197 4463                 -            262   3.2e-05   21.3   2.4   1   2   0.00027      0.12    9.6   0.2     4    53    15    67    12    86 0.78 NODE_40_length_46585_cov_37.455939_26 # 30229 # 30819 # -1 # ID=40_26;partial=00;start_type=ATG;rbs_motif=AGGAGG;rbs_spacer=3-4bp;gc_cont=0.503
NODE_40_length_46585_cov_37.455939:30229-30819|-   -            197 4463                 -            262   3.2e-05   21.3   2.4   2   2   6.5e-05      0.03   11.6   0.1     2    40    91   129    90   136 0.89 NODE_40_length_46585_cov_37.455939_26 # 30229 # 30819 # -1 # ID=40_26;partial=00;start_type=ATG;rbs_motif=AGGAGG;rbs_spacer=3-4bp;gc_cont=0.503
NODE_21_length_83220_cov_38.326345:79898-80449|+   -            184 4463                 -            262   5.1e-05   20.7   2.7   1   1   1.8e-07   8.2e-05   20.0   2.5   111   193    96   178    89   181 0.85 NODE_21_length_83220_cov_38.326345_75 # 79898 # 80449 # 1 # ID=21_75;partial=00;start_type=ATG;rbs_motif=GGAGG;rbs_spacer=5-10bp;gc_cont=0.482
NODE_30_length_69036_cov_41.149327:37664-38488|+   -            275 4463                 -            262   0.00026   18.4   3.0   1   2   1.3e-05    0.0057   14.0   0.9     8   102   105   200    99   201 0.83 NODE_30_length_69036_cov_41.149327_37 # 37664 # 38488 # 1 # ID=30_37;partial=00;start_type=ATG;rbs_motif=GGA/GAG/AGG;rbs_spacer=5-10bp;gc_cont=0.530
NODE_30_length_69036_cov_41.149327:37664-38488|+   -            275 4463                 -            262   0.00026   18.4   3.0   2   2    0.0013      0.61    7.3   0.5     8    64   190   216   177   257 0.58 NODE_30_length_69036_cov_41.149327_37 # 37664 # 38488 # 1 # ID=30_37;partial=00;start_type=ATG;rbs_motif=GGA/GAG/AGG;rbs_spacer=5-10bp;gc_cont=0.530
NODE_4_length_139564_cov_44.158667:117501-118091|+ -            197 4463                 -            262   0.00027   18.3   8.4   1   3   2.8e-05     0.013   12.8   0.1     2    31    13    42    12    48 0.89 NODE_4_length_139564_cov_44.158667_101 # 117501 # 118091 # 1 # ID=4_101;partial=00;start_type=GTG;rbs_motif=AGGA/GGAG/GAGG;rbs_spacer=11-12bp;gc_cont=0.552
NODE_4_length_139564_cov_44.158667:117501-118091|+ -            197 4463                 -            262   0.00027   18.3   8.4   2   3    0.0014      0.66    7.2   3.6    13    70    51   111    47   114 0.87 NODE_4_length_139564_cov_44.158667_101 # 117501 # 118091 # 1 # ID=4_101;partial=00;start_type=GTG;rbs_motif=AGGA/GGAG/GAGG;rbs_spacer=11-12bp;gc_cont=0.552
NODE_4_length_139564_cov_44.158667:117501-118091|+ -            197 4463                 -            262   0.00027   18.3   8.4   3   3    0.0076       3.5    4.9   0.1     2    34    91   123    90   136 0.78 NODE_4_length_139564_cov_44.158667_101 # 117501 # 118091 # 1 # ID=4_101;partial=00;start_type=GTG;rbs_motif=AGGA/GGAG/GAGG;rbs_spacer=11-12bp;gc_cont=0.552
NODE_5_length_138947_cov_37.421618:111374-111994|- -            207 4463                 -            262    0.0017   15.7   5.1   1   2     0.011       5.1    4.3   0.8   112   170    82   148    51   152 0.58 NODE_5_length_138947_cov_37.421618_96 # 111374 # 111994 # -1 # ID=5_96;partial=00;start_type=ATG;rbs_motif=GGA/GAG/AGG;rbs_spacer=5-10bp;gc_cont=0.425
NODE_5_length_138947_cov_37.421618:111374-111994|- -            207 4463                 -            262    0.0017   15.7   5.1   2   2   2.8e-05     0.013   12.8   5.2   108   190    98   180    76   198 0.81 NODE_5_length_138947_cov_37.421618_96 # 111374 # 111994 # -1 # ID=5_96;partial=00;start_type=ATG;rbs_motif=GGA/GAG/AGG;rbs_spacer=5-10bp;gc_cont=0.425
NODE_43_length_41508_cov_43.498876:454-1008|+      -            185 4463                 -            262    0.0075   13.6   3.2   1   1   5.7e-05     0.026   11.8   3.2    38   159    15   130    10   138 0.56 NODE_43_length_41508_cov_43.498876_1 # 454 # 1008 # 1 # ID=43_1;partial=00;start_type=ATG;rbs_motif=GGAG/GAGG;rbs_spacer=5-10bp;gc_cont=0.488
NODE_86_length_12147_cov_42.083361:10885-11337|+   -            151 4463                 -            262     0.021   12.1   1.9   1   1   9.8e-05     0.045   11.0   0.2    20    57    30    67    15    80 0.78 NODE_86_length_12147_cov_42.083361_15 # 10885 # 11337 # 1 # ID=86_15;partial=00;start_type=ATG;rbs_motif=AGGAG/GGAGG;rbs_spacer=11-12bp;gc_cont=0.450
NODE_40_length_46585_cov_37.455939:3770-4750|+     -            327 4463                 -            262     0.035   11.4   9.7   1   2     0.023        11    3.3   0.6   102   178    71   145    21   153 0.64 NODE_40_length_46585_cov_37.455939_5 # 3770 # 4750 # 1 # ID=40_5;partial=00;start_type=ATG;rbs_motif=GGA/GAG/AGG;rbs_spacer=5-10bp;gc_cont=0.481
NODE_40_length_46585_cov_37.455939:3770-4750|+     -            327 4463                 -            262     0.035   11.4   9.7   2   2   4.1e-05     0.019   12.3   1.9     7    59   227   280   219   306 0.78 NODE_40_length_46585_cov_37.455939_5 # 3770 # 4750 # 1 # ID=40_5;partial=00;start_type=ATG;rbs_motif=GGA/GAG/AGG;rbs_spacer=5-10bp;gc_cont=0.481
NODE_54_length_28184_cov_41.894607:7042-7863|+     -            274 4463                 -            262      0.18    9.0   3.8   1   1    0.0015      0.68    7.2   3.8   121   196   168   245   130   249 0.73 NODE_54_length_28184_cov_41.894607_9 # 7042 # 7863 # 1 # ID=54_9;partial=00;start_type=ATG;rbs_motif=GGAG/GAGG;rbs_spacer=5-10bp;gc_cont=0.532
#
# Program:         hmmsearch
# Version:         3.4 (Aug 2023)
# Pipeline mode:   SEARCH
# Query file:      /home/simonedassisi/busco_downloads/lineages/enterobacteriaceae_odb12/hmms/4463at543.hmm
# Target file:     home/simonedassisi/Desktop/BUSCO_output/prodigal_output/predicted_genes/predicted.faa
# Option settings: hmmsearch --domtblout home/simonedassisi/Desktop/BUSCO_output/run_enterobacteriaceae_odb12/hmmer_output/4463at543.out --cpu 1 /home/simonedassisi/busco_downloads/lineages/enterobacteriaceae_odb12/hmms/4463at543.hmm home/simonedassisi/Desktop/BUSCO_output/prodigal_output/predicted_genes/predicted.faa 
# Current dir:     /home/simonedassisi
# Date:            Tue Apr  1 14:30:19 2025
# [ok]
