#                                                                                                          --- full sequence --- -------------- this domain -------------   hmm coord   ali coord   env coord
# target name                                      accession   tlen query name           accession   qlen   E-value  score  bias   #  of  c-Evalue  i-Evalue  score  bias  from    to  from    to  from    to  acc description of target
#                              ------------------- ---------- ----- -------------------- ---------- ----- --------- ------ ----- --- --- --------- --------- ------ ----- ----- ----- ----- ----- ----- ----- ---- ---------------------
NODE_30_length_69036_cov_41.149327:394-969|-       -            192 45947                -            185  7.6e-114  375.7   0.0   1   1  1.2e-116  8.8e-114  375.5   0.0     1   185     2   186     2   186 0.99 NODE_30_length_69036_cov_41.149327_1 # 394 # 969 # -1 # ID=30_1;partial=00;start_type=GTG;rbs_motif=AGGAG;rbs_spacer=5-10bp;gc_cont=0.498
NODE_24_length_79963_cov_36.490030:3605-4672|-     -            356 45947                -            185   1.2e-23   81.8   0.1   1   2   3.1e-26   2.2e-23   80.9   0.0     5   149     4   144     1   159 0.90 NODE_24_length_79963_cov_36.490030_6 # 3605 # 4672 # -1 # ID=24_6;partial=00;start_type=ATG;rbs_motif=GGAG/GAGG;rbs_spacer=5-10bp;gc_cont=0.536
NODE_24_length_79963_cov_36.490030:3605-4672|-     -            356 45947                -            185   1.2e-23   81.8   0.1   2   2         3   2.2e+03   -3.9   0.1     7    20   184   197   180   206 0.67 NODE_24_length_79963_cov_36.490030_6 # 3605 # 4672 # -1 # ID=24_6;partial=00;start_type=ATG;rbs_motif=GGAG/GAGG;rbs_spacer=5-10bp;gc_cont=0.536
NODE_1_length_276430_cov_40.515391:233129-233887|+ -            253 45947                -            185    0.0005   17.8   0.0   1   2       1.3   9.7e+02   -2.7   0.0    25    54   108   136    99   137 0.72 NODE_1_length_276430_cov_40.515391_205 # 233129 # 233887 # 1 # ID=1_205;partial=00;start_type=ATG;rbs_motif=GGA/GAG/AGG;rbs_spacer=5-10bp;gc_cont=0.530
NODE_1_length_276430_cov_40.515391:233129-233887|+ -            253 45947                -            185    0.0005   17.8   0.0   2   2   1.6e-06    0.0012   16.6   0.0   107   150   164   207   160   239 0.80 NODE_1_length_276430_cov_40.515391_205 # 233129 # 233887 # 1 # ID=1_205;partial=00;start_type=ATG;rbs_motif=GGA/GAG/AGG;rbs_spacer=5-10bp;gc_cont=0.530
NODE_26_length_78359_cov_41.157595:15465-16130|-   -            222 45947                -            185    0.0006   17.5   0.0   1   2     0.016        11    3.6   0.0     2    28     2    33     1    73 0.71 NODE_26_length_78359_cov_41.157595_16 # 15465 # 16130 # -1 # ID=26_16;partial=00;start_type=ATG;rbs_motif=AGGA;rbs_spacer=5-10bp;gc_cont=0.483
NODE_26_length_78359_cov_41.157595:15465-16130|-   -            222 45947                -            185    0.0006   17.5   0.0   2   2   3.5e-05     0.026   12.2   0.0   109   179   141   209   126   215 0.75 NODE_26_length_78359_cov_41.157595_16 # 15465 # 16130 # -1 # ID=26_16;partial=00;start_type=ATG;rbs_motif=AGGA;rbs_spacer=5-10bp;gc_cont=0.483
NODE_10_length_119716_cov_38.250842:43757-44482|+  -            242 45947                -            185    0.0082   13.8   0.0   1   1   1.9e-05     0.014   13.1   0.0    29    64   170   205   165   221 0.87 NODE_10_length_119716_cov_38.250842_36 # 43757 # 44482 # 1 # ID=10_36;partial=00;start_type=ATG;rbs_motif=AGGA;rbs_spacer=5-10bp;gc_cont=0.519
NODE_18_length_85840_cov_40.696849:40561-42216|+   -            552 45947                -            185     0.025   12.2   0.0   1   1   6.8e-05     0.049   11.3   0.0    64   117   294   348   285   355 0.86 NODE_18_length_85840_cov_40.696849_35 # 40561 # 42216 # 1 # ID=18_35;partial=00;start_type=ATG;rbs_motif=AGGA;rbs_spacer=5-10bp;gc_cont=0.531
NODE_45_length_36631_cov_36.253287:10962-11630|-   -            223 45947                -            185     0.029   12.0   0.0   1   1   6.3e-05     0.045   11.4   0.0   108   178   146   215   139   218 0.78 NODE_45_length_36631_cov_36.253287_11 # 10962 # 11630 # -1 # ID=45_11;partial=00;start_type=ATG;rbs_motif=AGGAG;rbs_spacer=5-10bp;gc_cont=0.514
#
# Program:         hmmsearch
# Version:         3.4 (Aug 2023)
# Pipeline mode:   SEARCH
# Query file:      /home/simonedassisi/busco_downloads/lineages/enterobacteriaceae_odb12/hmms/45947at543.hmm
# Target file:     home/simonedassisi/Desktop/BUSCO_output/prodigal_output/predicted_genes/predicted.faa
# Option settings: hmmsearch --domtblout home/simonedassisi/Desktop/BUSCO_output/run_enterobacteriaceae_odb12/hmmer_output/45947at543.out --cpu 1 /home/simonedassisi/busco_downloads/lineages/enterobacteriaceae_odb12/hmms/45947at543.hmm home/simonedassisi/Desktop/BUSCO_output/prodigal_output/predicted_genes/predicted.faa 
# Current dir:     /home/simonedassisi
# Date:            Tue Apr  1 14:30:20 2025
# [ok]
