#                                                                                                          --- full sequence --- -------------- this domain -------------   hmm coord   ali coord   env coord
# target name                                      accession   tlen query name           accession   qlen   E-value  score  bias   #  of  c-Evalue  i-Evalue  score  bias  from    to  from    to  from    to  acc description of target
#                              ------------------- ---------- ----- -------------------- ---------- ----- --------- ------ ----- --- --- --------- --------- ------ ----- ----- ----- ----- ----- ----- ----- ---- ---------------------
NODE_41_length_44791_cov_39.437601:31127-31732|-   -            202 4715                 -            200  8.1e-118  389.4   0.0   1   1  1.6e-120    9e-118  389.3   0.0     1   200     1   200     1   200 0.99 NODE_41_length_44791_cov_39.437601_36 # 31127 # 31732 # -1 # ID=41_36;partial=00;start_type=ATG;rbs_motif=GGA/GAG/AGG;rbs_spacer=5-10bp;gc_cont=0.517
NODE_1_length_276430_cov_40.515391:166764-167291|+ -            176 4715                 -            200   3.2e-06   25.1   0.0   1   1   6.4e-09   3.6e-06   25.0   0.0    25   151     5   131     2   174 0.76 NODE_1_length_276430_cov_40.515391_152 # 166764 # 167291 # 1 # ID=1_152;partial=00;start_type=TTG;rbs_motif=GGxGG;rbs_spacer=5-10bp;gc_cont=0.504
NODE_3_length_152663_cov_37.088930:132343-132984|+ -            214 4715                 -            200   9.3e-06   23.6   0.1   1   2   5.7e-05     0.032   12.1   0.0    24    54     4    34     2    41 0.90 NODE_3_length_152663_cov_37.088930_113 # 132343 # 132984 # 1 # ID=3_113;partial=00;start_type=ATG;rbs_motif=GGA/GAG/AGG;rbs_spacer=11-12bp;gc_cont=0.488
NODE_3_length_152663_cov_37.088930:132343-132984|+ -            214 4715                 -            200   9.3e-06   23.6   0.1   2   2   0.00038      0.21    9.4   0.0   121   145   127   151   123   170 0.82 NODE_3_length_152663_cov_37.088930_113 # 132343 # 132984 # 1 # ID=3_113;partial=00;start_type=ATG;rbs_motif=GGA/GAG/AGG;rbs_spacer=11-12bp;gc_cont=0.488
NODE_7_length_130108_cov_39.332856:87931-90753|+   -            941 4715                 -            200    0.0035   15.2   0.0   1   2    0.0014      0.76    7.6   0.0    28    45    24    41    14    60 0.81 NODE_7_length_130108_cov_39.332856_80 # 87931 # 90753 # 1 # ID=7_80;partial=00;start_type=ATG;rbs_motif=GGA/GAG/AGG;rbs_spacer=5-10bp;gc_cont=0.556
NODE_7_length_130108_cov_39.332856:87931-90753|+   -            941 4715                 -            200    0.0035   15.2   0.0   2   2      0.01       5.8    4.7   0.0    32    46   637   651   630   663 0.84 NODE_7_length_130108_cov_39.332856_80 # 87931 # 90753 # 1 # ID=7_80;partial=00;start_type=ATG;rbs_motif=GGA/GAG/AGG;rbs_spacer=5-10bp;gc_cont=0.556
NODE_1_length_276430_cov_40.515391:142386-143879|+ -            498 4715                 -            200     0.015   13.1   0.0   1   1   5.1e-05     0.028   12.2   0.0    26    76   291   341   280   361 0.88 NODE_1_length_276430_cov_40.515391_127 # 142386 # 143879 # 1 # ID=1_127;partial=00;start_type=ATG;rbs_motif=AGGAG/GGAGG;rbs_spacer=11-12bp;gc_cont=0.538
NODE_36_length_50779_cov_38.268459:30040-31788|-   -            583 4715                 -            200      0.02   12.8   0.0   1   1   7.9e-05     0.045   11.6   0.0    29    69   370   409   358   426 0.85 NODE_36_length_50779_cov_38.268459_25 # 30040 # 31788 # -1 # ID=36_25;partial=00;start_type=ATG;rbs_motif=None;rbs_spacer=None;gc_cont=0.511
NODE_2_length_157429_cov_38.171358:153365-155008|+ -            548 4715                 -            200     0.031   12.1   0.0   1   1   9.9e-05     0.056   11.3   0.0    26    67   347   387   341   394 0.87 NODE_2_length_157429_cov_38.171358_134 # 153365 # 155008 # 1 # ID=2_134;partial=00;start_type=ATG;rbs_motif=None;rbs_spacer=None;gc_cont=0.533
NODE_26_length_78359_cov_41.157595:4535-5308|+     -            258 4715                 -            200     0.032   12.1   0.0   1   1   0.00013     0.071   10.9   0.0    26    67    34    79    13    87 0.78 NODE_26_length_78359_cov_41.157595_6 # 4535 # 5308 # 1 # ID=26_6;partial=00;start_type=ATG;rbs_motif=AGGA;rbs_spacer=5-10bp;gc_cont=0.522
NODE_48_length_31921_cov_35.968831:18715-19917|+   -            401 4715                 -            200     0.042   11.7   0.0   1   1   0.00013     0.074   10.9   0.0    27    66    53    91    45   129 0.79 NODE_48_length_31921_cov_35.968831_20 # 18715 # 19917 # 1 # ID=48_20;partial=00;start_type=ATG;rbs_motif=4Base/6BMM;rbs_spacer=13-15bp;gc_cont=0.490
#
# Program:         hmmsearch
# Version:         3.4 (Aug 2023)
# Pipeline mode:   SEARCH
# Query file:      /home/simonedassisi/busco_downloads/lineages/enterobacteriaceae_odb12/hmms/4715at543.hmm
# Target file:     home/simonedassisi/Desktop/BUSCO_output/prodigal_output/predicted_genes/predicted.faa
# Option settings: hmmsearch --domtblout home/simonedassisi/Desktop/BUSCO_output/run_enterobacteriaceae_odb12/hmmer_output/4715at543.out --cpu 1 /home/simonedassisi/busco_downloads/lineages/enterobacteriaceae_odb12/hmms/4715at543.hmm home/simonedassisi/Desktop/BUSCO_output/prodigal_output/predicted_genes/predicted.faa 
# Current dir:     /home/simonedassisi
# Date:            Tue Apr  1 14:30:20 2025
# [ok]
