#                                                                                                          --- full sequence --- -------------- this domain -------------   hmm coord   ali coord   env coord
# target name                                      accession   tlen query name           accession   qlen   E-value  score  bias   #  of  c-Evalue  i-Evalue  score  bias  from    to  from    to  from    to  acc description of target
#                              ------------------- ---------- ----- -------------------- ---------- ----- --------- ------ ----- --- --- --------- --------- ------ ----- ----- ----- ----- ----- ----- ----- ---- ---------------------
NODE_16_length_86943_cov_42.279511:70435-71190|+   -            252 4718                 -            251  1.4e-159  526.9   0.2   1   1  3.2e-162  1.6e-159  526.7   0.2     1   251     1   251     1   251 0.99 NODE_16_length_86943_cov_42.279511_64 # 70435 # 71190 # 1 # ID=16_64;partial=00;start_type=ATG;rbs_motif=AGxAGG/AGGxGG;rbs_spacer=5-10bp;gc_cont=0.521
NODE_77_length_15753_cov_35.008191:11624-12394|-   -            257 4718                 -            251   8.8e-14   49.3   0.0   1   1   2.3e-16   1.1e-13   48.9   0.0    63   174    44   151     3   163 0.86 NODE_77_length_15753_cov_35.008191_13 # 11624 # 12394 # -1 # ID=77_13;partial=00;start_type=ATG;rbs_motif=AGGA;rbs_spacer=5-10bp;gc_cont=0.490
NODE_36_length_50779_cov_38.268459:24087-24872|-   -            262 4718                 -            251   1.5e-08   32.2   0.0   1   1   4.8e-11   2.4e-08   31.5   0.0    64   170    45   149     7   171 0.87 NODE_36_length_50779_cov_38.268459_18 # 24087 # 24872 # -1 # ID=36_18;partial=00;start_type=ATG;rbs_motif=GGAG/GAGG;rbs_spacer=5-10bp;gc_cont=0.517
NODE_6_length_131096_cov_36.333598:57129-57872|-   -            248 4718                 -            251     3e-05   21.3   0.0   1   1   8.7e-08   4.4e-05   20.8   0.0    61   235    54   228    43   243 0.81 NODE_6_length_131096_cov_36.333598_56 # 57129 # 57872 # -1 # ID=6_56;partial=00;start_type=ATG;rbs_motif=GGA/GAG/AGG;rbs_spacer=5-10bp;gc_cont=0.503
NODE_72_length_16341_cov_36.526767:6500-7255|+     -            252 4718                 -            251   0.00056   17.2   0.0   1   1   1.4e-06   0.00072   16.8   0.0    91   182    67   152     4   158 0.75 NODE_72_length_16341_cov_36.526767_8 # 6500 # 7255 # 1 # ID=72_8;partial=00;start_type=ATG;rbs_motif=GGAGG;rbs_spacer=5-10bp;gc_cont=0.561
NODE_77_length_15753_cov_35.008191:8636-9358|-     -            241 4718                 -            251   0.00083   16.6   0.0   1   1     3e-06    0.0015   15.8   0.0   119   177    76   134    61   144 0.88 NODE_77_length_15753_cov_35.008191_10 # 8636 # 9358 # -1 # ID=77_10;partial=00;start_type=ATG;rbs_motif=GGA/GAG/AGG;rbs_spacer=5-10bp;gc_cont=0.495
NODE_2_length_157429_cov_38.171358:121691-122413|- -            241 4718                 -            251     0.002   15.3   0.0   1   1   4.9e-06    0.0025   15.1   0.0    54   181    47   170    10   193 0.79 NODE_2_length_157429_cov_38.171358_114 # 121691 # 122413 # -1 # ID=2_114;partial=00;start_type=ATG;rbs_motif=AGGA/GGAG/GAGG;rbs_spacer=11-12bp;gc_cont=0.539
NODE_44_length_40808_cov_40.967724:37221-37967|-   -            249 4718                 -            251     0.023   11.9   0.0   1   1   5.8e-05     0.029   11.6   0.0    62   168    35   138     9   168 0.78 NODE_44_length_40808_cov_40.967724_35 # 37221 # 37967 # -1 # ID=44_35;partial=00;start_type=ATG;rbs_motif=AGGA;rbs_spacer=5-10bp;gc_cont=0.590
NODE_47_length_33827_cov_35.974125:20298-21308|-   -            337 4718                 -            251     0.058   10.6   1.0   1   3       2.3   1.2e+03   -3.5   0.1    69    96    40    67    33    71 0.82 NODE_47_length_33827_cov_35.974125_20 # 20298 # 21308 # -1 # ID=47_20;partial=00;start_type=ATG;rbs_motif=AGGAGG;rbs_spacer=3-4bp;gc_cont=0.525
NODE_47_length_33827_cov_35.974125:20298-21308|-   -            337 4718                 -            251     0.058   10.6   1.0   2   3   0.00034      0.17    9.0   0.0    55   107   153   205   141   220 0.83 NODE_47_length_33827_cov_35.974125_20 # 20298 # 21308 # -1 # ID=47_20;partial=00;start_type=ATG;rbs_motif=AGGAGG;rbs_spacer=3-4bp;gc_cont=0.525
NODE_47_length_33827_cov_35.974125:20298-21308|-   -            337 4718                 -            251     0.058   10.6   1.0   3   3      0.43   2.2e+02   -1.1   0.0    84   114   302   332   274   334 0.71 NODE_47_length_33827_cov_35.974125_20 # 20298 # 21308 # -1 # ID=47_20;partial=00;start_type=ATG;rbs_motif=AGGAGG;rbs_spacer=3-4bp;gc_cont=0.525
NODE_4_length_139564_cov_44.158667:63310-64251|-   -            314 4718                 -            251     0.066   10.4   0.0   1   1   0.00022      0.11    9.7   0.0   144   172   214   242   181   254 0.81 NODE_4_length_139564_cov_44.158667_57 # 63310 # 64251 # -1 # ID=4_57;partial=00;start_type=ATG;rbs_motif=4Base/6BMM;rbs_spacer=13-15bp;gc_cont=0.553
#
# Program:         hmmsearch
# Version:         3.4 (Aug 2023)
# Pipeline mode:   SEARCH
# Query file:      /home/simonedassisi/busco_downloads/lineages/enterobacteriaceae_odb12/hmms/4718at543.hmm
# Target file:     home/simonedassisi/Desktop/BUSCO_output/prodigal_output/predicted_genes/predicted.faa
# Option settings: hmmsearch --domtblout home/simonedassisi/Desktop/BUSCO_output/run_enterobacteriaceae_odb12/hmmer_output/4718at543.out --cpu 1 /home/simonedassisi/busco_downloads/lineages/enterobacteriaceae_odb12/hmms/4718at543.hmm home/simonedassisi/Desktop/BUSCO_output/prodigal_output/predicted_genes/predicted.faa 
# Current dir:     /home/simonedassisi
# Date:            Tue Apr  1 14:30:20 2025
# [ok]
