#                                                                                                          --- full sequence --- -------------- this domain -------------   hmm coord   ali coord   env coord
# target name                                      accession   tlen query name           accession   qlen   E-value  score  bias   #  of  c-Evalue  i-Evalue  score  bias  from    to  from    to  from    to  acc description of target
#                              ------------------- ---------- ----- -------------------- ---------- ----- --------- ------ ----- --- --- --------- --------- ------ ----- ----- ----- ----- ----- ----- ----- ---- ---------------------
NODE_31_length_58399_cov_38.812466:16858-17574|+   -            239 4773                 -            238  5.3e-163  538.0   0.2   1   1  4.1e-165  5.9e-163  537.9   0.2     1   238     1   238     1   238 1.00 NODE_31_length_58399_cov_38.812466_15 # 16858 # 17574 # 1 # ID=31_15;partial=00;start_type=ATG;rbs_motif=GGA/GAG/AGG;rbs_spacer=5-10bp;gc_cont=0.510
NODE_14_length_92032_cov_37.540264:32823-33515|+   -            231 4773                 -            238   1.3e-61  206.1   0.1   1   1     1e-63   1.5e-61  206.0   0.1     4   236     3   229     1   230 0.95 NODE_14_length_92032_cov_37.540264_30 # 32823 # 33515 # 1 # ID=14_30;partial=00;start_type=ATG;rbs_motif=GGA/GAG/AGG;rbs_spacer=11-12bp;gc_cont=0.525
NODE_1_length_276430_cov_40.515391:210863-211582|+ -            240 4773                 -            238   1.9e-43  146.7   0.0   1   1   1.6e-45   2.3e-43  146.4   0.0     4   235     5   235     1   237 0.92 NODE_1_length_276430_cov_40.515391_185 # 210863 # 211582 # 1 # ID=1_185;partial=00;start_type=ATG;rbs_motif=GGAG/GAGG;rbs_spacer=5-10bp;gc_cont=0.547
NODE_19_length_85129_cov_38.767276:59027-59716|-   -            230 4773                 -            238   8.2e-38  128.2   0.0   1   1     7e-40     1e-37  127.9   0.0     4   234     3   227     1   229 0.91 NODE_19_length_85129_cov_38.767276_57 # 59027 # 59716 # -1 # ID=19_57;partial=00;start_type=ATG;rbs_motif=GGA/GAG/AGG;rbs_spacer=5-10bp;gc_cont=0.545
NODE_17_length_86457_cov_41.702653:21859-22557|+   -            233 4773                 -            238     1e-37  127.9   0.0   1   1   8.6e-40   1.2e-37  127.6   0.0     4   232     2   228     1   231 0.94 NODE_17_length_86457_cov_41.702653_26 # 21859 # 22557 # 1 # ID=17_26;partial=00;start_type=ATG;rbs_motif=GGAGG;rbs_spacer=5-10bp;gc_cont=0.516
NODE_3_length_152663_cov_37.088930:110029-110751|- -            241 4773                 -            238   2.3e-37  126.8   0.0   1   1     4e-39   5.8e-37  125.4   0.0     2   235     9   235     8   237 0.93 NODE_3_length_152663_cov_37.088930_100 # 110029 # 110751 # -1 # ID=3_100;partial=00;start_type=ATG;rbs_motif=GGA/GAG/AGG;rbs_spacer=5-10bp;gc_cont=0.541
NODE_31_length_58399_cov_38.812466:20467-21156|-   -            230 4773                 -            238   1.5e-30  104.5   0.0   1   1   2.4e-32   3.5e-30  103.3   0.0     1   232     1   226     1   228 0.91 NODE_31_length_58399_cov_38.812466_18 # 20467 # 21156 # -1 # ID=31_18;partial=00;start_type=ATG;rbs_motif=GGAG/GAGG;rbs_spacer=5-10bp;gc_cont=0.549
NODE_73_length_16238_cov_34.312333:8543-9214|-     -            224 4773                 -            238   1.3e-29  101.4   0.1   1   1   1.7e-31   2.5e-29  100.5   0.1     5   232     2   220     1   222 0.90 NODE_73_length_16238_cov_34.312333_9 # 8543 # 9214 # -1 # ID=73_9;partial=00;start_type=ATG;rbs_motif=GGAG/GAGG;rbs_spacer=5-10bp;gc_cont=0.475
NODE_10_length_119716_cov_38.250842:7995-8672|+    -            226 4773                 -            238   2.6e-29  100.4   0.0   1   1   2.3e-31   3.4e-29  100.0   0.0     5   233     3   224     1   225 0.92 NODE_10_length_119716_cov_38.250842_7 # 7995 # 8672 # 1 # ID=10_7;partial=00;start_type=GTG;rbs_motif=GGA/GAG/AGG;rbs_spacer=5-10bp;gc_cont=0.574
NODE_24_length_79963_cov_36.490030:51517-52299|+   -            261 4773                 -            238   2.1e-28   97.4   0.0   1   1     3e-30   4.4e-28   96.4   0.0     4   234    38   257    35   259 0.93 NODE_24_length_79963_cov_36.490030_50 # 51517 # 52299 # 1 # ID=24_50;partial=00;start_type=ATG;rbs_motif=None;rbs_spacer=None;gc_cont=0.432
NODE_15_length_91266_cov_36.275195:9213-9932|-     -            240 4773                 -            238   4.9e-27   93.0   0.0   1   1   3.6e-29   5.3e-27   92.9   0.0     6   233     4   234     1   239 0.84 NODE_15_length_91266_cov_36.275195_8 # 9213 # 9932 # -1 # ID=15_8;partial=00;start_type=ATG;rbs_motif=None;rbs_spacer=None;gc_cont=0.493
NODE_5_length_138947_cov_37.421618:12552-13235|+   -            228 4773                 -            238   2.7e-24   84.0   0.1   1   1   2.6e-26   3.7e-24   83.5   0.1     5   231     2   220     1   223 0.91 NODE_5_length_138947_cov_37.421618_12 # 12552 # 13235 # 1 # ID=5_12;partial=00;start_type=ATG;rbs_motif=GGAGG;rbs_spacer=3-4bp;gc_cont=0.548
NODE_7_length_130108_cov_39.332856:28891-29559|+   -            223 4773                 -            238   6.8e-22   76.1   0.1   1   1     8e-24   1.1e-21   75.4   0.1     5   127     2   125     1   221 0.77 NODE_7_length_130108_cov_39.332856_22 # 28891 # 29559 # 1 # ID=7_22;partial=00;start_type=ATG;rbs_motif=AGGAG;rbs_spacer=5-10bp;gc_cont=0.531
NODE_27_length_73011_cov_40.630920:64961-65620|+   -            220 4773                 -            238   9.3e-21   72.4   0.0   1   1   1.2e-22   1.7e-20   71.6   0.0     5   232     2   216     1   219 0.91 NODE_27_length_73011_cov_40.630920_67 # 64961 # 65620 # 1 # ID=27_67;partial=00;start_type=ATG;rbs_motif=GGA/GAG/AGG;rbs_spacer=5-10bp;gc_cont=0.518
NODE_22_length_80627_cov_36.893466:3054-4067|+     -            338 4773                 -            238   1.1e-15   55.8   0.4   1   3   1.1e-14   1.5e-12   45.5   0.0     4   132     8   138     5   148 0.84 NODE_22_length_80627_cov_36.893466_4 # 3054 # 4067 # 1 # ID=22_4;partial=00;start_type=ATG;rbs_motif=GGAG/GAGG;rbs_spacer=5-10bp;gc_cont=0.487
NODE_22_length_80627_cov_36.893466:3054-4067|+     -            338 4773                 -            238   1.1e-15   55.8   0.4   2   3      0.02       2.8    5.3   0.0    42    71   192   221   178   236 0.88 NODE_22_length_80627_cov_36.893466_4 # 3054 # 4067 # 1 # ID=22_4;partial=00;start_type=ATG;rbs_motif=GGAG/GAGG;rbs_spacer=5-10bp;gc_cont=0.487
NODE_22_length_80627_cov_36.893466:3054-4067|+     -            338 4773                 -            238   1.1e-15   55.8   0.4   3   3       0.3        43    1.5   0.0    47    78   247   278   237   285 0.88 NODE_22_length_80627_cov_36.893466_4 # 3054 # 4067 # 1 # ID=22_4;partial=00;start_type=ATG;rbs_motif=GGAG/GAGG;rbs_spacer=5-10bp;gc_cont=0.487
NODE_2_length_157429_cov_38.171358:138729-140114|- -            462 4773                 -            238   1.8e-14   51.8   0.0   1   1   2.3e-16   3.3e-14   51.0   0.0     4   142     5   140     2   186 0.84 NODE_2_length_157429_cov_38.171358_125 # 138729 # 140114 # -1 # ID=2_125;partial=00;start_type=ATG;rbs_motif=GGA/GAG/AGG;rbs_spacer=11-12bp;gc_cont=0.490
NODE_13_length_92664_cov_37.475885:64961-65695|-   -            245 4773                 -            238     3e-11   41.3   0.2   1   2   3.7e-12   5.4e-10   37.2   0.0     5   112     2   110     1   157 0.82 NODE_13_length_92664_cov_37.475885_66 # 64961 # 65695 # -1 # ID=13_66;partial=00;start_type=GTG;rbs_motif=GGAG/GAGG;rbs_spacer=5-10bp;gc_cont=0.475
NODE_13_length_92664_cov_37.475885:64961-65695|-   -            245 4773                 -            238     3e-11   41.3   0.2   2   2      0.18        26    2.2   0.0   160   207   186   234   171   242 0.77 NODE_13_length_92664_cov_37.475885_66 # 64961 # 65695 # -1 # ID=13_66;partial=00;start_type=GTG;rbs_motif=GGAG/GAGG;rbs_spacer=5-10bp;gc_cont=0.475
NODE_13_length_92664_cov_37.475885:78109-81702|-   -           1198 4773                 -            238   4.6e-11   40.7   0.0   1   1   5.8e-13   8.3e-11   39.8   0.0     5   109   960  1065   957  1129 0.80 NODE_13_length_92664_cov_37.475885_77 # 78109 # 81702 # -1 # ID=13_77;partial=00;start_type=ATG;rbs_motif=None;rbs_spacer=None;gc_cont=0.408
NODE_53_length_29778_cov_36.323025:18089-18739|-   -            217 4773                 -            238   6.2e-11   40.2   1.2   1   2   5.7e-12   8.2e-10   36.6   0.1     5   111     8   117     4   136 0.84 NODE_53_length_29778_cov_36.323025_21 # 18089 # 18739 # -1 # ID=53_21;partial=00;start_type=ATG;rbs_motif=AGGAG;rbs_spacer=5-10bp;gc_cont=0.516
NODE_53_length_29778_cov_36.323025:18089-18739|-   -            217 4773                 -            238   6.2e-11   40.2   1.2   2   2      0.13        18    2.7   0.1   185   215   171   201   162   214 0.81 NODE_53_length_29778_cov_36.323025_21 # 18089 # 18739 # -1 # ID=53_21;partial=00;start_type=ATG;rbs_motif=AGGAG;rbs_spacer=5-10bp;gc_cont=0.516
NODE_66_length_21471_cov_38.343047:13264-13911|-   -            216 4773                 -            238   1.6e-10   38.9   1.1   1   1   3.5e-12     5e-10   37.3   0.9     5   115     8   123     4   200 0.86 NODE_66_length_21471_cov_38.343047_18 # 13264 # 13911 # -1 # ID=66_18;partial=00;start_type=ATG;rbs_motif=AGGAG;rbs_spacer=5-10bp;gc_cont=0.529
NODE_6_length_131096_cov_36.333598:15991-16647|+   -            219 4773                 -            238   1.1e-09   36.1   0.0   1   1   1.2e-11   1.8e-09   35.5   0.0     5   121     3   122     1   143 0.86 NODE_6_length_131096_cov_36.333598_18 # 15991 # 16647 # 1 # ID=6_18;partial=00;start_type=TTG;rbs_motif=GGAG/GAGG;rbs_spacer=5-10bp;gc_cont=0.498
NODE_2_length_157429_cov_38.171358:142104-144953|+ -            950 4773                 -            238   1.5e-09   35.7   0.1   1   1   2.1e-11   3.1e-09   34.7   0.1     5   106   826   928   823   945 0.88 NODE_2_length_157429_cov_38.171358_127 # 142104 # 144953 # 1 # ID=2_127;partial=00;start_type=TTG;rbs_motif=GGAG/GAGG;rbs_spacer=5-10bp;gc_cont=0.509
NODE_6_length_131096_cov_36.333598:43137-43526|+   -            130 4773                 -            238   1.2e-08   32.8   0.2   1   1   9.5e-11   1.4e-08   32.6   0.2     5   111     7   117     3   127 0.85 NODE_6_length_131096_cov_36.333598_44 # 43137 # 43526 # 1 # ID=6_44;partial=00;start_type=ATG;rbs_motif=AGGAG;rbs_spacer=5-10bp;gc_cont=0.492
NODE_9_length_123825_cov_37.296666:37502-38836|+   -            445 4773                 -            238   3.5e-08   31.2   0.0   1   1   5.1e-10   7.4e-08   30.2   0.0     4   109     6   112     3   125 0.91 NODE_9_length_123825_cov_37.296666_34 # 37502 # 38836 # 1 # ID=9_34;partial=00;start_type=ATG;rbs_motif=GGAG/GAGG;rbs_spacer=5-10bp;gc_cont=0.546
NODE_17_length_86457_cov_41.702653:71905-73314|+   -            470 4773                 -            238   7.1e-08   30.2   0.0   1   1   7.4e-10   1.1e-07   29.7   0.0     1   111     1   112     1   142 0.84 NODE_17_length_86457_cov_41.702653_74 # 71905 # 73314 # 1 # ID=17_74;partial=00;start_type=ATG;rbs_motif=GGA/GAG/AGG;rbs_spacer=5-10bp;gc_cont=0.570
NODE_51_length_31115_cov_42.820834:26317-27642|+   -            442 4773                 -            238   3.7e-07   27.9   0.1   1   1   4.7e-09   6.7e-07   27.0   0.1     4   122     6   125     3   139 0.87 NODE_51_length_31115_cov_42.820834_27 # 26317 # 27642 # 1 # ID=51_27;partial=00;start_type=ATG;rbs_motif=AGGA;rbs_spacer=5-10bp;gc_cont=0.566
NODE_21_length_83220_cov_38.326345:2182-2814|+     -            211 4773                 -            238   1.9e-06   25.6   0.0   1   1   1.6e-08   2.3e-06   25.3   0.0     4   115     4   118     1   147 0.76 NODE_21_length_83220_cov_38.326345_4 # 2182 # 2814 # 1 # ID=21_4;partial=00;start_type=ATG;rbs_motif=GGA/GAG/AGG;rbs_spacer=5-10bp;gc_cont=0.365
NODE_8_length_126545_cov_41.885285:63498-65834|+   -            779 4773                 -            238   3.9e-06   24.5   0.1   1   1   4.9e-08     7e-06   23.7   0.1     4   115   526   640   523   663 0.83 NODE_8_length_126545_cov_41.885285_56 # 63498 # 65834 # 1 # ID=8_56;partial=00;start_type=ATG;rbs_motif=AGGA;rbs_spacer=5-10bp;gc_cont=0.507
NODE_6_length_131096_cov_36.333598:42073-43122|+   -            350 4773                 -            238   4.2e-05   21.2   0.1   1   1   4.1e-07   5.9e-05   20.7   0.1     1   105     1   109     1   136 0.79 NODE_6_length_131096_cov_36.333598_43 # 42073 # 43122 # 1 # ID=6_43;partial=00;start_type=ATG;rbs_motif=AGGA;rbs_spacer=5-10bp;gc_cont=0.539
NODE_3_length_152663_cov_37.088930:63192-63911|+   -            240 4773                 -            238   0.00043   17.9   0.0   1   1   4.1e-06   0.00059   17.4   0.0     5   111     3   109     1   137 0.84 NODE_3_length_152663_cov_37.088930_57 # 63192 # 63911 # 1 # ID=3_57;partial=00;start_type=ATG;rbs_motif=GGAGG;rbs_spacer=5-10bp;gc_cont=0.494
NODE_7_length_130108_cov_39.332856:12806-13525|+   -            240 4773                 -            238   0.00087   16.9   0.0   1   1   7.7e-06    0.0011   16.5   0.0     6   108     4   111     1   135 0.70 NODE_7_length_130108_cov_39.332856_11 # 12806 # 13525 # 1 # ID=7_11;partial=00;start_type=ATG;rbs_motif=GGAG/GAGG;rbs_spacer=5-10bp;gc_cont=0.499
NODE_13_length_92664_cov_37.475885:81756-82322|-   -            189 4773                 -            238    0.0012   16.4   0.4   1   1   1.1e-05    0.0016   16.0   0.4     8   103     5   102     1   179 0.79 NODE_13_length_92664_cov_37.475885_78 # 81756 # 82322 # -1 # ID=13_78;partial=00;start_type=ATG;rbs_motif=GGA/GAG/AGG;rbs_spacer=5-10bp;gc_cont=0.402
NODE_7_length_130108_cov_39.332856:905-2443|+      -            513 4773                 -            238    0.0014   16.1   0.0   1   1   1.6e-05    0.0024   15.4   0.0   148   232    16   100     8   104 0.87 NODE_7_length_130108_cov_39.332856_1 # 905 # 2443 # 1 # ID=7_1;partial=00;start_type=ATG;rbs_motif=GGA/GAG/AGG;rbs_spacer=5-10bp;gc_cont=0.419
NODE_12_length_106079_cov_39.536715:41-937|-       -            299 4773                 -            238     0.014   12.9   0.0   1   1   0.00016     0.024   12.1   0.0   150   236    21   105     5   107 0.84 NODE_12_length_106079_cov_39.536715_1 # 41 # 937 # -1 # ID=12_1;partial=00;start_type=ATG;rbs_motif=GGAG/GAGG;rbs_spacer=5-10bp;gc_cont=0.353
NODE_26_length_78359_cov_41.157595:62322-62912|+   -            197 4773                 -            238     0.021   12.3   0.0   1   1    0.0002     0.028   11.9   0.0     6   112     4   110     1   122 0.83 NODE_26_length_78359_cov_41.157595_61 # 62322 # 62912 # 1 # ID=26_61;partial=00;start_type=ATG;rbs_motif=AGGA;rbs_spacer=5-10bp;gc_cont=0.591
#
# Program:         hmmsearch
# Version:         3.4 (Aug 2023)
# Pipeline mode:   SEARCH
# Query file:      /home/simonedassisi/busco_downloads/lineages/enterobacteriaceae_odb12/hmms/4773at543.hmm
# Target file:     home/simonedassisi/Desktop/BUSCO_output/prodigal_output/predicted_genes/predicted.faa
# Option settings: hmmsearch --domtblout home/simonedassisi/Desktop/BUSCO_output/run_enterobacteriaceae_odb12/hmmer_output/4773at543.out --cpu 1 /home/simonedassisi/busco_downloads/lineages/enterobacteriaceae_odb12/hmms/4773at543.hmm home/simonedassisi/Desktop/BUSCO_output/prodigal_output/predicted_genes/predicted.faa 
# Current dir:     /home/simonedassisi
# Date:            Tue Apr  1 14:30:20 2025
# [ok]
