#                                                                                                          --- full sequence --- -------------- this domain -------------   hmm coord   ali coord   env coord
# target name                                      accession   tlen query name           accession   qlen   E-value  score  bias   #  of  c-Evalue  i-Evalue  score  bias  from    to  from    to  from    to  acc description of target
#                              ------------------- ---------- ----- -------------------- ---------- ----- --------- ------ ----- --- --- --------- --------- ------ ----- ----- ----- ----- ----- ----- ----- ---- ---------------------
NODE_1_length_276430_cov_40.515391:105046-106398|- -            451 47977                -            450  3.5e-302 1000.1   3.1   1   1    1e-304    4e-302 1000.0   3.1     1   450     1   450     1   450 1.00 NODE_1_length_276430_cov_40.515391_94 # 105046 # 106398 # -1 # ID=1_94;partial=00;start_type=ATG;rbs_motif=AGGA;rbs_spacer=5-10bp;gc_cont=0.538
NODE_4_length_139564_cov_44.158667:25126-26550|-   -            475 47977                -            450   1.4e-51  174.2   3.6   1   1   4.7e-54   1.8e-51  173.7   3.6     7   444     9   450     4   454 0.90 NODE_4_length_139564_cov_44.158667_25 # 25126 # 26550 # -1 # ID=4_25;partial=00;start_type=ATG;rbs_motif=GGAG/GAGG;rbs_spacer=5-10bp;gc_cont=0.529
NODE_42_length_44050_cov_40.658288:5836-7236|+     -            467 47977                -            450   1.7e-50  170.6   0.5   1   1   5.3e-53     2e-50  170.3   0.5     4   446     6   454     1   457 0.90 NODE_42_length_44050_cov_40.658288_6 # 5836 # 7236 # 1 # ID=42_6;partial=00;start_type=ATG;rbs_motif=GGA/GAG/AGG;rbs_spacer=11-12bp;gc_cont=0.519
NODE_5_length_138947_cov_37.421618:69820-71145|-   -            442 47977                -            450   3.1e-48  163.1   4.7   1   1     2e-48   7.7e-46  155.2   4.7     4   445     3   432     1   436 0.88 NODE_5_length_138947_cov_37.421618_61 # 69820 # 71145 # -1 # ID=5_61;partial=00;start_type=ATG;rbs_motif=AGGA;rbs_spacer=5-10bp;gc_cont=0.456
NODE_1_length_276430_cov_40.515391:250944-253487|- -            848 47977                -            450   9.7e-15   52.7   0.0   1   1   4.1e-17   1.6e-14   52.0   0.0   126   307    96   285    62   305 0.80 NODE_1_length_276430_cov_40.515391_224 # 250944 # 253487 # -1 # ID=1_224;partial=00;start_type=ATG;rbs_motif=GGAG/GAGG;rbs_spacer=5-10bp;gc_cont=0.545
NODE_23_length_80065_cov_37.437114:15952-16917|+   -            322 47977                -            450   1.9e-12   45.2   0.2   1   2       3.9   1.5e+03   -4.0   0.0     2    40     4    42     4    46 0.76 NODE_23_length_80065_cov_37.437114_12 # 15952 # 16917 # 1 # ID=23_12;partial=00;start_type=ATG;rbs_motif=GGA/GAG/AGG;rbs_spacer=3-4bp;gc_cont=0.531
NODE_23_length_80065_cov_37.437114:15952-16917|+   -            322 47977                -            450   1.9e-12   45.2   0.2   2   2   4.8e-15   1.9e-12   45.2   0.2   128   309   102   293    66   309 0.75 NODE_23_length_80065_cov_37.437114_12 # 15952 # 16917 # 1 # ID=23_12;partial=00;start_type=ATG;rbs_motif=GGA/GAG/AGG;rbs_spacer=3-4bp;gc_cont=0.531
NODE_60_length_26402_cov_36.807041:9115-10248|-    -            378 47977                -            450     1e-10   39.4   0.0   1   1   3.6e-13   1.4e-10   39.0   0.0   119   305    87   275    78   308 0.80 NODE_60_length_26402_cov_36.807041_9 # 9115 # 10248 # -1 # ID=60_9;partial=00;start_type=ATG;rbs_motif=GGAGG;rbs_spacer=3-4bp;gc_cont=0.540
NODE_10_length_119716_cov_38.250842:87698-89293|-  -            532 47977                -            450   2.3e-08   31.7   1.6   1   2       1.3   5.1e+02   -2.4   0.0     4    40   222   257   220   306 0.73 NODE_10_length_119716_cov_38.250842_82 # 87698 # 89293 # -1 # ID=10_82;partial=00;start_type=ATG;rbs_motif=GGAG/GAGG;rbs_spacer=5-10bp;gc_cont=0.528
NODE_10_length_119716_cov_38.250842:87698-89293|-  -            532 47977                -            450   2.3e-08   31.7   1.6   2   2   6.1e-11   2.4e-08   31.6   0.6   121   318   313   512   251   523 0.74 NODE_10_length_119716_cov_38.250842_82 # 87698 # 89293 # -1 # ID=10_82;partial=00;start_type=ATG;rbs_motif=GGAG/GAGG;rbs_spacer=5-10bp;gc_cont=0.528
NODE_11_length_117034_cov_40.464403:18151-21249|+  -           1033 47977                -            450   6.9e-05   20.2   0.3   1   1   4.9e-07   0.00019   18.8   0.3   245   326   769   848   626   894 0.82 NODE_11_length_117034_cov_40.464403_15 # 18151 # 21249 # 1 # ID=11_15;partial=00;start_type=ATG;rbs_motif=AGGAG;rbs_spacer=5-10bp;gc_cont=0.522
NODE_8_length_126545_cov_41.885285:55907-57325|-   -            473 47977                -            450   0.00076   16.8   0.1   1   2     0.027        10    3.1   0.0   164   199   143   178   132   202 0.89 NODE_8_length_126545_cov_41.885285_53 # 55907 # 57325 # -1 # ID=8_53;partial=00;start_type=ATG;rbs_motif=GGA/GAG/AGG;rbs_spacer=5-10bp;gc_cont=0.558
NODE_8_length_126545_cov_41.885285:55907-57325|-   -            473 47977                -            450   0.00076   16.8   0.1   2   2   9.5e-05     0.037   11.2   0.0   253   327   391   468   362   470 0.84 NODE_8_length_126545_cov_41.885285_53 # 55907 # 57325 # -1 # ID=8_53;partial=00;start_type=ATG;rbs_motif=GGA/GAG/AGG;rbs_spacer=5-10bp;gc_cont=0.558
NODE_81_length_14768_cov_38.084830:4581-6560|+     -            660 47977                -            450    0.0048   14.1   0.2   1   2      0.04        16    2.6   0.0   163   198   323   358   318   366 0.86 NODE_81_length_14768_cov_38.084830_3 # 4581 # 6560 # 1 # ID=81_3;partial=00;start_type=ATG;rbs_motif=AGxAGG/AGGxGG;rbs_spacer=5-10bp;gc_cont=0.555
NODE_81_length_14768_cov_38.084830:4581-6560|+     -            660 47977                -            450    0.0048   14.1   0.2   2   2   0.00048      0.19    8.9   0.0   254   322   573   644   565   650 0.83 NODE_81_length_14768_cov_38.084830_3 # 4581 # 6560 # 1 # ID=81_3;partial=00;start_type=ATG;rbs_motif=AGxAGG/AGGxGG;rbs_spacer=5-10bp;gc_cont=0.555
NODE_1_length_276430_cov_40.515391:115115-116317|+ -            401 47977                -            450     0.018   12.3   0.2   1   2       0.2        77    0.3   0.1     4    36     3    35     1    46 0.86 NODE_1_length_276430_cov_40.515391_102 # 115115 # 116317 # 1 # ID=1_102;partial=00;start_type=GTG;rbs_motif=AGGAG;rbs_spacer=5-10bp;gc_cont=0.548
NODE_1_length_276430_cov_40.515391:115115-116317|+ -            401 47977                -            450     0.018   12.3   0.2   2   2    0.0003      0.12    9.6   0.0   121   173   141   192   120   198 0.90 NODE_1_length_276430_cov_40.515391_102 # 115115 # 116317 # 1 # ID=1_102;partial=00;start_type=GTG;rbs_motif=AGGAG;rbs_spacer=5-10bp;gc_cont=0.548
NODE_11_length_117034_cov_40.464403:31103-33022|-  -            640 47977                -            450     0.021   12.0   0.0   1   2      0.11        43    1.1   0.0   168   199   311   342   304   381 0.90 NODE_11_length_117034_cov_40.464403_23 # 31103 # 33022 # -1 # ID=11_23;partial=00;start_type=ATG;rbs_motif=GGA/GAG/AGG;rbs_spacer=5-10bp;gc_cont=0.528
NODE_11_length_117034_cov_40.464403:31103-33022|-  -            640 47977                -            450     0.021   12.0   0.0   2   2   0.00073      0.28    8.3   0.0   254   323   556   628   550   638 0.80 NODE_11_length_117034_cov_40.464403_23 # 31103 # 33022 # -1 # ID=11_23;partial=00;start_type=ATG;rbs_motif=GGA/GAG/AGG;rbs_spacer=5-10bp;gc_cont=0.528
#
# Program:         hmmsearch
# Version:         3.4 (Aug 2023)
# Pipeline mode:   SEARCH
# Query file:      /home/simonedassisi/busco_downloads/lineages/enterobacteriaceae_odb12/hmms/47977at543.hmm
# Target file:     home/simonedassisi/Desktop/BUSCO_output/prodigal_output/predicted_genes/predicted.faa
# Option settings: hmmsearch --domtblout home/simonedassisi/Desktop/BUSCO_output/run_enterobacteriaceae_odb12/hmmer_output/47977at543.out --cpu 1 /home/simonedassisi/busco_downloads/lineages/enterobacteriaceae_odb12/hmms/47977at543.hmm home/simonedassisi/Desktop/BUSCO_output/prodigal_output/predicted_genes/predicted.faa 
# Current dir:     /home/simonedassisi
# Date:            Tue Apr  1 14:30:20 2025
# [ok]
