#                                                                                                          --- full sequence --- -------------- this domain -------------   hmm coord   ali coord   env coord
# target name                                      accession   tlen query name           accession   qlen   E-value  score  bias   #  of  c-Evalue  i-Evalue  score  bias  from    to  from    to  from    to  acc description of target
#                              ------------------- ---------- ----- -------------------- ---------- ----- --------- ------ ----- --- --- --------- --------- ------ ----- ----- ----- ----- ----- ----- ----- ---- ---------------------
NODE_9_length_123825_cov_37.296666:22919-23824|+   -            302 4857                 -            300  6.4e-181  598.2   0.1   1   1  1.7e-183  7.1e-181  598.0   0.1     1   300     1   300     1   300 0.99 NODE_9_length_123825_cov_37.296666_22 # 22919 # 23824 # 1 # ID=9_22;partial=00;start_type=ATG;rbs_motif=GGAG/GAGG;rbs_spacer=5-10bp;gc_cont=0.523
NODE_9_length_123825_cov_37.296666:88335-89807|+   -            491 4857                 -            300   8.1e-34  115.2   0.0   1   2   1.2e-18   4.9e-16   56.8   0.0    10   138     4   132     1   181 0.85 NODE_9_length_123825_cov_37.296666_77 # 88335 # 89807 # 1 # ID=9_77;partial=00;start_type=ATG;rbs_motif=GGAG/GAGG;rbs_spacer=5-10bp;gc_cont=0.520
NODE_9_length_123825_cov_37.296666:88335-89807|+   -            491 4857                 -            300   8.1e-34  115.2   0.0   2   2   1.6e-18   6.8e-16   56.3   0.0    11   182   205   381   200   392 0.87 NODE_9_length_123825_cov_37.296666_77 # 88335 # 89807 # 1 # ID=9_77;partial=00;start_type=ATG;rbs_motif=GGAG/GAGG;rbs_spacer=5-10bp;gc_cont=0.520
NODE_26_length_78359_cov_41.157595:24715-26079|-   -            455 4857                 -            300   5.2e-10   37.0   0.0   1   1   2.1e-12   8.8e-10   36.3   0.0    11   107   219   314   214   382 0.73 NODE_26_length_78359_cov_41.157595_24 # 24715 # 26079 # -1 # ID=26_24;partial=00;start_type=ATG;rbs_motif=AGGA;rbs_spacer=5-10bp;gc_cont=0.564
NODE_29_length_69919_cov_43.020805:15809-17089|-   -            427 4857                 -            300   2.3e-09   34.9   0.0   1   1   6.9e-12   2.9e-09   34.6   0.0     8   131   197   324   190   368 0.85 NODE_29_length_69919_cov_43.020805_18 # 15809 # 17089 # -1 # ID=29_18;partial=00;start_type=TTG;rbs_motif=GGAG/GAGG;rbs_spacer=5-10bp;gc_cont=0.539
NODE_1_length_276430_cov_40.515391:204738-207059|- -            774 4857                 -            300   3.6e-09   34.2   0.0   1   1   1.4e-11   5.7e-09   33.6   0.0    11   171     6   165     3   179 0.84 NODE_1_length_276430_cov_40.515391_181 # 204738 # 207059 # -1 # ID=1_181;partial=00;start_type=ATG;rbs_motif=None;rbs_spacer=None;gc_cont=0.549
NODE_53_length_29778_cov_36.323025:164-1255|-      -            364 4857                 -            300    0.0017   15.6   0.0   1   1   8.7e-06    0.0036   14.5   0.0    12    32     6    26     1    38 0.85 NODE_53_length_29778_cov_36.323025_1 # 164 # 1255 # -1 # ID=53_1;partial=00;start_type=ATG;rbs_motif=GGA/GAG/AGG;rbs_spacer=11-12bp;gc_cont=0.510
NODE_8_length_126545_cov_41.885285:100508-103180|+ -            891 4857                 -            300    0.0024   15.1   0.0   1   1   1.3e-05    0.0054   14.0   0.0    10   129   393   503   387   551 0.71 NODE_8_length_126545_cov_41.885285_96 # 100508 # 103180 # 1 # ID=8_96;partial=00;start_type=ATG;rbs_motif=AGGA;rbs_spacer=5-10bp;gc_cont=0.535
NODE_17_length_86457_cov_41.702653:76379-77011|+   -            211 4857                 -            300    0.0036   14.6   0.0   1   1   1.3e-05    0.0055   14.0   0.0    11   129    29   150    23   162 0.54 NODE_17_length_86457_cov_41.702653_78 # 76379 # 77011 # 1 # ID=17_78;partial=00;start_type=TTG;rbs_motif=GGAG/GAGG;rbs_spacer=5-10bp;gc_cont=0.517
NODE_55_length_28139_cov_44.779594:9338-10210|-    -            291 4857                 -            300    0.0055   14.0   0.0   1   2   7.1e-05      0.03   11.6   0.0    10   127    38   155    30   162 0.68 NODE_55_length_28139_cov_44.779594_9 # 9338 # 10210 # -1 # ID=55_9;partial=00;start_type=ATG;rbs_motif=GGA/GAG/AGG;rbs_spacer=5-10bp;gc_cont=0.586
NODE_55_length_28139_cov_44.779594:9338-10210|-    -            291 4857                 -            300    0.0055   14.0   0.0   2   2      0.24     1e+02   -0.0   0.0   150   176   194   220   187   241 0.88 NODE_55_length_28139_cov_44.779594_9 # 9338 # 10210 # -1 # ID=55_9;partial=00;start_type=ATG;rbs_motif=GGA/GAG/AGG;rbs_spacer=5-10bp;gc_cont=0.586
NODE_82_length_13376_cov_48.421617:4398-5270|-     -            291 4857                 -            300     0.011   12.9   0.0   1   2   7.5e-05     0.031   11.5   0.0    10   127    38   155    30   162 0.67 NODE_82_length_13376_cov_48.421617_4 # 4398 # 5270 # -1 # ID=82_4;partial=00;start_type=ATG;rbs_motif=GGA/GAG/AGG;rbs_spacer=5-10bp;gc_cont=0.586
NODE_82_length_13376_cov_48.421617:4398-5270|-     -            291 4857                 -            300     0.011   12.9   0.0   2   2      0.76   3.2e+02   -1.7   0.0   150   176   194   220   190   239 0.87 NODE_82_length_13376_cov_48.421617_4 # 4398 # 5270 # -1 # ID=82_4;partial=00;start_type=ATG;rbs_motif=GGA/GAG/AGG;rbs_spacer=5-10bp;gc_cont=0.586
NODE_86_length_12147_cov_42.083361:4825-5709|-     -            295 4857                 -            300     0.027   11.7   0.0   1   1   0.00011     0.046   10.9   0.0     7    71    37   101    29   148 0.76 NODE_86_length_12147_cov_42.083361_11 # 4825 # 5709 # -1 # ID=86_11;partial=00;start_type=ATG;rbs_motif=AGGA;rbs_spacer=5-10bp;gc_cont=0.536
NODE_29_length_69919_cov_43.020805:26252-27304|+   -            351 4857                 -            300     0.041   11.1   0.4   1   2       1.1   4.4e+02   -2.1   0.1   116   132   152   168   119   186 0.71 NODE_29_length_69919_cov_43.020805_27 # 26252 # 27304 # 1 # ID=29_27;partial=00;start_type=TTG;rbs_motif=AGGAG;rbs_spacer=5-10bp;gc_cont=0.540
NODE_29_length_69919_cov_43.020805:26252-27304|+   -            351 4857                 -            300     0.041   11.1   0.4   2   2   0.00021     0.088   10.0   0.0     6    35   204   234   200   252 0.80 NODE_29_length_69919_cov_43.020805_27 # 26252 # 27304 # 1 # ID=29_27;partial=00;start_type=TTG;rbs_motif=AGGAG;rbs_spacer=5-10bp;gc_cont=0.540
#
# Program:         hmmsearch
# Version:         3.4 (Aug 2023)
# Pipeline mode:   SEARCH
# Query file:      /home/simonedassisi/busco_downloads/lineages/enterobacteriaceae_odb12/hmms/4857at543.hmm
# Target file:     home/simonedassisi/Desktop/BUSCO_output/prodigal_output/predicted_genes/predicted.faa
# Option settings: hmmsearch --domtblout home/simonedassisi/Desktop/BUSCO_output/run_enterobacteriaceae_odb12/hmmer_output/4857at543.out --cpu 1 /home/simonedassisi/busco_downloads/lineages/enterobacteriaceae_odb12/hmms/4857at543.hmm home/simonedassisi/Desktop/BUSCO_output/prodigal_output/predicted_genes/predicted.faa 
# Current dir:     /home/simonedassisi
# Date:            Tue Apr  1 14:30:21 2025
# [ok]
