#                                                                                                          --- full sequence --- -------------- this domain -------------   hmm coord   ali coord   env coord
# target name                                      accession   tlen query name           accession   qlen   E-value  score  bias   #  of  c-Evalue  i-Evalue  score  bias  from    to  from    to  from    to  acc description of target
#                              ------------------- ---------- ----- -------------------- ---------- ----- --------- ------ ----- --- --- --------- --------- ------ ----- ----- ----- ----- ----- ----- ----- ---- ---------------------
NODE_54_length_28184_cov_41.894607:7042-7863|+     -            274 5017                 -            270  3.4e-167  552.5   0.0   1   1  9.9e-170  3.8e-167  552.3   0.0     1   270     1   273     1   273 0.99 NODE_54_length_28184_cov_41.894607_9 # 7042 # 7863 # 1 # ID=54_9;partial=00;start_type=ATG;rbs_motif=GGAG/GAGG;rbs_spacer=5-10bp;gc_cont=0.532
NODE_3_length_152663_cov_37.088930:142821-143309|+ -            163 5017                 -            270   1.3e-20   71.8   1.8   1   1     4e-23   1.6e-20   71.5   1.8   113   243    20   158    13   162 0.81 NODE_3_length_152663_cov_37.088930_121 # 142821 # 143309 # 1 # ID=3_121;partial=00;start_type=ATG;rbs_motif=GGxGG;rbs_spacer=5-10bp;gc_cont=0.534
NODE_5_length_138947_cov_37.421618:111374-111994|- -            207 5017                 -            270     2e-11   41.7   0.1   1   1   7.3e-14   2.8e-11   41.2   0.1   149   249    80   190    71   205 0.81 NODE_5_length_138947_cov_37.421618_96 # 111374 # 111994 # -1 # ID=5_96;partial=00;start_type=ATG;rbs_motif=GGA/GAG/AGG;rbs_spacer=5-10bp;gc_cont=0.425
NODE_86_length_12147_cov_42.083361:10885-11337|+   -            151 5017                 -            270   6.9e-07   26.8   3.9   1   2      0.17        66    0.6   0.0   167   205    51    69    30    80 0.52 NODE_86_length_12147_cov_42.083361_15 # 10885 # 11337 # 1 # ID=86_15;partial=00;start_type=ATG;rbs_motif=AGGAG/GGAGG;rbs_spacer=11-12bp;gc_cont=0.450
NODE_86_length_12147_cov_42.083361:10885-11337|+   -            151 5017                 -            270   6.9e-07   26.8   3.9   2   2     5e-09   1.9e-06   25.3   3.1   197   245   101   148    63   150 0.83 NODE_86_length_12147_cov_42.083361_15 # 10885 # 11337 # 1 # ID=86_15;partial=00;start_type=ATG;rbs_motif=AGGAG/GGAGG;rbs_spacer=11-12bp;gc_cont=0.450
NODE_21_length_83220_cov_38.326345:79898-80449|+   -            184 5017                 -            270   3.4e-06   24.5   1.4   1   1   1.1e-08   4.1e-06   24.3   1.4   195   246   131   182    81   183 0.78 NODE_21_length_83220_cov_38.326345_75 # 79898 # 80449 # 1 # ID=21_75;partial=00;start_type=ATG;rbs_motif=GGAGG;rbs_spacer=5-10bp;gc_cont=0.482
NODE_46_length_34184_cov_43.893884:6313-7683|-     -            457 5017                 -            270     5e-05   20.7   7.6   1   3   0.00085      0.33    8.2   0.1   199   230   271   302   267   318 0.88 NODE_46_length_34184_cov_43.893884_6 # 6313 # 7683 # -1 # ID=46_6;partial=00;start_type=ATG;rbs_motif=AGGA;rbs_spacer=5-10bp;gc_cont=0.530
NODE_46_length_34184_cov_43.893884:6313-7683|-     -            457 5017                 -            270     5e-05   20.7   7.6   2   3     0.052        20    2.3   0.1   208   226   366   384   350   388 0.83 NODE_46_length_34184_cov_43.893884_6 # 6313 # 7683 # -1 # ID=46_6;partial=00;start_type=ATG;rbs_motif=AGGA;rbs_spacer=5-10bp;gc_cont=0.530
NODE_46_length_34184_cov_43.893884:6313-7683|-     -            457 5017                 -            270     5e-05   20.7   7.6   3   3   4.2e-05     0.016   12.5   0.5   195   237   396   438   388   447 0.88 NODE_46_length_34184_cov_43.893884_6 # 6313 # 7683 # -1 # ID=46_6;partial=00;start_type=ATG;rbs_motif=AGGA;rbs_spacer=5-10bp;gc_cont=0.530
NODE_136_length_1870_cov_46.912794:1423-1824|+     -            134 5017                 -            270    0.0006   17.2   0.0   1   1   1.6e-06    0.0006   17.2   0.0   122   161    68   107     7   119 0.87 NODE_136_length_1870_cov_46.912794_4 # 1423 # 1824 # 1 # ID=136_4;partial=00;start_type=ATG;rbs_motif=GGA/GAG/AGG;rbs_spacer=5-10bp;gc_cont=0.423
NODE_3_length_152663_cov_37.088930:146479-147027|+ -            183 5017                 -            270    0.0067   13.7   0.9   1   1   3.5e-05     0.014   12.7   0.9   158   246    88   177    51   182 0.70 NODE_3_length_152663_cov_37.088930_125 # 146479 # 147027 # 1 # ID=3_125;partial=00;start_type=ATG;rbs_motif=GGA/GAG/AGG;rbs_spacer=5-10bp;gc_cont=0.481
NODE_40_length_46585_cov_37.455939:30229-30819|-   -            197 5017                 -            270    0.0089   13.3   1.1   1   2      0.91   3.5e+02   -1.8   0.0   198   237    33    74    28    85 0.68 NODE_40_length_46585_cov_37.455939_26 # 30229 # 30819 # -1 # ID=40_26;partial=00;start_type=ATG;rbs_motif=AGGAGG;rbs_spacer=3-4bp;gc_cont=0.503
NODE_40_length_46585_cov_37.455939:30229-30819|-   -            197 5017                 -            270    0.0089   13.3   1.1   2   2   4.2e-05     0.016   12.4   0.4   195   251    90   148    70   161 0.84 NODE_40_length_46585_cov_37.455939_26 # 30229 # 30819 # -1 # ID=40_26;partial=00;start_type=ATG;rbs_motif=AGGAGG;rbs_spacer=3-4bp;gc_cont=0.503
NODE_30_length_69036_cov_41.149327:21757-22782|-   -            342 5017                 -            270      0.02   12.2  20.7   1   2   0.00051       0.2    8.9   4.3   145   226    95   178    80   182 0.72 NODE_30_length_69036_cov_41.149327_23 # 21757 # 22782 # -1 # ID=30_23;partial=00;start_type=ATG;rbs_motif=GGA/GAG/AGG;rbs_spacer=11-12bp;gc_cont=0.528
NODE_30_length_69036_cov_41.149327:21757-22782|-   -            342 5017                 -            270      0.02   12.2  20.7   2   2   0.00088      0.34    8.1   8.5   149   239   208   305   191   326 0.75 NODE_30_length_69036_cov_41.149327_23 # 21757 # 22782 # -1 # ID=30_23;partial=00;start_type=ATG;rbs_motif=GGA/GAG/AGG;rbs_spacer=11-12bp;gc_cont=0.528
NODE_43_length_41508_cov_43.498876:454-1008|+      -            185 5017                 -            270      0.14    9.4   5.8   1   2     0.011       4.3    4.5   0.4   149   182    14    45     9    75 0.66 NODE_43_length_41508_cov_43.498876_1 # 454 # 1008 # 1 # ID=43_1;partial=00;start_type=ATG;rbs_motif=GGAG/GAGG;rbs_spacer=5-10bp;gc_cont=0.488
NODE_43_length_41508_cov_43.498876:454-1008|+      -            185 5017                 -            270      0.14    9.4   5.8   2   2    0.0013       0.5    7.6   0.7   194   228    98   132    78   161 0.82 NODE_43_length_41508_cov_43.498876_1 # 454 # 1008 # 1 # ID=43_1;partial=00;start_type=ATG;rbs_motif=GGAG/GAGG;rbs_spacer=5-10bp;gc_cont=0.488
NODE_30_length_69036_cov_41.149327:37664-38488|+   -            275 5017                 -            270       0.3    8.3   4.0   1   2     0.001      0.39    7.9   2.8   148   229   132   211   115   222 0.85 NODE_30_length_69036_cov_41.149327_37 # 37664 # 38488 # 1 # ID=30_37;partial=00;start_type=ATG;rbs_motif=GGA/GAG/AGG;rbs_spacer=5-10bp;gc_cont=0.530
NODE_30_length_69036_cov_41.149327:37664-38488|+   -            275 5017                 -            270       0.3    8.3   4.0   2   2      0.27   1.1e+02   -0.0   0.0   197   234   203   242   202   262 0.58 NODE_30_length_69036_cov_41.149327_37 # 37664 # 38488 # 1 # ID=30_37;partial=00;start_type=ATG;rbs_motif=GGA/GAG/AGG;rbs_spacer=5-10bp;gc_cont=0.530
NODE_30_length_69036_cov_41.149327:20405-21193|-   -            263 5017                 -            270       4.6    4.4   9.2   1   2    0.0095       3.7    4.7   0.9   195   243    13    62     3    89 0.76 NODE_30_length_69036_cov_41.149327_21 # 20405 # 21193 # -1 # ID=30_21;partial=00;start_type=GTG;rbs_motif=GGAGG;rbs_spacer=5-10bp;gc_cont=0.532
NODE_30_length_69036_cov_41.149327:20405-21193|-   -            263 5017                 -            270       4.6    4.4   9.2   2   2     0.017       6.4    3.9   2.1   193   241   144   192    84   200 0.84 NODE_30_length_69036_cov_41.149327_21 # 20405 # 21193 # -1 # ID=30_21;partial=00;start_type=GTG;rbs_motif=GGAGG;rbs_spacer=5-10bp;gc_cont=0.532
#
# Program:         hmmsearch
# Version:         3.4 (Aug 2023)
# Pipeline mode:   SEARCH
# Query file:      /home/simonedassisi/busco_downloads/lineages/enterobacteriaceae_odb12/hmms/5017at543.hmm
# Target file:     home/simonedassisi/Desktop/BUSCO_output/prodigal_output/predicted_genes/predicted.faa
# Option settings: hmmsearch --domtblout home/simonedassisi/Desktop/BUSCO_output/run_enterobacteriaceae_odb12/hmmer_output/5017at543.out --cpu 1 /home/simonedassisi/busco_downloads/lineages/enterobacteriaceae_odb12/hmms/5017at543.hmm home/simonedassisi/Desktop/BUSCO_output/prodigal_output/predicted_genes/predicted.faa 
# Current dir:     /home/simonedassisi
# Date:            Tue Apr  1 14:30:21 2025
# [ok]
