#                                                                                                         --- full sequence --- -------------- this domain -------------   hmm coord   ali coord   env coord
# target name                                     accession   tlen query name           accession   qlen   E-value  score  bias   #  of  c-Evalue  i-Evalue  score  bias  from    to  from    to  from    to  acc description of target
#                             ------------------- ---------- ----- -------------------- ---------- ----- --------- ------ ----- --- --- --------- --------- ------ ----- ----- ----- ----- ----- ----- ----- ---- ---------------------
NODE_39_length_47213_cov_38.868135:17283-17762|+  -            160 5118                 -            158   4.1e-95  314.1   0.5   1   1   4.6e-98   4.6e-95  313.9   0.5     1   158     1   158     1   158 1.00 NODE_39_length_47213_cov_38.868135_17 # 17283 # 17762 # 1 # ID=39_17;partial=00;start_type=ATG;rbs_motif=GGAG/GAGG;rbs_spacer=5-10bp;gc_cont=0.529
NODE_10_length_119716_cov_38.250842:58440-59081|+ -            214 5118                 -            158   0.00012   20.1   0.0   1   3   1.7e-05     0.017   13.2   0.0     3    28     4    29     2    43 0.82 NODE_10_length_119716_cov_38.250842_50 # 58440 # 59081 # 1 # ID=10_50;partial=00;start_type=ATG;rbs_motif=None;rbs_spacer=None;gc_cont=0.502
NODE_10_length_119716_cov_38.250842:58440-59081|+ -            214 5118                 -            158   0.00012   20.1   0.0   2   3     0.059        59    1.6   0.0    41    52    65    76    52    88 0.78 NODE_10_length_119716_cov_38.250842_50 # 58440 # 59081 # 1 # ID=10_50;partial=00;start_type=ATG;rbs_motif=None;rbs_spacer=None;gc_cont=0.502
NODE_10_length_119716_cov_38.250842:58440-59081|+ -            214 5118                 -            158   0.00012   20.1   0.0   3   3     0.076        76    1.3   0.0   119   153   171   205   150   209 0.78 NODE_10_length_119716_cov_38.250842_50 # 58440 # 59081 # 1 # ID=10_50;partial=00;start_type=ATG;rbs_motif=None;rbs_spacer=None;gc_cont=0.502
NODE_32_length_57606_cov_39.295812:51525-52958|+  -            478 5118                 -            158    0.0026   15.8   0.0   1   2      0.36   3.6e+02   -0.9   0.0    82   103   209   230   195   241 0.77 NODE_32_length_57606_cov_39.295812_42 # 51525 # 52958 # 1 # ID=32_42;partial=00;start_type=ATG;rbs_motif=AGGAG;rbs_spacer=5-10bp;gc_cont=0.562
NODE_32_length_57606_cov_39.295812:51525-52958|+  -            478 5118                 -            158    0.0026   15.8   0.0   2   2   1.6e-05     0.016   13.2   0.0     6    45   344   383   340   414 0.84 NODE_32_length_57606_cov_39.295812_42 # 51525 # 52958 # 1 # ID=32_42;partial=00;start_type=ATG;rbs_motif=AGGAG;rbs_spacer=5-10bp;gc_cont=0.562
NODE_31_length_58399_cov_38.812466:28511-29743|-  -            411 5118                 -            158     0.018   13.1   0.0   1   1   5.8e-05     0.058   11.4   0.0     7    46    69   109    63   125 0.78 NODE_31_length_58399_cov_38.812466_26 # 28511 # 29743 # -1 # ID=31_26;partial=00;start_type=ATG;rbs_motif=GGAGG;rbs_spacer=5-10bp;gc_cont=0.504
NODE_10_length_119716_cov_38.250842:77160-78218|+ -            353 5118                 -            158     0.022   12.8   0.0   1   1   3.9e-05      0.04   12.0   0.0    12    76   155   217   151   253 0.88 NODE_10_length_119716_cov_38.250842_70 # 77160 # 78218 # 1 # ID=10_70;partial=00;start_type=ATG;rbs_motif=AGGA/GGAG/GAGG;rbs_spacer=11-12bp;gc_cont=0.511
#
# Program:         hmmsearch
# Version:         3.4 (Aug 2023)
# Pipeline mode:   SEARCH
# Query file:      /home/simonedassisi/busco_downloads/lineages/enterobacteriaceae_odb12/hmms/5118at543.hmm
# Target file:     home/simonedassisi/Desktop/BUSCO_output/prodigal_output/predicted_genes/predicted.faa
# Option settings: hmmsearch --domtblout home/simonedassisi/Desktop/BUSCO_output/run_enterobacteriaceae_odb12/hmmer_output/5118at543.out --cpu 1 /home/simonedassisi/busco_downloads/lineages/enterobacteriaceae_odb12/hmms/5118at543.hmm home/simonedassisi/Desktop/BUSCO_output/prodigal_output/predicted_genes/predicted.faa 
# Current dir:     /home/simonedassisi
# Date:            Tue Apr  1 14:30:22 2025
# [ok]
