#                                                                                                        --- full sequence --- -------------- this domain -------------   hmm coord   ali coord   env coord
# target name                                    accession   tlen query name           accession   qlen   E-value  score  bias   #  of  c-Evalue  i-Evalue  score  bias  from    to  from    to  from    to  acc description of target
#                            ------------------- ---------- ----- -------------------- ---------- ----- --------- ------ ----- --- --- --------- --------- ------ ----- ----- ----- ----- ----- ----- ----- ---- ---------------------
NODE_6_length_131096_cov_36.333598:68939-70261|+ -            441 5180                 -            437  2.5e-248  822.2   0.0   1   1  3.9e-251  2.8e-248  822.1   0.0     1   437     1   440     1   440 0.99 NODE_6_length_131096_cov_36.333598_70 # 68939 # 70261 # 1 # ID=6_70;partial=00;start_type=GTG;rbs_motif=GGAG/GAGG;rbs_spacer=5-10bp;gc_cont=0.522
NODE_11_length_117034_cov_40.464403:1407-2162|-  -            252 5180                 -            437   5.4e-20   69.8   0.5   1   2      0.21   1.5e+02   -0.9   0.0    95   138    40    82    29   104 0.73 NODE_11_length_117034_cov_40.464403_2 # 1407 # 2162 # -1 # ID=11_2;partial=00;start_type=TTG;rbs_motif=GGAG/GAGG;rbs_spacer=5-10bp;gc_cont=0.508
NODE_11_length_117034_cov_40.464403:1407-2162|-  -            252 5180                 -            437   5.4e-20   69.8   0.5   2   2   2.2e-22   1.6e-19   68.2   0.2   311   406   145   240   127   246 0.90 NODE_11_length_117034_cov_40.464403_2 # 1407 # 2162 # -1 # ID=11_2;partial=00;start_type=TTG;rbs_motif=GGAG/GAGG;rbs_spacer=5-10bp;gc_cont=0.508
NODE_41_length_44791_cov_39.437601:25354-26493|- -            380 5180                 -            437   2.5e-19   67.6   0.7   1   2      0.19   1.4e+02   -0.8   0.0    55   137    83   162    63   167 0.58 NODE_41_length_44791_cov_39.437601_28 # 25354 # 26493 # -1 # ID=41_28;partial=00;start_type=ATG;rbs_motif=GGxGG;rbs_spacer=3-4bp;gc_cont=0.524
NODE_41_length_44791_cov_39.437601:25354-26493|- -            380 5180                 -            437   2.5e-19   67.6   0.7   2   2     1e-21   7.5e-19   66.0   0.2   312   406   280   374   277   378 0.94 NODE_41_length_44791_cov_39.437601_28 # 25354 # 26493 # -1 # ID=41_28;partial=00;start_type=ATG;rbs_motif=GGxGG;rbs_spacer=3-4bp;gc_cont=0.524
NODE_54_length_28184_cov_41.894607:1507-2766|-   -            420 5180                 -            437     3e-12   44.3   0.2   1   3      0.42     3e+02   -1.9   2.7    64   126    49   110    18   127 0.55 NODE_54_length_28184_cov_41.894607_3 # 1507 # 2766 # -1 # ID=54_3;partial=00;start_type=ATG;rbs_motif=GGA/GAG/AGG;rbs_spacer=11-12bp;gc_cont=0.568
NODE_54_length_28184_cov_41.894607:1507-2766|-   -            420 5180                 -            437     3e-12   44.3   0.2   2   3      0.34   2.5e+02   -1.6   3.2    65   135   159   232   148   285 0.70 NODE_54_length_28184_cov_41.894607_3 # 1507 # 2766 # -1 # ID=54_3;partial=00;start_type=ATG;rbs_motif=GGA/GAG/AGG;rbs_spacer=11-12bp;gc_cont=0.568
NODE_54_length_28184_cov_41.894607:1507-2766|-   -            420 5180                 -            437     3e-12   44.3   0.2   3   3   4.1e-15     3e-12   44.3   0.2   318   404   327   413   318   415 0.95 NODE_54_length_28184_cov_41.894607_3 # 1507 # 2766 # -1 # ID=54_3;partial=00;start_type=ATG;rbs_motif=GGA/GAG/AGG;rbs_spacer=11-12bp;gc_cont=0.568
NODE_18_length_85840_cov_40.696849:77446-78084|+ -            213 5180                 -            437    0.0003   17.9   0.0   1   1   5.1e-07   0.00037   17.6   0.0    52   165    84   202    67   208 0.80 NODE_18_length_85840_cov_40.696849_67 # 77446 # 78084 # 1 # ID=18_67;partial=00;start_type=ATG;rbs_motif=AGGAG;rbs_spacer=5-10bp;gc_cont=0.556
NODE_77_length_15753_cov_35.008191:10357-11577|+ -            407 5180                 -            437   0.00053   17.1   0.0   1   2    0.0022       1.6    5.6   0.0    92   138   292   336   257   342 0.78 NODE_77_length_15753_cov_35.008191_12 # 10357 # 11577 # 1 # ID=77_12;partial=00;start_type=ATG;rbs_motif=GGA/GAG/AGG;rbs_spacer=5-10bp;gc_cont=0.520
NODE_77_length_15753_cov_35.008191:10357-11577|+ -            407 5180                 -            437   0.00053   17.1   0.0   2   2   0.00014     0.099    9.6   0.0    84   134   343   390   334   403 0.77 NODE_77_length_15753_cov_35.008191_12 # 10357 # 11577 # 1 # ID=77_12;partial=00;start_type=ATG;rbs_motif=GGA/GAG/AGG;rbs_spacer=5-10bp;gc_cont=0.520
NODE_116_length_4699_cov_32.491470:865-1281|-    -            139 5180                 -            437     0.021   11.8   3.5   1   1   3.1e-05     0.023   11.7   3.5   101   188    29   116     9   134 0.88 NODE_116_length_4699_cov_32.491470_3 # 865 # 1281 # -1 # ID=116_3;partial=00;start_type=TTG;rbs_motif=GGA/GAG/AGG;rbs_spacer=5-10bp;gc_cont=0.372
#
# Program:         hmmsearch
# Version:         3.4 (Aug 2023)
# Pipeline mode:   SEARCH
# Query file:      /home/simonedassisi/busco_downloads/lineages/enterobacteriaceae_odb12/hmms/5180at543.hmm
# Target file:     home/simonedassisi/Desktop/BUSCO_output/prodigal_output/predicted_genes/predicted.faa
# Option settings: hmmsearch --domtblout home/simonedassisi/Desktop/BUSCO_output/run_enterobacteriaceae_odb12/hmmer_output/5180at543.out --cpu 1 /home/simonedassisi/busco_downloads/lineages/enterobacteriaceae_odb12/hmms/5180at543.hmm home/simonedassisi/Desktop/BUSCO_output/prodigal_output/predicted_genes/predicted.faa 
# Current dir:     /home/simonedassisi
# Date:            Tue Apr  1 14:30:22 2025
# [ok]
