#                                                                                                          --- full sequence --- -------------- this domain -------------   hmm coord   ali coord   env coord
# target name                                      accession   tlen query name           accession   qlen   E-value  score  bias   #  of  c-Evalue  i-Evalue  score  bias  from    to  from    to  from    to  acc description of target
#                              ------------------- ---------- ----- -------------------- ---------- ----- --------- ------ ----- --- --- --------- --------- ------ ----- ----- ----- ----- ----- ----- ----- ---- ---------------------
NODE_5_length_138947_cov_37.421618:28762-29340|+   -            193 5215                 -            193  5.9e-118  389.4   0.9   1   1    1e-120  6.6e-118  389.3   0.9     1   192     1   192     1   192 1.00 NODE_5_length_138947_cov_37.421618_24 # 28762 # 29340 # 1 # ID=5_24;partial=00;start_type=ATG;rbs_motif=AGGA;rbs_spacer=5-10bp;gc_cont=0.508
NODE_8_length_126545_cov_41.885285:120339-120929|- -            197 5215                 -            193   1.3e-42  143.6   0.0   1   1   2.6e-45   1.7e-42  143.3   0.0    20   189    17   189     2   192 0.91 NODE_8_length_126545_cov_41.885285_115 # 120339 # 120929 # -1 # ID=8_115;partial=00;start_type=GTG;rbs_motif=AGGA;rbs_spacer=5-10bp;gc_cont=0.501
NODE_8_length_126545_cov_41.885285:74271-75257|-   -            329 5215                 -            193   2.7e-06   25.2   0.1   1   2       2.8   1.8e+03   -3.6   0.0    39    55    44    60    32    65 0.73 NODE_8_length_126545_cov_41.885285_69 # 74271 # 75257 # -1 # ID=8_69;partial=00;start_type=ATG;rbs_motif=GGA/GAG/AGG;rbs_spacer=5-10bp;gc_cont=0.520
NODE_8_length_126545_cov_41.885285:74271-75257|-   -            329 5215                 -            193   2.7e-06   25.2   0.1   2   2     1e-08   6.4e-06   24.0   0.0   111   166    96   151    91   155 0.93 NODE_8_length_126545_cov_41.885285_69 # 74271 # 75257 # -1 # ID=8_69;partial=00;start_type=ATG;rbs_motif=GGA/GAG/AGG;rbs_spacer=5-10bp;gc_cont=0.520
NODE_7_length_130108_cov_39.332856:49368-50258|+   -            297 5215                 -            193   2.9e-06   25.1   0.1   1   1   1.2e-08   7.3e-06   23.8   0.1   108   163   185   240   177   244 0.93 NODE_7_length_130108_cov_39.332856_46 # 49368 # 50258 # 1 # ID=7_46;partial=00;start_type=ATG;rbs_motif=GGA/GAG/AGG;rbs_spacer=5-10bp;gc_cont=0.473
NODE_13_length_92664_cov_37.475885:22913-23770|+   -            286 5215                 -            193   0.00023   18.9   0.3   1   2       1.6     1e+03   -2.8   0.0     9    29    13    31     9    59 0.63 NODE_13_length_92664_cov_37.475885_27 # 22913 # 23770 # 1 # ID=13_27;partial=00;start_type=ATG;rbs_motif=AGGAG;rbs_spacer=5-10bp;gc_cont=0.513
NODE_13_length_92664_cov_37.475885:22913-23770|+   -            286 5215                 -            193   0.00023   18.9   0.3   2   2   9.2e-07   0.00058   17.6   0.0   109   149   180   220   168   232 0.85 NODE_13_length_92664_cov_37.475885_27 # 22913 # 23770 # 1 # ID=13_27;partial=00;start_type=ATG;rbs_motif=AGGAG;rbs_spacer=5-10bp;gc_cont=0.513
NODE_6_length_131096_cov_36.333598:73053-73922|-   -            290 5215                 -            193    0.0018   16.0   0.0   1   1   5.7e-06    0.0036   15.0   0.0   109   161   173   224   155   249 0.80 NODE_6_length_131096_cov_36.333598_73 # 73053 # 73922 # -1 # ID=6_73;partial=00;start_type=ATG;rbs_motif=GGA/GAG/AGG;rbs_spacer=11-12bp;gc_cont=0.490
NODE_13_length_92664_cov_37.475885:21853-22749|-   -            299 5215                 -            193     0.012   13.2   0.0   1   1   4.5e-05     0.029   12.0   0.0   111   160   131   180   125   186 0.93 NODE_13_length_92664_cov_37.475885_26 # 21853 # 22749 # -1 # ID=13_26;partial=00;start_type=ATG;rbs_motif=GGA/GAG/AGG;rbs_spacer=5-10bp;gc_cont=0.538
NODE_1_length_276430_cov_40.515391:245207-246229|- -            341 5215                 -            193     0.042   11.5   0.0   1   1   0.00013     0.082   10.5   0.0   115   183    96   160    90   168 0.85 NODE_1_length_276430_cov_40.515391_218 # 245207 # 246229 # -1 # ID=1_218;partial=00;start_type=ATG;rbs_motif=GGAG/GAGG;rbs_spacer=5-10bp;gc_cont=0.548
#
# Program:         hmmsearch
# Version:         3.4 (Aug 2023)
# Pipeline mode:   SEARCH
# Query file:      /home/simonedassisi/busco_downloads/lineages/enterobacteriaceae_odb12/hmms/5215at543.hmm
# Target file:     home/simonedassisi/Desktop/BUSCO_output/prodigal_output/predicted_genes/predicted.faa
# Option settings: hmmsearch --domtblout home/simonedassisi/Desktop/BUSCO_output/run_enterobacteriaceae_odb12/hmmer_output/5215at543.out --cpu 1 /home/simonedassisi/busco_downloads/lineages/enterobacteriaceae_odb12/hmms/5215at543.hmm home/simonedassisi/Desktop/BUSCO_output/prodigal_output/predicted_genes/predicted.faa 
# Current dir:     /home/simonedassisi
# Date:            Tue Apr  1 14:30:23 2025
# [ok]
