#                                                                                                         --- full sequence --- -------------- this domain -------------   hmm coord   ali coord   env coord
# target name                                     accession   tlen query name           accession   qlen   E-value  score  bias   #  of  c-Evalue  i-Evalue  score  bias  from    to  from    to  from    to  acc description of target
#                             ------------------- ---------- ----- -------------------- ---------- ----- --------- ------ ----- --- --- --------- --------- ------ ----- ----- ----- ----- ----- ----- ----- ---- ---------------------
NODE_4_length_139564_cov_44.158667:36796-37236|+  -            147 5216                 -            141   5.2e-76  251.6   0.0   1   1     1e-78   5.8e-76  251.5   0.0     1   141     1   143     1   143 0.97 NODE_4_length_139564_cov_44.158667_33 # 36796 # 37236 # 1 # ID=4_33;partial=00;start_type=ATG;rbs_motif=AGGAG;rbs_spacer=5-10bp;gc_cont=0.524
NODE_43_length_41508_cov_43.498876:32241-32678|+  -            146 5216                 -            141   3.3e-10   38.4   0.0   1   1     7e-13   3.9e-10   38.1   0.0     2    76     5    79     4    97 0.91 NODE_43_length_41508_cov_43.498876_50 # 32241 # 32678 # 1 # ID=43_50;partial=00;start_type=ATG;rbs_motif=AGGA;rbs_spacer=5-10bp;gc_cont=0.484
NODE_27_length_73011_cov_40.630920:4660-5115|-    -            152 5216                 -            141   8.8e-08   30.5   0.0   1   1     2e-10   1.1e-07   30.1   0.0     4    73    11    80     8    95 0.91 NODE_27_length_73011_cov_40.630920_7 # 4660 # 5115 # -1 # ID=27_7;partial=00;start_type=ATG;rbs_motif=GGAG/GAGG;rbs_spacer=5-10bp;gc_cont=0.522
NODE_43_length_41508_cov_43.498876:32686-33195|+  -            170 5216                 -            141   1.5e-06   26.5   0.0   1   1     4e-09   2.2e-06   25.9   0.0     1    32     1    32     1    66 0.81 NODE_43_length_41508_cov_43.498876_51 # 32686 # 33195 # 1 # ID=43_51;partial=00;start_type=ATG;rbs_motif=None;rbs_spacer=None;gc_cont=0.557
NODE_12_length_106079_cov_39.536715:28857-29327|+ -            157 5216                 -            141   8.2e-05   20.9   0.0   1   1   2.2e-07   0.00012   20.3   0.0     1    35     1    35     1    49 0.89 NODE_12_length_106079_cov_39.536715_30 # 28857 # 29327 # 1 # ID=12_30;partial=00;start_type=ATG;rbs_motif=None;rbs_spacer=None;gc_cont=0.541
NODE_43_length_41508_cov_43.498876:33562-34149|+  -            196 5216                 -            141   0.00032   19.0   0.3   1   1   1.2e-06   0.00065   17.9   0.3     2    27     3    28     2    54 0.89 NODE_43_length_41508_cov_43.498876_53 # 33562 # 34149 # 1 # ID=43_53;partial=00;start_type=ATG;rbs_motif=GGA/GAG/AGG;rbs_spacer=5-10bp;gc_cont=0.503
NODE_27_length_73011_cov_40.630920:4093-4656|-    -            188 5216                 -            141    0.0092   14.2   0.0   1   1   2.7e-05     0.015   13.5   0.0     4    31     3    30     1    60 0.72 NODE_27_length_73011_cov_40.630920_6 # 4093 # 4656 # -1 # ID=27_6;partial=00;start_type=GTG;rbs_motif=AGGAG/GGAGG;rbs_spacer=11-12bp;gc_cont=0.548
NODE_27_length_73011_cov_40.630920:3129-3728|-    -            200 5216                 -            141     0.011   13.9   0.1   1   1   3.5e-05      0.02   13.1   0.1     3    24     4    25     2    41 0.88 NODE_27_length_73011_cov_40.630920_4 # 3129 # 3728 # -1 # ID=27_4;partial=00;start_type=GTG;rbs_motif=GGAGG;rbs_spacer=5-10bp;gc_cont=0.582
NODE_28_length_70179_cov_36.796251:16558-16818|-  -             87 5216                 -            141     0.026   12.8   0.0   1   1   5.2e-05     0.029   12.6   0.0    88   131    36    79    12    83 0.85 NODE_28_length_70179_cov_36.796251_16 # 16558 # 16818 # -1 # ID=28_16;partial=00;start_type=ATG;rbs_motif=GGA/GAG/AGG;rbs_spacer=5-10bp;gc_cont=0.502
#
# Program:         hmmsearch
# Version:         3.4 (Aug 2023)
# Pipeline mode:   SEARCH
# Query file:      /home/simonedassisi/busco_downloads/lineages/enterobacteriaceae_odb12/hmms/5216at543.hmm
# Target file:     home/simonedassisi/Desktop/BUSCO_output/prodigal_output/predicted_genes/predicted.faa
# Option settings: hmmsearch --domtblout home/simonedassisi/Desktop/BUSCO_output/run_enterobacteriaceae_odb12/hmmer_output/5216at543.out --cpu 1 /home/simonedassisi/busco_downloads/lineages/enterobacteriaceae_odb12/hmms/5216at543.hmm home/simonedassisi/Desktop/BUSCO_output/prodigal_output/predicted_genes/predicted.faa 
# Current dir:     /home/simonedassisi
# Date:            Tue Apr  1 14:30:23 2025
# [ok]
