#                                                                                                          --- full sequence --- -------------- this domain -------------   hmm coord   ali coord   env coord
# target name                                      accession   tlen query name           accession   qlen   E-value  score  bias   #  of  c-Evalue  i-Evalue  score  bias  from    to  from    to  from    to  acc description of target
#                              ------------------- ---------- ----- -------------------- ---------- ----- --------- ------ ----- --- --- --------- --------- ------ ----- ----- ----- ----- ----- ----- ----- ---- ---------------------
NODE_16_length_86943_cov_42.279511:48883-49599|+   -            239 526                  -            237    2e-129  428.0   0.0   1   1  3.5e-132  2.2e-129  427.9   0.0     1   237     1   238     1   238 0.99 NODE_16_length_86943_cov_42.279511_44 # 48883 # 49599 # 1 # ID=16_44;partial=00;start_type=ATG;rbs_motif=GGxGG;rbs_spacer=5-10bp;gc_cont=0.558
NODE_31_length_58399_cov_38.812466:46613-47290|-   -            226 526                  -            237   1.2e-12   45.7   0.0   1   1   2.7e-15   1.7e-12   45.2   0.0   130   236   112   221    65   222 0.83 NODE_31_length_58399_cov_38.812466_43 # 46613 # 47290 # -1 # ID=31_43;partial=00;start_type=ATG;rbs_motif=AGxAGG/AGGxGG;rbs_spacer=3-4bp;gc_cont=0.524
NODE_1_length_276430_cov_40.515391:233129-233887|+ -            253 526                  -            237   4.7e-07   27.4   0.0   1   2    0.0078       4.9    4.5   0.0     7    32     4    29     1    38 0.79 NODE_1_length_276430_cov_40.515391_205 # 233129 # 233887 # 1 # ID=1_205;partial=00;start_type=ATG;rbs_motif=GGA/GAG/AGG;rbs_spacer=5-10bp;gc_cont=0.530
NODE_1_length_276430_cov_40.515391:233129-233887|+ -            253 526                  -            237   4.7e-07   27.4   0.0   2   2   7.8e-08   4.9e-05   20.8   0.0   120   201   118   204   113   213 0.77 NODE_1_length_276430_cov_40.515391_205 # 233129 # 233887 # 1 # ID=1_205;partial=00;start_type=ATG;rbs_motif=GGA/GAG/AGG;rbs_spacer=5-10bp;gc_cont=0.530
NODE_48_length_31921_cov_35.968831:30944-31510|-   -            189 526                  -            237   7.3e-06   23.5   0.1   1   2     0.011       6.8    4.0   0.0    10    83     5    82     2    88 0.62 NODE_48_length_31921_cov_35.968831_32 # 30944 # 31510 # -1 # ID=48_32;partial=00;start_type=ATG;rbs_motif=GGA/GAG/AGG;rbs_spacer=5-10bp;gc_cont=0.536
NODE_48_length_31921_cov_35.968831:30944-31510|-   -            189 526                  -            237   7.3e-06   23.5   0.1   2   2   6.8e-07   0.00043   17.7   0.0   141   205   120   183   102   187 0.87 NODE_48_length_31921_cov_35.968831_32 # 30944 # 31510 # -1 # ID=48_32;partial=00;start_type=ATG;rbs_motif=GGA/GAG/AGG;rbs_spacer=5-10bp;gc_cont=0.536
NODE_26_length_78359_cov_41.157595:15465-16130|-   -            222 526                  -            237   1.6e-05   22.5   0.0   1   2    0.0054       3.4    5.0   0.0     8    32     2    26     1    38 0.85 NODE_26_length_78359_cov_41.157595_16 # 15465 # 16130 # -1 # ID=26_16;partial=00;start_type=ATG;rbs_motif=AGGA;rbs_spacer=5-10bp;gc_cont=0.483
NODE_26_length_78359_cov_41.157595:15465-16130|-   -            222 526                  -            237   1.6e-05   22.5   0.0   2   2     3e-06    0.0019   15.6   0.0   128   232   101   210    54   213 0.75 NODE_26_length_78359_cov_41.157595_16 # 15465 # 16130 # -1 # ID=26_16;partial=00;start_type=ATG;rbs_motif=AGGA;rbs_spacer=5-10bp;gc_cont=0.483
NODE_10_length_119716_cov_38.250842:27873-28625|+  -            251 526                  -            237     0.036   11.5   0.0   1   1   0.00011     0.068   10.5   0.0   163   207   176   220   166   235 0.84 NODE_10_length_119716_cov_38.250842_24 # 27873 # 28625 # 1 # ID=10_24;partial=00;start_type=ATG;rbs_motif=None;rbs_spacer=None;gc_cont=0.535
NODE_45_length_36631_cov_36.253287:10962-11630|-   -            223 526                  -            237     0.054   10.9   0.0   1   2     0.024        15    2.9   0.0     8    38     5    35     2    46 0.88 NODE_45_length_36631_cov_36.253287_11 # 10962 # 11630 # -1 # ID=45_11;partial=00;start_type=ATG;rbs_motif=AGGAG;rbs_spacer=5-10bp;gc_cont=0.514
NODE_45_length_36631_cov_36.253287:10962-11630|-   -            223 526                  -            237     0.054   10.9   0.0   2   2    0.0022       1.4    6.2   0.0   142   195   127   180    74   218 0.79 NODE_45_length_36631_cov_36.253287_11 # 10962 # 11630 # -1 # ID=45_11;partial=00;start_type=ATG;rbs_motif=AGGAG;rbs_spacer=5-10bp;gc_cont=0.514
NODE_2_length_157429_cov_38.171358:54745-55395|+   -            217 526                  -            237     0.057   10.8   0.0   1   2     0.016        10    3.4   0.0    12    33     5    26     1    77 0.87 NODE_2_length_157429_cov_38.171358_54 # 54745 # 55395 # 1 # ID=2_54;partial=00;start_type=GTG;rbs_motif=AGGAG;rbs_spacer=5-10bp;gc_cont=0.564
NODE_2_length_157429_cov_38.171358:54745-55395|+   -            217 526                  -            237     0.057   10.8   0.0   2   2    0.0029       1.8    5.8   0.0   156   195   131   169    88   201 0.77 NODE_2_length_157429_cov_38.171358_54 # 54745 # 55395 # 1 # ID=2_54;partial=00;start_type=GTG;rbs_motif=AGGAG;rbs_spacer=5-10bp;gc_cont=0.564
#
# Program:         hmmsearch
# Version:         3.4 (Aug 2023)
# Pipeline mode:   SEARCH
# Query file:      /home/simonedassisi/busco_downloads/lineages/enterobacteriaceae_odb12/hmms/526at543.hmm
# Target file:     home/simonedassisi/Desktop/BUSCO_output/prodigal_output/predicted_genes/predicted.faa
# Option settings: hmmsearch --domtblout home/simonedassisi/Desktop/BUSCO_output/run_enterobacteriaceae_odb12/hmmer_output/526at543.out --cpu 1 /home/simonedassisi/busco_downloads/lineages/enterobacteriaceae_odb12/hmms/526at543.hmm home/simonedassisi/Desktop/BUSCO_output/prodigal_output/predicted_genes/predicted.faa 
# Current dir:     /home/simonedassisi
# Date:            Tue Apr  1 14:30:23 2025
# [ok]
