#                                                                                                           --- full sequence --- -------------- this domain -------------   hmm coord   ali coord   env coord
# target name                                       accession   tlen query name           accession   qlen   E-value  score  bias   #  of  c-Evalue  i-Evalue  score  bias  from    to  from    to  from    to  acc description of target
#                               ------------------- ---------- ----- -------------------- ---------- ----- --------- ------ ----- --- --- --------- --------- ------ ----- ----- ----- ----- ----- ----- ----- ---- ---------------------
NODE_77_length_15753_cov_35.008191:10357-11577|+    -            407 5275                 -            427  9.1e-226  747.3   0.9   1   1  2.1e-228    1e-225  747.1   0.9    41   427     1   399     1   399 0.96 NODE_77_length_15753_cov_35.008191_12 # 10357 # 11577 # 1 # ID=77_12;partial=00;start_type=ATG;rbs_motif=GGA/GAG/AGG;rbs_spacer=5-10bp;gc_cont=0.520
NODE_11_length_117034_cov_40.464403:1407-2162|-     -            252 5275                 -            427   4.7e-07   26.7   0.1   1   1   1.6e-09   7.9e-07   25.9   0.1   327   385    37    95    21   109 0.85 NODE_11_length_117034_cov_40.464403_2 # 1407 # 2162 # -1 # ID=11_2;partial=00;start_type=TTG;rbs_motif=GGAG/GAGG;rbs_spacer=5-10bp;gc_cont=0.508
NODE_41_length_44791_cov_39.437601:25354-26493|-    -            380 5275                 -            427   2.2e-06   24.5   0.0   1   1     7e-09   3.5e-06   23.8   0.0   328   377   119   169    74   187 0.86 NODE_41_length_44791_cov_39.437601_28 # 25354 # 26493 # -1 # ID=41_28;partial=00;start_type=ATG;rbs_motif=GGxGG;rbs_spacer=3-4bp;gc_cont=0.524
NODE_31_length_58399_cov_38.812466:24389-26326|-    -            646 5275                 -            427   3.9e-06   23.7   0.0   1   1   1.4e-08   7.2e-06   22.8   0.0   118   230   505   621   491   626 0.81 NODE_31_length_58399_cov_38.812466_24 # 24389 # 26326 # -1 # ID=31_24;partial=00;start_type=GTG;rbs_motif=GGAG/GAGG;rbs_spacer=5-10bp;gc_cont=0.547
NODE_11_length_117034_cov_40.464403:110795-111874|+ -            360 5275                 -            427   3.4e-05   20.6   0.0   1   1   1.5e-07   7.8e-05   19.4   0.0    90   205   188   316   180   322 0.66 NODE_11_length_117034_cov_40.464403_103 # 110795 # 111874 # 1 # ID=11_103;partial=00;start_type=ATG;rbs_motif=None;rbs_spacer=None;gc_cont=0.512
NODE_6_length_131096_cov_36.333598:68939-70261|+    -            441 5275                 -            427   4.7e-05   20.1   0.1   1   2   2.7e-07   0.00014   18.6   0.1   322   386    88   156    67   198 0.75 NODE_6_length_131096_cov_36.333598_70 # 68939 # 70261 # 1 # ID=6_70;partial=00;start_type=GTG;rbs_motif=GGAG/GAGG;rbs_spacer=5-10bp;gc_cont=0.522
NODE_6_length_131096_cov_36.333598:68939-70261|+    -            441 5275                 -            427   4.7e-05   20.1   0.1   2   2      0.32   1.6e+02   -1.4   0.0   404   424   214   234   173   237 0.74 NODE_6_length_131096_cov_36.333598_70 # 68939 # 70261 # 1 # ID=6_70;partial=00;start_type=GTG;rbs_motif=GGAG/GAGG;rbs_spacer=5-10bp;gc_cont=0.522
NODE_31_length_58399_cov_38.812466:33989-34138|+    -             50 5275                 -            427   0.00073   16.2   0.1   1   1   1.6e-06    0.0008   16.1   0.1   234   279     4    49     2    49 0.96 NODE_31_length_58399_cov_38.812466_31 # 33989 # 34138 # 1 # ID=31_31;partial=00;start_type=ATG;rbs_motif=AGGA;rbs_spacer=5-10bp;gc_cont=0.400
NODE_48_length_31921_cov_35.968831:10237-10686|-    -            150 5275                 -            427     0.002   14.7   0.1   1   1     5e-06    0.0025   14.4   0.0   318   351    85   118    62   149 0.71 NODE_48_length_31921_cov_35.968831_8 # 10237 # 10686 # -1 # ID=48_8;partial=00;start_type=ATG;rbs_motif=GGAG/GAGG;rbs_spacer=5-10bp;gc_cont=0.484
NODE_9_length_123825_cov_37.296666:28948-30504|-    -            519 5275                 -            427     0.013   12.0   0.1   1   1   4.1e-05      0.02   11.4   0.1   116   209   312   406   274   420 0.83 NODE_9_length_123825_cov_37.296666_30 # 28948 # 30504 # -1 # ID=9_30;partial=00;start_type=TTG;rbs_motif=GGA/GAG/AGG;rbs_spacer=5-10bp;gc_cont=0.504
NODE_18_length_85840_cov_40.696849:77446-78084|+    -            213 5275                 -            427     0.051   10.1   0.0   1   1   0.00013     0.066    9.7   0.0   316   379   115   183   104   202 0.82 NODE_18_length_85840_cov_40.696849_67 # 77446 # 78084 # 1 # ID=18_67;partial=00;start_type=ATG;rbs_motif=AGGAG;rbs_spacer=5-10bp;gc_cont=0.556
#
# Program:         hmmsearch
# Version:         3.4 (Aug 2023)
# Pipeline mode:   SEARCH
# Query file:      /home/simonedassisi/busco_downloads/lineages/enterobacteriaceae_odb12/hmms/5275at543.hmm
# Target file:     home/simonedassisi/Desktop/BUSCO_output/prodigal_output/predicted_genes/predicted.faa
# Option settings: hmmsearch --domtblout home/simonedassisi/Desktop/BUSCO_output/run_enterobacteriaceae_odb12/hmmer_output/5275at543.out --cpu 1 /home/simonedassisi/busco_downloads/lineages/enterobacteriaceae_odb12/hmms/5275at543.hmm home/simonedassisi/Desktop/BUSCO_output/prodigal_output/predicted_genes/predicted.faa 
# Current dir:     /home/simonedassisi
# Date:            Tue Apr  1 14:30:23 2025
# [ok]
