#                                                                                                          --- full sequence --- -------------- this domain -------------   hmm coord   ali coord   env coord
# target name                                      accession   tlen query name           accession   qlen   E-value  score  bias   #  of  c-Evalue  i-Evalue  score  bias  from    to  from    to  from    to  acc description of target
#                              ------------------- ---------- ----- -------------------- ---------- ----- --------- ------ ----- --- --- --------- --------- ------ ----- ----- ----- ----- ----- ----- ----- ---- ---------------------
NODE_19_length_85129_cov_38.767276:18158-19432|-   -            425 5289                 -            423  5.7e-272  899.7   0.5   1   1  1.8e-274  6.4e-272  899.5   0.5     1   422     1   422     1   423 1.00 NODE_19_length_85129_cov_38.767276_18 # 18158 # 19432 # -1 # ID=19_18;partial=00;start_type=ATG;rbs_motif=GGAG/GAGG;rbs_spacer=5-10bp;gc_cont=0.518
NODE_17_length_86457_cov_41.702653:5783-7114|+     -            444 5289                 -            423   1.2e-53  180.4   1.5   1   3   1.1e-27   3.9e-25   86.5   0.0    65   166     4   104     1   115 0.93 NODE_17_length_86457_cov_41.702653_7 # 5783 # 7114 # 1 # ID=17_7;partial=00;start_type=ATG;rbs_motif=AGGA;rbs_spacer=5-10bp;gc_cont=0.524
NODE_17_length_86457_cov_41.702653:5783-7114|+     -            444 5289                 -            423   1.2e-53  180.4   1.5   2   3   3.4e-12   1.2e-09   35.4   0.1   176   252   248   311   238   315 0.83 NODE_17_length_86457_cov_41.702653_7 # 5783 # 7114 # 1 # ID=17_7;partial=00;start_type=ATG;rbs_motif=AGGA;rbs_spacer=5-10bp;gc_cont=0.524
NODE_17_length_86457_cov_41.702653:5783-7114|+     -            444 5289                 -            423   1.2e-53  180.4   1.5   3   3   1.9e-18   6.9e-16   56.0   0.0   300   410   318   432   312   439 0.87 NODE_17_length_86457_cov_41.702653_7 # 5783 # 7114 # 1 # ID=17_7;partial=00;start_type=ATG;rbs_motif=AGGA;rbs_spacer=5-10bp;gc_cont=0.524
NODE_23_length_80065_cov_37.437114:22462-24738|-   -            759 5289                 -            423   1.7e-10   38.2   0.3   1   3   9.2e-07   0.00033   17.5   0.0   111   189   206   290   192   296 0.73 NODE_23_length_80065_cov_37.437114_17 # 22462 # 24738 # -1 # ID=23_17;partial=00;start_type=ATG;rbs_motif=GGAGG;rbs_spacer=5-10bp;gc_cont=0.531
NODE_23_length_80065_cov_37.437114:22462-24738|-   -            759 5289                 -            423   1.7e-10   38.2   0.3   2   3    0.0083         3    4.5   0.0    65   140   447   516   421   549 0.73 NODE_23_length_80065_cov_37.437114_17 # 22462 # 24738 # -1 # ID=23_17;partial=00;start_type=ATG;rbs_motif=GGAGG;rbs_spacer=5-10bp;gc_cont=0.531
NODE_23_length_80065_cov_37.437114:22462-24738|-   -            759 5289                 -            423   1.7e-10   38.2   0.3   3   3   3.1e-05     0.011   12.5   0.1   293   380   629   712   598   721 0.81 NODE_23_length_80065_cov_37.437114_17 # 22462 # 24738 # -1 # ID=23_17;partial=00;start_type=ATG;rbs_motif=GGAGG;rbs_spacer=5-10bp;gc_cont=0.531
NODE_8_length_126545_cov_41.885285:89578-91521|+   -            648 5289                 -            423   1.2e-06   25.6   0.0   1   1   6.8e-09   2.4e-06   24.5   0.0    67   192   147   262   134   268 0.70 NODE_8_length_126545_cov_41.885285_88 # 89578 # 91521 # 1 # ID=8_88;partial=00;start_type=TTG;rbs_motif=GGAG/GAGG;rbs_spacer=5-10bp;gc_cont=0.535
NODE_34_length_53173_cov_42.168382:408-2981|-      -            858 5289                 -            423   1.9e-06   24.9   0.1   1   4     0.032        12    2.5   0.0   111   135   198   222   181   270 0.90 NODE_34_length_53173_cov_42.168382_1 # 408 # 2981 # -1 # ID=34_1;partial=00;start_type=ATG;rbs_motif=GGAGG;rbs_spacer=3-4bp;gc_cont=0.516
NODE_34_length_53173_cov_42.168382:408-2981|-      -            858 5289                 -            423   1.9e-06   24.9   0.1   2   4      0.61   2.2e+02   -1.7   0.0    56    99   461   506   440   555 0.61 NODE_34_length_53173_cov_42.168382_1 # 408 # 2981 # -1 # ID=34_1;partial=00;start_type=ATG;rbs_motif=GGAGG;rbs_spacer=3-4bp;gc_cont=0.516
NODE_34_length_53173_cov_42.168382:408-2981|-      -            858 5289                 -            423   1.9e-06   24.9   0.1   3   4   0.00018     0.066    9.9   0.0    70   136   562   622   547   631 0.79 NODE_34_length_53173_cov_42.168382_1 # 408 # 2981 # -1 # ID=34_1;partial=00;start_type=ATG;rbs_motif=GGAGG;rbs_spacer=3-4bp;gc_cont=0.516
NODE_34_length_53173_cov_42.168382:408-2981|-      -            858 5289                 -            423   1.9e-06   24.9   0.1   4   4    0.0011       0.4    7.4   0.1   298   379   747   824   737   852 0.83 NODE_34_length_53173_cov_42.168382_1 # 408 # 2981 # -1 # ID=34_1;partial=00;start_type=ATG;rbs_motif=GGAGG;rbs_spacer=3-4bp;gc_cont=0.516
NODE_1_length_276430_cov_40.515391:228454-228975|+ -            174 5289                 -            423    0.0011   15.7   0.0   1   1   4.6e-06    0.0016   15.2   0.0   111   145     3    37     1    53 0.87 NODE_1_length_276430_cov_40.515391_200 # 228454 # 228975 # 1 # ID=1_200;partial=00;start_type=ATG;rbs_motif=AGxAG;rbs_spacer=5-10bp;gc_cont=0.492
NODE_21_length_83220_cov_38.326345:35383-36477|+   -            365 5289                 -            423    0.0015   15.3   0.0   1   1   6.3e-06    0.0023   14.7   0.0    95   130   124   160   118   169 0.88 NODE_21_length_83220_cov_38.326345_36 # 35383 # 36477 # 1 # ID=21_36;partial=00;start_type=ATG;rbs_motif=4Base/6BMM;rbs_spacer=13-15bp;gc_cont=0.546
NODE_44_length_40808_cov_40.967724:8577-9323|+     -            249 5289                 -            423    0.0029   14.4   0.1   1   1   1.2e-05    0.0045   13.8   0.1   111   132    97   118    83   122 0.84 NODE_44_length_40808_cov_40.967724_11 # 8577 # 9323 # 1 # ID=44_11;partial=00;start_type=ATG;rbs_motif=GGA/GAG/AGG;rbs_spacer=5-10bp;gc_cont=0.486
NODE_29_length_69919_cov_43.020805:17560-18510|-   -            317 5289                 -            423    0.0066   13.2   0.0   1   2   3.9e-05     0.014   12.1   0.0   114   147    12    45     3    61 0.85 NODE_29_length_69919_cov_43.020805_20 # 17560 # 18510 # -1 # ID=29_20;partial=00;start_type=ATG;rbs_motif=None;rbs_spacer=None;gc_cont=0.534
NODE_29_length_69919_cov_43.020805:17560-18510|-   -            317 5289                 -            423    0.0066   13.2   0.0   2   2       2.5   8.8e+02   -3.7   0.0   254   276   210   232   205   235 0.85 NODE_29_length_69919_cov_43.020805_20 # 17560 # 18510 # -1 # ID=29_20;partial=00;start_type=ATG;rbs_motif=None;rbs_spacer=None;gc_cont=0.534
NODE_43_length_41508_cov_43.498876:29557-31038|+   -            494 5289                 -            423    0.0082   12.9   1.8   1   3     0.033        12    2.5   0.1    40    91   108   159   104   177 0.80 NODE_43_length_41508_cov_43.498876_48 # 29557 # 31038 # 1 # ID=43_48;partial=00;start_type=ATG;rbs_motif=GGAG/GAGG;rbs_spacer=5-10bp;gc_cont=0.524
NODE_43_length_41508_cov_43.498876:29557-31038|+   -            494 5289                 -            423    0.0082   12.9   1.8   2   3   0.00073      0.26    7.9   0.1   101   130   231   260   216   279 0.82 NODE_43_length_41508_cov_43.498876_48 # 29557 # 31038 # 1 # ID=43_48;partial=00;start_type=ATG;rbs_motif=GGAG/GAGG;rbs_spacer=5-10bp;gc_cont=0.524
NODE_43_length_41508_cov_43.498876:29557-31038|+   -            494 5289                 -            423    0.0082   12.9   1.8   3   3      0.33   1.2e+02   -0.8   0.0   312   336   442   466   432   475 0.86 NODE_43_length_41508_cov_43.498876_48 # 29557 # 31038 # 1 # ID=43_48;partial=00;start_type=ATG;rbs_motif=GGAG/GAGG;rbs_spacer=5-10bp;gc_cont=0.524
NODE_23_length_80065_cov_37.437114:8553-9896|-     -            448 5289                 -            423     0.015   12.0   0.0   1   1   7.5e-05     0.027   11.2   0.0   114   191    52   120    41   129 0.66 NODE_23_length_80065_cov_37.437114_8 # 8553 # 9896 # -1 # ID=23_8;partial=00;start_type=GTG;rbs_motif=GGAG/GAGG;rbs_spacer=5-10bp;gc_cont=0.531
NODE_16_length_86943_cov_42.279511:1751-3271|-     -            507 5289                 -            423     0.019   11.7   0.2   1   1   0.00012     0.042   10.6   0.2   111   135   209   233   192   237 0.80 NODE_16_length_86943_cov_42.279511_3 # 1751 # 3271 # -1 # ID=16_3;partial=00;start_type=ATG;rbs_motif=AGGAGG;rbs_spacer=3-4bp;gc_cont=0.508
NODE_6_length_131096_cov_36.333598:13536-14288|+   -            251 5289                 -            423     0.041   10.6   0.0   1   1   0.00015     0.055   10.2   0.0    89   136     3    52     1    89 0.78 NODE_6_length_131096_cov_36.333598_15 # 13536 # 14288 # 1 # ID=6_15;partial=00;start_type=ATG;rbs_motif=AGGAG/GGAGG;rbs_spacer=11-12bp;gc_cont=0.534
NODE_1_length_276430_cov_40.515391:187665-189263|- -            533 5289                 -            423      0.05   10.3   0.0   1   1   0.00021     0.076    9.7   0.0    95   134   192   230   180   248 0.80 NODE_1_length_276430_cov_40.515391_169 # 187665 # 189263 # -1 # ID=1_169;partial=00;start_type=ATG;rbs_motif=AGGA;rbs_spacer=5-10bp;gc_cont=0.557
#
# Program:         hmmsearch
# Version:         3.4 (Aug 2023)
# Pipeline mode:   SEARCH
# Query file:      /home/simonedassisi/busco_downloads/lineages/enterobacteriaceae_odb12/hmms/5289at543.hmm
# Target file:     home/simonedassisi/Desktop/BUSCO_output/prodigal_output/predicted_genes/predicted.faa
# Option settings: hmmsearch --domtblout home/simonedassisi/Desktop/BUSCO_output/run_enterobacteriaceae_odb12/hmmer_output/5289at543.out --cpu 1 /home/simonedassisi/busco_downloads/lineages/enterobacteriaceae_odb12/hmms/5289at543.hmm home/simonedassisi/Desktop/BUSCO_output/prodigal_output/predicted_genes/predicted.faa 
# Current dir:     /home/simonedassisi
# Date:            Tue Apr  1 14:30:23 2025
# [ok]
