#                                                                                                        --- full sequence --- -------------- this domain -------------   hmm coord   ali coord   env coord
# target name                                    accession   tlen query name           accession   qlen   E-value  score  bias   #  of  c-Evalue  i-Evalue  score  bias  from    to  from    to  from    to  acc description of target
#                            ------------------- ---------- ----- -------------------- ---------- ----- --------- ------ ----- --- --- --------- --------- ------ ----- ----- ----- ----- ----- ----- ----- ---- ---------------------
NODE_16_length_86943_cov_42.279511:3862-5508|+   -            549 5391                 -            548         0 1174.1   0.6   1   1         0         0 1174.0   0.6     1   548     1   548     1   548 1.00 NODE_16_length_86943_cov_42.279511_4 # 3862 # 5508 # 1 # ID=16_4;partial=00;start_type=ATG;rbs_motif=GGA/GAG/AGG;rbs_spacer=5-10bp;gc_cont=0.544
NODE_26_length_78359_cov_41.157595:60265-61953|+ -            563 5391                 -            548    1e-190  632.8   1.1   1   1  1.6e-193  1.1e-190  632.6   1.1     2   544    14   560    13   562 0.97 NODE_26_length_78359_cov_41.157595_59 # 60265 # 61953 # 1 # ID=26_59;partial=00;start_type=ATG;rbs_motif=AGGA;rbs_spacer=5-10bp;gc_cont=0.564
NODE_4_length_139564_cov_44.158667:66991-68715|- -            575 5391                 -            548    3e-171  568.5   1.7   1   1    5e-174  3.6e-171  568.2   1.7     2   543     5   566     4   572 0.91 NODE_4_length_139564_cov_44.158667_61 # 66991 # 68715 # -1 # ID=4_61;partial=00;start_type=ATG;rbs_motif=GGAG/GAGG;rbs_spacer=5-10bp;gc_cont=0.528
NODE_21_length_83220_cov_38.326345:30912-32693|- -            594 5391                 -            548   1.5e-88  295.6   1.4   1   1   2.5e-91   1.8e-88  295.3   1.4     8   469    11   487     4   570 0.85 NODE_21_length_83220_cov_38.326345_32 # 30912 # 32693 # -1 # ID=21_32;partial=00;start_type=ATG;rbs_motif=GGAG/GAGG;rbs_spacer=5-10bp;gc_cont=0.534
NODE_23_length_80065_cov_37.437114:48933-50651|+ -            573 5391                 -            548   1.4e-69  232.9   0.0   1   1   2.6e-72   1.9e-69  232.5   0.0     4   529     6   532     3   539 0.88 NODE_23_length_80065_cov_37.437114_43 # 48933 # 50651 # 1 # ID=23_43;partial=00;start_type=ATG;rbs_motif=AGGAG;rbs_spacer=5-10bp;gc_cont=0.540
NODE_13_length_92664_cov_37.475885:74126-75820|+ -            565 5391                 -            548   1.7e-53  179.9   0.3   1   1   3.2e-56   2.3e-53  179.4   0.3     2   526     9   544     8   549 0.86 NODE_13_length_92664_cov_37.475885_74 # 74126 # 75820 # 1 # ID=13_74;partial=00;start_type=ATG;rbs_motif=GGAG/GAGG;rbs_spacer=5-10bp;gc_cont=0.465
NODE_2_length_157429_cov_38.171358:85066-86736|+ -            557 5391                 -            548    0.0017   14.8   0.0   1   2   2.1e-05     0.015   11.7   0.0     4   125    11   133     9   146 0.88 NODE_2_length_157429_cov_38.171358_82 # 85066 # 86736 # 1 # ID=2_82;partial=00;start_type=ATG;rbs_motif=GGA/GAG/AGG;rbs_spacer=5-10bp;gc_cont=0.580
NODE_2_length_157429_cov_38.171358:85066-86736|+ -            557 5391                 -            548    0.0017   14.8   0.0   2   2     0.044        31    0.7   0.0   407   456   422   470   404   540 0.84 NODE_2_length_157429_cov_38.171358_82 # 85066 # 86736 # 1 # ID=2_82;partial=00;start_type=ATG;rbs_motif=GGA/GAG/AGG;rbs_spacer=5-10bp;gc_cont=0.580
#
# Program:         hmmsearch
# Version:         3.4 (Aug 2023)
# Pipeline mode:   SEARCH
# Query file:      /home/simonedassisi/busco_downloads/lineages/enterobacteriaceae_odb12/hmms/5391at543.hmm
# Target file:     home/simonedassisi/Desktop/BUSCO_output/prodigal_output/predicted_genes/predicted.faa
# Option settings: hmmsearch --domtblout home/simonedassisi/Desktop/BUSCO_output/run_enterobacteriaceae_odb12/hmmer_output/5391at543.out --cpu 1 /home/simonedassisi/busco_downloads/lineages/enterobacteriaceae_odb12/hmms/5391at543.hmm home/simonedassisi/Desktop/BUSCO_output/prodigal_output/predicted_genes/predicted.faa 
# Current dir:     /home/simonedassisi
# Date:            Tue Apr  1 14:30:23 2025
# [ok]
