#                                                                                                          --- full sequence --- -------------- this domain -------------   hmm coord   ali coord   env coord
# target name                                      accession   tlen query name           accession   qlen   E-value  score  bias   #  of  c-Evalue  i-Evalue  score  bias  from    to  from    to  from    to  acc description of target
#                              ------------------- ---------- ----- -------------------- ---------- ----- --------- ------ ----- --- --- --------- --------- ------ ----- ----- ----- ----- ----- ----- ----- ---- ---------------------
NODE_31_length_58399_cov_38.812466:44933-46522|-   -            530 5420                 -            528         0 1190.3   0.2   1   1         0         0 1190.1   0.2     2   528     3   529     2   529 1.00 NODE_31_length_58399_cov_38.812466_42 # 44933 # 46522 # -1 # ID=31_42;partial=00;start_type=ATG;rbs_motif=AGxAG;rbs_spacer=5-10bp;gc_cont=0.536
NODE_1_length_276430_cov_40.515391:273984-276098|+ -            705 5420                 -            528   4.3e-43  145.6   0.4   1   1   1.2e-45     6e-43  145.1   0.4     9   464     7   485     2   507 0.81 NODE_1_length_276430_cov_40.515391_250 # 273984 # 276098 # 1 # ID=1_250;partial=00;start_type=ATG;rbs_motif=GGAG/GAGG;rbs_spacer=5-10bp;gc_cont=0.509
NODE_17_length_86457_cov_41.702653:66920-68743|-   -            608 5420                 -            528   5.9e-22   75.8   0.3   1   2   1.3e-23   6.4e-21   72.4   0.1     9   183     2   173     1   195 0.84 NODE_17_length_86457_cov_41.702653_70 # 66920 # 68743 # -1 # ID=17_70;partial=00;start_type=GTG;rbs_motif=GGAG/GAGG;rbs_spacer=5-10bp;gc_cont=0.533
NODE_17_length_86457_cov_41.702653:66920-68743|-   -            608 5420                 -            528   5.9e-22   75.8   0.3   2   2     0.055        28    1.0   0.0   341   384   251   294   220   302 0.82 NODE_17_length_86457_cov_41.702653_70 # 66920 # 68743 # -1 # ID=17_70;partial=00;start_type=GTG;rbs_motif=GGAG/GAGG;rbs_spacer=5-10bp;gc_cont=0.533
NODE_9_length_123825_cov_37.296666:19181-20980|+   -            600 5420                 -            528   8.1e-21   72.1   0.1   1   2   5.4e-22   2.7e-19   67.0   0.2    12   164     4   154     1   172 0.89 NODE_9_length_123825_cov_37.296666_19 # 19181 # 20980 # 1 # ID=9_19;partial=00;start_type=ATG;rbs_motif=None;rbs_spacer=None;gc_cont=0.537
NODE_9_length_123825_cov_37.296666:19181-20980|+   -            600 5420                 -            528   8.1e-21   72.1   0.1   2   2     0.015       7.7    2.8   0.0   314   464   207   367   199   386 0.68 NODE_9_length_123825_cov_37.296666_19 # 19181 # 20980 # 1 # ID=9_19;partial=00;start_type=ATG;rbs_motif=None;rbs_spacer=None;gc_cont=0.537
NODE_148_length_1031_cov_94.602876:1-1029|+        -            343 5420                 -            528   5.5e-09   33.0   0.0   1   1   1.5e-11   7.5e-09   32.6   0.0    61   162    10   110     2   128 0.91 NODE_148_length_1031_cov_94.602876_1 # 1 # 1029 # 1 # ID=148_1;partial=11;start_type=Edge;rbs_motif=None;rbs_spacer=None;gc_cont=0.539
NODE_8_length_126545_cov_41.885285:100508-103180|+ -            891 5420                 -            528   5.4e-08   29.8   0.0   1   1   1.8e-10   8.9e-08   29.0   0.0    72   157   429   514   393   524 0.86 NODE_8_length_126545_cov_41.885285_96 # 100508 # 103180 # 1 # ID=8_96;partial=00;start_type=ATG;rbs_motif=AGGA;rbs_spacer=5-10bp;gc_cont=0.535
NODE_99_length_8647_cov_35.430047:2366-4210|+      -            615 5420                 -            528   6.7e-08   29.4   0.0   1   1   2.1e-10   1.1e-07   28.8   0.0    55   162    24   130     2   143 0.85 NODE_99_length_8647_cov_35.430047_3 # 2366 # 4210 # 1 # ID=99_3;partial=00;start_type=ATG;rbs_motif=AGGA/GGAG/GAGG;rbs_spacer=11-12bp;gc_cont=0.567
NODE_41_length_44791_cov_39.437601:31732-33159|-   -            476 5420                 -            528   3.4e-07   27.1   0.1   1   2   1.7e-09   8.6e-07   25.8   0.0    57   144    83   171    38   178 0.89 NODE_41_length_44791_cov_39.437601_37 # 31732 # 33159 # -1 # ID=41_37;partial=00;start_type=ATG;rbs_motif=GGA/GAG/AGG;rbs_spacer=11-12bp;gc_cont=0.543
NODE_41_length_44791_cov_39.437601:31732-33159|-   -            476 5420                 -            528   3.4e-07   27.1   0.1   2   2      0.47   2.4e+02   -2.1   0.0   320   374   268   318   261   326 0.80 NODE_41_length_44791_cov_39.437601_37 # 31732 # 33159 # -1 # ID=41_37;partial=00;start_type=ATG;rbs_motif=GGA/GAG/AGG;rbs_spacer=11-12bp;gc_cont=0.543
NODE_117_length_4367_cov_50.670283:2-262|-         -             87 5420                 -            528   0.00054   16.5   0.1   1   1   1.2e-06   0.00061   16.4   0.1    15    93    15    87     3    87 0.79 NODE_117_length_4367_cov_50.670283_1 # 2 # 262 # -1 # ID=117_1;partial=10;start_type=ATG;rbs_motif=GGAG/GAGG;rbs_spacer=5-10bp;gc_cont=0.533
NODE_1_length_276430_cov_40.515391:276169-276429|+ -             87 5420                 -            528   0.00054   16.5   0.1   1   1   1.2e-06   0.00061   16.4   0.1    15    93    15    87     3    87 0.79 NODE_1_length_276430_cov_40.515391_251 # 276169 # 276429 # 1 # ID=1_251;partial=01;start_type=GTG;rbs_motif=AGGA;rbs_spacer=5-10bp;gc_cont=0.529
#
# Program:         hmmsearch
# Version:         3.4 (Aug 2023)
# Pipeline mode:   SEARCH
# Query file:      /home/simonedassisi/busco_downloads/lineages/enterobacteriaceae_odb12/hmms/5420at543.hmm
# Target file:     home/simonedassisi/Desktop/BUSCO_output/prodigal_output/predicted_genes/predicted.faa
# Option settings: hmmsearch --domtblout home/simonedassisi/Desktop/BUSCO_output/run_enterobacteriaceae_odb12/hmmer_output/5420at543.out --cpu 1 /home/simonedassisi/busco_downloads/lineages/enterobacteriaceae_odb12/hmms/5420at543.hmm home/simonedassisi/Desktop/BUSCO_output/prodigal_output/predicted_genes/predicted.faa 
# Current dir:     /home/simonedassisi
# Date:            Tue Apr  1 14:30:23 2025
# [ok]
