#                                                                                                        --- full sequence --- -------------- this domain -------------   hmm coord   ali coord   env coord
# target name                                    accession   tlen query name           accession   qlen   E-value  score  bias   #  of  c-Evalue  i-Evalue  score  bias  from    to  from    to  from    to  acc description of target
#                            ------------------- ---------- ----- -------------------- ---------- ----- --------- ------ ----- --- --- --------- --------- ------ ----- ----- ----- ----- ----- ----- ----- ---- ---------------------
NODE_8_length_126545_cov_41.885285:73684-74250|- -            189 5426                 -            185    2e-112  371.2   0.7   1   1  1.8e-115  2.3e-112  371.0   0.7     3   185     6   188     4   188 0.99 NODE_8_length_126545_cov_41.885285_68 # 73684 # 74250 # -1 # ID=8_68;partial=00;start_type=ATG;rbs_motif=AGGA;rbs_spacer=5-10bp;gc_cont=0.529
NODE_26_length_78359_cov_41.157595:35955-36767|+ -            271 5426                 -            185   1.2e-05   23.1   1.2   1   3       1.3   1.7e+03   -3.4   0.1    23    34     3    14     2    18 0.87 NODE_26_length_78359_cov_41.157595_33 # 35955 # 36767 # 1 # ID=26_33;partial=00;start_type=ATG;rbs_motif=GGA/GAG/AGG;rbs_spacer=3-4bp;gc_cont=0.514
NODE_26_length_78359_cov_41.157595:35955-36767|+ -            271 5426                 -            185   1.2e-05   23.1   1.2   2   3      0.49   6.2e+02   -2.0   0.0    60    86    30    56    26    89 0.74 NODE_26_length_78359_cov_41.157595_33 # 35955 # 36767 # 1 # ID=26_33;partial=00;start_type=ATG;rbs_motif=GGA/GAG/AGG;rbs_spacer=3-4bp;gc_cont=0.514
NODE_26_length_78359_cov_41.157595:35955-36767|+ -            271 5426                 -            185   1.2e-05   23.1   1.2   3   3   1.7e-08   2.2e-05   22.3   0.1    95   157   193   255   162   268 0.86 NODE_26_length_78359_cov_41.157595_33 # 35955 # 36767 # 1 # ID=26_33;partial=00;start_type=ATG;rbs_motif=GGA/GAG/AGG;rbs_spacer=3-4bp;gc_cont=0.514
NODE_28_length_70179_cov_36.796251:64209-65024|- -            272 5426                 -            185     0.003   15.3   0.0   1   2     0.016        20    2.8   0.0    22    66     2    45     1    52 0.79 NODE_28_length_70179_cov_36.796251_58 # 64209 # 65024 # -1 # ID=28_58;partial=00;start_type=ATG;rbs_motif=GGAG/GAGG;rbs_spacer=5-10bp;gc_cont=0.462
NODE_28_length_70179_cov_36.796251:64209-65024|- -            272 5426                 -            185     0.003   15.3   0.0   2   2   7.8e-05     0.098   10.4   0.0   101   173   194   265   181   271 0.83 NODE_28_length_70179_cov_36.796251_58 # 64209 # 65024 # -1 # ID=28_58;partial=00;start_type=ATG;rbs_motif=GGAG/GAGG;rbs_spacer=5-10bp;gc_cont=0.462
NODE_28_length_70179_cov_36.796251:38106-38921|- -            272 5426                 -            185     0.003   15.3   0.0   1   2       0.7   8.8e+02   -2.5   0.0    23    40     3    21     2    45 0.69 NODE_28_length_70179_cov_36.796251_36 # 38106 # 38921 # -1 # ID=28_36;partial=00;start_type=ATG;rbs_motif=AGGAG;rbs_spacer=5-10bp;gc_cont=0.467
NODE_28_length_70179_cov_36.796251:38106-38921|- -            272 5426                 -            185     0.003   15.3   0.0   2   2   6.4e-06    0.0081   13.9   0.0    99   166   192   259   172   266 0.88 NODE_28_length_70179_cov_36.796251_36 # 38106 # 38921 # -1 # ID=28_36;partial=00;start_type=ATG;rbs_motif=AGGAG;rbs_spacer=5-10bp;gc_cont=0.467
#
# Program:         hmmsearch
# Version:         3.4 (Aug 2023)
# Pipeline mode:   SEARCH
# Query file:      /home/simonedassisi/busco_downloads/lineages/enterobacteriaceae_odb12/hmms/5426at543.hmm
# Target file:     home/simonedassisi/Desktop/BUSCO_output/prodigal_output/predicted_genes/predicted.faa
# Option settings: hmmsearch --domtblout home/simonedassisi/Desktop/BUSCO_output/run_enterobacteriaceae_odb12/hmmer_output/5426at543.out --cpu 1 /home/simonedassisi/busco_downloads/lineages/enterobacteriaceae_odb12/hmms/5426at543.hmm home/simonedassisi/Desktop/BUSCO_output/prodigal_output/predicted_genes/predicted.faa 
# Current dir:     /home/simonedassisi
# Date:            Tue Apr  1 14:30:23 2025
# [ok]
