#                                                                                                         --- full sequence --- -------------- this domain -------------   hmm coord   ali coord   env coord
# target name                                     accession   tlen query name           accession   qlen   E-value  score  bias   #  of  c-Evalue  i-Evalue  score  bias  from    to  from    to  from    to  acc description of target
#                             ------------------- ---------- ----- -------------------- ---------- ----- --------- ------ ----- --- --- --------- --------- ------ ----- ----- ----- ----- ----- ----- ----- ---- ---------------------
NODE_12_length_106079_cov_39.536715:29318-29881|+ -            188 54851                -            187   4.9e-83  275.3   0.0   1   1   1.1e-85   5.4e-83  275.2   0.0     1   187     1   187     1   187 0.99 NODE_12_length_106079_cov_39.536715_31 # 29318 # 29881 # 1 # ID=12_31;partial=00;start_type=ATG;rbs_motif=AGGAG;rbs_spacer=5-10bp;gc_cont=0.521
NODE_12_length_106079_cov_39.536715:30270-30593|+ -            108 54851                -            187     8e-07   26.8   1.2   1   1   2.1e-09     1e-06   26.4   1.0     3    55     6    58     4    65 0.94 NODE_12_length_106079_cov_39.536715_33 # 30270 # 30593 # 1 # ID=12_33;partial=00;start_type=ATG;rbs_motif=GGAG/GAGG;rbs_spacer=5-10bp;gc_cont=0.552
NODE_43_length_41508_cov_43.498876:33562-34149|+  -            196 54851                -            187   2.1e-05   22.2   4.1   1   2   4.3e-08   2.2e-05   22.1   2.8     1    61     1    61     1    68 0.83 NODE_43_length_41508_cov_43.498876_53 # 33562 # 34149 # 1 # ID=43_53;partial=00;start_type=ATG;rbs_motif=GGA/GAG/AGG;rbs_spacer=5-10bp;gc_cont=0.503
NODE_43_length_41508_cov_43.498876:33562-34149|+  -            196 54851                -            187   2.1e-05   22.2   4.1   2   2       1.2   5.9e+02   -2.1   0.0   142   172   136   166   129   174 0.72 NODE_43_length_41508_cov_43.498876_53 # 33562 # 34149 # 1 # ID=43_53;partial=00;start_type=ATG;rbs_motif=GGA/GAG/AGG;rbs_spacer=5-10bp;gc_cont=0.503
NODE_27_length_73011_cov_40.630920:3129-3728|-    -            200 54851                -            187   0.00017   19.2   2.7   1   2   9.1e-07   0.00046   17.8   1.4     1    58     1    58     1    65 0.76 NODE_27_length_73011_cov_40.630920_4 # 3129 # 3728 # -1 # ID=27_4;partial=00;start_type=GTG;rbs_motif=GGAGG;rbs_spacer=5-10bp;gc_cont=0.582
NODE_27_length_73011_cov_40.630920:3129-3728|-    -            200 54851                -            187   0.00017   19.2   2.7   2   2      0.23   1.2e+02    0.2   0.0   108   120   116   128   108   130 0.84 NODE_27_length_73011_cov_40.630920_4 # 3129 # 3728 # -1 # ID=27_4;partial=00;start_type=GTG;rbs_motif=GGAGG;rbs_spacer=5-10bp;gc_cont=0.582
NODE_12_length_106079_cov_39.536715:28857-29327|+ -            157 54851                -            187    0.0015   16.2   0.1   1   1   4.2e-06    0.0021   15.7   0.1     3    31     2    28     1    53 0.72 NODE_12_length_106079_cov_39.536715_30 # 28857 # 29327 # 1 # ID=12_30;partial=00;start_type=ATG;rbs_motif=None;rbs_spacer=None;gc_cont=0.541
NODE_43_length_41508_cov_43.498876:33192-33569|+  -            126 54851                -            187    0.0018   15.9   0.6   1   1   4.7e-06    0.0024   15.5   0.6     3    31     2    30     1    57 0.74 NODE_43_length_41508_cov_43.498876_52 # 33192 # 33569 # 1 # ID=43_52;partial=00;start_type=ATG;rbs_motif=GGA/GAG/AGG;rbs_spacer=5-10bp;gc_cont=0.479
NODE_27_length_73011_cov_40.630920:3725-4096|-    -            124 54851                -            187    0.0058   14.2   0.6   1   1   1.4e-05     0.007   14.0   0.6     5    65     2    64     1    78 0.63 NODE_27_length_73011_cov_40.630920_5 # 3725 # 4096 # -1 # ID=27_5;partial=00;start_type=ATG;rbs_motif=GGAG/GAGG;rbs_spacer=5-10bp;gc_cont=0.594
NODE_43_length_41508_cov_43.498876:32686-33195|+  -            170 54851                -            187     0.016   12.8   0.1   1   1   5.3e-05     0.027   12.1   0.1     3    23     2    22     1    59 0.79 NODE_43_length_41508_cov_43.498876_51 # 32686 # 33195 # 1 # ID=43_51;partial=00;start_type=ATG;rbs_motif=None;rbs_spacer=None;gc_cont=0.557
NODE_43_length_41508_cov_43.498876:32241-32678|+  -            146 54851                -            187     0.018   12.6   0.0   1   1   4.6e-05     0.023   12.3   0.0     3    33     5    32     3    57 0.75 NODE_43_length_41508_cov_43.498876_50 # 32241 # 32678 # 1 # ID=43_50;partial=00;start_type=ATG;rbs_motif=AGGA;rbs_spacer=5-10bp;gc_cont=0.484
NODE_4_length_139564_cov_44.158667:36796-37236|+  -            147 54851                -            187     0.024   12.2   0.1   1   1   6.5e-05     0.033   11.8   0.1     3    26     2    25     1    59 0.75 NODE_4_length_139564_cov_44.158667_33 # 36796 # 37236 # 1 # ID=4_33;partial=00;start_type=ATG;rbs_motif=AGGAG;rbs_spacer=5-10bp;gc_cont=0.524
#
# Program:         hmmsearch
# Version:         3.4 (Aug 2023)
# Pipeline mode:   SEARCH
# Query file:      /home/simonedassisi/busco_downloads/lineages/enterobacteriaceae_odb12/hmms/54851at543.hmm
# Target file:     home/simonedassisi/Desktop/BUSCO_output/prodigal_output/predicted_genes/predicted.faa
# Option settings: hmmsearch --domtblout home/simonedassisi/Desktop/BUSCO_output/run_enterobacteriaceae_odb12/hmmer_output/54851at543.out --cpu 1 /home/simonedassisi/busco_downloads/lineages/enterobacteriaceae_odb12/hmms/54851at543.hmm home/simonedassisi/Desktop/BUSCO_output/prodigal_output/predicted_genes/predicted.faa 
# Current dir:     /home/simonedassisi
# Date:            Tue Apr  1 14:30:24 2025
# [ok]
