#                                                                                                          --- full sequence --- -------------- this domain -------------   hmm coord   ali coord   env coord
# target name                                      accession   tlen query name           accession   qlen   E-value  score  bias   #  of  c-Evalue  i-Evalue  score  bias  from    to  from    to  from    to  acc description of target
#                              ------------------- ---------- ----- -------------------- ---------- ----- --------- ------ ----- --- --- --------- --------- ------ ----- ----- ----- ----- ----- ----- ----- ---- ---------------------
NODE_29_length_69919_cov_43.020805:15809-17089|-   -            427 5543                 -            425  1.5e-261  865.5   1.3   1   1  2.7e-264  1.7e-261  865.3   1.3     1   425     1   426     1   426 0.99 NODE_29_length_69919_cov_43.020805_18 # 15809 # 17089 # -1 # ID=29_18;partial=00;start_type=TTG;rbs_motif=GGAG/GAGG;rbs_spacer=5-10bp;gc_cont=0.539
NODE_9_length_123825_cov_37.296666:88335-89807|+   -            491 5543                 -            425   2.4e-16   57.6   0.0   1   2   4.6e-10   2.9e-07   27.7   0.0   197   330     2   131     1   160 0.80 NODE_9_length_123825_cov_37.296666_77 # 88335 # 89807 # 1 # ID=9_77;partial=00;start_type=ATG;rbs_motif=GGAG/GAGG;rbs_spacer=5-10bp;gc_cont=0.520
NODE_9_length_123825_cov_37.296666:88335-89807|+   -            491 5543                 -            425   2.4e-16   57.6   0.0   2   2   4.2e-10   2.6e-07   27.8   0.0   200   361   205   372   197   385 0.78 NODE_9_length_123825_cov_37.296666_77 # 88335 # 89807 # 1 # ID=9_77;partial=00;start_type=ATG;rbs_motif=GGAG/GAGG;rbs_spacer=5-10bp;gc_cont=0.520
NODE_8_length_126545_cov_41.885285:84768-85940|+   -            391 5543                 -            425   7.4e-12   42.8   0.0   1   1   1.5e-14   9.7e-12   42.4   0.0   198   396   160   369   141   373 0.79 NODE_8_length_126545_cov_41.885285_83 # 84768 # 85940 # 1 # ID=8_83;partial=00;start_type=ATG;rbs_motif=GGAG/GAGG;rbs_spacer=5-10bp;gc_cont=0.533
NODE_26_length_78359_cov_41.157595:24715-26079|-   -            455 5543                 -            425   4.4e-06   23.8   0.2   1   1   9.3e-09   5.9e-06   23.4   0.2   169   360   191   375   156   405 0.83 NODE_26_length_78359_cov_41.157595_24 # 24715 # 26079 # -1 # ID=26_24;partial=00;start_type=ATG;rbs_motif=AGGA;rbs_spacer=5-10bp;gc_cont=0.564
NODE_53_length_29778_cov_36.323025:164-1255|-      -            364 5543                 -            425   5.7e-06   23.4   0.0   1   1   1.4e-08   8.8e-06   22.8   0.0   202   243     7    48     4    70 0.80 NODE_53_length_29778_cov_36.323025_1 # 164 # 1255 # -1 # ID=53_1;partial=00;start_type=ATG;rbs_motif=GGA/GAG/AGG;rbs_spacer=11-12bp;gc_cont=0.510
NODE_9_length_123825_cov_37.296666:22919-23824|+   -            302 5543                 -            425   1.5e-05   22.1   0.1   1   1     3e-08   1.9e-05   21.7   0.1   199   362    10   174     2   204 0.81 NODE_9_length_123825_cov_37.296666_22 # 22919 # 23824 # 1 # ID=9_22;partial=00;start_type=ATG;rbs_motif=GGAG/GAGG;rbs_spacer=5-10bp;gc_cont=0.523
NODE_1_length_276430_cov_40.515391:204738-207059|- -            774 5543                 -            425   7.8e-05   19.7   0.0   1   1   2.3e-07   0.00014   18.8   0.0   199   360     5   166     2   184 0.71 NODE_1_length_276430_cov_40.515391_181 # 204738 # 207059 # -1 # ID=1_181;partial=00;start_type=ATG;rbs_motif=None;rbs_spacer=None;gc_cont=0.549
NODE_29_length_69919_cov_43.020805:26252-27304|+   -            351 5543                 -            425     0.026   11.4   0.1   1   1   6.1e-05     0.039   10.8   0.1   295   362   138   210   124   227 0.78 NODE_29_length_69919_cov_43.020805_27 # 26252 # 27304 # 1 # ID=29_27;partial=00;start_type=TTG;rbs_motif=AGGAG;rbs_spacer=5-10bp;gc_cont=0.540
#
# Program:         hmmsearch
# Version:         3.4 (Aug 2023)
# Pipeline mode:   SEARCH
# Query file:      /home/simonedassisi/busco_downloads/lineages/enterobacteriaceae_odb12/hmms/5543at543.hmm
# Target file:     home/simonedassisi/Desktop/BUSCO_output/prodigal_output/predicted_genes/predicted.faa
# Option settings: hmmsearch --domtblout home/simonedassisi/Desktop/BUSCO_output/run_enterobacteriaceae_odb12/hmmer_output/5543at543.out --cpu 1 /home/simonedassisi/busco_downloads/lineages/enterobacteriaceae_odb12/hmms/5543at543.hmm home/simonedassisi/Desktop/BUSCO_output/prodigal_output/predicted_genes/predicted.faa 
# Current dir:     /home/simonedassisi
# Date:            Tue Apr  1 14:30:24 2025
# [ok]
