#                                                                                                          --- full sequence --- -------------- this domain -------------   hmm coord   ali coord   env coord
# target name                                      accession   tlen query name           accession   qlen   E-value  score  bias   #  of  c-Evalue  i-Evalue  score  bias  from    to  from    to  from    to  acc description of target
#                              ------------------- ---------- ----- -------------------- ---------- ----- --------- ------ ----- --- --- --------- --------- ------ ----- ----- ----- ----- ----- ----- ----- ---- ---------------------
NODE_16_length_86943_cov_42.279511:17610-18875|-   -            422 5592                 -            417  1.3e-280  928.0   0.0   1   1  3.3e-283  1.5e-280  927.9   0.0     1   416     1   419     1   420 0.99 NODE_16_length_86943_cov_42.279511_15 # 17610 # 18875 # -1 # ID=16_15;partial=00;start_type=ATG;rbs_motif=None;rbs_spacer=None;gc_cont=0.522
NODE_28_length_70179_cov_36.796251:9765-11129|+    -            455 5592                 -            417   1.4e-90  302.1   0.0   1   1   3.6e-93   1.7e-90  301.8   0.0    11   394     3   386     1   409 0.93 NODE_28_length_70179_cov_36.796251_11 # 9765 # 11129 # 1 # ID=28_11;partial=00;start_type=ATG;rbs_motif=GGAG/GAGG;rbs_spacer=5-10bp;gc_cont=0.566
NODE_9_length_123825_cov_37.296666:12075-13409|-   -            445 5592                 -            417   3.3e-81  271.2   0.1   1   1   8.6e-84   3.9e-81  270.9   0.1     7   383     2   375     1   414 0.91 NODE_9_length_123825_cov_37.296666_12 # 12075 # 13409 # -1 # ID=9_12;partial=00;start_type=ATG;rbs_motif=GGAG/GAGG;rbs_spacer=5-10bp;gc_cont=0.547
NODE_8_length_126545_cov_41.885285:108662-110551|+ -            630 5592                 -            417   1.1e-76  256.3   0.0   1   1   3.3e-79   1.5e-76  255.8   0.0     8   390     5   379     2   399 0.93 NODE_8_length_126545_cov_41.885285_102 # 108662 # 110551 # 1 # ID=8_102;partial=00;start_type=ATG;rbs_motif=AGGA/GGAG/GAGG;rbs_spacer=11-12bp;gc_cont=0.556
NODE_35_length_52795_cov_36.978564:15018-16391|-   -            458 5592                 -            417   1.4e-64  216.4   0.0   1   1   4.1e-67   1.9e-64  216.0   0.0    16   372    10   357     2   374 0.92 NODE_35_length_52795_cov_36.978564_13 # 15018 # 16391 # -1 # ID=35_13;partial=00;start_type=GTG;rbs_motif=GGA/GAG/AGG;rbs_spacer=5-10bp;gc_cont=0.516
NODE_16_length_86943_cov_42.279511:57558-59393|+   -            612 5592                 -            417   1.1e-11   42.1   0.2   1   3      0.54   2.5e+02   -1.8   0.0    25    64    21    60    17   113 0.85 NODE_16_length_86943_cov_42.279511_53 # 57558 # 59393 # 1 # ID=16_53;partial=00;start_type=GTG;rbs_motif=GGA/GAG/AGG;rbs_spacer=5-10bp;gc_cont=0.554
NODE_16_length_86943_cov_42.279511:57558-59393|+   -            612 5592                 -            417   1.1e-11   42.1   0.2   2   3   1.8e-13   8.2e-11   39.3   0.0   248   354   230   336   216   342 0.91 NODE_16_length_86943_cov_42.279511_53 # 57558 # 59393 # 1 # ID=16_53;partial=00;start_type=GTG;rbs_motif=GGA/GAG/AGG;rbs_spacer=5-10bp;gc_cont=0.554
NODE_16_length_86943_cov_42.279511:57558-59393|+   -            612 5592                 -            417   1.1e-11   42.1   0.2   3   3      0.35   1.6e+02   -1.2   0.0   258   300   456   498   448   509 0.84 NODE_16_length_86943_cov_42.279511_53 # 57558 # 59393 # 1 # ID=16_53;partial=00;start_type=GTG;rbs_motif=GGA/GAG/AGG;rbs_spacer=5-10bp;gc_cont=0.554
NODE_72_length_16341_cov_36.526767:8504-10525|+    -            674 5592                 -            417     3e-08   30.8   0.0   1   2       1.6   7.4e+02   -3.4   0.0    87   107    60    80    55    95 0.79 NODE_72_length_16341_cov_36.526767_10 # 8504 # 10525 # 1 # ID=72_10;partial=00;start_type=ATG;rbs_motif=GGA/GAG/AGG;rbs_spacer=5-10bp;gc_cont=0.533
NODE_72_length_16341_cov_36.526767:8504-10525|+    -            674 5592                 -            417     3e-08   30.8   0.0   2   2   1.9e-10   8.7e-08   29.3   0.0   256   341   446   529   434   594 0.78 NODE_72_length_16341_cov_36.526767_10 # 8504 # 10525 # 1 # ID=72_10;partial=00;start_type=ATG;rbs_motif=GGA/GAG/AGG;rbs_spacer=5-10bp;gc_cont=0.533
NODE_39_length_47213_cov_38.868135:33709-35790|+   -            694 5592                 -            417   0.00041   17.3   0.0   1   2     0.055        25    1.5   0.0    90   314   323   379   303   403 0.52 NODE_39_length_47213_cov_38.868135_37 # 33709 # 35790 # 1 # ID=39_37;partial=00;start_type=ATG;rbs_motif=GGA/GAG/AGG;rbs_spacer=5-10bp;gc_cont=0.572
NODE_39_length_47213_cov_38.868135:33709-35790|+   -            694 5592                 -            417   0.00041   17.3   0.0   2   2   1.5e-05     0.007   13.2   0.0   276   356   513   594   500   602 0.74 NODE_39_length_47213_cov_38.868135_37 # 33709 # 35790 # 1 # ID=39_37;partial=00;start_type=ATG;rbs_motif=GGA/GAG/AGG;rbs_spacer=5-10bp;gc_cont=0.572
NODE_25_length_79707_cov_37.284883:38030-42646|-   -           1539 5592                 -            417     0.002   15.0   0.0   1   2   0.00022       0.1    9.4   0.0    27   167    25   181    18   186 0.71 NODE_25_length_79707_cov_37.284883_37 # 38030 # 42646 # -1 # ID=25_37;partial=00;start_type=ATG;rbs_motif=GGA/GAG/AGG;rbs_spacer=5-10bp;gc_cont=0.568
NODE_25_length_79707_cov_37.284883:38030-42646|-   -           1539 5592                 -            417     0.002   15.0   0.0   2   2     0.018       8.1    3.1   0.0   288   349   357   418   347   427 0.89 NODE_25_length_79707_cov_37.284883_37 # 38030 # 42646 # -1 # ID=25_37;partial=00;start_type=ATG;rbs_motif=GGA/GAG/AGG;rbs_spacer=5-10bp;gc_cont=0.568
NODE_92_length_11228_cov_35.467796:4703-6463|-     -            587 5592                 -            417    0.0021   14.9   0.1   1   2       0.4   1.8e+02   -1.4   0.0    80   108    45    73    38    84 0.81 NODE_92_length_11228_cov_35.467796_5 # 4703 # 6463 # -1 # ID=92_5;partial=00;start_type=ATG;rbs_motif=None;rbs_spacer=None;gc_cont=0.531
NODE_92_length_11228_cov_35.467796:4703-6463|-     -            587 5592                 -            417    0.0021   14.9   0.1   2   2   1.6e-05    0.0074   13.1   0.0   256   329   252   323   238   358 0.84 NODE_92_length_11228_cov_35.467796_5 # 4703 # 6463 # -1 # ID=92_5;partial=00;start_type=ATG;rbs_motif=None;rbs_spacer=None;gc_cont=0.531
NODE_41_length_44791_cov_39.437601:29041-29520|-   -            160 5592                 -            417     0.031   11.0   0.0   1   1   8.4e-05     0.038   10.7   0.0   300   370    87   157    78   159 0.90 NODE_41_length_44791_cov_39.437601_32 # 29041 # 29520 # -1 # ID=41_32;partial=00;start_type=ATG;rbs_motif=AGGAG;rbs_spacer=5-10bp;gc_cont=0.535
#
# Program:         hmmsearch
# Version:         3.4 (Aug 2023)
# Pipeline mode:   SEARCH
# Query file:      /home/simonedassisi/busco_downloads/lineages/enterobacteriaceae_odb12/hmms/5592at543.hmm
# Target file:     home/simonedassisi/Desktop/BUSCO_output/prodigal_output/predicted_genes/predicted.faa
# Option settings: hmmsearch --domtblout home/simonedassisi/Desktop/BUSCO_output/run_enterobacteriaceae_odb12/hmmer_output/5592at543.out --cpu 1 /home/simonedassisi/busco_downloads/lineages/enterobacteriaceae_odb12/hmms/5592at543.hmm home/simonedassisi/Desktop/BUSCO_output/prodigal_output/predicted_genes/predicted.faa 
# Current dir:     /home/simonedassisi
# Date:            Tue Apr  1 14:30:24 2025
# [ok]
