#                                                                                                          --- full sequence --- -------------- this domain -------------   hmm coord   ali coord   env coord
# target name                                      accession   tlen query name           accession   qlen   E-value  score  bias   #  of  c-Evalue  i-Evalue  score  bias  from    to  from    to  from    to  acc description of target
#                              ------------------- ---------- ----- -------------------- ---------- ----- --------- ------ ----- --- --- --------- --------- ------ ----- ----- ----- ----- ----- ----- ----- ---- ---------------------
NODE_8_length_126545_cov_41.885285:13880-14761|-   -            294 5616                 -            293  6.2e-194  640.9   0.2   1   1  1.2e-196    7e-194  640.8   0.2     1   293     1   293     1   293 1.00 NODE_8_length_126545_cov_41.885285_15 # 13880 # 14761 # -1 # ID=8_15;partial=00;start_type=ATG;rbs_motif=GGA/GAG/AGG;rbs_spacer=5-10bp;gc_cont=0.549
NODE_6_length_131096_cov_36.333598:56161-57132|-   -            324 5616                 -            293   0.00034   18.1   0.0   1   1     1e-06   0.00056   17.4   0.0   156   193   120   155   111   237 0.75 NODE_6_length_131096_cov_36.333598_55 # 56161 # 57132 # -1 # ID=6_55;partial=00;start_type=ATG;rbs_motif=GGAG/GAGG;rbs_spacer=5-10bp;gc_cont=0.522
NODE_32_length_57606_cov_39.295812:12827-13963|+   -            379 5616                 -            293   0.00069   17.1   0.0   1   2       2.7   1.5e+03   -3.7   0.0   196   219    79   102    73   128 0.74 NODE_32_length_57606_cov_39.295812_12 # 12827 # 13963 # 1 # ID=32_12;partial=00;start_type=ATG;rbs_motif=AGGAGG;rbs_spacer=3-4bp;gc_cont=0.541
NODE_32_length_57606_cov_39.295812:12827-13963|+   -            379 5616                 -            293   0.00069   17.1   0.0   2   2   2.6e-06    0.0015   16.1   0.0   159   205   230   276   211   293 0.85 NODE_32_length_57606_cov_39.295812_12 # 12827 # 13963 # 1 # ID=32_12;partial=00;start_type=ATG;rbs_motif=AGGAGG;rbs_spacer=3-4bp;gc_cont=0.541
NODE_31_length_58399_cov_38.812466:48236-49309|+   -            358 5616                 -            293    0.0016   15.9   0.0   1   1   4.8e-06    0.0027   15.2   0.0   161   208   199   247   173   257 0.84 NODE_31_length_58399_cov_38.812466_46 # 48236 # 49309 # 1 # ID=31_46;partial=00;start_type=ATG;rbs_motif=AGGAG;rbs_spacer=5-10bp;gc_cont=0.558
NODE_2_length_157429_cov_38.171358:121691-122413|- -            241 5616                 -            293    0.0022   15.5   0.0   1   1   4.8e-06    0.0027   15.2   0.0   157   207    55   104    39   159 0.83 NODE_2_length_157429_cov_38.171358_114 # 121691 # 122413 # -1 # ID=2_114;partial=00;start_type=ATG;rbs_motif=AGGA/GGAG/GAGG;rbs_spacer=11-12bp;gc_cont=0.539
NODE_36_length_50779_cov_38.268459:24087-24872|-   -            262 5616                 -            293    0.0044   14.5   0.0   1   1     1e-05    0.0057   14.1   0.0   160   233    46   118    25   153 0.70 NODE_36_length_50779_cov_38.268459_18 # 24087 # 24872 # -1 # ID=36_18;partial=00;start_type=ATG;rbs_motif=GGAG/GAGG;rbs_spacer=5-10bp;gc_cont=0.517
NODE_2_length_157429_cov_38.171358:18375-19307|+   -            311 5616                 -            293     0.016   12.7   0.1   1   2       3.8   2.1e+03   -4.2   0.0   211   224    52    65    48    67 0.87 NODE_2_length_157429_cov_38.171358_17 # 18375 # 19307 # 1 # ID=2_17;partial=00;start_type=GTG;rbs_motif=GGAGG;rbs_spacer=5-10bp;gc_cont=0.527
NODE_2_length_157429_cov_38.171358:18375-19307|+   -            311 5616                 -            293     0.016   12.7   0.1   2   2   4.9e-05     0.027   11.9   0.0   159   209   133   184   116   221 0.82 NODE_2_length_157429_cov_38.171358_17 # 18375 # 19307 # 1 # ID=2_17;partial=00;start_type=GTG;rbs_motif=GGAGG;rbs_spacer=5-10bp;gc_cont=0.527
NODE_27_length_73011_cov_40.630920:25365-26189|-   -            275 5616                 -            293      0.03   11.8   0.0   1   1   9.6e-05     0.054   10.9   0.0   100   158     2    61     1    67 0.88 NODE_27_length_73011_cov_40.630920_27 # 25365 # 26189 # -1 # ID=27_27;partial=00;start_type=ATG;rbs_motif=GGAG/GAGG;rbs_spacer=5-10bp;gc_cont=0.457
NODE_6_length_131096_cov_36.333598:103512-104321|+ -            270 5616                 -            293     0.042   11.3   0.0   1   1   0.00011      0.06   10.8   0.0   146   198    73   126    44   147 0.85 NODE_6_length_131096_cov_36.333598_105 # 103512 # 104321 # 1 # ID=6_105;partial=00;start_type=ATG;rbs_motif=GGAG/GAGG;rbs_spacer=5-10bp;gc_cont=0.514
#
# Program:         hmmsearch
# Version:         3.4 (Aug 2023)
# Pipeline mode:   SEARCH
# Query file:      /home/simonedassisi/busco_downloads/lineages/enterobacteriaceae_odb12/hmms/5616at543.hmm
# Target file:     home/simonedassisi/Desktop/BUSCO_output/prodigal_output/predicted_genes/predicted.faa
# Option settings: hmmsearch --domtblout home/simonedassisi/Desktop/BUSCO_output/run_enterobacteriaceae_odb12/hmmer_output/5616at543.out --cpu 1 /home/simonedassisi/busco_downloads/lineages/enterobacteriaceae_odb12/hmms/5616at543.hmm home/simonedassisi/Desktop/BUSCO_output/prodigal_output/predicted_genes/predicted.faa 
# Current dir:     /home/simonedassisi
# Date:            Tue Apr  1 14:30:24 2025
# [ok]
