#                                                                                                          --- full sequence --- -------------- this domain -------------   hmm coord   ali coord   env coord
# target name                                      accession   tlen query name           accession   qlen   E-value  score  bias   #  of  c-Evalue  i-Evalue  score  bias  from    to  from    to  from    to  acc description of target
#                              ------------------- ---------- ----- -------------------- ---------- ----- --------- ------ ----- --- --- --------- --------- ------ ----- ----- ----- ----- ----- ----- ----- ---- ---------------------
NODE_31_length_58399_cov_38.812466:48236-49309|+   -            358 5675                 -            342  9.9e-208  687.2   0.0   1   1  3.3e-210  1.1e-207  687.1   0.0     1   341     1   341     1   342 1.00 NODE_31_length_58399_cov_38.812466_46 # 48236 # 49309 # 1 # ID=31_46;partial=00;start_type=ATG;rbs_motif=AGGAG;rbs_spacer=5-10bp;gc_cont=0.558
NODE_32_length_57606_cov_39.295812:12827-13963|+   -            379 5675                 -            342   5.4e-35  119.3   0.0   1   2     0.072        24    2.1   0.0   184   245    31    89     9   115 0.77 NODE_32_length_57606_cov_39.295812_12 # 12827 # 13963 # 1 # ID=32_12;partial=00;start_type=ATG;rbs_motif=AGGAGG;rbs_spacer=3-4bp;gc_cont=0.541
NODE_32_length_57606_cov_39.295812:12827-13963|+   -            379 5675                 -            342   5.4e-35  119.3   0.0   2   2   2.2e-36   7.3e-34  115.6   0.0   161   336   193   373    97   378 0.84 NODE_32_length_57606_cov_39.295812_12 # 12827 # 13963 # 1 # ID=32_12;partial=00;start_type=ATG;rbs_motif=AGGAGG;rbs_spacer=3-4bp;gc_cont=0.541
NODE_53_length_29778_cov_36.323025:9537-10370|+    -            278 5675                 -            342   2.6e-10   38.1   0.0   1   1   1.1e-12   3.8e-10   37.6   0.0   198   279   111   194   101   202 0.83 NODE_53_length_29778_cov_36.323025_10 # 9537 # 10370 # 1 # ID=53_10;partial=00;start_type=ATG;rbs_motif=AGxAGG/AGGxGG;rbs_spacer=3-4bp;gc_cont=0.558
NODE_2_length_157429_cov_38.171358:18375-19307|+   -            311 5675                 -            342   6.8e-08   30.2   0.0   1   1     3e-10     1e-07   29.6   0.0   197   275   133   214   123   221 0.89 NODE_2_length_157429_cov_38.171358_17 # 18375 # 19307 # 1 # ID=2_17;partial=00;start_type=GTG;rbs_motif=GGAGG;rbs_spacer=5-10bp;gc_cont=0.527
NODE_9_length_123825_cov_37.296666:13541-14278|+   -            246 5675                 -            342   3.6e-07   27.8   0.0   1   1   1.4e-09   4.7e-07   27.4   0.0   177   276    23   131     4   147 0.67 NODE_9_length_123825_cov_37.296666_13 # 13541 # 14278 # 1 # ID=9_13;partial=00;start_type=ATG;rbs_motif=GGA/GAG/AGG;rbs_spacer=5-10bp;gc_cont=0.535
NODE_28_length_70179_cov_36.796251:21225-22151|+   -            309 5675                 -            342   0.00028   18.3   0.0   1   1   1.3e-06   0.00044   17.6   0.0   194   277   101   194    81   219 0.80 NODE_28_length_70179_cov_36.796251_21 # 21225 # 22151 # 1 # ID=28_21;partial=00;start_type=ATG;rbs_motif=AGGAG;rbs_spacer=5-10bp;gc_cont=0.540
NODE_42_length_44050_cov_40.658288:3356-4456|+     -            367 5675                 -            342   0.00077   16.8   0.1   1   2         3   9.9e+02   -3.3   0.0   142   171   123   152   116   169 0.81 NODE_42_length_44050_cov_40.658288_3 # 3356 # 4456 # 1 # ID=42_3;partial=00;start_type=ATG;rbs_motif=AGGA;rbs_spacer=5-10bp;gc_cont=0.503
NODE_42_length_44050_cov_40.658288:3356-4456|+     -            367 5675                 -            342   0.00077   16.8   0.1   2   2   5.3e-06    0.0018   15.6   0.0   192   247   206   259   171   276 0.86 NODE_42_length_44050_cov_40.658288_3 # 3356 # 4456 # 1 # ID=42_3;partial=00;start_type=ATG;rbs_motif=AGGA;rbs_spacer=5-10bp;gc_cont=0.503
NODE_8_length_126545_cov_41.885285:13880-14761|-   -            294 5675                 -            342    0.0018   15.6   0.0   1   1     8e-06    0.0027   15.0   0.0   180   246   140   207   115   212 0.73 NODE_8_length_126545_cov_41.885285_15 # 13880 # 14761 # -1 # ID=8_15;partial=00;start_type=ATG;rbs_motif=GGA/GAG/AGG;rbs_spacer=5-10bp;gc_cont=0.549
NODE_25_length_79707_cov_37.284883:29188-30336|-   -            383 5675                 -            342    0.0023   15.3   0.0   1   1   1.1e-05    0.0035   14.7   0.0   196   272   167   239   145   257 0.79 NODE_25_length_79707_cov_37.284883_28 # 29188 # 30336 # -1 # ID=25_28;partial=00;start_type=ATG;rbs_motif=GGAG/GAGG;rbs_spacer=5-10bp;gc_cont=0.480
NODE_6_length_131096_cov_36.333598:103512-104321|+ -            270 5675                 -            342     0.005   14.2   0.0   1   1   2.1e-05    0.0072   13.6   0.0   197   237    86   126    72   138 0.89 NODE_6_length_131096_cov_36.333598_105 # 103512 # 104321 # 1 # ID=6_105;partial=00;start_type=ATG;rbs_motif=GGAG/GAGG;rbs_spacer=5-10bp;gc_cont=0.514
NODE_77_length_15753_cov_35.008191:11624-12394|-   -            257 5675                 -            342    0.0081   13.5   0.0   1   1   3.3e-05     0.011   13.0   0.0   198   299    46   143    30   171 0.64 NODE_77_length_15753_cov_35.008191_13 # 11624 # 12394 # -1 # ID=77_13;partial=00;start_type=ATG;rbs_motif=AGGA;rbs_spacer=5-10bp;gc_cont=0.490
NODE_40_length_46585_cov_37.455939:2064-2657|-     -            198 5675                 -            342     0.011   13.0   0.0   1   1   3.7e-05     0.012   12.9   0.0   188   269    22   103    10   153 0.78 NODE_40_length_46585_cov_37.455939_3 # 2064 # 2657 # -1 # ID=40_3;partial=00;start_type=ATG;rbs_motif=GGAG/GAGG;rbs_spacer=5-10bp;gc_cont=0.456
NODE_36_length_50779_cov_38.268459:24087-24872|-   -            262 5675                 -            342     0.013   12.7   0.0   1   1   5.2e-05     0.017   12.4   0.0   196   266    44   117    32   150 0.82 NODE_36_length_50779_cov_38.268459_18 # 24087 # 24872 # -1 # ID=36_18;partial=00;start_type=ATG;rbs_motif=GGAG/GAGG;rbs_spacer=5-10bp;gc_cont=0.517
NODE_2_length_157429_cov_38.171358:121691-122413|- -            241 5675                 -            342     0.014   12.7   0.0   1   1   5.9e-05      0.02   12.2   0.0   199   221    59    81    52   114 0.87 NODE_2_length_157429_cov_38.171358_114 # 121691 # 122413 # -1 # ID=2_114;partial=00;start_type=ATG;rbs_motif=AGGA/GGAG/GAGG;rbs_spacer=11-12bp;gc_cont=0.539
NODE_15_length_91266_cov_36.275195:70265-71023|-   -            253 5675                 -            342     0.016   12.5   0.0   1   1     7e-05     0.023   12.0   0.0   198   241    33    76    20    98 0.86 NODE_15_length_91266_cov_36.275195_70 # 70265 # 71023 # -1 # ID=15_70;partial=00;start_type=ATG;rbs_motif=GGAG/GAGG;rbs_spacer=5-10bp;gc_cont=0.542
#
# Program:         hmmsearch
# Version:         3.4 (Aug 2023)
# Pipeline mode:   SEARCH
# Query file:      /home/simonedassisi/busco_downloads/lineages/enterobacteriaceae_odb12/hmms/5675at543.hmm
# Target file:     home/simonedassisi/Desktop/BUSCO_output/prodigal_output/predicted_genes/predicted.faa
# Option settings: hmmsearch --domtblout home/simonedassisi/Desktop/BUSCO_output/run_enterobacteriaceae_odb12/hmmer_output/5675at543.out --cpu 1 /home/simonedassisi/busco_downloads/lineages/enterobacteriaceae_odb12/hmms/5675at543.hmm home/simonedassisi/Desktop/BUSCO_output/prodigal_output/predicted_genes/predicted.faa 
# Current dir:     /home/simonedassisi
# Date:            Tue Apr  1 14:30:25 2025
# [ok]
