#                                                                                                          --- full sequence --- -------------- this domain -------------   hmm coord   ali coord   env coord
# target name                                      accession   tlen query name           accession   qlen   E-value  score  bias   #  of  c-Evalue  i-Evalue  score  bias  from    to  from    to  from    to  acc description of target
#                              ------------------- ---------- ----- -------------------- ---------- ----- --------- ------ ----- --- --- --------- --------- ------ ----- ----- ----- ----- ----- ----- ----- ---- ---------------------
NODE_17_length_86457_cov_41.702653:5783-7114|+     -            444 5722                 -            443  1.1e-294  975.1   8.5   1   1  2.2e-297  1.2e-294  974.9   8.5     1   443     1   443     1   443 1.00 NODE_17_length_86457_cov_41.702653_7 # 5783 # 7114 # 1 # ID=17_7;partial=00;start_type=ATG;rbs_motif=AGGA;rbs_spacer=5-10bp;gc_cont=0.524
NODE_19_length_85129_cov_38.767276:18158-19432|-   -            425 5722                 -            443   3.6e-55  185.7   0.3   1   3   4.2e-28   2.4e-25   87.5   0.0     5   104    66   166    62   176 0.94 NODE_19_length_85129_cov_38.767276_18 # 18158 # 19432 # -1 # ID=19_18;partial=00;start_type=ATG;rbs_motif=GGAG/GAGG;rbs_spacer=5-10bp;gc_cont=0.518
NODE_19_length_85129_cov_38.767276:18158-19432|-   -            425 5722                 -            443   3.6e-55  185.7   0.3   2   3     2e-13   1.1e-10   39.1   0.0   248   310   176   251   170   257 0.78 NODE_19_length_85129_cov_38.767276_18 # 18158 # 19432 # -1 # ID=19_18;partial=00;start_type=ATG;rbs_motif=GGAG/GAGG;rbs_spacer=5-10bp;gc_cont=0.518
NODE_19_length_85129_cov_38.767276:18158-19432|-   -            425 5722                 -            443   3.6e-55  185.7   0.3   3   3   1.6e-18   8.7e-16   55.9   0.1   318   426   300   404   288   412 0.90 NODE_19_length_85129_cov_38.767276_18 # 18158 # 19432 # -1 # ID=19_18;partial=00;start_type=ATG;rbs_motif=GGAG/GAGG;rbs_spacer=5-10bp;gc_cont=0.518
NODE_8_length_126545_cov_41.885285:89578-91521|+   -            648 5722                 -            443   8.6e-07   26.3   0.1   1   2   1.4e-08   7.8e-06   23.1   0.0    44   108   183   244   143   249 0.74 NODE_8_length_126545_cov_41.885285_88 # 89578 # 91521 # 1 # ID=8_88;partial=00;start_type=TTG;rbs_motif=GGAG/GAGG;rbs_spacer=5-10bp;gc_cont=0.535
NODE_8_length_126545_cov_41.885285:89578-91521|+   -            648 5722                 -            443   8.6e-07   26.3   0.1   2   2       0.1        57    0.5   0.0   251   267   249   265   242   289 0.73 NODE_8_length_126545_cov_41.885285_88 # 89578 # 91521 # 1 # ID=8_88;partial=00;start_type=TTG;rbs_motif=GGAG/GAGG;rbs_spacer=5-10bp;gc_cont=0.535
NODE_23_length_80065_cov_37.437114:22462-24738|-   -            759 5722                 -            443   3.5e-06   24.3   0.4   1   4     0.013       7.3    3.5   0.0    51    71   208   228   193   246 0.86 NODE_23_length_80065_cov_37.437114_17 # 22462 # 24738 # -1 # ID=23_17;partial=00;start_type=ATG;rbs_motif=GGAGG;rbs_spacer=5-10bp;gc_cont=0.531
NODE_23_length_80065_cov_37.437114:22462-24738|-   -            759 5722                 -            443   3.5e-06   24.3   0.4   2   4     0.012         7    3.5   0.0   249   279   278   308   263   323 0.79 NODE_23_length_80065_cov_37.437114_17 # 22462 # 24738 # -1 # ID=23_17;partial=00;start_type=ATG;rbs_motif=GGAGG;rbs_spacer=5-10bp;gc_cont=0.531
NODE_23_length_80065_cov_37.437114:22462-24738|-   -            759 5722                 -            443   3.5e-06   24.3   0.4   3   4       1.1   6.4e+02   -2.9   0.0   228   251   383   406   347   408 0.81 NODE_23_length_80065_cov_37.437114_17 # 22462 # 24738 # -1 # ID=23_17;partial=00;start_type=ATG;rbs_motif=GGAGG;rbs_spacer=5-10bp;gc_cont=0.531
NODE_23_length_80065_cov_37.437114:22462-24738|-   -            759 5722                 -            443   3.5e-06   24.3   0.4   4   4   1.8e-05      0.01   12.9   0.0     9    88   452   526   445   536 0.74 NODE_23_length_80065_cov_37.437114_17 # 22462 # 24738 # -1 # ID=23_17;partial=00;start_type=ATG;rbs_motif=GGAGG;rbs_spacer=5-10bp;gc_cont=0.531
NODE_34_length_53173_cov_42.168382:408-2981|-      -            858 5722                 -            443   6.4e-05   20.1   4.9   1   4     0.028        15    2.4   0.1    47    72   196   221   157   227 0.82 NODE_34_length_53173_cov_42.168382_1 # 408 # 2981 # -1 # ID=34_1;partial=00;start_type=ATG;rbs_motif=GGAGG;rbs_spacer=3-4bp;gc_cont=0.516
NODE_34_length_53173_cov_42.168382:408-2981|-      -            858 5722                 -            443   6.4e-05   20.1   4.9   2   4      0.99   5.6e+02   -2.7   0.0   248   270   270   292   256   353 0.73 NODE_34_length_53173_cov_42.168382_1 # 408 # 2981 # -1 # ID=34_1;partial=00;start_type=ATG;rbs_motif=GGAGG;rbs_spacer=3-4bp;gc_cont=0.516
NODE_34_length_53173_cov_42.168382:408-2981|-      -            858 5722                 -            443   6.4e-05   20.1   4.9   3   4      0.91   5.1e+02   -2.6   0.3   160   191   378   410   330   461 0.70 NODE_34_length_53173_cov_42.168382_1 # 408 # 2981 # -1 # ID=34_1;partial=00;start_type=ATG;rbs_motif=GGAGG;rbs_spacer=3-4bp;gc_cont=0.516
NODE_34_length_53173_cov_42.168382:408-2981|-      -            858 5722                 -            443   6.4e-05   20.1   4.9   4   4     4e-07   0.00022   18.3   0.0    11    92   564   643   556   649 0.78 NODE_34_length_53173_cov_42.168382_1 # 408 # 2981 # -1 # ID=34_1;partial=00;start_type=ATG;rbs_motif=GGAGG;rbs_spacer=3-4bp;gc_cont=0.516
NODE_1_length_276430_cov_40.515391:228454-228975|+ -            174 5722                 -            443    0.0034   14.4   0.0   1   1   7.2e-06     0.004   14.2   0.0    51    92     5    50     2   109 0.80 NODE_1_length_276430_cov_40.515391_200 # 228454 # 228975 # 1 # ID=1_200;partial=00;start_type=ATG;rbs_motif=AGxAG;rbs_spacer=5-10bp;gc_cont=0.492
NODE_29_length_69919_cov_43.020805:17560-18510|-   -            317 5722                 -            443     0.031   11.3   0.1   1   1   0.00011     0.061   10.3   0.0    48    83     8    43     2    54 0.87 NODE_29_length_69919_cov_43.020805_20 # 17560 # 18510 # -1 # ID=29_20;partial=00;start_type=ATG;rbs_motif=None;rbs_spacer=None;gc_cont=0.534
NODE_137_length_1854_cov_128.114650:1109-1852|+    -            248 5722                 -            443     0.033   11.2   0.0   1   1    0.0001     0.057   10.4   0.0    50    84   102   136    86   142 0.82 NODE_137_length_1854_cov_128.114650_2 # 1109 # 1852 # 1 # ID=137_2;partial=01;start_type=ATG;rbs_motif=AGGAG;rbs_spacer=5-10bp;gc_cont=0.505
NODE_124_length_2644_cov_91.047676:1786-2541|+     -            252 5722                 -            443     0.051   10.5   0.0   1   1   0.00016     0.092    9.7   0.0    39    72    86   121    78   130 0.75 NODE_124_length_2644_cov_91.047676_2 # 1786 # 2541 # 1 # ID=124_2;partial=00;start_type=ATG;rbs_motif=AGGA;rbs_spacer=5-10bp;gc_cont=0.526
#
# Program:         hmmsearch
# Version:         3.4 (Aug 2023)
# Pipeline mode:   SEARCH
# Query file:      /home/simonedassisi/busco_downloads/lineages/enterobacteriaceae_odb12/hmms/5722at543.hmm
# Target file:     home/simonedassisi/Desktop/BUSCO_output/prodigal_output/predicted_genes/predicted.faa
# Option settings: hmmsearch --domtblout home/simonedassisi/Desktop/BUSCO_output/run_enterobacteriaceae_odb12/hmmer_output/5722at543.out --cpu 1 /home/simonedassisi/busco_downloads/lineages/enterobacteriaceae_odb12/hmms/5722at543.hmm home/simonedassisi/Desktop/BUSCO_output/prodigal_output/predicted_genes/predicted.faa 
# Current dir:     /home/simonedassisi
# Date:            Tue Apr  1 14:30:25 2025
# [ok]
