#                                                                                                          --- full sequence --- -------------- this domain -------------   hmm coord   ali coord   env coord
# target name                                      accession   tlen query name           accession   qlen   E-value  score  bias   #  of  c-Evalue  i-Evalue  score  bias  from    to  from    to  from    to  acc description of target
#                              ------------------- ---------- ----- -------------------- ---------- ----- --------- ------ ----- --- --- --------- --------- ------ ----- ----- ----- ----- ----- ----- ----- ---- ---------------------
NODE_17_length_86457_cov_41.702653:720-2918|+      -            733 5724                 -            731         0 1447.6   0.0   1   1         0         0 1447.5   0.0     1   730     1   731     1   732 1.00 NODE_17_length_86457_cov_41.702653_3 # 720 # 2918 # 1 # ID=17_3;partial=00;start_type=ATG;rbs_motif=AGGA;rbs_spacer=5-10bp;gc_cont=0.575
NODE_20_length_84241_cov_37.036046:73269-76763|-   -           1165 5724                 -            731   1.3e-14   51.5   0.0   1   2   4.7e-17   4.7e-14   49.7   0.0   183   356   600   782   582   807 0.81 NODE_20_length_84241_cov_37.036046_80 # 73269 # 76763 # -1 # ID=20_80;partial=00;start_type=ATG;rbs_motif=None;rbs_spacer=None;gc_cont=0.547
NODE_20_length_84241_cov_37.036046:73269-76763|-   -           1165 5724                 -            731   1.3e-14   51.5   0.0   2   2      0.14   1.4e+02   -1.4   0.0   491   549   836   895   830   936 0.76 NODE_20_length_84241_cov_37.036046_80 # 73269 # 76763 # -1 # ID=20_80;partial=00;start_type=ATG;rbs_motif=None;rbs_spacer=None;gc_cont=0.547
NODE_39_length_47213_cov_38.868135:33709-35790|+   -            694 5724                 -            731   3.9e-08   30.1   0.1   1   1   9.3e-11   9.3e-08   28.9   0.1   192   326   263   404   214   413 0.78 NODE_39_length_47213_cov_38.868135_37 # 33709 # 35790 # 1 # ID=39_37;partial=00;start_type=ATG;rbs_motif=GGA/GAG/AGG;rbs_spacer=5-10bp;gc_cont=0.572
NODE_72_length_16341_cov_36.526767:8504-10525|+    -            674 5724                 -            731    0.0017   14.8   0.0   1   2    0.0065       6.6    2.9   0.0   200   268    15    81     5    92 0.75 NODE_72_length_16341_cov_36.526767_10 # 8504 # 10525 # 1 # ID=72_10;partial=00;start_type=ATG;rbs_motif=GGA/GAG/AGG;rbs_spacer=5-10bp;gc_cont=0.533
NODE_72_length_16341_cov_36.526767:8504-10525|+    -            674 5724                 -            731    0.0017   14.8   0.0   2   2   7.4e-05     0.075    9.4   0.1   491   565   460   530   447   554 0.81 NODE_72_length_16341_cov_36.526767_10 # 8504 # 10525 # 1 # ID=72_10;partial=00;start_type=ATG;rbs_motif=GGA/GAG/AGG;rbs_spacer=5-10bp;gc_cont=0.533
NODE_8_length_126545_cov_41.885285:108662-110551|+ -            630 5724                 -            731     0.046   10.1   0.0   1   2   0.00038      0.38    7.0   0.0   223   311    50   141    44   150 0.82 NODE_8_length_126545_cov_41.885285_102 # 108662 # 110551 # 1 # ID=8_102;partial=00;start_type=ATG;rbs_motif=AGGA/GGAG/GAGG;rbs_spacer=11-12bp;gc_cont=0.556
NODE_8_length_126545_cov_41.885285:108662-110551|+ -            630 5724                 -            731     0.046   10.1   0.0   2   2     0.037        38    0.4   0.0   520   558   284   322   276   411 0.78 NODE_8_length_126545_cov_41.885285_102 # 108662 # 110551 # 1 # ID=8_102;partial=00;start_type=ATG;rbs_motif=AGGA/GGAG/GAGG;rbs_spacer=11-12bp;gc_cont=0.556
#
# Program:         hmmsearch
# Version:         3.4 (Aug 2023)
# Pipeline mode:   SEARCH
# Query file:      /home/simonedassisi/busco_downloads/lineages/enterobacteriaceae_odb12/hmms/5724at543.hmm
# Target file:     home/simonedassisi/Desktop/BUSCO_output/prodigal_output/predicted_genes/predicted.faa
# Option settings: hmmsearch --domtblout home/simonedassisi/Desktop/BUSCO_output/run_enterobacteriaceae_odb12/hmmer_output/5724at543.out --cpu 1 /home/simonedassisi/busco_downloads/lineages/enterobacteriaceae_odb12/hmms/5724at543.hmm home/simonedassisi/Desktop/BUSCO_output/prodigal_output/predicted_genes/predicted.faa 
# Current dir:     /home/simonedassisi
# Date:            Tue Apr  1 14:30:25 2025
# [ok]
