#                                                                                                          --- full sequence --- -------------- this domain -------------   hmm coord   ali coord   env coord
# target name                                      accession   tlen query name           accession   qlen   E-value  score  bias   #  of  c-Evalue  i-Evalue  score  bias  from    to  from    to  from    to  acc description of target
#                              ------------------- ---------- ----- -------------------- ---------- ----- --------- ------ ----- --- --- --------- --------- ------ ----- ----- ----- ----- ----- ----- ----- ---- ---------------------
NODE_32_length_57606_cov_39.295812:51525-52958|+   -            478 5749                 -            475  5.4e-294  973.2   0.2   1   1  1.8e-296  6.1e-294  973.0   0.2     1   474     1   474     1   475 1.00 NODE_32_length_57606_cov_39.295812_42 # 51525 # 52958 # 1 # ID=32_42;partial=00;start_type=ATG;rbs_motif=AGGAG;rbs_spacer=5-10bp;gc_cont=0.562
NODE_63_length_22873_cov_46.411677:14631-15551|-   -            307 5749                 -            475   2.3e-15   54.4   0.1   1   2   1.7e-09   5.7e-07   26.7   0.0    48   100    25    78    19    88 0.90 NODE_63_length_22873_cov_46.411677_14 # 14631 # 15551 # -1 # ID=63_14;partial=00;start_type=ATG;rbs_motif=GGAG/GAGG;rbs_spacer=5-10bp;gc_cont=0.479
NODE_63_length_22873_cov_46.411677:14631-15551|-   -            307 5749                 -            475   2.3e-15   54.4   0.1   2   2   3.4e-09   1.1e-06   25.7   0.1   209   276   197   263   172   292 0.86 NODE_63_length_22873_cov_46.411677_14 # 14631 # 15551 # -1 # ID=63_14;partial=00;start_type=ATG;rbs_motif=GGAG/GAGG;rbs_spacer=5-10bp;gc_cont=0.479
NODE_3_length_152663_cov_37.088930:16832-17773|+   -            314 5749                 -            475   8.6e-12   42.6   0.0   1   1   3.1e-14     1e-11   42.3   0.0    45   294    34   286     7   309 0.85 NODE_3_length_152663_cov_37.088930_15 # 16832 # 17773 # 1 # ID=3_15;partial=00;start_type=ATG;rbs_motif=GGAG/GAGG;rbs_spacer=5-10bp;gc_cont=0.472
NODE_46_length_34184_cov_43.893884:29775-30704|+   -            310 5749                 -            475   2.1e-11   41.3   0.4   1   1   8.7e-14   2.9e-11   40.8   0.4    51   300    42   291    18   304 0.85 NODE_46_length_34184_cov_43.893884_28 # 29775 # 30704 # 1 # ID=46_28;partial=00;start_type=ATG;rbs_motif=GGA/GAG/AGG;rbs_spacer=5-10bp;gc_cont=0.523
NODE_13_length_92664_cov_37.475885:90006-90920|+   -            305 5749                 -            475   7.9e-11   39.4   0.2   1   2   3.4e-06    0.0011   15.8   0.0    49    97    26    75    21    91 0.87 NODE_13_length_92664_cov_37.475885_85 # 90006 # 90920 # 1 # ID=13_85;partial=00;start_type=ATG;rbs_motif=GGA/GAG/AGG;rbs_spacer=5-10bp;gc_cont=0.517
NODE_13_length_92664_cov_37.475885:90006-90920|+   -            305 5749                 -            475   7.9e-11   39.4   0.2   2   2   5.9e-08     2e-05   21.6   0.2   198   280   190   268   179   291 0.84 NODE_13_length_92664_cov_37.475885_85 # 90006 # 90920 # 1 # ID=13_85;partial=00;start_type=ATG;rbs_motif=GGA/GAG/AGG;rbs_spacer=5-10bp;gc_cont=0.517
NODE_45_length_36631_cov_36.253287:13711-14640|-   -            310 5749                 -            475   1.6e-10   38.4   0.2   1   1   6.2e-13   2.1e-10   38.0   0.2    48   301    36   293    26   305 0.78 NODE_45_length_36631_cov_36.253287_15 # 13711 # 14640 # -1 # ID=45_15;partial=00;start_type=ATG;rbs_motif=AGGAG;rbs_spacer=5-10bp;gc_cont=0.541
NODE_17_length_86457_cov_41.702653:52515-53411|-   -            299 5749                 -            475   1.4e-09   35.3   1.8   1   2     1e-06   0.00035   17.5   0.1    13    96     4    84     1   105 0.77 NODE_17_length_86457_cov_41.702653_58 # 52515 # 53411 # -1 # ID=17_58;partial=00;start_type=ATG;rbs_motif=AGGA;rbs_spacer=5-10bp;gc_cont=0.559
NODE_17_length_86457_cov_41.702653:52515-53411|-   -            299 5749                 -            475   1.4e-09   35.3   1.8   2   2   1.2e-06   0.00039   17.4   0.2   229   292   210   272   186   282 0.83 NODE_17_length_86457_cov_41.702653_58 # 52515 # 53411 # -1 # ID=17_58;partial=00;start_type=ATG;rbs_motif=AGGA;rbs_spacer=5-10bp;gc_cont=0.559
NODE_3_length_152663_cov_37.088930:23415-24503|-   -            363 5749                 -            475   3.8e-09   33.9   0.0   1   1   1.4e-11   4.9e-09   33.5   0.0    49   293    91   338    57   354 0.83 NODE_3_length_152663_cov_37.088930_21 # 23415 # 24503 # -1 # ID=3_21;partial=00;start_type=ATG;rbs_motif=None;rbs_spacer=None;gc_cont=0.514
NODE_69_length_19666_cov_39.219100:18994-19575|-   -            194 5749                 -            475   1.2e-05   22.4   0.1   1   1   4.7e-08   1.6e-05   21.9   0.1   219   300    95   175    89   187 0.91 NODE_69_length_19666_cov_39.219100_22 # 18994 # 19575 # -1 # ID=69_22;partial=00;start_type=ATG;rbs_motif=None;rbs_spacer=None;gc_cont=0.399
NODE_3_length_152663_cov_37.088930:94097-95062|-   -            322 5749                 -            475   1.9e-05   21.7   0.0   1   2       3.6   1.2e+03   -4.0   0.0     9    22    15    28     9    40 0.62 NODE_3_length_152663_cov_37.088930_83 # 94097 # 95062 # -1 # ID=3_83;partial=00;start_type=ATG;rbs_motif=GGAGG;rbs_spacer=3-4bp;gc_cont=0.570
NODE_3_length_152663_cov_37.088930:94097-95062|-   -            322 5749                 -            475   1.9e-05   21.7   0.0   2   2   9.7e-08   3.3e-05   20.9   0.0   225   300   230   305   197   315 0.83 NODE_3_length_152663_cov_37.088930_83 # 94097 # 95062 # -1 # ID=3_83;partial=00;start_type=ATG;rbs_motif=GGAGG;rbs_spacer=3-4bp;gc_cont=0.570
NODE_13_length_92664_cov_37.475885:30193-31044|+   -            284 5749                 -            475   7.9e-05   19.6   0.0   1   1   3.3e-07   0.00011   19.1   0.0   192   287   156   256   142   265 0.88 NODE_13_length_92664_cov_37.475885_35 # 30193 # 31044 # 1 # ID=13_35;partial=00;start_type=ATG;rbs_motif=AGGAG;rbs_spacer=5-10bp;gc_cont=0.523
NODE_1_length_276430_cov_40.515391:243545-244330|- -            262 5749                 -            475   0.00036   17.5   0.0   1   2   0.00016     0.053   10.3   0.0    51   102    25    76    16   100 0.86 NODE_1_length_276430_cov_40.515391_216 # 243545 # 244330 # -1 # ID=1_216;partial=00;start_type=ATG;rbs_motif=GGAGG;rbs_spacer=5-10bp;gc_cont=0.575
NODE_1_length_276430_cov_40.515391:243545-244330|- -            262 5749                 -            475   0.00036   17.5   0.0   2   2    0.0053       1.8    5.3   0.0   210   294   171   254   158   260 0.73 NODE_1_length_276430_cov_40.515391_216 # 243545 # 244330 # -1 # ID=1_216;partial=00;start_type=ATG;rbs_motif=GGAGG;rbs_spacer=5-10bp;gc_cont=0.575
NODE_27_length_73011_cov_40.630920:72509-72889|+   -            127 5749                 -            475   0.00049   17.0   0.1   1   1   1.7e-06   0.00059   16.8   0.1    47    98    37    88    24   101 0.87 NODE_27_length_73011_cov_40.630920_76 # 72509 # 72889 # 1 # ID=27_76;partial=00;start_type=ATG;rbs_motif=GGAG/GAGG;rbs_spacer=5-10bp;gc_cont=0.433
NODE_3_length_152663_cov_37.088930:13762-14700|+   -            313 5749                 -            475    0.0072   13.2   0.0   1   1   3.9e-05     0.013   12.3   0.0    54   299    43   290    23   307 0.65 NODE_3_length_152663_cov_37.088930_13 # 13762 # 14700 # 1 # ID=3_13;partial=00;start_type=ATG;rbs_motif=GGAGG;rbs_spacer=5-10bp;gc_cont=0.534
NODE_39_length_47213_cov_38.868135:17283-17762|+   -            160 5749                 -            475     0.019   11.8   0.0   1   1   6.9e-05     0.023   11.5   0.0   346   407     8    69     2    98 0.85 NODE_39_length_47213_cov_38.868135_17 # 17283 # 17762 # 1 # ID=39_17;partial=00;start_type=ATG;rbs_motif=GGAG/GAGG;rbs_spacer=5-10bp;gc_cont=0.529
#
# Program:         hmmsearch
# Version:         3.4 (Aug 2023)
# Pipeline mode:   SEARCH
# Query file:      /home/simonedassisi/busco_downloads/lineages/enterobacteriaceae_odb12/hmms/5749at543.hmm
# Target file:     home/simonedassisi/Desktop/BUSCO_output/prodigal_output/predicted_genes/predicted.faa
# Option settings: hmmsearch --domtblout home/simonedassisi/Desktop/BUSCO_output/run_enterobacteriaceae_odb12/hmmer_output/5749at543.out --cpu 1 /home/simonedassisi/busco_downloads/lineages/enterobacteriaceae_odb12/hmms/5749at543.hmm home/simonedassisi/Desktop/BUSCO_output/prodigal_output/predicted_genes/predicted.faa 
# Current dir:     /home/simonedassisi
# Date:            Tue Apr  1 14:30:25 2025
# [ok]
