#                                                                                                        --- full sequence --- -------------- this domain -------------   hmm coord   ali coord   env coord
# target name                                    accession   tlen query name           accession   qlen   E-value  score  bias   #  of  c-Evalue  i-Evalue  score  bias  from    to  from    to  from    to  acc description of target
#                            ------------------- ---------- ----- -------------------- ---------- ----- --------- ------ ----- --- --- --------- --------- ------ ----- ----- ----- ----- ----- ----- ----- ---- ---------------------
NODE_4_length_139564_cov_44.158667:66991-68715|- -            575 5774                 -            572         0 1271.2   2.7   1   1         0         0 1271.0   2.7     1   572     1   574     1   574 1.00 NODE_4_length_139564_cov_44.158667_61 # 66991 # 68715 # -1 # ID=4_61;partial=00;start_type=ATG;rbs_motif=GGAG/GAGG;rbs_spacer=5-10bp;gc_cont=0.528
NODE_16_length_86943_cov_42.279511:3862-5508|+   -            549 5774                 -            572  5.9e-158  524.8   0.0   1   1    1e-160  7.5e-158  524.4   0.0     5   564     2   543     1   547 0.95 NODE_16_length_86943_cov_42.279511_4 # 3862 # 5508 # 1 # ID=16_4;partial=00;start_type=ATG;rbs_motif=GGA/GAG/AGG;rbs_spacer=5-10bp;gc_cont=0.544
NODE_26_length_78359_cov_41.157595:60265-61953|+ -            563 5774                 -            572  4.1e-147  489.0   0.0   1   1  7.6e-150  5.5e-147  488.6   0.0     4   564    13   559    11   561 0.94 NODE_26_length_78359_cov_41.157595_59 # 60265 # 61953 # 1 # ID=26_59;partial=00;start_type=ATG;rbs_motif=AGGA;rbs_spacer=5-10bp;gc_cont=0.564
NODE_21_length_83220_cov_38.326345:30912-32693|- -            594 5774                 -            572  2.8e-109  364.1   0.3   1   1  4.7e-112  3.4e-109  363.8   0.3    12   547    12   557     1   568 0.90 NODE_21_length_83220_cov_38.326345_32 # 30912 # 32693 # -1 # ID=21_32;partial=00;start_type=ATG;rbs_motif=GGAG/GAGG;rbs_spacer=5-10bp;gc_cont=0.534
NODE_23_length_80065_cov_37.437114:48933-50651|+ -            573 5774                 -            572   1.3e-65  220.0   0.0   1   1   2.3e-68   1.7e-65  219.5   0.0     7   557     6   539     2   548 0.92 NODE_23_length_80065_cov_37.437114_43 # 48933 # 50651 # 1 # ID=23_43;partial=00;start_type=ATG;rbs_motif=AGGAG;rbs_spacer=5-10bp;gc_cont=0.540
NODE_13_length_92664_cov_37.475885:74126-75820|+ -            565 5774                 -            572   5.1e-55  184.9   0.1   1   1   8.8e-58   6.3e-55  184.6   0.1     2   546     6   543     5   556 0.91 NODE_13_length_92664_cov_37.475885_74 # 74126 # 75820 # 1 # ID=13_74;partial=00;start_type=ATG;rbs_motif=GGAG/GAGG;rbs_spacer=5-10bp;gc_cont=0.465
NODE_2_length_157429_cov_38.171358:85066-86736|+ -            557 5774                 -            572    0.0029   14.1   0.0   1   2   2.3e-05     0.017   11.5   0.0     7   139    11   144     9   163 0.85 NODE_2_length_157429_cov_38.171358_82 # 85066 # 86736 # 1 # ID=2_82;partial=00;start_type=ATG;rbs_motif=GGA/GAG/AGG;rbs_spacer=5-10bp;gc_cont=0.580
NODE_2_length_157429_cov_38.171358:85066-86736|+ -            557 5774                 -            572    0.0029   14.1   0.0   2   2     0.091        65   -0.3   0.0   418   476   414   470   408   544 0.70 NODE_2_length_157429_cov_38.171358_82 # 85066 # 86736 # 1 # ID=2_82;partial=00;start_type=ATG;rbs_motif=GGA/GAG/AGG;rbs_spacer=5-10bp;gc_cont=0.580
#
# Program:         hmmsearch
# Version:         3.4 (Aug 2023)
# Pipeline mode:   SEARCH
# Query file:      /home/simonedassisi/busco_downloads/lineages/enterobacteriaceae_odb12/hmms/5774at543.hmm
# Target file:     home/simonedassisi/Desktop/BUSCO_output/prodigal_output/predicted_genes/predicted.faa
# Option settings: hmmsearch --domtblout home/simonedassisi/Desktop/BUSCO_output/run_enterobacteriaceae_odb12/hmmer_output/5774at543.out --cpu 1 /home/simonedassisi/busco_downloads/lineages/enterobacteriaceae_odb12/hmms/5774at543.hmm home/simonedassisi/Desktop/BUSCO_output/prodigal_output/predicted_genes/predicted.faa 
# Current dir:     /home/simonedassisi
# Date:            Tue Apr  1 14:30:25 2025
# [ok]
