#                                                                                                          --- full sequence --- -------------- this domain -------------   hmm coord   ali coord   env coord
# target name                                      accession   tlen query name           accession   qlen   E-value  score  bias   #  of  c-Evalue  i-Evalue  score  bias  from    to  from    to  from    to  acc description of target
#                              ------------------- ---------- ----- -------------------- ---------- ----- --------- ------ ----- --- --- --------- --------- ------ ----- ----- ----- ----- ----- ----- ----- ---- ---------------------
NODE_31_length_58399_cov_38.812466:47305-47751|-   -            149 5801                 -            147   2.7e-84  278.5   0.1   1   1   7.1e-87     3e-84  278.4   0.1     1   146     1   146     1   147 0.99 NODE_31_length_58399_cov_38.812466_44 # 47305 # 47751 # -1 # ID=31_44;partial=00;start_type=ATG;rbs_motif=None;rbs_spacer=None;gc_cont=0.517
NODE_13_length_92664_cov_37.475885:16566-16991|+   -            142 5801                 -            147   1.1e-07   29.9   0.0   1   1   3.4e-10   1.4e-07   29.6   0.0     6   125     5   128     1   131 0.74 NODE_13_length_92664_cov_37.475885_20 # 16566 # 16991 # 1 # ID=13_20;partial=00;start_type=ATG;rbs_motif=GGA/GAG/AGG;rbs_spacer=11-12bp;gc_cont=0.514
NODE_1_length_276430_cov_40.515391:162730-163218|- -            163 5801                 -            147   2.3e-07   28.9   0.0   1   1   9.2e-10   3.8e-07   28.2   0.0    67   143    82   159    76   161 0.90 NODE_1_length_276430_cov_40.515391_148 # 162730 # 163218 # -1 # ID=1_148;partial=00;start_type=ATG;rbs_motif=GGAG/GAGG;rbs_spacer=5-10bp;gc_cont=0.511
NODE_49_length_31840_cov_36.883045:13843-14361|-   -            173 5801                 -            147   3.8e-07   28.2   0.0   1   2       3.4   1.4e+03   -2.9   0.0    23    32    25    34     6    47 0.54 NODE_49_length_31840_cov_36.883045_16 # 13843 # 14361 # -1 # ID=49_16;partial=00;start_type=ATG;rbs_motif=GGAG/GAGG;rbs_spacer=5-10bp;gc_cont=0.528
NODE_49_length_31840_cov_36.883045:13843-14361|-   -            173 5801                 -            147   3.8e-07   28.2   0.0   2   2   1.8e-09   7.5e-07   27.2   0.0    69   122    85   138    80   162 0.89 NODE_49_length_31840_cov_36.883045_16 # 13843 # 14361 # -1 # ID=49_16;partial=00;start_type=ATG;rbs_motif=GGAG/GAGG;rbs_spacer=5-10bp;gc_cont=0.528
NODE_1_length_276430_cov_40.515391:38304-38744|-   -            147 5801                 -            147   3.5e-06   25.1   0.1   1   2       2.5   1.1e+03   -2.4   0.0    96   104    12    20     5    30 0.78 NODE_1_length_276430_cov_40.515391_37 # 38304 # 38744 # -1 # ID=1_37;partial=00;start_type=ATG;rbs_motif=GGA/GAG/AGG;rbs_spacer=5-10bp;gc_cont=0.524
NODE_1_length_276430_cov_40.515391:38304-38744|-   -            147 5801                 -            147   3.5e-06   25.1   0.1   2   2   1.8e-08   7.5e-06   24.0   0.0    48   124    56   124    43   130 0.80 NODE_1_length_276430_cov_40.515391_37 # 38304 # 38744 # -1 # ID=1_37;partial=00;start_type=ATG;rbs_motif=GGA/GAG/AGG;rbs_spacer=5-10bp;gc_cont=0.524
NODE_15_length_91266_cov_36.275195:35347-35907|-   -            187 5801                 -            147   4.5e-06   24.7   0.1   1   1     2e-08   8.4e-06   23.8   0.1    66   123    85   143    55   165 0.82 NODE_15_length_91266_cov_36.275195_32 # 35347 # 35907 # -1 # ID=15_32;partial=00;start_type=ATG;rbs_motif=AGGA;rbs_spacer=5-10bp;gc_cont=0.471
NODE_18_length_85840_cov_40.696849:26084-26587|+   -            168 5801                 -            147   0.00029   18.8   0.0   1   1   8.4e-07   0.00035   18.6   0.0    66   123    90   147    57   158 0.90 NODE_18_length_85840_cov_40.696849_20 # 26084 # 26587 # 1 # ID=18_20;partial=00;start_type=ATG;rbs_motif=None;rbs_spacer=None;gc_cont=0.502
NODE_1_length_276430_cov_40.515391:148498-149025|+ -            176 5801                 -            147   0.00097   17.2   0.0   1   1   3.5e-06    0.0015   16.5   0.0    64   121    91   150    87   166 0.85 NODE_1_length_276430_cov_40.515391_133 # 148498 # 149025 # 1 # ID=1_133;partial=00;start_type=ATG;rbs_motif=GGA/GAG/AGG;rbs_spacer=11-12bp;gc_cont=0.458
NODE_44_length_40808_cov_40.967724:39216-39515|-   -            100 5801                 -            147    0.0019   16.2   0.0   1   1   5.6e-06    0.0023   15.9   0.0    46   125    14    96     7    98 0.79 NODE_44_length_40808_cov_40.967724_38 # 39216 # 39515 # -1 # ID=44_38;partial=00;start_type=TTG;rbs_motif=None;rbs_spacer=None;gc_cont=0.427
NODE_5_length_138947_cov_37.421618:36657-37109|+   -            151 5801                 -            147    0.0056   14.7   0.0   1   1   3.1e-05     0.013   13.5   0.0    70    93    82   105    75   131 0.84 NODE_5_length_138947_cov_37.421618_32 # 36657 # 37109 # 1 # ID=5_32;partial=00;start_type=ATG;rbs_motif=None;rbs_spacer=None;gc_cont=0.439
NODE_17_length_86457_cov_41.702653:48712-49653|-   -            314 5801                 -            147    0.0089   14.0   0.0   1   1   3.7e-05     0.016   13.2   0.0    48   120    52   122    34   130 0.75 NODE_17_length_86457_cov_41.702653_53 # 48712 # 49653 # -1 # ID=17_53;partial=00;start_type=ATG;rbs_motif=GGA/GAG/AGG;rbs_spacer=5-10bp;gc_cont=0.546
NODE_58_length_27727_cov_38.767101:26630-27073|+   -            148 5801                 -            147     0.023   12.7   0.0   1   1   9.1e-05     0.038   12.0   0.0    69   122    76   124    64   131 0.85 NODE_58_length_27727_cov_38.767101_22 # 26630 # 27073 # 1 # ID=58_22;partial=00;start_type=ATG;rbs_motif=AGGAG;rbs_spacer=5-10bp;gc_cont=0.538
#
# Program:         hmmsearch
# Version:         3.4 (Aug 2023)
# Pipeline mode:   SEARCH
# Query file:      /home/simonedassisi/busco_downloads/lineages/enterobacteriaceae_odb12/hmms/5801at543.hmm
# Target file:     home/simonedassisi/Desktop/BUSCO_output/prodigal_output/predicted_genes/predicted.faa
# Option settings: hmmsearch --domtblout home/simonedassisi/Desktop/BUSCO_output/run_enterobacteriaceae_odb12/hmmer_output/5801at543.out --cpu 1 /home/simonedassisi/busco_downloads/lineages/enterobacteriaceae_odb12/hmms/5801at543.hmm home/simonedassisi/Desktop/BUSCO_output/prodigal_output/predicted_genes/predicted.faa 
# Current dir:     /home/simonedassisi
# Date:            Tue Apr  1 14:30:25 2025
# [ok]
