#                                                                                                         --- full sequence --- -------------- this domain -------------   hmm coord   ali coord   env coord
# target name                                     accession   tlen query name           accession   qlen   E-value  score  bias   #  of  c-Evalue  i-Evalue  score  bias  from    to  from    to  from    to  acc description of target
#                             ------------------- ---------- ----- -------------------- ---------- ----- --------- ------ ----- --- --- --------- --------- ------ ----- ----- ----- ----- ----- ----- ----- ---- ---------------------
NODE_12_length_106079_cov_39.536715:37031-40573|+ -           1181 58748                -           1165         0 2083.7   0.0   1   1         0         0 2083.5   0.0     2  1163     6  1174     5  1176 0.99 NODE_12_length_106079_cov_39.536715_36 # 37031 # 40573 # 1 # ID=12_36;partial=00;start_type=ATG;rbs_motif=GGA/GAG/AGG;rbs_spacer=5-10bp;gc_cont=0.547
NODE_16_length_86943_cov_42.279511:49683-51845|+  -            721 58748                -           1165   1.7e-18   63.9   4.5   1   5    0.0012       1.2    4.8   0.0    52    73    54    75    22    79 0.66 NODE_16_length_86943_cov_42.279511_45 # 49683 # 51845 # 1 # ID=16_45;partial=00;start_type=ATG;rbs_motif=GGxGG;rbs_spacer=5-10bp;gc_cont=0.574
NODE_16_length_86943_cov_42.279511:49683-51845|+  -            721 58748                -           1165   1.7e-18   63.9   4.5   2   5     0.088        89   -1.4   0.0   123   156    88   121    86   125 0.93 NODE_16_length_86943_cov_42.279511_45 # 49683 # 51845 # 1 # ID=16_45;partial=00;start_type=ATG;rbs_motif=GGxGG;rbs_spacer=5-10bp;gc_cont=0.574
NODE_16_length_86943_cov_42.279511:49683-51845|+  -            721 58748                -           1165   1.7e-18   63.9   4.5   3   5   2.6e-15   2.7e-12   43.4   0.2   327   457   171   299   164   304 0.81 NODE_16_length_86943_cov_42.279511_45 # 49683 # 51845 # 1 # ID=16_45;partial=00;start_type=ATG;rbs_motif=GGxGG;rbs_spacer=5-10bp;gc_cont=0.574
NODE_16_length_86943_cov_42.279511:49683-51845|+  -            721 58748                -           1165   1.7e-18   63.9   4.5   4   5   9.3e-05     0.094    8.5   0.0   722   747   547   572   481   577 0.64 NODE_16_length_86943_cov_42.279511_45 # 49683 # 51845 # 1 # ID=16_45;partial=00;start_type=ATG;rbs_motif=GGxGG;rbs_spacer=5-10bp;gc_cont=0.574
NODE_16_length_86943_cov_42.279511:49683-51845|+  -            721 58748                -           1165   1.7e-18   63.9   4.5   5   5    0.0014       1.4    4.6   0.0   778   810   582   614   575   625 0.86 NODE_16_length_86943_cov_42.279511_45 # 49683 # 51845 # 1 # ID=16_45;partial=00;start_type=ATG;rbs_motif=GGxGG;rbs_spacer=5-10bp;gc_cont=0.574
NODE_16_length_86943_cov_42.279511:13924-15945|+  -            674 58748                -           1165   3.1e-18   63.1   0.7   1   4    0.0027       2.7    3.6   0.1    13    74    16    69    13    84 0.84 NODE_16_length_86943_cov_42.279511_13 # 13924 # 15945 # 1 # ID=16_13;partial=00;start_type=ATG;rbs_motif=GGA/GAG/AGG;rbs_spacer=5-10bp;gc_cont=0.537
NODE_16_length_86943_cov_42.279511:13924-15945|+  -            674 58748                -           1165   3.1e-18   63.1   0.7   2   4   8.3e-15   8.4e-12   41.8   0.0   342   510   180   344   172   347 0.80 NODE_16_length_86943_cov_42.279511_13 # 13924 # 15945 # 1 # ID=16_13;partial=00;start_type=ATG;rbs_motif=GGA/GAG/AGG;rbs_spacer=5-10bp;gc_cont=0.537
NODE_16_length_86943_cov_42.279511:13924-15945|+  -            674 58748                -           1165   3.1e-18   63.1   0.7   3   4     0.016        16    1.1   0.0   536   603   333   399   322   407 0.86 NODE_16_length_86943_cov_42.279511_13 # 13924 # 15945 # 1 # ID=16_13;partial=00;start_type=ATG;rbs_motif=GGA/GAG/AGG;rbs_spacer=5-10bp;gc_cont=0.537
NODE_16_length_86943_cov_42.279511:13924-15945|+  -            674 58748                -           1165   3.1e-18   63.1   0.7   4   4   7.2e-06    0.0073   12.1   0.0   719   747   542   570   519   609 0.82 NODE_16_length_86943_cov_42.279511_13 # 13924 # 15945 # 1 # ID=16_13;partial=00;start_type=ATG;rbs_motif=GGA/GAG/AGG;rbs_spacer=5-10bp;gc_cont=0.537
NODE_14_length_92032_cov_37.540264:63480-65534|-  -            685 58748                -           1165   6.5e-09   32.2   5.7   1   4      0.45   4.5e+02   -3.7   0.1   221   256   146   181    87   189 0.61 NODE_14_length_92032_cov_37.540264_61 # 63480 # 65534 # -1 # ID=14_61;partial=00;start_type=ATG;rbs_motif=GGA/GAG/AGG;rbs_spacer=11-12bp;gc_cont=0.528
NODE_14_length_92032_cov_37.540264:63480-65534|-  -            685 58748                -           1165   6.5e-09   32.2   5.7   2   4    0.0011       1.1    4.9   0.0    16    79   213   268   204   315 0.70 NODE_14_length_92032_cov_37.540264_61 # 63480 # 65534 # -1 # ID=14_61;partial=00;start_type=ATG;rbs_motif=GGA/GAG/AGG;rbs_spacer=11-12bp;gc_cont=0.528
NODE_14_length_92032_cov_37.540264:63480-65534|-  -            685 58748                -           1165   6.5e-09   32.2   5.7   3   4   4.3e-10   4.4e-07   26.1   0.1   375   457   434   518   426   525 0.81 NODE_14_length_92032_cov_37.540264_61 # 63480 # 65534 # -1 # ID=14_61;partial=00;start_type=ATG;rbs_motif=GGA/GAG/AGG;rbs_spacer=11-12bp;gc_cont=0.528
NODE_14_length_92032_cov_37.540264:63480-65534|-  -            685 58748                -           1165   6.5e-09   32.2   5.7   4   4    0.0074       7.5    2.2   0.0   789   804   640   655   623   659 0.88 NODE_14_length_92032_cov_37.540264_61 # 63480 # 65534 # -1 # ID=14_61;partial=00;start_type=ATG;rbs_motif=GGA/GAG/AGG;rbs_spacer=11-12bp;gc_cont=0.528
NODE_29_length_69919_cov_43.020805:57502-59010|-  -            503 58748                -           1165   7.7e-05   18.7   1.7   1   4      0.05        51   -0.6   0.0    12    30    16    35    11    38 0.81 NODE_29_length_69919_cov_43.020805_56 # 57502 # 59010 # -1 # ID=29_56;partial=00;start_type=ATG;rbs_motif=GGAGG;rbs_spacer=5-10bp;gc_cont=0.583
NODE_29_length_69919_cov_43.020805:57502-59010|-  -            503 58748                -           1165   7.7e-05   18.7   1.7   2   4    0.0003       0.3    6.8   0.0   370   419   184   228   176   232 0.76 NODE_29_length_69919_cov_43.020805_56 # 57502 # 59010 # -1 # ID=29_56;partial=00;start_type=ATG;rbs_motif=GGAGG;rbs_spacer=5-10bp;gc_cont=0.583
NODE_29_length_69919_cov_43.020805:57502-59010|-  -            503 58748                -           1165   7.7e-05   18.7   1.7   3   4   0.00013      0.14    7.9   0.0   725   747   408   430   380   435 0.82 NODE_29_length_69919_cov_43.020805_56 # 57502 # 59010 # -1 # ID=29_56;partial=00;start_type=ATG;rbs_motif=GGAGG;rbs_spacer=5-10bp;gc_cont=0.583
NODE_29_length_69919_cov_43.020805:57502-59010|-  -            503 58748                -           1165   7.7e-05   18.7   1.7   4   4     0.055        56   -0.7   0.1   783   802   443   461   432   468 0.79 NODE_29_length_69919_cov_43.020805_56 # 57502 # 59010 # -1 # ID=29_56;partial=00;start_type=ATG;rbs_motif=GGAGG;rbs_spacer=5-10bp;gc_cont=0.583
#
# Program:         hmmsearch
# Version:         3.4 (Aug 2023)
# Pipeline mode:   SEARCH
# Query file:      /home/simonedassisi/busco_downloads/lineages/enterobacteriaceae_odb12/hmms/58748at543.hmm
# Target file:     home/simonedassisi/Desktop/BUSCO_output/prodigal_output/predicted_genes/predicted.faa
# Option settings: hmmsearch --domtblout home/simonedassisi/Desktop/BUSCO_output/run_enterobacteriaceae_odb12/hmmer_output/58748at543.out --cpu 1 /home/simonedassisi/busco_downloads/lineages/enterobacteriaceae_odb12/hmms/58748at543.hmm home/simonedassisi/Desktop/BUSCO_output/prodigal_output/predicted_genes/predicted.faa 
# Current dir:     /home/simonedassisi
# Date:            Tue Apr  1 14:30:26 2025
# [ok]
