#                                                                                                        --- full sequence --- -------------- this domain -------------   hmm coord   ali coord   env coord
# target name                                    accession   tlen query name           accession   qlen   E-value  score  bias   #  of  c-Evalue  i-Evalue  score  bias  from    to  from    to  from    to  acc description of target
#                            ------------------- ---------- ----- -------------------- ---------- ----- --------- ------ ----- --- --- --------- --------- ------ ----- ----- ----- ----- ----- ----- ----- ---- ---------------------
NODE_22_length_80627_cov_36.893466:27834-29027|- -            398 6011                 -            396  1.9e-260  861.6   0.1   1   1  2.2e-263  2.2e-260  861.4   0.1     1   396     2   397     2   397 1.00 NODE_22_length_80627_cov_36.893466_30 # 27834 # 29027 # -1 # ID=22_30;partial=00;start_type=ATG;rbs_motif=AGGA;rbs_spacer=5-10bp;gc_cont=0.544
NODE_13_length_92664_cov_37.475885:28806-29717|+ -            304 6011                 -            396   2.3e-08   31.6   0.1   1   2     3e-06     0.003   14.7   0.1    55   160    10   115     3   135 0.83 NODE_13_length_92664_cov_37.475885_33 # 28806 # 29717 # 1 # ID=13_33;partial=00;start_type=GTG;rbs_motif=GGA/GAG/AGG;rbs_spacer=5-10bp;gc_cont=0.556
NODE_13_length_92664_cov_37.475885:28806-29717|+ -            304 6011                 -            396   2.3e-08   31.6   0.1   2   2   2.9e-06    0.0029   14.8   0.0   323   385   229   289   215   292 0.87 NODE_13_length_92664_cov_37.475885_33 # 28806 # 29717 # 1 # ID=13_33;partial=00;start_type=GTG;rbs_motif=GGA/GAG/AGG;rbs_spacer=5-10bp;gc_cont=0.556
NODE_13_length_92664_cov_37.475885:34049-35020|- -            324 6011                 -            396   3.5e-06   24.4   0.4   1   2      0.15   1.5e+02   -0.7   0.1   112   172    71   127    63   223 0.54 NODE_13_length_92664_cov_37.475885_39 # 34049 # 35020 # -1 # ID=13_39;partial=00;start_type=ATG;rbs_motif=AGGA;rbs_spacer=5-10bp;gc_cont=0.503
NODE_13_length_92664_cov_37.475885:34049-35020|- -            324 6011                 -            396   3.5e-06   24.4   0.4   2   2   1.1e-08   1.1e-05   22.8   0.0   322   385   246   309   233   320 0.88 NODE_13_length_92664_cov_37.475885_39 # 34049 # 35020 # -1 # ID=13_39;partial=00;start_type=ATG;rbs_motif=AGGA;rbs_spacer=5-10bp;gc_cont=0.503
NODE_62_length_24769_cov_35.270392:19693-20682|- -            330 6011                 -            396   0.00018   18.8   2.3   1   2   1.6e-06    0.0016   15.6   0.0    51   134    21   106    10   115 0.85 NODE_62_length_24769_cov_35.270392_23 # 19693 # 20682 # -1 # ID=62_23;partial=00;start_type=ATG;rbs_motif=GGAG/GAGG;rbs_spacer=5-10bp;gc_cont=0.458
NODE_62_length_24769_cov_35.270392:19693-20682|- -            330 6011                 -            396   0.00018   18.8   2.3   2   2     0.019        19    2.2   1.0   223   272   176   227   157   235 0.74 NODE_62_length_24769_cov_35.270392_23 # 19693 # 20682 # -1 # ID=62_23;partial=00;start_type=ATG;rbs_motif=GGAG/GAGG;rbs_spacer=5-10bp;gc_cont=0.458
NODE_16_length_86943_cov_42.279511:8632-10179|+  -            516 6011                 -            396     0.024   11.8   0.5   1   2   0.00017      0.17    9.0   0.1    52   136    29   113    14   133 0.81 NODE_16_length_86943_cov_42.279511_8 # 8632 # 10179 # 1 # ID=16_8;partial=00;start_type=ATG;rbs_motif=GGxGG;rbs_spacer=3-4bp;gc_cont=0.578
NODE_16_length_86943_cov_42.279511:8632-10179|+  -            516 6011                 -            396     0.024   11.8   0.5   2   2     0.055        56    0.7   0.1   217   278   176   239   160   247 0.67 NODE_16_length_86943_cov_42.279511_8 # 8632 # 10179 # 1 # ID=16_8;partial=00;start_type=ATG;rbs_motif=GGxGG;rbs_spacer=3-4bp;gc_cont=0.578
#
# Program:         hmmsearch
# Version:         3.4 (Aug 2023)
# Pipeline mode:   SEARCH
# Query file:      /home/simonedassisi/busco_downloads/lineages/enterobacteriaceae_odb12/hmms/6011at543.hmm
# Target file:     home/simonedassisi/Desktop/BUSCO_output/prodigal_output/predicted_genes/predicted.faa
# Option settings: hmmsearch --domtblout home/simonedassisi/Desktop/BUSCO_output/run_enterobacteriaceae_odb12/hmmer_output/6011at543.out --cpu 1 /home/simonedassisi/busco_downloads/lineages/enterobacteriaceae_odb12/hmms/6011at543.hmm home/simonedassisi/Desktop/BUSCO_output/prodigal_output/predicted_genes/predicted.faa 
# Current dir:     /home/simonedassisi
# Date:            Tue Apr  1 14:30:26 2025
# [ok]
