#                                                                                                          --- full sequence --- -------------- this domain -------------   hmm coord   ali coord   env coord
# target name                                      accession   tlen query name           accession   qlen   E-value  score  bias   #  of  c-Evalue  i-Evalue  score  bias  from    to  from    to  from    to  acc description of target
#                              ------------------- ---------- ----- -------------------- ---------- ----- --------- ------ ----- --- --- --------- --------- ------ ----- ----- ----- ----- ----- ----- ----- ---- ---------------------
NODE_9_length_123825_cov_37.296666:19181-20980|+   -            600 6020                 -            598         0 1286.6   0.0   1   1         0         0 1286.4   0.0     1   597     1   597     1   598 1.00 NODE_9_length_123825_cov_37.296666_19 # 19181 # 20980 # 1 # ID=9_19;partial=00;start_type=ATG;rbs_motif=None;rbs_spacer=None;gc_cont=0.537
NODE_17_length_86457_cov_41.702653:66920-68743|-   -            608 6020                 -            598   2.8e-48  162.8   0.1   1   1   1.3e-50   5.3e-48  161.8   0.1     2   373     3   390     2   404 0.78 NODE_17_length_86457_cov_41.702653_70 # 66920 # 68743 # -1 # ID=17_70;partial=00;start_type=GTG;rbs_motif=GGAG/GAGG;rbs_spacer=5-10bp;gc_cont=0.533
NODE_1_length_276430_cov_40.515391:273984-276098|+ -            705 6020                 -            598   6.1e-43  145.1   0.0   1   3   1.6e-28   6.7e-26   88.9   0.0     3   154     9   165     7   189 0.89 NODE_1_length_276430_cov_40.515391_250 # 273984 # 276098 # 1 # ID=1_250;partial=00;start_type=ATG;rbs_motif=GGAG/GAGG;rbs_spacer=5-10bp;gc_cont=0.509
NODE_1_length_276430_cov_40.515391:273984-276098|+ -            705 6020                 -            598   6.1e-43  145.1   0.0   2   3   2.6e-12   1.1e-09   35.3   0.0   185   384   311   501   292   508 0.76 NODE_1_length_276430_cov_40.515391_250 # 273984 # 276098 # 1 # ID=1_250;partial=00;start_type=ATG;rbs_motif=GGAG/GAGG;rbs_spacer=5-10bp;gc_cont=0.509
NODE_1_length_276430_cov_40.515391:273984-276098|+ -            705 6020                 -            598   6.1e-43  145.1   0.0   3   3   8.1e-07   0.00034   17.2   0.0   399   478   612   690   605   702 0.91 NODE_1_length_276430_cov_40.515391_250 # 273984 # 276098 # 1 # ID=1_250;partial=00;start_type=ATG;rbs_motif=GGAG/GAGG;rbs_spacer=5-10bp;gc_cont=0.509
NODE_31_length_58399_cov_38.812466:44933-46522|-   -            530 6020                 -            598   3.5e-25   86.5   0.0   1   2   1.6e-23   6.6e-21   72.4   0.0     4   154    13   165    10   177 0.88 NODE_31_length_58399_cov_38.812466_42 # 44933 # 46522 # -1 # ID=31_42;partial=00;start_type=ATG;rbs_motif=AGxAG;rbs_spacer=5-10bp;gc_cont=0.536
NODE_31_length_58399_cov_38.812466:44933-46522|-   -            530 6020                 -            598   3.5e-25   86.5   0.0   2   2   3.1e-05     0.013   12.0   0.0   203   367   311   465   246   481 0.79 NODE_31_length_58399_cov_38.812466_42 # 44933 # 46522 # -1 # ID=31_42;partial=00;start_type=ATG;rbs_motif=AGxAG;rbs_spacer=5-10bp;gc_cont=0.536
NODE_8_length_126545_cov_41.885285:100508-103180|+ -            891 6020                 -            598   2.6e-22   77.0   0.9   1   2     0.024        10    2.4   0.1     8    51   395   438   392   441 0.78 NODE_8_length_126545_cov_41.885285_96 # 100508 # 103180 # 1 # ID=8_96;partial=00;start_type=ATG;rbs_motif=AGGA;rbs_spacer=5-10bp;gc_cont=0.535
NODE_8_length_126545_cov_41.885285:100508-103180|+ -            891 6020                 -            598   2.6e-22   77.0   0.9   2   2   6.5e-24   2.7e-21   73.6   0.2    70   223   437   597   421   602 0.87 NODE_8_length_126545_cov_41.885285_96 # 100508 # 103180 # 1 # ID=8_96;partial=00;start_type=ATG;rbs_motif=AGGA;rbs_spacer=5-10bp;gc_cont=0.535
NODE_41_length_44791_cov_39.437601:31732-33159|-   -            476 6020                 -            598   2.3e-12   44.1   0.1   1   1   1.1e-14   4.6e-12   43.2   0.1    38   138    79   175    25   190 0.83 NODE_41_length_44791_cov_39.437601_37 # 31732 # 33159 # -1 # ID=41_37;partial=00;start_type=ATG;rbs_motif=GGA/GAG/AGG;rbs_spacer=11-12bp;gc_cont=0.543
NODE_148_length_1031_cov_94.602876:1-1029|+        -            343 6020                 -            598   1.4e-10   38.2   0.0   1   1   4.7e-13     2e-10   37.8   0.0    42   264     6   239     2   253 0.80 NODE_148_length_1031_cov_94.602876_1 # 1 # 1029 # 1 # ID=148_1;partial=11;start_type=Edge;rbs_motif=None;rbs_spacer=None;gc_cont=0.539
NODE_99_length_8647_cov_35.430047:2366-4210|+      -            615 6020                 -            598   3.8e-06   23.6   0.0   1   1   1.9e-08   8.2e-06   22.5   0.0    12   222     8   206     2   222 0.69 NODE_99_length_8647_cov_35.430047_3 # 2366 # 4210 # 1 # ID=99_3;partial=00;start_type=ATG;rbs_motif=AGGA/GGAG/GAGG;rbs_spacer=11-12bp;gc_cont=0.567
NODE_117_length_4367_cov_50.670283:2-262|-         -             87 6020                 -            598   5.8e-06   23.0   0.0   1   1   1.5e-08   6.2e-06   22.9   0.0     6    83    14    87     9    87 0.76 NODE_117_length_4367_cov_50.670283_1 # 2 # 262 # -1 # ID=117_1;partial=10;start_type=ATG;rbs_motif=GGAG/GAGG;rbs_spacer=5-10bp;gc_cont=0.533
NODE_1_length_276430_cov_40.515391:276169-276429|+ -             87 6020                 -            598   5.8e-06   23.0   0.0   1   1   1.5e-08   6.2e-06   22.9   0.0     6    83    14    87     9    87 0.76 NODE_1_length_276430_cov_40.515391_251 # 276169 # 276429 # 1 # ID=1_251;partial=01;start_type=GTG;rbs_motif=AGGA;rbs_spacer=5-10bp;gc_cont=0.529
NODE_9_length_123825_cov_37.296666:88335-89807|+   -            491 6020                 -            598   0.00021   17.9   0.0   1   1   8.8e-07   0.00037   17.1   0.0    86   176   273   368   245   378 0.84 NODE_9_length_123825_cov_37.296666_77 # 88335 # 89807 # 1 # ID=9_77;partial=00;start_type=ATG;rbs_motif=GGAG/GAGG;rbs_spacer=5-10bp;gc_cont=0.520
NODE_187_length_462_cov_0.922388:2-460|-           -            153 6020                 -            598   0.00044   16.8   0.0   1   1   1.2e-06   0.00051   16.6   0.0   301   378     4    78     1    89 0.86 NODE_187_length_462_cov_0.922388_1 # 2 # 460 # -1 # ID=187_1;partial=11;start_type=Edge;rbs_motif=None;rbs_spacer=None;gc_cont=0.475
#
# Program:         hmmsearch
# Version:         3.4 (Aug 2023)
# Pipeline mode:   SEARCH
# Query file:      /home/simonedassisi/busco_downloads/lineages/enterobacteriaceae_odb12/hmms/6020at543.hmm
# Target file:     home/simonedassisi/Desktop/BUSCO_output/prodigal_output/predicted_genes/predicted.faa
# Option settings: hmmsearch --domtblout home/simonedassisi/Desktop/BUSCO_output/run_enterobacteriaceae_odb12/hmmer_output/6020at543.out --cpu 1 /home/simonedassisi/busco_downloads/lineages/enterobacteriaceae_odb12/hmms/6020at543.hmm home/simonedassisi/Desktop/BUSCO_output/prodigal_output/predicted_genes/predicted.faa 
# Current dir:     /home/simonedassisi
# Date:            Tue Apr  1 14:30:27 2025
# [ok]
