#                                                                                                          --- full sequence --- -------------- this domain -------------   hmm coord   ali coord   env coord
# target name                                      accession   tlen query name           accession   qlen   E-value  score  bias   #  of  c-Evalue  i-Evalue  score  bias  from    to  from    to  from    to  acc description of target
#                              ------------------- ---------- ----- -------------------- ---------- ----- --------- ------ ----- --- --- --------- --------- ------ ----- ----- ----- ----- ----- ----- ----- ---- ---------------------
NODE_9_length_123825_cov_37.296666:12075-13409|-   -            445 60478                -            439  2.6e-286  947.4   2.5   1   1  7.4e-289  3.1e-286  947.2   2.5     1   434     1   436     1   441 0.99 NODE_9_length_123825_cov_37.296666_12 # 12075 # 13409 # -1 # ID=9_12;partial=00;start_type=ATG;rbs_motif=GGAG/GAGG;rbs_spacer=5-10bp;gc_cont=0.547
NODE_8_length_126545_cov_41.885285:108662-110551|+ -            630 60478                -            439  5.3e-100  333.4   0.1   1   1  1.7e-102  7.3e-100  333.0   0.1     4   371     6   368     3   399 0.96 NODE_8_length_126545_cov_41.885285_102 # 108662 # 110551 # 1 # ID=8_102;partial=00;start_type=ATG;rbs_motif=AGGA/GGAG/GAGG;rbs_spacer=11-12bp;gc_cont=0.556
NODE_28_length_70179_cov_36.796251:9765-11129|+    -            455 60478                -            439   1.8e-96  321.8   0.4   1   1   5.5e-99   2.3e-96  321.4   0.4     6   377     3   374     1   394 0.95 NODE_28_length_70179_cov_36.796251_11 # 9765 # 11129 # 1 # ID=28_11;partial=00;start_type=ATG;rbs_motif=GGAG/GAGG;rbs_spacer=5-10bp;gc_cont=0.566
NODE_16_length_86943_cov_42.279511:17610-18875|-   -            422 60478                -            439   4.2e-88  294.2   0.0   1   1   1.2e-90   5.2e-88  293.9   0.0     2   371     7   379     6   390 0.94 NODE_16_length_86943_cov_42.279511_15 # 17610 # 18875 # -1 # ID=16_15;partial=00;start_type=ATG;rbs_motif=None;rbs_spacer=None;gc_cont=0.522
NODE_35_length_52795_cov_36.978564:15018-16391|-   -            458 60478                -            439   4.7e-70  234.7   0.0   1   1   1.4e-72     6e-70  234.4   0.0     4   353     2   346     1   365 0.94 NODE_35_length_52795_cov_36.978564_13 # 15018 # 16391 # -1 # ID=35_13;partial=00;start_type=GTG;rbs_motif=GGA/GAG/AGG;rbs_spacer=5-10bp;gc_cont=0.516
NODE_16_length_86943_cov_42.279511:57558-59393|+   -            612 60478                -            439   1.1e-17   62.1   0.0   1   2   7.3e-07   0.00031   17.8   0.0     2    63     2    64     1    68 0.88 NODE_16_length_86943_cov_42.279511_53 # 57558 # 59393 # 1 # ID=16_53;partial=00;start_type=GTG;rbs_motif=GGA/GAG/AGG;rbs_spacer=5-10bp;gc_cont=0.554
NODE_16_length_86943_cov_42.279511:57558-59393|+   -            612 60478                -            439   1.1e-17   62.1   0.0   2   2   2.9e-14   1.2e-11   42.2   0.0   238   360   228   350   143   368 0.82 NODE_16_length_86943_cov_42.279511_53 # 57558 # 59393 # 1 # ID=16_53;partial=00;start_type=GTG;rbs_motif=GGA/GAG/AGG;rbs_spacer=5-10bp;gc_cont=0.554
NODE_25_length_79707_cov_37.284883:38030-42646|-   -           1539 60478                -            439     9e-10   36.1   0.3   1   2   2.5e-08     1e-05   22.7   0.1    22   161    25   183    20   246 0.71 NODE_25_length_79707_cov_37.284883_37 # 38030 # 42646 # -1 # ID=25_37;partial=00;start_type=ATG;rbs_motif=GGA/GAG/AGG;rbs_spacer=5-10bp;gc_cont=0.568
NODE_25_length_79707_cov_37.284883:38030-42646|-   -           1539 60478                -            439     9e-10   36.1   0.3   2   2   7.8e-05     0.033   11.2   0.0   280   341   357   418   347   427 0.90 NODE_25_length_79707_cov_37.284883_37 # 38030 # 42646 # -1 # ID=25_37;partial=00;start_type=ATG;rbs_motif=GGA/GAG/AGG;rbs_spacer=5-10bp;gc_cont=0.568
NODE_4_length_139564_cov_44.158667:90996-93902|+   -            969 60478                -            439   1.5e-07   28.7   0.0   1   1   6.2e-10   2.6e-07   28.0   0.0   232   345   487   603   476   623 0.88 NODE_4_length_139564_cov_44.158667_79 # 90996 # 93902 # 1 # ID=4_79;partial=00;start_type=ATG;rbs_motif=GGA/GAG/AGG;rbs_spacer=5-10bp;gc_cont=0.549
NODE_72_length_16341_cov_36.526767:8504-10525|+    -            674 60478                -            439   1.3e-06   25.7   0.4   1   1   5.4e-09   2.3e-06   24.9   0.4   238   342   435   545   428   567 0.77 NODE_72_length_16341_cov_36.526767_10 # 8504 # 10525 # 1 # ID=72_10;partial=00;start_type=ATG;rbs_motif=GGA/GAG/AGG;rbs_spacer=5-10bp;gc_cont=0.533
NODE_39_length_47213_cov_38.868135:33709-35790|+   -            694 60478                -            439    0.0014   15.7   0.0   1   2      0.25   1.1e+02   -0.4   0.0   263   306   336   379   298   401 0.83 NODE_39_length_47213_cov_38.868135_37 # 33709 # 35790 # 1 # ID=39_37;partial=00;start_type=ATG;rbs_motif=GGA/GAG/AGG;rbs_spacer=5-10bp;gc_cont=0.572
NODE_39_length_47213_cov_38.868135:33709-35790|+   -            694 60478                -            439    0.0014   15.7   0.0   2   2   1.7e-05    0.0072   13.3   0.0   273   343   518   589   506   604 0.85 NODE_39_length_47213_cov_38.868135_37 # 33709 # 35790 # 1 # ID=39_37;partial=00;start_type=ATG;rbs_motif=GGA/GAG/AGG;rbs_spacer=5-10bp;gc_cont=0.572
NODE_6_length_131096_cov_36.333598:117338-119248|+ -            637 60478                -            439    0.0096   12.9   0.1   1   1     4e-05     0.017   12.1   0.1    29    64    25    61     6    66 0.83 NODE_6_length_131096_cov_36.333598_120 # 117338 # 119248 # 1 # ID=6_120;partial=00;start_type=GTG;rbs_motif=AGxAGG/AGGxGG;rbs_spacer=3-4bp;gc_cont=0.552
NODE_20_length_84241_cov_37.036046:73269-76763|-   -           1165 60478                -            439     0.013   12.5   1.3   1   2      0.26   1.1e+02   -0.5   0.0   184   248   669   734   639   764 0.70 NODE_20_length_84241_cov_37.036046_80 # 73269 # 76763 # -1 # ID=20_80;partial=00;start_type=ATG;rbs_motif=None;rbs_spacer=None;gc_cont=0.547
NODE_20_length_84241_cov_37.036046:73269-76763|-   -           1165 60478                -            439     0.013   12.5   1.3   2   2   7.7e-05     0.032   11.2   0.2   219   348   799   928   779   947 0.79 NODE_20_length_84241_cov_37.036046_80 # 73269 # 76763 # -1 # ID=20_80;partial=00;start_type=ATG;rbs_motif=None;rbs_spacer=None;gc_cont=0.547
#
# Program:         hmmsearch
# Version:         3.4 (Aug 2023)
# Pipeline mode:   SEARCH
# Query file:      /home/simonedassisi/busco_downloads/lineages/enterobacteriaceae_odb12/hmms/60478at543.hmm
# Target file:     home/simonedassisi/Desktop/BUSCO_output/prodigal_output/predicted_genes/predicted.faa
# Option settings: hmmsearch --domtblout home/simonedassisi/Desktop/BUSCO_output/run_enterobacteriaceae_odb12/hmmer_output/60478at543.out --cpu 1 /home/simonedassisi/busco_downloads/lineages/enterobacteriaceae_odb12/hmms/60478at543.hmm home/simonedassisi/Desktop/BUSCO_output/prodigal_output/predicted_genes/predicted.faa 
# Current dir:     /home/simonedassisi
# Date:            Tue Apr  1 14:30:27 2025
# [ok]
