#                                                                                                          --- full sequence --- -------------- this domain -------------   hmm coord   ali coord   env coord
# target name                                      accession   tlen query name           accession   qlen   E-value  score  bias   #  of  c-Evalue  i-Evalue  score  bias  from    to  from    to  from    to  acc description of target
#                              ------------------- ---------- ----- -------------------- ---------- ----- --------- ------ ----- --- --- --------- --------- ------ ----- ----- ----- ----- ----- ----- ----- ---- ---------------------
NODE_26_length_78359_cov_41.157595:24715-26079|-   -            455 60569                -            452  4.3e-268  887.6   0.0   1   1  1.1e-270  4.8e-268  887.5   0.0     1   452     1   454     1   454 1.00 NODE_26_length_78359_cov_41.157595_24 # 24715 # 26079 # -1 # ID=26_24;partial=00;start_type=ATG;rbs_motif=AGGA;rbs_spacer=5-10bp;gc_cont=0.564
NODE_9_length_123825_cov_37.296666:88335-89807|+   -            491 60569                -            452   1.9e-42  143.8   0.0   1   2   1.9e-22   7.9e-20   69.3   0.0   219   369     5   157     2   165 0.81 NODE_9_length_123825_cov_37.296666_77 # 88335 # 89807 # 1 # ID=9_77;partial=00;start_type=ATG;rbs_motif=GGAG/GAGG;rbs_spacer=5-10bp;gc_cont=0.520
NODE_9_length_123825_cov_37.296666:88335-89807|+   -            491 60569                -            452   1.9e-42  143.8   0.0   2   2     2e-23   8.5e-21   72.4   0.1   217   395   203   393   200   413 0.75 NODE_9_length_123825_cov_37.296666_77 # 88335 # 89807 # 1 # ID=9_77;partial=00;start_type=ATG;rbs_motif=GGAG/GAGG;rbs_spacer=5-10bp;gc_cont=0.520
NODE_9_length_123825_cov_37.296666:22919-23824|+   -            302 60569                -            452   3.9e-15   53.8   0.2   1   1   1.3e-17   5.3e-15   53.3   0.2   219   374    11   173     9   199 0.79 NODE_9_length_123825_cov_37.296666_22 # 22919 # 23824 # 1 # ID=9_22;partial=00;start_type=ATG;rbs_motif=GGAG/GAGG;rbs_spacer=5-10bp;gc_cont=0.523
NODE_29_length_69919_cov_43.020805:15809-17089|-   -            427 60569                -            452   9.5e-12   42.6   0.2   1   1   3.1e-14   1.3e-11   42.2   0.2   192   375   173   362   158   392 0.76 NODE_29_length_69919_cov_43.020805_18 # 15809 # 17089 # -1 # ID=29_18;partial=00;start_type=TTG;rbs_motif=GGAG/GAGG;rbs_spacer=5-10bp;gc_cont=0.539
NODE_55_length_28139_cov_44.779594:9338-10210|-    -            291 60569                -            452   9.7e-08   29.4   0.0   1   1   3.5e-10   1.5e-07   28.8   0.0   219   328    39   149     9   166 0.78 NODE_55_length_28139_cov_44.779594_9 # 9338 # 10210 # -1 # ID=55_9;partial=00;start_type=ATG;rbs_motif=GGA/GAG/AGG;rbs_spacer=5-10bp;gc_cont=0.586
NODE_82_length_13376_cov_48.421617:4398-5270|-     -            291 60569                -            452   1.3e-07   29.0   0.0   1   1     4e-10   1.7e-07   28.6   0.0   219   328    39   149     9   166 0.78 NODE_82_length_13376_cov_48.421617_4 # 4398 # 5270 # -1 # ID=82_4;partial=00;start_type=ATG;rbs_motif=GGA/GAG/AGG;rbs_spacer=5-10bp;gc_cont=0.586
NODE_17_length_86457_cov_41.702653:76379-77011|+   -            211 60569                -            452   7.9e-05   19.8   0.2   1   1   4.4e-07   0.00019   18.6   0.2   215   252    25    63    18   206 0.76 NODE_17_length_86457_cov_41.702653_78 # 76379 # 77011 # 1 # ID=17_78;partial=00;start_type=TTG;rbs_motif=GGAG/GAGG;rbs_spacer=5-10bp;gc_cont=0.517
NODE_1_length_276430_cov_40.515391:204738-207059|- -            774 60569                -            452   0.00046   17.3   0.1   1   1   1.7e-06    0.0007   16.7   0.1   219   370     6   163     2   178 0.77 NODE_1_length_276430_cov_40.515391_181 # 204738 # 207059 # -1 # ID=1_181;partial=00;start_type=ATG;rbs_motif=None;rbs_spacer=None;gc_cont=0.549
NODE_29_length_69919_cov_43.020805:26252-27304|+   -            351 60569                -            452   0.00064   16.8   0.5   1   3       1.7     7e+02   -3.1   0.0   274   301    54    81    51    82 0.87 NODE_29_length_69919_cov_43.020805_27 # 26252 # 27304 # 1 # ID=29_27;partial=00;start_type=TTG;rbs_motif=AGGAG;rbs_spacer=5-10bp;gc_cont=0.540
NODE_29_length_69919_cov_43.020805:26252-27304|+   -            351 60569                -            452   0.00064   16.8   0.5   2   3     0.053        22    1.8   0.0   329   372   156   207   125   211 0.74 NODE_29_length_69919_cov_43.020805_27 # 26252 # 27304 # 1 # ID=29_27;partial=00;start_type=TTG;rbs_motif=AGGAG;rbs_spacer=5-10bp;gc_cont=0.540
NODE_29_length_69919_cov_43.020805:26252-27304|+   -            351 60569                -            452   0.00064   16.8   0.5   3   3     1e-05    0.0044   14.1   0.2   219   246   210   237   149   244 0.68 NODE_29_length_69919_cov_43.020805_27 # 26252 # 27304 # 1 # ID=29_27;partial=00;start_type=TTG;rbs_motif=AGGAG;rbs_spacer=5-10bp;gc_cont=0.540
NODE_86_length_12147_cov_42.083361:4825-5709|-     -            295 60569                -            452   0.00082   16.5   0.0   1   1   2.6e-06    0.0011   16.0   0.0   219   277    41    99     6   141 0.85 NODE_86_length_12147_cov_42.083361_11 # 4825 # 5709 # -1 # ID=86_11;partial=00;start_type=ATG;rbs_motif=AGGA;rbs_spacer=5-10bp;gc_cont=0.536
NODE_53_length_29778_cov_36.323025:164-1255|-      -            364 60569                -            452    0.0037   14.3   0.2   1   2   3.5e-05     0.015   12.3   0.0   216   239     2    25     1    36 0.85 NODE_53_length_29778_cov_36.323025_1 # 164 # 1255 # -1 # ID=53_1;partial=00;start_type=ATG;rbs_motif=GGA/GAG/AGG;rbs_spacer=11-12bp;gc_cont=0.510
NODE_53_length_29778_cov_36.323025:164-1255|-      -            364 60569                -            452    0.0037   14.3   0.2   2   2       0.3   1.3e+02   -0.6   0.1   168   210   113   154    95   193 0.60 NODE_53_length_29778_cov_36.323025_1 # 164 # 1255 # -1 # ID=53_1;partial=00;start_type=ATG;rbs_motif=GGA/GAG/AGG;rbs_spacer=11-12bp;gc_cont=0.510
NODE_23_length_80065_cov_37.437114:17040-18806|+   -            589 60569                -            452     0.021   11.8   0.0   1   2      0.55   2.3e+02   -1.5   0.0   369   405    81   117    75   130 0.87 NODE_23_length_80065_cov_37.437114_13 # 17040 # 18806 # 1 # ID=23_13;partial=00;start_type=ATG;rbs_motif=None;rbs_spacer=None;gc_cont=0.536
NODE_23_length_80065_cov_37.437114:17040-18806|+   -            589 60569                -            452     0.021   11.8   0.0   2   2   0.00018     0.077   10.0   0.0   210   238   370   398   306   402 0.63 NODE_23_length_80065_cov_37.437114_13 # 17040 # 18806 # 1 # ID=23_13;partial=00;start_type=ATG;rbs_motif=None;rbs_spacer=None;gc_cont=0.536
#
# Program:         hmmsearch
# Version:         3.4 (Aug 2023)
# Pipeline mode:   SEARCH
# Query file:      /home/simonedassisi/busco_downloads/lineages/enterobacteriaceae_odb12/hmms/60569at543.hmm
# Target file:     home/simonedassisi/Desktop/BUSCO_output/prodigal_output/predicted_genes/predicted.faa
# Option settings: hmmsearch --domtblout home/simonedassisi/Desktop/BUSCO_output/run_enterobacteriaceae_odb12/hmmer_output/60569at543.out --cpu 1 /home/simonedassisi/busco_downloads/lineages/enterobacteriaceae_odb12/hmms/60569at543.hmm home/simonedassisi/Desktop/BUSCO_output/prodigal_output/predicted_genes/predicted.faa 
# Current dir:     /home/simonedassisi
# Date:            Tue Apr  1 14:30:27 2025
# [ok]
