#                                                                                                        --- full sequence --- -------------- this domain -------------   hmm coord   ali coord   env coord
# target name                                    accession   tlen query name           accession   qlen   E-value  score  bias   #  of  c-Evalue  i-Evalue  score  bias  from    to  from    to  from    to  acc description of target
#                            ------------------- ---------- ----- -------------------- ---------- ----- --------- ------ ----- --- --- --------- --------- ------ ----- ----- ----- ----- ----- ----- ----- ---- ---------------------
NODE_26_length_78359_cov_41.157595:3554-4444|+   -            297 61835                -            295  3.6e-192  635.1  18.8   1   1  7.2e-195  4.1e-192  634.9  18.8     1   295     1   295     1   295 1.00 NODE_26_length_78359_cov_41.157595_5 # 3554 # 4444 # 1 # ID=26_5;partial=00;start_type=ATG;rbs_motif=GGAG/GAGG;rbs_spacer=5-10bp;gc_cont=0.570
NODE_37_length_49199_cov_38.911069:44775-45464|+ -            230 61835                -            295   2.2e-10   38.4   0.7   1   1     8e-13   4.5e-10   37.3   0.7   151   227    90   166    84   181 0.89 NODE_37_length_49199_cov_38.911069_42 # 44775 # 45464 # 1 # ID=37_42;partial=00;start_type=ATG;rbs_motif=3Base/5BMM;rbs_spacer=13-15bp;gc_cont=0.541
NODE_26_length_78359_cov_41.157595:2595-3554|+   -            320 61835                -            295   2.1e-08   31.8   2.4   1   2       1.3   7.2e+02   -2.7   6.7    56   140    48   131    15   157 0.75 NODE_26_length_78359_cov_41.157595_4 # 2595 # 3554 # 1 # ID=26_4;partial=00;start_type=ATG;rbs_motif=GGA/GAG/AGG;rbs_spacer=5-10bp;gc_cont=0.547
NODE_26_length_78359_cov_41.157595:2595-3554|+   -            320 61835                -            295   2.1e-08   31.8   2.4   2   2   3.8e-11   2.1e-08   31.8   2.4   155   245   173   263   161   310 0.83 NODE_26_length_78359_cov_41.157595_4 # 2595 # 3554 # 1 # ID=26_4;partial=00;start_type=ATG;rbs_motif=GGA/GAG/AGG;rbs_spacer=5-10bp;gc_cont=0.547
NODE_13_length_92664_cov_37.475885:25877-26710|+ -            278 61835                -            295   2.4e-06   25.1  12.5   1   1     1e-08   5.8e-06   23.8  12.5    32   256    14   242     5   269 0.70 NODE_13_length_92664_cov_37.475885_30 # 25877 # 26710 # 1 # ID=13_30;partial=00;start_type=ATG;rbs_motif=GGxGG;rbs_spacer=5-10bp;gc_cont=0.565
NODE_47_length_33827_cov_35.974125:26484-27380|- -            299 61835                -            295   4.3e-06   24.2   7.8   1   1   1.1e-08     6e-06   23.8   7.8    82   248    89   252     6   263 0.75 NODE_47_length_33827_cov_35.974125_27 # 26484 # 27380 # -1 # ID=47_27;partial=00;start_type=ATG;rbs_motif=GGAGG;rbs_spacer=5-10bp;gc_cont=0.534
NODE_30_length_69036_cov_41.149327:2181-2834|+   -            218 61835                -            295   0.00032   18.1   8.6   1   1   5.8e-07   0.00032   18.1   8.6    91   223    25   159    10   167 0.76 NODE_30_length_69036_cov_41.149327_3 # 2181 # 2834 # 1 # ID=30_3;partial=00;start_type=ATG;rbs_motif=GGAG/GAGG;rbs_spacer=5-10bp;gc_cont=0.524
NODE_48_length_31921_cov_35.968831:19910-20974|+ -            355 61835                -            295    0.0015   15.9  15.8   1   1     4e-06    0.0022   15.3  15.8    47   215   110   269    96   289 0.88 NODE_48_length_31921_cov_35.968831_21 # 19910 # 20974 # 1 # ID=48_21;partial=00;start_type=ATG;rbs_motif=GGAG/GAGG;rbs_spacer=5-10bp;gc_cont=0.584
NODE_13_length_92664_cov_37.475885:26710-27585|+ -            292 61835                -            295    0.0015   15.9   3.2   1   1   6.7e-06    0.0038   14.6   3.3   148   226   140   219    25   228 0.81 NODE_13_length_92664_cov_37.475885_31 # 26710 # 27585 # 1 # ID=13_31;partial=00;start_type=ATG;rbs_motif=GGA/GAG/AGG;rbs_spacer=5-10bp;gc_cont=0.564
NODE_35_length_52795_cov_36.978564:49771-50613|- -            281 61835                -            295     0.011   13.1   7.0   1   1   3.2e-05     0.018   12.4   7.0    87   215    78   204    70   265 0.87 NODE_35_length_52795_cov_36.978564_45 # 49771 # 50613 # -1 # ID=35_45;partial=00;start_type=ATG;rbs_motif=4Base/6BMM;rbs_spacer=13-15bp;gc_cont=0.530
#
# Program:         hmmsearch
# Version:         3.4 (Aug 2023)
# Pipeline mode:   SEARCH
# Query file:      /home/simonedassisi/busco_downloads/lineages/enterobacteriaceae_odb12/hmms/61835at543.hmm
# Target file:     home/simonedassisi/Desktop/BUSCO_output/prodigal_output/predicted_genes/predicted.faa
# Option settings: hmmsearch --domtblout home/simonedassisi/Desktop/BUSCO_output/run_enterobacteriaceae_odb12/hmmer_output/61835at543.out --cpu 1 /home/simonedassisi/busco_downloads/lineages/enterobacteriaceae_odb12/hmms/61835at543.hmm home/simonedassisi/Desktop/BUSCO_output/prodigal_output/predicted_genes/predicted.faa 
# Current dir:     /home/simonedassisi
# Date:            Tue Apr  1 14:30:27 2025
# [ok]
