#                                                                                                          --- full sequence --- -------------- this domain -------------   hmm coord   ali coord   env coord
# target name                                      accession   tlen query name           accession   qlen   E-value  score  bias   #  of  c-Evalue  i-Evalue  score  bias  from    to  from    to  from    to  acc description of target
#                              ------------------- ---------- ----- -------------------- ---------- ----- --------- ------ ----- --- --- --------- --------- ------ ----- ----- ----- ----- ----- ----- ----- ---- ---------------------
NODE_30_length_69036_cov_41.149327:37664-38488|+   -            275 6278                 -            274  5.8e-176  581.6   1.3   1   1  6.5e-179  6.5e-176  581.5   1.3     1   274     1   274     1   274 1.00 NODE_30_length_69036_cov_41.149327_37 # 37664 # 38488 # 1 # ID=30_37;partial=00;start_type=ATG;rbs_motif=GGA/GAG/AGG;rbs_spacer=5-10bp;gc_cont=0.530
NODE_30_length_69036_cov_41.149327:20405-21193|-   -            263 6278                 -            274   0.00066   17.3   0.9   1   2   6.5e-07   0.00066   17.3   0.9   105   205     8   107     2   117 0.86 NODE_30_length_69036_cov_41.149327_21 # 20405 # 21193 # -1 # ID=30_21;partial=00;start_type=GTG;rbs_motif=GGAGG;rbs_spacer=5-10bp;gc_cont=0.532
NODE_30_length_69036_cov_41.149327:20405-21193|-   -            263 6278                 -            274   0.00066   17.3   0.9   2   2      0.16   1.7e+02   -0.4   0.7   134   161   147   174   115   190 0.48 NODE_30_length_69036_cov_41.149327_21 # 20405 # 21193 # -1 # ID=30_21;partial=00;start_type=GTG;rbs_motif=GGAGG;rbs_spacer=5-10bp;gc_cont=0.532
NODE_46_length_34184_cov_43.893884:6313-7683|-     -            457 6278                 -            274    0.0029   15.2   0.6   1   2     0.042        42    1.6   0.4   176   204   278   305   268   322 0.76 NODE_46_length_34184_cov_43.893884_6 # 6313 # 7683 # -1 # ID=46_6;partial=00;start_type=ATG;rbs_motif=AGGA;rbs_spacer=5-10bp;gc_cont=0.530
NODE_46_length_34184_cov_43.893884:6313-7683|-     -            457 6278                 -            274    0.0029   15.2   0.6   2   2   2.8e-06    0.0029   15.2   0.6   150   209   370   428   331   434 0.90 NODE_46_length_34184_cov_43.893884_6 # 6313 # 7683 # -1 # ID=46_6;partial=00;start_type=ATG;rbs_motif=AGGA;rbs_spacer=5-10bp;gc_cont=0.530
NODE_5_length_138947_cov_37.421618:111374-111994|- -            207 6278                 -            274     0.018   12.6   0.3   1   1   2.8e-05     0.028   12.0   0.3   138   210    92   169    50   172 0.78 NODE_5_length_138947_cov_37.421618_96 # 111374 # 111994 # -1 # ID=5_96;partial=00;start_type=ATG;rbs_motif=GGA/GAG/AGG;rbs_spacer=5-10bp;gc_cont=0.425
NODE_30_length_69036_cov_41.149327:21757-22782|-   -            342 6278                 -            274      0.64    7.5  13.1   1   2    0.0003       0.3    8.6   1.2   139   212   105   170    89   182 0.65 NODE_30_length_69036_cov_41.149327_23 # 21757 # 22782 # -1 # ID=30_23;partial=00;start_type=ATG;rbs_motif=GGA/GAG/AGG;rbs_spacer=11-12bp;gc_cont=0.528
NODE_30_length_69036_cov_41.149327:21757-22782|-   -            342 6278                 -            274      0.64    7.5  13.1   2   2    0.0092       9.3    3.7   4.7   175   214   222   261   190   298 0.50 NODE_30_length_69036_cov_41.149327_23 # 21757 # 22782 # -1 # ID=30_23;partial=00;start_type=ATG;rbs_motif=GGA/GAG/AGG;rbs_spacer=11-12bp;gc_cont=0.528
#
# Program:         hmmsearch
# Version:         3.4 (Aug 2023)
# Pipeline mode:   SEARCH
# Query file:      /home/simonedassisi/busco_downloads/lineages/enterobacteriaceae_odb12/hmms/6278at543.hmm
# Target file:     home/simonedassisi/Desktop/BUSCO_output/prodigal_output/predicted_genes/predicted.faa
# Option settings: hmmsearch --domtblout home/simonedassisi/Desktop/BUSCO_output/run_enterobacteriaceae_odb12/hmmer_output/6278at543.out --cpu 1 /home/simonedassisi/busco_downloads/lineages/enterobacteriaceae_odb12/hmms/6278at543.hmm home/simonedassisi/Desktop/BUSCO_output/prodigal_output/predicted_genes/predicted.faa 
# Current dir:     /home/simonedassisi
# Date:            Tue Apr  1 14:30:28 2025
# [ok]
