#                                                                                                          --- full sequence --- -------------- this domain -------------   hmm coord   ali coord   env coord
# target name                                      accession   tlen query name           accession   qlen   E-value  score  bias   #  of  c-Evalue  i-Evalue  score  bias  from    to  from    to  from    to  acc description of target
#                              ------------------- ---------- ----- -------------------- ---------- ----- --------- ------ ----- --- --- --------- --------- ------ ----- ----- ----- ----- ----- ----- ----- ---- ---------------------
NODE_17_length_86457_cov_41.702653:76379-77011|+   -            211 63012                -            208  9.8e-122  402.3   0.0   1   1  2.4e-124  1.1e-121  402.1   0.0     1   207     1   207     1   208 0.99 NODE_17_length_86457_cov_41.702653_78 # 76379 # 77011 # 1 # ID=17_78;partial=00;start_type=TTG;rbs_motif=GGAG/GAGG;rbs_spacer=5-10bp;gc_cont=0.517
NODE_9_length_123825_cov_37.296666:88335-89807|+   -            491 63012                -            208     4e-13   47.4   0.0   1   2   2.2e-05      0.01   13.5   0.0    29    63     5    38     3   132 0.83 NODE_9_length_123825_cov_37.296666_77 # 88335 # 89807 # 1 # ID=9_77;partial=00;start_type=ATG;rbs_motif=GGAG/GAGG;rbs_spacer=5-10bp;gc_cont=0.520
NODE_9_length_123825_cov_37.296666:88335-89807|+   -            491 63012                -            208     4e-13   47.4   0.0   2   2     1e-10   4.7e-08   30.9   0.0    23   200   199   375   195   382 0.88 NODE_9_length_123825_cov_37.296666_77 # 88335 # 89807 # 1 # ID=9_77;partial=00;start_type=ATG;rbs_motif=GGAG/GAGG;rbs_spacer=5-10bp;gc_cont=0.520
NODE_9_length_123825_cov_37.296666:22919-23824|+   -            302 63012                -            208   3.8e-05   21.4   0.3   1   2     2e-07   9.1e-05   20.2   0.3    29    83    11    67     2   177 0.72 NODE_9_length_123825_cov_37.296666_22 # 22919 # 23824 # 1 # ID=9_22;partial=00;start_type=ATG;rbs_motif=GGAG/GAGG;rbs_spacer=5-10bp;gc_cont=0.523
NODE_9_length_123825_cov_37.296666:22919-23824|+   -            302 63012                -            208   3.8e-05   21.4   0.3   2   2       2.9   1.4e+03   -3.3   0.0   165   187   208   230   188   231 0.62 NODE_9_length_123825_cov_37.296666_22 # 22919 # 23824 # 1 # ID=9_22;partial=00;start_type=ATG;rbs_motif=GGAG/GAGG;rbs_spacer=5-10bp;gc_cont=0.523
NODE_26_length_78359_cov_41.157595:24715-26079|-   -            455 63012                -            208   0.00011   19.8   0.0   1   1     6e-07   0.00027   18.6   0.0    25    63   215   252   210   274 0.88 NODE_26_length_78359_cov_41.157595_24 # 24715 # 26079 # -1 # ID=26_24;partial=00;start_type=ATG;rbs_motif=AGGA;rbs_spacer=5-10bp;gc_cont=0.564
NODE_86_length_12147_cov_42.083361:4825-5709|-     -            295 63012                -            208   0.00014   19.5   0.0   1   1   4.8e-07   0.00022   18.9   0.0    29    89    41   103    26   118 0.77 NODE_86_length_12147_cov_42.083361_11 # 4825 # 5709 # -1 # ID=86_11;partial=00;start_type=ATG;rbs_motif=AGGA;rbs_spacer=5-10bp;gc_cont=0.536
NODE_55_length_28139_cov_44.779594:9338-10210|-    -            291 63012                -            208   0.00048   17.8   0.0   1   2   2.1e-06   0.00098   16.8   0.0    26    85    34    97    18   118 0.77 NODE_55_length_28139_cov_44.779594_9 # 9338 # 10210 # -1 # ID=55_9;partial=00;start_type=ATG;rbs_motif=GGA/GAG/AGG;rbs_spacer=5-10bp;gc_cont=0.586
NODE_55_length_28139_cov_44.779594:9338-10210|-    -            291 63012                -            208   0.00048   17.8   0.0   2   2       3.6   1.6e+03   -3.5   0.0   139   150   146   157   138   161 0.82 NODE_55_length_28139_cov_44.779594_9 # 9338 # 10210 # -1 # ID=55_9;partial=00;start_type=ATG;rbs_motif=GGA/GAG/AGG;rbs_spacer=5-10bp;gc_cont=0.586
NODE_82_length_13376_cov_48.421617:4398-5270|-     -            291 63012                -            208   0.00067   17.3   0.0   1   2     3e-06    0.0014   16.3   0.0    26    85    34    97    18   118 0.77 NODE_82_length_13376_cov_48.421617_4 # 4398 # 5270 # -1 # ID=82_4;partial=00;start_type=ATG;rbs_motif=GGA/GAG/AGG;rbs_spacer=5-10bp;gc_cont=0.586
NODE_82_length_13376_cov_48.421617:4398-5270|-     -            291 63012                -            208   0.00067   17.3   0.0   2   2       3.6   1.6e+03   -3.5   0.0   139   150   146   157   138   161 0.82 NODE_82_length_13376_cov_48.421617_4 # 4398 # 5270 # -1 # ID=82_4;partial=00;start_type=ATG;rbs_motif=GGA/GAG/AGG;rbs_spacer=5-10bp;gc_cont=0.586
NODE_4_length_139564_cov_44.158667:81418-82116|+   -            233 63012                -            208    0.0063   14.1   0.0   1   1   3.4e-05     0.015   12.9   0.0    20    47    19    46     7    54 0.89 NODE_4_length_139564_cov_44.158667_72 # 81418 # 82116 # 1 # ID=4_72;partial=00;start_type=ATG;rbs_motif=None;rbs_spacer=None;gc_cont=0.579
NODE_29_length_69919_cov_43.020805:26252-27304|+   -            351 63012                -            208    0.0085   13.7   0.1   1   2      0.54   2.5e+02   -0.9   0.0   136   193   151   205   125   211 0.61 NODE_29_length_69919_cov_43.020805_27 # 26252 # 27304 # 1 # ID=29_27;partial=00;start_type=TTG;rbs_motif=AGGAG;rbs_spacer=5-10bp;gc_cont=0.540
NODE_29_length_69919_cov_43.020805:26252-27304|+   -            351 63012                -            208    0.0085   13.7   0.1   2   2   6.3e-05     0.029   12.0   0.0    30    81   211   269   198   281 0.74 NODE_29_length_69919_cov_43.020805_27 # 26252 # 27304 # 1 # ID=29_27;partial=00;start_type=TTG;rbs_motif=AGGAG;rbs_spacer=5-10bp;gc_cont=0.540
NODE_1_length_276430_cov_40.515391:264296-266209|- -            638 63012                -            208     0.025   12.2   0.1   1   2     0.025        11    3.5   0.0    23    51    24    52    13    70 0.81 NODE_1_length_276430_cov_40.515391_237 # 264296 # 266209 # -1 # ID=1_237;partial=00;start_type=ATG;rbs_motif=None;rbs_spacer=None;gc_cont=0.552
NODE_1_length_276430_cov_40.515391:264296-266209|- -            638 63012                -            208     0.025   12.2   0.1   2   2    0.0041       1.9    6.0   0.0    26    67   338   377   328   385 0.84 NODE_1_length_276430_cov_40.515391_237 # 264296 # 266209 # -1 # ID=1_237;partial=00;start_type=ATG;rbs_motif=None;rbs_spacer=None;gc_cont=0.552
NODE_29_length_69919_cov_43.020805:15809-17089|-   -            427 63012                -            208     0.027   12.1   0.1   1   1   0.00011     0.051   11.2   0.1    29    52   200   223   193   328 0.83 NODE_29_length_69919_cov_43.020805_18 # 15809 # 17089 # -1 # ID=29_18;partial=00;start_type=TTG;rbs_motif=GGAG/GAGG;rbs_spacer=5-10bp;gc_cont=0.539
#
# Program:         hmmsearch
# Version:         3.4 (Aug 2023)
# Pipeline mode:   SEARCH
# Query file:      /home/simonedassisi/busco_downloads/lineages/enterobacteriaceae_odb12/hmms/63012at543.hmm
# Target file:     home/simonedassisi/Desktop/BUSCO_output/prodigal_output/predicted_genes/predicted.faa
# Option settings: hmmsearch --domtblout home/simonedassisi/Desktop/BUSCO_output/run_enterobacteriaceae_odb12/hmmer_output/63012at543.out --cpu 1 /home/simonedassisi/busco_downloads/lineages/enterobacteriaceae_odb12/hmms/63012at543.hmm home/simonedassisi/Desktop/BUSCO_output/prodigal_output/predicted_genes/predicted.faa 
# Current dir:     /home/simonedassisi
# Date:            Tue Apr  1 14:30:28 2025
# [ok]
