#                                                                                                         --- full sequence --- -------------- this domain -------------   hmm coord   ali coord   env coord
# target name                                     accession   tlen query name           accession   qlen   E-value  score  bias   #  of  c-Evalue  i-Evalue  score  bias  from    to  from    to  from    to  acc description of target
#                             ------------------- ---------- ----- -------------------- ---------- ----- --------- ------ ----- --- --- --------- --------- ------ ----- ----- ----- ----- ----- ----- ----- ---- ---------------------
NODE_13_length_92664_cov_37.475885:31636-33363|-  -            576 6312                 -            574         0 1199.7  12.4   1   1         0         0 1199.5  12.4     1   574     1   574     1   574 1.00 NODE_13_length_92664_cov_37.475885_37 # 31636 # 33363 # -1 # ID=13_37;partial=00;start_type=ATG;rbs_motif=GGA/GAG/AGG;rbs_spacer=5-10bp;gc_cont=0.495
NODE_13_length_92664_cov_37.475885:61593-64088|+  -            832 6312                 -            574  3.3e-140  466.4   0.0   1   1  5.1e-143  4.3e-140  466.0   0.0    52   572   164   681   118   683 0.93 NODE_13_length_92664_cov_37.475885_64 # 61593 # 64088 # 1 # ID=13_64;partial=00;start_type=ATG;rbs_motif=GGAG/GAGG;rbs_spacer=5-10bp;gc_cont=0.551
NODE_42_length_44050_cov_40.658288:27140-29641|+  -            834 6312                 -            574  3.3e-126  420.2   0.0   1   1  5.2e-129  4.4e-126  419.8   0.0    69   571   181   683   161   686 0.93 NODE_42_length_44050_cov_40.658288_22 # 27140 # 29641 # 1 # ID=42_22;partial=00;start_type=ATG;rbs_motif=GGAG/GAGG;rbs_spacer=5-10bp;gc_cont=0.551
NODE_12_length_106079_cov_39.536715:24599-26845|+ -            749 6312                 -            574  1.8e-110  368.2   0.0   1   1  2.5e-113  2.1e-110  368.0   0.0    39   571   208   737   171   740 0.91 NODE_12_length_106079_cov_39.536715_27 # 24599 # 26845 # 1 # ID=12_27;partial=00;start_type=ATG;rbs_motif=None;rbs_spacer=None;gc_cont=0.540
NODE_45_length_36631_cov_36.253287:33872-36250|+  -            793 6312                 -            574   1.5e-31  107.6   0.0   1   3   1.3e-11   1.1e-08   32.2   0.0   147   222   381   454   358   465 0.77 NODE_45_length_36631_cov_36.253287_35 # 33872 # 36250 # 1 # ID=45_35;partial=00;start_type=ATG;rbs_motif=AGGA;rbs_spacer=5-10bp;gc_cont=0.549
NODE_45_length_36631_cov_36.253287:33872-36250|+  -            793 6312                 -            574   1.5e-31  107.6   0.0   2   3      0.45   3.8e+02   -2.6   0.0   263   301   478   516   464   518 0.76 NODE_45_length_36631_cov_36.253287_35 # 33872 # 36250 # 1 # ID=45_35;partial=00;start_type=ATG;rbs_motif=AGGA;rbs_spacer=5-10bp;gc_cont=0.549
NODE_45_length_36631_cov_36.253287:33872-36250|+  -            793 6312                 -            574   1.5e-31  107.6   0.0   3   3   8.2e-24   6.9e-21   72.4   0.0   347   526   597   776   563   783 0.79 NODE_45_length_36631_cov_36.253287_35 # 33872 # 36250 # 1 # ID=45_35;partial=00;start_type=ATG;rbs_motif=AGGA;rbs_spacer=5-10bp;gc_cont=0.549
NODE_71_length_16748_cov_35.319114:7790-9208|+    -            473 6312                 -            574   1.9e-22   77.6   0.0   1   1   3.1e-25   2.6e-22   77.1   0.0    32   222   274   463   257   469 0.93 NODE_71_length_16748_cov_35.319114_7 # 7790 # 9208 # 1 # ID=71_7;partial=00;start_type=ATG;rbs_motif=AGGA;rbs_spacer=5-10bp;gc_cont=0.498
#
# Program:         hmmsearch
# Version:         3.4 (Aug 2023)
# Pipeline mode:   SEARCH
# Query file:      /home/simonedassisi/busco_downloads/lineages/enterobacteriaceae_odb12/hmms/6312at543.hmm
# Target file:     home/simonedassisi/Desktop/BUSCO_output/prodigal_output/predicted_genes/predicted.faa
# Option settings: hmmsearch --domtblout home/simonedassisi/Desktop/BUSCO_output/run_enterobacteriaceae_odb12/hmmer_output/6312at543.out --cpu 1 /home/simonedassisi/busco_downloads/lineages/enterobacteriaceae_odb12/hmms/6312at543.hmm home/simonedassisi/Desktop/BUSCO_output/prodigal_output/predicted_genes/predicted.faa 
# Current dir:     /home/simonedassisi
# Date:            Tue Apr  1 14:30:28 2025
# [ok]
