#                                                                                                         --- full sequence --- -------------- this domain -------------   hmm coord   ali coord   env coord
# target name                                     accession   tlen query name           accession   qlen   E-value  score  bias   #  of  c-Evalue  i-Evalue  score  bias  from    to  from    to  from    to  acc description of target
#                             ------------------- ---------- ----- -------------------- ---------- ----- --------- ------ ----- --- --- --------- --------- ------ ----- ----- ----- ----- ----- ----- ----- ---- ---------------------
NODE_8_length_126545_cov_41.885285:69454-69945|-  -            164 63461                -            161   2.7e-98  324.4   0.2   1   1  6.6e-101     3e-98  324.3   0.2     1   158     1   158     1   161 0.99 NODE_8_length_126545_cov_41.885285_62 # 69454 # 69945 # -1 # ID=8_62;partial=00;start_type=ATG;rbs_motif=GGA/GAG/AGG;rbs_spacer=5-10bp;gc_cont=0.518
NODE_17_length_86457_cov_41.702653:34338-34784|+  -            149 63461                -            161   3.4e-13   47.8   0.1   1   1   8.2e-16   3.8e-13   47.7   0.1    14   149     4   139     1   147 0.86 NODE_17_length_86457_cov_41.702653_38 # 34338 # 34784 # 1 # ID=17_38;partial=00;start_type=ATG;rbs_motif=GGAG/GAGG;rbs_spacer=5-10bp;gc_cont=0.510
NODE_90_length_11481_cov_41.970231:4204-4668|+    -            155 63461                -            161   1.6e-11   42.4   0.0   1   1   3.7e-14   1.7e-11   42.3   0.0    51   157    44   151     2   154 0.80 NODE_90_length_11481_cov_41.970231_5 # 4204 # 4668 # 1 # ID=90_5;partial=00;start_type=ATG;rbs_motif=AGGA;rbs_spacer=5-10bp;gc_cont=0.546
NODE_37_length_49199_cov_38.911069:15082-15438|+  -            119 63461                -            161   2.5e-10   38.5   0.0   1   1   6.1e-13   2.8e-10   38.3   0.0    10   113     3   107     1   115 0.77 NODE_37_length_49199_cov_38.911069_14 # 15082 # 15438 # 1 # ID=37_14;partial=00;start_type=ATG;rbs_motif=GGAG/GAGG;rbs_spacer=5-10bp;gc_cont=0.560
NODE_13_length_92664_cov_37.475885:61593-64088|+  -            832 63461                -            161     1e-09   36.5   0.0   1   1   5.6e-12   2.6e-09   35.2   0.0    52   153   726   825   711   830 0.89 NODE_13_length_92664_cov_37.475885_64 # 61593 # 64088 # 1 # ID=13_64;partial=00;start_type=ATG;rbs_motif=GGAG/GAGG;rbs_spacer=5-10bp;gc_cont=0.551
NODE_3_length_152663_cov_37.088930:12632-13762|+  -            377 63461                -            161   1.5e-09   36.0   0.1   1   1   9.9e-12   4.5e-09   34.4   0.1    50   159    39   145     9   147 0.76 NODE_3_length_152663_cov_37.088930_12 # 12632 # 13762 # 1 # ID=3_12;partial=00;start_type=ATG;rbs_motif=GGAG/GAGG;rbs_spacer=5-10bp;gc_cont=0.560
NODE_54_length_28184_cov_41.894607:21514-23427|-  -            638 63461                -            161     8e-08   30.3   0.0   1   1   4.4e-10     2e-07   29.0   0.0    51   154   532   634   505   637 0.82 NODE_54_length_28184_cov_41.894607_20 # 21514 # 23427 # -1 # ID=54_20;partial=00;start_type=ATG;rbs_motif=AGxAGG/AGGxGG;rbs_spacer=5-10bp;gc_cont=0.536
NODE_42_length_44050_cov_40.658288:27140-29641|+  -            834 63461                -            161   3.5e-05   21.7   0.0   1   1   1.5e-07   6.7e-05   20.8   0.0    14   152   690   826   680   832 0.75 NODE_42_length_44050_cov_40.658288_22 # 27140 # 29641 # 1 # ID=42_22;partial=00;start_type=ATG;rbs_motif=GGAG/GAGG;rbs_spacer=5-10bp;gc_cont=0.551
NODE_44_length_40808_cov_40.967724:32332-32763|-  -            144 63461                -            161     5e-05   21.3   0.0   1   1   1.4e-07   6.4e-05   20.9   0.0    65   153    55   141    49   143 0.90 NODE_44_length_40808_cov_40.967724_29 # 32332 # 32763 # -1 # ID=44_29;partial=00;start_type=ATG;rbs_motif=GGAG/GAGG;rbs_spacer=5-10bp;gc_cont=0.549
NODE_11_length_117034_cov_40.464403:84383-84826|- -            148 63461                -            161   0.00016   19.6   0.0   1   1   4.6e-07   0.00021   19.2   0.0    67   154    61   145    52   147 0.91 NODE_11_length_117034_cov_40.464403_75 # 84383 # 84826 # -1 # ID=11_75;partial=00;start_type=ATG;rbs_motif=AGGA;rbs_spacer=5-10bp;gc_cont=0.419
NODE_17_length_86457_cov_41.702653:37306-39054|+  -            583 63461                -            161   0.00074   17.5   0.0   1   1   3.2e-06    0.0015   16.5   0.0    52   131   484   558   454   564 0.72 NODE_17_length_86457_cov_41.702653_41 # 37306 # 39054 # 1 # ID=17_41;partial=00;start_type=ATG;rbs_motif=AGxAGG/AGGxGG;rbs_spacer=3-4bp;gc_cont=0.501
#
# Program:         hmmsearch
# Version:         3.4 (Aug 2023)
# Pipeline mode:   SEARCH
# Query file:      /home/simonedassisi/busco_downloads/lineages/enterobacteriaceae_odb12/hmms/63461at543.hmm
# Target file:     home/simonedassisi/Desktop/BUSCO_output/prodigal_output/predicted_genes/predicted.faa
# Option settings: hmmsearch --domtblout home/simonedassisi/Desktop/BUSCO_output/run_enterobacteriaceae_odb12/hmmer_output/63461at543.out --cpu 1 /home/simonedassisi/busco_downloads/lineages/enterobacteriaceae_odb12/hmms/63461at543.hmm home/simonedassisi/Desktop/BUSCO_output/prodigal_output/predicted_genes/predicted.faa 
# Current dir:     /home/simonedassisi
# Date:            Tue Apr  1 14:30:28 2025
# [ok]
