#                                                                                                        --- full sequence --- -------------- this domain -------------   hmm coord   ali coord   env coord
# target name                                    accession   tlen query name           accession   qlen   E-value  score  bias   #  of  c-Evalue  i-Evalue  score  bias  from    to  from    to  from    to  acc description of target
#                            ------------------- ---------- ----- -------------------- ---------- ----- --------- ------ ----- --- --- --------- --------- ------ ----- ----- ----- ----- ----- ----- ----- ---- ---------------------
NODE_14_length_92032_cov_37.540264:12127-16089|+ -           1321 6355                 -           1229         0 2553.7   1.4   1   1         0         0 2553.4   1.4     3  1229    71  1315    69  1315 0.98 NODE_14_length_92032_cov_37.540264_11 # 12127 # 16089 # 1 # ID=14_11;partial=00;start_type=ATG;rbs_motif=AGGAG;rbs_spacer=5-10bp;gc_cont=0.565
NODE_48_length_31921_cov_35.968831:5173-6621|+   -            483 6355                 -           1229   2.7e-62  208.7   0.1   1   1     9e-65   3.5e-62  208.3   0.1   584  1023    21   462     4   474 0.90 NODE_48_length_31921_cov_35.968831_4 # 5173 # 6621 # 1 # ID=48_4;partial=00;start_type=ATG;rbs_motif=AGGA;rbs_spacer=5-10bp;gc_cont=0.573
NODE_49_length_31840_cov_36.883045:11093-12517|+ -            475 6355                 -           1229     8e-60  200.5   0.1   1   1   2.7e-62   1.1e-59  200.1   0.1   587  1023    15   454     7   461 0.89 NODE_49_length_31840_cov_36.883045_12 # 11093 # 12517 # 1 # ID=49_12;partial=00;start_type=ATG;rbs_motif=AGGA;rbs_spacer=5-10bp;gc_cont=0.532
NODE_40_length_46585_cov_37.455939:14549-15988|- -            480 6355                 -           1229   3.9e-58  194.9   1.4   1   1   1.3e-60   5.1e-58  194.5   1.4   590  1031    23   470    15   475 0.89 NODE_40_length_46585_cov_37.455939_16 # 14549 # 15988 # -1 # ID=40_16;partial=00;start_type=ATG;rbs_motif=AGGAG;rbs_spacer=5-10bp;gc_cont=0.512
NODE_5_length_138947_cov_37.421618:78406-79878|- -            491 6355                 -           1229     4e-52  175.0   0.1   1   1   1.4e-54   5.3e-52  174.6   0.1   584  1026    17   466     3   480 0.84 NODE_5_length_138947_cov_37.421618_68 # 78406 # 79878 # -1 # ID=5_68;partial=00;start_type=ATG;rbs_motif=AGGAG;rbs_spacer=5-10bp;gc_cont=0.582
NODE_38_length_48580_cov_35.344705:39803-41281|+ -            493 6355                 -           1229   6.8e-50  167.6   0.0   1   1   2.3e-52   8.8e-50  167.2   0.0   601  1021    26   450    11   457 0.85 NODE_38_length_48580_cov_35.344705_40 # 39803 # 41281 # 1 # ID=38_40;partial=00;start_type=ATG;rbs_motif=AGGAG;rbs_spacer=5-10bp;gc_cont=0.578
NODE_99_length_8647_cov_35.430047:5716-7254|+    -            513 6355                 -           1229   1.6e-49  166.4   0.0   1   1   5.2e-52     2e-49  166.1   0.0   603  1022    53   483    35   492 0.85 NODE_99_length_8647_cov_35.430047_5 # 5716 # 7254 # 1 # ID=99_5;partial=00;start_type=ATG;rbs_motif=AGGAG;rbs_spacer=5-10bp;gc_cont=0.550
NODE_22_length_80627_cov_36.893466:71192-72679|+ -            496 6355                 -           1229   8.8e-49  163.9   0.0   1   1   2.8e-51   1.1e-48  163.6   0.0   587  1022    33   472     2   477 0.83 NODE_22_length_80627_cov_36.893466_71 # 71192 # 72679 # 1 # ID=22_71;partial=00;start_type=ATG;rbs_motif=AGGAG;rbs_spacer=5-10bp;gc_cont=0.573
NODE_35_length_52795_cov_36.978564:91-1443|-     -            451 6355                 -           1229   2.9e-45  152.3   0.4   1   1   2.2e-47   8.5e-45  150.7   0.4   588   980    34   438    26   443 0.88 NODE_35_length_52795_cov_36.978564_1 # 91 # 1443 # -1 # ID=35_1;partial=00;start_type=ATG;rbs_motif=AGGA;rbs_spacer=5-10bp;gc_cont=0.532
NODE_33_length_56462_cov_40.195669:8036-9502|+   -            489 6355                 -           1229   7.5e-41  137.7   0.0   1   1   2.6e-43     1e-40  137.2   0.0   590  1026    18   461     4   477 0.84 NODE_33_length_56462_cov_40.195669_8 # 8036 # 9502 # 1 # ID=33_8;partial=00;start_type=ATG;rbs_motif=GGAG/GAGG;rbs_spacer=5-10bp;gc_cont=0.586
NODE_15_length_91266_cov_36.275195:63169-64557|+ -            463 6355                 -           1229   4.2e-37  125.3   1.2   1   1   1.4e-39   5.5e-37  124.9   1.2   594  1020    12   438     4   444 0.85 NODE_15_length_91266_cov_36.275195_63 # 63169 # 64557 # 1 # ID=15_63;partial=00;start_type=ATG;rbs_motif=AGGAG;rbs_spacer=5-10bp;gc_cont=0.528
NODE_40_length_46585_cov_37.455939:41648-43693|+ -            682 6355                 -           1229   5.5e-16   55.3   3.5   1   1   2.2e-18   8.7e-16   54.6   3.5   699   952   149   404   141   443 0.86 NODE_40_length_46585_cov_37.455939_39 # 41648 # 43693 # 1 # ID=40_39;partial=00;start_type=ATG;rbs_motif=GGAG/GAGG;rbs_spacer=5-10bp;gc_cont=0.539
NODE_13_length_92664_cov_37.475885:3843-5246|+   -            468 6355                 -           1229   0.00081   15.0   8.1   1   1   2.5e-06   0.00096   14.8   8.1   695   989   123   408    22   445 0.72 NODE_13_length_92664_cov_37.475885_8 # 3843 # 5246 # 1 # ID=13_8;partial=00;start_type=ATG;rbs_motif=GGA/GAG/AGG;rbs_spacer=5-10bp;gc_cont=0.573
#
# Program:         hmmsearch
# Version:         3.4 (Aug 2023)
# Pipeline mode:   SEARCH
# Query file:      /home/simonedassisi/busco_downloads/lineages/enterobacteriaceae_odb12/hmms/6355at543.hmm
# Target file:     home/simonedassisi/Desktop/BUSCO_output/prodigal_output/predicted_genes/predicted.faa
# Option settings: hmmsearch --domtblout home/simonedassisi/Desktop/BUSCO_output/run_enterobacteriaceae_odb12/hmmer_output/6355at543.out --cpu 1 /home/simonedassisi/busco_downloads/lineages/enterobacteriaceae_odb12/hmms/6355at543.hmm home/simonedassisi/Desktop/BUSCO_output/prodigal_output/predicted_genes/predicted.faa 
# Current dir:     /home/simonedassisi
# Date:            Tue Apr  1 14:30:28 2025
# [ok]
