#                                                                                                          --- full sequence --- -------------- this domain -------------   hmm coord   ali coord   env coord
# target name                                      accession   tlen query name           accession   qlen   E-value  score  bias   #  of  c-Evalue  i-Evalue  score  bias  from    to  from    to  from    to  acc description of target
#                              ------------------- ---------- ----- -------------------- ---------- ----- --------- ------ ----- --- --- --------- --------- ------ ----- ----- ----- ----- ----- ----- ----- ---- ---------------------
NODE_9_length_123825_cov_37.296666:88335-89807|+   -            491 6430                 -            484  2.5e-278  921.6   0.0   1   1  9.8e-281  2.8e-278  921.5   0.0     1   484     1   490     1   490 0.98 NODE_9_length_123825_cov_37.296666_77 # 88335 # 89807 # 1 # ID=9_77;partial=00;start_type=ATG;rbs_motif=GGAG/GAGG;rbs_spacer=5-10bp;gc_cont=0.520
NODE_9_length_123825_cov_37.296666:22919-23824|+   -            302 6430                 -            484   3.2e-24   83.6   0.0   1   1   1.6e-26   4.4e-24   83.1   0.0     5   162    11   173     8   214 0.85 NODE_9_length_123825_cov_37.296666_22 # 22919 # 23824 # 1 # ID=9_22;partial=00;start_type=ATG;rbs_motif=GGAG/GAGG;rbs_spacer=5-10bp;gc_cont=0.523
NODE_26_length_78359_cov_41.157595:24715-26079|-   -            455 6430                 -            484   8.6e-21   72.3   0.0   1   1   4.2e-23   1.2e-20   71.8   0.0     5   165   219   379   214   410 0.82 NODE_26_length_78359_cov_41.157595_24 # 24715 # 26079 # -1 # ID=26_24;partial=00;start_type=ATG;rbs_motif=AGGA;rbs_spacer=5-10bp;gc_cont=0.564
NODE_29_length_69919_cov_43.020805:15809-17089|-   -            427 6430                 -            484   6.6e-12   43.0   0.0   1   1   3.2e-14   8.9e-12   42.5   0.0     2   160   197   359   196   376 0.78 NODE_29_length_69919_cov_43.020805_18 # 15809 # 17089 # -1 # ID=29_18;partial=00;start_type=TTG;rbs_motif=GGAG/GAGG;rbs_spacer=5-10bp;gc_cont=0.539
NODE_1_length_276430_cov_40.515391:204738-207059|- -            774 6430                 -            484   4.1e-11   40.3   0.0   1   1     3e-13   8.4e-11   39.3   0.0     5   157     6   162     3   195 0.78 NODE_1_length_276430_cov_40.515391_181 # 204738 # 207059 # -1 # ID=1_181;partial=00;start_type=ATG;rbs_motif=None;rbs_spacer=None;gc_cont=0.549
NODE_8_length_126545_cov_41.885285:100508-103180|+ -            891 6430                 -            484   6.3e-09   33.1   0.0   1   1   5.3e-11   1.5e-08   31.9   0.0     3   163   392   553   390   571 0.86 NODE_8_length_126545_cov_41.885285_96 # 100508 # 103180 # 1 # ID=8_96;partial=00;start_type=ATG;rbs_motif=AGGA;rbs_spacer=5-10bp;gc_cont=0.535
NODE_17_length_86457_cov_41.702653:76379-77011|+   -            211 6430                 -            484   1.1e-08   32.3   0.0   1   1   6.3e-11   1.8e-08   31.7   0.0   190   362    20   193     3   206 0.80 NODE_17_length_86457_cov_41.702653_78 # 76379 # 77011 # 1 # ID=17_78;partial=00;start_type=TTG;rbs_motif=GGAG/GAGG;rbs_spacer=5-10bp;gc_cont=0.517
NODE_55_length_28139_cov_44.779594:9338-10210|-    -            291 6430                 -            484   1.8e-08   31.6   0.0   1   1     9e-11   2.5e-08   31.1   0.0     3   125    37   159    35   166 0.86 NODE_55_length_28139_cov_44.779594_9 # 9338 # 10210 # -1 # ID=55_9;partial=00;start_type=ATG;rbs_motif=GGA/GAG/AGG;rbs_spacer=5-10bp;gc_cont=0.586
NODE_82_length_13376_cov_48.421617:4398-5270|-     -            291 6430                 -            484   2.3e-08   31.3   0.0   1   1   1.2e-10   3.3e-08   30.8   0.0     3   125    37   159    35   166 0.86 NODE_82_length_13376_cov_48.421617_4 # 4398 # 5270 # -1 # ID=82_4;partial=00;start_type=ATG;rbs_motif=GGA/GAG/AGG;rbs_spacer=5-10bp;gc_cont=0.586
NODE_8_length_126545_cov_41.885285:84768-85940|+   -            391 6430                 -            484   4.2e-07   27.1   0.0   1   1   2.7e-09   7.4e-07   26.3   0.0     5   175   162   345   157   368 0.73 NODE_8_length_126545_cov_41.885285_83 # 84768 # 85940 # 1 # ID=8_83;partial=00;start_type=ATG;rbs_motif=GGAG/GAGG;rbs_spacer=5-10bp;gc_cont=0.533
NODE_41_length_44791_cov_39.437601:31732-33159|-   -            476 6430                 -            484   1.1e-06   25.7   0.3   1   3     0.046        13    2.4   0.0   195   226    26    57     4    66 0.79 NODE_41_length_44791_cov_39.437601_37 # 31732 # 33159 # -1 # ID=41_37;partial=00;start_type=ATG;rbs_motif=GGA/GAG/AGG;rbs_spacer=11-12bp;gc_cont=0.543
NODE_41_length_44791_cov_39.437601:31732-33159|-   -            476 6430                 -            484   1.1e-06   25.7   0.3   2   3    0.0009      0.25    8.1   0.0    33    68    90   125    78   131 0.86 NODE_41_length_44791_cov_39.437601_37 # 31732 # 33159 # -1 # ID=41_37;partial=00;start_type=ATG;rbs_motif=GGA/GAG/AGG;rbs_spacer=11-12bp;gc_cont=0.543
NODE_41_length_44791_cov_39.437601:31732-33159|-   -            476 6430                 -            484   1.1e-06   25.7   0.3   3   3   6.6e-05     0.018   11.8   0.1   279   326   131   179   127   241 0.73 NODE_41_length_44791_cov_39.437601_37 # 31732 # 33159 # -1 # ID=41_37;partial=00;start_type=ATG;rbs_motif=GGA/GAG/AGG;rbs_spacer=11-12bp;gc_cont=0.543
NODE_86_length_12147_cov_42.083361:4825-5709|-     -            295 6430                 -            484   1.7e-06   25.2   0.0   1   1   7.1e-09     2e-06   24.9   0.0   197   308    39   146     4   179 0.81 NODE_86_length_12147_cov_42.083361_11 # 4825 # 5709 # -1 # ID=86_11;partial=00;start_type=ATG;rbs_motif=AGGA;rbs_spacer=5-10bp;gc_cont=0.536
NODE_53_length_29778_cov_36.323025:164-1255|-      -            364 6430                 -            484   0.00077   16.3   0.0   1   1   4.4e-06    0.0012   15.7   0.0     6    25     6    25     1    38 0.84 NODE_53_length_29778_cov_36.323025_1 # 164 # 1255 # -1 # ID=53_1;partial=00;start_type=ATG;rbs_motif=GGA/GAG/AGG;rbs_spacer=11-12bp;gc_cont=0.510
NODE_7_length_130108_cov_39.332856:33478-35706|-   -            743 6430                 -            484    0.0013   15.6   0.0   1   2   0.00013     0.037   10.8   0.0   187   220    60    93    21   106 0.75 NODE_7_length_130108_cov_39.332856_27 # 33478 # 35706 # -1 # ID=7_27;partial=00;start_type=ATG;rbs_motif=AGGA;rbs_spacer=5-10bp;gc_cont=0.515
NODE_7_length_130108_cov_39.332856:33478-35706|-   -            743 6430                 -            484    0.0013   15.6   0.0   2   2     0.045        12    2.5   0.0    74   126   254   305   227   337 0.59 NODE_7_length_130108_cov_39.332856_27 # 33478 # 35706 # -1 # ID=7_27;partial=00;start_type=ATG;rbs_motif=AGGA;rbs_spacer=5-10bp;gc_cont=0.515
NODE_58_length_27727_cov_38.767101:132-1046|+      -            305 6430                 -            484    0.0038   14.1   0.0   1   1   2.3e-05    0.0065   13.3   0.0   153   219    61   127    55   138 0.82 NODE_58_length_27727_cov_38.767101_1 # 132 # 1046 # 1 # ID=58_1;partial=00;start_type=ATG;rbs_motif=4Base/6BMM;rbs_spacer=13-15bp;gc_cont=0.404
NODE_17_length_86457_cov_41.702653:66920-68743|-   -            608 6430                 -            484     0.037   10.8   0.0   1   1   0.00041      0.11    9.2   0.0    33   122    51   132     4   150 0.78 NODE_17_length_86457_cov_41.702653_70 # 66920 # 68743 # -1 # ID=17_70;partial=00;start_type=GTG;rbs_motif=GGAG/GAGG;rbs_spacer=5-10bp;gc_cont=0.533
NODE_31_length_58399_cov_38.812466:44933-46522|-   -            530 6430                 -            484      0.04   10.7   0.0   1   1   0.00074      0.21    8.3   0.0   199   319    16   146     5   164 0.61 NODE_31_length_58399_cov_38.812466_42 # 44933 # 46522 # -1 # ID=31_42;partial=00;start_type=ATG;rbs_motif=AGxAG;rbs_spacer=5-10bp;gc_cont=0.536
NODE_1_length_276430_cov_40.515391:264296-266209|- -            638 6430                 -            484     0.046   10.5   0.0   1   2      0.11        31    1.2   0.0     5    23    30    48    21    54 0.70 NODE_1_length_276430_cov_40.515391_237 # 264296 # 266209 # -1 # ID=1_237;partial=00;start_type=ATG;rbs_motif=None;rbs_spacer=None;gc_cont=0.552
NODE_1_length_276430_cov_40.515391:264296-266209|- -            638 6430                 -            484     0.046   10.5   0.0   2   2    0.0025      0.69    6.6   0.0     5    61   341   396   339   409 0.85 NODE_1_length_276430_cov_40.515391_237 # 264296 # 266209 # -1 # ID=1_237;partial=00;start_type=ATG;rbs_motif=None;rbs_spacer=None;gc_cont=0.552
#
# Program:         hmmsearch
# Version:         3.4 (Aug 2023)
# Pipeline mode:   SEARCH
# Query file:      /home/simonedassisi/busco_downloads/lineages/enterobacteriaceae_odb12/hmms/6430at543.hmm
# Target file:     home/simonedassisi/Desktop/BUSCO_output/prodigal_output/predicted_genes/predicted.faa
# Option settings: hmmsearch --domtblout home/simonedassisi/Desktop/BUSCO_output/run_enterobacteriaceae_odb12/hmmer_output/6430at543.out --cpu 1 /home/simonedassisi/busco_downloads/lineages/enterobacteriaceae_odb12/hmms/6430at543.hmm home/simonedassisi/Desktop/BUSCO_output/prodigal_output/predicted_genes/predicted.faa 
# Current dir:     /home/simonedassisi
# Date:            Tue Apr  1 14:30:29 2025
# [ok]
