#                                                                                                          --- full sequence --- -------------- this domain -------------   hmm coord   ali coord   env coord
# target name                                      accession   tlen query name           accession   qlen   E-value  score  bias   #  of  c-Evalue  i-Evalue  score  bias  from    to  from    to  from    to  acc description of target
#                              ------------------- ---------- ----- -------------------- ---------- ----- --------- ------ ----- --- --- --------- --------- ------ ----- ----- ----- ----- ----- ----- ----- ---- ---------------------
NODE_72_length_16341_cov_36.526767:6500-7255|+     -            252 64477                -            251  6.5e-127  420.1   0.2   1   1    2e-129  7.3e-127  420.0   0.2     1   251     1   251     1   251 0.99 NODE_72_length_16341_cov_36.526767_8 # 6500 # 7255 # 1 # ID=72_8;partial=00;start_type=ATG;rbs_motif=GGAGG;rbs_spacer=5-10bp;gc_cont=0.561
NODE_77_length_15753_cov_35.008191:11624-12394|-   -            257 64477                -            251   2.6e-17   61.1   0.1   1   1   8.1e-20   2.9e-17   60.9   0.1     7   143     8   150     2   216 0.74 NODE_77_length_15753_cov_35.008191_13 # 11624 # 12394 # -1 # ID=77_13;partial=00;start_type=ATG;rbs_motif=AGGA;rbs_spacer=5-10bp;gc_cont=0.490
NODE_15_length_91266_cov_36.275195:70265-71023|-   -            253 64477                -            251   6.8e-14   49.9   0.0   1   1   2.6e-16   9.4e-14   49.4   0.0    20   138     9   128     6   246 0.91 NODE_15_length_91266_cov_36.275195_70 # 70265 # 71023 # -1 # ID=15_70;partial=00;start_type=ATG;rbs_motif=GGAG/GAGG;rbs_spacer=5-10bp;gc_cont=0.542
NODE_36_length_50779_cov_38.268459:24087-24872|-   -            262 64477                -            251   1.4e-13   48.8   0.2   1   1   6.4e-16   2.3e-13   48.2   0.2     5   138     5   147     1   158 0.76 NODE_36_length_50779_cov_38.268459_18 # 24087 # 24872 # -1 # ID=36_18;partial=00;start_type=ATG;rbs_motif=GGAG/GAGG;rbs_spacer=5-10bp;gc_cont=0.517
NODE_16_length_86943_cov_42.279511:70435-71190|+   -            252 64477                -            251   1.8e-13   48.5   0.0   1   1   7.2e-16   2.6e-13   48.0   0.0     7   153    23   183    16   190 0.80 NODE_16_length_86943_cov_42.279511_64 # 70435 # 71190 # 1 # ID=16_64;partial=00;start_type=ATG;rbs_motif=AGxAGG/AGGxGG;rbs_spacer=5-10bp;gc_cont=0.521
NODE_2_length_157429_cov_38.171358:121691-122413|- -            241 64477                -            251   9.2e-11   39.6   0.0   1   1   2.8e-13     1e-10   39.5   0.0    37   144    51   163    10   198 0.86 NODE_2_length_157429_cov_38.171358_114 # 121691 # 122413 # -1 # ID=2_114;partial=00;start_type=ATG;rbs_motif=AGGA/GGAG/GAGG;rbs_spacer=11-12bp;gc_cont=0.539
NODE_6_length_131096_cov_36.333598:103512-104321|+ -            270 64477                -            251   1.5e-09   35.7   0.0   1   1   8.8e-12   3.2e-09   34.6   0.0    26   157    70   196    55   229 0.81 NODE_6_length_131096_cov_36.333598_105 # 103512 # 104321 # 1 # ID=6_105;partial=00;start_type=ATG;rbs_motif=GGAG/GAGG;rbs_spacer=5-10bp;gc_cont=0.514
NODE_6_length_131096_cov_36.333598:57129-57872|-   -            248 64477                -            251     2e-06   25.4   0.0   1   1   6.8e-09   2.5e-06   25.1   0.0    41   139    55   163    40   210 0.81 NODE_6_length_131096_cov_36.333598_56 # 57129 # 57872 # -1 # ID=6_56;partial=00;start_type=ATG;rbs_motif=GGA/GAG/AGG;rbs_spacer=5-10bp;gc_cont=0.503
NODE_40_length_46585_cov_37.455939:2064-2657|-     -            198 64477                -            251   2.3e-05   22.0   0.0   1   1   8.2e-08   2.9e-05   21.6   0.0    25   135    14   129     4   139 0.76 NODE_40_length_46585_cov_37.455939_3 # 2064 # 2657 # -1 # ID=40_3;partial=00;start_type=ATG;rbs_motif=GGAG/GAGG;rbs_spacer=5-10bp;gc_cont=0.456
NODE_31_length_58399_cov_38.812466:48236-49309|+   -            358 64477                -            251     4e-05   21.2   0.0   1   1     2e-07     7e-05   20.4   0.0    32    95   186   250   181   286 0.75 NODE_31_length_58399_cov_38.812466_46 # 48236 # 49309 # 1 # ID=31_46;partial=00;start_type=ATG;rbs_motif=AGGAG;rbs_spacer=5-10bp;gc_cont=0.558
NODE_77_length_15753_cov_35.008191:8636-9358|-     -            241 64477                -            251   0.00038   18.0   0.0   1   1   1.4e-06   0.00052   17.5   0.0    90   152    77   139    62   161 0.88 NODE_77_length_15753_cov_35.008191_10 # 8636 # 9358 # -1 # ID=77_10;partial=00;start_type=ATG;rbs_motif=GGA/GAG/AGG;rbs_spacer=5-10bp;gc_cont=0.495
NODE_44_length_40808_cov_40.967724:37221-37967|-   -            249 64477                -            251   0.00042   17.8   0.0   1   1   1.5e-06   0.00052   17.5   0.0    23    84    17    79     2   140 0.80 NODE_44_length_40808_cov_40.967724_35 # 37221 # 37967 # -1 # ID=44_35;partial=00;start_type=ATG;rbs_motif=AGGA;rbs_spacer=5-10bp;gc_cont=0.590
NODE_25_length_79707_cov_37.284883:29188-30336|-   -            383 64477                -            251      0.01   13.3   0.1   1   1   4.8e-05     0.017   12.5   0.1    23    82   148   208   137   223 0.81 NODE_25_length_79707_cov_37.284883_28 # 29188 # 30336 # -1 # ID=25_28;partial=00;start_type=ATG;rbs_motif=GGAG/GAGG;rbs_spacer=5-10bp;gc_cont=0.480
NODE_6_length_131096_cov_36.333598:56161-57132|-   -            324 64477                -            251     0.018   12.4   0.0   1   1   9.4e-05     0.034   11.6   0.0    34   142   114   228   110   232 0.67 NODE_6_length_131096_cov_36.333598_55 # 56161 # 57132 # -1 # ID=6_55;partial=00;start_type=ATG;rbs_motif=GGAG/GAGG;rbs_spacer=5-10bp;gc_cont=0.522
#
# Program:         hmmsearch
# Version:         3.4 (Aug 2023)
# Pipeline mode:   SEARCH
# Query file:      /home/simonedassisi/busco_downloads/lineages/enterobacteriaceae_odb12/hmms/64477at543.hmm
# Target file:     home/simonedassisi/Desktop/BUSCO_output/prodigal_output/predicted_genes/predicted.faa
# Option settings: hmmsearch --domtblout home/simonedassisi/Desktop/BUSCO_output/run_enterobacteriaceae_odb12/hmmer_output/64477at543.out --cpu 1 /home/simonedassisi/busco_downloads/lineages/enterobacteriaceae_odb12/hmms/64477at543.hmm home/simonedassisi/Desktop/BUSCO_output/prodigal_output/predicted_genes/predicted.faa 
# Current dir:     /home/simonedassisi
# Date:            Tue Apr  1 14:30:29 2025
# [ok]
