#                                                                                                          --- full sequence --- -------------- this domain -------------   hmm coord   ali coord   env coord
# target name                                      accession   tlen query name           accession   qlen   E-value  score  bias   #  of  c-Evalue  i-Evalue  score  bias  from    to  from    to  from    to  acc description of target
#                              ------------------- ---------- ----- -------------------- ---------- ----- --------- ------ ----- --- --- --------- --------- ------ ----- ----- ----- ----- ----- ----- ----- ---- ---------------------
NODE_7_length_130108_cov_39.332856:97591-98574|+   -            328 6524                 -            327  2.1e-203  672.5   0.4   1   1  6.6e-206  2.4e-203  672.3   0.4     1   327     1   327     1   327 1.00 NODE_7_length_130108_cov_39.332856_88 # 97591 # 98574 # 1 # ID=7_88;partial=00;start_type=ATG;rbs_motif=GGAGG;rbs_spacer=3-4bp;gc_cont=0.524
NODE_47_length_33827_cov_35.974125:20298-21308|-   -            337 6524                 -            327   7.7e-20   69.2   1.3   1   2   3.1e-07   0.00011   19.4   0.0    19    87    15    82     7    99 0.87 NODE_47_length_33827_cov_35.974125_20 # 20298 # 21308 # -1 # ID=47_20;partial=00;start_type=ATG;rbs_motif=AGGAGG;rbs_spacer=3-4bp;gc_cont=0.525
NODE_47_length_33827_cov_35.974125:20298-21308|-   -            337 6524                 -            327   7.7e-20   69.2   1.3   2   2   6.1e-16   2.2e-13   48.0   1.2    93   266   115   290   104   302 0.81 NODE_47_length_33827_cov_35.974125_20 # 20298 # 21308 # -1 # ID=47_20;partial=00;start_type=ATG;rbs_motif=AGGAGG;rbs_spacer=3-4bp;gc_cont=0.525
NODE_5_length_138947_cov_37.421618:128085-129194|- -            370 6524                 -            327   4.2e-13   47.1   0.2   1   2   3.5e-13   1.2e-10   39.0   0.0    16    86    15    85     7    95 0.94 NODE_5_length_138947_cov_37.421618_110 # 128085 # 129194 # -1 # ID=5_110;partial=00;start_type=ATG;rbs_motif=AGGA;rbs_spacer=5-10bp;gc_cont=0.536
NODE_5_length_138947_cov_37.421618:128085-129194|- -            370 6524                 -            327   4.2e-13   47.1   0.2   2   2     0.003       1.1    6.3   0.0   129   195   175   241   120   290 0.74 NODE_5_length_138947_cov_37.421618_110 # 128085 # 129194 # -1 # ID=5_110;partial=00;start_type=ATG;rbs_motif=AGGA;rbs_spacer=5-10bp;gc_cont=0.536
NODE_15_length_91266_cov_36.275195:38176-39195|+   -            340 6524                 -            327   1.5e-11   42.0   0.2   1   2     7e-10   2.5e-07   28.1   0.1    13    86     9    82     5    90 0.96 NODE_15_length_91266_cov_36.275195_36 # 38176 # 39195 # 1 # ID=15_36;partial=00;start_type=ATG;rbs_motif=AGGAG;rbs_spacer=5-10bp;gc_cont=0.452
NODE_15_length_91266_cov_36.275195:38176-39195|+   -            340 6524                 -            327   1.5e-11   42.0   0.2   2   2   5.5e-05      0.02   12.0   0.0    91   265   113   285   104   310 0.80 NODE_15_length_91266_cov_36.275195_36 # 38176 # 39195 # 1 # ID=15_36;partial=00;start_type=ATG;rbs_motif=AGGAG;rbs_spacer=5-10bp;gc_cont=0.452
NODE_5_length_138947_cov_37.421618:93750-94799|+   -            350 6524                 -            327   1.6e-09   35.4   0.5   1   2     3e-05     0.011   12.9   0.0    15    85    14    84     4    89 0.90 NODE_5_length_138947_cov_37.421618_80 # 93750 # 94799 # 1 # ID=5_80;partial=00;start_type=ATG;rbs_motif=AGGAG;rbs_spacer=5-10bp;gc_cont=0.536
NODE_5_length_138947_cov_37.421618:93750-94799|+   -            350 6524                 -            327   1.6e-09   35.4   0.5   2   2   1.4e-07   4.9e-05   20.6   0.1    92   196   126   229   123   240 0.75 NODE_5_length_138947_cov_37.421618_80 # 93750 # 94799 # 1 # ID=5_80;partial=00;start_type=ATG;rbs_motif=AGGAG;rbs_spacer=5-10bp;gc_cont=0.536
NODE_3_length_152663_cov_37.088930:103285-104325|+ -            347 6524                 -            327     5e-09   33.7   0.1   1   2   0.00089      0.32    8.0   0.0    56    86    52    82    10    86 0.86 NODE_3_length_152663_cov_37.088930_92 # 103285 # 104325 # 1 # ID=3_92;partial=00;start_type=ATG;rbs_motif=AGGAG;rbs_spacer=5-10bp;gc_cont=0.483
NODE_3_length_152663_cov_37.088930:103285-104325|+ -            347 6524                 -            327     5e-09   33.7   0.1   2   2   1.6e-08   5.6e-06   23.7   0.0    93   196   115   216   109   238 0.77 NODE_3_length_152663_cov_37.088930_92 # 103285 # 104325 # 1 # ID=3_92;partial=00;start_type=ATG;rbs_motif=AGGAG;rbs_spacer=5-10bp;gc_cont=0.483
NODE_39_length_47213_cov_38.868135:974-1999|-      -            342 6524                 -            327   3.9e-08   30.8   0.0   1   2   0.00017     0.061   10.4   0.0    56    85    56    85    14    93 0.80 NODE_39_length_47213_cov_38.868135_2 # 974 # 1999 # -1 # ID=39_2;partial=00;start_type=ATG;rbs_motif=GGAG/GAGG;rbs_spacer=5-10bp;gc_cont=0.524
NODE_39_length_47213_cov_38.868135:974-1999|-      -            342 6524                 -            327   3.9e-08   30.8   0.0   2   2   6.5e-07   0.00024   18.3   0.0    93   234   119   258   109   269 0.77 NODE_39_length_47213_cov_38.868135_2 # 974 # 1999 # -1 # ID=39_2;partial=00;start_type=ATG;rbs_motif=GGAG/GAGG;rbs_spacer=5-10bp;gc_cont=0.524
NODE_33_length_56462_cov_40.195669:558-1580|-      -            341 6524                 -            327   7.8e-08   29.8   0.0   1   2   2.2e-06   0.00081   16.6   0.0    22    86    21    85     9   101 0.90 NODE_33_length_56462_cov_40.195669_2 # 558 # 1580 # -1 # ID=33_2;partial=00;start_type=ATG;rbs_motif=GGAG/GAGG;rbs_spacer=5-10bp;gc_cont=0.511
NODE_33_length_56462_cov_40.195669:558-1580|-      -            341 6524                 -            327   7.8e-08   29.8   0.0   2   2   0.00011     0.039   11.1   0.0   118   239   140   261   114   331 0.82 NODE_33_length_56462_cov_40.195669_2 # 558 # 1580 # -1 # ID=33_2;partial=00;start_type=ATG;rbs_motif=GGAG/GAGG;rbs_spacer=5-10bp;gc_cont=0.511
NODE_18_length_85840_cov_40.696849:9310-10329|+    -            340 6524                 -            327     2e-07   28.5   0.0   1   2   0.00052      0.19    8.8   0.0    13    85    13    87     1   101 0.86 NODE_18_length_85840_cov_40.696849_7 # 9310 # 10329 # 1 # ID=18_7;partial=00;start_type=ATG;rbs_motif=AGGA;rbs_spacer=5-10bp;gc_cont=0.552
NODE_18_length_85840_cov_40.696849:9310-10329|+    -            340 6524                 -            327     2e-07   28.5   0.0   2   2     9e-07   0.00033   17.9   0.0    94   197   123   224   103   247 0.84 NODE_18_length_85840_cov_40.696849_7 # 9310 # 10329 # 1 # ID=18_7;partial=00;start_type=ATG;rbs_motif=AGGA;rbs_spacer=5-10bp;gc_cont=0.552
NODE_9_length_123825_cov_37.296666:50411-51472|+   -            354 6524                 -            327   2.3e-07   28.3   0.0   1   2   9.1e-05     0.033   11.3   0.0    18    93    17   101     8   107 0.68 NODE_9_length_123825_cov_37.296666_43 # 50411 # 51472 # 1 # ID=9_43;partial=00;start_type=ATG;rbs_motif=GGAG/GAGG;rbs_spacer=5-10bp;gc_cont=0.556
NODE_9_length_123825_cov_37.296666:50411-51472|+   -            354 6524                 -            327   2.3e-07   28.3   0.0   2   2   7.5e-06    0.0027   14.9   0.0    93   221   128   255   116   291 0.73 NODE_9_length_123825_cov_37.296666_43 # 50411 # 51472 # 1 # ID=9_43;partial=00;start_type=ATG;rbs_motif=GGAG/GAGG;rbs_spacer=5-10bp;gc_cont=0.556
NODE_35_length_52795_cov_36.978564:48688-49740|-   -            351 6524                 -            327   3.4e-07   27.7   0.2   1   1   1.6e-09   5.8e-07   26.9   0.2    61   236    81   254    77   276 0.81 NODE_35_length_52795_cov_36.978564_44 # 48688 # 49740 # -1 # ID=35_44;partial=00;start_type=ATG;rbs_motif=AGGAG;rbs_spacer=5-10bp;gc_cont=0.551
NODE_49_length_31840_cov_36.883045:14542-15579|+   -            346 6524                 -            327   1.3e-06   25.8   0.0   1   1     4e-09   1.4e-06   25.6   0.0   124   231   133   240    22   259 0.83 NODE_49_length_31840_cov_36.883045_17 # 14542 # 15579 # 1 # ID=49_17;partial=00;start_type=ATG;rbs_motif=AGGAG;rbs_spacer=5-10bp;gc_cont=0.521
NODE_10_length_119716_cov_38.250842:85690-86928|-  -            413 6524                 -            327   2.5e-06   24.8   0.0   1   3   2.2e-05     0.008   13.3   0.0    27    87    24    84     4   110 0.86 NODE_10_length_119716_cov_38.250842_80 # 85690 # 86928 # -1 # ID=10_80;partial=00;start_type=ATG;rbs_motif=GGAGG;rbs_spacer=3-4bp;gc_cont=0.505
NODE_10_length_119716_cov_38.250842:85690-86928|-  -            413 6524                 -            327   2.5e-06   24.8   0.0   2   3    0.0012      0.42    7.7   0.0   149   223   194   271   164   298 0.75 NODE_10_length_119716_cov_38.250842_80 # 85690 # 86928 # -1 # ID=10_80;partial=00;start_type=ATG;rbs_motif=GGAGG;rbs_spacer=3-4bp;gc_cont=0.505
NODE_10_length_119716_cov_38.250842:85690-86928|-  -            413 6524                 -            327   2.5e-06   24.8   0.0   3   3      0.27        97   -0.1   0.0   281   322   341   382   327   388 0.84 NODE_10_length_119716_cov_38.250842_80 # 85690 # 86928 # -1 # ID=10_80;partial=00;start_type=ATG;rbs_motif=GGAGG;rbs_spacer=3-4bp;gc_cont=0.505
NODE_11_length_117034_cov_40.464403:81675-82952|-  -            426 6524                 -            327    0.0069   13.5   0.2   1   3     0.018       6.3    3.8   0.0   201   226    21    47     8    55 0.81 NODE_11_length_117034_cov_40.464403_73 # 81675 # 82952 # -1 # ID=11_73;partial=00;start_type=ATG;rbs_motif=GGAG/GAGG;rbs_spacer=5-10bp;gc_cont=0.513
NODE_11_length_117034_cov_40.464403:81675-82952|-  -            426 6524                 -            327    0.0069   13.5   0.2   2   3    0.0034       1.2    6.1   0.0    58    91    63    96    57   107 0.80 NODE_11_length_117034_cov_40.464403_73 # 81675 # 82952 # -1 # ID=11_73;partial=00;start_type=ATG;rbs_motif=GGAG/GAGG;rbs_spacer=5-10bp;gc_cont=0.513
NODE_11_length_117034_cov_40.464403:81675-82952|-  -            426 6524                 -            327    0.0069   13.5   0.2   3   3      0.45   1.6e+02   -0.8   0.0   127   161   161   195   154   213 0.86 NODE_11_length_117034_cov_40.464403_73 # 81675 # 82952 # -1 # ID=11_73;partial=00;start_type=ATG;rbs_motif=GGAG/GAGG;rbs_spacer=5-10bp;gc_cont=0.513
#
# Program:         hmmsearch
# Version:         3.4 (Aug 2023)
# Pipeline mode:   SEARCH
# Query file:      /home/simonedassisi/busco_downloads/lineages/enterobacteriaceae_odb12/hmms/6524at543.hmm
# Target file:     home/simonedassisi/Desktop/BUSCO_output/prodigal_output/predicted_genes/predicted.faa
# Option settings: hmmsearch --domtblout home/simonedassisi/Desktop/BUSCO_output/run_enterobacteriaceae_odb12/hmmer_output/6524at543.out --cpu 1 /home/simonedassisi/busco_downloads/lineages/enterobacteriaceae_odb12/hmms/6524at543.hmm home/simonedassisi/Desktop/BUSCO_output/prodigal_output/predicted_genes/predicted.faa 
# Current dir:     /home/simonedassisi
# Date:            Tue Apr  1 14:30:29 2025
# [ok]
