#                                                                                                          --- full sequence --- -------------- this domain -------------   hmm coord   ali coord   env coord
# target name                                      accession   tlen query name           accession   qlen   E-value  score  bias   #  of  c-Evalue  i-Evalue  score  bias  from    to  from    to  from    to  acc description of target
#                              ------------------- ---------- ----- -------------------- ---------- ----- --------- ------ ----- --- --- --------- --------- ------ ----- ----- ----- ----- ----- ----- ----- ---- ---------------------
NODE_34_length_53173_cov_42.168382:18000-18755|+   -            252 6883                 -            425    2e-155  516.0   3.9   1   1  2.7e-158  2.2e-155  515.8   3.9   179   425     2   248     1   248 0.99 NODE_34_length_53173_cov_42.168382_20 # 18000 # 18755 # 1 # ID=34_20;partial=00;start_type=GTG;rbs_motif=GGA/GAG/AGG;rbs_spacer=11-12bp;gc_cont=0.519
NODE_34_length_53173_cov_42.168382:17514-17975|+   -            154 6883                 -            425   9.4e-94  312.8   6.8   1   1   1.2e-96     1e-93  312.7   6.8    16   167     1   152     1   153 0.99 NODE_34_length_53173_cov_42.168382_19 # 17514 # 17975 # 1 # ID=34_19;partial=00;start_type=ATG;rbs_motif=None;rbs_spacer=None;gc_cont=0.515
NODE_18_length_85840_cov_40.696849:64124-65467|+   -            448 6883                 -            425   1.3e-44  150.9   3.2   1   1   2.9e-47   2.5e-44  150.0   3.2    10   421     5   427     2   431 0.87 NODE_18_length_85840_cov_40.696849_54 # 64124 # 65467 # 1 # ID=18_54;partial=00;start_type=ATG;rbs_motif=GGA/GAG/AGG;rbs_spacer=5-10bp;gc_cont=0.506
NODE_10_length_119716_cov_38.250842:36414-37292|+  -            293 6883                 -            425   3.2e-31  106.8   2.0   1   1   4.7e-34     4e-31  106.5   2.0   170   417    33   280    23   287 0.94 NODE_10_length_119716_cov_38.250842_30 # 36414 # 37292 # 1 # ID=10_30;partial=00;start_type=ATG;rbs_motif=3Base/5BMM;rbs_spacer=13-15bp;gc_cont=0.516
NODE_3_length_152663_cov_37.088930:135806-137389|- -            528 6883                 -            425   2.2e-27   94.1   0.6   1   1   4.2e-30   3.6e-27   93.4   0.6   149   420   249   518   220   522 0.87 NODE_3_length_152663_cov_37.088930_116 # 135806 # 137389 # -1 # ID=3_116;partial=00;start_type=ATG;rbs_motif=3Base/5BMM;rbs_spacer=13-15bp;gc_cont=0.533
NODE_6_length_131096_cov_36.333598:108987-110543|+ -            519 6883                 -            425   7.1e-24   82.6   0.0   1   2       3.7   3.1e+03   -5.2   2.3    80   132   144   194   130   200 0.64 NODE_6_length_131096_cov_36.333598_112 # 108987 # 110543 # 1 # ID=6_112;partial=00;start_type=ATG;rbs_motif=AGGAG;rbs_spacer=5-10bp;gc_cont=0.538
NODE_6_length_131096_cov_36.333598:108987-110543|+ -            519 6883                 -            425   7.1e-24   82.6   0.0   2   2   8.4e-27   7.1e-24   82.6   0.0   187   423   283   514   244   516 0.86 NODE_6_length_131096_cov_36.333598_112 # 108987 # 110543 # 1 # ID=6_112;partial=00;start_type=ATG;rbs_motif=AGGAG;rbs_spacer=5-10bp;gc_cont=0.538
#
# Program:         hmmsearch
# Version:         3.4 (Aug 2023)
# Pipeline mode:   SEARCH
# Query file:      /home/simonedassisi/busco_downloads/lineages/enterobacteriaceae_odb12/hmms/6883at543.hmm
# Target file:     home/simonedassisi/Desktop/BUSCO_output/prodigal_output/predicted_genes/predicted.faa
# Option settings: hmmsearch --domtblout home/simonedassisi/Desktop/BUSCO_output/run_enterobacteriaceae_odb12/hmmer_output/6883at543.out --cpu 1 /home/simonedassisi/busco_downloads/lineages/enterobacteriaceae_odb12/hmms/6883at543.hmm home/simonedassisi/Desktop/BUSCO_output/prodigal_output/predicted_genes/predicted.faa 
# Current dir:     /home/simonedassisi
# Date:            Tue Apr  1 14:30:31 2025
# [ok]
