#                                                                                                          --- full sequence --- -------------- this domain -------------   hmm coord   ali coord   env coord
# target name                                      accession   tlen query name           accession   qlen   E-value  score  bias   #  of  c-Evalue  i-Evalue  score  bias  from    to  from    to  from    to  acc description of target
#                              ------------------- ---------- ----- -------------------- ---------- ----- --------- ------ ----- --- --- --------- --------- ------ ----- ----- ----- ----- ----- ----- ----- ---- ---------------------
NODE_20_length_84241_cov_37.036046:53395-54129|+   -            245 6977                 -            244  1.9e-145  480.9  10.0   1   1  8.8e-148  2.1e-145  480.8  10.0     1   244     1   244     1   244 1.00 NODE_20_length_84241_cov_37.036046_59 # 53395 # 54129 # 1 # ID=20_59;partial=00;start_type=ATG;rbs_motif=GGAG/GAGG;rbs_spacer=5-10bp;gc_cont=0.514
NODE_12_length_106079_cov_39.536715:9774-10535|+   -            254 6977                 -            244   2.2e-55  186.0   0.4   1   1   1.1e-57   2.6e-55  185.7   0.4     2   241     7   250     6   252 0.93 NODE_12_length_106079_cov_39.536715_13 # 9774 # 10535 # 1 # ID=12_13;partial=00;start_type=ATG;rbs_motif=GGA/GAG/AGG;rbs_spacer=5-10bp;gc_cont=0.524
NODE_18_length_85840_cov_40.696849:12168-12932|+   -            255 6977                 -            244   5.4e-55  184.7   0.1   1   1   2.6e-57   6.3e-55  184.5   0.1     2   243     6   252     5   253 0.93 NODE_18_length_85840_cov_40.696849_10 # 12168 # 12932 # 1 # ID=18_10;partial=00;start_type=ATG;rbs_motif=AGGA;rbs_spacer=5-10bp;gc_cont=0.501
NODE_13_length_92664_cov_37.475885:23899-24690|+   -            264 6977                 -            244     6e-55  184.6   0.0   1   1   3.1e-57   7.4e-55  184.3   0.0     3   241     4   253     2   256 0.89 NODE_13_length_92664_cov_37.475885_28 # 23899 # 24690 # 1 # ID=13_28;partial=00;start_type=ATG;rbs_motif=AGGAG;rbs_spacer=5-10bp;gc_cont=0.556
NODE_12_length_106079_cov_39.536715:92822-93607|+  -            262 6977                 -            244   2.4e-51  172.8   0.0   1   1   1.2e-53   2.8e-51  172.6   0.0     2   241    15   258    14   261 0.94 NODE_12_length_106079_cov_39.536715_80 # 92822 # 93607 # 1 # ID=12_80;partial=00;start_type=ATG;rbs_motif=GGAG/GAGG;rbs_spacer=5-10bp;gc_cont=0.455
NODE_3_length_152663_cov_37.088930:48884-49645|+   -            254 6977                 -            244   6.1e-43  145.3   0.0   1   1   2.8e-45   6.8e-43  145.1   0.0     6   242     3   244     1   246 0.93 NODE_3_length_152663_cov_37.088930_44 # 48884 # 49645 # 1 # ID=3_44;partial=00;start_type=ATG;rbs_motif=GGAG/GAGG;rbs_spacer=5-10bp;gc_cont=0.555
NODE_58_length_27727_cov_38.767101:6046-6852|+     -            269 6977                 -            244   6.3e-43  145.2   0.8   1   1   6.6e-45   1.6e-42  143.9   0.8     2   240     6   264     5   267 0.84 NODE_58_length_27727_cov_38.767101_7 # 6046 # 6852 # 1 # ID=58_7;partial=00;start_type=ATG;rbs_motif=AGGAG;rbs_spacer=5-10bp;gc_cont=0.513
NODE_11_length_117034_cov_40.464403:47129-47872|-  -            248 6977                 -            244   5.4e-41  138.9   2.5   1   1   2.5e-43     6e-41  138.7   2.5     7   240     3   246     1   247 0.87 NODE_11_length_117034_cov_40.464403_39 # 47129 # 47872 # -1 # ID=11_39;partial=00;start_type=ATG;rbs_motif=GGA/GAG/AGG;rbs_spacer=5-10bp;gc_cont=0.547
NODE_25_length_79707_cov_37.284883:73679-74446|+   -            256 6977                 -            244   8.9e-41  138.2   0.6   1   1   4.5e-43   1.1e-40  137.9   0.6     2   240     8   249     7   252 0.93 NODE_25_length_79707_cov_37.284883_72 # 73679 # 74446 # 1 # ID=25_72;partial=00;start_type=GTG;rbs_motif=AGGAG;rbs_spacer=5-10bp;gc_cont=0.469
NODE_10_length_119716_cov_38.250842:99644-100390|- -            249 6977                 -            244   2.6e-39  133.4   0.3   1   1   1.9e-41   4.5e-39  132.6   0.3     1   241     1   244     1   247 0.89 NODE_10_length_119716_cov_38.250842_93 # 99644 # 100390 # -1 # ID=10_93;partial=00;start_type=ATG;rbs_motif=GGAG/GAGG;rbs_spacer=5-10bp;gc_cont=0.576
NODE_15_length_91266_cov_36.275195:43361-44107|-   -            249 6977                 -            244   2.1e-34  117.3   0.0   1   1   9.7e-37   2.3e-34  117.2   0.0     7   186     2   182     1   231 0.90 NODE_15_length_91266_cov_36.275195_41 # 43361 # 44107 # -1 # ID=15_41;partial=00;start_type=ATG;rbs_motif=GGAG/GAGG;rbs_spacer=5-10bp;gc_cont=0.509
NODE_27_length_73011_cov_40.630920:44795-45679|+   -            295 6977                 -            244   1.9e-31  107.6   0.0   1   1   9.1e-34   2.2e-31  107.4   0.0     3   241    47   291    45   294 0.87 NODE_27_length_73011_cov_40.630920_47 # 44795 # 45679 # 1 # ID=27_47;partial=00;start_type=ATG;rbs_motif=GGAG/GAGG;rbs_spacer=5-10bp;gc_cont=0.544
NODE_60_length_26402_cov_36.807041:15644-16423|-   -            260 6977                 -            244   9.4e-31  105.3   0.1   1   1   6.1e-33   1.5e-30  104.7   0.1     5   243     2   258     1   259 0.84 NODE_60_length_26402_cov_36.807041_15 # 15644 # 16423 # -1 # ID=60_15;partial=00;start_type=ATG;rbs_motif=AGGAG;rbs_spacer=5-10bp;gc_cont=0.529
NODE_18_length_85840_cov_40.696849:31256-31930|+   -            225 6977                 -            244   6.6e-29   99.3   0.2   1   1   3.8e-30   9.1e-28   95.6   0.2     3   239     4   220     2   223 0.88 NODE_18_length_85840_cov_40.696849_27 # 31256 # 31930 # 1 # ID=18_27;partial=00;start_type=ATG;rbs_motif=AGGAG;rbs_spacer=5-10bp;gc_cont=0.541
NODE_22_length_80627_cov_36.893466:36929-37687|-   -            253 6977                 -            244   2.9e-26   90.6   0.0   1   1   1.5e-28   3.6e-26   90.3   0.0     3   191    10   204     9   238 0.88 NODE_22_length_80627_cov_36.893466_38 # 36929 # 37687 # -1 # ID=22_38;partial=00;start_type=ATG;rbs_motif=AGGAG;rbs_spacer=5-10bp;gc_cont=0.528
NODE_18_length_85840_cov_40.696849:78928-79719|+   -            264 6977                 -            244   1.3e-24   85.2   0.0   1   1   6.8e-27   1.6e-24   84.9   0.0     5   243     5   260     1   261 0.82 NODE_18_length_85840_cov_40.696849_69 # 78928 # 79719 # 1 # ID=18_69;partial=00;start_type=ATG;rbs_motif=GGA/GAG/AGG;rbs_spacer=5-10bp;gc_cont=0.535
NODE_21_length_83220_cov_38.326345:40909-41679|+   -            257 6977                 -            244   1.2e-19   69.0   0.0   1   1   5.9e-22   1.4e-19   68.7   0.0     5   199     2   194     1   221 0.92 NODE_21_length_83220_cov_38.326345_40 # 40909 # 41679 # 1 # ID=21_40;partial=00;start_type=ATG;rbs_motif=GGA/GAG/AGG;rbs_spacer=5-10bp;gc_cont=0.546
NODE_22_length_80627_cov_36.893466:58825-59613|-   -            263 6977                 -            244   8.9e-15   53.0   0.1   1   1   5.3e-17   1.3e-14   52.5   0.1     3   242     4   252     1   254 0.79 NODE_22_length_80627_cov_36.893466_59 # 58825 # 59613 # -1 # ID=22_59;partial=00;start_type=ATG;rbs_motif=AGGA;rbs_spacer=5-10bp;gc_cont=0.535
NODE_9_length_123825_cov_37.296666:54135-54947|-   -            271 6977                 -            244   1.5e-12   45.7   0.0   1   1   8.5e-15     2e-12   45.3   0.0     5   189     6   193     2   258 0.81 NODE_9_length_123825_cov_37.296666_47 # 54135 # 54947 # -1 # ID=9_47;partial=00;start_type=ATG;rbs_motif=GGAGG;rbs_spacer=5-10bp;gc_cont=0.563
NODE_15_length_91266_cov_36.275195:10393-11115|-   -            241 6977                 -            244   2.6e-08   31.9   0.0   1   1   1.5e-10   3.7e-08   31.4   0.0     8   241     9   237     5   240 0.84 NODE_15_length_91266_cov_36.275195_10 # 10393 # 11115 # -1 # ID=15_10;partial=00;start_type=ATG;rbs_motif=AGGAG;rbs_spacer=5-10bp;gc_cont=0.513
NODE_23_length_80065_cov_37.437114:53229-54242|+   -            338 6977                 -            244    0.0086   13.8   0.1   1   1   5.2e-05     0.012   13.3   0.1     8    41     3    36     1    62 0.85 NODE_23_length_80065_cov_37.437114_46 # 53229 # 54242 # 1 # ID=23_46;partial=00;start_type=ATG;rbs_motif=GGA/GAG/AGG;rbs_spacer=5-10bp;gc_cont=0.544
#
# Program:         hmmsearch
# Version:         3.4 (Aug 2023)
# Pipeline mode:   SEARCH
# Query file:      /home/simonedassisi/busco_downloads/lineages/enterobacteriaceae_odb12/hmms/6977at543.hmm
# Target file:     home/simonedassisi/Desktop/BUSCO_output/prodigal_output/predicted_genes/predicted.faa
# Option settings: hmmsearch --domtblout home/simonedassisi/Desktop/BUSCO_output/run_enterobacteriaceae_odb12/hmmer_output/6977at543.out --cpu 1 /home/simonedassisi/busco_downloads/lineages/enterobacteriaceae_odb12/hmms/6977at543.hmm home/simonedassisi/Desktop/BUSCO_output/prodigal_output/predicted_genes/predicted.faa 
# Current dir:     /home/simonedassisi
# Date:            Tue Apr  1 14:30:31 2025
# [ok]
