#                                                                                                        --- full sequence --- -------------- this domain -------------   hmm coord   ali coord   env coord
# target name                                    accession   tlen query name           accession   qlen   E-value  score  bias   #  of  c-Evalue  i-Evalue  score  bias  from    to  from    to  from    to  acc description of target
#                            ------------------- ---------- ----- -------------------- ---------- ----- --------- ------ ----- --- --- --------- --------- ------ ----- ----- ----- ----- ----- ----- ----- ---- ---------------------
NODE_8_length_126545_cov_41.885285:89578-91521|+ -            648 7095                 -            607         0 1364.6   0.2   1   1         0         0 1364.4   0.2     1   605     4   610     4   612 0.99 NODE_8_length_126545_cov_41.885285_88 # 89578 # 91521 # 1 # ID=8_88;partial=00;start_type=TTG;rbs_motif=GGAG/GAGG;rbs_spacer=5-10bp;gc_cont=0.535
NODE_17_length_86457_cov_41.702653:5783-7114|+   -            444 7095                 -            607   1.8e-08   31.1   0.1   1   2   1.8e-10   1.3e-07   28.3   0.0   152   242    16   110     4   118 0.82 NODE_17_length_86457_cov_41.702653_7 # 5783 # 7114 # 1 # ID=17_7;partial=00;start_type=ATG;rbs_motif=AGGA;rbs_spacer=5-10bp;gc_cont=0.524
NODE_17_length_86457_cov_41.702653:5783-7114|+   -            444 7095                 -            607   1.8e-08   31.1   0.1   2   2     0.056        41    0.2   0.0   245   261   251   266   198   297 0.81 NODE_17_length_86457_cov_41.702653_7 # 5783 # 7114 # 1 # ID=17_7;partial=00;start_type=ATG;rbs_motif=AGGA;rbs_spacer=5-10bp;gc_cont=0.524
NODE_19_length_85129_cov_38.767276:18158-19432|- -            425 7095                 -            607   8.5e-08   28.9   0.0   1   1   1.7e-10   1.2e-07   28.3   0.0   146   258    70   192    57   211 0.73 NODE_19_length_85129_cov_38.767276_18 # 18158 # 19432 # -1 # ID=19_18;partial=00;start_type=ATG;rbs_motif=GGAG/GAGG;rbs_spacer=5-10bp;gc_cont=0.518
NODE_6_length_131096_cov_36.333598:65218-66228|+ -            337 7095                 -            607    0.0011   15.3   0.0   1   1   2.3e-06    0.0017   14.7   0.0   177   217    48    88    32   100 0.91 NODE_6_length_131096_cov_36.333598_66 # 65218 # 66228 # 1 # ID=6_66;partial=00;start_type=ATG;rbs_motif=GGAG/GAGG;rbs_spacer=5-10bp;gc_cont=0.530
NODE_23_length_80065_cov_37.437114:8553-9896|-   -            448 7095                 -            607    0.0017   14.7   0.0   1   1   3.6e-06    0.0026   14.1   0.0   187   254    53   117    44   133 0.78 NODE_23_length_80065_cov_37.437114_8 # 8553 # 9896 # -1 # ID=23_8;partial=00;start_type=GTG;rbs_motif=GGAG/GAGG;rbs_spacer=5-10bp;gc_cont=0.531
NODE_11_length_117034_cov_40.464403:6279-8057|-  -            593 7095                 -            607    0.0066   12.7   0.0   1   1   1.4e-05      0.01   12.1   0.0   148   219   256   331   244   348 0.78 NODE_11_length_117034_cov_40.464403_6 # 6279 # 8057 # -1 # ID=11_6;partial=00;start_type=ATG;rbs_motif=GGA/GAG/AGG;rbs_spacer=5-10bp;gc_cont=0.458
NODE_16_length_86943_cov_42.279511:1751-3271|-   -            507 7095                 -            607     0.011   12.0   0.2   1   1   2.3e-05     0.016   11.4   0.2   186   206   212   232   198   235 0.89 NODE_16_length_86943_cov_42.279511_3 # 1751 # 3271 # -1 # ID=16_3;partial=00;start_type=ATG;rbs_motif=AGGAGG;rbs_spacer=3-4bp;gc_cont=0.508
#
# Program:         hmmsearch
# Version:         3.4 (Aug 2023)
# Pipeline mode:   SEARCH
# Query file:      /home/simonedassisi/busco_downloads/lineages/enterobacteriaceae_odb12/hmms/7095at543.hmm
# Target file:     home/simonedassisi/Desktop/BUSCO_output/prodigal_output/predicted_genes/predicted.faa
# Option settings: hmmsearch --domtblout home/simonedassisi/Desktop/BUSCO_output/run_enterobacteriaceae_odb12/hmmer_output/7095at543.out --cpu 1 /home/simonedassisi/busco_downloads/lineages/enterobacteriaceae_odb12/hmms/7095at543.hmm home/simonedassisi/Desktop/BUSCO_output/prodigal_output/predicted_genes/predicted.faa 
# Current dir:     /home/simonedassisi
# Date:            Tue Apr  1 14:30:31 2025
# [ok]
