#                                                                                                        --- full sequence --- -------------- this domain -------------   hmm coord   ali coord   env coord
# target name                                    accession   tlen query name           accession   qlen   E-value  score  bias   #  of  c-Evalue  i-Evalue  score  bias  from    to  from    to  from    to  acc description of target
#                            ------------------- ---------- ----- -------------------- ---------- ----- --------- ------ ----- --- --- --------- --------- ------ ----- ----- ----- ----- ----- ----- ----- ---- ---------------------
NODE_4_length_139564_cov_44.158667:55942-57258|- -            439 7160                 -            437  1.1e-261  866.2   0.0   1   1  1.9e-264  1.2e-261  866.1   0.0     1   437     1   438     1   438 0.99 NODE_4_length_139564_cov_44.158667_51 # 55942 # 57258 # -1 # ID=4_51;partial=00;start_type=ATG;rbs_motif=GGA/GAG/AGG;rbs_spacer=5-10bp;gc_cont=0.550
NODE_4_length_139564_cov_44.158667:52105-53580|- -            492 7160                 -            437   1.1e-17   62.1   0.0   1   1   2.4e-20   1.5e-17   61.6   0.0    61   305    74   330    19   342 0.79 NODE_4_length_139564_cov_44.158667_48 # 52105 # 53580 # -1 # ID=4_48;partial=00;start_type=ATG;rbs_motif=3Base/5BMM;rbs_spacer=13-15bp;gc_cont=0.545
NODE_4_length_139564_cov_44.158667:58337-59695|- -            453 7160                 -            437   6.8e-15   52.9   0.2   1   1   1.5e-17   9.6e-15   52.4   0.2   102   346    97   360    64   389 0.79 NODE_4_length_139564_cov_44.158667_53 # 58337 # 59695 # -1 # ID=4_53;partial=00;start_type=ATG;rbs_motif=GGxGG;rbs_spacer=5-10bp;gc_cont=0.553
NODE_4_length_139564_cov_44.158667:59692-61179|- -            496 7160                 -            437   1.7e-12   45.0   1.1   1   1   6.6e-13   4.2e-10   37.1   1.1   107   347   111   388   101   395 0.74 NODE_4_length_139564_cov_44.158667_54 # 59692 # 61179 # -1 # ID=4_54;partial=00;start_type=GTG;rbs_motif=GGAG/GAGG;rbs_spacer=5-10bp;gc_cont=0.569
NODE_18_length_85840_cov_40.696849:48010-49383|- -            458 7160                 -            437   7.5e-08   29.7   0.0   1   1   2.2e-10   1.4e-07   28.8   0.0    36   332    31   346     2   358 0.67 NODE_18_length_85840_cov_40.696849_41 # 48010 # 49383 # -1 # ID=18_41;partial=00;start_type=ATG;rbs_motif=AGGA;rbs_spacer=5-10bp;gc_cont=0.552
NODE_2_length_157429_cov_38.171358:33892-35160|+ -            423 7160                 -            437     6e-06   23.4   0.0   1   2    0.0006      0.38    7.6   0.0   105   136    48    80    20    87 0.82 NODE_2_length_157429_cov_38.171358_32 # 33892 # 35160 # 1 # ID=2_32;partial=00;start_type=ATG;rbs_motif=GGA/GAG/AGG;rbs_spacer=3-4bp;gc_cont=0.558
NODE_2_length_157429_cov_38.171358:33892-35160|+ -            423 7160                 -            437     6e-06   23.4   0.0   2   2   8.6e-06    0.0054   13.7   0.0   142   310   129   297   120   315 0.85 NODE_2_length_157429_cov_38.171358_32 # 33892 # 35160 # 1 # ID=2_32;partial=00;start_type=ATG;rbs_motif=GGA/GAG/AGG;rbs_spacer=3-4bp;gc_cont=0.558
NODE_8_length_126545_cov_41.885285:55907-57325|- -            473 7160                 -            437   0.00053   17.0   0.2   1   2   2.8e-05     0.018   12.0   0.1     5    38   145   178   142   189 0.88 NODE_8_length_126545_cov_41.885285_53 # 55907 # 57325 # -1 # ID=8_53;partial=00;start_type=ATG;rbs_motif=GGA/GAG/AGG;rbs_spacer=5-10bp;gc_cont=0.558
NODE_8_length_126545_cov_41.885285:55907-57325|- -            473 7160                 -            437   0.00053   17.0   0.2   2   2     0.017        10    2.9   0.0     4    29   285   310   282   329 0.86 NODE_8_length_126545_cov_41.885285_53 # 55907 # 57325 # -1 # ID=8_53;partial=00;start_type=ATG;rbs_motif=GGA/GAG/AGG;rbs_spacer=5-10bp;gc_cont=0.558
NODE_81_length_14768_cov_38.084830:4581-6560|+   -            660 7160                 -            437     0.012   12.6   0.1   1   2   0.00015     0.092    9.6   0.1     6    38   327   359   323   369 0.88 NODE_81_length_14768_cov_38.084830_3 # 4581 # 6560 # 1 # ID=81_3;partial=00;start_type=ATG;rbs_motif=AGxAGG/AGGxGG;rbs_spacer=5-10bp;gc_cont=0.555
NODE_81_length_14768_cov_38.084830:4581-6560|+   -            660 7160                 -            437     0.012   12.6   0.1   2   2       0.1        65    0.2   0.0     6    31   468   493   464   516 0.80 NODE_81_length_14768_cov_38.084830_3 # 4581 # 6560 # 1 # ID=81_3;partial=00;start_type=ATG;rbs_motif=AGxAGG/AGGxGG;rbs_spacer=5-10bp;gc_cont=0.555
#
# Program:         hmmsearch
# Version:         3.4 (Aug 2023)
# Pipeline mode:   SEARCH
# Query file:      /home/simonedassisi/busco_downloads/lineages/enterobacteriaceae_odb12/hmms/7160at543.hmm
# Target file:     home/simonedassisi/Desktop/BUSCO_output/prodigal_output/predicted_genes/predicted.faa
# Option settings: hmmsearch --domtblout home/simonedassisi/Desktop/BUSCO_output/run_enterobacteriaceae_odb12/hmmer_output/7160at543.out --cpu 1 /home/simonedassisi/busco_downloads/lineages/enterobacteriaceae_odb12/hmms/7160at543.hmm home/simonedassisi/Desktop/BUSCO_output/prodigal_output/predicted_genes/predicted.faa 
# Current dir:     /home/simonedassisi
# Date:            Tue Apr  1 14:30:32 2025
# [ok]
