#                                                                                                        --- full sequence --- -------------- this domain -------------   hmm coord   ali coord   env coord
# target name                                    accession   tlen query name           accession   qlen   E-value  score  bias   #  of  c-Evalue  i-Evalue  score  bias  from    to  from    to  from    to  acc description of target
#                            ------------------- ---------- ----- -------------------- ---------- ----- --------- ------ ----- --- --- --------- --------- ------ ----- ----- ----- ----- ----- ----- ----- ---- ---------------------
NODE_4_length_139564_cov_44.158667:79824-81434|+ -            537 7282                 -            536         0 1047.0  28.4   1   1         0         0 1046.8  28.4     1   536     1   536     1   536 1.00 NODE_4_length_139564_cov_44.158667_71 # 79824 # 81434 # 1 # ID=4_71;partial=00;start_type=ATG;rbs_motif=GGA/GAG/AGG;rbs_spacer=5-10bp;gc_cont=0.580
NODE_37_length_49199_cov_38.911069:44775-45464|+ -            230 7282                 -            536   7.8e-17   59.2   6.8   1   1   1.4e-19     1e-16   58.8   6.8    53   267     8   222     2   227 0.92 NODE_37_length_49199_cov_38.911069_42 # 44775 # 45464 # 1 # ID=37_42;partial=00;start_type=ATG;rbs_motif=3Base/5BMM;rbs_spacer=13-15bp;gc_cont=0.541
NODE_13_length_92664_cov_37.475885:26710-27585|+ -            292 7282                 -            536     2e-15   54.6   9.9   1   1   3.4e-18   2.4e-15   54.3   9.9    15   271    25   283    13   291 0.84 NODE_13_length_92664_cov_37.475885_31 # 26710 # 27585 # 1 # ID=13_31;partial=00;start_type=ATG;rbs_motif=GGA/GAG/AGG;rbs_spacer=5-10bp;gc_cont=0.564
NODE_13_length_92664_cov_37.475885:25877-26710|+ -            278 7282                 -            536   2.7e-15   54.1  13.6   1   1   4.5e-18   3.3e-15   53.9  13.6    19   260    20   262     2   274 0.79 NODE_13_length_92664_cov_37.475885_30 # 25877 # 26710 # 1 # ID=13_30;partial=00;start_type=ATG;rbs_motif=GGxGG;rbs_spacer=5-10bp;gc_cont=0.565
NODE_49_length_31840_cov_36.883045:10277-11071|+ -            265 7282                 -            536     9e-10   35.9   7.5   1   2   1.5e-08   1.1e-05   22.5   6.7    50   209    59   203    24   207 0.84 NODE_49_length_31840_cov_36.883045_11 # 10277 # 11071 # 1 # ID=49_11;partial=00;start_type=ATG;rbs_motif=GGAG/GAGG;rbs_spacer=5-10bp;gc_cont=0.543
NODE_49_length_31840_cov_36.883045:10277-11071|+ -            265 7282                 -            536     9e-10   35.9   7.5   2   2   4.1e-07    0.0003   17.7   0.0   442   517   170   245   169   251 0.80 NODE_49_length_31840_cov_36.883045_11 # 10277 # 11071 # 1 # ID=49_11;partial=00;start_type=ATG;rbs_motif=GGAG/GAGG;rbs_spacer=5-10bp;gc_cont=0.543
NODE_73_length_16238_cov_34.312333:1593-2387|-   -            265 7282                 -            536   1.8e-07   28.3  11.4   1   1   3.6e-09   2.6e-06   24.5  11.4    26   271    30   258    10   263 0.81 NODE_73_length_16238_cov_34.312333_3 # 1593 # 2387 # -1 # ID=73_3;partial=00;start_type=ATG;rbs_motif=AGxAGG/AGGxGG;rbs_spacer=5-10bp;gc_cont=0.499
NODE_35_length_52795_cov_36.978564:50600-51481|- -            294 7282                 -            536     7e-06   23.1  14.1   1   1   1.3e-08     9e-06   22.7  14.1    41   263    58   285    17   291 0.78 NODE_35_length_52795_cov_36.978564_46 # 50600 # 51481 # -1 # ID=35_46;partial=00;start_type=ATG;rbs_motif=AGGA;rbs_spacer=5-10bp;gc_cont=0.542
#
# Program:         hmmsearch
# Version:         3.4 (Aug 2023)
# Pipeline mode:   SEARCH
# Query file:      /home/simonedassisi/busco_downloads/lineages/enterobacteriaceae_odb12/hmms/7282at543.hmm
# Target file:     home/simonedassisi/Desktop/BUSCO_output/prodigal_output/predicted_genes/predicted.faa
# Option settings: hmmsearch --domtblout home/simonedassisi/Desktop/BUSCO_output/run_enterobacteriaceae_odb12/hmmer_output/7282at543.out --cpu 1 /home/simonedassisi/busco_downloads/lineages/enterobacteriaceae_odb12/hmms/7282at543.hmm home/simonedassisi/Desktop/BUSCO_output/prodigal_output/predicted_genes/predicted.faa 
# Current dir:     /home/simonedassisi
# Date:            Tue Apr  1 14:30:32 2025
# [ok]
