#                                                                                                          --- full sequence --- -------------- this domain -------------   hmm coord   ali coord   env coord
# target name                                      accession   tlen query name           accession   qlen   E-value  score  bias   #  of  c-Evalue  i-Evalue  score  bias  from    to  from    to  from    to  acc description of target
#                              ------------------- ---------- ----- -------------------- ---------- ----- --------- ------ ----- --- --- --------- --------- ------ ----- ----- ----- ----- ----- ----- ----- ---- ---------------------
NODE_22_length_80627_cov_36.893466:42430-43404|+   -            325 736                  -            324  5.9e-215  710.8   0.2   1   1  5.1e-217  6.6e-215  710.7   0.2     1   324     1   324     1   324 1.00 NODE_22_length_80627_cov_36.893466_42 # 42430 # 43404 # 1 # ID=22_42;partial=00;start_type=ATG;rbs_motif=GGA/GAG/AGG;rbs_spacer=5-10bp;gc_cont=0.487
NODE_24_length_79963_cov_36.490030:24419-25369|+   -            317 736                  -            324   1.6e-87  292.1   0.0   1   1   1.4e-89   1.8e-87  291.9   0.0     1   314     1   314     1   316 0.99 NODE_24_length_79963_cov_36.490030_27 # 24419 # 25369 # 1 # ID=24_27;partial=00;start_type=GTG;rbs_motif=GGAG/GAGG;rbs_spacer=5-10bp;gc_cont=0.476
NODE_5_length_138947_cov_37.421618:107915-108814|- -            300 736                  -            324   3.5e-30  103.6   0.0   1   1   3.2e-32   4.1e-30  103.4   0.0     7   228     7   225     1   249 0.91 NODE_5_length_138947_cov_37.421618_92 # 107915 # 108814 # -1 # ID=5_92;partial=00;start_type=ATG;rbs_motif=GGA/GAG/AGG;rbs_spacer=5-10bp;gc_cont=0.551
NODE_42_length_44050_cov_40.658288:7219-8136|-     -            306 736                  -            324   1.1e-25   88.9   0.0   1   1   9.7e-28   1.3e-25   88.7   0.0     1   257     1   254     1   289 0.93 NODE_42_length_44050_cov_40.658288_7 # 7219 # 8136 # -1 # ID=42_7;partial=00;start_type=ATG;rbs_motif=GGAGG;rbs_spacer=5-10bp;gc_cont=0.557
NODE_9_length_123825_cov_37.296666:57276-58166|+   -            297 736                  -            324   1.4e-21   75.3   0.0   1   1   1.4e-23   1.8e-21   75.0   0.0     1   244     1   242     1   254 0.91 NODE_9_length_123825_cov_37.296666_51 # 57276 # 58166 # 1 # ID=9_51;partial=00;start_type=ATG;rbs_motif=GGA/GAG/AGG;rbs_spacer=5-10bp;gc_cont=0.498
NODE_15_length_91266_cov_36.275195:22499-23392|+   -            298 736                  -            324   3.3e-20   70.8   0.0   1   1   3.2e-22   4.1e-20   70.5   0.0     2   244     4   246     3   270 0.86 NODE_15_length_91266_cov_36.275195_21 # 22499 # 23392 # 1 # ID=15_21;partial=00;start_type=ATG;rbs_motif=None;rbs_spacer=None;gc_cont=0.521
NODE_16_length_86943_cov_42.279511:63563-64516|-   -            318 736                  -            324   2.6e-18   64.6   0.0   1   1   2.6e-20   3.4e-18   64.3   0.0    19   256    19   250     8   264 0.81 NODE_16_length_86943_cov_42.279511_59 # 63563 # 64516 # -1 # ID=16_59;partial=00;start_type=ATG;rbs_motif=AGGA;rbs_spacer=5-10bp;gc_cont=0.567
NODE_12_length_106079_cov_39.536715:13076-14011|-  -            312 736                  -            324     7e-18   63.2   0.0   1   1     6e-20   7.8e-18   63.1   0.0    17   256    19   256     1   302 0.86 NODE_12_length_106079_cov_39.536715_16 # 13076 # 14011 # -1 # ID=12_16;partial=00;start_type=ATG;rbs_motif=GGA/GAG/AGG;rbs_spacer=5-10bp;gc_cont=0.532
NODE_35_length_52795_cov_36.978564:20253-21161|-   -            303 736                  -            324   4.5e-17   60.5   0.0   1   1   4.2e-19   5.5e-17   60.3   0.0     2   277     6   279     5   295 0.87 NODE_35_length_52795_cov_36.978564_18 # 20253 # 21161 # -1 # ID=35_18;partial=00;start_type=ATG;rbs_motif=GGxGG;rbs_spacer=3-4bp;gc_cont=0.494
NODE_16_length_86943_cov_42.279511:10176-11066|-   -            297 736                  -            324   1.4e-16   59.0   0.0   1   1   1.2e-18   1.6e-16   58.8   0.0    21   251    20   250     1   269 0.87 NODE_16_length_86943_cov_42.279511_9 # 10176 # 11066 # -1 # ID=16_9;partial=00;start_type=TTG;rbs_motif=GGAG/GAGG;rbs_spacer=5-10bp;gc_cont=0.582
NODE_13_length_92664_cov_37.475885:40573-41499|+   -            309 736                  -            324   2.9e-16   57.9   0.0   1   1   2.9e-18   3.8e-16   57.5   0.0     3   254     5   253     3   276 0.91 NODE_13_length_92664_cov_37.475885_45 # 40573 # 41499 # 1 # ID=13_45;partial=00;start_type=ATG;rbs_motif=None;rbs_spacer=None;gc_cont=0.542
NODE_13_length_92664_cov_37.475885:44952-45836|+   -            295 736                  -            324   4.7e-15   53.9   0.0   1   1   4.6e-17     6e-15   53.6   0.0     3   245     9   249     7   256 0.93 NODE_13_length_92664_cov_37.475885_49 # 44952 # 45836 # 1 # ID=13_49;partial=00;start_type=ATG;rbs_motif=GGAG/GAGG;rbs_spacer=5-10bp;gc_cont=0.504
NODE_3_length_152663_cov_37.088930:26585-27466|+   -            294 736                  -            324   1.6e-14   52.2   0.0   1   1   1.6e-16   2.1e-14   51.8   0.0     4   249     6   243     3   261 0.87 NODE_3_length_152663_cov_37.088930_24 # 26585 # 27466 # 1 # ID=3_24;partial=00;start_type=ATG;rbs_motif=None;rbs_spacer=None;gc_cont=0.537
NODE_97_length_9166_cov_37.516539:89-547|-         -            153 736                  -            324     6e-14   50.3   0.0   1   1   5.3e-16   6.9e-14   50.1   0.0    20   132    21   133     8   148 0.89 NODE_97_length_9166_cov_37.516539_1 # 89 # 547 # -1 # ID=97_1;partial=00;start_type=ATG;rbs_motif=GGAG/GAGG;rbs_spacer=5-10bp;gc_cont=0.375
NODE_15_length_91266_cov_36.275195:62187-63068|-   -            294 736                  -            324   3.3e-12   44.6   0.0   1   1   2.6e-14   3.4e-12   44.5   0.0    18   177    17   172     1   241 0.80 NODE_15_length_91266_cov_36.275195_62 # 62187 # 63068 # -1 # ID=15_62;partial=00;start_type=ATG;rbs_motif=GGA/GAG/AGG;rbs_spacer=5-10bp;gc_cont=0.539
NODE_57_length_27741_cov_69.425183:25698-26588|+   -            297 736                  -            324   5.9e-12   43.7   0.0   1   1   6.2e-14   8.1e-12   43.3   0.0     9   196    10   198     5   206 0.93 NODE_57_length_27741_cov_69.425183_27 # 25698 # 26588 # 1 # ID=57_27;partial=00;start_type=ATG;rbs_motif=GGA/GAG/AGG;rbs_spacer=5-10bp;gc_cont=0.444
NODE_40_length_46585_cov_37.455939:9148-10071|+    -            308 736                  -            324   7.5e-12   43.4   0.0   1   1   7.4e-14   9.6e-12   43.0   0.0    10   215    20   223    11   233 0.87 NODE_40_length_46585_cov_37.455939_10 # 9148 # 10071 # 1 # ID=40_10;partial=00;start_type=ATG;rbs_motif=None;rbs_spacer=None;gc_cont=0.503
NODE_62_length_24769_cov_35.270392:20781-21719|-   -            313 736                  -            324     1e-11   43.0   0.1   1   1   1.2e-13   1.6e-11   42.3   0.1     4   226    10   228     7   266 0.79 NODE_62_length_24769_cov_35.270392_24 # 20781 # 21719 # -1 # ID=62_24;partial=00;start_type=ATG;rbs_motif=GGA/GAG/AGG;rbs_spacer=5-10bp;gc_cont=0.423
NODE_77_length_15753_cov_35.008191:13513-14427|+   -            305 736                  -            324   2.3e-11   41.8   0.0   1   1   2.1e-13   2.7e-11   41.5   0.0    10   209    12   201     4   293 0.78 NODE_77_length_15753_cov_35.008191_15 # 13513 # 14427 # 1 # ID=77_15;partial=00;start_type=ATG;rbs_motif=AGGAG;rbs_spacer=5-10bp;gc_cont=0.495
NODE_24_length_79963_cov_36.490030:23400-24317|+   -            306 736                  -            324   2.7e-11   41.6   0.4   1   1   3.4e-13   4.4e-11   40.9   0.4     1   247     1   242     1   249 0.84 NODE_24_length_79963_cov_36.490030_26 # 23400 # 24317 # 1 # ID=24_26;partial=00;start_type=ATG;rbs_motif=GGAGG;rbs_spacer=3-4bp;gc_cont=0.480
NODE_9_length_123825_cov_37.296666:10985-11866|+   -            294 736                  -            324   4.8e-11   40.7   0.0   1   2   9.1e-13   1.2e-10   39.5   0.0    22   146    21   143     2   151 0.92 NODE_9_length_123825_cov_37.296666_11 # 10985 # 11866 # 1 # ID=9_11;partial=00;start_type=ATG;rbs_motif=GGA/GAG/AGG;rbs_spacer=5-10bp;gc_cont=0.497
NODE_9_length_123825_cov_37.296666:10985-11866|+   -            294 736                  -            324   4.8e-11   40.7   0.0   2   2       4.3   5.6e+02   -2.2   0.0   229   288   223   283   208   287 0.70 NODE_9_length_123825_cov_37.296666_11 # 10985 # 11866 # 1 # ID=9_11;partial=00;start_type=ATG;rbs_motif=GGA/GAG/AGG;rbs_spacer=5-10bp;gc_cont=0.497
NODE_25_length_79707_cov_37.284883:31951-32883|+   -            311 736                  -            324   9.1e-11   39.8   0.0   1   1     1e-12   1.3e-10   39.3   0.0     9   180     9   180     4   198 0.89 NODE_25_length_79707_cov_37.284883_30 # 31951 # 32883 # 1 # ID=25_30;partial=00;start_type=ATG;rbs_motif=GGA/GAG/AGG;rbs_spacer=5-10bp;gc_cont=0.539
NODE_2_length_157429_cov_38.171358:60193-61131|+   -            313 736                  -            324   4.3e-09   34.3   0.0   1   1   5.5e-11   7.1e-09   33.6   0.0     3   158    13   164    11   186 0.86 NODE_2_length_157429_cov_38.171358_58 # 60193 # 61131 # 1 # ID=2_58;partial=00;start_type=ATG;rbs_motif=None;rbs_spacer=None;gc_cont=0.499
NODE_21_length_83220_cov_38.326345:34388-35314|+   -            309 736                  -            324   7.4e-09   33.5   0.0   1   1   7.9e-11     1e-08   33.1   0.0    17   196    17   198     5   214 0.79 NODE_21_length_83220_cov_38.326345_35 # 34388 # 35314 # 1 # ID=21_35;partial=00;start_type=ATG;rbs_motif=GGA/GAG/AGG;rbs_spacer=5-10bp;gc_cont=0.520
NODE_8_length_126545_cov_41.885285:33102-34031|-   -            310 736                  -            324     1e-08   33.1   0.0   1   1   1.3e-10   1.6e-08   32.4   0.0    19   132    19   131     3   148 0.90 NODE_8_length_126545_cov_41.885285_29 # 33102 # 34031 # -1 # ID=8_29;partial=00;start_type=ATG;rbs_motif=GGA/GAG/AGG;rbs_spacer=5-10bp;gc_cont=0.528
NODE_24_length_79963_cov_36.490030:9862-10812|+    -            317 736                  -            324   1.5e-08   32.6   0.0   1   1     2e-10   2.6e-08   31.8   0.0     9   149    17   156     9   224 0.86 NODE_24_length_79963_cov_36.490030_13 # 9862 # 10812 # 1 # ID=24_13;partial=00;start_type=ATG;rbs_motif=AGGA;rbs_spacer=5-10bp;gc_cont=0.507
NODE_35_length_52795_cov_36.978564:31813-32712|-   -            300 736                  -            324   5.1e-08   30.8   0.0   1   1   5.5e-10   7.2e-08   30.3   0.0    12   126    14   127     5   145 0.89 NODE_35_length_52795_cov_36.978564_28 # 31813 # 32712 # -1 # ID=35_28;partial=00;start_type=ATG;rbs_motif=GGAG/GAGG;rbs_spacer=5-10bp;gc_cont=0.469
NODE_16_length_86943_cov_42.279511:430-1269|-      -            280 736                  -            324   4.5e-07   27.7   0.0   1   1   5.3e-09   6.8e-07   27.1   0.0    20    84    19    83     2    97 0.83 NODE_16_length_86943_cov_42.279511_1 # 430 # 1269 # -1 # ID=16_1;partial=00;start_type=GTG;rbs_motif=GGAG/GAGG;rbs_spacer=5-10bp;gc_cont=0.483
NODE_12_length_106079_cov_39.536715:50468-51385|+  -            306 736                  -            324   4.6e-07   27.6   0.0   1   1   4.9e-09   6.3e-07   27.2   0.0    14   127    18   128     8   145 0.84 NODE_12_length_106079_cov_39.536715_45 # 50468 # 51385 # 1 # ID=12_45;partial=00;start_type=ATG;rbs_motif=None;rbs_spacer=None;gc_cont=0.490
NODE_36_length_50779_cov_38.268459:48840-49748|+   -            303 736                  -            324   1.2e-06   26.3   0.0   1   1   1.4e-08   1.8e-06   25.7   0.0    15   127    16   127    10   144 0.88 NODE_36_length_50779_cov_38.268459_39 # 48840 # 49748 # 1 # ID=36_39;partial=00;start_type=ATG;rbs_motif=AGGA;rbs_spacer=5-10bp;gc_cont=0.469
NODE_6_length_131096_cov_36.333598:128989-129912|+ -            308 736                  -            324   1.2e-06   26.2   0.1   1   2   2.4e-08   3.1e-06   24.9   0.0    13   126    16   128     6   148 0.89 NODE_6_length_131096_cov_36.333598_129 # 128989 # 129912 # 1 # ID=6_129;partial=00;start_type=ATG;rbs_motif=None;rbs_spacer=None;gc_cont=0.522
NODE_6_length_131096_cov_36.333598:128989-129912|+ -            308 736                  -            324   1.2e-06   26.2   0.1   2   2       3.8   4.9e+02   -2.0   0.0    95   124   273   304   255   306 0.60 NODE_6_length_131096_cov_36.333598_129 # 128989 # 129912 # 1 # ID=6_129;partial=00;start_type=ATG;rbs_motif=None;rbs_spacer=None;gc_cont=0.522
NODE_1_length_276430_cov_40.515391:919-1893|-      -            325 736                  -            324   1.8e-06   25.7   0.1   1   1   1.9e-08   2.5e-06   25.3   0.1     7   113     7   116     1   134 0.86 NODE_1_length_276430_cov_40.515391_2 # 919 # 1893 # -1 # ID=1_2;partial=00;start_type=ATG;rbs_motif=None;rbs_spacer=None;gc_cont=0.477
NODE_32_length_57606_cov_39.295812:42022-42954|+   -            311 736                  -            324   2.7e-06   25.1   0.0   1   1   2.7e-08   3.4e-06   24.8   0.0     5   127    10   130     7   205 0.83 NODE_32_length_57606_cov_39.295812_34 # 42022 # 42954 # 1 # ID=32_34;partial=00;start_type=ATG;rbs_motif=GGA/GAG/AGG;rbs_spacer=5-10bp;gc_cont=0.498
NODE_1_length_276430_cov_40.515391:80587-81558|-   -            324 736                  -            324   1.8e-05   22.5   0.0   1   1   1.9e-07   2.4e-05   22.0   0.0    23   127    47   150    28   175 0.84 NODE_1_length_276430_cov_40.515391_71 # 80587 # 81558 # -1 # ID=1_71;partial=00;start_type=ATG;rbs_motif=None;rbs_spacer=None;gc_cont=0.526
NODE_33_length_56462_cov_40.195669:37592-38503|+   -            304 736                  -            324     8e-05   20.3   0.0   1   2   1.2e-06   0.00016   19.3   0.0    17   114    26   122    16   172 0.85 NODE_33_length_56462_cov_40.195669_36 # 37592 # 38503 # 1 # ID=33_36;partial=00;start_type=ATG;rbs_motif=GGA/GAG/AGG;rbs_spacer=5-10bp;gc_cont=0.507
NODE_33_length_56462_cov_40.195669:37592-38503|+   -            304 736                  -            324     8e-05   20.3   0.0   2   2       4.7     6e+02   -2.3   0.0   192   263   195   268   175   286 0.65 NODE_33_length_56462_cov_40.195669_36 # 37592 # 38503 # 1 # ID=33_36;partial=00;start_type=ATG;rbs_motif=GGA/GAG/AGG;rbs_spacer=5-10bp;gc_cont=0.507
NODE_62_length_24769_cov_35.270392:7894-8790|-     -            299 736                  -            324   0.00011   19.8   0.0   1   1   1.1e-06   0.00015   19.4   0.0    15   181    20   185     7   207 0.82 NODE_62_length_24769_cov_35.270392_13 # 7894 # 8790 # -1 # ID=62_13;partial=00;start_type=ATG;rbs_motif=GGA/GAG/AGG;rbs_spacer=5-10bp;gc_cont=0.560
NODE_5_length_138947_cov_37.421618:84646-85578|-   -            311 736                  -            324   0.00068   17.2   0.0   1   1   7.6e-06   0.00098   16.7   0.0    20   180    23   184    19   208 0.73 NODE_5_length_138947_cov_37.421618_72 # 84646 # 85578 # -1 # ID=5_72;partial=00;start_type=ATG;rbs_motif=GGA/GAG/AGG;rbs_spacer=5-10bp;gc_cont=0.493
NODE_10_length_119716_cov_38.250842:91323-92225|+  -            301 736                  -            324   0.00084   16.9   0.1   1   2   2.7e-05    0.0035   14.9   0.0     6    61    14    69     9    99 0.88 NODE_10_length_119716_cov_38.250842_85 # 91323 # 92225 # 1 # ID=10_85;partial=00;start_type=ATG;rbs_motif=GGAG/GAGG;rbs_spacer=5-10bp;gc_cont=0.386
NODE_10_length_119716_cov_38.250842:91323-92225|+  -            301 736                  -            324   0.00084   16.9   0.1   2   2       1.2   1.5e+02   -0.3   0.0   136   183   142   188   117   238 0.68 NODE_10_length_119716_cov_38.250842_85 # 91323 # 92225 # 1 # ID=10_85;partial=00;start_type=ATG;rbs_motif=GGAG/GAGG;rbs_spacer=5-10bp;gc_cont=0.386
NODE_4_length_139564_cov_44.158667:136548-137447|- -            300 736                  -            324    0.0012   16.4   0.0   1   2   9.9e-05     0.013   13.1   0.0    14    57    16    59     5   101 0.80 NODE_4_length_139564_cov_44.158667_121 # 136548 # 137447 # -1 # ID=4_121;partial=00;start_type=ATG;rbs_motif=GGAG/GAGG;rbs_spacer=5-10bp;gc_cont=0.477
NODE_4_length_139564_cov_44.158667:136548-137447|- -            300 736                  -            324    0.0012   16.4   0.0   2   2      0.42        55    1.1   0.0   209   261   207   260   198   276 0.83 NODE_4_length_139564_cov_44.158667_121 # 136548 # 137447 # -1 # ID=4_121;partial=00;start_type=ATG;rbs_motif=GGAG/GAGG;rbs_spacer=5-10bp;gc_cont=0.477
#
# Program:         hmmsearch
# Version:         3.4 (Aug 2023)
# Pipeline mode:   SEARCH
# Query file:      /home/simonedassisi/busco_downloads/lineages/enterobacteriaceae_odb12/hmms/736at543.hmm
# Target file:     home/simonedassisi/Desktop/BUSCO_output/prodigal_output/predicted_genes/predicted.faa
# Option settings: hmmsearch --domtblout home/simonedassisi/Desktop/BUSCO_output/run_enterobacteriaceae_odb12/hmmer_output/736at543.out --cpu 1 /home/simonedassisi/busco_downloads/lineages/enterobacteriaceae_odb12/hmms/736at543.hmm home/simonedassisi/Desktop/BUSCO_output/prodigal_output/predicted_genes/predicted.faa 
# Current dir:     /home/simonedassisi
# Date:            Tue Apr  1 14:30:32 2025
# [ok]
