#                                                                                                          --- full sequence --- -------------- this domain -------------   hmm coord   ali coord   env coord
# target name                                      accession   tlen query name           accession   qlen   E-value  score  bias   #  of  c-Evalue  i-Evalue  score  bias  from    to  from    to  from    to  acc description of target
#                              ------------------- ---------- ----- -------------------- ---------- ----- --------- ------ ----- --- --- --------- --------- ------ ----- ----- ----- ----- ----- ----- ----- ---- ---------------------
NODE_4_length_139564_cov_44.158667:26758-28650|-   -            631 7379                 -            497         0 1025.8  32.4   1   4   1.3e-41   8.4e-39  131.6   5.9     1    93     1    93     1    98 0.97 NODE_4_length_139564_cov_44.158667_26 # 26758 # 28650 # -1 # ID=4_26;partial=00;start_type=ATG;rbs_motif=GGAG/GAGG;rbs_spacer=5-10bp;gc_cont=0.548
NODE_4_length_139564_cov_44.158667:26758-28650|-   -            631 7379                 -            497         0 1025.8  32.4   2   4   9.3e-46   5.9e-43  145.3   4.2     2    91   105   194   104   201 0.95 NODE_4_length_139564_cov_44.158667_26 # 26758 # 28650 # -1 # ID=4_26;partial=00;start_type=ATG;rbs_motif=GGAG/GAGG;rbs_spacer=5-10bp;gc_cont=0.548
NODE_4_length_139564_cov_44.158667:26758-28650|-   -            631 7379                 -            497         0 1025.8  32.4   3   4   2.5e-44   1.6e-41  140.5   5.3     3    90   207   294   205   299 0.96 NODE_4_length_139564_cov_44.158667_26 # 26758 # 28650 # -1 # ID=4_26;partial=00;start_type=ATG;rbs_motif=GGAG/GAGG;rbs_spacer=5-10bp;gc_cont=0.548
NODE_4_length_139564_cov_44.158667:26758-28650|-   -            631 7379                 -            497         0 1025.8  32.4   4   4  6.9e-190  4.4e-187  620.7   0.0   170   497   301   630   295   630 0.97 NODE_4_length_139564_cov_44.158667_26 # 26758 # 28650 # -1 # ID=4_26;partial=00;start_type=ATG;rbs_motif=GGAG/GAGG;rbs_spacer=5-10bp;gc_cont=0.548
NODE_37_length_49199_cov_38.911069:10741-11958|+   -            406 7379                 -            497  9.8e-130  431.5   0.0   1   1  1.8e-132  1.1e-129  431.3   0.0    90   497     2   403     1   403 0.92 NODE_37_length_49199_cov_38.911069_10 # 10741 # 11958 # 1 # ID=37_10;partial=00;start_type=ATG;rbs_motif=AGGA;rbs_spacer=5-10bp;gc_cont=0.558
NODE_23_length_80065_cov_37.437114:39632-40747|-   -            372 7379                 -            497   4.7e-06   23.5   4.8   1   1     3e-08   1.9e-05   21.5   4.3   132   271    61   197    47   223 0.72 NODE_23_length_80065_cov_37.437114_36 # 39632 # 40747 # -1 # ID=23_36;partial=00;start_type=ATG;rbs_motif=4Base/6BMM;rbs_spacer=13-15bp;gc_cont=0.532
NODE_8_length_126545_cov_41.885285:17925-18395|-   -            157 7379                 -            497   1.3e-05   22.1   0.5   1   1   2.9e-08   1.8e-05   21.6   0.5   110   163   102   155    97   156 0.89 NODE_8_length_126545_cov_41.885285_19 # 17925 # 18395 # -1 # ID=8_19;partial=00;start_type=ATG;rbs_motif=GGA/GAG/AGG;rbs_spacer=5-10bp;gc_cont=0.518
NODE_13_length_92664_cov_37.475885:82738-83901|+   -            388 7379                 -            497    0.0029   14.3   4.1   1   2   0.00021      0.13    8.9   1.7   127   256    53   178    33   209 0.71 NODE_13_length_92664_cov_37.475885_79 # 82738 # 83901 # 1 # ID=13_79;partial=00;start_type=GTG;rbs_motif=GGA/GAG/AGG;rbs_spacer=5-10bp;gc_cont=0.418
NODE_13_length_92664_cov_37.475885:82738-83901|+   -            388 7379                 -            497    0.0029   14.3   4.1   2   2    0.0017       1.1    5.8   0.0    45    95   210   260   205   272 0.69 NODE_13_length_92664_cov_37.475885_79 # 82738 # 83901 # 1 # ID=13_79;partial=00;start_type=GTG;rbs_motif=GGA/GAG/AGG;rbs_spacer=5-10bp;gc_cont=0.418
NODE_25_length_79707_cov_37.284883:49598-50455|-   -            286 7379                 -            497     0.003   14.3   0.0   1   2    0.0027       1.7    5.2   0.1   134   194    46   105    39   113 0.74 NODE_25_length_79707_cov_37.284883_46 # 49598 # 50455 # -1 # ID=25_46;partial=00;start_type=ATG;rbs_motif=None;rbs_spacer=None;gc_cont=0.502
NODE_25_length_79707_cov_37.284883:49598-50455|-   -            286 7379                 -            497     0.003   14.3   0.0   2   2     0.001      0.63    6.6   0.0    28    71   135   179   114   190 0.55 NODE_25_length_79707_cov_37.284883_46 # 49598 # 50455 # -1 # ID=25_46;partial=00;start_type=ATG;rbs_motif=None;rbs_spacer=None;gc_cont=0.502
NODE_48_length_31921_cov_35.968831:25434-26606|+   -            391 7379                 -            497    0.0061   13.3   1.2   1   1     2e-05     0.012   12.2   0.8   132   249    61   178    56   200 0.84 NODE_48_length_31921_cov_35.968831_27 # 25434 # 26606 # 1 # ID=48_27;partial=00;start_type=ATG;rbs_motif=GGAG/GAGG;rbs_spacer=5-10bp;gc_cont=0.531
NODE_1_length_276430_cov_40.515391:121907-122974|+ -            356 7379                 -            497     0.033   10.8   1.5   1   1   6.7e-05     0.042   10.5   1.5   132   190    47   106    42   201 0.67 NODE_1_length_276430_cov_40.515391_106 # 121907 # 122974 # 1 # ID=1_106;partial=00;start_type=ATG;rbs_motif=GGxGG;rbs_spacer=5-10bp;gc_cont=0.582
#
# Program:         hmmsearch
# Version:         3.4 (Aug 2023)
# Pipeline mode:   SEARCH
# Query file:      /home/simonedassisi/busco_downloads/lineages/enterobacteriaceae_odb12/hmms/7379at543.hmm
# Target file:     home/simonedassisi/Desktop/BUSCO_output/prodigal_output/predicted_genes/predicted.faa
# Option settings: hmmsearch --domtblout home/simonedassisi/Desktop/BUSCO_output/run_enterobacteriaceae_odb12/hmmer_output/7379at543.out --cpu 1 /home/simonedassisi/busco_downloads/lineages/enterobacteriaceae_odb12/hmms/7379at543.hmm home/simonedassisi/Desktop/BUSCO_output/prodigal_output/predicted_genes/predicted.faa 
# Current dir:     /home/simonedassisi
# Date:            Tue Apr  1 14:30:32 2025
# [ok]
