#                                                                                                          --- full sequence --- -------------- this domain -------------   hmm coord   ali coord   env coord
# target name                                      accession   tlen query name           accession   qlen   E-value  score  bias   #  of  c-Evalue  i-Evalue  score  bias  from    to  from    to  from    to  acc description of target
#                              ------------------- ---------- ----- -------------------- ---------- ----- --------- ------ ----- --- --- --------- --------- ------ ----- ----- ----- ----- ----- ----- ----- ---- ---------------------
NODE_13_length_92664_cov_37.475885:25877-26710|+   -            278 7407                 -            277  3.2e-180  595.6  16.9   1   1  1.3e-182  3.6e-180  595.5  16.9     1   277     1   277     1   277 1.00 NODE_13_length_92664_cov_37.475885_30 # 25877 # 26710 # 1 # ID=13_30;partial=00;start_type=ATG;rbs_motif=GGxGG;rbs_spacer=5-10bp;gc_cont=0.565
NODE_13_length_92664_cov_37.475885:26710-27585|+   -            292 7407                 -            277   6.6e-51  171.5  11.1   1   1     3e-53   8.4e-51  171.1  11.1    16   270    22   276    11   282 0.91 NODE_13_length_92664_cov_37.475885_31 # 26710 # 27585 # 1 # ID=13_31;partial=00;start_type=ATG;rbs_motif=GGA/GAG/AGG;rbs_spacer=5-10bp;gc_cont=0.564
NODE_37_length_49199_cov_38.911069:44775-45464|+   -            230 7407                 -            277   8.6e-38  128.5   7.3   1   1   3.8e-40   1.1e-37  128.2   7.3    62   256    13   211     2   228 0.84 NODE_37_length_49199_cov_38.911069_42 # 44775 # 45464 # 1 # ID=37_42;partial=00;start_type=ATG;rbs_motif=3Base/5BMM;rbs_spacer=13-15bp;gc_cont=0.541
NODE_4_length_139564_cov_44.158667:79824-81434|+   -            537 7407                 -            277   1.5e-17   62.1  28.4   1   2   3.1e-14   8.8e-12   43.2  12.2     9   258     8   255     1   269 0.81 NODE_4_length_139564_cov_44.158667_71 # 79824 # 81434 # 1 # ID=4_71;partial=00;start_type=ATG;rbs_motif=GGA/GAG/AGG;rbs_spacer=5-10bp;gc_cont=0.580
NODE_4_length_139564_cov_44.158667:79824-81434|+   -            537 7407                 -            277   1.5e-17   62.1  28.4   2   2   1.1e-08   3.2e-06   24.9   8.2    20   263   293   524   286   534 0.80 NODE_4_length_139564_cov_44.158667_71 # 79824 # 81434 # 1 # ID=4_71;partial=00;start_type=ATG;rbs_motif=GGA/GAG/AGG;rbs_spacer=5-10bp;gc_cont=0.580
NODE_49_length_31840_cov_36.883045:10277-11071|+   -            265 7407                 -            277   5.4e-15   53.7  10.2   1   1   1.8e-16   5.1e-14   50.5  10.1    53   221    58   214    44   251 0.85 NODE_49_length_31840_cov_36.883045_11 # 10277 # 11071 # 1 # ID=49_11;partial=00;start_type=ATG;rbs_motif=GGAG/GAGG;rbs_spacer=5-10bp;gc_cont=0.543
NODE_73_length_16238_cov_34.312333:2384-3241|-     -            286 7407                 -            277   5.5e-15   53.7   9.8   1   1   2.3e-17   6.5e-15   53.4   9.8    63   261    68   271    14   281 0.88 NODE_73_length_16238_cov_34.312333_4 # 2384 # 3241 # -1 # ID=73_4;partial=00;start_type=ATG;rbs_motif=AGGAG/GGAGG;rbs_spacer=11-12bp;gc_cont=0.508
NODE_73_length_16238_cov_34.312333:1593-2387|-     -            265 7407                 -            277   3.5e-14   51.0  17.7   1   1   8.1e-16   2.3e-13   48.4  17.7    21   263    17   248     3   257 0.83 NODE_73_length_16238_cov_34.312333_3 # 1593 # 2387 # -1 # ID=73_3;partial=00;start_type=ATG;rbs_motif=AGxAGG/AGGxGG;rbs_spacer=5-10bp;gc_cont=0.499
NODE_23_length_80065_cov_37.437114:62030-62875|-   -            282 7407                 -            277   4.1e-14   50.8  17.6   1   1     2e-16   5.6e-14   50.4  17.6    17   268    18   265    11   273 0.84 NODE_23_length_80065_cov_37.437114_57 # 62030 # 62875 # -1 # ID=23_57;partial=00;start_type=ATG;rbs_motif=GGAG/GAGG;rbs_spacer=5-10bp;gc_cont=0.540
NODE_23_length_80065_cov_37.437114:62872-63825|-   -            318 7407                 -            277   1.1e-11   42.8   6.4   1   2       2.1   5.9e+02   -2.2   0.2    20    43    36    60    22    71 0.58 NODE_23_length_80065_cov_37.437114_58 # 62872 # 63825 # -1 # ID=23_58;partial=00;start_type=ATG;rbs_motif=AGGAG;rbs_spacer=5-10bp;gc_cont=0.504
NODE_23_length_80065_cov_37.437114:62872-63825|-   -            318 7407                 -            277   1.1e-11   42.8   6.4   2   2   3.9e-14   1.1e-11   42.8   6.4    43   263    82   305    74   316 0.83 NODE_23_length_80065_cov_37.437114_58 # 62872 # 63825 # -1 # ID=23_58;partial=00;start_type=ATG;rbs_motif=AGGAG;rbs_spacer=5-10bp;gc_cont=0.504
NODE_7_length_130108_cov_39.332856:118337-119227|+ -            297 7407                 -            277   9.6e-09   33.2   9.5   1   2       5.5   1.5e+03   -3.6   0.6    21    37    13    29     9    42 0.62 NODE_7_length_130108_cov_39.332856_109 # 118337 # 119227 # 1 # ID=7_109;partial=00;start_type=ATG;rbs_motif=GGAG/GAGG;rbs_spacer=5-10bp;gc_cont=0.553
NODE_7_length_130108_cov_39.332856:118337-119227|+ -            297 7407                 -            277   9.6e-09   33.2   9.5   2   2   3.4e-11   9.6e-09   33.2   9.5    68   255    93   276    85   290 0.75 NODE_7_length_130108_cov_39.332856_109 # 118337 # 119227 # 1 # ID=7_109;partial=00;start_type=ATG;rbs_motif=GGAG/GAGG;rbs_spacer=5-10bp;gc_cont=0.553
NODE_26_length_78359_cov_41.157595:2595-3554|+     -            320 7407                 -            277   6.2e-08   30.5   9.8   1   1   3.2e-10   9.1e-08   30.0   9.3   141   231   171   260    20   306 0.82 NODE_26_length_78359_cov_41.157595_4 # 2595 # 3554 # 1 # ID=26_4;partial=00;start_type=ATG;rbs_motif=GGA/GAG/AGG;rbs_spacer=5-10bp;gc_cont=0.547
NODE_49_length_31840_cov_36.883045:9346-10287|+    -            314 7407                 -            277   6.3e-08   30.5  12.8   1   2   3.4e-10   9.5e-08   29.9   9.4    63   213    90   257    75   277 0.77 NODE_49_length_31840_cov_36.883045_10 # 9346 # 10287 # 1 # ID=49_10;partial=00;start_type=ATG;rbs_motif=AGGAG;rbs_spacer=5-10bp;gc_cont=0.531
NODE_49_length_31840_cov_36.883045:9346-10287|+    -            314 7407                 -            277   6.3e-08   30.5  12.8   2   2       3.3   9.2e+02   -2.8   0.1   150   212   290   310   281   312 0.55 NODE_49_length_31840_cov_36.883045_10 # 9346 # 10287 # 1 # ID=49_10;partial=00;start_type=ATG;rbs_motif=AGGAG;rbs_spacer=5-10bp;gc_cont=0.531
NODE_26_length_78359_cov_41.157595:3554-4444|+     -            297 7407                 -            277   1.4e-06   26.1  10.0   1   1     1e-08   2.9e-06   25.1  10.0   129   244   143   258    19   291 0.78 NODE_26_length_78359_cov_41.157595_5 # 3554 # 4444 # 1 # ID=26_5;partial=00;start_type=ATG;rbs_motif=GGAG/GAGG;rbs_spacer=5-10bp;gc_cont=0.570
NODE_30_length_69036_cov_41.149327:2181-2834|+     -            218 7407                 -            277   7.2e-06   23.8   3.9   1   2      0.18        51    1.3   0.3    54    85    44    76    35    85 0.76 NODE_30_length_69036_cov_41.149327_3 # 2181 # 2834 # 1 # ID=30_3;partial=00;start_type=ATG;rbs_motif=GGAG/GAGG;rbs_spacer=5-10bp;gc_cont=0.524
NODE_30_length_69036_cov_41.149327:2181-2834|+     -            218 7407                 -            277   7.2e-06   23.8   3.9   2   2   2.6e-08   7.2e-06   23.8   3.9   139   209    85   158    71   212 0.81 NODE_30_length_69036_cov_41.149327_3 # 2181 # 2834 # 1 # ID=30_3;partial=00;start_type=ATG;rbs_motif=GGAG/GAGG;rbs_spacer=5-10bp;gc_cont=0.524
NODE_7_length_130108_cov_39.332856:116778-118322|+ -            515 7407                 -            277   0.00011   19.8   6.4   1   1   7.9e-07   0.00022   18.9   6.4    44   212   261   441   256   450 0.74 NODE_7_length_130108_cov_39.332856_108 # 116778 # 118322 # 1 # ID=7_108;partial=00;start_type=ATG;rbs_motif=GGAG/GAGG;rbs_spacer=5-10bp;gc_cont=0.529
NODE_35_length_52795_cov_36.978564:49771-50613|-   -            281 7407                 -            277   0.00013   19.7  10.9   1   1   2.7e-06   0.00075   17.1  10.9    43   220    55   223     2   266 0.79 NODE_35_length_52795_cov_36.978564_45 # 49771 # 50613 # -1 # ID=35_45;partial=00;start_type=ATG;rbs_motif=4Base/6BMM;rbs_spacer=13-15bp;gc_cont=0.530
NODE_35_length_52795_cov_36.978564:50600-51481|-   -            294 7407                 -            277     0.024   12.2  11.5   1   1   0.00049      0.14    9.7  11.5   149   253   172   272    41   289 0.60 NODE_35_length_52795_cov_36.978564_46 # 50600 # 51481 # -1 # ID=35_46;partial=00;start_type=ATG;rbs_motif=AGGA;rbs_spacer=5-10bp;gc_cont=0.542
NODE_1_length_276430_cov_40.515391:47638-48540|+   -            301 7407                 -            277     0.073   10.6  10.2   1   1    0.0074       2.1    5.9  10.2   143   218   164   240    90   245 0.91 NODE_1_length_276430_cov_40.515391_45 # 47638 # 48540 # 1 # ID=1_45;partial=00;start_type=ATG;rbs_motif=GGA/GAG/AGG;rbs_spacer=5-10bp;gc_cont=0.590
#
# Program:         hmmsearch
# Version:         3.4 (Aug 2023)
# Pipeline mode:   SEARCH
# Query file:      /home/simonedassisi/busco_downloads/lineages/enterobacteriaceae_odb12/hmms/7407at543.hmm
# Target file:     home/simonedassisi/Desktop/BUSCO_output/prodigal_output/predicted_genes/predicted.faa
# Option settings: hmmsearch --domtblout home/simonedassisi/Desktop/BUSCO_output/run_enterobacteriaceae_odb12/hmmer_output/7407at543.out --cpu 1 /home/simonedassisi/busco_downloads/lineages/enterobacteriaceae_odb12/hmms/7407at543.hmm home/simonedassisi/Desktop/BUSCO_output/prodigal_output/predicted_genes/predicted.faa 
# Current dir:     /home/simonedassisi
# Date:            Tue Apr  1 14:30:32 2025
# [ok]
