#                                                                                                        --- full sequence --- -------------- this domain -------------   hmm coord   ali coord   env coord
# target name                                    accession   tlen query name           accession   qlen   E-value  score  bias   #  of  c-Evalue  i-Evalue  score  bias  from    to  from    to  from    to  acc description of target
#                            ------------------- ---------- ----- -------------------- ---------- ----- --------- ------ ----- --- --- --------- --------- ------ ----- ----- ----- ----- ----- ----- ----- ---- ---------------------
NODE_6_length_131096_cov_36.333598:95040-95738|+ -            233 7584                 -            197  3.4e-111  367.8   8.0   1   2   3.8e-85   4.8e-82  272.7   1.7     1   141     1   149     1   153 0.91 NODE_6_length_131096_cov_36.333598_97 # 95040 # 95738 # 1 # ID=6_97;partial=00;start_type=ATG;rbs_motif=AGGA;rbs_spacer=5-10bp;gc_cont=0.531
NODE_6_length_131096_cov_36.333598:95040-95738|+ -            233 7584                 -            197  3.4e-111  367.8   8.0   2   2   3.2e-32     4e-29   99.9   0.9   115   197   149   232   144   232 0.79 NODE_6_length_131096_cov_36.333598_97 # 95040 # 95738 # 1 # ID=6_97;partial=00;start_type=ATG;rbs_motif=AGGA;rbs_spacer=5-10bp;gc_cont=0.531
NODE_122_length_3429_cov_89.010902:615-1280|+    -            222 7584                 -            197   5.9e-10   37.4   0.9   1   2      0.36   4.6e+02   -1.4   0.3   114   127    64    77    57    89 0.47 NODE_122_length_3429_cov_89.010902_3 # 615 # 1280 # 1 # ID=122_3;partial=00;start_type=ATG;rbs_motif=GGAG/GAGG;rbs_spacer=5-10bp;gc_cont=0.434
NODE_122_length_3429_cov_89.010902:615-1280|+    -            222 7584                 -            197   5.9e-10   37.4   0.9   2   2   6.6e-13   8.3e-10   36.9   0.0    15   121    89   198    75   215 0.84 NODE_122_length_3429_cov_89.010902_3 # 615 # 1280 # 1 # ID=122_3;partial=00;start_type=ATG;rbs_motif=GGAG/GAGG;rbs_spacer=5-10bp;gc_cont=0.434
NODE_94_length_10514_cov_65.809858:6665-7225|+   -            187 7584                 -            197   8.2e-10   36.9   2.1   1   2     0.019        24    2.8   0.2    40    65    41    68    31    70 0.73 NODE_94_length_10514_cov_65.809858_4 # 6665 # 7225 # 1 # ID=94_4;partial=00;start_type=ATG;rbs_motif=GGA/GAG/AGG;rbs_spacer=5-10bp;gc_cont=0.563
NODE_94_length_10514_cov_65.809858:6665-7225|+   -            187 7584                 -            197   8.2e-10   36.9   2.1   2   2   5.2e-12   6.5e-09   34.0   0.1    31   115    93   176    69   183 0.82 NODE_94_length_10514_cov_65.809858_4 # 6665 # 7225 # 1 # ID=94_4;partial=00;start_type=ATG;rbs_motif=GGA/GAG/AGG;rbs_spacer=5-10bp;gc_cont=0.563
NODE_70_length_19507_cov_66.309598:10390-10992|+ -            201 7584                 -            197   2.1e-06   25.8   0.2   1   2      0.35   4.4e+02   -1.4   0.2   127   140    63    76    49    94 0.56 NODE_70_length_19507_cov_66.309598_14 # 10390 # 10992 # 1 # ID=70_14;partial=00;start_type=ATG;rbs_motif=GGAG/GAGG;rbs_spacer=5-10bp;gc_cont=0.489
NODE_70_length_19507_cov_66.309598:10390-10992|+ -            201 7584                 -            197   2.1e-06   25.8   0.2   2   2   4.4e-09   5.5e-06   24.4   0.0    20   115    94   195    82   199 0.82 NODE_70_length_19507_cov_66.309598_14 # 10390 # 10992 # 1 # ID=70_14;partial=00;start_type=ATG;rbs_motif=GGAG/GAGG;rbs_spacer=5-10bp;gc_cont=0.489
#
# Program:         hmmsearch
# Version:         3.4 (Aug 2023)
# Pipeline mode:   SEARCH
# Query file:      /home/simonedassisi/busco_downloads/lineages/enterobacteriaceae_odb12/hmms/7584at543.hmm
# Target file:     home/simonedassisi/Desktop/BUSCO_output/prodigal_output/predicted_genes/predicted.faa
# Option settings: hmmsearch --domtblout home/simonedassisi/Desktop/BUSCO_output/run_enterobacteriaceae_odb12/hmmer_output/7584at543.out --cpu 1 /home/simonedassisi/busco_downloads/lineages/enterobacteriaceae_odb12/hmms/7584at543.hmm home/simonedassisi/Desktop/BUSCO_output/prodigal_output/predicted_genes/predicted.faa 
# Current dir:     /home/simonedassisi
# Date:            Tue Apr  1 14:30:33 2025
# [ok]
