#                                                                                                          --- full sequence --- -------------- this domain -------------   hmm coord   ali coord   env coord
# target name                                      accession   tlen query name           accession   qlen   E-value  score  bias   #  of  c-Evalue  i-Evalue  score  bias  from    to  from    to  from    to  acc description of target
#                              ------------------- ---------- ----- -------------------- ---------- ----- --------- ------ ----- --- --- --------- --------- ------ ----- ----- ----- ----- ----- ----- ----- ---- ---------------------
NODE_22_length_80627_cov_36.893466:58825-59613|-   -            263 820                  -            261  8.6e-167  550.8   0.6   1   1  2.9e-169  9.7e-167  550.7   0.6     1   261     1   261     1   261 1.00 NODE_22_length_80627_cov_36.893466_59 # 58825 # 59613 # -1 # ID=22_59;partial=00;start_type=ATG;rbs_motif=AGGA;rbs_spacer=5-10bp;gc_cont=0.535
NODE_25_length_79707_cov_37.284883:73679-74446|+   -            256 820                  -            261     4e-18   63.6   0.9   1   1   3.7e-20   1.2e-17   61.9   0.9     6   250    11   249     7   253 0.77 NODE_25_length_79707_cov_37.284883_72 # 73679 # 74446 # 1 # ID=25_72;partial=00;start_type=GTG;rbs_motif=AGGAG;rbs_spacer=5-10bp;gc_cont=0.469
NODE_27_length_73011_cov_40.630920:44795-45679|+   -            295 820                  -            261   4.6e-16   56.8   0.0   1   1   1.7e-18   5.8e-16   56.5   0.0     4   250    47   290    44   293 0.88 NODE_27_length_73011_cov_40.630920_47 # 44795 # 45679 # 1 # ID=27_47;partial=00;start_type=ATG;rbs_motif=GGAG/GAGG;rbs_spacer=5-10bp;gc_cont=0.544
NODE_13_length_92664_cov_37.475885:23899-24690|+   -            264 820                  -            261     8e-15   52.7   0.0   1   1   3.4e-17   1.1e-14   52.2   0.0     1   252     1   254     1   261 0.87 NODE_13_length_92664_cov_37.475885_28 # 23899 # 24690 # 1 # ID=13_28;partial=00;start_type=ATG;rbs_motif=AGGAG;rbs_spacer=5-10bp;gc_cont=0.556
NODE_20_length_84241_cov_37.036046:53395-54129|+   -            245 820                  -            261   2.8e-11   41.1   3.0   1   1   1.2e-13     4e-11   40.6   3.0     5   252     4   242     1   244 0.78 NODE_20_length_84241_cov_37.036046_59 # 53395 # 54129 # 1 # ID=20_59;partial=00;start_type=ATG;rbs_motif=GGAG/GAGG;rbs_spacer=5-10bp;gc_cont=0.514
NODE_18_length_85840_cov_40.696849:12168-12932|+   -            255 820                  -            261   3.7e-10   37.4   0.1   1   1   3.4e-12   1.1e-09   35.8   0.1     4   254     7   253     4   254 0.83 NODE_18_length_85840_cov_40.696849_10 # 12168 # 12932 # 1 # ID=18_10;partial=00;start_type=ATG;rbs_motif=AGGA;rbs_spacer=5-10bp;gc_cont=0.501
NODE_3_length_152663_cov_37.088930:48884-49645|+   -            254 820                  -            261   5.8e-09   33.5   0.0   1   1   3.2e-11   1.1e-08   32.7   0.0   128   255   120   247   102   251 0.88 NODE_3_length_152663_cov_37.088930_44 # 48884 # 49645 # 1 # ID=3_44;partial=00;start_type=ATG;rbs_motif=GGAG/GAGG;rbs_spacer=5-10bp;gc_cont=0.555
NODE_11_length_117034_cov_40.464403:47129-47872|-  -            248 820                  -            261   1.4e-08   32.3   0.6   1   1   5.7e-11   1.9e-08   31.8   0.6    18   250    11   246     3   247 0.78 NODE_11_length_117034_cov_40.464403_39 # 47129 # 47872 # -1 # ID=11_39;partial=00;start_type=ATG;rbs_motif=GGA/GAG/AGG;rbs_spacer=5-10bp;gc_cont=0.547
NODE_18_length_85840_cov_40.696849:31256-31930|+   -            225 820                  -            261   2.3e-08   31.6   0.1   1   2    0.0012      0.39    7.9   0.0     1    72     1    68     1    75 0.83 NODE_18_length_85840_cov_40.696849_27 # 31256 # 31930 # 1 # ID=18_27;partial=00;start_type=ATG;rbs_motif=AGGAG;rbs_spacer=5-10bp;gc_cont=0.541
NODE_18_length_85840_cov_40.696849:31256-31930|+   -            225 820                  -            261   2.3e-08   31.6   0.1   2   2   6.1e-08     2e-05   21.9   0.0   170   251   144   222   135   224 0.93 NODE_18_length_85840_cov_40.696849_27 # 31256 # 31930 # 1 # ID=18_27;partial=00;start_type=ATG;rbs_motif=AGGAG;rbs_spacer=5-10bp;gc_cont=0.541
NODE_12_length_106079_cov_39.536715:92822-93607|+  -            262 820                  -            261   8.7e-06   23.1   0.0   1   1     7e-08   2.3e-05   21.7   0.0   144   252   155   259    11   261 0.71 NODE_12_length_106079_cov_39.536715_80 # 92822 # 93607 # 1 # ID=12_80;partial=00;start_type=ATG;rbs_motif=GGAG/GAGG;rbs_spacer=5-10bp;gc_cont=0.455
NODE_10_length_119716_cov_38.250842:99644-100390|- -            249 820                  -            261     1e-05   22.9   0.1   1   1   1.5e-07   5.2e-05   20.6   0.1   138   252   123   245     1   248 0.83 NODE_10_length_119716_cov_38.250842_93 # 99644 # 100390 # -1 # ID=10_93;partial=00;start_type=ATG;rbs_motif=GGAG/GAGG;rbs_spacer=5-10bp;gc_cont=0.576
NODE_12_length_106079_cov_39.536715:9774-10535|+   -            254 820                  -            261   7.3e-05   20.1   0.1   1   1   3.7e-07   0.00012   19.3   0.1   155   251   157   250   112   252 0.87 NODE_12_length_106079_cov_39.536715_13 # 9774 # 10535 # 1 # ID=12_13;partial=00;start_type=ATG;rbs_motif=GGA/GAG/AGG;rbs_spacer=5-10bp;gc_cont=0.524
NODE_58_length_27727_cov_38.767101:6046-6852|+     -            269 820                  -            261   0.00057   17.2   0.3   1   1   6.2e-06    0.0021   15.3   0.3    61   249    57   263     6   266 0.67 NODE_58_length_27727_cov_38.767101_7 # 6046 # 6852 # 1 # ID=58_7;partial=00;start_type=ATG;rbs_motif=AGGAG;rbs_spacer=5-10bp;gc_cont=0.513
NODE_15_length_91266_cov_36.275195:43361-44107|-   -            249 820                  -            261    0.0095   13.2   0.0   1   1   3.4e-05     0.011   12.9   0.0    43    97    32    87     4   233 0.74 NODE_15_length_91266_cov_36.275195_41 # 43361 # 44107 # -1 # ID=15_41;partial=00;start_type=ATG;rbs_motif=GGAG/GAGG;rbs_spacer=5-10bp;gc_cont=0.509
NODE_18_length_85840_cov_40.696849:78928-79719|+   -            264 820                  -            261     0.027   11.6   0.0   1   1    0.0001     0.034   11.3   0.0    40   195    42   203     5   260 0.73 NODE_18_length_85840_cov_40.696849_69 # 78928 # 79719 # 1 # ID=18_69;partial=00;start_type=ATG;rbs_motif=GGA/GAG/AGG;rbs_spacer=5-10bp;gc_cont=0.535
#
# Program:         hmmsearch
# Version:         3.4 (Aug 2023)
# Pipeline mode:   SEARCH
# Query file:      /home/simonedassisi/busco_downloads/lineages/enterobacteriaceae_odb12/hmms/820at543.hmm
# Target file:     home/simonedassisi/Desktop/BUSCO_output/prodigal_output/predicted_genes/predicted.faa
# Option settings: hmmsearch --domtblout home/simonedassisi/Desktop/BUSCO_output/run_enterobacteriaceae_odb12/hmmer_output/820at543.out --cpu 1 /home/simonedassisi/busco_downloads/lineages/enterobacteriaceae_odb12/hmms/820at543.hmm home/simonedassisi/Desktop/BUSCO_output/prodigal_output/predicted_genes/predicted.faa 
# Current dir:     /home/simonedassisi
# Date:            Tue Apr  1 14:30:33 2025
# [ok]
