#                                                                                                          --- full sequence --- -------------- this domain -------------   hmm coord   ali coord   env coord
# target name                                      accession   tlen query name           accession   qlen   E-value  score  bias   #  of  c-Evalue  i-Evalue  score  bias  from    to  from    to  from    to  acc description of target
#                              ------------------- ---------- ----- -------------------- ---------- ----- --------- ------ ----- --- --- --------- --------- ------ ----- ----- ----- ----- ----- ----- ----- ---- ---------------------
NODE_46_length_34184_cov_43.893884:16225-18114|-   -            630 8261                 -            628         0 1342.2   0.0   1   1         0         0 1342.0   0.0     1   628     1   629     1   629 1.00 NODE_46_length_34184_cov_43.893884_17 # 16225 # 18114 # -1 # ID=46_17;partial=00;start_type=ATG;rbs_motif=GGAG/GAGG;rbs_spacer=5-10bp;gc_cont=0.545
NODE_10_length_119716_cov_38.250842:87698-89293|-  -            532 8261                 -            628   0.00021   18.0   0.4   1   2   8.6e-06    0.0072   12.9   0.0     4    36   220   252   217   262 0.90 NODE_10_length_119716_cov_38.250842_82 # 87698 # 89293 # -1 # ID=10_82;partial=00;start_type=ATG;rbs_motif=GGAG/GAGG;rbs_spacer=5-10bp;gc_cont=0.528
NODE_10_length_119716_cov_38.250842:87698-89293|-  -            532 8261                 -            628   0.00021   18.0   0.4   2   2    0.0079       6.6    3.1   0.1     9    35   368   394   363   400 0.82 NODE_10_length_119716_cov_38.250842_82 # 87698 # 89293 # -1 # ID=10_82;partial=00;start_type=ATG;rbs_motif=GGAG/GAGG;rbs_spacer=5-10bp;gc_cont=0.528
NODE_4_length_139564_cov_44.158667:107404-108690|- -            429 8261                 -            628    0.0032   14.1   1.9   1   2   1.3e-05     0.011   12.4   0.2     4    36     3    35     1    43 0.91 NODE_4_length_139564_cov_44.158667_93 # 107404 # 108690 # -1 # ID=4_93;partial=00;start_type=ATG;rbs_motif=GGAG/GAGG;rbs_spacer=5-10bp;gc_cont=0.551
NODE_4_length_139564_cov_44.158667:107404-108690|- -            429 8261                 -            628    0.0032   14.1   1.9   2   2     0.037        32    0.9   0.1   118   157   124   162   104   177 0.79 NODE_4_length_139564_cov_44.158667_93 # 107404 # 108690 # -1 # ID=4_93;partial=00;start_type=ATG;rbs_motif=GGAG/GAGG;rbs_spacer=5-10bp;gc_cont=0.551
NODE_12_length_106079_cov_39.536715:99167-100438|- -            424 8261                 -            628    0.0046   13.6   0.1   1   2   1.2e-05      0.01   12.4   0.0     4    36     2    34     1    41 0.91 NODE_12_length_106079_cov_39.536715_87 # 99167 # 100438 # -1 # ID=12_87;partial=00;start_type=ATG;rbs_motif=3Base/5BMM;rbs_spacer=13-15bp;gc_cont=0.557
NODE_12_length_106079_cov_39.536715:99167-100438|- -            424 8261                 -            628    0.0046   13.6   0.1   2   2       0.5   4.2e+02   -2.8   0.0   123   156   123   155   113   157 0.85 NODE_12_length_106079_cov_39.536715_87 # 99167 # 100438 # -1 # ID=12_87;partial=00;start_type=ATG;rbs_motif=3Base/5BMM;rbs_spacer=13-15bp;gc_cont=0.557
NODE_83_length_13119_cov_40.215209:1927-3216|-     -            430 8261                 -            628    0.0063   13.1   0.1   1   1   1.1e-05    0.0092   12.6   0.1     4    36     3    35     1    60 0.90 NODE_83_length_13119_cov_40.215209_3 # 1927 # 3216 # -1 # ID=83_3;partial=00;start_type=ATG;rbs_motif=GGAG/GAGG;rbs_spacer=5-10bp;gc_cont=0.546
NODE_37_length_49199_cov_38.911069:5126-6892|+     -            589 8261                 -            628     0.059    9.9   0.3   1   2   0.00012       0.1    9.1   0.1     5    41     6    42     2    58 0.85 NODE_37_length_49199_cov_38.911069_7 # 5126 # 6892 # 1 # ID=37_7;partial=00;start_type=ATG;rbs_motif=None;rbs_spacer=None;gc_cont=0.557
NODE_37_length_49199_cov_38.911069:5126-6892|+     -            589 8261                 -            628     0.059    9.9   0.3   2   2      0.96   8.1e+02   -3.8   0.0   103   157   145   204   128   215 0.53 NODE_37_length_49199_cov_38.911069_7 # 5126 # 6892 # 1 # ID=37_7;partial=00;start_type=ATG;rbs_motif=None;rbs_spacer=None;gc_cont=0.557
#
# Program:         hmmsearch
# Version:         3.4 (Aug 2023)
# Pipeline mode:   SEARCH
# Query file:      /home/simonedassisi/busco_downloads/lineages/enterobacteriaceae_odb12/hmms/8261at543.hmm
# Target file:     home/simonedassisi/Desktop/BUSCO_output/prodigal_output/predicted_genes/predicted.faa
# Option settings: hmmsearch --domtblout home/simonedassisi/Desktop/BUSCO_output/run_enterobacteriaceae_odb12/hmmer_output/8261at543.out --cpu 1 /home/simonedassisi/busco_downloads/lineages/enterobacteriaceae_odb12/hmms/8261at543.hmm home/simonedassisi/Desktop/BUSCO_output/prodigal_output/predicted_genes/predicted.faa 
# Current dir:     /home/simonedassisi
# Date:            Tue Apr  1 14:30:33 2025
# [ok]
