#                                                                                                         --- full sequence --- -------------- this domain -------------   hmm coord   ali coord   env coord
# target name                                     accession   tlen query name           accession   qlen   E-value  score  bias   #  of  c-Evalue  i-Evalue  score  bias  from    to  from    to  from    to  acc description of target
#                             ------------------- ---------- ----- -------------------- ---------- ----- --------- ------ ----- --- --- --------- --------- ------ ----- ----- ----- ----- ----- ----- ----- ---- ---------------------
NODE_6_length_131096_cov_36.333598:60052-61824|+  -            591 8267                 -            589         0 1202.9   0.0   1   1         0         0 1202.7   0.0     1   588     1   588     1   589 1.00 NODE_6_length_131096_cov_36.333598_60 # 60052 # 61824 # 1 # ID=6_60;partial=00;start_type=ATG;rbs_motif=GGA/GAG/AGG;rbs_spacer=5-10bp;gc_cont=0.539
NODE_11_length_117034_cov_40.464403:35747-37264|- -            506 8267                 -            589   1.2e-42  144.2   1.3   1   2   3.5e-30   2.9e-27   93.4   0.5    13   286    63   345    51   358 0.81 NODE_11_length_117034_cov_40.464403_27 # 35747 # 37264 # -1 # ID=11_27;partial=00;start_type=ATG;rbs_motif=GGAG/GAGG;rbs_spacer=5-10bp;gc_cont=0.531
NODE_11_length_117034_cov_40.464403:35747-37264|- -            506 8267                 -            589   1.2e-42  144.2   1.3   2   2   6.6e-17   5.6e-14   49.5   0.0   422   556   363   500   349   503 0.79 NODE_11_length_117034_cov_40.464403_27 # 35747 # 37264 # -1 # ID=11_27;partial=00;start_type=ATG;rbs_motif=GGAG/GAGG;rbs_spacer=5-10bp;gc_cont=0.531
NODE_7_length_130108_cov_39.332856:8123-9640|+    -            506 8267                 -            589   3.8e-42  142.5   0.7   1   2   6.5e-29   5.4e-26   89.2   0.4    13   279    63   336    57   351 0.82 NODE_7_length_130108_cov_39.332856_5 # 8123 # 9640 # 1 # ID=7_5;partial=00;start_type=ATG;rbs_motif=GGAG/GAGG;rbs_spacer=5-10bp;gc_cont=0.478
NODE_7_length_130108_cov_39.332856:8123-9640|+    -            506 8267                 -            589   3.8e-42  142.5   0.7   2   2   1.6e-17   1.3e-14   51.6   0.0   415   556   356   500   346   503 0.82 NODE_7_length_130108_cov_39.332856_5 # 8123 # 9640 # 1 # ID=7_5;partial=00;start_type=ATG;rbs_motif=GGAG/GAGG;rbs_spacer=5-10bp;gc_cont=0.478
NODE_36_length_50779_cov_38.268459:9425-10825|+   -            467 8267                 -            589   8.3e-22   75.4   0.0   1   2   1.1e-11     9e-09   32.3   0.0    13   183    15   183    10   300 0.75 NODE_36_length_50779_cov_38.268459_9 # 9425 # 10825 # 1 # ID=36_9;partial=00;start_type=ATG;rbs_motif=GGA/GAG/AGG;rbs_spacer=5-10bp;gc_cont=0.529
NODE_36_length_50779_cov_38.268459:9425-10825|+   -            467 8267                 -            589   8.3e-22   75.4   0.0   2   2   7.3e-14   6.1e-11   39.5   0.0   454   560   360   463   340   466 0.86 NODE_36_length_50779_cov_38.268459_9 # 9425 # 10825 # 1 # ID=36_9;partial=00;start_type=ATG;rbs_motif=GGA/GAG/AGG;rbs_spacer=5-10bp;gc_cont=0.529
NODE_29_length_69919_cov_43.020805:33586-34563|-  -            326 8267                 -            589     2e-20   70.8   0.0   1   2   1.7e-12   1.4e-09   35.0   0.0   136   255    14   138     8   191 0.74 NODE_29_length_69919_cov_43.020805_31 # 33586 # 34563 # -1 # ID=29_31;partial=00;start_type=ATG;rbs_motif=GGAG/GAGG;rbs_spacer=5-10bp;gc_cont=0.525
NODE_29_length_69919_cov_43.020805:33586-34563|-  -            326 8267                 -            589     2e-20   70.8   0.0   2   2   3.2e-12   2.7e-09   34.1   0.0   462   555   225   321   201   325 0.82 NODE_29_length_69919_cov_43.020805_31 # 33586 # 34563 # -1 # ID=29_31;partial=00;start_type=ATG;rbs_motif=GGAG/GAGG;rbs_spacer=5-10bp;gc_cont=0.525
NODE_13_length_92664_cov_37.475885:29720-30088|-  -            123 8267                 -            589     0.015   11.7   0.0   1   1   2.2e-05     0.018   11.5   0.0   377   422    29    73    17    80 0.83 NODE_13_length_92664_cov_37.475885_34 # 29720 # 30088 # -1 # ID=13_34;partial=00;start_type=ATG;rbs_motif=GGA/GAG/AGG;rbs_spacer=5-10bp;gc_cont=0.480
#
# Program:         hmmsearch
# Version:         3.4 (Aug 2023)
# Pipeline mode:   SEARCH
# Query file:      /home/simonedassisi/busco_downloads/lineages/enterobacteriaceae_odb12/hmms/8267at543.hmm
# Target file:     home/simonedassisi/Desktop/BUSCO_output/prodigal_output/predicted_genes/predicted.faa
# Option settings: hmmsearch --domtblout home/simonedassisi/Desktop/BUSCO_output/run_enterobacteriaceae_odb12/hmmer_output/8267at543.out --cpu 1 /home/simonedassisi/busco_downloads/lineages/enterobacteriaceae_odb12/hmms/8267at543.hmm home/simonedassisi/Desktop/BUSCO_output/prodigal_output/predicted_genes/predicted.faa 
# Current dir:     /home/simonedassisi
# Date:            Tue Apr  1 14:30:33 2025
# [ok]
