#                                                                                                          --- full sequence --- -------------- this domain -------------   hmm coord   ali coord   env coord
# target name                                      accession   tlen query name           accession   qlen   E-value  score  bias   #  of  c-Evalue  i-Evalue  score  bias  from    to  from    to  from    to  acc description of target
#                              ------------------- ---------- ----- -------------------- ---------- ----- --------- ------ ----- --- --- --------- --------- ------ ----- ----- ----- ----- ----- ----- ----- ---- ---------------------
NODE_4_length_139564_cov_44.158667:25126-26550|-   -            475 8347                 -            473  1.7e-297  984.5   4.6   1   1  7.6e-300    2e-297  984.3   4.6     1   473     1   473     1   473 1.00 NODE_4_length_139564_cov_44.158667_25 # 25126 # 26550 # -1 # ID=4_25;partial=00;start_type=ATG;rbs_motif=GGAG/GAGG;rbs_spacer=5-10bp;gc_cont=0.529
NODE_5_length_138947_cov_37.421618:69820-71145|-   -            442 8347                 -            473     1e-71  240.1   1.2   1   1   2.9e-72   7.6e-70  233.9   1.2     6   453     3   434     2   439 0.92 NODE_5_length_138947_cov_37.421618_61 # 69820 # 71145 # -1 # ID=5_61;partial=00;start_type=ATG;rbs_motif=AGGA;rbs_spacer=5-10bp;gc_cont=0.456
NODE_42_length_44050_cov_40.658288:5836-7236|+     -            467 8347                 -            473   4.7e-68  228.0   0.0   1   1   2.1e-70   5.6e-68  227.8   0.0     8   456     8   458     1   460 0.90 NODE_42_length_44050_cov_40.658288_6 # 5836 # 7236 # 1 # ID=42_6;partial=00;start_type=ATG;rbs_motif=GGA/GAG/AGG;rbs_spacer=11-12bp;gc_cont=0.519
NODE_1_length_276430_cov_40.515391:105046-106398|- -            451 8347                 -            473   9.3e-57  190.8   0.6   1   1   4.5e-59   1.2e-56  190.4   0.6    10   450     8   444     3   449 0.90 NODE_1_length_276430_cov_40.515391_94 # 105046 # 106398 # -1 # ID=1_94;partial=00;start_type=ATG;rbs_motif=AGGA;rbs_spacer=5-10bp;gc_cont=0.538
NODE_1_length_276430_cov_40.515391:250944-253487|- -            848 8347                 -            473   5.7e-14   49.7   0.0   1   2   5.2e-16   1.4e-13   48.4   0.0    73   318    34   286    18   318 0.81 NODE_1_length_276430_cov_40.515391_224 # 250944 # 253487 # -1 # ID=1_224;partial=00;start_type=ATG;rbs_motif=GGAG/GAGG;rbs_spacer=5-10bp;gc_cont=0.545
NODE_1_length_276430_cov_40.515391:250944-253487|- -            848 8347                 -            473   5.7e-14   49.7   0.0   2   2       1.8   4.9e+02   -2.9   0.0   397   440   357   402   350   407 0.74 NODE_1_length_276430_cov_40.515391_224 # 250944 # 253487 # -1 # ID=1_224;partial=00;start_type=ATG;rbs_motif=GGAG/GAGG;rbs_spacer=5-10bp;gc_cont=0.545
NODE_23_length_80065_cov_37.437114:15952-16917|+   -            322 8347                 -            473     3e-11   40.7   0.2   1   2   1.1e-05    0.0029   14.4   0.0     5    40     5    40     1    52 0.85 NODE_23_length_80065_cov_37.437114_12 # 15952 # 16917 # 1 # ID=23_12;partial=00;start_type=ATG;rbs_motif=GGA/GAG/AGG;rbs_spacer=3-4bp;gc_cont=0.531
NODE_23_length_80065_cov_37.437114:15952-16917|+   -            322 8347                 -            473     3e-11   40.7   0.2   2   2   7.7e-09     2e-06   24.8   0.0   138   317   106   291    63   307 0.70 NODE_23_length_80065_cov_37.437114_12 # 15952 # 16917 # 1 # ID=23_12;partial=00;start_type=ATG;rbs_motif=GGA/GAG/AGG;rbs_spacer=3-4bp;gc_cont=0.531
NODE_60_length_26402_cov_36.807041:9115-10248|-    -            378 8347                 -            473   1.1e-10   38.8   0.0   1   1   5.5e-13   1.5e-10   38.4   0.0   134   314    96   274    65   285 0.79 NODE_60_length_26402_cov_36.807041_9 # 9115 # 10248 # -1 # ID=60_9;partial=00;start_type=ATG;rbs_motif=GGAGG;rbs_spacer=3-4bp;gc_cont=0.540
NODE_9_length_123825_cov_37.296666:52923-54125|-   -            401 8347                 -            473   7.1e-09   32.9   0.0   1   1   3.6e-11   9.6e-09   32.4   0.0   120   315    84   277    58   288 0.77 NODE_9_length_123825_cov_37.296666_46 # 52923 # 54125 # -1 # ID=9_46;partial=00;start_type=ATG;rbs_motif=AGGA;rbs_spacer=5-10bp;gc_cont=0.542
NODE_8_length_126545_cov_41.885285:55907-57325|-   -            473 8347                 -            473   1.1e-08   32.2   0.4   1   2   6.2e-05     0.016   11.9   0.1     7    44   147   184   142   198 0.90 NODE_8_length_126545_cov_41.885285_53 # 55907 # 57325 # -1 # ID=8_53;partial=00;start_type=ATG;rbs_motif=GGA/GAG/AGG;rbs_spacer=5-10bp;gc_cont=0.558
NODE_8_length_126545_cov_41.885285:55907-57325|-   -            473 8347                 -            473   1.1e-08   32.2   0.4   2   2   9.2e-07   0.00024   17.9   0.0   264   335   392   466   381   469 0.86 NODE_8_length_126545_cov_41.885285_53 # 55907 # 57325 # -1 # ID=8_53;partial=00;start_type=ATG;rbs_motif=GGA/GAG/AGG;rbs_spacer=5-10bp;gc_cont=0.558
NODE_10_length_119716_cov_38.250842:87698-89293|-  -            532 8347                 -            473   1.2e-08   32.1   3.3   1   2    0.0021      0.56    6.8   0.2     8    36   224   252   218   265 0.84 NODE_10_length_119716_cov_38.250842_82 # 87698 # 89293 # -1 # ID=10_82;partial=00;start_type=ATG;rbs_motif=GGAG/GAGG;rbs_spacer=5-10bp;gc_cont=0.528
NODE_10_length_119716_cov_38.250842:87698-89293|-  -            532 8347                 -            473   1.2e-08   32.1   3.3   2   2   3.2e-09   8.5e-07   26.0   0.4   134   318   321   503   260   514 0.69 NODE_10_length_119716_cov_38.250842_82 # 87698 # 89293 # -1 # ID=10_82;partial=00;start_type=ATG;rbs_motif=GGAG/GAGG;rbs_spacer=5-10bp;gc_cont=0.528
NODE_11_length_117034_cov_40.464403:18151-21249|+  -           1033 8347                 -            473   2.8e-07   27.6   0.3   1   3     4e-05     0.011   12.5   0.1     9    48   553   592   548   619 0.88 NODE_11_length_117034_cov_40.464403_15 # 18151 # 21249 # 1 # ID=11_15;partial=00;start_type=ATG;rbs_motif=AGGAG;rbs_spacer=5-10bp;gc_cont=0.522
NODE_11_length_117034_cov_40.464403:18151-21249|+  -           1033 8347                 -            473   2.8e-07   27.6   0.3   2   3      0.48   1.3e+02   -0.9   0.0   135   184   632   687   601   698 0.68 NODE_11_length_117034_cov_40.464403_15 # 18151 # 21249 # 1 # ID=11_15;partial=00;start_type=ATG;rbs_motif=AGGAG;rbs_spacer=5-10bp;gc_cont=0.522
NODE_11_length_117034_cov_40.464403:18151-21249|+  -           1033 8347                 -            473   2.8e-07   27.6   0.3   3   3   7.4e-05      0.02   11.6   0.0   263   318   777   830   762   855 0.86 NODE_11_length_117034_cov_40.464403_15 # 18151 # 21249 # 1 # ID=11_15;partial=00;start_type=ATG;rbs_motif=AGGAG;rbs_spacer=5-10bp;gc_cont=0.522
NODE_81_length_14768_cov_38.084830:4581-6560|+     -            660 8347                 -            473   7.3e-07   26.2   0.1   1   2   0.00023     0.062   10.0   0.0     3    47   324   367   322   395 0.86 NODE_81_length_14768_cov_38.084830_3 # 4581 # 6560 # 1 # ID=81_3;partial=00;start_type=ATG;rbs_motif=AGxAGG/AGGxGG;rbs_spacer=5-10bp;gc_cont=0.555
NODE_81_length_14768_cov_38.084830:4581-6560|+     -            660 8347                 -            473   7.3e-07   26.2   0.1   2   2   1.5e-05    0.0041   13.9   0.0   265   335   574   647   564   653 0.84 NODE_81_length_14768_cov_38.084830_3 # 4581 # 6560 # 1 # ID=81_3;partial=00;start_type=ATG;rbs_motif=AGxAGG/AGGxGG;rbs_spacer=5-10bp;gc_cont=0.555
NODE_32_length_57606_cov_39.295812:14695-16713|-   -            673 8347                 -            473   3.7e-05   20.6   0.1   1   3   0.00034      0.09    9.5   0.0     6    54   374   422   371   437 0.87 NODE_32_length_57606_cov_39.295812_14 # 14695 # 16713 # -1 # ID=32_14;partial=00;start_type=ATG;rbs_motif=GGA/GAG/AGG;rbs_spacer=5-10bp;gc_cont=0.572
NODE_32_length_57606_cov_39.295812:14695-16713|-   -            673 8347                 -            473   3.7e-05   20.6   0.1   2   3    0.0029      0.77    6.4   0.0   134   191   453   511   435   520 0.83 NODE_32_length_57606_cov_39.295812_14 # 14695 # 16713 # -1 # ID=32_14;partial=00;start_type=ATG;rbs_motif=GGA/GAG/AGG;rbs_spacer=5-10bp;gc_cont=0.572
NODE_32_length_57606_cov_39.295812:14695-16713|-   -            673 8347                 -            473   3.7e-05   20.6   0.1   3   3      0.18        47    0.5   0.0   110   150   589   630   581   643 0.69 NODE_32_length_57606_cov_39.295812_14 # 14695 # 16713 # -1 # ID=32_14;partial=00;start_type=ATG;rbs_motif=GGA/GAG/AGG;rbs_spacer=5-10bp;gc_cont=0.572
NODE_3_length_152663_cov_37.088930:40759-41997|-   -            413 8347                 -            473   8.6e-05   19.4   1.7   1   3   0.00074       0.2    8.3   0.0     5    44   123   162   120   169 0.89 NODE_3_length_152663_cov_37.088930_36 # 40759 # 41997 # -1 # ID=3_36;partial=00;start_type=ATG;rbs_motif=AGGA;rbs_spacer=5-10bp;gc_cont=0.512
NODE_3_length_152663_cov_37.088930:40759-41997|-   -            413 8347                 -            473   8.6e-05   19.4   1.7   2   3    0.0096       2.6    4.7   0.1   173   200   251   278   242   300 0.88 NODE_3_length_152663_cov_37.088930_36 # 40759 # 41997 # -1 # ID=3_36;partial=00;start_type=ATG;rbs_motif=AGGA;rbs_spacer=5-10bp;gc_cont=0.512
NODE_3_length_152663_cov_37.088930:40759-41997|-   -            413 8347                 -            473   8.6e-05   19.4   1.7   3   3     0.017       4.5    3.9   0.0   299   336   366   403   312   408 0.86 NODE_3_length_152663_cov_37.088930_36 # 40759 # 41997 # -1 # ID=3_36;partial=00;start_type=ATG;rbs_motif=AGGA;rbs_spacer=5-10bp;gc_cont=0.512
NODE_12_length_106079_cov_39.536715:99167-100438|- -            424 8347                 -            473   0.00079   16.2   0.0   1   1   3.9e-06     0.001   15.8   0.0     7    55     5    53     1    67 0.85 NODE_12_length_106079_cov_39.536715_87 # 99167 # 100438 # -1 # ID=12_87;partial=00;start_type=ATG;rbs_motif=3Base/5BMM;rbs_spacer=13-15bp;gc_cont=0.557
NODE_6_length_131096_cov_36.333598:78515-79693|-   -            393 8347                 -            473     0.015   12.0   0.0   1   1   8.7e-05     0.023   11.4   0.0     6    40    12    46     8    54 0.93 NODE_6_length_131096_cov_36.333598_77 # 78515 # 79693 # -1 # ID=6_77;partial=00;start_type=ATG;rbs_motif=GGA/GAG/AGG;rbs_spacer=5-10bp;gc_cont=0.539
NODE_2_length_157429_cov_38.171358:105992-107620|- -            543 8347                 -            473     0.016   11.9   0.1   1   1     9e-05     0.024   11.4   0.1     7    77     9    80     3    89 0.84 NODE_2_length_157429_cov_38.171358_103 # 105992 # 107620 # -1 # ID=2_103;partial=00;start_type=ATG;rbs_motif=GGAG/GAGG;rbs_spacer=5-10bp;gc_cont=0.572
NODE_11_length_117034_cov_40.464403:31103-33022|-  -            640 8347                 -            473     0.032   11.0   0.1   1   2   0.00036     0.097    9.3   0.0     8    49   312   352   307   372 0.88 NODE_11_length_117034_cov_40.464403_23 # 31103 # 33022 # -1 # ID=11_23;partial=00;start_type=ATG;rbs_motif=GGA/GAG/AGG;rbs_spacer=5-10bp;gc_cont=0.528
NODE_11_length_117034_cov_40.464403:31103-33022|-  -            640 8347                 -            473     0.032   11.0   0.1   2   2       1.1     3e+02   -2.2   0.0   283   331   574   626   557   631 0.71 NODE_11_length_117034_cov_40.464403_23 # 31103 # 33022 # -1 # ID=11_23;partial=00;start_type=ATG;rbs_motif=GGA/GAG/AGG;rbs_spacer=5-10bp;gc_cont=0.528
NODE_83_length_13119_cov_40.215209:1927-3216|-     -            430 8347                 -            473     0.039   10.6   0.2   1   1   0.00023     0.062   10.0   0.2     8    46     7    45     2    66 0.85 NODE_83_length_13119_cov_40.215209_3 # 1927 # 3216 # -1 # ID=83_3;partial=00;start_type=ATG;rbs_motif=GGAG/GAGG;rbs_spacer=5-10bp;gc_cont=0.546
#
# Program:         hmmsearch
# Version:         3.4 (Aug 2023)
# Pipeline mode:   SEARCH
# Query file:      /home/simonedassisi/busco_downloads/lineages/enterobacteriaceae_odb12/hmms/8347at543.hmm
# Target file:     home/simonedassisi/Desktop/BUSCO_output/prodigal_output/predicted_genes/predicted.faa
# Option settings: hmmsearch --domtblout home/simonedassisi/Desktop/BUSCO_output/run_enterobacteriaceae_odb12/hmmer_output/8347at543.out --cpu 1 /home/simonedassisi/busco_downloads/lineages/enterobacteriaceae_odb12/hmms/8347at543.hmm home/simonedassisi/Desktop/BUSCO_output/prodigal_output/predicted_genes/predicted.faa 
# Current dir:     /home/simonedassisi
# Date:            Tue Apr  1 14:30:34 2025
# [ok]
