#                                                                                                        --- full sequence --- -------------- this domain -------------   hmm coord   ali coord   env coord
# target name                                    accession   tlen query name           accession   qlen   E-value  score  bias   #  of  c-Evalue  i-Evalue  score  bias  from    to  from    to  from    to  acc description of target
#                            ------------------- ---------- ----- -------------------- ---------- ----- --------- ------ ----- --- --- --------- --------- ------ ----- ----- ----- ----- ----- ----- ----- ---- ---------------------
NODE_29_length_69919_cov_43.020805:13457-14461|- -            335 8411                 -            333  1.4e-208  689.8   5.2   1   1  1.2e-211  1.6e-208  689.6   5.2     1   332     1   332     1   333 1.00 NODE_29_length_69919_cov_43.020805_16 # 13457 # 14461 # -1 # ID=29_16;partial=00;start_type=ATG;rbs_motif=AGxAGG/AGGxGG;rbs_spacer=5-10bp;gc_cont=0.532
NODE_21_length_83220_cov_38.326345:44246-45163|+ -            306 8411                 -            333   2.9e-07   28.0  10.8   1   2     4e-05     0.051   10.8   0.3     7   140     7   129     1   149 0.69 NODE_21_length_83220_cov_38.326345_44 # 44246 # 45163 # 1 # ID=21_44;partial=00;start_type=ATG;rbs_motif=AGGAG;rbs_spacer=5-10bp;gc_cont=0.528
NODE_21_length_83220_cov_38.326345:44246-45163|+ -            306 8411                 -            333   2.9e-07   28.0  10.8   2   2   3.4e-08   4.2e-05   20.9   5.5   196   286   145   235   129   280 0.83 NODE_21_length_83220_cov_38.326345_44 # 44246 # 45163 # 1 # ID=21_44;partial=00;start_type=ATG;rbs_motif=AGGAG;rbs_spacer=5-10bp;gc_cont=0.528
NODE_29_length_69919_cov_43.020805:14464-15723|- -            420 8411                 -            333   3.7e-07   27.7   2.6   1   2   4.9e-10   6.1e-07   26.9   0.1     6   164    83   229    78   257 0.81 NODE_29_length_69919_cov_43.020805_17 # 14464 # 15723 # -1 # ID=29_17;partial=00;start_type=ATG;rbs_motif=GGAG/GAGG;rbs_spacer=5-10bp;gc_cont=0.563
NODE_29_length_69919_cov_43.020805:14464-15723|- -            420 8411                 -            333   3.7e-07   27.7   2.6   2   2     0.042        53    0.9   0.9   201   270   229   296   227   321 0.61 NODE_29_length_69919_cov_43.020805_17 # 14464 # 15723 # -1 # ID=29_17;partial=00;start_type=ATG;rbs_motif=GGAG/GAGG;rbs_spacer=5-10bp;gc_cont=0.563
NODE_58_length_27727_cov_38.767101:1879-3006|-   -            376 8411                 -            333    0.0002   18.7   2.0   1   3      0.53   6.7e+02   -2.8   0.0   206   228   111   133   107   141 0.78 NODE_58_length_27727_cov_38.767101_3 # 1879 # 3006 # -1 # ID=58_3;partial=00;start_type=ATG;rbs_motif=AGGA;rbs_spacer=5-10bp;gc_cont=0.500
NODE_58_length_27727_cov_38.767101:1879-3006|-   -            376 8411                 -            333    0.0002   18.7   2.0   2   3   3.6e-05     0.045   10.9   0.0    43   100   161   220   151   264 0.85 NODE_58_length_27727_cov_38.767101_3 # 1879 # 3006 # -1 # ID=58_3;partial=00;start_type=ATG;rbs_motif=AGGA;rbs_spacer=5-10bp;gc_cont=0.500
NODE_58_length_27727_cov_38.767101:1879-3006|-   -            376 8411                 -            333    0.0002   18.7   2.0   3   3   0.00057      0.72    7.0   0.2   196   243   271   318   243   335 0.81 NODE_58_length_27727_cov_38.767101_3 # 1879 # 3006 # -1 # ID=58_3;partial=00;start_type=ATG;rbs_motif=AGGA;rbs_spacer=5-10bp;gc_cont=0.500
#
# Program:         hmmsearch
# Version:         3.4 (Aug 2023)
# Pipeline mode:   SEARCH
# Query file:      /home/simonedassisi/busco_downloads/lineages/enterobacteriaceae_odb12/hmms/8411at543.hmm
# Target file:     home/simonedassisi/Desktop/BUSCO_output/prodigal_output/predicted_genes/predicted.faa
# Option settings: hmmsearch --domtblout home/simonedassisi/Desktop/BUSCO_output/run_enterobacteriaceae_odb12/hmmer_output/8411at543.out --cpu 1 /home/simonedassisi/busco_downloads/lineages/enterobacteriaceae_odb12/hmms/8411at543.hmm home/simonedassisi/Desktop/BUSCO_output/prodigal_output/predicted_genes/predicted.faa 
# Current dir:     /home/simonedassisi
# Date:            Tue Apr  1 14:30:34 2025
# [ok]
