#                                                                                                        --- full sequence --- -------------- this domain -------------   hmm coord   ali coord   env coord
# target name                                    accession   tlen query name           accession   qlen   E-value  score  bias   #  of  c-Evalue  i-Evalue  score  bias  from    to  from    to  from    to  acc description of target
#                            ------------------- ---------- ----- -------------------- ---------- ----- --------- ------ ----- --- --- --------- --------- ------ ----- ----- ----- ----- ----- ----- ----- ---- ---------------------
NODE_77_length_15753_cov_35.008191:9392-10147|+  -            252 845                  -            248    3e-134  444.0   0.0   1   1    4e-137  3.3e-134  443.9   0.0     1   248     1   251     1   251 0.98 NODE_77_length_15753_cov_35.008191_11 # 9392 # 10147 # 1 # ID=77_11;partial=00;start_type=ATG;rbs_motif=GGAG/GAGG;rbs_spacer=5-10bp;gc_cont=0.401
NODE_36_length_50779_cov_38.268459:14112-14759|- -            216 845                  -            248   1.8e-27   94.3   0.0   1   2   2.7e-17   2.3e-14   51.4   0.0     3    78     5    81     1    88 0.91 NODE_36_length_50779_cov_38.268459_12 # 14112 # 14759 # -1 # ID=36_12;partial=00;start_type=ATG;rbs_motif=GGA/GAG/AGG;rbs_spacer=5-10bp;gc_cont=0.514
NODE_36_length_50779_cov_38.268459:14112-14759|- -            216 845                  -            248   1.8e-27   94.3   0.0   2   2   3.4e-14   2.8e-11   41.2   0.0    73   164    96   192    87   202 0.88 NODE_36_length_50779_cov_38.268459_12 # 14112 # 14759 # -1 # ID=36_12;partial=00;start_type=ATG;rbs_motif=GGA/GAG/AGG;rbs_spacer=5-10bp;gc_cont=0.514
NODE_7_length_130108_cov_39.332856:55762-57747|+ -            662 845                  -            248   0.00024   18.5   0.0   1   2   9.3e-06    0.0078   13.6   0.1    29    68   154   195   136   227 0.67 NODE_7_length_130108_cov_39.332856_52 # 55762 # 57747 # 1 # ID=7_52;partial=00;start_type=ATG;rbs_motif=GGAG/GAGG;rbs_spacer=5-10bp;gc_cont=0.521
NODE_7_length_130108_cov_39.332856:55762-57747|+ -            662 845                  -            248   0.00024   18.5   0.0   2   2     0.021        17    2.6   0.0    38   107   225   288   211   304 0.64 NODE_7_length_130108_cov_39.332856_52 # 55762 # 57747 # 1 # ID=7_52;partial=00;start_type=ATG;rbs_motif=GGAG/GAGG;rbs_spacer=5-10bp;gc_cont=0.521
NODE_36_length_50779_cov_38.268459:31825-34089|- -            755 845                  -            248   0.00042   17.8   0.1   1   1   8.5e-07   0.00072   17.0   0.1    33    71   537   575   521   590 0.87 NODE_36_length_50779_cov_38.268459_26 # 31825 # 34089 # -1 # ID=36_26;partial=00;start_type=ATG;rbs_motif=GGAGG;rbs_spacer=5-10bp;gc_cont=0.497
NODE_7_length_130108_cov_39.332856:47256-48014|+ -            253 845                  -            248    0.0019   15.6   0.0   1   2     5e-06    0.0042   14.5   0.0    47    80    70   105    60   116 0.82 NODE_7_length_130108_cov_39.332856_43 # 47256 # 48014 # 1 # ID=7_43;partial=00;start_type=ATG;rbs_motif=GGA/GAG/AGG;rbs_spacer=5-10bp;gc_cont=0.589
NODE_7_length_130108_cov_39.332856:47256-48014|+ -            253 845                  -            248    0.0019   15.6   0.0   2   2       1.2   9.9e+02   -3.1   0.0   102   122   211   231   203   233 0.75 NODE_7_length_130108_cov_39.332856_43 # 47256 # 48014 # 1 # ID=7_43;partial=00;start_type=ATG;rbs_motif=GGA/GAG/AGG;rbs_spacer=5-10bp;gc_cont=0.589
NODE_90_length_11481_cov_41.970231:1057-2121|-   -            355 845                  -            248     0.055   10.8   0.2   1   2    0.0012      0.98    6.7   0.0    45    60   109   124   101   148 0.84 NODE_90_length_11481_cov_41.970231_2 # 1057 # 2121 # -1 # ID=90_2;partial=00;start_type=ATG;rbs_motif=GGA/GAG/AGG;rbs_spacer=5-10bp;gc_cont=0.518
NODE_90_length_11481_cov_41.970231:1057-2121|-   -            355 845                  -            248     0.055   10.8   0.2   2   2     0.033        28    2.0   0.0    21    37   158   174   150   200 0.78 NODE_90_length_11481_cov_41.970231_2 # 1057 # 2121 # -1 # ID=90_2;partial=00;start_type=ATG;rbs_motif=GGA/GAG/AGG;rbs_spacer=5-10bp;gc_cont=0.518
#
# Program:         hmmsearch
# Version:         3.4 (Aug 2023)
# Pipeline mode:   SEARCH
# Query file:      /home/simonedassisi/busco_downloads/lineages/enterobacteriaceae_odb12/hmms/845at543.hmm
# Target file:     home/simonedassisi/Desktop/BUSCO_output/prodigal_output/predicted_genes/predicted.faa
# Option settings: hmmsearch --domtblout home/simonedassisi/Desktop/BUSCO_output/run_enterobacteriaceae_odb12/hmmer_output/845at543.out --cpu 1 /home/simonedassisi/busco_downloads/lineages/enterobacteriaceae_odb12/hmms/845at543.hmm home/simonedassisi/Desktop/BUSCO_output/prodigal_output/predicted_genes/predicted.faa 
# Current dir:     /home/simonedassisi
# Date:            Tue Apr  1 14:30:34 2025
# [ok]
