#                                                                                                         --- full sequence --- -------------- this domain -------------   hmm coord   ali coord   env coord
# target name                                     accession   tlen query name           accession   qlen   E-value  score  bias   #  of  c-Evalue  i-Evalue  score  bias  from    to  from    to  from    to  acc description of target
#                             ------------------- ---------- ----- -------------------- ---------- ----- --------- ------ ----- --- --- --------- --------- ------ ----- ----- ----- ----- ----- ----- ----- ---- ---------------------
NODE_24_length_79963_cov_36.490030:4672-5742|-    -            357 874                  -            353  5.6e-212  701.3   0.1   1   1  1.1e-214  6.4e-212  701.1   0.1     2   352     5   355     4   356 0.99 NODE_24_length_79963_cov_36.490030_7 # 4672 # 5742 # -1 # ID=24_7;partial=00;start_type=ATG;rbs_motif=AGGAG;rbs_spacer=5-10bp;gc_cont=0.555
NODE_13_length_92664_cov_37.475885:67784-69022|+  -            413 874                  -            353   3.8e-17   60.5   0.0   1   1     9e-20     5e-17   60.1   0.0    74   303   100   336    81   353 0.81 NODE_13_length_92664_cov_37.475885_68 # 67784 # 69022 # 1 # ID=13_68;partial=00;start_type=ATG;rbs_motif=GGAG/GAGG;rbs_spacer=5-10bp;gc_cont=0.554
NODE_2_length_157429_cov_38.171358:58056-59273|-  -            406 874                  -            353   1.5e-12   45.4   0.0   1   1   3.2e-15   1.8e-12   45.2   0.0    58   226    79   255    61   353 0.80 NODE_2_length_157429_cov_38.171358_57 # 58056 # 59273 # -1 # ID=2_57;partial=00;start_type=ATG;rbs_motif=GGA/GAG/AGG;rbs_spacer=5-10bp;gc_cont=0.505
NODE_10_length_119716_cov_38.250842:94196-95356|- -            387 874                  -            353   4.2e-11   40.6   0.0   1   1   9.9e-14   5.5e-11   40.2   0.0    71   253    90   276    55   332 0.76 NODE_10_length_119716_cov_38.250842_88 # 94196 # 95356 # -1 # ID=10_88;partial=00;start_type=ATG;rbs_motif=GGA/GAG/AGG;rbs_spacer=5-10bp;gc_cont=0.537
NODE_33_length_56462_cov_40.195669:24284-25696|+  -            471 874                  -            353   4.2e-09   34.1   0.0   1   1   1.1e-11     6e-09   33.6   0.0    69   225   165   326   153   383 0.76 NODE_33_length_56462_cov_40.195669_23 # 24284 # 25696 # 1 # ID=33_23;partial=00;start_type=ATG;rbs_motif=AGGA;rbs_spacer=5-10bp;gc_cont=0.548
NODE_1_length_276430_cov_40.515391:12927-14180|-  -            418 874                  -            353   6.8e-09   33.4   0.0   1   1   1.8e-11     1e-08   32.8   0.0   143   234   179   271   162   282 0.83 NODE_1_length_276430_cov_40.515391_15 # 12927 # 14180 # -1 # ID=1_15;partial=00;start_type=ATG;rbs_motif=None;rbs_spacer=None;gc_cont=0.523
NODE_49_length_31840_cov_36.883045:5518-6924|+    -            469 874                  -            353   8.4e-09   33.1   0.0   1   1   2.2e-11   1.2e-08   32.5   0.0    59   298   153   401   140   405 0.75 NODE_49_length_31840_cov_36.883045_7 # 5518 # 6924 # 1 # ID=49_7;partial=00;start_type=ATG;rbs_motif=None;rbs_spacer=None;gc_cont=0.513
NODE_25_length_79707_cov_37.284883:69590-70762|-  -            391 874                  -            353     7e-08   30.0   0.0   1   1   1.7e-10   9.5e-08   29.6   0.0    67   188    82   208    73   250 0.74 NODE_25_length_79707_cov_37.284883_69 # 69590 # 70762 # -1 # ID=25_69;partial=00;start_type=ATG;rbs_motif=AGGA;rbs_spacer=5-10bp;gc_cont=0.511
NODE_155_length_703_cov_0.942708:135-701|+        -            189 874                  -            353   0.00019   18.8   0.0   1   1   4.2e-07   0.00024   18.4   0.0    51   165    75   188    65   189 0.78 NODE_155_length_703_cov_0.942708_1 # 135 # 701 # 1 # ID=155_1;partial=01;start_type=ATG;rbs_motif=None;rbs_spacer=None;gc_cont=0.494
#
# Program:         hmmsearch
# Version:         3.4 (Aug 2023)
# Pipeline mode:   SEARCH
# Query file:      /home/simonedassisi/busco_downloads/lineages/enterobacteriaceae_odb12/hmms/874at543.hmm
# Target file:     home/simonedassisi/Desktop/BUSCO_output/prodigal_output/predicted_genes/predicted.faa
# Option settings: hmmsearch --domtblout home/simonedassisi/Desktop/BUSCO_output/run_enterobacteriaceae_odb12/hmmer_output/874at543.out --cpu 1 /home/simonedassisi/busco_downloads/lineages/enterobacteriaceae_odb12/hmms/874at543.hmm home/simonedassisi/Desktop/BUSCO_output/prodigal_output/predicted_genes/predicted.faa 
# Current dir:     /home/simonedassisi
# Date:            Tue Apr  1 14:30:35 2025
# [ok]
