#                                                                                                        --- full sequence --- -------------- this domain -------------   hmm coord   ali coord   env coord
# target name                                    accession   tlen query name           accession   qlen   E-value  score  bias   #  of  c-Evalue  i-Evalue  score  bias  from    to  from    to  from    to  acc description of target
#                            ------------------- ---------- ----- -------------------- ---------- ----- --------- ------ ----- --- --- --------- --------- ------ ----- ----- ----- ----- ----- ----- ----- ---- ---------------------
NODE_13_length_92664_cov_37.475885:34049-35020|- -            324 9629                 -            322  1.6e-208  689.5   0.8   1   1  2.5e-211  1.8e-208  689.3   0.8     1   322     1   322     1   322 1.00 NODE_13_length_92664_cov_37.475885_39 # 34049 # 35020 # -1 # ID=13_39;partial=00;start_type=ATG;rbs_motif=AGGA;rbs_spacer=5-10bp;gc_cont=0.503
NODE_13_length_92664_cov_37.475885:28806-29717|+ -            304 9629                 -            322   6.3e-75  250.5   0.2   1   1   1.4e-76     1e-73  246.5   0.2    10   314     6   294     2   300 0.93 NODE_13_length_92664_cov_37.475885_33 # 28806 # 29717 # 1 # ID=13_33;partial=00;start_type=GTG;rbs_motif=GGA/GAG/AGG;rbs_spacer=5-10bp;gc_cont=0.556
NODE_16_length_86943_cov_42.279511:8632-10179|+  -            516 9629                 -            322   7.1e-10   36.7   0.1   1   1   1.4e-12     1e-09   36.2   0.1    15   301    33   317    27   332 0.79 NODE_16_length_86943_cov_42.279511_8 # 8632 # 10179 # 1 # ID=16_8;partial=00;start_type=ATG;rbs_motif=GGxGG;rbs_spacer=3-4bp;gc_cont=0.578
NODE_62_length_24769_cov_35.270392:19693-20682|- -            330 9629                 -            322   1.2e-07   29.4   0.9   1   1   2.2e-10   1.6e-07   29.0   0.9    25   301    41   311    24   323 0.75 NODE_62_length_24769_cov_35.270392_23 # 19693 # 20682 # -1 # ID=62_23;partial=00;start_type=ATG;rbs_motif=GGAG/GAGG;rbs_spacer=5-10bp;gc_cont=0.458
NODE_22_length_80627_cov_36.893466:27834-29027|- -            398 9629                 -            322   1.6e-06   25.8   0.1   1   2    0.0098         7    3.9   0.0    65   192   107   248    95   281 0.65 NODE_22_length_80627_cov_36.893466_30 # 27834 # 29027 # -1 # ID=22_30;partial=00;start_type=ATG;rbs_motif=AGGA;rbs_spacer=5-10bp;gc_cont=0.544
NODE_22_length_80627_cov_36.893466:27834-29027|- -            398 9629                 -            322   1.6e-06   25.8   0.1   2   2   1.5e-07   0.00011   19.7   0.0   248   309   325   386   314   392 0.92 NODE_22_length_80627_cov_36.893466_30 # 27834 # 29027 # -1 # ID=22_30;partial=00;start_type=ATG;rbs_motif=AGGA;rbs_spacer=5-10bp;gc_cont=0.544
NODE_11_length_117034_cov_40.464403:9781-10977|+ -            399 9629                 -            322   0.00034   18.1   0.2   1   1   5.2e-06    0.0037   14.6   0.2    58   211   108   266   100   294 0.61 NODE_11_length_117034_cov_40.464403_8 # 9781 # 10977 # 1 # ID=11_8;partial=00;start_type=ATG;rbs_motif=AGGA;rbs_spacer=5-10bp;gc_cont=0.536
NODE_13_length_92664_cov_37.475885:85547-86875|- -            443 9629                 -            322     0.027   11.8   0.0   1   1   0.00015      0.11    9.9   0.0    68   290   166   409   155   416 0.65 NODE_13_length_92664_cov_37.475885_81 # 85547 # 86875 # -1 # ID=13_81;partial=00;start_type=ATG;rbs_motif=GGA/GAG/AGG;rbs_spacer=5-10bp;gc_cont=0.509
#
# Program:         hmmsearch
# Version:         3.4 (Aug 2023)
# Pipeline mode:   SEARCH
# Query file:      /home/simonedassisi/busco_downloads/lineages/enterobacteriaceae_odb12/hmms/9629at543.hmm
# Target file:     home/simonedassisi/Desktop/BUSCO_output/prodigal_output/predicted_genes/predicted.faa
# Option settings: hmmsearch --domtblout home/simonedassisi/Desktop/BUSCO_output/run_enterobacteriaceae_odb12/hmmer_output/9629at543.out --cpu 1 /home/simonedassisi/busco_downloads/lineages/enterobacteriaceae_odb12/hmms/9629at543.hmm home/simonedassisi/Desktop/BUSCO_output/prodigal_output/predicted_genes/predicted.faa 
# Current dir:     /home/simonedassisi
# Date:            Tue Apr  1 14:30:36 2025
# [ok]
