#                                                                                                          --- full sequence --- -------------- this domain -------------   hmm coord   ali coord   env coord
# target name                                      accession   tlen query name           accession   qlen   E-value  score  bias   #  of  c-Evalue  i-Evalue  score  bias  from    to  from    to  from    to  acc description of target
#                              ------------------- ---------- ----- -------------------- ---------- ----- --------- ------ ----- --- --- --------- --------- ------ ----- ----- ----- ----- ----- ----- ----- ---- ---------------------
NODE_13_length_92664_cov_37.475885:26710-27585|+   -            292 9846                 -            290  3.1e-169  559.9  12.1   1   1  1.3e-171  3.6e-169  559.7  12.1     1   290     1   290     1   290 1.00 NODE_13_length_92664_cov_37.475885_31 # 26710 # 27585 # 1 # ID=13_31;partial=00;start_type=ATG;rbs_motif=GGA/GAG/AGG;rbs_spacer=5-10bp;gc_cont=0.564
NODE_13_length_92664_cov_37.475885:25877-26710|+   -            278 9846                 -            290   3.6e-98  326.6  15.5   1   1  1.6e-100   4.4e-98  326.4  15.5    10   279     4   273     1   276 0.97 NODE_13_length_92664_cov_37.475885_30 # 25877 # 26710 # 1 # ID=13_30;partial=00;start_type=ATG;rbs_motif=GGxGG;rbs_spacer=5-10bp;gc_cont=0.565
NODE_37_length_49199_cov_38.911069:44775-45464|+   -            230 9846                 -            290   3.4e-40  136.4   9.2   1   1   1.4e-42   3.9e-40  136.2   9.2    58   272     4   215     1   228 0.88 NODE_37_length_49199_cov_38.911069_42 # 44775 # 45464 # 1 # ID=37_42;partial=00;start_type=ATG;rbs_motif=3Base/5BMM;rbs_spacer=13-15bp;gc_cont=0.541
NODE_4_length_139564_cov_44.158667:79824-81434|+   -            537 9846                 -            290   1.2e-24   85.4  28.4   1   2   3.2e-19   9.1e-17   59.5  11.4    27   270    17   261     4   269 0.88 NODE_4_length_139564_cov_44.158667_71 # 79824 # 81434 # 1 # ID=4_71;partial=00;start_type=ATG;rbs_motif=GGA/GAG/AGG;rbs_spacer=5-10bp;gc_cont=0.580
NODE_4_length_139564_cov_44.158667:79824-81434|+   -            537 9846                 -            290   1.2e-24   85.4  28.4   2   2   1.1e-10   3.1e-08   31.4   9.0    27   267   295   523   281   533 0.75 NODE_4_length_139564_cov_44.158667_71 # 79824 # 81434 # 1 # ID=4_71;partial=00;start_type=ATG;rbs_motif=GGA/GAG/AGG;rbs_spacer=5-10bp;gc_cont=0.580
NODE_49_length_31840_cov_36.883045:10277-11071|+   -            265 9846                 -            290   3.9e-16   57.4  13.5   1   1   8.6e-18   2.4e-15   54.8  13.5    58   233    57   218    10   258 0.79 NODE_49_length_31840_cov_36.883045_11 # 10277 # 11071 # 1 # ID=49_11;partial=00;start_type=ATG;rbs_motif=GGAG/GAGG;rbs_spacer=5-10bp;gc_cont=0.543
NODE_73_length_16238_cov_34.312333:2384-3241|-     -            286 9846                 -            290   8.8e-16   56.2  18.7   1   1     4e-18   1.1e-15   55.9  18.7    26   268    19   271     1   283 0.74 NODE_73_length_16238_cov_34.312333_4 # 2384 # 3241 # -1 # ID=73_4;partial=00;start_type=ATG;rbs_motif=AGGAG/GGAGG;rbs_spacer=11-12bp;gc_cont=0.508
NODE_23_length_80065_cov_37.437114:62030-62875|-   -            282 9846                 -            290   1.7e-15   55.3  16.0   1   1   8.2e-18   2.3e-15   54.9  16.0    23   237    18   230     6   280 0.71 NODE_23_length_80065_cov_37.437114_57 # 62030 # 62875 # -1 # ID=23_57;partial=00;start_type=ATG;rbs_motif=GGAG/GAGG;rbs_spacer=5-10bp;gc_cont=0.540
NODE_23_length_80065_cov_37.437114:62872-63825|-   -            318 9846                 -            290   2.4e-12   45.0  14.5   1   2      0.13        36    1.7   0.9    12    48    22    58    17    83 0.81 NODE_23_length_80065_cov_37.437114_58 # 62872 # 63825 # -1 # ID=23_58;partial=00;start_type=ATG;rbs_motif=AGGAG;rbs_spacer=5-10bp;gc_cont=0.504
NODE_23_length_80065_cov_37.437114:62872-63825|-   -            318 9846                 -            290   2.4e-12   45.0  14.5   2   2   8.5e-15   2.4e-12   45.0  14.5    51   269    84   307    69   314 0.89 NODE_23_length_80065_cov_37.437114_58 # 62872 # 63825 # -1 # ID=23_58;partial=00;start_type=ATG;rbs_motif=AGGAG;rbs_spacer=5-10bp;gc_cont=0.504
NODE_7_length_130108_cov_39.332856:118337-119227|+ -            297 9846                 -            290   1.3e-10   39.2  12.1   1   2       1.4   3.9e+02   -1.7   0.1    27    48    18    41     3    62 0.57 NODE_7_length_130108_cov_39.332856_109 # 118337 # 119227 # 1 # ID=7_109;partial=00;start_type=ATG;rbs_motif=GGAG/GAGG;rbs_spacer=5-10bp;gc_cont=0.553
NODE_7_length_130108_cov_39.332856:118337-119227|+ -            297 9846                 -            290   1.3e-10   39.2  12.1   2   2   4.7e-13   1.3e-10   39.2  12.1    64   269    83   280    66   288 0.88 NODE_7_length_130108_cov_39.332856_109 # 118337 # 119227 # 1 # ID=7_109;partial=00;start_type=ATG;rbs_motif=GGAG/GAGG;rbs_spacer=5-10bp;gc_cont=0.553
NODE_73_length_16238_cov_34.312333:1593-2387|-     -            265 9846                 -            290   1.8e-10   38.8  18.9   1   1   2.9e-12   8.2e-10   36.6  18.9    32   270    16   249     3   261 0.80 NODE_73_length_16238_cov_34.312333_3 # 1593 # 2387 # -1 # ID=73_3;partial=00;start_type=ATG;rbs_motif=AGxAGG/AGGxGG;rbs_spacer=5-10bp;gc_cont=0.499
NODE_35_length_52795_cov_36.978564:50600-51481|-   -            294 9846                 -            290   7.9e-09   33.4  16.9   1   1     4e-11   1.1e-08   32.9  16.9    46   268    53   284    21   292 0.74 NODE_35_length_52795_cov_36.978564_46 # 50600 # 51481 # -1 # ID=35_46;partial=00;start_type=ATG;rbs_motif=AGGA;rbs_spacer=5-10bp;gc_cont=0.542
NODE_7_length_130108_cov_39.332856:116778-118322|+ -            515 9846                 -            290     2e-06   25.5  10.7   1   2       1.2   3.4e+02   -1.5   0.1   140   162    63    85    40   115 0.68 NODE_7_length_130108_cov_39.332856_108 # 116778 # 118322 # 1 # ID=7_108;partial=00;start_type=ATG;rbs_motif=GGAG/GAGG;rbs_spacer=5-10bp;gc_cont=0.529
NODE_7_length_130108_cov_39.332856:116778-118322|+ -            515 9846                 -            290     2e-06   25.5  10.7   2   2   7.3e-09     2e-06   25.5  10.7    62   203   277   426   256   449 0.78 NODE_7_length_130108_cov_39.332856_108 # 116778 # 118322 # 1 # ID=7_108;partial=00;start_type=ATG;rbs_motif=GGAG/GAGG;rbs_spacer=5-10bp;gc_cont=0.529
NODE_1_length_276430_cov_40.515391:156476-157363|+ -            296 9846                 -            290   8.3e-06   23.5  14.2   1   1   3.5e-08   9.9e-06   23.2  14.2    49   276    55   287    11   295 0.77 NODE_1_length_276430_cov_40.515391_141 # 156476 # 157363 # 1 # ID=1_141;partial=00;start_type=ATG;rbs_motif=AGGA;rbs_spacer=5-10bp;gc_cont=0.560
NODE_26_length_78359_cov_41.157595:3554-4444|+     -            297 9846                 -            290     1e-05   23.2   5.4   1   2         4   1.1e+03   -3.2   0.1    21    41    29    48    11    64 0.48 NODE_26_length_78359_cov_41.157595_5 # 3554 # 4444 # 1 # ID=26_5;partial=00;start_type=ATG;rbs_motif=GGAG/GAGG;rbs_spacer=5-10bp;gc_cont=0.570
NODE_26_length_78359_cov_41.157595:3554-4444|+     -            297 9846                 -            290     1e-05   23.2   5.4   2   2   3.6e-08     1e-05   23.2   5.4   145   221   153   228    95   294 0.84 NODE_26_length_78359_cov_41.157595_5 # 3554 # 4444 # 1 # ID=26_5;partial=00;start_type=ATG;rbs_motif=GGAG/GAGG;rbs_spacer=5-10bp;gc_cont=0.570
NODE_26_length_78359_cov_41.157595:2595-3554|+     -            320 9846                 -            290   0.00019   19.0  18.6   1   1     2e-06   0.00057   17.5  18.6   146   259   172   289    12   318 0.64 NODE_26_length_78359_cov_41.157595_4 # 2595 # 3554 # 1 # ID=26_4;partial=00;start_type=ATG;rbs_motif=GGA/GAG/AGG;rbs_spacer=5-10bp;gc_cont=0.547
NODE_49_length_31840_cov_36.883045:9346-10287|+    -            314 9846                 -            290    0.0016   16.0  12.7   1   1   7.2e-05      0.02   12.4  12.7    56   219    77   257    46   309 0.81 NODE_49_length_31840_cov_36.883045_10 # 9346 # 10287 # 1 # ID=49_10;partial=00;start_type=ATG;rbs_motif=AGGAG;rbs_spacer=5-10bp;gc_cont=0.531
NODE_30_length_69036_cov_41.149327:2181-2834|+     -            218 9846                 -            290     0.036   11.5  11.3   1   3      0.38   1.1e+02    0.2   0.4   150   163    58    71    51    82 0.82 NODE_30_length_69036_cov_41.149327_3 # 2181 # 2834 # 1 # ID=30_3;partial=00;start_type=ATG;rbs_motif=GGAG/GAGG;rbs_spacer=5-10bp;gc_cont=0.524
NODE_30_length_69036_cov_41.149327:2181-2834|+     -            218 9846                 -            290     0.036   11.5  11.3   2   3   7.4e-05     0.021   12.3   6.2   155   216    98   159    74   206 0.84 NODE_30_length_69036_cov_41.149327_3 # 2181 # 2834 # 1 # ID=30_3;partial=00;start_type=ATG;rbs_motif=GGAG/GAGG;rbs_spacer=5-10bp;gc_cont=0.524
NODE_30_length_69036_cov_41.149327:2181-2834|+     -            218 9846                 -            290     0.036   11.5  11.3   3   3      0.78   2.2e+02   -0.9   0.4    26    43   187   204   174   215 0.62 NODE_30_length_69036_cov_41.149327_3 # 2181 # 2834 # 1 # ID=30_3;partial=00;start_type=ATG;rbs_motif=GGAG/GAGG;rbs_spacer=5-10bp;gc_cont=0.524
NODE_35_length_52795_cov_36.978564:49771-50613|-   -            281 9846                 -            290      0.45    8.0  20.5   1   2       3.5   9.7e+02   -3.0   0.1   148   162    16    30     8    43 0.57 NODE_35_length_52795_cov_36.978564_45 # 49771 # 50613 # -1 # ID=35_45;partial=00;start_type=ATG;rbs_motif=4Base/6BMM;rbs_spacer=13-15bp;gc_cont=0.530
NODE_35_length_52795_cov_36.978564:49771-50613|-   -            281 9846                 -            290      0.45    8.0  20.5   2   2   0.00081      0.23    8.9  15.6    69   267    77   262    69   273 0.83 NODE_35_length_52795_cov_36.978564_45 # 49771 # 50613 # -1 # ID=35_45;partial=00;start_type=ATG;rbs_motif=4Base/6BMM;rbs_spacer=13-15bp;gc_cont=0.530
#
# Program:         hmmsearch
# Version:         3.4 (Aug 2023)
# Pipeline mode:   SEARCH
# Query file:      /home/simonedassisi/busco_downloads/lineages/enterobacteriaceae_odb12/hmms/9846at543.hmm
# Target file:     home/simonedassisi/Desktop/BUSCO_output/prodigal_output/predicted_genes/predicted.faa
# Option settings: hmmsearch --domtblout home/simonedassisi/Desktop/BUSCO_output/run_enterobacteriaceae_odb12/hmmer_output/9846at543.out --cpu 1 /home/simonedassisi/busco_downloads/lineages/enterobacteriaceae_odb12/hmms/9846at543.hmm home/simonedassisi/Desktop/BUSCO_output/prodigal_output/predicted_genes/predicted.faa 
# Current dir:     /home/simonedassisi
# Date:            Tue Apr  1 14:30:36 2025
# [ok]
