#                                                                                                          --- full sequence --- -------------- this domain -------------   hmm coord   ali coord   env coord
# target name                                      accession   tlen query name           accession   qlen   E-value  score  bias   #  of  c-Evalue  i-Evalue  score  bias  from    to  from    to  from    to  acc description of target
#                              ------------------- ---------- ----- -------------------- ---------- ----- --------- ------ ----- --- --- --------- --------- ------ ----- ----- ----- ----- ----- ----- ----- ---- ---------------------
NODE_2132_length_53289_cov_67.616959:9715-10473|-  -            253 10184                -            251  3.4e-152  503.2   0.0   1   1  1.4e-154  3.8e-152  503.0   0.0     1   251     1   252     1   252 0.99 NODE_2132_length_53289_cov_67.616959_10 # 9715 # 10473 # -1 # ID=1067_10;partial=00;start_type=ATG;rbs_motif=AGGAG;rbs_spacer=5-10bp;gc_cont=0.528
NODE_215_length_65836_cov_69.504402:18760-19551|+  -            264 10184                -            251   2.2e-25   87.7   0.0   1   1   1.2e-27   3.4e-25   87.1   0.0    10   210     4   202     2   247 0.88 NODE_215_length_65836_cov_69.504402_21 # 18760 # 19551 # 1 # ID=52_21;partial=00;start_type=ATG;rbs_motif=AGGAG;rbs_spacer=5-10bp;gc_cont=0.556
NODE_2298_length_23791_cov_73.140472:8503-9237|+   -            245 10184                -            251   5.2e-24   83.2   1.2   1   1   2.3e-26   6.5e-24   82.9   1.2    11   203     4   191     2   241 0.82 NODE_2298_length_23791_cov_73.140472_9 # 8503 # 9237 # 1 # ID=1152_9;partial=00;start_type=ATG;rbs_motif=GGAG/GAGG;rbs_spacer=5-10bp;gc_cont=0.514
NODE_1792_length_20317_cov_75.392525:14112-14876|- -            255 10184                -            251   4.4e-23   80.2   0.1   1   1     2e-25   5.6e-23   79.8   0.1    10   203     7   198     2   215 0.91 NODE_1792_length_20317_cov_75.392525_12 # 14112 # 14876 # -1 # ID=834_12;partial=00;start_type=ATG;rbs_motif=AGGA;rbs_spacer=5-10bp;gc_cont=0.502
NODE_1446_length_27281_cov_79.962029:81-965|-      -            295 10184                -            251   9.4e-23   79.1   0.0   1   1   5.2e-25   1.4e-22   78.5   0.0    10   235    47   281    42   288 0.85 NODE_1446_length_27281_cov_79.962029_2 # 81 # 965 # -1 # ID=638_2;partial=00;start_type=ATG;rbs_motif=GGAG/GAGG;rbs_spacer=5-10bp;gc_cont=0.545
NODE_434_length_79075_cov_70.223480:73175-73942|+  -            256 10184                -            251   7.7e-22   76.1   0.0   1   1   3.3e-24   9.2e-22   75.9   0.0     9   213     8   210     1   248 0.81 NODE_434_length_79075_cov_70.223480_72 # 73175 # 73942 # 1 # ID=160_72;partial=00;start_type=GTG;rbs_motif=AGGAG;rbs_spacer=5-10bp;gc_cont=0.469
NODE_1175_length_10478_cov_65.565277:1874-2635|+   -            254 10184                -            251   9.9e-20   69.2   0.0   1   1   4.3e-22   1.2e-19   68.9   0.0    14   239     4   237     1   244 0.83 NODE_1175_length_10478_cov_65.565277_2 # 1874 # 2635 # 1 # ID=500_2;partial=00;start_type=ATG;rbs_motif=GGAG/GAGG;rbs_spacer=5-10bp;gc_cont=0.555
NODE_1852_length_52597_cov_77.721466:46996-47739|- -            248 10184                -            251   2.6e-19   67.8   0.4   1   1   1.2e-21   3.3e-19   67.5   0.4    14   205     3   198     1   246 0.77 NODE_1852_length_52597_cov_77.721466_39 # 46996 # 47739 # -1 # ID=868_39;partial=00;start_type=ATG;rbs_motif=GGA/GAG/AGG;rbs_spacer=5-10bp;gc_cont=0.547
NODE_1082_length_35501_cov_69.030113:19208-19954|+ -            249 10184                -            251   3.2e-19   67.5   3.2   1   1   7.4e-21     2e-18   64.9   3.2    13   212     6   193     3   197 0.89 NODE_1082_length_35501_cov_69.030113_17 # 19208 # 19954 # 1 # ID=452_17;partial=00;start_type=ATG;rbs_motif=GGAG/GAGG;rbs_spacer=5-10bp;gc_cont=0.577
NODE_625_length_50664_cov_72.003532:29884-30654|+  -            257 10184                -            251   9.3e-19   66.0   0.0   1   1   4.6e-21   1.3e-18   65.5   0.0    12   206     2   189     1   201 0.85 NODE_625_length_50664_cov_72.003532_27 # 29884 # 30654 # 1 # ID=266_27;partial=00;start_type=ATG;rbs_motif=GGA/GAG/AGG;rbs_spacer=5-10bp;gc_cont=0.546
NODE_170_length_74698_cov_75.748665:9659-10420|+   -            254 10184                -            251   8.2e-18   62.9   0.1   1   1   4.1e-20   1.1e-17   62.4   0.1    10   236     8   241     5   249 0.77 NODE_170_length_74698_cov_75.748665_12 # 9659 # 10420 # 1 # ID=38_12;partial=00;start_type=ATG;rbs_motif=GGA/GAG/AGG;rbs_spacer=5-10bp;gc_cont=0.524
NODE_1144_length_51838_cov_69.979935:6147-6893|-   -            249 10184                -            251   5.4e-17   60.2   0.0   1   1   2.4e-19   6.7e-17   59.9   0.0    14   218     2   203     1   209 0.88 NODE_1144_length_51838_cov_69.979935_7 # 6147 # 6893 # -1 # ID=484_7;partial=00;start_type=ATG;rbs_motif=GGAG/GAGG;rbs_spacer=5-10bp;gc_cont=0.509
NODE_926_length_95421_cov_71.123581:53743-54555|-  -            271 10184                -            251   5.1e-15   53.7   0.0   1   1   2.3e-17   6.4e-15   53.4   0.0    10   211     4   204     1   228 0.85 NODE_926_length_95421_cov_71.123581_47 # 53743 # 54555 # -1 # ID=386_47;partial=00;start_type=ATG;rbs_motif=GGAGG;rbs_spacer=5-10bp;gc_cont=0.563
NODE_340_length_13576_cov_71.190559:6842-7633|+    -            264 10184                -            251   3.2e-14   51.1   0.0   1   1   1.5e-16   4.1e-14   50.8   0.0    15   204     8   208     3   222 0.82 NODE_340_length_13576_cov_71.190559_8 # 6842 # 7633 # 1 # ID=103_8;partial=00;start_type=ATG;rbs_motif=GGA/GAG/AGG;rbs_spacer=5-10bp;gc_cont=0.535
NODE_119_length_16890_cov_72.888870:3760-4545|+    -            262 10184                -            251   3.3e-14   51.1   0.0   1   1   1.4e-16     4e-14   50.8   0.0    10   211    16   216    10   251 0.84 NODE_119_length_16890_cov_72.888870_3 # 3760 # 4545 # 1 # ID=24_3;partial=00;start_type=ATG;rbs_motif=GGAG/GAGG;rbs_spacer=5-10bp;gc_cont=0.455
NODE_1550_length_27465_cov_72.496376:5937-6743|+   -            269 10184                -            251   5.3e-14   50.4   0.8   1   1   9.9e-16   2.7e-13   48.1   0.8    10   203     7   202     2   209 0.81 NODE_1550_length_27465_cov_72.496376_7 # 5937 # 6743 # 1 # ID=699_7;partial=00;start_type=ATG;rbs_motif=AGGAG;rbs_spacer=5-10bp;gc_cont=0.513
NODE_1147_length_37024_cov_69.051132:10286-11008|- -            241 10184                -            251   1.7e-10   38.9   0.0   1   1   7.7e-13   2.1e-10   38.6   0.0    16   194    10   182     5   234 0.79 NODE_1147_length_37024_cov_69.051132_10 # 10286 # 11008 # -1 # ID=485_10;partial=00;start_type=ATG;rbs_motif=AGGAG;rbs_spacer=5-10bp;gc_cont=0.513
NODE_2203_length_18352_cov_67.631538:15535-16314|- -            260 10184                -            251   1.9e-09   35.5   0.1   1   1   8.1e-12   2.3e-09   35.3   0.1    12   182     2   172     1   215 0.90 NODE_2203_length_18352_cov_67.631538_15 # 15535 # 16314 # -1 # ID=1097_15;partial=00;start_type=ATG;rbs_motif=AGGAG;rbs_spacer=5-10bp;gc_cont=0.529
NODE_1689_length_18974_cov_72.810692:668-1681|+    -            338 10184                -            251     0.024   12.2   0.0   1   1   0.00014      0.04   11.5   0.0    15    48     3    36     1    61 0.86 NODE_1689_length_18974_cov_72.810692_2 # 668 # 1681 # 1 # ID=775_2;partial=00;start_type=ATG;rbs_motif=GGA/GAG/AGG;rbs_spacer=5-10bp;gc_cont=0.544
#
# Program:         hmmsearch
# Version:         3.4 (Aug 2023)
# Pipeline mode:   SEARCH
# Query file:      /home/simonedassisi/velvet-1.2.10/busco_downloads/lineages/enterobacteriaceae_odb12/hmms/10184at543.hmm
# Target file:     results/BUSCO_output_velveth21/prodigal_output/predicted_genes/predicted.faa
# Option settings: hmmsearch --domtblout results/BUSCO_output_velveth21/run_enterobacteriaceae_odb12/hmmer_output/10184at543.out --cpu 1 /home/simonedassisi/velvet-1.2.10/busco_downloads/lineages/enterobacteriaceae_odb12/hmms/10184at543.hmm results/BUSCO_output_velveth21/prodigal_output/predicted_genes/predicted.faa 
# Current dir:     /home/simonedassisi/velvet-1.2.10
# Date:            Wed Apr  2 19:23:54 2025
# [ok]
