#                                                                                                          --- full sequence --- -------------- this domain -------------   hmm coord   ali coord   env coord
# target name                                      accession   tlen query name           accession   qlen   E-value  score  bias   #  of  c-Evalue  i-Evalue  score  bias  from    to  from    to  from    to  acc description of target
#                              ------------------- ---------- ----- -------------------- ---------- ----- --------- ------ ----- --- --- --------- --------- ------ ----- ----- ----- ----- ----- ----- ----- ---- ---------------------
NODE_662_length_38641_cov_68.282883:34690-34944|-  -             85 15334                -             86   1.3e-46  154.6   1.2   1   1   1.6e-49   1.4e-46  154.5   1.2     3    86     1    84     1    84 0.99 NODE_662_length_38641_cov_68.282883_36 # 34690 # 34944 # -1 # ID=281_36;partial=00;start_type=ATG;rbs_motif=3Base/5BMM;rbs_spacer=13-15bp;gc_cont=0.557
NODE_2110_length_20950_cov_73.447586:12666-13775|+ -            370 15334                -             86   5.6e-16   56.4   0.5   1   1   1.2e-18   1.1e-15   55.5   0.5    19    84   303   367   289   368 0.90 NODE_2110_length_20950_cov_73.447586_11 # 12666 # 13775 # 1 # ID=1056_11;partial=00;start_type=GTG;rbs_motif=GGAG/GAGG;rbs_spacer=5-10bp;gc_cont=0.506
NODE_1692_length_7197_cov_66.727112:2896-3864|+    -            323 15334                -             86   1.5e-13   48.6   0.4   1   1   3.1e-16   2.7e-13   47.8   0.4    22    84   256   321   242   322 0.87 NODE_1692_length_7197_cov_66.727112_3 # 2896 # 3864 # 1 # ID=777_3;partial=00;start_type=ATG;rbs_motif=AGGAG;rbs_spacer=5-10bp;gc_cont=0.552
NODE_700_length_25636_cov_68.720787:18432-19397|-  -            322 15334                -             86   1.2e-08   32.9   0.8   1   1   2.8e-11   2.4e-08   31.9   0.8     6    80   237   314   233   319 0.81 NODE_700_length_25636_cov_68.720787_19 # 18432 # 19397 # -1 # ID=296_19;partial=00;start_type=ATG;rbs_motif=GGAG/GAGG;rbs_spacer=5-10bp;gc_cont=0.504
NODE_2423_length_37281_cov_72.162392:28613-29683|- -            357 15334                -             86   3.1e-06   25.2   0.0   1   1   7.2e-09   6.4e-06   24.2   0.0     5    60   263   320   260   349 0.80 NODE_2423_length_37281_cov_72.162392_26 # 28613 # 29683 # -1 # ID=1244_26;partial=00;start_type=ATG;rbs_motif=GGAG/GAGG;rbs_spacer=5-10bp;gc_cont=0.536
NODE_1229_length_78306_cov_70.440285:17614-18303|- -            230 15334                -             86    0.0054   14.8   1.5   1   2   1.4e-05     0.012   13.6   0.1     7    68    64   127    59   134 0.71 NODE_1229_length_78306_cov_70.440285_19 # 17614 # 18303 # -1 # ID=529_19;partial=00;start_type=ATG;rbs_motif=GGAGG;rbs_spacer=5-10bp;gc_cont=0.551
NODE_1229_length_78306_cov_70.440285:17614-18303|- -            230 15334                -             86    0.0054   14.8   1.5   2   2      0.38   3.3e+02   -0.6   0.1    37    48   156   165   144   175 0.77 NODE_1229_length_78306_cov_70.440285_19 # 17614 # 18303 # -1 # ID=529_19;partial=00;start_type=ATG;rbs_motif=GGAGG;rbs_spacer=5-10bp;gc_cont=0.551
#
# Program:         hmmsearch
# Version:         3.4 (Aug 2023)
# Pipeline mode:   SEARCH
# Query file:      /home/simonedassisi/velvet-1.2.10/busco_downloads/lineages/enterobacteriaceae_odb12/hmms/15334at543.hmm
# Target file:     results/BUSCO_output_velveth21/prodigal_output/predicted_genes/predicted.faa
# Option settings: hmmsearch --domtblout results/BUSCO_output_velveth21/run_enterobacteriaceae_odb12/hmmer_output/15334at543.out --cpu 1 /home/simonedassisi/velvet-1.2.10/busco_downloads/lineages/enterobacteriaceae_odb12/hmms/15334at543.hmm results/BUSCO_output_velveth21/prodigal_output/predicted_genes/predicted.faa 
# Current dir:     /home/simonedassisi/velvet-1.2.10
# Date:            Wed Apr  2 19:23:55 2025
# [ok]
