#                                                                                                          --- full sequence --- -------------- this domain -------------   hmm coord   ali coord   env coord
# target name                                      accession   tlen query name           accession   qlen   E-value  score  bias   #  of  c-Evalue  i-Evalue  score  bias  from    to  from    to  from    to  acc description of target
#                              ------------------- ---------- ----- -------------------- ---------- ----- --------- ------ ----- --- --- --------- --------- ------ ----- ----- ----- ----- ----- ----- ----- ---- ---------------------
NODE_2006_length_20165_cov_69.217606:8905-9729|+   -            275 1643                 -            273    2e-159  527.3   0.0   1   1  2.6e-162  2.3e-159  527.1   0.0     1   273     1   274     1   274 0.99 NODE_2006_length_20165_cov_69.217606_12 # 8905 # 9729 # 1 # ID=987_12;partial=00;start_type=ATG;rbs_motif=AGGAG;rbs_spacer=5-10bp;gc_cont=0.513
NODE_910_length_6501_cov_74.426239:1389-2384|-     -            332 1643                 -            273   2.3e-07   28.6   0.0   1   1   3.7e-10   3.2e-07   28.1   0.0    59   237    50   248    23   252 0.64 NODE_910_length_6501_cov_74.426239_2 # 1389 # 2384 # -1 # ID=382_2;partial=00;start_type=ATG;rbs_motif=None;rbs_spacer=None;gc_cont=0.450
NODE_888_length_35781_cov_80.233421:24274-25536|+  -            421 1643                 -            273   0.00012   19.7   0.0   1   1   2.9e-07   0.00025   18.6   0.0     4   122     6   129     3   148 0.72 NODE_888_length_35781_cov_80.233421_22 # 24274 # 25536 # 1 # ID=375_22;partial=00;start_type=ATG;rbs_motif=GGA/GAG/AGG;rbs_spacer=5-10bp;gc_cont=0.539
NODE_1113_length_19431_cov_68.618652:8120-9136|+   -            339 1643                 -            273    0.0003   18.4   0.0   1   2   2.4e-06    0.0021   15.6   0.0    93   164   105   182    85   188 0.72 NODE_1113_length_19431_cov_68.618652_10 # 8120 # 9136 # 1 # ID=473_10;partial=00;start_type=ATG;rbs_motif=GGAG/GAGG;rbs_spacer=5-10bp;gc_cont=0.541
NODE_1113_length_19431_cov_68.618652:8120-9136|+   -            339 1643                 -            273    0.0003   18.4   0.0   2   2      0.12   1.1e+02    0.2   0.0   184   215   230   264   209   288 0.71 NODE_1113_length_19431_cov_68.618652_10 # 8120 # 9136 # 1 # ID=473_10;partial=00;start_type=ATG;rbs_motif=GGAG/GAGG;rbs_spacer=5-10bp;gc_cont=0.541
NODE_299_length_31306_cov_74.835876:15792-16745|+  -            318 1643                 -            273     0.015   12.8   0.1   1   3    0.0015       1.4    6.4   0.0     2    28    20    46    19    54 0.93 NODE_299_length_31306_cov_74.835876_12 # 15792 # 16745 # 1 # ID=91_12;partial=00;start_type=GTG;rbs_motif=None;rbs_spacer=None;gc_cont=0.563
NODE_299_length_31306_cov_74.835876:15792-16745|+  -            318 1643                 -            273     0.015   12.8   0.1   2   3      0.48   4.2e+02   -1.8   0.0   205   227    53    74    46    93 0.79 NODE_299_length_31306_cov_74.835876_12 # 15792 # 16745 # 1 # ID=91_12;partial=00;start_type=GTG;rbs_motif=None;rbs_spacer=None;gc_cont=0.563
NODE_299_length_31306_cov_74.835876:15792-16745|+  -            318 1643                 -            273     0.015   12.8   0.1   3   3     0.013        12    3.3   0.0     3    24   142   163   140   181 0.90 NODE_299_length_31306_cov_74.835876_12 # 15792 # 16745 # 1 # ID=91_12;partial=00;start_type=GTG;rbs_motif=None;rbs_spacer=None;gc_cont=0.563
NODE_1062_length_63423_cov_73.241127:30557-31732|+ -            392 1643                 -            273     0.029   11.9   0.0   1   1   6.5e-05     0.058   10.9   0.0     3    28     7    32     6    55 0.93 NODE_1062_length_63423_cov_73.241127_30 # 30557 # 31732 # 1 # ID=442_30;partial=00;start_type=ATG;rbs_motif=AGGA;rbs_spacer=5-10bp;gc_cont=0.565
#
# Program:         hmmsearch
# Version:         3.4 (Aug 2023)
# Pipeline mode:   SEARCH
# Query file:      /home/simonedassisi/velvet-1.2.10/busco_downloads/lineages/enterobacteriaceae_odb12/hmms/1643at543.hmm
# Target file:     results/BUSCO_output_velveth21/prodigal_output/predicted_genes/predicted.faa
# Option settings: hmmsearch --domtblout results/BUSCO_output_velveth21/run_enterobacteriaceae_odb12/hmmer_output/1643at543.out --cpu 1 /home/simonedassisi/velvet-1.2.10/busco_downloads/lineages/enterobacteriaceae_odb12/hmms/1643at543.hmm results/BUSCO_output_velveth21/prodigal_output/predicted_genes/predicted.faa 
# Current dir:     /home/simonedassisi/velvet-1.2.10
# Date:            Wed Apr  2 19:23:56 2025
# [ok]
