#                                                                                                           --- full sequence --- -------------- this domain -------------   hmm coord   ali coord   env coord
# target name                                       accession   tlen query name           accession   qlen   E-value  score  bias   #  of  c-Evalue  i-Evalue  score  bias  from    to  from    to  from    to  acc description of target
#                               ------------------- ---------- ----- -------------------- ---------- ----- --------- ------ ----- --- --- --------- --------- ------ ----- ----- ----- ----- ----- ----- ----- ---- ---------------------
NODE_1999_length_25587_cov_66.390984:17957-19978|+  -            674 1789                 -            671         0 1484.4   4.4   1   1         0         0 1484.2   4.4     1   671     1   673     1   673 0.99 NODE_1999_length_25587_cov_66.390984_18 # 17957 # 19978 # 1 # ID=982_18;partial=00;start_type=ATG;rbs_motif=GGA/GAG/AGG;rbs_spacer=5-10bp;gc_cont=0.533
NODE_820_length_11940_cov_68.144218:7367-10861|+    -           1165 1789                 -            671     2e-12   44.1   7.5   1   5   3.4e-10   1.5e-07   28.0   0.0   117   252   101   236    27   244 0.73 NODE_820_length_11940_cov_68.144218_8 # 7367 # 10861 # 1 # ID=357_8;partial=00;start_type=ATG;rbs_motif=None;rbs_spacer=None;gc_cont=0.547
NODE_820_length_11940_cov_68.144218:7367-10861|+    -           1165 1789                 -            671     2e-12   44.1   7.5   2   5      0.69   3.1e+02   -2.8   0.1   320   336   283   299   281   302 0.90 NODE_820_length_11940_cov_68.144218_8 # 7367 # 10861 # 1 # ID=357_8;partial=00;start_type=ATG;rbs_motif=None;rbs_spacer=None;gc_cont=0.547
NODE_820_length_11940_cov_68.144218:7367-10861|+    -           1165 1789                 -            671     2e-12   44.1   7.5   3   5    0.0004      0.18    7.9   0.0    10    86   614   694   605   719 0.84 NODE_820_length_11940_cov_68.144218_8 # 7367 # 10861 # 1 # ID=357_8;partial=00;start_type=ATG;rbs_motif=None;rbs_spacer=None;gc_cont=0.547
NODE_820_length_11940_cov_68.144218:7367-10861|+    -           1165 1789                 -            671     2e-12   44.1   7.5   4   5   0.00055      0.24    7.5   0.0   458   529   841   910   833   928 0.81 NODE_820_length_11940_cov_68.144218_8 # 7367 # 10861 # 1 # ID=357_8;partial=00;start_type=ATG;rbs_motif=None;rbs_spacer=None;gc_cont=0.547
NODE_820_length_11940_cov_68.144218:7367-10861|+    -           1165 1789                 -            671     2e-12   44.1   7.5   5   5      0.28   1.2e+02   -1.5   0.1   258   291  1053  1087  1044  1094 0.82 NODE_820_length_11940_cov_68.144218_8 # 7367 # 10861 # 1 # ID=357_8;partial=00;start_type=ATG;rbs_motif=None;rbs_spacer=None;gc_cont=0.547
NODE_2145_length_112275_cov_77.552353:94610-96499|+ -            630 1789                 -            671     4e-07   26.6   1.7   1   2    0.0012      0.54    6.3   0.0    13    82    29    99    23   116 0.69 NODE_2145_length_112275_cov_77.552353_89 # 94610 # 96499 # 1 # ID=1072_89;partial=00;start_type=ATG;rbs_motif=AGGA/GGAG/GAGG;rbs_spacer=11-12bp;gc_cont=0.556
NODE_2145_length_112275_cov_77.552353:94610-96499|+ -            630 1789                 -            671     4e-07   26.6   1.7   2   2   2.3e-07    0.0001   18.6   1.2   450   569   249   364   238   402 0.85 NODE_2145_length_112275_cov_77.552353_89 # 94610 # 96499 # 1 # ID=1072_89;partial=00;start_type=ATG;rbs_motif=AGGA/GGAG/GAGG;rbs_spacer=11-12bp;gc_cont=0.556
NODE_926_length_95421_cov_71.123581:11683-13017|-   -            445 1789                 -            671   4.1e-07   26.6   1.2   1   1   1.4e-09   6.2e-07   25.9   1.2   448   617   250   419   236   431 0.76 NODE_926_length_95421_cov_71.123581_12 # 11683 # 13017 # -1 # ID=386_12;partial=00;start_type=ATG;rbs_motif=GGAG/GAGG;rbs_spacer=5-10bp;gc_cont=0.547
NODE_888_length_35781_cov_80.233421:17379-18644|-   -            422 1789                 -            671     6e-06   22.7   0.1   1   2       1.3   5.9e+02   -3.7   0.0    57    76    83   103    74   109 0.75 NODE_888_length_35781_cov_80.233421_15 # 17379 # 18644 # -1 # ID=375_15;partial=00;start_type=ATG;rbs_motif=None;rbs_spacer=None;gc_cont=0.522
NODE_888_length_35781_cov_80.233421:17379-18644|-   -            422 1789                 -            671     6e-06   22.7   0.1   2   2   2.8e-08   1.2e-05   21.7   0.0   447   522   257   332   246   352 0.90 NODE_888_length_35781_cov_80.233421_15 # 17379 # 18644 # -1 # ID=375_15;partial=00;start_type=ATG;rbs_motif=None;rbs_spacer=None;gc_cont=0.522
NODE_1288_length_45176_cov_69.014496:9656-11020|+   -            455 1789                 -            671   1.4e-05   21.5   0.0   1   2      0.59   2.6e+02   -2.5   0.0    56    80    72    98    24   104 0.71 NODE_1288_length_45176_cov_69.014496_10 # 9656 # 11020 # 1 # ID=561_10;partial=00;start_type=ATG;rbs_motif=GGAG/GAGG;rbs_spacer=5-10bp;gc_cont=0.566
NODE_1288_length_45176_cov_69.014496:9656-11020|+   -            455 1789                 -            671   1.4e-05   21.5   0.0   2   2   7.1e-08   3.1e-05   20.3   0.0   447   518   246   317   210   340 0.89 NODE_1288_length_45176_cov_69.014496_10 # 9656 # 11020 # 1 # ID=561_10;partial=00;start_type=ATG;rbs_motif=GGAG/GAGG;rbs_spacer=5-10bp;gc_cont=0.566
NODE_718_length_90501_cov_69.003258:2190-4022|+     -            611 1789                 -            671   2.2e-05   20.8   0.3   1   1     8e-08   3.5e-05   20.2   0.3   631   666   204   239   181   244 0.81 NODE_718_length_90501_cov_69.003258_4 # 2190 # 4022 # 1 # ID=299_4;partial=00;start_type=GTG;rbs_motif=4Base/6BMM;rbs_spacer=13-15bp;gc_cont=0.516
NODE_846_length_63393_cov_76.936378:60621-62819|-   -            733 1789                 -            671   4.5e-05   19.8   0.1   1   2    0.0013      0.56    6.3   0.0    19    82   205   270   194   282 0.72 NODE_846_length_63393_cov_76.936378_65 # 60621 # 62819 # -1 # ID=361_65;partial=00;start_type=ATG;rbs_motif=AGGA;rbs_spacer=5-10bp;gc_cont=0.575
NODE_846_length_63393_cov_76.936378:60621-62819|-   -            733 1789                 -            671   4.5e-05   19.8   0.1   2   2   4.2e-05     0.018   11.2   0.0   492   544   528   587   509   600 0.72 NODE_846_length_63393_cov_76.936378_65 # 60621 # 62819 # -1 # ID=361_65;partial=00;start_type=ATG;rbs_motif=AGGA;rbs_spacer=5-10bp;gc_cont=0.575
NODE_2440_length_10172_cov_68.540306:3774-5534|-    -            587 1789                 -            671   0.00016   18.0   0.1   1   2     0.033        15    1.6   0.0    38    78    30    70     7    78 0.77 NODE_2440_length_10172_cov_68.540306_5 # 3774 # 5534 # -1 # ID=1255_5;partial=00;start_type=ATG;rbs_motif=None;rbs_spacer=None;gc_cont=0.531
NODE_2440_length_10172_cov_68.540306:3774-5534|-    -            587 1789                 -            671   0.00016   18.0   0.1   2   2   5.3e-06    0.0023   14.1   0.0   435   522   241   326   226   349 0.84 NODE_2440_length_10172_cov_68.540306_5 # 3774 # 5534 # -1 # ID=1255_5;partial=00;start_type=ATG;rbs_motif=None;rbs_spacer=None;gc_cont=0.531
NODE_1539_length_37792_cov_75.811783:24417-26498|+  -            694 1789                 -            671   0.00027   17.2   0.1   1   2     0.001      0.45    6.6   0.0    10    83   266   343   257   349 0.75 NODE_1539_length_37792_cov_75.811783_29 # 24417 # 26498 # 1 # ID=694_29;partial=00;start_type=ATG;rbs_motif=GGA/GAG/AGG;rbs_spacer=5-10bp;gc_cont=0.572
NODE_1539_length_37792_cov_75.811783:24417-26498|+  -            694 1789                 -            671   0.00027   17.2   0.1   2   2   0.00025      0.11    8.6   0.0   472   530   519   577   420   605 0.84 NODE_1539_length_37792_cov_75.811783_29 # 24417 # 26498 # 1 # ID=694_29;partial=00;start_type=ATG;rbs_motif=GGA/GAG/AGG;rbs_spacer=5-10bp;gc_cont=0.572
NODE_899_length_14293_cov_69.337791:9958-11331|+    -            458 1789                 -            671    0.0015   14.8   0.0   1   2     0.016       6.9    2.7   0.0    40    80    48    94    39   104 0.71 NODE_899_length_14293_cov_69.337791_10 # 9958 # 11331 # 1 # ID=380_10;partial=00;start_type=GTG;rbs_motif=GGA/GAG/AGG;rbs_spacer=5-10bp;gc_cont=0.516
NODE_899_length_14293_cov_69.337791:9958-11331|+    -            458 1789                 -            671    0.0015   14.8   0.0   2   2    0.0001     0.044    9.9   0.0   450   523   245   318   234   361 0.83 NODE_899_length_14293_cov_69.337791_10 # 9958 # 11331 # 1 # ID=380_10;partial=00;start_type=GTG;rbs_motif=GGA/GAG/AGG;rbs_spacer=5-10bp;gc_cont=0.516
NODE_1229_length_78306_cov_70.440285:1965-2600|+    -            212 1789                 -            671    0.0041   13.3   0.4   1   2     0.024        10    2.1   0.2   541   595     9    64     5    74 0.79 NODE_1229_length_78306_cov_70.440285_2 # 1965 # 2600 # 1 # ID=529_2;partial=00;start_type=GTG;rbs_motif=None;rbs_spacer=None;gc_cont=0.527
NODE_1229_length_78306_cov_70.440285:1965-2600|+    -            212 1789                 -            671    0.0041   13.3   0.4   2   2   0.00012     0.054    9.6   0.0   424   473   142   192    95   206 0.82 NODE_1229_length_78306_cov_70.440285_2 # 1965 # 2600 # 1 # ID=529_2;partial=00;start_type=GTG;rbs_motif=None;rbs_spacer=None;gc_cont=0.527
#
# Program:         hmmsearch
# Version:         3.4 (Aug 2023)
# Pipeline mode:   SEARCH
# Query file:      /home/simonedassisi/velvet-1.2.10/busco_downloads/lineages/enterobacteriaceae_odb12/hmms/1789at543.hmm
# Target file:     results/BUSCO_output_velveth21/prodigal_output/predicted_genes/predicted.faa
# Option settings: hmmsearch --domtblout results/BUSCO_output_velveth21/run_enterobacteriaceae_odb12/hmmer_output/1789at543.out --cpu 1 /home/simonedassisi/velvet-1.2.10/busco_downloads/lineages/enterobacteriaceae_odb12/hmms/1789at543.hmm results/BUSCO_output_velveth21/prodigal_output/predicted_genes/predicted.faa 
# Current dir:     /home/simonedassisi/velvet-1.2.10
# Date:            Wed Apr  2 19:23:56 2025
# [ok]
