#                                                                                                          --- full sequence --- -------------- this domain -------------   hmm coord   ali coord   env coord
# target name                                      accession   tlen query name           accession   qlen   E-value  score  bias   #  of  c-Evalue  i-Evalue  score  bias  from    to  from    to  from    to  acc description of target
#                              ------------------- ---------- ----- -------------------- ---------- ----- --------- ------ ----- --- --- --------- --------- ------ ----- ----- ----- ----- ----- ----- ----- ---- ---------------------
NODE_1204_length_64359_cov_77.399834:46144-47169|+ -            342 18321                -            340  5.3e-211  697.8  14.2   1   1  1.7e-213    6e-211  697.6  14.2     1   340     1   340     1   340 1.00 NODE_1204_length_64359_cov_77.399834_40 # 46144 # 47169 # 1 # ID=516_40;partial=00;start_type=ATG;rbs_motif=GGA/GAG/AGG;rbs_spacer=11-12bp;gc_cont=0.529
NODE_1204_length_64359_cov_77.399834:47733-48521|+ -            263 18321                -            340   1.9e-15   54.8  12.2   1   1   7.5e-18   2.7e-15   54.3  12.2   115   294     5   180     1   192 0.90 NODE_1204_length_64359_cov_77.399834_42 # 47733 # 48521 # 1 # ID=516_42;partial=00;start_type=GTG;rbs_motif=GGAGG;rbs_spacer=5-10bp;gc_cont=0.532
NODE_2305_length_33814_cov_83.113121:26260-27630|+ -            457 18321                -            340   4.2e-09   34.0  12.6   1   1     9e-11   3.2e-08   31.1  12.6   110   255   266   427   256   437 0.74 NODE_2305_length_33814_cov_83.113121_26 # 26260 # 27630 # 1 # ID=1155_26;partial=00;start_type=ATG;rbs_motif=AGGA;rbs_spacer=5-10bp;gc_cont=0.530
NODE_1220_length_21844_cov_70.659126:18987-19679|- -            231 18321                -            340   6.6e-08   30.0  11.4   1   2   2.6e-07     9e-05   19.7  10.0    99   183    52   132    48   145 0.77 NODE_1220_length_21844_cov_70.659126_18 # 18987 # 19679 # -1 # ID=525_18;partial=00;start_type=ATG;rbs_motif=GGA/GAG/AGG;rbs_spacer=5-10bp;gc_cont=0.453
NODE_1220_length_21844_cov_70.659126:18987-19679|- -            231 18321                -            340   6.6e-08   30.0  11.4   2   2     0.006       2.1    5.3   0.0   104   173   136   211   134   220 0.71 NODE_1220_length_21844_cov_70.659126_18 # 18987 # 19679 # -1 # ID=525_18;partial=00;start_type=ATG;rbs_motif=GGA/GAG/AGG;rbs_spacer=5-10bp;gc_cont=0.453
NODE_22_length_21196_cov_74.466599:18005-18556|+   -            184 18321                -            340   3.1e-07   27.8   2.3   1   2     0.088        31    1.5   0.0   235   271    68   106    56   119 0.55 NODE_22_length_21196_cov_74.466599_16 # 18005 # 18556 # 1 # ID=6_16;partial=00;start_type=ATG;rbs_motif=GGAGG;rbs_spacer=5-10bp;gc_cont=0.482
NODE_22_length_21196_cov_74.466599:18005-18556|+   -            184 18321                -            340   3.1e-07   27.8   2.3   2   2   3.9e-09   1.4e-06   25.7   1.3   101   146   121   166   106   176 0.85 NODE_22_length_21196_cov_74.466599_16 # 18005 # 18556 # 1 # ID=6_16;partial=00;start_type=ATG;rbs_motif=GGAGG;rbs_spacer=5-10bp;gc_cont=0.482
NODE_286_length_41180_cov_81.233269:40393-40947|-  -            185 18321                -            340   3.9e-07   27.5   2.4   1   2   0.00069      0.24    8.4   0.3   111   154    14    60    10    75 0.64 NODE_286_length_41180_cov_81.233269_61 # 40393 # 40947 # -1 # ID=82_61;partial=00;start_type=ATG;rbs_motif=GGAG/GAGG;rbs_spacer=5-10bp;gc_cont=0.488
NODE_286_length_41180_cov_81.233269:40393-40947|-  -            185 18321                -            340   3.9e-07   27.5   2.4   2   2   5.4e-07   0.00019   18.7   0.1   106   151    94   139    82   148 0.85 NODE_286_length_41180_cov_81.233269_61 # 40393 # 40947 # -1 # ID=82_61;partial=00;start_type=ATG;rbs_motif=GGAG/GAGG;rbs_spacer=5-10bp;gc_cont=0.488
NODE_1072_length_7945_cov_67.302704:4257-5237|-    -            327 18321                -            340     4e-07   27.5  12.7   1   2     0.015       5.2    4.1   0.3   240   285    58    98    28   103 0.61 NODE_1072_length_7945_cov_67.302704_5 # 4257 # 5237 # -1 # ID=446_5;partial=00;start_type=ATG;rbs_motif=GGA/GAG/AGG;rbs_spacer=5-10bp;gc_cont=0.482
NODE_1072_length_7945_cov_67.302704:4257-5237|-    -            327 18321                -            340     4e-07   27.5  12.7   2   2   1.6e-08   5.6e-06   23.7   7.0   222   286   231   296   100   312 0.74 NODE_1072_length_7945_cov_67.302704_5 # 4257 # 5237 # -1 # ID=446_5;partial=00;start_type=ATG;rbs_motif=GGA/GAG/AGG;rbs_spacer=5-10bp;gc_cont=0.482
NODE_1596_length_2055_cov_87.700729:1655-2074|+    -            140 18321                -            340   4.9e-07   27.2   5.7   1   1   5.5e-09   1.9e-06   25.2   5.4   109   216    10   113     2   131 0.76 NODE_1596_length_2055_cov_87.700729_2 # 1655 # 2074 # 1 # ID=723_2;partial=01;start_type=ATG;rbs_motif=AGGAG/GGAGG;rbs_spacer=11-12bp;gc_cont=0.455
NODE_1155_length_53173_cov_69.651268:43691-44179|+ -            163 18321                -            340     8e-07   26.5   3.7   1   1   4.1e-09   1.5e-06   25.6   3.8   105   178    59   141    51   145 0.87 NODE_1155_length_53173_cov_69.651268_35 # 43691 # 44179 # 1 # ID=488_35;partial=00;start_type=ATG;rbs_motif=GGxGG;rbs_spacer=5-10bp;gc_cont=0.534
NODE_2423_length_37281_cov_72.162392:21052-21642|- -            197 18321                -            340   7.8e-06   23.2   2.6   1   2    0.0011      0.39    7.8   0.0    98   142    17    64     5    68 0.83 NODE_2423_length_37281_cov_72.162392_18 # 21052 # 21642 # -1 # ID=1244_18;partial=00;start_type=ATG;rbs_motif=AGGAGG;rbs_spacer=3-4bp;gc_cont=0.503
NODE_2423_length_37281_cov_72.162392:21052-21642|- -            197 18321                -            340   7.8e-06   23.2   2.6   2   2   5.1e-06    0.0018   15.5   0.6    92   151    72   130    68   138 0.81 NODE_2423_length_37281_cov_72.162392_18 # 21052 # 21642 # -1 # ID=1244_18;partial=00;start_type=ATG;rbs_motif=AGGAGG;rbs_spacer=3-4bp;gc_cont=0.503
NODE_1220_length_21844_cov_70.659126:2-487|-       -            162 18321                -            340    0.0002   18.6   1.1   1   2    0.0098       3.5    4.7   0.0   143   176    76   111    52   127 0.55 NODE_1220_length_21844_cov_70.659126_1 # 2 # 487 # -1 # ID=525_1;partial=10;start_type=ATG;rbs_motif=GGA/GAG/AGG;rbs_spacer=5-10bp;gc_cont=0.424
NODE_1220_length_21844_cov_70.659126:2-487|-       -            162 18321                -            340    0.0002   18.6   1.1   2   2   3.1e-05     0.011   12.9   0.3   110   137   135   162   125   162 0.90 NODE_1220_length_21844_cov_70.659126_1 # 2 # 487 # -1 # ID=525_1;partial=10;start_type=ATG;rbs_motif=GGA/GAG/AGG;rbs_spacer=5-10bp;gc_cont=0.424
NODE_2031_length_15140_cov_83.574440:6933-7754|+   -            274 18321                -            340   0.00052   17.2   0.4   1   1   2.2e-06   0.00077   16.7   0.4    98   178   142   226   126   234 0.78 NODE_2031_length_15140_cov_83.574440_9 # 6933 # 7754 # 1 # ID=1003_9;partial=00;start_type=ATG;rbs_motif=GGAG/GAGG;rbs_spacer=5-10bp;gc_cont=0.532
NODE_625_length_50664_cov_72.003532:5299-5889|-    -            197 18321                -            340   0.00067   16.9   6.9   1   1   2.7e-06   0.00094   16.4   6.9   198   291    26   121    14   137 0.80 NODE_625_length_50664_cov_72.003532_5 # 5299 # 5889 # -1 # ID=266_5;partial=00;start_type=GTG;rbs_motif=AGGA/GGAG/GAGG;rbs_spacer=11-12bp;gc_cont=0.552
NODE_1155_length_53173_cov_69.651268:47349-47897|+ -            183 18321                -            340     0.006   13.7   0.1   1   2   0.00023      0.08   10.0   0.0    98   176    52   137    20   147 0.72 NODE_1155_length_53173_cov_69.651268_39 # 47349 # 47897 # 1 # ID=488_39;partial=00;start_type=ATG;rbs_motif=GGA/GAG/AGG;rbs_spacer=5-10bp;gc_cont=0.481
NODE_1155_length_53173_cov_69.651268:47349-47897|+ -            183 18321                -            340     0.006   13.7   0.1   2   2    0.0017      0.58    7.2   0.1   122   155   125   158   113   175 0.59 NODE_1155_length_53173_cov_69.651268_39 # 47349 # 47897 # 1 # ID=488_39;partial=00;start_type=ATG;rbs_motif=GGA/GAG/AGG;rbs_spacer=5-10bp;gc_cont=0.481
NODE_1204_length_64359_cov_77.399834:30438-31262|- -            275 18321                -            340    0.0064   13.6   2.1   1   1   7.7e-05     0.027   11.6   2.1    95   172   129   214   108   219 0.65 NODE_1204_length_64359_cov_77.399834_26 # 30438 # 31262 # -1 # ID=516_26;partial=00;start_type=ATG;rbs_motif=GGA/GAG/AGG;rbs_spacer=5-10bp;gc_cont=0.531
#
# Program:         hmmsearch
# Version:         3.4 (Aug 2023)
# Pipeline mode:   SEARCH
# Query file:      /home/simonedassisi/velvet-1.2.10/busco_downloads/lineages/enterobacteriaceae_odb12/hmms/18321at543.hmm
# Target file:     results/BUSCO_output_velveth21/prodigal_output/predicted_genes/predicted.faa
# Option settings: hmmsearch --domtblout results/BUSCO_output_velveth21/run_enterobacteriaceae_odb12/hmmer_output/18321at543.out --cpu 1 /home/simonedassisi/velvet-1.2.10/busco_downloads/lineages/enterobacteriaceae_odb12/hmms/18321at543.hmm results/BUSCO_output_velveth21/prodigal_output/predicted_genes/predicted.faa 
# Current dir:     /home/simonedassisi/velvet-1.2.10
# Date:            Wed Apr  2 19:23:57 2025
# [ok]
