#                                                                                                           --- full sequence --- -------------- this domain -------------   hmm coord   ali coord   env coord
# target name                                       accession   tlen query name           accession   qlen   E-value  score  bias   #  of  c-Evalue  i-Evalue  score  bias  from    to  from    to  from    to  acc description of target
#                               ------------------- ---------- ----- -------------------- ---------- ----- --------- ------ ----- --- --- --------- --------- ------ ----- ----- ----- ----- ----- ----- ----- ---- ---------------------
NODE_851_length_22678_cov_82.051857:17530-19353|+   -            608 18857                -            606         0 1349.3   2.2   1   1         0         0 1349.1   2.2     1   605     1   605     1   606 1.00 NODE_851_length_22678_cov_82.051857_18 # 17530 # 19353 # 1 # ID=363_18;partial=00;start_type=GTG;rbs_motif=GGAG/GAGG;rbs_spacer=5-10bp;gc_cont=0.533
NODE_1441_length_52686_cov_76.197510:190-2304|-     -            705 18857                -            606   1.5e-47  160.1   2.0   1   3   1.2e-30   6.1e-28   95.3   0.3     3   144     8   158     6   197 0.89 NODE_1441_length_52686_cov_76.197510_2 # 190 # 2304 # -1 # ID=633_2;partial=00;start_type=ATG;rbs_motif=GGAG/GAGG;rbs_spacer=5-10bp;gc_cont=0.509
NODE_1441_length_52686_cov_76.197510:190-2304|-     -            705 18857                -            606   1.5e-47  160.1   2.0   2   3   9.7e-17   5.2e-14   49.3   0.0   204   394   316   495   296   506 0.85 NODE_1441_length_52686_cov_76.197510_2 # 190 # 2304 # -1 # ID=633_2;partial=00;start_type=ATG;rbs_motif=GGAG/GAGG;rbs_spacer=5-10bp;gc_cont=0.509
NODE_1441_length_52686_cov_76.197510:190-2304|-     -            705 18857                -            606   1.5e-47  160.1   2.0   3   3   7.8e-06    0.0041   13.3   0.0   386   475   602   690   588   700 0.85 NODE_1441_length_52686_cov_76.197510_2 # 190 # 2304 # -1 # ID=633_2;partial=00;start_type=ATG;rbs_motif=GGAG/GAGG;rbs_spacer=5-10bp;gc_cont=0.509
NODE_926_length_95421_cov_71.123581:18789-20588|+   -            600 18857                -            606     2e-47  159.7   0.0   1   1   3.5e-49   1.8e-46  156.5   0.0     3   308     2   296     1   527 0.87 NODE_926_length_95421_cov_71.123581_19 # 18789 # 20588 # 1 # ID=386_19;partial=00;start_type=ATG;rbs_motif=None;rbs_spacer=None;gc_cont=0.537
NODE_2129_length_51924_cov_72.758377:5729-7345|+    -            539 18857                -            606   6.6e-22   75.4   0.1   1   2     2e-22   1.1e-19   68.1   0.1     4   144    21   167    18   174 0.90 NODE_2129_length_51924_cov_72.758377_9 # 5729 # 7345 # 1 # ID=1066_9;partial=00;start_type=ATG;rbs_motif=None;rbs_spacer=None;gc_cont=0.533
NODE_2129_length_51924_cov_72.758377:5729-7345|+    -            539 18857                -            606   6.6e-22   75.4   0.1   2   2    0.0022       1.2    5.2   0.0   247   292   347   392   324   402 0.86 NODE_2129_length_51924_cov_72.758377_9 # 5729 # 7345 # 1 # ID=1066_9;partial=00;start_type=ATG;rbs_motif=None;rbs_spacer=None;gc_cont=0.533
NODE_1443_length_1047_cov_173.915955:3-1067|-       -            355 18857                -            606     4e-16   56.3   0.0   1   1     1e-18   5.3e-16   55.9   0.0    43   248    17   221     4   241 0.85 NODE_1443_length_1047_cov_173.915955_1 # 3 # 1067 # -1 # ID=635_1;partial=11;start_type=Edge;rbs_motif=None;rbs_spacer=None;gc_cont=0.540
NODE_2145_length_112275_cov_77.552353:86456-89128|+ -            891 18857                -            606   6.9e-15   52.2   2.4   1   1     3e-16   1.6e-13   47.7   2.4     8   144   394   514   390   544 0.83 NODE_2145_length_112275_cov_77.552353_83 # 86456 # 89128 # 1 # ID=1072_83;partial=00;start_type=ATG;rbs_motif=AGGA;rbs_spacer=5-10bp;gc_cont=0.535
NODE_2185_length_35330_cov_74.210983:31625-33052|-  -            476 18857                -            606   1.3e-12   44.7   0.0   1   1   4.2e-15   2.2e-12   43.9   0.0    14   301    36   335    25   356 0.73 NODE_2185_length_35330_cov_74.210983_37 # 31625 # 33052 # -1 # ID=1088_37;partial=00;start_type=ATG;rbs_motif=GGA/GAG/AGG;rbs_spacer=11-12bp;gc_cont=0.543
NODE_230_length_8375_cov_67.677017:4327-6171|-      -            615 18857                -            606   2.7e-06   23.8   0.1   1   1   1.3e-08   7.1e-06   22.4   0.1     8   153     3   138     1   154 0.77 NODE_230_length_8375_cov_67.677017_5 # 4327 # 6171 # -1 # ID=59_5;partial=00;start_type=ATG;rbs_motif=AGGA/GGAG/GAGG;rbs_spacer=11-12bp;gc_cont=0.567
NODE_1441_length_52686_cov_76.197510:3-119|-        -             39 18857                -            606     0.016   11.4   0.2   1   1     3e-05     0.016   11.4   0.2     6    23    13    30     8    38 0.85 NODE_1441_length_52686_cov_76.197510_1 # 3 # 119 # -1 # ID=633_1;partial=10;start_type=GTG;rbs_motif=AGGA;rbs_spacer=5-10bp;gc_cont=0.487
NODE_1442_length_506_cov_72.915016:3-119|-          -             39 18857                -            606     0.016   11.4   0.2   1   1     3e-05     0.016   11.4   0.2     6    23    13    30     8    38 0.85 NODE_1442_length_506_cov_72.915016_1 # 3 # 119 # -1 # ID=634_1;partial=10;start_type=ATG;rbs_motif=GGAG/GAGG;rbs_spacer=5-10bp;gc_cont=0.479
#
# Program:         hmmsearch
# Version:         3.4 (Aug 2023)
# Pipeline mode:   SEARCH
# Query file:      /home/simonedassisi/velvet-1.2.10/busco_downloads/lineages/enterobacteriaceae_odb12/hmms/18857at543.hmm
# Target file:     results/BUSCO_output_velveth21/prodigal_output/predicted_genes/predicted.faa
# Option settings: hmmsearch --domtblout results/BUSCO_output_velveth21/run_enterobacteriaceae_odb12/hmmer_output/18857at543.out --cpu 1 /home/simonedassisi/velvet-1.2.10/busco_downloads/lineages/enterobacteriaceae_odb12/hmms/18857at543.hmm results/BUSCO_output_velveth21/prodigal_output/predicted_genes/predicted.faa 
# Current dir:     /home/simonedassisi/velvet-1.2.10
# Date:            Wed Apr  2 19:23:57 2025
# [ok]
