#                                                                                                          --- full sequence --- -------------- this domain -------------   hmm coord   ali coord   env coord
# target name                                      accession   tlen query name           accession   qlen   E-value  score  bias   #  of  c-Evalue  i-Evalue  score  bias  from    to  from    to  from    to  acc description of target
#                              ------------------- ---------- ----- -------------------- ---------- ----- --------- ------ ----- --- --- --------- --------- ------ ----- ----- ----- ----- ----- ----- ----- ---- ---------------------
NODE_1573_length_22126_cov_70.879776:15338-16318|+ -            327 19232                -            326  9.2e-177  585.2   1.3   1   1  2.7e-179    1e-176  585.1   1.3     1   325     1   325     1   326 1.00 NODE_1573_length_22126_cov_70.879776_19 # 15338 # 16318 # 1 # ID=711_19;partial=00;start_type=ATG;rbs_motif=GGAG/GAGG;rbs_spacer=5-10bp;gc_cont=0.545
NODE_286_length_41180_cov_81.233269:10364-11845|-  -            494 19232                -            326   4.5e-51  172.2   5.5   1   2   2.5e-52   9.3e-50  167.9   2.3     4   268   113   380   111   388 0.85 NODE_286_length_41180_cov_81.233269_13 # 10364 # 11845 # -1 # ID=82_13;partial=00;start_type=ATG;rbs_motif=GGAG/GAGG;rbs_spacer=5-10bp;gc_cont=0.524
NODE_286_length_41180_cov_81.233269:10364-11845|-  -            494 19232                -            326   4.5e-51  172.2   5.5   2   2     0.008         3    5.1   0.1   266   303   419   456   387   472 0.76 NODE_286_length_41180_cov_81.233269_13 # 10364 # 11845 # -1 # ID=82_13;partial=00;start_type=ATG;rbs_motif=GGAG/GAGG;rbs_spacer=5-10bp;gc_cont=0.524
NODE_254_length_18152_cov_73.084511:10638-12131|+  -            498 19232                -            326   2.9e-49  166.2   2.8   1   2   7.7e-52   2.9e-49  166.2   2.8     3   267   121   388   119   395 0.84 NODE_254_length_18152_cov_73.084511_10 # 10638 # 12131 # 1 # ID=69_10;partial=00;start_type=ATG;rbs_motif=GGAG/GAGG;rbs_spacer=5-10bp;gc_cont=0.588
NODE_254_length_18152_cov_73.084511:10638-12131|+  -            498 19232                -            326   2.9e-49  166.2   2.8   2   2      0.88   3.3e+02   -1.6   0.0   271   292   433   455   428   474 0.77 NODE_254_length_18152_cov_73.084511_10 # 10638 # 12131 # 1 # ID=69_10;partial=00;start_type=ATG;rbs_motif=GGAG/GAGG;rbs_spacer=5-10bp;gc_cont=0.588
NODE_592_length_39318_cov_75.666641:14323-15708|-  -            462 19232                -            326   1.1e-42  144.7   3.6   1   2   4.8e-43   1.8e-40  137.3   2.9     7   268    89   353    83   359 0.80 NODE_592_length_39318_cov_75.666641_15 # 14323 # 15708 # -1 # ID=257_15;partial=00;start_type=ATG;rbs_motif=AGGAG;rbs_spacer=5-10bp;gc_cont=0.538
NODE_592_length_39318_cov_75.666641:14323-15708|-  -            462 19232                -            326   1.1e-42  144.7   3.6   2   2     0.005       1.9    5.8   0.0   272   314   394   434   389   445 0.82 NODE_592_length_39318_cov_75.666641_15 # 14323 # 15708 # -1 # ID=257_15;partial=00;start_type=ATG;rbs_motif=AGGAG;rbs_spacer=5-10bp;gc_cont=0.538
NODE_1456_length_10502_cov_151.933624:4036-5589|-  -            518 19232                -            326   1.7e-30  104.5   0.0   1   1     7e-33   2.6e-30  103.9   0.0    12   266    98   371    90   378 0.73 NODE_1456_length_10502_cov_151.933624_6 # 4036 # 5589 # -1 # ID=639_6;partial=00;start_type=ATG;rbs_motif=GGA/GAG/AGG;rbs_spacer=5-10bp;gc_cont=0.469
NODE_1493_length_33821_cov_82.067535:20575-22095|+ -            507 19232                -            326   7.1e-22   76.2   0.1   1   1   7.4e-24   2.8e-21   74.3   0.1    79   237   185   357    92   384 0.74 NODE_1493_length_33821_cov_82.067535_20 # 20575 # 22095 # 1 # ID=662_20;partial=00;start_type=ATG;rbs_motif=GGAG/GAGG;rbs_spacer=5-10bp;gc_cont=0.552
NODE_2146_length_13525_cov_82.355492:454-1212|-    -            253 19232                -            326    0.0013   16.2   0.0   1   1   5.4e-06     0.002   15.5   0.0   122   159    40    74    11    99 0.77 NODE_2146_length_13525_cov_82.355492_2 # 454 # 1212 # -1 # ID=1073_2;partial=00;start_type=ATG;rbs_motif=GGAG/GAGG;rbs_spacer=5-10bp;gc_cont=0.476
NODE_1446_length_27281_cov_79.962029:17440-18198|+ -            253 19232                -            326    0.0088   13.5   0.0   1   1   3.5e-05     0.013   12.9   0.0   120   149    21    50     1    56 0.82 NODE_1446_length_27281_cov_79.962029_21 # 17440 # 18198 # 1 # ID=638_21;partial=00;start_type=ATG;rbs_motif=GGA/GAG/AGG;rbs_spacer=11-12bp;gc_cont=0.536
NODE_1446_length_27281_cov_79.962029:16710-17408|+ -            233 19232                -            326     0.012   13.0   0.1   1   1   5.2e-05      0.02   12.3   0.1   122   152    11    42     3    45 0.84 NODE_1446_length_27281_cov_79.962029_20 # 16710 # 17408 # 1 # ID=638_20;partial=00;start_type=ATG;rbs_motif=None;rbs_spacer=None;gc_cont=0.501
NODE_592_length_39318_cov_75.666641:13131-14333|-  -            401 19232                -            326     0.014   12.8   0.5   1   2   0.00035      0.13    9.6   0.1   261   317   229   284   222   293 0.86 NODE_592_length_39318_cov_75.666641_14 # 13131 # 14333 # -1 # ID=257_14;partial=00;start_type=ATG;rbs_motif=GGA/GAG/AGG;rbs_spacer=5-10bp;gc_cont=0.523
NODE_592_length_39318_cov_75.666641:13131-14333|-  -            401 19232                -            326     0.014   12.8   0.5   2   2      0.15        58    0.9   0.0   208   263   313   368   303   381 0.68 NODE_592_length_39318_cov_75.666641_14 # 13131 # 14333 # -1 # ID=257_14;partial=00;start_type=ATG;rbs_motif=GGA/GAG/AGG;rbs_spacer=5-10bp;gc_cont=0.523
NODE_1173_length_14123_cov_66.331375:1123-2049|+   -            309 19232                -            326     0.015   12.8   0.1   1   2   0.00016     0.059   10.7   0.0   118   149    24    55     6    61 0.72 NODE_1173_length_14123_cov_66.331375_2 # 1123 # 2049 # 1 # ID=499_2;partial=00;start_type=ATG;rbs_motif=GGA/GAG/AGG;rbs_spacer=5-10bp;gc_cont=0.558
NODE_1173_length_14123_cov_66.331375:1123-2049|+   -            309 19232                -            326     0.015   12.8   0.1   2   2      0.62   2.3e+02   -1.1   0.0   183   201   142   160   136   162 0.85 NODE_1173_length_14123_cov_66.331375_2 # 1123 # 2049 # 1 # ID=499_2;partial=00;start_type=ATG;rbs_motif=GGA/GAG/AGG;rbs_spacer=5-10bp;gc_cont=0.558
NODE_1709_length_68036_cov_72.575531:10562-14434|- -           1291 19232                -            326     0.017   12.5   0.0   1   1   0.00013     0.049   11.0   0.0   123   144   948   969   934   986 0.82 NODE_1709_length_68036_cov_72.575531_10 # 10562 # 14434 # -1 # ID=785_10;partial=00;start_type=TTG;rbs_motif=GGAG/GAGG;rbs_spacer=5-10bp;gc_cont=0.536
NODE_1027_length_13244_cov_75.027863:8414-11236|+  -            941 19232                -            326      0.05   11.0   0.1   1   2    0.0055       2.1    5.7   0.0   115   135    19    39    11    57 0.86 NODE_1027_length_13244_cov_75.027863_9 # 8414 # 11236 # 1 # ID=432_9;partial=00;start_type=ATG;rbs_motif=GGA/GAG/AGG;rbs_spacer=5-10bp;gc_cont=0.556
NODE_1027_length_13244_cov_75.027863:8414-11236|+  -            941 19232                -            326      0.05   11.0   0.1   2   2     0.049        19    2.5   0.1   124   138   637   651   621   669 0.79 NODE_1027_length_13244_cov_75.027863_9 # 8414 # 11236 # 1 # ID=432_9;partial=00;start_type=ATG;rbs_motif=GGA/GAG/AGG;rbs_spacer=5-10bp;gc_cont=0.556
NODE_1288_length_45176_cov_69.014496:34745-36337|+ -            531 19232                -            326      0.12    9.7   1.7   1   3      0.15        56    1.0   0.0   126   138    33    45    28    55 0.82 NODE_1288_length_45176_cov_69.014496_34 # 34745 # 36337 # 1 # ID=561_34;partial=00;start_type=GTG;rbs_motif=AGGA;rbs_spacer=5-10bp;gc_cont=0.527
NODE_1288_length_45176_cov_69.014496:34745-36337|+ -            531 19232                -            326      0.12    9.7   1.7   2   3     0.091        34    1.7   0.1   186   203   166   183   160   194 0.75 NODE_1288_length_45176_cov_69.014496_34 # 34745 # 36337 # 1 # ID=561_34;partial=00;start_type=GTG;rbs_motif=AGGA;rbs_spacer=5-10bp;gc_cont=0.527
NODE_1288_length_45176_cov_69.014496:34745-36337|+ -            531 19232                -            326      0.12    9.7   1.7   3   3     0.014       5.3    4.3   0.0   116   145   342   370   238   375 0.70 NODE_1288_length_45176_cov_69.014496_34 # 34745 # 36337 # 1 # ID=561_34;partial=00;start_type=GTG;rbs_motif=AGGA;rbs_spacer=5-10bp;gc_cont=0.527
#
# Program:         hmmsearch
# Version:         3.4 (Aug 2023)
# Pipeline mode:   SEARCH
# Query file:      /home/simonedassisi/velvet-1.2.10/busco_downloads/lineages/enterobacteriaceae_odb12/hmms/19232at543.hmm
# Target file:     results/BUSCO_output_velveth21/prodigal_output/predicted_genes/predicted.faa
# Option settings: hmmsearch --domtblout results/BUSCO_output_velveth21/run_enterobacteriaceae_odb12/hmmer_output/19232at543.out --cpu 1 /home/simonedassisi/velvet-1.2.10/busco_downloads/lineages/enterobacteriaceae_odb12/hmms/19232at543.hmm results/BUSCO_output_velveth21/prodigal_output/predicted_genes/predicted.faa 
# Current dir:     /home/simonedassisi/velvet-1.2.10
# Date:            Wed Apr  2 19:23:57 2025
# [ok]
