#                                                                                                          --- full sequence --- -------------- this domain -------------   hmm coord   ali coord   env coord
# target name                                      accession   tlen query name           accession   qlen   E-value  score  bias   #  of  c-Evalue  i-Evalue  score  bias  from    to  from    to  from    to  acc description of target
#                              ------------------- ---------- ----- -------------------- ---------- ----- --------- ------ ----- --- --- --------- --------- ------ ----- ----- ----- ----- ----- ----- ----- ---- ---------------------
NODE_1434_length_95894_cov_75.275742:20952-21635|+ -            228 20213                -            222  5.2e-115  380.7  12.0   1   1  7.7e-118  5.8e-115  380.6  12.0     1   222     1   227     1   227 0.96 NODE_1434_length_95894_cov_75.275742_18 # 20952 # 21635 # 1 # ID=631_18;partial=00;start_type=ATG;rbs_motif=AGGA;rbs_spacer=5-10bp;gc_cont=0.553
NODE_482_length_21709_cov_69.527618:16456-17469|+  -            338 20213                -            222     7e-06   23.9   0.1   1   1   2.1e-08   1.6e-05   22.7   0.1   159   213   212   266   193   271 0.85 NODE_482_length_21709_cov_69.527618_19 # 16456 # 17469 # 1 # ID=196_19;partial=00;start_type=ATG;rbs_motif=GGA/GAG/AGG;rbs_spacer=5-10bp;gc_cont=0.529
NODE_679_length_36641_cov_70.533279:32741-34258|+  -            506 20213                -            222    0.0036   15.0   0.0   1   1   7.3e-06    0.0055   14.4   0.0   132   214   309   392   304   396 0.83 NODE_679_length_36641_cov_70.533279_33 # 32741 # 34258 # 1 # ID=288_33;partial=00;start_type=ATG;rbs_motif=GGAG/GAGG;rbs_spacer=5-10bp;gc_cont=0.528
NODE_567_length_10831_cov_86.072937:123-659|+      -            179 20213                -            222    0.0049   14.6   0.0   1   1   8.4e-06    0.0064   14.2   0.0   170   217    80   127    59   130 0.86 NODE_567_length_10831_cov_86.072937_1 # 123 # 659 # 1 # ID=248_1;partial=00;start_type=ATG;rbs_motif=None;rbs_spacer=None;gc_cont=0.505
NODE_1539_length_37792_cov_75.811783:14559-15200|- -            214 20213                -            222    0.0068   14.1   0.1   1   1   1.4e-05      0.01   13.5   0.1   184   212   119   147   107   154 0.86 NODE_1539_length_37792_cov_75.811783_18 # 14559 # 15200 # -1 # ID=694_18;partial=00;start_type=ATG;rbs_motif=AGGAG;rbs_spacer=5-10bp;gc_cont=0.533
NODE_906_length_18920_cov_69.049629:44-670|+       -            209 20213                -            222     0.036   11.7   0.1   1   1   6.8e-05     0.051   11.2   0.1   177   218   118   159   111   162 0.88 NODE_906_length_18920_cov_69.049629_1 # 44 # 670 # 1 # ID=381_1;partial=00;start_type=ATG;rbs_motif=AGGAG;rbs_spacer=5-10bp;gc_cont=0.531
NODE_22_length_21196_cov_74.466599:5976-6527|-     -            184 20213                -            222     0.045   11.4   0.1   1   2       1.3     1e+03   -2.8   0.0    67    93    40    66    37    71 0.75 NODE_22_length_21196_cov_74.466599_6 # 5976 # 6527 # -1 # ID=6_6;partial=00;start_type=ATG;rbs_motif=AGxAGG/AGGxGG;rbs_spacer=5-10bp;gc_cont=0.542
NODE_22_length_21196_cov_74.466599:5976-6527|-     -            184 20213                -            222     0.045   11.4   0.1   2   2   0.00014       0.1   10.2   0.1   182   210   119   147   106   155 0.84 NODE_22_length_21196_cov_74.466599_6 # 5976 # 6527 # -1 # ID=6_6;partial=00;start_type=ATG;rbs_motif=AGxAGG/AGGxGG;rbs_spacer=5-10bp;gc_cont=0.542
#
# Program:         hmmsearch
# Version:         3.4 (Aug 2023)
# Pipeline mode:   SEARCH
# Query file:      /home/simonedassisi/velvet-1.2.10/busco_downloads/lineages/enterobacteriaceae_odb12/hmms/20213at543.hmm
# Target file:     results/BUSCO_output_velveth21/prodigal_output/predicted_genes/predicted.faa
# Option settings: hmmsearch --domtblout results/BUSCO_output_velveth21/run_enterobacteriaceae_odb12/hmmer_output/20213at543.out --cpu 1 /home/simonedassisi/velvet-1.2.10/busco_downloads/lineages/enterobacteriaceae_odb12/hmms/20213at543.hmm results/BUSCO_output_velveth21/prodigal_output/predicted_genes/predicted.faa 
# Current dir:     /home/simonedassisi/velvet-1.2.10
# Date:            Wed Apr  2 19:23:57 2025
# [ok]
