#                                                                                                           --- full sequence --- -------------- this domain -------------   hmm coord   ali coord   env coord
# target name                                       accession   tlen query name           accession   qlen   E-value  score  bias   #  of  c-Evalue  i-Evalue  score  bias  from    to  from    to  from    to  acc description of target
#                               ------------------- ---------- ----- -------------------- ---------- ----- --------- ------ ----- --- --- --------- --------- ------ ----- ----- ----- ----- ----- ----- ----- ---- ---------------------
NODE_846_length_63393_cov_76.936378:40983-41681|-   -            233 2484                 -            230  3.3e-147  486.6   1.9   1   1  2.5e-149  3.6e-147  486.4   1.9     1   230     1   232     1   232 0.98 NODE_846_length_63393_cov_76.936378_41 # 40983 # 41681 # -1 # ID=361_41;partial=00;start_type=ATG;rbs_motif=GGAGG;rbs_spacer=5-10bp;gc_cont=0.516
NODE_1434_length_95894_cov_75.275742:11954-12673|-  -            240 2484                 -            230   1.6e-49  167.0   0.0   1   1   1.3e-51   1.9e-49  166.7   0.0     3   228     6   234     4   236 0.93 NODE_1434_length_95894_cov_75.275742_10 # 11954 # 12673 # -1 # ID=631_10;partial=00;start_type=ATG;rbs_motif=GGAG/GAGG;rbs_spacer=5-10bp;gc_cont=0.547
NODE_1155_length_53173_cov_69.651268:10906-11628|-  -            241 2484                 -            230   1.5e-46  157.2   0.0   1   1   1.2e-48   1.7e-46  157.0   0.0     3   225    12   231    10   236 0.93 NODE_1155_length_53173_cov_69.651268_14 # 10906 # 11628 # -1 # ID=488_14;partial=00;start_type=ATG;rbs_motif=GGA/GAG/AGG;rbs_spacer=5-10bp;gc_cont=0.541
NODE_269_length_60008_cov_74.420364:34032-34721|-   -            230 2484                 -            230   1.9e-43  147.1   0.0   1   1   1.7e-45   2.4e-43  146.7   0.0     2   225     3   224     2   228 0.92 NODE_269_length_60008_cov_74.420364_34 # 34032 # 34721 # -1 # ID=74_34;partial=00;start_type=ATG;rbs_motif=GGA/GAG/AGG;rbs_spacer=5-10bp;gc_cont=0.545
NODE_2129_length_51924_cov_72.758377:34477-35193|-  -            239 2484                 -            230   1.6e-40  137.5   0.0   1   1   1.4e-42   2.1e-40  137.1   0.0     3   225     5   231     3   235 0.93 NODE_2129_length_51924_cov_72.758377_37 # 34477 # 35193 # -1 # ID=1066_37;partial=00;start_type=ATG;rbs_motif=GGA/GAG/AGG;rbs_spacer=5-10bp;gc_cont=0.512
NODE_1147_length_37024_cov_69.051132:9106-9825|-    -            240 2484                 -            230   6.3e-40  135.5   0.3   1   1   4.8e-42   7.1e-40  135.4   0.3     1   226     1   233     1   237 0.92 NODE_1147_length_37024_cov_69.051132_8 # 9106 # 9825 # -1 # ID=485_8;partial=00;start_type=ATG;rbs_motif=None;rbs_spacer=None;gc_cont=0.493
NODE_810_length_9061_cov_73.705658:4009-4791|-      -            261 2484                 -            230   7.4e-39  132.0   0.2   1   1   6.2e-41   9.1e-39  131.7   0.2     2   228    38   257    37   259 0.94 NODE_810_length_9061_cov_73.705658_4 # 4009 # 4791 # -1 # ID=349_4;partial=00;start_type=ATG;rbs_motif=None;rbs_spacer=None;gc_cont=0.433
NODE_2129_length_51924_cov_72.758377:30895-31584|+  -            230 2484                 -            230   1.3e-38  131.3   0.0   1   1   1.1e-40   1.6e-38  131.0   0.0     3   225     5   225     3   228 0.94 NODE_2129_length_51924_cov_72.758377_34 # 30895 # 31584 # 1 # ID=1066_34;partial=00;start_type=ATG;rbs_motif=GGAG/GAGG;rbs_spacer=5-10bp;gc_cont=0.551
NODE_1475_length_18222_cov_64.758202:5115-5798|-    -            228 2484                 -            230   3.2e-36  123.4   0.8   1   1   2.6e-38   3.8e-36  123.2   0.8     3   226     2   221     1   224 0.90 NODE_1475_length_18222_cov_64.758202_5 # 5115 # 5798 # -1 # ID=650_5;partial=00;start_type=ATG;rbs_motif=GGAGG;rbs_spacer=3-4bp;gc_cont=0.547
NODE_1044_length_78232_cov_76.088036:28509-29177|+  -            223 2484                 -            230   2.2e-35  120.7   0.4   1   1   1.7e-37   2.5e-35  120.5   0.4     3   229     2   219     1   220 0.90 NODE_1044_length_78232_cov_76.088036_22 # 28509 # 29177 # 1 # ID=438_22;partial=00;start_type=ATG;rbs_motif=AGGAG;rbs_spacer=5-10bp;gc_cont=0.531
NODE_2112_length_39655_cov_70.664001:15425-16117|+  -            231 2484                 -            230   3.6e-34  116.7   0.4   1   1   3.1e-36   4.6e-34  116.4   0.4     3   208     4   212     2   228 0.91 NODE_2112_length_39655_cov_70.664001_18 # 15425 # 16117 # 1 # ID=1058_18;partial=00;start_type=ATG;rbs_motif=GGA/GAG/AGG;rbs_spacer=11-12bp;gc_cont=0.525
NODE_1467_length_19113_cov_76.692146:3870-4529|-    -            220 2484                 -            230     2e-31  107.7   0.1   1   1   1.7e-33   2.5e-31  107.4   0.1     3   225     2   215     1   218 0.92 NODE_1467_length_19113_cov_76.692146_6 # 3870 # 4529 # -1 # ID=643_6;partial=00;start_type=ATG;rbs_motif=GGA/GAG/AGG;rbs_spacer=5-10bp;gc_cont=0.518
NODE_1062_length_63423_cov_73.241127:54879-55556|-  -            226 2484                 -            230     2e-30  104.4   0.0   1   1   1.5e-32   2.3e-30  104.3   0.0     1   225     1   222     1   225 0.93 NODE_1062_length_63423_cov_73.241127_49 # 54879 # 55556 # -1 # ID=442_49;partial=00;start_type=GTG;rbs_motif=GGA/GAG/AGG;rbs_spacer=5-10bp;gc_cont=0.572
NODE_2513_length_11127_cov_68.835533:2041-2712|+    -            224 2484                 -            230   1.5e-27   95.1   1.4   1   1   1.2e-29   1.8e-27   94.8   1.4     3   226     2   220     1   222 0.92 NODE_2513_length_11127_cov_68.835533_3 # 2041 # 2712 # 1 # ID=1309_3;partial=00;start_type=ATG;rbs_motif=GGAG/GAGG;rbs_spacer=5-10bp;gc_cont=0.478
NODE_644_length_31137_cov_72.486465:20951-22336|-   -            462 2484                 -            230   5.4e-21   73.6   0.5   1   1   6.3e-23   9.2e-21   72.8   0.1     1   124     4   130     4   147 0.88 NODE_644_length_31137_cov_72.486465_14 # 20951 # 22336 # -1 # ID=277_14;partial=00;start_type=ATG;rbs_motif=GGA/GAG/AGG;rbs_spacer=11-12bp;gc_cont=0.490
NODE_1677_length_30732_cov_80.654755:3218-4543|-    -            442 2484                 -            230   3.6e-19   67.6   0.1   1   1   4.6e-21   6.8e-19   66.7   0.1     3   122     7   128     5   140 0.90 NODE_1677_length_30732_cov_80.654755_3 # 3218 # 4543 # -1 # ID=765_3;partial=00;start_type=ATG;rbs_motif=AGGA;rbs_spacer=5-10bp;gc_cont=0.569
NODE_517_length_26358_cov_74.693604:22726-23739|-   -            338 2484                 -            230   5.2e-16   57.3   0.1   1   1   5.4e-18   7.9e-16   56.7   0.1     2   121     8   130     7   155 0.84 NODE_517_length_26358_cov_74.693604_25 # 22726 # 23739 # -1 # ID=211_25;partial=00;start_type=ATG;rbs_motif=GGAG/GAGG;rbs_spacer=5-10bp;gc_cont=0.488
NODE_851_length_22678_cov_82.051857:12959-14368|-   -            470 2484                 -            230   9.9e-16   56.4   0.0   1   1   1.2e-17   1.7e-15   55.6   0.0     4   126     6   128     3   140 0.86 NODE_851_length_22678_cov_82.051857_14 # 12959 # 14368 # -1 # ID=363_14;partial=00;start_type=ATG;rbs_motif=GGA/GAG/AGG;rbs_spacer=5-10bp;gc_cont=0.569
NODE_1668_length_5107_cov_73.732132:1678-2325|-     -            216 2484                 -            230     8e-15   53.4   2.4   1   1     2e-15   2.9e-13   48.3   2.4     4   124     9   133     7   214 0.83 NODE_1668_length_5107_cov_73.732132_3 # 1678 # 2325 # -1 # ID=761_3;partial=00;start_type=ATG;rbs_motif=AGGAG;rbs_spacer=5-10bp;gc_cont=0.529
NODE_482_length_21709_cov_69.527618:3494-4144|+     -            217 2484                 -            230   1.1e-13   49.7   2.7   1   1   1.6e-15   2.3e-13   48.6   2.7     3   110     8   119     7   214 0.74 NODE_482_length_21709_cov_69.527618_4 # 3494 # 4144 # 1 # ID=196_4;partial=00;start_type=ATG;rbs_motif=AGGAG;rbs_spacer=5-10bp;gc_cont=0.515
NODE_926_length_95421_cov_71.123581:37110-38444|+   -            445 2484                 -            230   3.5e-13   48.0   0.3   1   1   4.1e-15     6e-13   47.3   0.3     4   120     8   126     6   162 0.89 NODE_926_length_95421_cov_71.123581_34 # 37110 # 38444 # 1 # ID=386_34;partial=00;start_type=ATG;rbs_motif=GGAG/GAGG;rbs_spacer=5-10bp;gc_cont=0.546
NODE_718_length_90501_cov_69.003258:28683-29072|+   -            130 2484                 -            230   4.4e-12   44.4   0.1   1   1   3.5e-14   5.2e-12   44.2   0.1     3   114     7   123     5   127 0.88 NODE_718_length_90501_cov_69.003258_29 # 28683 # 29072 # 1 # ID=299_29;partial=00;start_type=ATG;rbs_motif=AGGAG;rbs_spacer=5-10bp;gc_cont=0.492
NODE_718_length_90501_cov_69.003258:1537-2193|+     -            219 2484                 -            230   1.5e-11   42.7   0.0   1   1   1.1e-13   1.7e-11   42.5   0.0     1   129     1   128     1   180 0.80 NODE_718_length_90501_cov_69.003258_3 # 1537 # 2193 # 1 # ID=299_3;partial=00;start_type=TTG;rbs_motif=GGAG/GAGG;rbs_spacer=5-10bp;gc_cont=0.498
NODE_1044_length_78232_cov_76.088036:12424-13143|+  -            240 2484                 -            230   1.2e-10   39.7   0.0   1   1   8.7e-13   1.3e-10   39.6   0.0     1   126     1   132     1   194 0.78 NODE_1044_length_78232_cov_76.088036_11 # 12424 # 13143 # 1 # ID=438_11;partial=00;start_type=ATG;rbs_motif=GGAG/GAGG;rbs_spacer=5-10bp;gc_cont=0.499
NODE_142_length_13006_cov_73.540901:88-2844|-       -            919 2484                 -            230   1.9e-10   39.1   0.1   1   1   3.6e-12   5.2e-10   37.6   0.1     3   107   669   777   667   818 0.87 NODE_142_length_13006_cov_73.540901_1 # 88 # 2844 # -1 # ID=32_1;partial=00;start_type=ATG;rbs_motif=GGA/GAG/AGG;rbs_spacer=5-10bp;gc_cont=0.498
NODE_190_length_21144_cov_76.620888:6719-10312|-    -           1198 2484                 -            230     5e-10   37.7   0.5   1   1   6.8e-12   9.9e-10   36.7   0.5     4   119   961  1078   958  1104 0.85 NODE_190_length_21144_cov_76.620888_6 # 6719 # 10312 # -1 # ID=47_6;partial=00;start_type=ATG;rbs_motif=None;rbs_spacer=None;gc_cont=0.408
NODE_718_length_90501_cov_69.003258:27619-28668|+   -            350 2484                 -            230   5.5e-10   37.6   0.4   1   1   5.6e-12   8.2e-10   37.0   0.4     3   102     5   109     1   141 0.81 NODE_718_length_90501_cov_69.003258_28 # 27619 # 28668 # 1 # ID=299_28;partial=00;start_type=ATG;rbs_motif=AGGA;rbs_spacer=5-10bp;gc_cont=0.539
NODE_2145_length_112275_cov_77.552353:49447-51783|+ -            779 2484                 -            230   7.7e-10   37.1   1.0   1   1   1.1e-11   1.7e-09   36.0   1.0     4   122   528   650   526   673 0.79 NODE_2145_length_112275_cov_77.552353_43 # 49447 # 51783 # 1 # ID=1072_43;partial=00;start_type=ATG;rbs_motif=AGGA;rbs_spacer=5-10bp;gc_cont=0.507
NODE_644_length_31137_cov_72.486465:24326-27175|+   -            950 2484                 -            230   1.2e-09   36.5   0.2   1   1   1.5e-11   2.2e-09   35.6   0.2     4   102   827   927   825   944 0.93 NODE_644_length_31137_cov_72.486465_16 # 24326 # 27175 # 1 # ID=277_16;partial=00;start_type=TTG;rbs_motif=GGAG/GAGG;rbs_spacer=5-10bp;gc_cont=0.509
NODE_1074_length_4629_cov_71.617630:1644-2324|+     -            227 2484                 -            230   8.2e-09   33.7   0.0   1   1   9.4e-11   1.4e-08   33.0   0.0     4   132     7   139     5   154 0.86 NODE_1074_length_4629_cov_71.617630_2 # 1644 # 2324 # 1 # ID=448_2;partial=00;start_type=ATG;rbs_motif=None;rbs_spacer=None;gc_cont=0.504
NODE_215_length_65836_cov_69.504402:59479-60213|-   -            245 2484                 -            230   3.4e-08   31.7   0.1   1   1   3.1e-10   4.5e-08   31.3   0.1     3   132     2   130     1   156 0.73 NODE_215_length_65836_cov_69.504402_59 # 59479 # 60213 # -1 # ID=52_59;partial=00;start_type=GTG;rbs_motif=GGAG/GAGG;rbs_spacer=5-10bp;gc_cont=0.475
NODE_1173_length_14123_cov_66.331375:5568-6287|+    -            240 2484                 -            230   1.7e-07   29.4   0.1   1   1   1.5e-09   2.3e-07   29.0   0.1     1   114     1   118     1   136 0.73 NODE_1173_length_14123_cov_66.331375_7 # 5568 # 6287 # 1 # ID=499_7;partial=00;start_type=ATG;rbs_motif=GGAGG;rbs_spacer=5-10bp;gc_cont=0.494
NODE_190_length_21144_cov_76.620888:10366-10932|-   -            189 2484                 -            230   7.5e-07   27.3   0.0   1   1   5.9e-09   8.6e-07   27.1   0.0     5   116     4   118     1   162 0.79 NODE_190_length_21144_cov_76.620888_7 # 10366 # 10932 # -1 # ID=47_7;partial=00;start_type=ATG;rbs_motif=GGA/GAG/AGG;rbs_spacer=5-10bp;gc_cont=0.402
NODE_1044_length_78232_cov_76.088036:523-2061|+     -            513 2484                 -            230   3.6e-06   25.1   0.0   1   1   5.1e-08   7.4e-06   24.1   0.0   129   227     3   102     1   105 0.86 NODE_1044_length_78232_cov_76.088036_1 # 523 # 2061 # 1 # ID=438_1;partial=00;start_type=ATG;rbs_motif=GGA/GAG/AGG;rbs_spacer=5-10bp;gc_cont=0.419
NODE_989_length_51512_cov_75.450089:37564-38154|+   -            197 2484                 -            230   1.6e-05   23.0   0.0   1   1   1.7e-07   2.5e-05   22.4   0.0     2   114     2   115     1   123 0.87 NODE_989_length_51512_cov_75.450089_39 # 37564 # 38154 # 1 # ID=419_39;partial=00;start_type=ATG;rbs_motif=AGGA;rbs_spacer=5-10bp;gc_cont=0.591
NODE_105_length_8867_cov_74.724709:2345-2977|+      -            211 2484                 -            230   0.00086   17.3   0.0   1   1   7.4e-06    0.0011   17.0   0.0    30   115    34   121     4   154 0.77 NODE_105_length_8867_cov_74.724709_4 # 2345 # 2977 # 1 # ID=17_4;partial=00;start_type=ATG;rbs_motif=GGA/GAG/AGG;rbs_spacer=5-10bp;gc_cont=0.365
#
# Program:         hmmsearch
# Version:         3.4 (Aug 2023)
# Pipeline mode:   SEARCH
# Query file:      /home/simonedassisi/velvet-1.2.10/busco_downloads/lineages/enterobacteriaceae_odb12/hmms/2484at543.hmm
# Target file:     results/BUSCO_output_velveth21/prodigal_output/predicted_genes/predicted.faa
# Option settings: hmmsearch --domtblout results/BUSCO_output_velveth21/run_enterobacteriaceae_odb12/hmmer_output/2484at543.out --cpu 1 /home/simonedassisi/velvet-1.2.10/busco_downloads/lineages/enterobacteriaceae_odb12/hmms/2484at543.hmm results/BUSCO_output_velveth21/prodigal_output/predicted_genes/predicted.faa 
# Current dir:     /home/simonedassisi/velvet-1.2.10
# Date:            Wed Apr  2 19:23:59 2025
# [ok]
