#                                                                                                          --- full sequence --- -------------- this domain -------------   hmm coord   ali coord   env coord
# target name                                      accession   tlen query name           accession   qlen   E-value  score  bias   #  of  c-Evalue  i-Evalue  score  bias  from    to  from    to  from    to  acc description of target
#                              ------------------- ---------- ----- -------------------- ---------- ----- --------- ------ ----- --- --- --------- --------- ------ ----- ----- ----- ----- ----- ----- ----- ---- ---------------------
NODE_1689_length_18974_cov_72.810692:5887-6555|+   -            223 2556                 -            221  1.3e-137  454.9  14.1   1   1  2.6e-140  1.4e-137  454.8  14.1     1   221     1   221     1   221 1.00 NODE_1689_length_18974_cov_72.810692_9 # 5887 # 6555 # 1 # ID=775_9;partial=00;start_type=ATG;rbs_motif=GGAGG;rbs_spacer=5-10bp;gc_cont=0.522
NODE_666_length_18969_cov_76.638199:1084-1800|+    -            239 2556                 -            221   4.8e-36  122.8  10.3   1   1   1.2e-38   6.2e-36  122.4  10.3    10   217    21   230    17   233 0.95 NODE_666_length_18969_cov_76.638199_3 # 1084 # 1800 # 1 # ID=285_3;partial=00;start_type=GTG;rbs_motif=GGAG/GAGG;rbs_spacer=5-10bp;gc_cont=0.501
NODE_720_length_11917_cov_65.241417:10355-11023|+  -            223 2556                 -            221   6.8e-35  119.0   5.9   1   1   4.1e-37   2.2e-34  117.4   5.9     2   215     9   214     8   220 0.92 NODE_720_length_11917_cov_65.241417_11 # 10355 # 11023 # 1 # ID=301_11;partial=00;start_type=ATG;rbs_motif=GGA/GAG/AGG;rbs_spacer=5-10bp;gc_cont=0.535
NODE_1689_length_18974_cov_72.810692:5171-5887|+   -            239 2556                 -            221   5.3e-30  103.0   7.4   1   1   4.5e-32   2.4e-29  100.9   7.4    12   221    11   236     1   236 0.86 NODE_1689_length_18974_cov_72.810692_8 # 5171 # 5887 # 1 # ID=775_8;partial=00;start_type=ATG;rbs_motif=AGxAG;rbs_spacer=5-10bp;gc_cont=0.550
NODE_1288_length_45176_cov_69.014496:25242-25901|- -            220 2556                 -            221   7.5e-25   86.2   6.3   1   1   2.2e-27   1.2e-24   85.5   6.3     5   214    12   215     8   219 0.93 NODE_1288_length_45176_cov_69.014496_24 # 25242 # 25901 # -1 # ID=561_24;partial=00;start_type=ATG;rbs_motif=AGGA;rbs_spacer=5-10bp;gc_cont=0.532
NODE_666_length_18969_cov_76.638199:401-1087|+     -            229 2556                 -            221   2.9e-22   77.7   7.1   1   1   6.5e-25   3.4e-22   77.5   7.1     8   214     9   218     2   225 0.90 NODE_666_length_18969_cov_76.638199_2 # 401 # 1087 # 1 # ID=285_2;partial=00;start_type=ATG;rbs_motif=AGGA;rbs_spacer=5-10bp;gc_cont=0.525
NODE_1062_length_63423_cov_73.241127:20571-21311|- -            247 2556                 -            221   1.7e-21   75.2   7.8   1   1   4.1e-24   2.2e-21   74.9   7.8     3   214    20   236    18   239 0.88 NODE_1062_length_63423_cov_73.241127_22 # 20571 # 21311 # -1 # ID=442_22;partial=00;start_type=ATG;rbs_motif=GGAG/GAGG;rbs_spacer=5-10bp;gc_cont=0.524
NODE_1062_length_63423_cov_73.241127:19897-20571|- -            225 2556                 -            221   9.2e-19   66.3  12.8   1   1   2.1e-21   1.1e-18   66.0  12.8     5   214    13   222     9   224 0.88 NODE_1062_length_63423_cov_73.241127_21 # 19897 # 20571 # -1 # ID=442_21;partial=00;start_type=ATG;rbs_motif=GGxGG;rbs_spacer=5-10bp;gc_cont=0.499
NODE_2146_length_13525_cov_82.355492:2333-3514|-   -            394 2556                 -            221   1.6e-13   49.1  13.7   1   2   3.8e-05      0.02   12.8   0.7     9    70    85   146    79   164 0.88 NODE_2146_length_13525_cov_82.355492_4 # 2333 # 3514 # -1 # ID=1073_4;partial=00;start_type=ATG;rbs_motif=GGAG/GAGG;rbs_spacer=5-10bp;gc_cont=0.503
NODE_2146_length_13525_cov_82.355492:2333-3514|-   -            394 2556                 -            221   1.6e-13   49.1  13.7   2   2   1.1e-13   5.7e-11   40.8   6.5    20   219   186   392   176   393 0.83 NODE_2146_length_13525_cov_82.355492_4 # 2333 # 3514 # -1 # ID=1073_4;partial=00;start_type=ATG;rbs_motif=GGAG/GAGG;rbs_spacer=5-10bp;gc_cont=0.503
NODE_2146_length_13525_cov_82.355492:1220-2323|-   -            368 2556                 -            221   6.4e-12   43.9   7.2   1   1   4.6e-14   2.4e-11   42.0   7.2    15   179   160   320   153   359 0.74 NODE_2146_length_13525_cov_82.355492_3 # 1220 # 2323 # -1 # ID=1073_3;partial=00;start_type=ATG;rbs_motif=AGGAG;rbs_spacer=5-10bp;gc_cont=0.524
#
# Program:         hmmsearch
# Version:         3.4 (Aug 2023)
# Pipeline mode:   SEARCH
# Query file:      /home/simonedassisi/velvet-1.2.10/busco_downloads/lineages/enterobacteriaceae_odb12/hmms/2556at543.hmm
# Target file:     results/BUSCO_output_velveth21/prodigal_output/predicted_genes/predicted.faa
# Option settings: hmmsearch --domtblout results/BUSCO_output_velveth21/run_enterobacteriaceae_odb12/hmmer_output/2556at543.out --cpu 1 /home/simonedassisi/velvet-1.2.10/busco_downloads/lineages/enterobacteriaceae_odb12/hmms/2556at543.hmm results/BUSCO_output_velveth21/prodigal_output/predicted_genes/predicted.faa 
# Current dir:     /home/simonedassisi/velvet-1.2.10
# Date:            Wed Apr  2 19:23:59 2025
# [ok]
