#                                                                                                          --- full sequence --- -------------- this domain -------------   hmm coord   ali coord   env coord
# target name                                      accession   tlen query name           accession   qlen   E-value  score  bias   #  of  c-Evalue  i-Evalue  score  bias  from    to  from    to  from    to  acc description of target
#                              ------------------- ---------- ----- -------------------- ---------- ----- --------- ------ ----- --- --- --------- --------- ------ ----- ----- ----- ----- ----- ----- ----- ---- ---------------------
NODE_2031_length_15140_cov_83.574440:5053-5304|+   -             84 3947                 -             82   7.8e-49  161.9   0.0   1   1   9.7e-52   8.5e-49  161.8   0.0     1    82     1    82     1    82 0.99 NODE_2031_length_15140_cov_83.574440_6 # 5053 # 5304 # 1 # ID=1003_6;partial=00;start_type=ATG;rbs_motif=AGGAG;rbs_spacer=5-10bp;gc_cont=0.512
NODE_1689_length_18974_cov_72.810692:15762-16019|+ -             86 3947                 -             82   6.3e-16   56.4   0.0   1   1   8.1e-19   7.2e-16   56.3   0.0     5    72     4    78     1    85 0.81 NODE_1689_length_18974_cov_72.810692_21 # 15762 # 16019 # 1 # ID=775_21;partial=00;start_type=ATG;rbs_motif=AGGAG;rbs_spacer=5-10bp;gc_cont=0.450
NODE_434_length_79075_cov_70.223480:37512-37859|+  -            116 3947                 -             82   1.1e-08   33.2   0.0   1   1   1.6e-11   1.4e-08   32.9   0.0    11    81    29    99    17   100 0.96 NODE_434_length_79075_cov_70.223480_36 # 37512 # 37859 # 1 # ID=160_36;partial=00;start_type=ATG;rbs_motif=GGAG/GAGG;rbs_spacer=5-10bp;gc_cont=0.526
NODE_2154_length_30944_cov_68.453339:13907-14152|+ -             82 3947                 -             82     3e-06   25.4   0.0   1   1   3.9e-09   3.4e-06   25.2   0.0     3    51     2    49     1    64 0.83 NODE_2154_length_30944_cov_68.453339_16 # 13907 # 14152 # 1 # ID=1078_16;partial=00;start_type=ATG;rbs_motif=GGA/GAG/AGG;rbs_spacer=5-10bp;gc_cont=0.528
NODE_2299_length_38437_cov_68.775246:19728-20375|- -            216 3947                 -             82    0.0029   15.8   0.5   1   2   5.7e-06     0.005   15.1   0.0     5    47     2    45     1    57 0.80 NODE_2299_length_38437_cov_68.775246_23 # 19728 # 20375 # -1 # ID=1153_23;partial=00;start_type=GTG;rbs_motif=GGAGG;rbs_spacer=5-10bp;gc_cont=0.492
NODE_2299_length_38437_cov_68.775246:19728-20375|- -            216 3947                 -             82    0.0029   15.8   0.5   2   2       3.5   3.1e+03   -3.5   0.2    66    74   148   156   148   157 0.84 NODE_2299_length_38437_cov_68.775246_23 # 19728 # 20375 # -1 # ID=1153_23;partial=00;start_type=GTG;rbs_motif=GGAGG;rbs_spacer=5-10bp;gc_cont=0.492
NODE_906_length_18920_cov_69.049629:2979-3338|-    -            120 3947                 -             82     0.047   12.0   0.3   1   2      0.01       9.2    4.6   0.0     2    30     3    31     2    55 0.83 NODE_906_length_18920_cov_69.049629_4 # 2979 # 3338 # -1 # ID=381_4;partial=00;start_type=ATG;rbs_motif=AGGA;rbs_spacer=5-10bp;gc_cont=0.519
NODE_906_length_18920_cov_69.049629:2979-3338|-    -            120 3947                 -             82     0.047   12.0   0.3   2   2    0.0046         4    5.8   0.1    17    47    56    86    53    92 0.88 NODE_906_length_18920_cov_69.049629_4 # 2979 # 3338 # -1 # ID=381_4;partial=00;start_type=ATG;rbs_motif=AGGA;rbs_spacer=5-10bp;gc_cont=0.519
#
# Program:         hmmsearch
# Version:         3.4 (Aug 2023)
# Pipeline mode:   SEARCH
# Query file:      /home/simonedassisi/velvet-1.2.10/busco_downloads/lineages/enterobacteriaceae_odb12/hmms/3947at543.hmm
# Target file:     results/BUSCO_output_velveth21/prodigal_output/predicted_genes/predicted.faa
# Option settings: hmmsearch --domtblout results/BUSCO_output_velveth21/run_enterobacteriaceae_odb12/hmmer_output/3947at543.out --cpu 1 /home/simonedassisi/velvet-1.2.10/busco_downloads/lineages/enterobacteriaceae_odb12/hmms/3947at543.hmm results/BUSCO_output_velveth21/prodigal_output/predicted_genes/predicted.faa 
# Current dir:     /home/simonedassisi/velvet-1.2.10
# Date:            Wed Apr  2 19:24:01 2025
# [ok]
