#                                                                                                          --- full sequence --- -------------- this domain -------------   hmm coord   ali coord   env coord
# target name                                      accession   tlen query name           accession   qlen   E-value  score  bias   #  of  c-Evalue  i-Evalue  score  bias  from    to  from    to  from    to  acc description of target
#                              ------------------- ---------- ----- -------------------- ---------- ----- --------- ------ ----- --- --- --------- --------- ------ ----- ----- ----- ----- ----- ----- ----- ---- ---------------------
NODE_665_length_8475_cov_72.609436:6806-8494|+     -            563 4283                 -            905         0 1237.0   0.2   1   1         0         0 1236.9   0.2     1   562     1   563     1   563 1.00 NODE_665_length_8475_cov_72.609436_8 # 6806 # 8494 # 1 # ID=284_8;partial=01;start_type=ATG;rbs_motif=GGA/GAG/AGG;rbs_spacer=5-10bp;gc_cont=0.557
NODE_664_length_9865_cov_71.042572:8853-9884|-     -            344 4283                 -            905  9.3e-184  610.9   0.0   1   1  1.6e-186    1e-183  610.7   0.0   565   905     1   343     1   343 0.99 NODE_664_length_9865_cov_71.042572_10 # 8853 # 9884 # -1 # ID=283_10;partial=01;start_type=Edge;rbs_motif=None;rbs_spacer=None;gc_cont=0.576
NODE_1044_length_78232_cov_76.088036:63072-64751|+ -            560 4283                 -            905   1.5e-07   27.8   0.0   1   2   3.1e-09     2e-06   24.1   0.0   562   638   242   318   223   358 0.84 NODE_1044_length_78232_cov_76.088036_58 # 63072 # 64751 # 1 # ID=438_58;partial=00;start_type=ATG;rbs_motif=None;rbs_spacer=None;gc_cont=0.541
NODE_1044_length_78232_cov_76.088036:63072-64751|+ -            560 4283                 -            905   1.5e-07   27.8   0.0   2   2     0.025        16    1.2   0.0   835   879   450   494   431   499 0.85 NODE_1044_length_78232_cov_76.088036_58 # 63072 # 64751 # 1 # ID=438_58;partial=00;start_type=ATG;rbs_motif=None;rbs_spacer=None;gc_cont=0.541
NODE_1044_length_78232_cov_76.088036:62604-63023|+ -            140 4283                 -            905   2.6e-06   23.7   0.2   1   1   4.2e-09   2.8e-06   23.6   0.2   225   331     5   123     1   136 0.76 NODE_1044_length_78232_cov_76.088036_57 # 62604 # 63023 # 1 # ID=438_57;partial=00;start_type=ATG;rbs_motif=GGAG/GAGG;rbs_spacer=5-10bp;gc_cont=0.540
NODE_1671_length_10235_cov_68.567657:1695-4181|+   -            829 4283                 -            905   0.00012   18.3   0.0   1   3   1.8e-05     0.012   11.6   0.0   218   383    40   217    32   225 0.74 NODE_1671_length_10235_cov_68.567657_5 # 1695 # 4181 # 1 # ID=763_5;partial=00;start_type=ATG;rbs_motif=GGAG/GAGG;rbs_spacer=5-10bp;gc_cont=0.565
NODE_1671_length_10235_cov_68.567657:1695-4181|+   -            829 4283                 -            905   0.00012   18.3   0.0   2   3    0.0036       2.4    4.0   0.0   587   631   503   547   491   564 0.86 NODE_1671_length_10235_cov_68.567657_5 # 1695 # 4181 # 1 # ID=763_5;partial=00;start_type=ATG;rbs_motif=GGAG/GAGG;rbs_spacer=5-10bp;gc_cont=0.565
NODE_1671_length_10235_cov_68.567657:1695-4181|+   -            829 4283                 -            905   0.00012   18.3   0.0   3   3       1.1   7.2e+02   -4.2   0.0   820   859   729   768   725   775 0.86 NODE_1671_length_10235_cov_68.567657_5 # 1695 # 4181 # 1 # ID=763_5;partial=00;start_type=ATG;rbs_motif=GGAG/GAGG;rbs_spacer=5-10bp;gc_cont=0.565
NODE_1529_length_5497_cov_71.184097:885-1472|+     -            196 4283                 -            905   0.00023   17.3   0.0   1   1   3.6e-07   0.00024   17.2   0.0   227   311    49   142    29   187 0.82 NODE_1529_length_5497_cov_71.184097_2 # 885 # 1472 # 1 # ID=687_2;partial=00;start_type=ATG;rbs_motif=GGAG/GAGG;rbs_spacer=5-10bp;gc_cont=0.537
NODE_846_length_63393_cov_76.936378:21632-22219|-  -            196 4283                 -            905    0.0033   13.5   0.0   1   1   5.9e-06    0.0039   13.2   0.0   226   312    48   143    35   164 0.82 NODE_846_length_63393_cov_76.936378_23 # 21632 # 22219 # -1 # ID=361_23;partial=00;start_type=ATG;rbs_motif=AGGAG;rbs_spacer=5-10bp;gc_cont=0.561
NODE_2112_length_39655_cov_70.664001:11577-14123|- -            849 4283                 -            905     0.043    9.8   0.0   1   1   0.00011     0.072    9.0   0.0   568   614   486   532   478   546 0.90 NODE_2112_length_39655_cov_70.664001_16 # 11577 # 14123 # -1 # ID=1058_16;partial=00;start_type=ATG;rbs_motif=AGGA;rbs_spacer=5-10bp;gc_cont=0.554
#
# Program:         hmmsearch
# Version:         3.4 (Aug 2023)
# Pipeline mode:   SEARCH
# Query file:      /home/simonedassisi/velvet-1.2.10/busco_downloads/lineages/enterobacteriaceae_odb12/hmms/4283at543.hmm
# Target file:     results/BUSCO_output_velveth21/prodigal_output/predicted_genes/predicted.faa
# Option settings: hmmsearch --domtblout results/BUSCO_output_velveth21/run_enterobacteriaceae_odb12/hmmer_output/4283at543.out --cpu 1 /home/simonedassisi/velvet-1.2.10/busco_downloads/lineages/enterobacteriaceae_odb12/hmms/4283at543.hmm results/BUSCO_output_velveth21/prodigal_output/predicted_genes/predicted.faa 
# Current dir:     /home/simonedassisi/velvet-1.2.10
# Date:            Wed Apr  2 19:24:02 2025
# [ok]
