#                                                                                                          --- full sequence --- -------------- this domain -------------   hmm coord   ali coord   env coord
# target name                                      accession   tlen query name           accession   qlen   E-value  score  bias   #  of  c-Evalue  i-Evalue  score  bias  from    to  from    to  from    to  acc description of target
#                              ------------------- ---------- ----- -------------------- ---------- ----- --------- ------ ----- --- --- --------- --------- ------ ----- ----- ----- ----- ----- ----- ----- ---- ---------------------
NODE_1194_length_762_cov_79.440948:77-652|-        -            192 45947                -            185    8e-114  375.7   0.0   1   1  1.2e-116  9.2e-114  375.5   0.0     1   185     2   186     2   186 0.99 NODE_1194_length_762_cov_79.440948_1 # 77 # 652 # -1 # ID=512_1;partial=00;start_type=GTG;rbs_motif=AGGAG;rbs_spacer=5-10bp;gc_cont=0.498
NODE_2006_length_20165_cov_69.217606:3497-4564|-   -            356 45947                -            185   1.2e-23   81.8   0.1   1   2   3.1e-26   2.3e-23   80.9   0.0     5   149     4   144     1   159 0.90 NODE_2006_length_20165_cov_69.217606_6 # 3497 # 4564 # -1 # ID=987_6;partial=00;start_type=ATG;rbs_motif=GGAG/GAGG;rbs_spacer=5-10bp;gc_cont=0.536
NODE_2006_length_20165_cov_69.217606:3497-4564|-   -            356 45947                -            185   1.2e-23   81.8   0.1   2   2         3   2.3e+03   -3.9   0.1     7    20   184   197   180   206 0.67 NODE_2006_length_20165_cov_69.217606_6 # 3497 # 4564 # -1 # ID=987_6;partial=00;start_type=ATG;rbs_motif=GGAG/GAGG;rbs_spacer=5-10bp;gc_cont=0.536
NODE_1441_length_52686_cov_76.197510:42401-43159|- -            253 45947                -            185   0.00053   17.8   0.0   1   2       1.3     1e+03   -2.7   0.0    25    54   108   136    99   137 0.72 NODE_1441_length_52686_cov_76.197510_47 # 42401 # 43159 # -1 # ID=633_47;partial=00;start_type=ATG;rbs_motif=GGA/GAG/AGG;rbs_spacer=5-10bp;gc_cont=0.530
NODE_1441_length_52686_cov_76.197510:42401-43159|- -            253 45947                -            185   0.00053   17.8   0.0   2   2   1.6e-06    0.0012   16.6   0.0   107   150   164   207   160   239 0.80 NODE_1441_length_52686_cov_76.197510_47 # 42401 # 43159 # -1 # ID=633_47;partial=00;start_type=ATG;rbs_motif=GGA/GAG/AGG;rbs_spacer=5-10bp;gc_cont=0.530
NODE_998_length_24344_cov_83.117935:15357-16022|-  -            222 45947                -            185   0.00063   17.5   0.0   1   2     0.016        12    3.6   0.0     2    28     2    33     1    73 0.71 NODE_998_length_24344_cov_83.117935_15 # 15357 # 16022 # -1 # ID=423_15;partial=00;start_type=ATG;rbs_motif=AGGA;rbs_spacer=5-10bp;gc_cont=0.483
NODE_998_length_24344_cov_83.117935:15357-16022|-  -            222 45947                -            185   0.00063   17.5   0.0   2   2   3.5e-05     0.027   12.2   0.0   109   179   141   209   126   215 0.75 NODE_998_length_24344_cov_83.117935_15 # 15357 # 16022 # -1 # ID=423_15;partial=00;start_type=ATG;rbs_motif=AGGA;rbs_spacer=5-10bp;gc_cont=0.483
NODE_1062_length_63423_cov_73.241127:19172-19897|- -            242 45947                -            185    0.0086   13.8   0.0   1   1   1.9e-05     0.015   13.1   0.0    29    64   170   205   165   221 0.87 NODE_1062_length_63423_cov_73.241127_20 # 19172 # 19897 # -1 # ID=442_20;partial=00;start_type=ATG;rbs_motif=AGGA;rbs_spacer=5-10bp;gc_cont=0.519
NODE_1815_length_42207_cov_77.160164:28672-30327|- -            552 45947                -            185     0.026   12.2   0.0   1   1   6.8e-05     0.051   11.3   0.0    64   117   294   348   285   355 0.86 NODE_1815_length_42207_cov_77.160164_26 # 28672 # 30327 # -1 # ID=846_26;partial=00;start_type=ATG;rbs_motif=AGGA;rbs_spacer=5-10bp;gc_cont=0.531
NODE_184_length_6556_cov_74.450729:2920-3588|-     -            223 45947                -            185      0.03   12.0   0.0   1   1   6.3e-05     0.048   11.4   0.0   108   178   146   215   139   218 0.78 NODE_184_length_6556_cov_74.450729_4 # 2920 # 3588 # -1 # ID=44_4;partial=00;start_type=ATG;rbs_motif=AGGAG;rbs_spacer=5-10bp;gc_cont=0.514
#
# Program:         hmmsearch
# Version:         3.4 (Aug 2023)
# Pipeline mode:   SEARCH
# Query file:      /home/simonedassisi/velvet-1.2.10/busco_downloads/lineages/enterobacteriaceae_odb12/hmms/45947at543.hmm
# Target file:     results/BUSCO_output_velveth21/prodigal_output/predicted_genes/predicted.faa
# Option settings: hmmsearch --domtblout results/BUSCO_output_velveth21/run_enterobacteriaceae_odb12/hmmer_output/45947at543.out --cpu 1 /home/simonedassisi/velvet-1.2.10/busco_downloads/lineages/enterobacteriaceae_odb12/hmms/45947at543.hmm results/BUSCO_output_velveth21/prodigal_output/predicted_genes/predicted.faa 
# Current dir:     /home/simonedassisi/velvet-1.2.10
# Date:            Wed Apr  2 19:24:03 2025
# [ok]
