#                                                                                                          --- full sequence --- -------------- this domain -------------   hmm coord   ali coord   env coord
# target name                                      accession   tlen query name           accession   qlen   E-value  score  bias   #  of  c-Evalue  i-Evalue  score  bias  from    to  from    to  from    to  acc description of target
#                              ------------------- ---------- ----- -------------------- ---------- ----- --------- ------ ----- --- --- --------- --------- ------ ----- ----- ----- ----- ----- ----- ----- ---- ---------------------
NODE_2185_length_35330_cov_74.210983:31020-31625|- -            202 4715                 -            200  8.4e-118  389.4   0.0   1   1  1.4e-120  9.4e-118  389.3   0.0     1   200     1   200     1   200 0.99 NODE_2185_length_35330_cov_74.210983_36 # 31020 # 31625 # -1 # ID=1088_36;partial=00;start_type=ATG;rbs_motif=GGA/GAG/AGG;rbs_spacer=5-10bp;gc_cont=0.517
NODE_1434_length_95894_cov_75.275742:56234-56761|- -            176 4715                 -            200   3.3e-06   25.1   0.0   1   1   5.7e-09   3.7e-06   25.0   0.0    25   151     5   131     2   174 0.76 NODE_1434_length_95894_cov_75.275742_44 # 56234 # 56761 # -1 # ID=631_44;partial=00;start_type=TTG;rbs_motif=GGxGG;rbs_spacer=5-10bp;gc_cont=0.506
NODE_1155_length_53173_cov_69.651268:33220-33861|+ -            214 4715                 -            200   9.8e-06   23.6   0.1   1   2   5.1e-05     0.033   12.1   0.0    24    54     4    34     2    41 0.90 NODE_1155_length_53173_cov_69.651268_27 # 33220 # 33861 # 1 # ID=488_27;partial=00;start_type=ATG;rbs_motif=GGA/GAG/AGG;rbs_spacer=11-12bp;gc_cont=0.488
NODE_1155_length_53173_cov_69.651268:33220-33861|+ -            214 4715                 -            200   9.8e-06   23.6   0.1   2   2   0.00034      0.22    9.4   0.0   121   145   127   151   123   170 0.82 NODE_1155_length_53173_cov_69.651268_27 # 33220 # 33861 # 1 # ID=488_27;partial=00;start_type=ATG;rbs_motif=GGA/GAG/AGG;rbs_spacer=11-12bp;gc_cont=0.488
NODE_1027_length_13244_cov_75.027863:8414-11236|+  -            941 4715                 -            200    0.0037   15.2   0.0   1   2    0.0012       0.8    7.6   0.0    28    45    24    41    14    60 0.81 NODE_1027_length_13244_cov_75.027863_9 # 8414 # 11236 # 1 # ID=432_9;partial=00;start_type=ATG;rbs_motif=GGA/GAG/AGG;rbs_spacer=5-10bp;gc_cont=0.556
NODE_1027_length_13244_cov_75.027863:8414-11236|+  -            941 4715                 -            200    0.0037   15.2   0.0   2   2    0.0092       6.1    4.7   0.0    32    46   637   651   630   663 0.84 NODE_1027_length_13244_cov_75.027863_9 # 8414 # 11236 # 1 # ID=432_9;partial=00;start_type=ATG;rbs_motif=GGA/GAG/AGG;rbs_spacer=5-10bp;gc_cont=0.556
NODE_1434_length_95894_cov_75.275742:79646-80827|- -            394 4715                 -            200     0.012   13.5   0.0   1   1   3.1e-05      0.02   12.8   0.0    26    76   187   237   175   261 0.89 NODE_1434_length_95894_cov_75.275742_69 # 79646 # 80827 # -1 # ID=631_69;partial=00;start_type=GTG;rbs_motif=None;rbs_spacer=None;gc_cont=0.545
NODE_2159_length_50550_cov_71.258598:29935-31683|- -            583 4715                 -            200     0.021   12.8   0.0   1   1   7.1e-05     0.047   11.6   0.0    29    69   370   409   358   426 0.85 NODE_2159_length_50550_cov_71.258598_25 # 29935 # 31683 # -1 # ID=1079_25;partial=00;start_type=ATG;rbs_motif=None;rbs_spacer=None;gc_cont=0.511
NODE_634_length_3559_cov_60.855015:1929-3578|-     -            550 4715                 -            200     0.033   12.1   0.0   1   1   8.9e-05     0.059   11.3   0.0    26    67   349   389   343   396 0.87 NODE_634_length_3559_cov_60.855015_2 # 1929 # 3578 # -1 # ID=271_2;partial=01;start_type=Edge;rbs_motif=None;rbs_spacer=None;gc_cont=0.532
NODE_998_length_24344_cov_83.117935:4427-5200|+    -            258 4715                 -            200     0.034   12.1   0.0   1   1   0.00011     0.075   10.9   0.0    26    67    34    79    13    87 0.78 NODE_998_length_24344_cov_83.117935_5 # 4427 # 5200 # 1 # ID=423_5;partial=00;start_type=ATG;rbs_motif=AGGA;rbs_spacer=5-10bp;gc_cont=0.522
#
# Program:         hmmsearch
# Version:         3.4 (Aug 2023)
# Pipeline mode:   SEARCH
# Query file:      /home/simonedassisi/velvet-1.2.10/busco_downloads/lineages/enterobacteriaceae_odb12/hmms/4715at543.hmm
# Target file:     results/BUSCO_output_velveth21/prodigal_output/predicted_genes/predicted.faa
# Option settings: hmmsearch --domtblout results/BUSCO_output_velveth21/run_enterobacteriaceae_odb12/hmmer_output/4715at543.out --cpu 1 /home/simonedassisi/velvet-1.2.10/busco_downloads/lineages/enterobacteriaceae_odb12/hmms/4715at543.hmm results/BUSCO_output_velveth21/prodigal_output/predicted_genes/predicted.faa 
# Current dir:     /home/simonedassisi/velvet-1.2.10
# Date:            Wed Apr  2 19:24:03 2025
# [ok]
