#                                                                                                          --- full sequence --- -------------- this domain -------------   hmm coord   ali coord   env coord
# target name                                      accession   tlen query name           accession   qlen   E-value  score  bias   #  of  c-Evalue  i-Evalue  score  bias  from    to  from    to  from    to  acc description of target
#                              ------------------- ---------- ----- -------------------- ---------- ----- --------- ------ ----- --- --- --------- --------- ------ ----- ----- ----- ----- ----- ----- ----- ---- ---------------------
NODE_877_length_31483_cov_78.652222:15382-16137|+  -            252 4718                 -            251  1.5e-159  526.9   0.2   1   1  3.2e-162  1.7e-159  526.7   0.2     1   251     1   251     1   251 0.99 NODE_877_length_31483_cov_78.652222_15 # 15382 # 16137 # 1 # ID=369_15;partial=00;start_type=ATG;rbs_motif=AGxAGG/AGGxGG;rbs_spacer=5-10bp;gc_cont=0.521
NODE_895_length_14892_cov_65.747314:3015-3785|+    -            257 4718                 -            251   9.2e-14   49.3   0.0   1   1   2.3e-16   1.2e-13   48.9   0.0    63   174    44   151     3   163 0.86 NODE_895_length_14892_cov_65.747314_5 # 3015 # 3785 # 1 # ID=378_5;partial=00;start_type=ATG;rbs_motif=AGGA;rbs_spacer=5-10bp;gc_cont=0.490
NODE_2159_length_50550_cov_71.258598:23982-24767|- -            262 4718                 -            251   1.6e-08   32.2   0.0   1   1   4.8e-11   2.5e-08   31.5   0.0    64   170    45   149     7   171 0.87 NODE_2159_length_50550_cov_71.258598_18 # 23982 # 24767 # -1 # ID=1079_18;partial=00;start_type=ATG;rbs_motif=GGAG/GAGG;rbs_spacer=5-10bp;gc_cont=0.517
NODE_718_length_90501_cov_69.003258:42675-43418|-  -            248 4718                 -            251   3.2e-05   21.3   0.0   1   1   8.7e-08   4.6e-05   20.8   0.0    61   235    54   228    43   243 0.81 NODE_718_length_90501_cov_69.003258_41 # 42675 # 43418 # -1 # ID=299_41;partial=00;start_type=ATG;rbs_motif=GGA/GAG/AGG;rbs_spacer=5-10bp;gc_cont=0.503
NODE_1999_length_25587_cov_66.390984:15953-16708|+ -            252 4718                 -            251   0.00059   17.2   0.0   1   1   1.4e-06   0.00075   16.8   0.0    91   182    67   152     4   158 0.75 NODE_1999_length_25587_cov_66.390984_16 # 15953 # 16708 # 1 # ID=982_16;partial=00;start_type=ATG;rbs_motif=GGAGG;rbs_spacer=5-10bp;gc_cont=0.561
NODE_895_length_14892_cov_65.747314:6051-6773|+    -            241 4718                 -            251   0.00087   16.6   0.0   1   1     3e-06    0.0016   15.8   0.0   119   177    76   134    61   144 0.88 NODE_895_length_14892_cov_65.747314_8 # 6051 # 6773 # 1 # ID=378_8;partial=00;start_type=ATG;rbs_motif=GGA/GAG/AGG;rbs_spacer=5-10bp;gc_cont=0.495
NODE_644_length_31137_cov_72.486465:3913-4635|-    -            241 4718                 -            251    0.0021   15.3   0.0   1   1   4.9e-06    0.0026   15.1   0.0    54   181    47   170    10   193 0.79 NODE_644_length_31137_cov_72.486465_3 # 3913 # 4635 # -1 # ID=277_3;partial=00;start_type=ATG;rbs_motif=AGGA/GGAG/GAGG;rbs_spacer=11-12bp;gc_cont=0.539
NODE_1934_length_22848_cov_83.549324:19390-20136|- -            249 4718                 -            251     0.025   11.9   0.0   1   1   5.8e-05      0.03   11.6   0.0    62   168    35   138     9   168 0.78 NODE_1934_length_22848_cov_83.549324_19 # 19390 # 20136 # -1 # ID=928_19;partial=00;start_type=ATG;rbs_motif=AGGA;rbs_spacer=5-10bp;gc_cont=0.590
NODE_1520_length_13881_cov_67.268860:480-1490|-    -            337 4718                 -            251     0.061   10.6   1.0   1   3       2.3   1.2e+03   -3.5   0.1    69    96    40    67    33    71 0.82 NODE_1520_length_13881_cov_67.268860_2 # 480 # 1490 # -1 # ID=684_2;partial=00;start_type=ATG;rbs_motif=AGGAGG;rbs_spacer=3-4bp;gc_cont=0.525
NODE_1520_length_13881_cov_67.268860:480-1490|-    -            337 4718                 -            251     0.061   10.6   1.0   2   3   0.00034      0.18    9.0   0.0    55   107   153   205   141   220 0.83 NODE_1520_length_13881_cov_67.268860_2 # 480 # 1490 # -1 # ID=684_2;partial=00;start_type=ATG;rbs_motif=AGGAGG;rbs_spacer=3-4bp;gc_cont=0.525
NODE_1520_length_13881_cov_67.268860:480-1490|-    -            337 4718                 -            251     0.061   10.6   1.0   3   3      0.43   2.3e+02   -1.1   0.0    84   114   302   332   274   334 0.71 NODE_1520_length_13881_cov_67.268860_2 # 480 # 1490 # -1 # ID=684_2;partial=00;start_type=ATG;rbs_motif=AGGAGG;rbs_spacer=3-4bp;gc_cont=0.525
NODE_596_length_15654_cov_72.501595:4504-5445|+    -            314 4718                 -            251     0.069   10.4   0.0   1   1   0.00022      0.12    9.7   0.0   144   172   214   242   181   254 0.81 NODE_596_length_15654_cov_72.501595_5 # 4504 # 5445 # 1 # ID=258_5;partial=00;start_type=ATG;rbs_motif=4Base/6BMM;rbs_spacer=13-15bp;gc_cont=0.554
#
# Program:         hmmsearch
# Version:         3.4 (Aug 2023)
# Pipeline mode:   SEARCH
# Query file:      /home/simonedassisi/velvet-1.2.10/busco_downloads/lineages/enterobacteriaceae_odb12/hmms/4718at543.hmm
# Target file:     results/BUSCO_output_velveth21/prodigal_output/predicted_genes/predicted.faa
# Option settings: hmmsearch --domtblout results/BUSCO_output_velveth21/run_enterobacteriaceae_odb12/hmmer_output/4718at543.out --cpu 1 /home/simonedassisi/velvet-1.2.10/busco_downloads/lineages/enterobacteriaceae_odb12/hmms/4718at543.hmm results/BUSCO_output_velveth21/prodigal_output/predicted_genes/predicted.faa 
# Current dir:     /home/simonedassisi/velvet-1.2.10
# Date:            Wed Apr  2 19:24:03 2025
# [ok]
