#                                                                                                           --- full sequence --- -------------- this domain -------------   hmm coord   ali coord   env coord
# target name                                       accession   tlen query name           accession   qlen   E-value  score  bias   #  of  c-Evalue  i-Evalue  score  bias  from    to  from    to  from    to  acc description of target
#                               ------------------- ---------- ----- -------------------- ---------- ----- --------- ------ ----- --- --- --------- --------- ------ ----- ----- ----- ----- ----- ----- ----- ---- ---------------------
NODE_1420_length_27396_cov_73.038727:21201-22553|+  -            451 47977                -            450  3.7e-302 1000.1   3.1   1   1    1e-304  4.1e-302 1000.0   3.1     1   450     1   450     1   450 1.00 NODE_1420_length_27396_cov_73.038727_17 # 21201 # 22553 # 1 # ID=628_17;partial=00;start_type=ATG;rbs_motif=AGGA;rbs_spacer=5-10bp;gc_cont=0.538
NODE_592_length_39318_cov_75.666641:26164-27588|+   -            475 47977                -            450   1.4e-51  174.2   3.6   1   1   4.7e-54   1.9e-51  173.7   3.6     7   444     9   450     4   454 0.90 NODE_592_length_39318_cov_75.666641_24 # 26164 # 27588 # 1 # ID=257_24;partial=00;start_type=ATG;rbs_motif=GGAG/GAGG;rbs_spacer=5-10bp;gc_cont=0.529
NODE_2487_length_42213_cov_77.013382:35305-36705|-  -            467 47977                -            450   1.7e-50  170.6   0.5   1   1   5.3e-53   2.1e-50  170.3   0.5     4   446     6   454     1   457 0.90 NODE_2487_length_42213_cov_77.013382_28 # 35305 # 36705 # -1 # ID=1291_28;partial=00;start_type=ATG;rbs_motif=GGA/GAG/AGG;rbs_spacer=11-12bp;gc_cont=0.520
NODE_1229_length_78306_cov_70.440285:36854-38179|-  -            442 47977                -            450   3.3e-48  163.1   4.7   1   1     2e-48   8.1e-46  155.2   4.7     4   445     3   432     1   436 0.88 NODE_1229_length_78306_cov_70.440285_34 # 36854 # 38179 # -1 # ID=529_34;partial=00;start_type=ATG;rbs_motif=AGGA;rbs_spacer=5-10bp;gc_cont=0.456
NODE_1441_length_52686_cov_76.197510:22801-25344|+  -            848 47977                -            450   9.9e-15   52.7   0.0   1   1   4.1e-17   1.7e-14   52.0   0.0   126   307    96   285    62   305 0.80 NODE_1441_length_52686_cov_76.197510_28 # 22801 # 25344 # 1 # ID=633_28;partial=00;start_type=ATG;rbs_motif=GGAG/GAGG;rbs_spacer=5-10bp;gc_cont=0.546
NODE_1709_length_68036_cov_72.575531:15607-16572|+  -            322 47977                -            450   1.9e-12   45.2   0.2   1   2       3.9   1.6e+03   -4.0   0.0     2    40     4    42     4    46 0.76 NODE_1709_length_68036_cov_72.575531_12 # 15607 # 16572 # 1 # ID=785_12;partial=00;start_type=ATG;rbs_motif=GGA/GAG/AGG;rbs_spacer=3-4bp;gc_cont=0.531
NODE_1709_length_68036_cov_72.575531:15607-16572|+  -            322 47977                -            450   1.9e-12   45.2   0.2   2   2   4.8e-15   1.9e-12   45.2   0.2   128   309   102   293    66   309 0.75 NODE_1709_length_68036_cov_72.575531_12 # 15607 # 16572 # 1 # ID=785_12;partial=00;start_type=ATG;rbs_motif=GGA/GAG/AGG;rbs_spacer=3-4bp;gc_cont=0.531
NODE_2203_length_18352_cov_67.631538:9006-10139|-   -            378 47977                -            450   1.1e-10   39.4   0.0   1   1   3.6e-13   1.5e-10   39.0   0.0   119   305    87   275    78   308 0.80 NODE_2203_length_18352_cov_67.631538_9 # 9006 # 10139 # -1 # ID=1097_9;partial=00;start_type=ATG;rbs_motif=GGAGG;rbs_spacer=3-4bp;gc_cont=0.540
NODE_1082_length_35501_cov_69.030113:30304-31899|+  -            532 47977                -            450   2.4e-08   31.7   1.6   1   2       1.3   5.3e+02   -2.4   0.0     4    40   222   257   220   306 0.73 NODE_1082_length_35501_cov_69.030113_28 # 30304 # 31899 # 1 # ID=452_28;partial=00;start_type=ATG;rbs_motif=GGAG/GAGG;rbs_spacer=5-10bp;gc_cont=0.527
NODE_1082_length_35501_cov_69.030113:30304-31899|+  -            532 47977                -            450   2.4e-08   31.7   1.6   2   2   6.1e-11   2.5e-08   31.6   0.6   121   318   313   512   251   523 0.74 NODE_1082_length_35501_cov_69.030113_28 # 30304 # 31899 # 1 # ID=452_28;partial=00;start_type=ATG;rbs_motif=GGAG/GAGG;rbs_spacer=5-10bp;gc_cont=0.527
NODE_1852_length_52597_cov_77.721466:18040-21138|+  -           1033 47977                -            450   7.2e-05   20.2   0.3   1   1   4.9e-07    0.0002   18.8   0.3   245   326   769   848   626   894 0.82 NODE_1852_length_52597_cov_77.721466_15 # 18040 # 21138 # 1 # ID=868_15;partial=00;start_type=ATG;rbs_motif=AGGAG;rbs_spacer=5-10bp;gc_cont=0.522
NODE_2145_length_112275_cov_77.552353:41856-43274|- -            473 47977                -            450    0.0008   16.8   0.1   1   2     0.027        11    3.1   0.0   164   199   143   178   132   202 0.89 NODE_2145_length_112275_cov_77.552353_40 # 41856 # 43274 # -1 # ID=1072_40;partial=00;start_type=ATG;rbs_motif=GGA/GAG/AGG;rbs_spacer=5-10bp;gc_cont=0.558
NODE_2145_length_112275_cov_77.552353:41856-43274|- -            473 47977                -            450    0.0008   16.8   0.1   2   2   9.5e-05     0.039   11.2   0.0   253   327   391   468   362   470 0.84 NODE_2145_length_112275_cov_77.552353_40 # 41856 # 43274 # -1 # ID=1072_40;partial=00;start_type=ATG;rbs_motif=GGA/GAG/AGG;rbs_spacer=5-10bp;gc_cont=0.558
NODE_1893_length_14543_cov_71.521904:4483-6462|+    -            660 47977                -            450     0.005   14.1   0.2   1   2      0.04        16    2.6   0.0   163   198   323   358   318   366 0.86 NODE_1893_length_14543_cov_71.521904_3 # 4483 # 6462 # 1 # ID=898_3;partial=00;start_type=ATG;rbs_motif=AGxAGG/AGGxGG;rbs_spacer=5-10bp;gc_cont=0.555
NODE_1893_length_14543_cov_71.521904:4483-6462|+    -            660 47977                -            450     0.005   14.1   0.2   2   2   0.00048       0.2    8.9   0.0   254   322   573   644   565   650 0.83 NODE_1893_length_14543_cov_71.521904_3 # 4483 # 6462 # 1 # ID=898_3;partial=00;start_type=ATG;rbs_motif=AGxAGG/AGGxGG;rbs_spacer=5-10bp;gc_cont=0.555
NODE_1420_length_27396_cov_73.038727:11287-12489|-  -            401 47977                -            450     0.019   12.3   0.2   1   2       0.2        81    0.3   0.1     4    36     3    35     1    46 0.86 NODE_1420_length_27396_cov_73.038727_9 # 11287 # 12489 # -1 # ID=628_9;partial=00;start_type=GTG;rbs_motif=AGGAG;rbs_spacer=5-10bp;gc_cont=0.547
NODE_1420_length_27396_cov_73.038727:11287-12489|-  -            401 47977                -            450     0.019   12.3   0.2   2   2    0.0003      0.12    9.6   0.0   121   173   141   192   120   198 0.90 NODE_1420_length_27396_cov_73.038727_9 # 11287 # 12489 # -1 # ID=628_9;partial=00;start_type=GTG;rbs_motif=AGGAG;rbs_spacer=5-10bp;gc_cont=0.547
NODE_1852_length_52597_cov_77.721466:30981-32900|-  -            640 47977                -            450     0.022   12.0   0.0   1   2      0.11        45    1.1   0.0   168   199   311   342   304   381 0.90 NODE_1852_length_52597_cov_77.721466_23 # 30981 # 32900 # -1 # ID=868_23;partial=00;start_type=ATG;rbs_motif=GGA/GAG/AGG;rbs_spacer=5-10bp;gc_cont=0.528
NODE_1852_length_52597_cov_77.721466:30981-32900|-  -            640 47977                -            450     0.022   12.0   0.0   2   2   0.00073       0.3    8.3   0.0   254   323   556   628   550   638 0.80 NODE_1852_length_52597_cov_77.721466_23 # 30981 # 32900 # -1 # ID=868_23;partial=00;start_type=ATG;rbs_motif=GGA/GAG/AGG;rbs_spacer=5-10bp;gc_cont=0.528
#
# Program:         hmmsearch
# Version:         3.4 (Aug 2023)
# Pipeline mode:   SEARCH
# Query file:      /home/simonedassisi/velvet-1.2.10/busco_downloads/lineages/enterobacteriaceae_odb12/hmms/47977at543.hmm
# Target file:     results/BUSCO_output_velveth21/prodigal_output/predicted_genes/predicted.faa
# Option settings: hmmsearch --domtblout results/BUSCO_output_velveth21/run_enterobacteriaceae_odb12/hmmer_output/47977at543.out --cpu 1 /home/simonedassisi/velvet-1.2.10/busco_downloads/lineages/enterobacteriaceae_odb12/hmms/47977at543.hmm results/BUSCO_output_velveth21/prodigal_output/predicted_genes/predicted.faa 
# Current dir:     /home/simonedassisi/velvet-1.2.10
# Date:            Wed Apr  2 19:24:03 2025
# [ok]
