#                                                                                                          --- full sequence --- -------------- this domain -------------   hmm coord   ali coord   env coord
# target name                                      accession   tlen query name           accession   qlen   E-value  score  bias   #  of  c-Evalue  i-Evalue  score  bias  from    to  from    to  from    to  acc description of target
#                              ------------------- ---------- ----- -------------------- ---------- ----- --------- ------ ----- --- --- --------- --------- ------ ----- ----- ----- ----- ----- ----- ----- ---- ---------------------
NODE_2031_length_15140_cov_83.574440:6933-7754|+   -            274 5017                 -            270  3.6e-167  552.5   0.0   1   1  9.1e-170    4e-167  552.3   0.0     1   270     1   273     1   273 0.99 NODE_2031_length_15140_cov_83.574440_9 # 6933 # 7754 # 1 # ID=1003_9;partial=00;start_type=ATG;rbs_motif=GGAG/GAGG;rbs_spacer=5-10bp;gc_cont=0.532
NODE_1155_length_53173_cov_69.651268:43691-44179|+ -            163 5017                 -            270   1.4e-20   71.8   1.8   1   1   3.7e-23   1.6e-20   71.5   1.8   113   243    20   158    13   162 0.81 NODE_1155_length_53173_cov_69.651268_35 # 43691 # 44179 # 1 # ID=488_35;partial=00;start_type=ATG;rbs_motif=GGxGG;rbs_spacer=5-10bp;gc_cont=0.534
NODE_22_length_21196_cov_74.466599:18005-18556|+   -            184 5017                 -            270   3.5e-06   24.5   1.4   1   1   9.8e-09   4.3e-06   24.3   1.4   195   246   131   182    81   183 0.78 NODE_22_length_21196_cov_74.466599_16 # 18005 # 18556 # 1 # ID=6_16;partial=00;start_type=ATG;rbs_motif=GGAGG;rbs_spacer=5-10bp;gc_cont=0.482
NODE_2305_length_33814_cov_83.113121:26260-27630|+ -            457 5017                 -            270   5.2e-05   20.7   7.6   1   3   0.00078      0.34    8.2   0.1   199   230   271   302   267   318 0.88 NODE_2305_length_33814_cov_83.113121_26 # 26260 # 27630 # 1 # ID=1155_26;partial=00;start_type=ATG;rbs_motif=AGGA;rbs_spacer=5-10bp;gc_cont=0.530
NODE_2305_length_33814_cov_83.113121:26260-27630|+ -            457 5017                 -            270   5.2e-05   20.7   7.6   2   3     0.048        21    2.3   0.1   208   226   366   384   350   388 0.83 NODE_2305_length_33814_cov_83.113121_26 # 26260 # 27630 # 1 # ID=1155_26;partial=00;start_type=ATG;rbs_motif=AGGA;rbs_spacer=5-10bp;gc_cont=0.530
NODE_2305_length_33814_cov_83.113121:26260-27630|+ -            457 5017                 -            270   5.2e-05   20.7   7.6   3   3   3.9e-05     0.017   12.5   0.5   195   237   396   438   388   447 0.88 NODE_2305_length_33814_cov_83.113121_26 # 26260 # 27630 # 1 # ID=1155_26;partial=00;start_type=ATG;rbs_motif=AGGA;rbs_spacer=5-10bp;gc_cont=0.530
NODE_1596_length_2055_cov_87.700729:1655-2074|+    -            140 5017                 -            270   0.00045   17.6   3.8   1   2      0.12        54    1.0   0.0   168   206    52    70    30    88 0.57 NODE_1596_length_2055_cov_87.700729_2 # 1655 # 2074 # 1 # ID=723_2;partial=01;start_type=ATG;rbs_motif=AGGAG/GGAGG;rbs_spacer=11-12bp;gc_cont=0.455
NODE_1596_length_2055_cov_87.700729:1655-2074|+    -            140 5017                 -            270   0.00045   17.6   3.8   2   2   2.5e-06    0.0011   16.3   2.7   197   231   101   134    62   140 0.78 NODE_1596_length_2055_cov_87.700729_2 # 1655 # 2074 # 1 # ID=723_2;partial=01;start_type=ATG;rbs_motif=AGGAG/GGAGG;rbs_spacer=11-12bp;gc_cont=0.455
NODE_1560_length_350_cov_96.677139:2-337|-         -            112 5017                 -            270   0.00048   17.5   0.0   1   1   1.4e-06   0.00061   17.2   0.0   122   161    68   107    31   109 0.84 NODE_1560_length_350_cov_96.677139_1 # 2 # 337 # -1 # ID=704_1;partial=10;start_type=ATG;rbs_motif=GGA/GAG/AGG;rbs_spacer=5-10bp;gc_cont=0.426
NODE_1155_length_53173_cov_69.651268:47349-47897|+ -            183 5017                 -            270     0.007   13.7   0.9   1   1   3.3e-05     0.014   12.7   0.9   158   246    88   177    51   182 0.70 NODE_1155_length_53173_cov_69.651268_39 # 47349 # 47897 # 1 # ID=488_39;partial=00;start_type=ATG;rbs_motif=GGA/GAG/AGG;rbs_spacer=5-10bp;gc_cont=0.481
NODE_2423_length_37281_cov_72.162392:21052-21642|- -            197 5017                 -            270    0.0094   13.3   1.1   1   2      0.84   3.7e+02   -1.8   0.0   198   237    33    74    28    85 0.68 NODE_2423_length_37281_cov_72.162392_18 # 21052 # 21642 # -1 # ID=1244_18;partial=00;start_type=ATG;rbs_motif=AGGAGG;rbs_spacer=3-4bp;gc_cont=0.503
NODE_2423_length_37281_cov_72.162392:21052-21642|- -            197 5017                 -            270    0.0094   13.3   1.1   2   2   3.9e-05     0.017   12.4   0.4   195   251    90   148    70   161 0.84 NODE_2423_length_37281_cov_72.162392_18 # 21052 # 21642 # -1 # ID=1244_18;partial=00;start_type=ATG;rbs_motif=AGGAGG;rbs_spacer=3-4bp;gc_cont=0.503
NODE_1204_length_64359_cov_77.399834:46144-47169|+ -            342 5017                 -            270     0.021   12.2  20.7   1   2   0.00047      0.21    8.9   4.3   145   226    95   178    80   182 0.72 NODE_1204_length_64359_cov_77.399834_40 # 46144 # 47169 # 1 # ID=516_40;partial=00;start_type=ATG;rbs_motif=GGA/GAG/AGG;rbs_spacer=11-12bp;gc_cont=0.529
NODE_1204_length_64359_cov_77.399834:46144-47169|+ -            342 5017                 -            270     0.021   12.2  20.7   2   2   0.00081      0.36    8.1   8.5   149   239   208   305   191   326 0.75 NODE_1204_length_64359_cov_77.399834_40 # 46144 # 47169 # 1 # ID=516_40;partial=00;start_type=ATG;rbs_motif=GGA/GAG/AGG;rbs_spacer=11-12bp;gc_cont=0.529
NODE_286_length_41180_cov_81.233269:40393-40947|-  -            185 5017                 -            270      0.15    9.4   5.8   1   2      0.01       4.5    4.5   0.4   149   182    14    45     9    75 0.66 NODE_286_length_41180_cov_81.233269_61 # 40393 # 40947 # -1 # ID=82_61;partial=00;start_type=ATG;rbs_motif=GGAG/GAGG;rbs_spacer=5-10bp;gc_cont=0.488
NODE_286_length_41180_cov_81.233269:40393-40947|-  -            185 5017                 -            270      0.15    9.4   5.8   2   2    0.0012      0.53    7.6   0.7   194   228    98   132    78   161 0.82 NODE_286_length_41180_cov_81.233269_61 # 40393 # 40947 # -1 # ID=82_61;partial=00;start_type=ATG;rbs_motif=GGAG/GAGG;rbs_spacer=5-10bp;gc_cont=0.488
NODE_1204_length_64359_cov_77.399834:30438-31262|- -            275 5017                 -            270      0.31    8.3   4.0   1   2   0.00092      0.41    7.9   2.8   148   229   132   211   115   222 0.85 NODE_1204_length_64359_cov_77.399834_26 # 30438 # 31262 # -1 # ID=516_26;partial=00;start_type=ATG;rbs_motif=GGA/GAG/AGG;rbs_spacer=5-10bp;gc_cont=0.531
NODE_1204_length_64359_cov_77.399834:30438-31262|- -            275 5017                 -            270      0.31    8.3   4.0   2   2      0.25   1.1e+02   -0.0   0.0   197   234   203   242   202   262 0.58 NODE_1204_length_64359_cov_77.399834_26 # 30438 # 31262 # -1 # ID=516_26;partial=00;start_type=ATG;rbs_motif=GGA/GAG/AGG;rbs_spacer=5-10bp;gc_cont=0.531
NODE_1204_length_64359_cov_77.399834:47733-48521|+ -            263 5017                 -            270       4.8    4.4   9.2   1   2    0.0088       3.9    4.7   0.9   195   243    13    62     3    89 0.76 NODE_1204_length_64359_cov_77.399834_42 # 47733 # 48521 # 1 # ID=516_42;partial=00;start_type=GTG;rbs_motif=GGAGG;rbs_spacer=5-10bp;gc_cont=0.532
NODE_1204_length_64359_cov_77.399834:47733-48521|+ -            263 5017                 -            270       4.8    4.4   9.2   2   2     0.015       6.7    3.9   2.1   193   241   144   192    84   200 0.84 NODE_1204_length_64359_cov_77.399834_42 # 47733 # 48521 # 1 # ID=516_42;partial=00;start_type=GTG;rbs_motif=GGAGG;rbs_spacer=5-10bp;gc_cont=0.532
#
# Program:         hmmsearch
# Version:         3.4 (Aug 2023)
# Pipeline mode:   SEARCH
# Query file:      /home/simonedassisi/velvet-1.2.10/busco_downloads/lineages/enterobacteriaceae_odb12/hmms/5017at543.hmm
# Target file:     results/BUSCO_output_velveth21/prodigal_output/predicted_genes/predicted.faa
# Option settings: hmmsearch --domtblout results/BUSCO_output_velveth21/run_enterobacteriaceae_odb12/hmmer_output/5017at543.out --cpu 1 /home/simonedassisi/velvet-1.2.10/busco_downloads/lineages/enterobacteriaceae_odb12/hmms/5017at543.hmm results/BUSCO_output_velveth21/prodigal_output/predicted_genes/predicted.faa 
# Current dir:     /home/simonedassisi/velvet-1.2.10
# Date:            Wed Apr  2 19:24:04 2025
# [ok]
