#                                                                                                             --- full sequence --- -------------- this domain -------------   hmm coord   ali coord   env coord
# target name                                         accession   tlen query name           accession   qlen   E-value  score  bias   #  of  c-Evalue  i-Evalue  score  bias  from    to  from    to  from    to  acc description of target
#                                 ------------------- ---------- ----- -------------------- ---------- ----- --------- ------ ----- --- --- --------- --------- ------ ----- ----- ----- ----- ----- ----- ----- ---- ---------------------
NODE_1253_length_7625_cov_68.889442:3946-4524|+       -            193 5215                 -            193  6.2e-118  389.4   0.9   1   1    1e-120  6.9e-118  389.3   0.9     1   192     1   192     1   192 1.00 NODE_1253_length_7625_cov_68.889442_4 # 3946 # 4524 # 1 # ID=540_4;partial=00;start_type=ATG;rbs_motif=AGGA;rbs_spacer=5-10bp;gc_cont=0.508
NODE_2145_length_112275_cov_77.552353:106199-106789|- -            197 5215                 -            193   1.4e-42  143.6   0.0   1   1   2.6e-45   1.7e-42  143.3   0.0    20   189    17   189     2   192 0.91 NODE_2145_length_112275_cov_77.552353_102 # 106199 # 106789 # -1 # ID=1072_102;partial=00;start_type=GTG;rbs_motif=AGGA;rbs_spacer=5-10bp;gc_cont=0.501
NODE_2145_length_112275_cov_77.552353:60220-61206|-   -            329 5215                 -            193   2.8e-06   25.2   0.1   1   2       2.8   1.9e+03   -3.6   0.0    39    55    44    60    32    65 0.73 NODE_2145_length_112275_cov_77.552353_56 # 60220 # 61206 # -1 # ID=1072_56;partial=00;start_type=ATG;rbs_motif=GGA/GAG/AGG;rbs_spacer=5-10bp;gc_cont=0.520
NODE_2145_length_112275_cov_77.552353:60220-61206|-   -            329 5215                 -            193   2.8e-06   25.2   0.1   2   2     1e-08   6.7e-06   24.0   0.0   111   166    96   151    91   155 0.93 NODE_2145_length_112275_cov_77.552353_56 # 60220 # 61206 # -1 # ID=1072_56;partial=00;start_type=ATG;rbs_motif=GGA/GAG/AGG;rbs_spacer=5-10bp;gc_cont=0.520
NODE_1044_length_78232_cov_76.088036:48979-49869|+    -            297 5215                 -            193     3e-06   25.1   0.1   1   1   1.2e-08   7.7e-06   23.8   0.1   108   163   185   240   177   244 0.93 NODE_1044_length_78232_cov_76.088036_46 # 48979 # 49869 # 1 # ID=438_46;partial=00;start_type=ATG;rbs_motif=GGA/GAG/AGG;rbs_spacer=5-10bp;gc_cont=0.473
NODE_215_length_65836_cov_69.504402:17774-18631|+     -            286 5215                 -            193   0.00024   18.9   0.3   1   2       1.6   1.1e+03   -2.8   0.0     9    29    13    31     9    59 0.63 NODE_215_length_65836_cov_69.504402_20 # 17774 # 18631 # 1 # ID=52_20;partial=00;start_type=ATG;rbs_motif=AGGAG;rbs_spacer=5-10bp;gc_cont=0.513
NODE_215_length_65836_cov_69.504402:17774-18631|+     -            286 5215                 -            193   0.00024   18.9   0.3   2   2   9.2e-07   0.00061   17.6   0.0   109   149   180   220   168   232 0.85 NODE_215_length_65836_cov_69.504402_20 # 17774 # 18631 # 1 # ID=52_20;partial=00;start_type=ATG;rbs_motif=AGGAG;rbs_spacer=5-10bp;gc_cont=0.513
NODE_718_length_90501_cov_69.003258:58599-59468|-     -            290 5215                 -            193    0.0019   16.0   0.0   1   1   5.7e-06    0.0038   15.0   0.0   109   161   173   224   155   249 0.80 NODE_718_length_90501_cov_69.003258_58 # 58599 # 59468 # -1 # ID=299_58;partial=00;start_type=ATG;rbs_motif=GGA/GAG/AGG;rbs_spacer=11-12bp;gc_cont=0.490
NODE_215_length_65836_cov_69.504402:16714-17610|-     -            299 5215                 -            193     0.013   13.2   0.0   1   1   4.5e-05      0.03   12.0   0.0   111   160   131   180   125   186 0.93 NODE_215_length_65836_cov_69.504402_19 # 16714 # 17610 # -1 # ID=52_19;partial=00;start_type=ATG;rbs_motif=GGA/GAG/AGG;rbs_spacer=5-10bp;gc_cont=0.538
NODE_1441_length_52686_cov_76.197510:30059-31081|+    -            341 5215                 -            193     0.044   11.5   0.0   1   1   0.00013     0.086   10.5   0.0   115   183    96   160    90   168 0.85 NODE_1441_length_52686_cov_76.197510_34 # 30059 # 31081 # 1 # ID=633_34;partial=00;start_type=ATG;rbs_motif=GGAG/GAGG;rbs_spacer=5-10bp;gc_cont=0.548
#
# Program:         hmmsearch
# Version:         3.4 (Aug 2023)
# Pipeline mode:   SEARCH
# Query file:      /home/simonedassisi/velvet-1.2.10/busco_downloads/lineages/enterobacteriaceae_odb12/hmms/5215at543.hmm
# Target file:     results/BUSCO_output_velveth21/prodigal_output/predicted_genes/predicted.faa
# Option settings: hmmsearch --domtblout results/BUSCO_output_velveth21/run_enterobacteriaceae_odb12/hmmer_output/5215at543.out --cpu 1 /home/simonedassisi/velvet-1.2.10/busco_downloads/lineages/enterobacteriaceae_odb12/hmms/5215at543.hmm results/BUSCO_output_velveth21/prodigal_output/predicted_genes/predicted.faa 
# Current dir:     /home/simonedassisi/velvet-1.2.10
# Date:            Wed Apr  2 19:24:05 2025
# [ok]
