#                                                                                                          --- full sequence --- -------------- this domain -------------   hmm coord   ali coord   env coord
# target name                                      accession   tlen query name           accession   qlen   E-value  score  bias   #  of  c-Evalue  i-Evalue  score  bias  from    to  from    to  from    to  acc description of target
#                              ------------------- ---------- ----- -------------------- ---------- ----- --------- ------ ----- --- --- --------- --------- ------ ----- ----- ----- ----- ----- ----- ----- ---- ---------------------
NODE_881_length_18377_cov_77.437286:12831-13547|+  -            239 526                  -            237  2.1e-129  428.0   0.0   1   1  3.5e-132  2.3e-129  427.9   0.0     1   237     1   238     1   238 0.99 NODE_881_length_18377_cov_77.437286_14 # 12831 # 13547 # 1 # ID=371_14;partial=00;start_type=ATG;rbs_motif=GGxGG;rbs_spacer=5-10bp;gc_cont=0.558
NODE_2129_length_51924_cov_72.758377:4988-5665|+   -            226 526                  -            237   1.3e-12   45.7   0.0   1   1   2.7e-15   1.8e-12   45.2   0.0   130   236   112   221    65   222 0.83 NODE_2129_length_51924_cov_72.758377_8 # 4988 # 5665 # 1 # ID=1066_8;partial=00;start_type=ATG;rbs_motif=AGxAGG/AGGxGG;rbs_spacer=3-4bp;gc_cont=0.525
NODE_1441_length_52686_cov_76.197510:42401-43159|- -            253 526                  -            237   4.9e-07   27.4   0.0   1   2    0.0078       5.1    4.5   0.0     7    32     4    29     1    38 0.79 NODE_1441_length_52686_cov_76.197510_47 # 42401 # 43159 # -1 # ID=633_47;partial=00;start_type=ATG;rbs_motif=GGA/GAG/AGG;rbs_spacer=5-10bp;gc_cont=0.530
NODE_1441_length_52686_cov_76.197510:42401-43159|- -            253 526                  -            237   4.9e-07   27.4   0.0   2   2   7.8e-08   5.2e-05   20.8   0.0   120   201   118   204   113   213 0.77 NODE_1441_length_52686_cov_76.197510_47 # 42401 # 43159 # -1 # ID=633_47;partial=00;start_type=ATG;rbs_motif=GGA/GAG/AGG;rbs_spacer=5-10bp;gc_cont=0.530
NODE_2154_length_30944_cov_68.453339:30234-30800|- -            189 526                  -            237   7.7e-06   23.5   0.1   1   2     0.011       7.2    4.0   0.0    10    83     5    82     2    88 0.62 NODE_2154_length_30944_cov_68.453339_33 # 30234 # 30800 # -1 # ID=1078_33;partial=00;start_type=ATG;rbs_motif=GGA/GAG/AGG;rbs_spacer=5-10bp;gc_cont=0.536
NODE_2154_length_30944_cov_68.453339:30234-30800|- -            189 526                  -            237   7.7e-06   23.5   0.1   2   2   6.8e-07   0.00045   17.7   0.0   141   205   120   183   102   187 0.87 NODE_2154_length_30944_cov_68.453339_33 # 30234 # 30800 # -1 # ID=1078_33;partial=00;start_type=ATG;rbs_motif=GGA/GAG/AGG;rbs_spacer=5-10bp;gc_cont=0.536
NODE_998_length_24344_cov_83.117935:15357-16022|-  -            222 526                  -            237   1.6e-05   22.5   0.0   1   2    0.0054       3.6    5.0   0.0     8    32     2    26     1    38 0.85 NODE_998_length_24344_cov_83.117935_15 # 15357 # 16022 # -1 # ID=423_15;partial=00;start_type=ATG;rbs_motif=AGGA;rbs_spacer=5-10bp;gc_cont=0.483
NODE_998_length_24344_cov_83.117935:15357-16022|-  -            222 526                  -            237   1.6e-05   22.5   0.0   2   2     3e-06     0.002   15.6   0.0   128   232   101   210    54   213 0.75 NODE_998_length_24344_cov_83.117935_15 # 15357 # 16022 # -1 # ID=423_15;partial=00;start_type=ATG;rbs_motif=AGGA;rbs_spacer=5-10bp;gc_cont=0.483
NODE_1062_length_63423_cov_73.241127:34921-35673|- -            251 526                  -            237     0.037   11.5   0.0   1   1   0.00011     0.071   10.5   0.0   163   207   176   220   166   235 0.84 NODE_1062_length_63423_cov_73.241127_32 # 34921 # 35673 # -1 # ID=442_32;partial=00;start_type=ATG;rbs_motif=None;rbs_spacer=None;gc_cont=0.537
NODE_184_length_6556_cov_74.450729:2920-3588|-     -            223 526                  -            237     0.056   10.9   0.0   1   2     0.024        16    2.9   0.0     8    38     5    35     2    46 0.88 NODE_184_length_6556_cov_74.450729_4 # 2920 # 3588 # -1 # ID=44_4;partial=00;start_type=ATG;rbs_motif=AGGAG;rbs_spacer=5-10bp;gc_cont=0.514
NODE_184_length_6556_cov_74.450729:2920-3588|-     -            223 526                  -            237     0.056   10.9   0.0   2   2    0.0022       1.5    6.2   0.0   142   195   127   180    74   218 0.79 NODE_184_length_6556_cov_74.450729_4 # 2920 # 3588 # -1 # ID=44_4;partial=00;start_type=ATG;rbs_motif=AGGAG;rbs_spacer=5-10bp;gc_cont=0.514
NODE_666_length_18969_cov_76.638199:14228-14878|+  -            217 526                  -            237     0.059   10.8   0.0   1   2     0.016        11    3.4   0.0    12    33     5    26     1    77 0.87 NODE_666_length_18969_cov_76.638199_17 # 14228 # 14878 # 1 # ID=285_17;partial=00;start_type=GTG;rbs_motif=AGGAG;rbs_spacer=5-10bp;gc_cont=0.564
NODE_666_length_18969_cov_76.638199:14228-14878|+  -            217 526                  -            237     0.059   10.8   0.0   2   2    0.0029       1.9    5.8   0.0   156   195   131   169    88   201 0.77 NODE_666_length_18969_cov_76.638199_17 # 14228 # 14878 # 1 # ID=285_17;partial=00;start_type=GTG;rbs_motif=AGGAG;rbs_spacer=5-10bp;gc_cont=0.564
#
# Program:         hmmsearch
# Version:         3.4 (Aug 2023)
# Pipeline mode:   SEARCH
# Query file:      /home/simonedassisi/velvet-1.2.10/busco_downloads/lineages/enterobacteriaceae_odb12/hmms/526at543.hmm
# Target file:     results/BUSCO_output_velveth21/prodigal_output/predicted_genes/predicted.faa
# Option settings: hmmsearch --domtblout results/BUSCO_output_velveth21/run_enterobacteriaceae_odb12/hmmer_output/526at543.out --cpu 1 /home/simonedassisi/velvet-1.2.10/busco_downloads/lineages/enterobacteriaceae_odb12/hmms/526at543.hmm results/BUSCO_output_velveth21/prodigal_output/predicted_genes/predicted.faa 
# Current dir:     /home/simonedassisi/velvet-1.2.10
# Date:            Wed Apr  2 19:24:05 2025
# [ok]
