#                                                                                                           --- full sequence --- -------------- this domain -------------   hmm coord   ali coord   env coord
# target name                                       accession   tlen query name           accession   qlen   E-value  score  bias   #  of  c-Evalue  i-Evalue  score  bias  from    to  from    to  from    to  acc description of target
#                               ------------------- ---------- ----- -------------------- ---------- ----- --------- ------ ----- --- --- --------- --------- ------ ----- ----- ----- ----- ----- ----- ----- ---- ---------------------
NODE_2129_length_51924_cov_72.758377:5729-7345|+    -            539 5420                 -            528         0 1190.2   0.2   1   1         0         0 1190.0   0.2     2   528    12   538    11   538 1.00 NODE_2129_length_51924_cov_72.758377_9 # 5729 # 7345 # 1 # ID=1066_9;partial=00;start_type=ATG;rbs_motif=None;rbs_spacer=None;gc_cont=0.533
NODE_1441_length_52686_cov_76.197510:190-2304|-     -            705 5420                 -            528   4.5e-43  145.6   0.4   1   1   9.5e-46   6.3e-43  145.1   0.4     9   464     7   485     2   507 0.81 NODE_1441_length_52686_cov_76.197510_2 # 190 # 2304 # -1 # ID=633_2;partial=00;start_type=ATG;rbs_motif=GGAG/GAGG;rbs_spacer=5-10bp;gc_cont=0.509
NODE_851_length_22678_cov_82.051857:17530-19353|+   -            608 5420                 -            528   6.2e-22   75.8   0.3   1   2     1e-23   6.7e-21   72.4   0.1     9   183     2   173     1   195 0.84 NODE_851_length_22678_cov_82.051857_18 # 17530 # 19353 # 1 # ID=363_18;partial=00;start_type=GTG;rbs_motif=GGAG/GAGG;rbs_spacer=5-10bp;gc_cont=0.533
NODE_851_length_22678_cov_82.051857:17530-19353|+   -            608 5420                 -            528   6.2e-22   75.8   0.3   2   2     0.044        29    1.0   0.0   341   384   251   294   220   302 0.82 NODE_851_length_22678_cov_82.051857_18 # 17530 # 19353 # 1 # ID=363_18;partial=00;start_type=GTG;rbs_motif=GGAG/GAGG;rbs_spacer=5-10bp;gc_cont=0.533
NODE_926_length_95421_cov_71.123581:18789-20588|+   -            600 5420                 -            528   8.5e-21   72.1   0.1   1   2   4.3e-22   2.9e-19   67.0   0.2    12   164     4   154     1   172 0.89 NODE_926_length_95421_cov_71.123581_19 # 18789 # 20588 # 1 # ID=386_19;partial=00;start_type=ATG;rbs_motif=None;rbs_spacer=None;gc_cont=0.537
NODE_926_length_95421_cov_71.123581:18789-20588|+   -            600 5420                 -            528   8.5e-21   72.1   0.1   2   2     0.012       8.1    2.8   0.0   314   464   207   367   199   386 0.68 NODE_926_length_95421_cov_71.123581_19 # 18789 # 20588 # 1 # ID=386_19;partial=00;start_type=ATG;rbs_motif=None;rbs_spacer=None;gc_cont=0.537
NODE_1443_length_1047_cov_173.915955:3-1067|-       -            355 5420                 -            528   3.2e-09   33.9   0.0   1   1   6.5e-12   4.3e-09   33.4   0.0    55   162    16   122     3   140 0.89 NODE_1443_length_1047_cov_173.915955_1 # 3 # 1067 # -1 # ID=635_1;partial=11;start_type=Edge;rbs_motif=None;rbs_spacer=None;gc_cont=0.540
NODE_2145_length_112275_cov_77.552353:86456-89128|+ -            891 5420                 -            528   5.7e-08   29.8   0.0   1   1   1.4e-10   9.3e-08   29.0   0.0    72   157   429   514   393   524 0.86 NODE_2145_length_112275_cov_77.552353_83 # 86456 # 89128 # 1 # ID=1072_83;partial=00;start_type=ATG;rbs_motif=AGGA;rbs_spacer=5-10bp;gc_cont=0.535
NODE_230_length_8375_cov_67.677017:4327-6171|-      -            615 5420                 -            528   7.1e-08   29.4   0.0   1   1   1.7e-10   1.1e-07   28.8   0.0    55   162    24   130     2   143 0.85 NODE_230_length_8375_cov_67.677017_5 # 4327 # 6171 # -1 # ID=59_5;partial=00;start_type=ATG;rbs_motif=AGGA/GGAG/GAGG;rbs_spacer=11-12bp;gc_cont=0.567
NODE_2185_length_35330_cov_74.210983:31625-33052|-  -            476 5420                 -            528   3.5e-07   27.1   0.1   1   2   1.4e-09   9.1e-07   25.8   0.0    57   144    83   171    38   178 0.89 NODE_2185_length_35330_cov_74.210983_37 # 31625 # 33052 # -1 # ID=1088_37;partial=00;start_type=ATG;rbs_motif=GGA/GAG/AGG;rbs_spacer=11-12bp;gc_cont=0.543
NODE_2185_length_35330_cov_74.210983:31625-33052|-  -            476 5420                 -            528   3.5e-07   27.1   0.1   2   2      0.38   2.5e+02   -2.1   0.0   320   374   268   318   261   326 0.80 NODE_2185_length_35330_cov_74.210983_37 # 31625 # 33052 # -1 # ID=1088_37;partial=00;start_type=ATG;rbs_motif=GGA/GAG/AGG;rbs_spacer=11-12bp;gc_cont=0.543
#
# Program:         hmmsearch
# Version:         3.4 (Aug 2023)
# Pipeline mode:   SEARCH
# Query file:      /home/simonedassisi/velvet-1.2.10/busco_downloads/lineages/enterobacteriaceae_odb12/hmms/5420at543.hmm
# Target file:     results/BUSCO_output_velveth21/prodigal_output/predicted_genes/predicted.faa
# Option settings: hmmsearch --domtblout results/BUSCO_output_velveth21/run_enterobacteriaceae_odb12/hmmer_output/5420at543.out --cpu 1 /home/simonedassisi/velvet-1.2.10/busco_downloads/lineages/enterobacteriaceae_odb12/hmms/5420at543.hmm results/BUSCO_output_velveth21/prodigal_output/predicted_genes/predicted.faa 
# Current dir:     /home/simonedassisi/velvet-1.2.10
# Date:            Wed Apr  2 19:24:06 2025
# [ok]
