#                                                                                                           --- full sequence --- -------------- this domain -------------   hmm coord   ali coord   env coord
# target name                                       accession   tlen query name           accession   qlen   E-value  score  bias   #  of  c-Evalue  i-Evalue  score  bias  from    to  from    to  from    to  acc description of target
#                               ------------------- ---------- ----- -------------------- ---------- ----- --------- ------ ----- --- --- --------- --------- ------ ----- ----- ----- ----- ----- ----- ----- ---- ---------------------
NODE_1570_length_36954_cov_78.025352:25627-26907|+  -            427 5543                 -            425  1.6e-261  865.5   1.3   1   1  2.7e-264  1.8e-261  865.3   1.3     1   425     1   426     1   426 0.99 NODE_1570_length_36954_cov_78.025352_25 # 25627 # 26907 # 1 # ID=708_25;partial=00;start_type=TTG;rbs_motif=GGAG/GAGG;rbs_spacer=5-10bp;gc_cont=0.538
NODE_926_length_95421_cov_71.123581:87944-89416|+   -            491 5543                 -            425   2.5e-16   57.6   0.0   1   2   4.6e-10     3e-07   27.7   0.0   197   330     2   131     1   160 0.80 NODE_926_length_95421_cov_71.123581_77 # 87944 # 89416 # 1 # ID=386_77;partial=00;start_type=ATG;rbs_motif=GGAG/GAGG;rbs_spacer=5-10bp;gc_cont=0.520
NODE_926_length_95421_cov_71.123581:87944-89416|+   -            491 5543                 -            425   2.5e-16   57.6   0.0   2   2   4.2e-10   2.8e-07   27.8   0.0   200   361   205   372   197   385 0.78 NODE_926_length_95421_cov_71.123581_77 # 87944 # 89416 # 1 # ID=386_77;partial=00;start_type=ATG;rbs_motif=GGAG/GAGG;rbs_spacer=5-10bp;gc_cont=0.520
NODE_2145_length_112275_cov_77.552353:70717-71889|+ -            391 5543                 -            425   7.7e-12   42.8   0.0   1   1   1.5e-14     1e-11   42.4   0.0   198   396   160   369   141   373 0.79 NODE_2145_length_112275_cov_77.552353_70 # 70717 # 71889 # 1 # ID=1072_70;partial=00;start_type=ATG;rbs_motif=GGAG/GAGG;rbs_spacer=5-10bp;gc_cont=0.533
NODE_989_length_51512_cov_75.450089:2-1321|-        -            440 5543                 -            425   4.3e-06   23.9   0.2   1   1   8.6e-09   5.7e-06   23.5   0.2   169   360   191   375   155   405 0.83 NODE_989_length_51512_cov_75.450089_1 # 2 # 1321 # -1 # ID=419_1;partial=10;start_type=ATG;rbs_motif=AGGA;rbs_spacer=5-10bp;gc_cont=0.567
NODE_482_length_21709_cov_69.527618:20585-21676|+   -            364 5543                 -            425     6e-06   23.4   0.0   1   1   1.4e-08   9.2e-06   22.8   0.0   202   243     7    48     4    70 0.80 NODE_482_length_21709_cov_69.527618_23 # 20585 # 21676 # 1 # ID=196_23;partial=00;start_type=ATG;rbs_motif=GGA/GAG/AGG;rbs_spacer=11-12bp;gc_cont=0.510
NODE_926_length_95421_cov_71.123581:22527-23432|+   -            302 5543                 -            425   1.5e-05   22.1   0.1   1   1     3e-08     2e-05   21.7   0.1   199   362    10   174     2   204 0.81 NODE_926_length_95421_cov_71.123581_22 # 22527 # 23432 # 1 # ID=386_22;partial=00;start_type=ATG;rbs_motif=GGAG/GAGG;rbs_spacer=5-10bp;gc_cont=0.523
NODE_1434_length_95894_cov_75.275742:16477-18798|+  -            774 5543                 -            425   8.2e-05   19.7   0.0   1   1   2.3e-07   0.00015   18.8   0.0   199   360     5   166     2   184 0.71 NODE_1434_length_95894_cov_75.275742_14 # 16477 # 18798 # 1 # ID=631_14;partial=00;start_type=ATG;rbs_motif=None;rbs_spacer=None;gc_cont=0.548
NODE_1570_length_36954_cov_78.025352:15524-16576|-  -            351 5543                 -            425     0.027   11.4   0.1   1   1   6.1e-05      0.04   10.8   0.1   295   362   138   210   124   227 0.78 NODE_1570_length_36954_cov_78.025352_16 # 15524 # 16576 # -1 # ID=708_16;partial=00;start_type=TTG;rbs_motif=AGGAG;rbs_spacer=5-10bp;gc_cont=0.540
#
# Program:         hmmsearch
# Version:         3.4 (Aug 2023)
# Pipeline mode:   SEARCH
# Query file:      /home/simonedassisi/velvet-1.2.10/busco_downloads/lineages/enterobacteriaceae_odb12/hmms/5543at543.hmm
# Target file:     results/BUSCO_output_velveth21/prodigal_output/predicted_genes/predicted.faa
# Option settings: hmmsearch --domtblout results/BUSCO_output_velveth21/run_enterobacteriaceae_odb12/hmmer_output/5543at543.out --cpu 1 /home/simonedassisi/velvet-1.2.10/busco_downloads/lineages/enterobacteriaceae_odb12/hmms/5543at543.hmm results/BUSCO_output_velveth21/prodigal_output/predicted_genes/predicted.faa 
# Current dir:     /home/simonedassisi/velvet-1.2.10
# Date:            Wed Apr  2 19:24:06 2025
# [ok]
