#                                                                                                           --- full sequence --- -------------- this domain -------------   hmm coord   ali coord   env coord
# target name                                       accession   tlen query name           accession   qlen   E-value  score  bias   #  of  c-Evalue  i-Evalue  score  bias  from    to  from    to  from    to  acc description of target
#                               ------------------- ---------- ----- -------------------- ---------- ----- --------- ------ ----- --- --- --------- --------- ------ ----- ----- ----- ----- ----- ----- ----- ---- ---------------------
NODE_846_length_63393_cov_76.936378:56425-57756|-   -            444 5722                 -            443  1.1e-294  975.1   8.5   1   1  2.2e-297  1.3e-294  974.9   8.5     1   443     1   443     1   443 1.00 NODE_846_length_63393_cov_76.936378_61 # 56425 # 57756 # -1 # ID=361_61;partial=00;start_type=ATG;rbs_motif=AGGA;rbs_spacer=5-10bp;gc_cont=0.526
NODE_274_length_24805_cov_72.090103:17989-19263|-   -            425 5722                 -            443   3.8e-55  185.7   0.3   1   3   4.2e-28   2.5e-25   87.5   0.0     5   104    66   166    62   176 0.94 NODE_274_length_24805_cov_72.090103_19 # 17989 # 19263 # -1 # ID=77_19;partial=00;start_type=ATG;rbs_motif=GGAG/GAGG;rbs_spacer=5-10bp;gc_cont=0.518
NODE_274_length_24805_cov_72.090103:17989-19263|-   -            425 5722                 -            443   3.8e-55  185.7   0.3   2   3     2e-13   1.2e-10   39.1   0.0   248   310   176   251   170   257 0.78 NODE_274_length_24805_cov_72.090103_19 # 17989 # 19263 # -1 # ID=77_19;partial=00;start_type=ATG;rbs_motif=GGAG/GAGG;rbs_spacer=5-10bp;gc_cont=0.518
NODE_274_length_24805_cov_72.090103:17989-19263|-   -            425 5722                 -            443   3.8e-55  185.7   0.3   3   3   1.6e-18   9.1e-16   55.9   0.1   318   426   300   404   288   412 0.90 NODE_274_length_24805_cov_72.090103_19 # 17989 # 19263 # -1 # ID=77_19;partial=00;start_type=ATG;rbs_motif=GGAG/GAGG;rbs_spacer=5-10bp;gc_cont=0.518
NODE_2145_length_112275_cov_77.552353:75526-77469|+ -            648 5722                 -            443     9e-07   26.3   0.1   1   2   1.4e-08   8.2e-06   23.1   0.0    44   108   183   244   143   249 0.74 NODE_2145_length_112275_cov_77.552353_75 # 75526 # 77469 # 1 # ID=1072_75;partial=00;start_type=TTG;rbs_motif=GGAG/GAGG;rbs_spacer=5-10bp;gc_cont=0.535
NODE_2145_length_112275_cov_77.552353:75526-77469|+ -            648 5722                 -            443     9e-07   26.3   0.1   2   2       0.1        60    0.5   0.0   251   267   249   265   242   289 0.73 NODE_2145_length_112275_cov_77.552353_75 # 75526 # 77469 # 1 # ID=1072_75;partial=00;start_type=TTG;rbs_motif=GGAG/GAGG;rbs_spacer=5-10bp;gc_cont=0.535
NODE_1709_length_68036_cov_72.575531:22117-24393|-  -            759 5722                 -            443   3.6e-06   24.3   0.4   1   4     0.013       7.6    3.5   0.0    51    71   208   228   193   246 0.86 NODE_1709_length_68036_cov_72.575531_17 # 22117 # 24393 # -1 # ID=785_17;partial=00;start_type=ATG;rbs_motif=GGAGG;rbs_spacer=5-10bp;gc_cont=0.531
NODE_1709_length_68036_cov_72.575531:22117-24393|-  -            759 5722                 -            443   3.6e-06   24.3   0.4   2   4     0.012       7.3    3.5   0.0   249   279   278   308   263   323 0.79 NODE_1709_length_68036_cov_72.575531_17 # 22117 # 24393 # -1 # ID=785_17;partial=00;start_type=ATG;rbs_motif=GGAGG;rbs_spacer=5-10bp;gc_cont=0.531
NODE_1709_length_68036_cov_72.575531:22117-24393|-  -            759 5722                 -            443   3.6e-06   24.3   0.4   3   4       1.1   6.7e+02   -2.9   0.0   228   251   383   406   347   408 0.81 NODE_1709_length_68036_cov_72.575531_17 # 22117 # 24393 # -1 # ID=785_17;partial=00;start_type=ATG;rbs_motif=GGAGG;rbs_spacer=5-10bp;gc_cont=0.531
NODE_1709_length_68036_cov_72.575531:22117-24393|-  -            759 5722                 -            443   3.6e-06   24.3   0.4   4   4   1.8e-05     0.011   12.9   0.0     9    88   452   526   445   536 0.74 NODE_1709_length_68036_cov_72.575531_17 # 22117 # 24393 # -1 # ID=785_17;partial=00;start_type=ATG;rbs_motif=GGAGG;rbs_spacer=5-10bp;gc_cont=0.531
NODE_443_length_10040_cov_75.927094:7355-9928|+     -            858 5722                 -            443   6.7e-05   20.1   4.9   1   4     0.028        16    2.4   0.1    47    72   196   221   157   227 0.82 NODE_443_length_10040_cov_75.927094_9 # 7355 # 9928 # 1 # ID=166_9;partial=00;start_type=ATG;rbs_motif=GGAGG;rbs_spacer=3-4bp;gc_cont=0.516
NODE_443_length_10040_cov_75.927094:7355-9928|+     -            858 5722                 -            443   6.7e-05   20.1   4.9   2   4      0.99   5.8e+02   -2.7   0.0   248   270   270   292   256   353 0.73 NODE_443_length_10040_cov_75.927094_9 # 7355 # 9928 # 1 # ID=166_9;partial=00;start_type=ATG;rbs_motif=GGAGG;rbs_spacer=3-4bp;gc_cont=0.516
NODE_443_length_10040_cov_75.927094:7355-9928|+     -            858 5722                 -            443   6.7e-05   20.1   4.9   3   4      0.91   5.4e+02   -2.6   0.3   160   191   378   410   330   461 0.70 NODE_443_length_10040_cov_75.927094_9 # 7355 # 9928 # 1 # ID=166_9;partial=00;start_type=ATG;rbs_motif=GGAGG;rbs_spacer=3-4bp;gc_cont=0.516
NODE_443_length_10040_cov_75.927094:7355-9928|+     -            858 5722                 -            443   6.7e-05   20.1   4.9   4   4     4e-07   0.00023   18.3   0.0    11    92   564   643   556   649 0.78 NODE_443_length_10040_cov_75.927094_9 # 7355 # 9928 # 1 # ID=166_9;partial=00;start_type=ATG;rbs_motif=GGAGG;rbs_spacer=3-4bp;gc_cont=0.516
NODE_1441_length_52686_cov_76.197510:47313-47990|-  -            226 5722                 -            443    0.0036   14.4   0.0   1   1   8.4e-06    0.0049   14.0   0.0    50    92    56   102    41   130 0.75 NODE_1441_length_52686_cov_76.197510_52 # 47313 # 47990 # -1 # ID=633_52;partial=00;start_type=ATG;rbs_motif=None;rbs_spacer=None;gc_cont=0.478
NODE_819_length_1616_cov_238.934402:1109-1636|+     -            176 5722                 -            443     0.019   12.0   0.0   1   2       1.7   9.7e+02   -3.5   0.0   410   440    25    54     8    55 0.61 NODE_819_length_1616_cov_238.934402_2 # 1109 # 1636 # 1 # ID=356_2;partial=01;start_type=ATG;rbs_motif=AGGAG;rbs_spacer=5-10bp;gc_cont=0.511
NODE_819_length_1616_cov_238.934402:1109-1636|+     -            176 5722                 -            443     0.019   12.0   0.0   2   2   5.7e-05     0.034   11.2   0.0    50    84   102   136    86   142 0.82 NODE_819_length_1616_cov_238.934402_2 # 1109 # 1636 # 1 # ID=356_2;partial=01;start_type=ATG;rbs_motif=AGGAG;rbs_spacer=5-10bp;gc_cont=0.511
NODE_1570_length_36954_cov_78.025352:24206-25156|+  -            317 5722                 -            443     0.033   11.3   0.1   1   1   0.00011     0.064   10.3   0.0    48    83     8    43     2    54 0.87 NODE_1570_length_36954_cov_78.025352_23 # 24206 # 25156 # 1 # ID=708_23;partial=00;start_type=ATG;rbs_motif=None;rbs_spacer=None;gc_cont=0.535
NODE_1362_length_2505_cov_168.079437:1667-2422|+    -            252 5722                 -            443     0.054   10.5   0.0   1   1   0.00016     0.096    9.7   0.0    39    72    86   121    78   130 0.75 NODE_1362_length_2505_cov_168.079437_3 # 1667 # 2422 # 1 # ID=602_3;partial=00;start_type=ATG;rbs_motif=AGGA;rbs_spacer=5-10bp;gc_cont=0.526
#
# Program:         hmmsearch
# Version:         3.4 (Aug 2023)
# Pipeline mode:   SEARCH
# Query file:      /home/simonedassisi/velvet-1.2.10/busco_downloads/lineages/enterobacteriaceae_odb12/hmms/5722at543.hmm
# Target file:     results/BUSCO_output_velveth21/prodigal_output/predicted_genes/predicted.faa
# Option settings: hmmsearch --domtblout results/BUSCO_output_velveth21/run_enterobacteriaceae_odb12/hmmer_output/5722at543.out --cpu 1 /home/simonedassisi/velvet-1.2.10/busco_downloads/lineages/enterobacteriaceae_odb12/hmms/5722at543.hmm results/BUSCO_output_velveth21/prodigal_output/predicted_genes/predicted.faa 
# Current dir:     /home/simonedassisi/velvet-1.2.10
# Date:            Wed Apr  2 19:24:07 2025
# [ok]
