#                                                                                                          --- full sequence --- -------------- this domain -------------   hmm coord   ali coord   env coord
# target name                                      accession   tlen query name           accession   qlen   E-value  score  bias   #  of  c-Evalue  i-Evalue  score  bias  from    to  from    to  from    to  acc description of target
#                              ------------------- ---------- ----- -------------------- ---------- ----- --------- ------ ----- --- --- --------- --------- ------ ----- ----- ----- ----- ----- ----- ----- ---- ---------------------
NODE_325_length_24164_cov_71.927742:18221-19312|+  -            364 5749                 -            475    1e-205  682.2   0.1   1   1  3.6e-208  1.2e-205  681.9   0.1     1   344     1   344     1   347 1.00 NODE_325_length_24164_cov_71.927742_16 # 18221 # 19312 # 1 # ID=98_16;partial=00;start_type=ATG;rbs_motif=AGGAG;rbs_spacer=5-10bp;gc_cont=0.570
NODE_325_length_24164_cov_71.927742:19329-19643|+  -            105 5749                 -            475   2.5e-58  196.1   0.0   1   1   8.5e-61   2.8e-58  195.9   0.0   374   474     1   101     1   102 0.99 NODE_325_length_24164_cov_71.927742_17 # 19329 # 19643 # 1 # ID=98_17;partial=00;start_type=GTG;rbs_motif=None;rbs_spacer=None;gc_cont=0.556
NODE_2452_length_20877_cov_81.941704:14524-15444|- -            307 5749                 -            475   2.4e-15   54.4   0.1   1   2   1.8e-09   5.9e-07   26.7   0.0    48   100    25    78    19    88 0.90 NODE_2452_length_20877_cov_81.941704_14 # 14524 # 15444 # -1 # ID=1264_14;partial=00;start_type=ATG;rbs_motif=GGAG/GAGG;rbs_spacer=5-10bp;gc_cont=0.479
NODE_2452_length_20877_cov_81.941704:14524-15444|- -            307 5749                 -            475   2.4e-15   54.4   0.1   2   2   3.6e-09   1.2e-06   25.7   0.1   209   276   197   263   172   292 0.86 NODE_2452_length_20877_cov_81.941704_14 # 14524 # 15444 # -1 # ID=1264_14;partial=00;start_type=ATG;rbs_motif=GGAG/GAGG;rbs_spacer=5-10bp;gc_cont=0.479
NODE_1188_length_12614_cov_70.307274:9349-10290|+  -            314 5749                 -            475   9.1e-12   42.6   0.0   1   1   3.3e-14   1.1e-11   42.3   0.0    45   294    34   286     7   309 0.85 NODE_1188_length_12614_cov_70.307274_9 # 9349 # 10290 # 1 # ID=507_9;partial=00;start_type=ATG;rbs_motif=GGAG/GAGG;rbs_spacer=5-10bp;gc_cont=0.472
NODE_2305_length_33814_cov_83.113121:3239-4168|-   -            310 5749                 -            475   2.2e-11   41.3   0.4   1   1   9.2e-14   3.1e-11   40.8   0.4    51   300    42   291    18   304 0.85 NODE_2305_length_33814_cov_83.113121_4 # 3239 # 4168 # -1 # ID=1155_4;partial=00;start_type=ATG;rbs_motif=GGA/GAG/AGG;rbs_spacer=5-10bp;gc_cont=0.520
NODE_190_length_21144_cov_76.620888:18616-19530|+  -            305 5749                 -            475   8.3e-11   39.4   0.2   1   2   3.6e-06    0.0012   15.8   0.0    49    97    26    75    21    91 0.87 NODE_190_length_21144_cov_76.620888_14 # 18616 # 19530 # 1 # ID=47_14;partial=00;start_type=ATG;rbs_motif=GGA/GAG/AGG;rbs_spacer=5-10bp;gc_cont=0.517
NODE_190_length_21144_cov_76.620888:18616-19530|+  -            305 5749                 -            475   8.3e-11   39.4   0.2   2   2   6.3e-08   2.1e-05   21.6   0.2   198   280   190   268   179   291 0.84 NODE_190_length_21144_cov_76.620888_14 # 18616 # 19530 # 1 # ID=47_14;partial=00;start_type=ATG;rbs_motif=GGA/GAG/AGG;rbs_spacer=5-10bp;gc_cont=0.517
NODE_184_length_6556_cov_74.450729:5669-6574|-     -            302 5749                 -            475   1.5e-10   38.5   0.2   1   1   6.1e-13     2e-10   38.1   0.2    48   301    28   285    19   297 0.78 NODE_184_length_6556_cov_74.450729_8 # 5669 # 6574 # -1 # ID=44_8;partial=01;start_type=Edge;rbs_motif=None;rbs_spacer=None;gc_cont=0.545
NODE_846_length_63393_cov_76.936378:10163-11059|+  -            299 5749                 -            475   1.4e-09   35.3   1.8   1   2   1.1e-06   0.00036   17.5   0.1    13    96     4    84     1   105 0.77 NODE_846_length_63393_cov_76.936378_9 # 10163 # 11059 # 1 # ID=361_9;partial=00;start_type=ATG;rbs_motif=AGGA;rbs_spacer=5-10bp;gc_cont=0.556
NODE_846_length_63393_cov_76.936378:10163-11059|+  -            299 5749                 -            475   1.4e-09   35.3   1.8   2   2   1.2e-06   0.00041   17.4   0.2   229   292   210   272   186   282 0.83 NODE_846_length_63393_cov_76.936378_9 # 10163 # 11059 # 1 # ID=361_9;partial=00;start_type=ATG;rbs_motif=AGGA;rbs_spacer=5-10bp;gc_cont=0.556
NODE_1709_length_68036_cov_72.575531:66454-67542|+ -            363 5749                 -            475     4e-09   33.9   0.0   1   1   1.5e-11   5.1e-09   33.5   0.0    49   293    91   338    57   354 0.83 NODE_1709_length_68036_cov_72.575531_60 # 66454 # 67542 # 1 # ID=785_60;partial=00;start_type=ATG;rbs_motif=None;rbs_spacer=None;gc_cont=0.514
NODE_370_length_1644_cov_70.197685:1103-1663|-     -            187 5749                 -            475   1.1e-05   22.5   0.1   1   1   4.6e-08   1.5e-05   22.1   0.1   219   300    88   168    82   180 0.91 NODE_370_length_1644_cov_70.197685_2 # 1103 # 1663 # -1 # ID=117_2;partial=01;start_type=Edge;rbs_motif=None;rbs_spacer=None;gc_cont=0.406
NODE_1170_length_26855_cov_70.355133:22220-23185|- -            322 5749                 -            475     2e-05   21.7   0.0   1   2       3.8   1.3e+03   -4.0   0.0     9    22    15    28     9    40 0.62 NODE_1170_length_26855_cov_70.355133_20 # 22220 # 23185 # -1 # ID=497_20;partial=00;start_type=ATG;rbs_motif=GGAGG;rbs_spacer=3-4bp;gc_cont=0.570
NODE_1170_length_26855_cov_70.355133:22220-23185|- -            322 5749                 -            475     2e-05   21.7   0.0   2   2     1e-07   3.4e-05   20.9   0.0   225   300   230   305   197   315 0.83 NODE_1170_length_26855_cov_70.355133_20 # 22220 # 23185 # -1 # ID=497_20;partial=00;start_type=ATG;rbs_motif=GGAGG;rbs_spacer=3-4bp;gc_cont=0.570
NODE_215_length_65836_cov_69.504402:25043-25894|+  -            284 5749                 -            475   8.3e-05   19.6   0.0   1   1   3.5e-07   0.00012   19.1   0.0   192   287   156   256   142   265 0.88 NODE_215_length_65836_cov_69.504402_28 # 25043 # 25894 # 1 # ID=52_28;partial=00;start_type=ATG;rbs_motif=AGGAG;rbs_spacer=5-10bp;gc_cont=0.523
NODE_1441_length_52686_cov_76.197510:31958-32743|+ -            262 5749                 -            475   0.00038   17.5   0.0   1   2   0.00017     0.056   10.3   0.0    51   102    25    76    16   100 0.86 NODE_1441_length_52686_cov_76.197510_36 # 31958 # 32743 # 1 # ID=633_36;partial=00;start_type=ATG;rbs_motif=GGAGG;rbs_spacer=5-10bp;gc_cont=0.576
NODE_1441_length_52686_cov_76.197510:31958-32743|+ -            262 5749                 -            475   0.00038   17.5   0.0   2   2    0.0057       1.9    5.3   0.0   210   294   171   254   158   260 0.73 NODE_1441_length_52686_cov_76.197510_36 # 31958 # 32743 # 1 # ID=633_36;partial=00;start_type=ATG;rbs_motif=GGAGG;rbs_spacer=5-10bp;gc_cont=0.576
NODE_1468_length_3370_cov_75.907417:13-393|-       -            127 5749                 -            475   0.00052   17.0   0.1   1   1   1.9e-06   0.00061   16.8   0.1    47    98    37    88    24   101 0.87 NODE_1468_length_3370_cov_75.907417_1 # 13 # 393 # -1 # ID=644_1;partial=00;start_type=ATG;rbs_motif=GGAG/GAGG;rbs_spacer=5-10bp;gc_cont=0.433
NODE_1188_length_12614_cov_70.307274:6279-7217|+   -            313 5749                 -            475    0.0075   13.2   0.0   1   1   4.2e-05     0.014   12.3   0.0    54   299    43   290    23   307 0.65 NODE_1188_length_12614_cov_70.307274_7 # 6279 # 7217 # 1 # ID=507_7;partial=00;start_type=ATG;rbs_motif=GGAGG;rbs_spacer=5-10bp;gc_cont=0.534
NODE_1539_length_37792_cov_75.811783:7991-8470|+   -            160 5749                 -            475      0.02   11.8   0.0   1   1   7.4e-05     0.024   11.5   0.0   346   407     8    69     2    98 0.85 NODE_1539_length_37792_cov_75.811783_9 # 7991 # 8470 # 1 # ID=694_9;partial=00;start_type=ATG;rbs_motif=GGAG/GAGG;rbs_spacer=5-10bp;gc_cont=0.529
#
# Program:         hmmsearch
# Version:         3.4 (Aug 2023)
# Pipeline mode:   SEARCH
# Query file:      /home/simonedassisi/velvet-1.2.10/busco_downloads/lineages/enterobacteriaceae_odb12/hmms/5749at543.hmm
# Target file:     results/BUSCO_output_velveth21/prodigal_output/predicted_genes/predicted.faa
# Option settings: hmmsearch --domtblout results/BUSCO_output_velveth21/run_enterobacteriaceae_odb12/hmmer_output/5749at543.out --cpu 1 /home/simonedassisi/velvet-1.2.10/busco_downloads/lineages/enterobacteriaceae_odb12/hmms/5749at543.hmm results/BUSCO_output_velveth21/prodigal_output/predicted_genes/predicted.faa 
# Current dir:     /home/simonedassisi/velvet-1.2.10
# Date:            Wed Apr  2 19:24:07 2025
# [ok]
