#                                                                                                          --- full sequence --- -------------- this domain -------------   hmm coord   ali coord   env coord
# target name                                      accession   tlen query name           accession   qlen   E-value  score  bias   #  of  c-Evalue  i-Evalue  score  bias  from    to  from    to  from    to  acc description of target
#                              ------------------- ---------- ----- -------------------- ---------- ----- --------- ------ ----- --- --- --------- --------- ------ ----- ----- ----- ----- ----- ----- ----- ---- ---------------------
NODE_2129_length_51924_cov_72.758377:4527-4973|+   -            149 5801                 -            147   2.8e-84  278.5   0.1   1   1   7.1e-87   3.1e-84  278.4   0.1     1   146     1   146     1   147 0.99 NODE_2129_length_51924_cov_72.758377_7 # 4527 # 4973 # 1 # ID=1066_7;partial=00;start_type=ATG;rbs_motif=None;rbs_spacer=None;gc_cont=0.519
NODE_215_length_65836_cov_69.504402:11427-11852|+  -            142 5801                 -            147   1.2e-07   29.9   0.0   1   1   3.4e-10   1.5e-07   29.6   0.0     6   125     5   128     1   131 0.74 NODE_215_length_65836_cov_69.504402_13 # 11427 # 11852 # 1 # ID=52_13;partial=00;start_type=ATG;rbs_motif=GGA/GAG/AGG;rbs_spacer=11-12bp;gc_cont=0.514
NODE_1434_length_95894_cov_75.275742:60307-60795|+ -            163 5801                 -            147   2.4e-07   28.9   0.0   1   1   9.2e-10     4e-07   28.2   0.0    67   143    82   159    76   161 0.90 NODE_1434_length_95894_cov_75.275742_48 # 60307 # 60795 # 1 # ID=631_48;partial=00;start_type=ATG;rbs_motif=GGAG/GAGG;rbs_spacer=5-10bp;gc_cont=0.511
NODE_739_length_21936_cov_71.932304:7913-8431|+    -            173 5801                 -            147     4e-07   28.2   0.0   1   2       3.4   1.5e+03   -2.9   0.0    23    32    25    34     6    47 0.54 NODE_739_length_21936_cov_71.932304_7 # 7913 # 8431 # 1 # ID=309_7;partial=00;start_type=ATG;rbs_motif=GGAG/GAGG;rbs_spacer=5-10bp;gc_cont=0.528
NODE_739_length_21936_cov_71.932304:7913-8431|+    -            173 5801                 -            147     4e-07   28.2   0.0   2   2   1.8e-09   7.9e-07   27.2   0.0    69   122    85   138    80   162 0.89 NODE_739_length_21936_cov_71.932304_7 # 7913 # 8431 # 1 # ID=309_7;partial=00;start_type=ATG;rbs_motif=GGAG/GAGG;rbs_spacer=5-10bp;gc_cont=0.528
NODE_1386_length_43660_cov_76.965599:5188-5628|+   -            147 5801                 -            147   3.7e-06   25.1   0.1   1   2       2.5   1.1e+03   -2.4   0.0    96   104    12    20     5    30 0.78 NODE_1386_length_43660_cov_76.965599_5 # 5188 # 5628 # 1 # ID=611_5;partial=00;start_type=ATG;rbs_motif=GGA/GAG/AGG;rbs_spacer=5-10bp;gc_cont=0.522
NODE_1386_length_43660_cov_76.965599:5188-5628|+   -            147 5801                 -            147   3.7e-06   25.1   0.1   2   2   1.8e-08   7.9e-06   24.0   0.0    48   124    56   124    43   130 0.80 NODE_1386_length_43660_cov_76.965599_5 # 5188 # 5628 # 1 # ID=611_5;partial=00;start_type=ATG;rbs_motif=GGA/GAG/AGG;rbs_spacer=5-10bp;gc_cont=0.522
NODE_1147_length_37024_cov_69.051132:35240-35800|- -            187 5801                 -            147   4.8e-06   24.7   0.1   1   1     2e-08   8.8e-06   23.8   0.1    66   123    85   143    55   165 0.82 NODE_1147_length_37024_cov_69.051132_32 # 35240 # 35800 # -1 # ID=485_32;partial=00;start_type=ATG;rbs_motif=AGGA;rbs_spacer=5-10bp;gc_cont=0.471
NODE_1792_length_20317_cov_75.392525:455-958|-     -            168 5801                 -            147   0.00031   18.8   0.0   1   1   8.4e-07   0.00037   18.6   0.0    66   123    90   147    57   158 0.90 NODE_1792_length_20317_cov_75.392525_2 # 455 # 958 # -1 # ID=834_2;partial=00;start_type=ATG;rbs_motif=None;rbs_spacer=None;gc_cont=0.502
NODE_1434_length_95894_cov_75.275742:74500-75027|- -            176 5801                 -            147     0.001   17.2   0.0   1   1   3.5e-06    0.0016   16.5   0.0    64   121    91   150    87   166 0.85 NODE_1434_length_95894_cov_75.275742_63 # 74500 # 75027 # -1 # ID=631_63;partial=00;start_type=ATG;rbs_motif=GGA/GAG/AGG;rbs_spacer=11-12bp;gc_cont=0.458
NODE_1934_length_22848_cov_83.549324:21385-21684|- -            100 5801                 -            147     0.002   16.2   0.0   1   1   5.6e-06    0.0025   15.9   0.0    46   125    14    96     7    98 0.79 NODE_1934_length_22848_cov_83.549324_22 # 21385 # 21684 # -1 # ID=928_22;partial=00;start_type=TTG;rbs_motif=None;rbs_spacer=None;gc_cont=0.427
NODE_1229_length_78306_cov_70.440285:3691-4143|+   -            151 5801                 -            147    0.0058   14.7   0.0   1   1   3.1e-05     0.014   13.5   0.0    70    93    82   105    75   131 0.84 NODE_1229_length_78306_cov_70.440285_5 # 3691 # 4143 # 1 # ID=529_5;partial=00;start_type=ATG;rbs_motif=None;rbs_spacer=None;gc_cont=0.439
NODE_846_length_63393_cov_76.936378:13921-14862|+  -            314 5801                 -            147    0.0094   14.0   0.0   1   1   3.7e-05     0.016   13.2   0.0    48   120    52   122    34   130 0.75 NODE_846_length_63393_cov_76.936378_14 # 13921 # 14862 # 1 # ID=361_14;partial=00;start_type=ATG;rbs_motif=GGA/GAG/AGG;rbs_spacer=5-10bp;gc_cont=0.546
NODE_1550_length_27465_cov_72.496376:26495-26938|+ -            148 5801                 -            147     0.024   12.7   0.0   1   1   9.1e-05      0.04   12.0   0.0    69   122    76   124    64   131 0.85 NODE_1550_length_27465_cov_72.496376_22 # 26495 # 26938 # 1 # ID=699_22;partial=00;start_type=ATG;rbs_motif=AGGAG;rbs_spacer=5-10bp;gc_cont=0.538
#
# Program:         hmmsearch
# Version:         3.4 (Aug 2023)
# Pipeline mode:   SEARCH
# Query file:      /home/simonedassisi/velvet-1.2.10/busco_downloads/lineages/enterobacteriaceae_odb12/hmms/5801at543.hmm
# Target file:     results/BUSCO_output_velveth21/prodigal_output/predicted_genes/predicted.faa
# Option settings: hmmsearch --domtblout results/BUSCO_output_velveth21/run_enterobacteriaceae_odb12/hmmer_output/5801at543.out --cpu 1 /home/simonedassisi/velvet-1.2.10/busco_downloads/lineages/enterobacteriaceae_odb12/hmms/5801at543.hmm results/BUSCO_output_velveth21/prodigal_output/predicted_genes/predicted.faa 
# Current dir:     /home/simonedassisi/velvet-1.2.10
# Date:            Wed Apr  2 19:24:07 2025
# [ok]
