#                                                                                                         --- full sequence --- -------------- this domain -------------   hmm coord   ali coord   env coord
# target name                                     accession   tlen query name           accession   qlen   E-value  score  bias   #  of  c-Evalue  i-Evalue  score  bias  from    to  from    to  from    to  acc description of target
#                             ------------------- ---------- ----- -------------------- ---------- ----- --------- ------ ----- --- --- --------- --------- ------ ----- ----- ----- ----- ----- ----- ----- ---- ---------------------
NODE_2132_length_53289_cov_67.616959:620-1813|-   -            398 6011                 -            396    2e-260  861.6   0.1   1   1  2.2e-263  2.3e-260  861.4   0.1     1   396     2   397     2   397 1.00 NODE_2132_length_53289_cov_67.616959_2 # 620 # 1813 # -1 # ID=1067_2;partial=00;start_type=ATG;rbs_motif=AGGA;rbs_spacer=5-10bp;gc_cont=0.544
NODE_215_length_65836_cov_69.504402:23656-24567|+ -            304 6011                 -            396   2.4e-08   31.6   0.1   1   2     3e-06    0.0032   14.7   0.1    55   160    10   115     3   135 0.83 NODE_215_length_65836_cov_69.504402_26 # 23656 # 24567 # 1 # ID=52_26;partial=00;start_type=GTG;rbs_motif=GGA/GAG/AGG;rbs_spacer=5-10bp;gc_cont=0.556
NODE_215_length_65836_cov_69.504402:23656-24567|+ -            304 6011                 -            396   2.4e-08   31.6   0.1   2   2   2.9e-06    0.0031   14.8   0.0   323   385   229   289   215   292 0.87 NODE_215_length_65836_cov_69.504402_26 # 23656 # 24567 # 1 # ID=52_26;partial=00;start_type=GTG;rbs_motif=GGA/GAG/AGG;rbs_spacer=5-10bp;gc_cont=0.556
NODE_215_length_65836_cov_69.504402:28899-29870|- -            324 6011                 -            396   3.7e-06   24.4   0.4   1   2      0.15   1.5e+02   -0.7   0.1   112   172    71   127    63   223 0.54 NODE_215_length_65836_cov_69.504402_32 # 28899 # 29870 # -1 # ID=52_32;partial=00;start_type=ATG;rbs_motif=AGGA;rbs_spacer=5-10bp;gc_cont=0.503
NODE_215_length_65836_cov_69.504402:28899-29870|- -            324 6011                 -            396   3.7e-06   24.4   0.4   2   2   1.1e-08   1.2e-05   22.8   0.0   322   385   246   309   233   320 0.88 NODE_215_length_65836_cov_69.504402_32 # 28899 # 29870 # -1 # ID=52_32;partial=00;start_type=ATG;rbs_motif=AGGA;rbs_spacer=5-10bp;gc_cont=0.503
NODE_2307_length_13610_cov_73.163849:1034-2023|+  -            330 6011                 -            396   0.00019   18.8   2.3   1   2   1.6e-06    0.0017   15.6   0.0    51   134    21   106    10   115 0.85 NODE_2307_length_13610_cov_73.163849_2 # 1034 # 2023 # 1 # ID=1157_2;partial=00;start_type=ATG;rbs_motif=GGAG/GAGG;rbs_spacer=5-10bp;gc_cont=0.459
NODE_2307_length_13610_cov_73.163849:1034-2023|+  -            330 6011                 -            396   0.00019   18.8   2.3   2   2     0.019        20    2.2   1.0   223   272   176   227   157   235 0.74 NODE_2307_length_13610_cov_73.163849_2 # 1034 # 2023 # 1 # ID=1157_2;partial=00;start_type=ATG;rbs_motif=GGAG/GAGG;rbs_spacer=5-10bp;gc_cont=0.459
NODE_888_length_35781_cov_80.233421:8401-9948|+   -            516 6011                 -            396     0.026   11.8   0.5   1   2   0.00017      0.18    9.0   0.1    52   136    29   113    14   133 0.81 NODE_888_length_35781_cov_80.233421_8 # 8401 # 9948 # 1 # ID=375_8;partial=00;start_type=ATG;rbs_motif=GGxGG;rbs_spacer=3-4bp;gc_cont=0.578
NODE_888_length_35781_cov_80.233421:8401-9948|+   -            516 6011                 -            396     0.026   11.8   0.5   2   2     0.055        58    0.7   0.1   217   278   176   239   160   247 0.67 NODE_888_length_35781_cov_80.233421_8 # 8401 # 9948 # 1 # ID=375_8;partial=00;start_type=ATG;rbs_motif=GGxGG;rbs_spacer=3-4bp;gc_cont=0.578
#
# Program:         hmmsearch
# Version:         3.4 (Aug 2023)
# Pipeline mode:   SEARCH
# Query file:      /home/simonedassisi/velvet-1.2.10/busco_downloads/lineages/enterobacteriaceae_odb12/hmms/6011at543.hmm
# Target file:     results/BUSCO_output_velveth21/prodigal_output/predicted_genes/predicted.faa
# Option settings: hmmsearch --domtblout results/BUSCO_output_velveth21/run_enterobacteriaceae_odb12/hmmer_output/6011at543.out --cpu 1 /home/simonedassisi/velvet-1.2.10/busco_downloads/lineages/enterobacteriaceae_odb12/hmms/6011at543.hmm results/BUSCO_output_velveth21/prodigal_output/predicted_genes/predicted.faa 
# Current dir:     /home/simonedassisi/velvet-1.2.10
# Date:            Wed Apr  2 19:24:08 2025
# [ok]
