#                                                                                                           --- full sequence --- -------------- this domain -------------   hmm coord   ali coord   env coord
# target name                                       accession   tlen query name           accession   qlen   E-value  score  bias   #  of  c-Evalue  i-Evalue  score  bias  from    to  from    to  from    to  acc description of target
#                               ------------------- ---------- ----- -------------------- ---------- ----- --------- ------ ----- --- --- --------- --------- ------ ----- ----- ----- ----- ----- ----- ----- ---- ---------------------
NODE_926_length_95421_cov_71.123581:11683-13017|-   -            445 60478                -            439  2.8e-286  947.4   2.5   1   1  7.4e-289  3.2e-286  947.2   2.5     1   434     1   436     1   441 0.99 NODE_926_length_95421_cov_71.123581_12 # 11683 # 13017 # -1 # ID=386_12;partial=00;start_type=ATG;rbs_motif=GGAG/GAGG;rbs_spacer=5-10bp;gc_cont=0.547
NODE_2145_length_112275_cov_77.552353:94610-96499|+ -            630 60478                -            439  5.5e-100  333.4   0.1   1   1  1.7e-102  7.7e-100  333.0   0.1     4   371     6   368     3   399 0.96 NODE_2145_length_112275_cov_77.552353_89 # 94610 # 96499 # 1 # ID=1072_89;partial=00;start_type=ATG;rbs_motif=AGGA/GGAG/GAGG;rbs_spacer=11-12bp;gc_cont=0.556
NODE_1288_length_45176_cov_69.014496:9656-11020|+   -            455 60478                -            439   1.9e-96  321.8   0.4   1   1   5.5e-99   2.4e-96  321.4   0.4     6   377     3   374     1   394 0.95 NODE_1288_length_45176_cov_69.014496_10 # 9656 # 11020 # 1 # ID=561_10;partial=00;start_type=ATG;rbs_motif=GGAG/GAGG;rbs_spacer=5-10bp;gc_cont=0.566
NODE_888_length_35781_cov_80.233421:17379-18644|-   -            422 60478                -            439   4.4e-88  294.2   0.0   1   1   1.2e-90   5.4e-88  293.9   0.0     2   371     7   379     6   390 0.94 NODE_888_length_35781_cov_80.233421_15 # 17379 # 18644 # -1 # ID=375_15;partial=00;start_type=ATG;rbs_motif=None;rbs_spacer=None;gc_cont=0.522
NODE_899_length_14293_cov_69.337791:9958-11331|+    -            458 60478                -            439   4.9e-70  234.7   0.0   1   1   1.4e-72   6.3e-70  234.4   0.0     4   353     2   346     1   365 0.94 NODE_899_length_14293_cov_69.337791_10 # 9958 # 11331 # 1 # ID=380_10;partial=00;start_type=GTG;rbs_motif=GGA/GAG/AGG;rbs_spacer=5-10bp;gc_cont=0.516
NODE_877_length_31483_cov_78.652222:2505-4340|+     -            612 60478                -            439   1.2e-17   62.1   0.0   1   2   7.3e-07   0.00032   17.8   0.0     2    63     2    64     1    68 0.88 NODE_877_length_31483_cov_78.652222_4 # 2505 # 4340 # 1 # ID=369_4;partial=00;start_type=GTG;rbs_motif=GGA/GAG/AGG;rbs_spacer=5-10bp;gc_cont=0.554
NODE_877_length_31483_cov_78.652222:2505-4340|+     -            612 60478                -            439   1.2e-17   62.1   0.0   2   2   2.9e-14   1.3e-11   42.2   0.0   238   360   228   350   143   368 0.82 NODE_877_length_31483_cov_78.652222_4 # 2505 # 4340 # 1 # ID=369_4;partial=00;start_type=GTG;rbs_motif=GGA/GAG/AGG;rbs_spacer=5-10bp;gc_cont=0.554
NODE_434_length_79075_cov_70.223480:37910-42526|-   -           1539 60478                -            439   9.5e-10   36.1   0.3   1   2   2.5e-08   1.1e-05   22.7   0.1    22   161    25   183    20   246 0.71 NODE_434_length_79075_cov_70.223480_37 # 37910 # 42526 # -1 # ID=160_37;partial=00;start_type=ATG;rbs_motif=GGA/GAG/AGG;rbs_spacer=5-10bp;gc_cont=0.568
NODE_434_length_79075_cov_70.223480:37910-42526|-   -           1539 60478                -            439   9.5e-10   36.1   0.3   2   2   7.8e-05     0.034   11.2   0.0   280   341   357   418   347   427 0.90 NODE_434_length_79075_cov_70.223480_37 # 37910 # 42526 # -1 # ID=160_37;partial=00;start_type=ATG;rbs_motif=GGA/GAG/AGG;rbs_spacer=5-10bp;gc_cont=0.568
NODE_614_length_35137_cov_72.104843:11308-14214|-   -            969 60478                -            439   1.6e-07   28.7   0.0   1   1   6.2e-10   2.8e-07   28.0   0.0   232   345   487   603   476   623 0.88 NODE_614_length_35137_cov_72.104843_12 # 11308 # 14214 # -1 # ID=265_12;partial=00;start_type=ATG;rbs_motif=GGA/GAG/AGG;rbs_spacer=5-10bp;gc_cont=0.548
NODE_1999_length_25587_cov_66.390984:17957-19978|+  -            674 60478                -            439   1.3e-06   25.7   0.4   1   1   5.4e-09   2.4e-06   24.9   0.4   238   342   435   545   428   567 0.77 NODE_1999_length_25587_cov_66.390984_18 # 17957 # 19978 # 1 # ID=982_18;partial=00;start_type=ATG;rbs_motif=GGA/GAG/AGG;rbs_spacer=5-10bp;gc_cont=0.533
NODE_1539_length_37792_cov_75.811783:24417-26498|+  -            694 60478                -            439    0.0014   15.7   0.0   1   2      0.25   1.1e+02   -0.4   0.0   263   306   336   379   298   401 0.83 NODE_1539_length_37792_cov_75.811783_29 # 24417 # 26498 # 1 # ID=694_29;partial=00;start_type=ATG;rbs_motif=GGA/GAG/AGG;rbs_spacer=5-10bp;gc_cont=0.572
NODE_1539_length_37792_cov_75.811783:24417-26498|+  -            694 60478                -            439    0.0014   15.7   0.0   2   2   1.7e-05    0.0076   13.3   0.0   273   343   518   589   506   604 0.85 NODE_1539_length_37792_cov_75.811783_29 # 24417 # 26498 # 1 # ID=694_29;partial=00;start_type=ATG;rbs_motif=GGA/GAG/AGG;rbs_spacer=5-10bp;gc_cont=0.572
NODE_700_length_25636_cov_68.720787:12007-13917|+   -            637 60478                -            439      0.01   12.9   0.1   1   1     4e-05     0.017   12.1   0.1    29    64    25    61     6    66 0.83 NODE_700_length_25636_cov_68.720787_14 # 12007 # 13917 # 1 # ID=296_14;partial=00;start_type=GTG;rbs_motif=AGxAGG/AGGxGG;rbs_spacer=3-4bp;gc_cont=0.552
NODE_820_length_11940_cov_68.144218:7367-10861|+    -           1165 60478                -            439     0.013   12.5   1.3   1   2      0.26   1.2e+02   -0.5   0.0   184   248   669   734   639   764 0.70 NODE_820_length_11940_cov_68.144218_8 # 7367 # 10861 # 1 # ID=357_8;partial=00;start_type=ATG;rbs_motif=None;rbs_spacer=None;gc_cont=0.547
NODE_820_length_11940_cov_68.144218:7367-10861|+    -           1165 60478                -            439     0.013   12.5   1.3   2   2   7.7e-05     0.034   11.2   0.2   219   348   799   928   779   947 0.79 NODE_820_length_11940_cov_68.144218_8 # 7367 # 10861 # 1 # ID=357_8;partial=00;start_type=ATG;rbs_motif=None;rbs_spacer=None;gc_cont=0.547
#
# Program:         hmmsearch
# Version:         3.4 (Aug 2023)
# Pipeline mode:   SEARCH
# Query file:      /home/simonedassisi/velvet-1.2.10/busco_downloads/lineages/enterobacteriaceae_odb12/hmms/60478at543.hmm
# Target file:     results/BUSCO_output_velveth21/prodigal_output/predicted_genes/predicted.faa
# Option settings: hmmsearch --domtblout results/BUSCO_output_velveth21/run_enterobacteriaceae_odb12/hmmer_output/60478at543.out --cpu 1 /home/simonedassisi/velvet-1.2.10/busco_downloads/lineages/enterobacteriaceae_odb12/hmms/60478at543.hmm results/BUSCO_output_velveth21/prodigal_output/predicted_genes/predicted.faa 
# Current dir:     /home/simonedassisi/velvet-1.2.10
# Date:            Wed Apr  2 19:24:09 2025
# [ok]
