#                                                                                                          --- full sequence --- -------------- this domain -------------   hmm coord   ali coord   env coord
# target name                                      accession   tlen query name           accession   qlen   E-value  score  bias   #  of  c-Evalue  i-Evalue  score  bias  from    to  from    to  from    to  acc description of target
#                              ------------------- ---------- ----- -------------------- ---------- ----- --------- ------ ----- --- --- --------- --------- ------ ----- ----- ----- ----- ----- ----- ----- ---- ---------------------
NODE_989_length_51512_cov_75.450089:2-1321|-       -            440 60569                -            452  2.7e-257  852.1   0.1   1   1  6.2e-260    3e-257  851.9   0.1     1   438     1   440     1   440 0.99 NODE_989_length_51512_cov_75.450089_1 # 2 # 1321 # -1 # ID=419_1;partial=10;start_type=ATG;rbs_motif=AGGA;rbs_spacer=5-10bp;gc_cont=0.567
NODE_926_length_95421_cov_71.123581:87944-89416|+  -            491 60569                -            452     2e-42  143.8   0.0   1   2   1.7e-22   8.3e-20   69.3   0.0   219   369     5   157     2   165 0.81 NODE_926_length_95421_cov_71.123581_77 # 87944 # 89416 # 1 # ID=386_77;partial=00;start_type=ATG;rbs_motif=GGAG/GAGG;rbs_spacer=5-10bp;gc_cont=0.520
NODE_926_length_95421_cov_71.123581:87944-89416|+  -            491 60569                -            452     2e-42  143.8   0.0   2   2   1.8e-23   8.9e-21   72.4   0.1   217   395   203   393   200   413 0.75 NODE_926_length_95421_cov_71.123581_77 # 87944 # 89416 # 1 # ID=386_77;partial=00;start_type=ATG;rbs_motif=GGAG/GAGG;rbs_spacer=5-10bp;gc_cont=0.520
NODE_926_length_95421_cov_71.123581:22527-23432|+  -            302 60569                -            452   4.1e-15   53.8   0.2   1   1   1.2e-17   5.6e-15   53.3   0.2   219   374    11   173     9   199 0.79 NODE_926_length_95421_cov_71.123581_22 # 22527 # 23432 # 1 # ID=386_22;partial=00;start_type=ATG;rbs_motif=GGAG/GAGG;rbs_spacer=5-10bp;gc_cont=0.523
NODE_1570_length_36954_cov_78.025352:25627-26907|+ -            427 60569                -            452     1e-11   42.6   0.2   1   1   2.8e-14   1.4e-11   42.2   0.2   192   375   173   362   158   392 0.76 NODE_1570_length_36954_cov_78.025352_25 # 25627 # 26907 # 1 # ID=708_25;partial=00;start_type=TTG;rbs_motif=GGAG/GAGG;rbs_spacer=5-10bp;gc_cont=0.538
NODE_1601_length_842_cov_157.199524:3-860|-        -            286 60569                -            452     1e-07   29.4   0.0   1   1     3e-10   1.5e-07   28.9   0.0   219   328    70   180    39   197 0.78 NODE_1601_length_842_cov_157.199524_1 # 3 # 860 # -1 # ID=725_1;partial=11;start_type=Edge;rbs_motif=None;rbs_spacer=None;gc_cont=0.573
NODE_851_length_22678_cov_82.051857:9262-9894|-    -            211 60569                -            452   8.2e-05   19.8   0.2   1   1   4.1e-07    0.0002   18.6   0.2   215   252    25    63    18   206 0.76 NODE_851_length_22678_cov_82.051857_10 # 9262 # 9894 # -1 # ID=363_10;partial=00;start_type=TTG;rbs_motif=GGAG/GAGG;rbs_spacer=5-10bp;gc_cont=0.518
NODE_1434_length_95894_cov_75.275742:16477-18798|+ -            774 60569                -            452   0.00048   17.3   0.1   1   1   1.5e-06   0.00073   16.7   0.1   219   370     6   163     2   178 0.77 NODE_1434_length_95894_cov_75.275742_14 # 16477 # 18798 # 1 # ID=631_14;partial=00;start_type=ATG;rbs_motif=None;rbs_spacer=None;gc_cont=0.548
NODE_1570_length_36954_cov_78.025352:15524-16576|- -            351 60569                -            452   0.00067   16.8   0.5   1   3       1.5   7.4e+02   -3.1   0.0   274   301    54    81    51    82 0.87 NODE_1570_length_36954_cov_78.025352_16 # 15524 # 16576 # -1 # ID=708_16;partial=00;start_type=TTG;rbs_motif=AGGAG;rbs_spacer=5-10bp;gc_cont=0.540
NODE_1570_length_36954_cov_78.025352:15524-16576|- -            351 60569                -            452   0.00067   16.8   0.5   2   3     0.049        23    1.8   0.0   329   372   156   207   125   211 0.74 NODE_1570_length_36954_cov_78.025352_16 # 15524 # 16576 # -1 # ID=708_16;partial=00;start_type=TTG;rbs_motif=AGGAG;rbs_spacer=5-10bp;gc_cont=0.540
NODE_1570_length_36954_cov_78.025352:15524-16576|- -            351 60569                -            452   0.00067   16.8   0.5   3   3   9.6e-06    0.0046   14.1   0.2   219   246   210   237   149   244 0.68 NODE_1570_length_36954_cov_78.025352_16 # 15524 # 16576 # -1 # ID=708_16;partial=00;start_type=TTG;rbs_motif=AGGAG;rbs_spacer=5-10bp;gc_cont=0.540
NODE_1608_length_6412_cov_72.405022:2498-3382|-    -            295 60569                -            452   0.00086   16.5   0.0   1   1   2.4e-06    0.0012   16.0   0.0   219   277    41    99     6   141 0.85 NODE_1608_length_6412_cov_72.405022_6 # 2498 # 3382 # -1 # ID=729_6;partial=00;start_type=ATG;rbs_motif=AGGA;rbs_spacer=5-10bp;gc_cont=0.536
NODE_482_length_21709_cov_69.527618:20585-21676|+  -            364 60569                -            452    0.0039   14.3   0.2   1   2   3.2e-05     0.016   12.3   0.0   216   239     2    25     1    36 0.85 NODE_482_length_21709_cov_69.527618_23 # 20585 # 21676 # 1 # ID=196_23;partial=00;start_type=ATG;rbs_motif=GGA/GAG/AGG;rbs_spacer=11-12bp;gc_cont=0.510
NODE_482_length_21709_cov_69.527618:20585-21676|+  -            364 60569                -            452    0.0039   14.3   0.2   2   2      0.27   1.3e+02   -0.6   0.1   168   210   113   154    95   193 0.60 NODE_482_length_21709_cov_69.527618_23 # 20585 # 21676 # 1 # ID=196_23;partial=00;start_type=ATG;rbs_motif=GGA/GAG/AGG;rbs_spacer=11-12bp;gc_cont=0.510
NODE_1709_length_68036_cov_72.575531:16695-18461|+ -            589 60569                -            452     0.022   11.8   0.0   1   2       0.5   2.4e+02   -1.5   0.0   369   405    81   117    75   130 0.87 NODE_1709_length_68036_cov_72.575531_13 # 16695 # 18461 # 1 # ID=785_13;partial=00;start_type=ATG;rbs_motif=None;rbs_spacer=None;gc_cont=0.536
NODE_1709_length_68036_cov_72.575531:16695-18461|+ -            589 60569                -            452     0.022   11.8   0.0   2   2   0.00017     0.081   10.0   0.0   210   238   370   398   306   402 0.63 NODE_1709_length_68036_cov_72.575531_13 # 16695 # 18461 # 1 # ID=785_13;partial=00;start_type=ATG;rbs_motif=None;rbs_spacer=None;gc_cont=0.536
#
# Program:         hmmsearch
# Version:         3.4 (Aug 2023)
# Pipeline mode:   SEARCH
# Query file:      /home/simonedassisi/velvet-1.2.10/busco_downloads/lineages/enterobacteriaceae_odb12/hmms/60569at543.hmm
# Target file:     results/BUSCO_output_velveth21/prodigal_output/predicted_genes/predicted.faa
# Option settings: hmmsearch --domtblout results/BUSCO_output_velveth21/run_enterobacteriaceae_odb12/hmmer_output/60569at543.out --cpu 1 /home/simonedassisi/velvet-1.2.10/busco_downloads/lineages/enterobacteriaceae_odb12/hmms/60569at543.hmm results/BUSCO_output_velveth21/prodigal_output/predicted_genes/predicted.faa 
# Current dir:     /home/simonedassisi/velvet-1.2.10
# Date:            Wed Apr  2 19:24:09 2025
# [ok]
