#                                                                                                          --- full sequence --- -------------- this domain -------------   hmm coord   ali coord   env coord
# target name                                      accession   tlen query name           accession   qlen   E-value  score  bias   #  of  c-Evalue  i-Evalue  score  bias  from    to  from    to  from    to  acc description of target
#                              ------------------- ---------- ----- -------------------- ---------- ----- --------- ------ ----- --- --- --------- --------- ------ ----- ----- ----- ----- ----- ----- ----- ---- ---------------------
NODE_998_length_24344_cov_83.117935:3446-4336|+    -            297 61835                -            295  3.8e-192  635.1  18.8   1   1  7.2e-195  4.3e-192  634.9  18.8     1   295     1   295     1   295 1.00 NODE_998_length_24344_cov_83.117935_4 # 3446 # 4336 # 1 # ID=423_4;partial=00;start_type=ATG;rbs_motif=GGAG/GAGG;rbs_spacer=5-10bp;gc_cont=0.570
NODE_1113_length_19431_cov_68.618652:3624-4313|-   -            230 61835                -            295   2.3e-10   38.4   0.7   1   1     8e-13   4.7e-10   37.3   0.7   151   227    90   166    84   181 0.89 NODE_1113_length_19431_cov_68.618652_5 # 3624 # 4313 # -1 # ID=473_5;partial=00;start_type=ATG;rbs_motif=3Base/5BMM;rbs_spacer=13-15bp;gc_cont=0.538
NODE_998_length_24344_cov_83.117935:2487-3446|+    -            320 61835                -            295   2.2e-08   31.8   2.4   1   2       1.3   7.5e+02   -2.7   6.7    56   140    48   131    15   157 0.75 NODE_998_length_24344_cov_83.117935_3 # 2487 # 3446 # 1 # ID=423_3;partial=00;start_type=ATG;rbs_motif=GGA/GAG/AGG;rbs_spacer=5-10bp;gc_cont=0.547
NODE_998_length_24344_cov_83.117935:2487-3446|+    -            320 61835                -            295   2.2e-08   31.8   2.4   2   2   3.8e-11   2.2e-08   31.8   2.4   155   245   173   263   161   310 0.83 NODE_998_length_24344_cov_83.117935_3 # 2487 # 3446 # 1 # ID=423_3;partial=00;start_type=ATG;rbs_motif=GGA/GAG/AGG;rbs_spacer=5-10bp;gc_cont=0.547
NODE_215_length_65836_cov_69.504402:20738-21571|+  -            278 61835                -            295   2.5e-06   25.1  12.5   1   1     1e-08   6.1e-06   23.8  12.5    32   256    14   242     5   269 0.70 NODE_215_length_65836_cov_69.504402_23 # 20738 # 21571 # 1 # ID=52_23;partial=00;start_type=ATG;rbs_motif=GGxGG;rbs_spacer=5-10bp;gc_cont=0.565
NODE_1520_length_13881_cov_67.268860:6666-7562|-   -            299 61835                -            295   4.6e-06   24.2   7.8   1   1   1.1e-08   6.2e-06   23.8   7.8    82   248    89   252     6   263 0.75 NODE_1520_length_13881_cov_67.268860_9 # 6666 # 7562 # -1 # ID=684_9;partial=00;start_type=ATG;rbs_motif=GGAGG;rbs_spacer=5-10bp;gc_cont=0.534
NODE_1195_length_3037_cov_75.569313:1464-2117|-    -            218 61835                -            295   0.00034   18.1   8.6   1   1   5.8e-07   0.00034   18.1   8.6    91   223    25   159    10   167 0.76 NODE_1195_length_3037_cov_75.569313_4 # 1464 # 2117 # -1 # ID=513_4;partial=00;start_type=ATG;rbs_motif=GGAG/GAGG;rbs_spacer=5-10bp;gc_cont=0.523
NODE_2154_length_30944_cov_68.453339:19200-20264|+ -            355 61835                -            295    0.0016   15.9  15.8   1   1     4e-06    0.0023   15.3  15.8    47   215   110   269    96   289 0.88 NODE_2154_length_30944_cov_68.453339_22 # 19200 # 20264 # 1 # ID=1078_22;partial=00;start_type=ATG;rbs_motif=GGAG/GAGG;rbs_spacer=5-10bp;gc_cont=0.584
NODE_215_length_65836_cov_69.504402:21571-22446|+  -            292 61835                -            295    0.0016   15.9   3.2   1   1   6.7e-06    0.0039   14.6   3.3   148   226   140   219    25   228 0.81 NODE_215_length_65836_cov_69.504402_24 # 21571 # 22446 # 1 # ID=52_24;partial=00;start_type=ATG;rbs_motif=GGA/GAG/AGG;rbs_spacer=5-10bp;gc_cont=0.564
NODE_346_length_26317_cov_69.933388:23422-24264|-  -            281 61835                -            295     0.012   13.1   7.0   1   1   3.2e-05     0.019   12.4   7.0    87   215    78   204    70   265 0.87 NODE_346_length_26317_cov_69.933388_23 # 23422 # 24264 # -1 # ID=105_23;partial=00;start_type=ATG;rbs_motif=4Base/6BMM;rbs_spacer=13-15bp;gc_cont=0.530
#
# Program:         hmmsearch
# Version:         3.4 (Aug 2023)
# Pipeline mode:   SEARCH
# Query file:      /home/simonedassisi/velvet-1.2.10/busco_downloads/lineages/enterobacteriaceae_odb12/hmms/61835at543.hmm
# Target file:     results/BUSCO_output_velveth21/prodigal_output/predicted_genes/predicted.faa
# Option settings: hmmsearch --domtblout results/BUSCO_output_velveth21/run_enterobacteriaceae_odb12/hmmer_output/61835at543.out --cpu 1 /home/simonedassisi/velvet-1.2.10/busco_downloads/lineages/enterobacteriaceae_odb12/hmms/61835at543.hmm results/BUSCO_output_velveth21/prodigal_output/predicted_genes/predicted.faa 
# Current dir:     /home/simonedassisi/velvet-1.2.10
# Date:            Wed Apr  2 19:24:09 2025
# [ok]
