#                                                                                                          --- full sequence --- -------------- this domain -------------   hmm coord   ali coord   env coord
# target name                                      accession   tlen query name           accession   qlen   E-value  score  bias   #  of  c-Evalue  i-Evalue  score  bias  from    to  from    to  from    to  acc description of target
#                              ------------------- ---------- ----- -------------------- ---------- ----- --------- ------ ----- --- --- --------- --------- ------ ----- ----- ----- ----- ----- ----- ----- ---- ---------------------
NODE_1204_length_64359_cov_77.399834:30438-31262|- -            275 6278                 -            274  6.1e-176  581.6   1.3   1   1  6.5e-179  6.8e-176  581.5   1.3     1   274     1   274     1   274 1.00 NODE_1204_length_64359_cov_77.399834_26 # 30438 # 31262 # -1 # ID=516_26;partial=00;start_type=ATG;rbs_motif=GGA/GAG/AGG;rbs_spacer=5-10bp;gc_cont=0.531
NODE_1204_length_64359_cov_77.399834:47733-48521|+ -            263 6278                 -            274   0.00069   17.3   0.9   1   2   6.5e-07   0.00069   17.3   0.9   105   205     8   107     2   117 0.86 NODE_1204_length_64359_cov_77.399834_42 # 47733 # 48521 # 1 # ID=516_42;partial=00;start_type=GTG;rbs_motif=GGAGG;rbs_spacer=5-10bp;gc_cont=0.532
NODE_1204_length_64359_cov_77.399834:47733-48521|+ -            263 6278                 -            274   0.00069   17.3   0.9   2   2      0.16   1.7e+02   -0.4   0.7   134   161   147   174   115   190 0.48 NODE_1204_length_64359_cov_77.399834_42 # 47733 # 48521 # 1 # ID=516_42;partial=00;start_type=GTG;rbs_motif=GGAGG;rbs_spacer=5-10bp;gc_cont=0.532
NODE_2305_length_33814_cov_83.113121:26260-27630|+ -            457 6278                 -            274     0.003   15.2   0.6   1   2     0.042        44    1.6   0.4   176   204   278   305   268   322 0.76 NODE_2305_length_33814_cov_83.113121_26 # 26260 # 27630 # 1 # ID=1155_26;partial=00;start_type=ATG;rbs_motif=AGGA;rbs_spacer=5-10bp;gc_cont=0.530
NODE_2305_length_33814_cov_83.113121:26260-27630|+ -            457 6278                 -            274     0.003   15.2   0.6   2   2   2.8e-06     0.003   15.2   0.6   150   209   370   428   331   434 0.90 NODE_2305_length_33814_cov_83.113121_26 # 26260 # 27630 # 1 # ID=1155_26;partial=00;start_type=ATG;rbs_motif=AGGA;rbs_spacer=5-10bp;gc_cont=0.530
NODE_1220_length_21844_cov_70.659126:18987-19679|- -            231 6278                 -            274      0.15    9.7   4.2   1   2    0.0016       1.7    6.2   2.5   173   215    81   117    49   142 0.58 NODE_1220_length_21844_cov_70.659126_18 # 18987 # 19679 # -1 # ID=525_18;partial=00;start_type=ATG;rbs_motif=GGA/GAG/AGG;rbs_spacer=5-10bp;gc_cont=0.453
NODE_1220_length_21844_cov_70.659126:18987-19679|- -            231 6278                 -            274      0.15    9.7   4.2   2   2     0.023        24    2.4   0.0   181   206   177   202   168   215 0.86 NODE_1220_length_21844_cov_70.659126_18 # 18987 # 19679 # -1 # ID=525_18;partial=00;start_type=ATG;rbs_motif=GGA/GAG/AGG;rbs_spacer=5-10bp;gc_cont=0.453
NODE_1204_length_64359_cov_77.399834:46144-47169|+ -            342 6278                 -            274      0.67    7.5  13.1   1   2    0.0003      0.32    8.6   1.2   139   212   105   170    89   182 0.65 NODE_1204_length_64359_cov_77.399834_40 # 46144 # 47169 # 1 # ID=516_40;partial=00;start_type=ATG;rbs_motif=GGA/GAG/AGG;rbs_spacer=11-12bp;gc_cont=0.529
NODE_1204_length_64359_cov_77.399834:46144-47169|+ -            342 6278                 -            274      0.67    7.5  13.1   2   2    0.0092       9.8    3.7   4.7   175   214   222   261   190   298 0.50 NODE_1204_length_64359_cov_77.399834_40 # 46144 # 47169 # 1 # ID=516_40;partial=00;start_type=ATG;rbs_motif=GGA/GAG/AGG;rbs_spacer=11-12bp;gc_cont=0.529
#
# Program:         hmmsearch
# Version:         3.4 (Aug 2023)
# Pipeline mode:   SEARCH
# Query file:      /home/simonedassisi/velvet-1.2.10/busco_downloads/lineages/enterobacteriaceae_odb12/hmms/6278at543.hmm
# Target file:     results/BUSCO_output_velveth21/prodigal_output/predicted_genes/predicted.faa
# Option settings: hmmsearch --domtblout results/BUSCO_output_velveth21/run_enterobacteriaceae_odb12/hmmer_output/6278at543.out --cpu 1 /home/simonedassisi/velvet-1.2.10/busco_downloads/lineages/enterobacteriaceae_odb12/hmms/6278at543.hmm results/BUSCO_output_velveth21/prodigal_output/predicted_genes/predicted.faa 
# Current dir:     /home/simonedassisi/velvet-1.2.10
# Date:            Wed Apr  2 19:24:10 2025
# [ok]
