#                                                                                                          --- full sequence --- -------------- this domain -------------   hmm coord   ali coord   env coord
# target name                                      accession   tlen query name           accession   qlen   E-value  score  bias   #  of  c-Evalue  i-Evalue  score  bias  from    to  from    to  from    to  acc description of target
#                              ------------------- ---------- ----- -------------------- ---------- ----- --------- ------ ----- --- --- --------- --------- ------ ----- ----- ----- ----- ----- ----- ----- ---- ---------------------
NODE_2113_length_16705_cov_74.349533:12019-15981|+ -           1321 6355                 -           1229         0 2553.7   1.4   1   1         0         0 2553.4   1.4     3  1229    71  1315    69  1315 0.98 NODE_2113_length_16705_cov_74.349533_11 # 12019 # 15981 # 1 # ID=1059_11;partial=00;start_type=ATG;rbs_motif=AGGAG;rbs_spacer=5-10bp;gc_cont=0.565
NODE_2154_length_30944_cov_68.453339:4461-5909|+   -            483 6355                 -           1229   2.8e-62  208.7   0.1   1   1     9e-65   3.7e-62  208.3   0.1   584  1023    21   462     4   474 0.90 NODE_2154_length_30944_cov_68.453339_4 # 4461 # 5909 # 1 # ID=1078_4;partial=00;start_type=ATG;rbs_motif=AGGA;rbs_spacer=5-10bp;gc_cont=0.573
NODE_739_length_21936_cov_71.932304:9757-11181|-   -            475 6355                 -           1229   8.4e-60  200.5   0.1   1   1   2.7e-62   1.1e-59  200.1   0.1   587  1023    15   454     7   461 0.89 NODE_739_length_21936_cov_71.932304_11 # 9757 # 11181 # -1 # ID=309_11;partial=00;start_type=ATG;rbs_motif=AGGA;rbs_spacer=5-10bp;gc_cont=0.533
NODE_2423_length_37281_cov_72.162392:5372-6811|-   -            480 6355                 -           1229   4.1e-58  194.9   1.4   1   1   1.3e-60   5.4e-58  194.5   1.4   590  1031    23   470    15   475 0.89 NODE_2423_length_37281_cov_72.162392_8 # 5372 # 6811 # -1 # ID=1244_8;partial=00;start_type=ATG;rbs_motif=AGGAG;rbs_spacer=5-10bp;gc_cont=0.512
NODE_1229_length_78306_cov_70.440285:45440-46912|- -            491 6355                 -           1229   5.4e-52  174.6   0.1   1   1   1.7e-54   7.1e-52  174.3   0.1   584  1026    17   466     3   480 0.84 NODE_1229_length_78306_cov_70.440285_41 # 45440 # 46912 # -1 # ID=529_41;partial=00;start_type=ATG;rbs_motif=AGGAG;rbs_spacer=5-10bp;gc_cont=0.582
NODE_796_length_47878_cov_66.656982:39695-41173|+  -            493 6355                 -           1229   7.2e-50  167.6   0.0   1   1   2.3e-52   9.2e-50  167.2   0.0   601  1021    26   450    11   457 0.85 NODE_796_length_47878_cov_66.656982_40 # 39695 # 41173 # 1 # ID=347_40;partial=00;start_type=ATG;rbs_motif=AGGAG;rbs_spacer=5-10bp;gc_cont=0.578
NODE_230_length_8375_cov_67.677017:1283-2821|-     -            513 6355                 -           1229   4.7e-49  164.9   0.0   1   1   1.5e-51   6.1e-49  164.5   0.0   603  1022    53   483    35   492 0.85 NODE_230_length_8375_cov_67.677017_3 # 1283 # 2821 # -1 # ID=59_3;partial=00;start_type=ATG;rbs_motif=AGGAG;rbs_spacer=5-10bp;gc_cont=0.550
NODE_2132_length_53289_cov_67.616959:43987-45474|+ -            496 6355                 -           1229   9.3e-49  163.9   0.0   1   1   2.8e-51   1.1e-48  163.6   0.0   587  1022    33   472     2   477 0.83 NODE_2132_length_53289_cov_67.616959_44 # 43987 # 45474 # 1 # ID=1067_44;partial=00;start_type=ATG;rbs_motif=AGGAG;rbs_spacer=5-10bp;gc_cont=0.573
NODE_898_length_11629_cov_69.552841:10314-11648|+  -            445 6355                 -           1229   3.1e-45  152.3   0.4   1   1   2.3e-47   9.2e-45  150.7   0.4   588   980    34   438    27   442 0.88 NODE_898_length_11629_cov_69.552841_10 # 10314 # 11648 # 1 # ID=379_10;partial=01;start_type=ATG;rbs_motif=AGGA;rbs_spacer=5-10bp;gc_cont=0.535
NODE_1797_length_19019_cov_77.390770:1231-2697|+   -            489 6355                 -           1229   7.9e-41  137.7   0.0   1   1   2.6e-43   1.1e-40  137.2   0.0   590  1026    18   461     4   477 0.84 NODE_1797_length_19019_cov_77.390770_2 # 1231 # 2697 # 1 # ID=838_2;partial=00;start_type=ATG;rbs_motif=GGAG/GAGG;rbs_spacer=5-10bp;gc_cont=0.586
NODE_1144_length_51838_cov_69.979935:25955-27343|+ -            463 6355                 -           1229   4.4e-37  125.3   1.2   1   1   1.4e-39   5.8e-37  124.9   1.2   594  1020    12   438     4   444 0.85 NODE_1144_length_51838_cov_69.979935_29 # 25955 # 27343 # 1 # ID=484_29;partial=00;start_type=ATG;rbs_motif=AGGAG;rbs_spacer=5-10bp;gc_cont=0.528
NODE_2423_length_37281_cov_72.162392:32471-34516|+ -            682 6355                 -           1229   5.7e-16   55.3   3.5   1   1   2.2e-18   9.1e-16   54.6   3.5   699   952   149   404   141   443 0.86 NODE_2423_length_37281_cov_72.162392_31 # 32471 # 34516 # 1 # ID=1244_31;partial=00;start_type=ATG;rbs_motif=GGAG/GAGG;rbs_spacer=5-10bp;gc_cont=0.539
NODE_2441_length_4821_cov_57.129642:327-1106|-     -            260 6355                 -           1229    0.0078   11.8   2.8   1   1     2e-05    0.0081   11.7   2.8   694   804   122   236     8   243 0.74 NODE_2441_length_4821_cov_57.129642_2 # 327 # 1106 # -1 # ID=1256_2;partial=00;start_type=ATG;rbs_motif=GGA/GAG/AGG;rbs_spacer=5-10bp;gc_cont=0.579
#
# Program:         hmmsearch
# Version:         3.4 (Aug 2023)
# Pipeline mode:   SEARCH
# Query file:      /home/simonedassisi/velvet-1.2.10/busco_downloads/lineages/enterobacteriaceae_odb12/hmms/6355at543.hmm
# Target file:     results/BUSCO_output_velveth21/prodigal_output/predicted_genes/predicted.faa
# Option settings: hmmsearch --domtblout results/BUSCO_output_velveth21/run_enterobacteriaceae_odb12/hmmer_output/6355at543.out --cpu 1 /home/simonedassisi/velvet-1.2.10/busco_downloads/lineages/enterobacteriaceae_odb12/hmms/6355at543.hmm results/BUSCO_output_velveth21/prodigal_output/predicted_genes/predicted.faa 
# Current dir:     /home/simonedassisi/velvet-1.2.10
# Date:            Wed Apr  2 19:24:10 2025
# [ok]
