#                                                                                                           --- full sequence --- -------------- this domain -------------   hmm coord   ali coord   env coord
# target name                                       accession   tlen query name           accession   qlen   E-value  score  bias   #  of  c-Evalue  i-Evalue  score  bias  from    to  from    to  from    to  acc description of target
#                               ------------------- ---------- ----- -------------------- ---------- ----- --------- ------ ----- --- --- --------- --------- ------ ----- ----- ----- ----- ----- ----- ----- ---- ---------------------
NODE_926_length_95421_cov_71.123581:87944-89416|+   -            491 6430                 -            484  2.6e-278  921.6   0.0   1   1  9.3e-281  2.9e-278  921.5   0.0     1   484     1   490     1   490 0.98 NODE_926_length_95421_cov_71.123581_77 # 87944 # 89416 # 1 # ID=386_77;partial=00;start_type=ATG;rbs_motif=GGAG/GAGG;rbs_spacer=5-10bp;gc_cont=0.520
NODE_926_length_95421_cov_71.123581:22527-23432|+   -            302 6430                 -            484   3.3e-24   83.6   0.0   1   1   1.5e-26   4.6e-24   83.1   0.0     5   162    11   173     8   214 0.85 NODE_926_length_95421_cov_71.123581_22 # 22527 # 23432 # 1 # ID=386_22;partial=00;start_type=ATG;rbs_motif=GGAG/GAGG;rbs_spacer=5-10bp;gc_cont=0.523
NODE_989_length_51512_cov_75.450089:2-1321|-        -            440 6430                 -            484   8.4e-21   72.4   0.0   1   1   3.7e-23   1.2e-20   71.9   0.0     5   165   219   379   214   410 0.82 NODE_989_length_51512_cov_75.450089_1 # 2 # 1321 # -1 # ID=419_1;partial=10;start_type=ATG;rbs_motif=AGGA;rbs_spacer=5-10bp;gc_cont=0.567
NODE_1570_length_36954_cov_78.025352:25627-26907|+  -            427 6430                 -            484   6.9e-12   43.0   0.0   1   1     3e-14   9.3e-12   42.5   0.0     2   160   197   359   196   376 0.78 NODE_1570_length_36954_cov_78.025352_25 # 25627 # 26907 # 1 # ID=708_25;partial=00;start_type=TTG;rbs_motif=GGAG/GAGG;rbs_spacer=5-10bp;gc_cont=0.538
NODE_1434_length_95894_cov_75.275742:16477-18798|+  -            774 6430                 -            484   4.3e-11   40.3   0.0   1   1   2.8e-13   8.8e-11   39.3   0.0     5   157     6   162     3   195 0.78 NODE_1434_length_95894_cov_75.275742_14 # 16477 # 18798 # 1 # ID=631_14;partial=00;start_type=ATG;rbs_motif=None;rbs_spacer=None;gc_cont=0.548
NODE_2145_length_112275_cov_77.552353:86456-89128|+ -            891 6430                 -            484   6.6e-09   33.1   0.0   1   1     5e-11   1.6e-08   31.9   0.0     3   163   392   553   390   571 0.86 NODE_2145_length_112275_cov_77.552353_83 # 86456 # 89128 # 1 # ID=1072_83;partial=00;start_type=ATG;rbs_motif=AGGA;rbs_spacer=5-10bp;gc_cont=0.535
NODE_851_length_22678_cov_82.051857:9262-9894|-     -            211 6430                 -            484   1.2e-08   32.3   0.0   1   1   5.9e-11   1.8e-08   31.7   0.0   190   362    20   193     3   206 0.80 NODE_851_length_22678_cov_82.051857_10 # 9262 # 9894 # -1 # ID=363_10;partial=00;start_type=TTG;rbs_motif=GGAG/GAGG;rbs_spacer=5-10bp;gc_cont=0.518
NODE_1601_length_842_cov_157.199524:3-860|-         -            286 6430                 -            484   1.8e-08   31.7   0.0   1   1   8.2e-11   2.5e-08   31.2   0.0     3   125    68   190    66   197 0.86 NODE_1601_length_842_cov_157.199524_1 # 3 # 860 # -1 # ID=725_1;partial=11;start_type=Edge;rbs_motif=None;rbs_spacer=None;gc_cont=0.573
NODE_2145_length_112275_cov_77.552353:70717-71889|+ -            391 6430                 -            484   4.4e-07   27.1   0.0   1   1   2.5e-09   7.8e-07   26.3   0.0     5   175   162   345   157   368 0.73 NODE_2145_length_112275_cov_77.552353_70 # 70717 # 71889 # 1 # ID=1072_70;partial=00;start_type=ATG;rbs_motif=GGAG/GAGG;rbs_spacer=5-10bp;gc_cont=0.533
NODE_2185_length_35330_cov_74.210983:31625-33052|-  -            476 6430                 -            484   1.2e-06   25.7   0.3   1   3     0.044        14    2.4   0.0   195   226    26    57     4    66 0.79 NODE_2185_length_35330_cov_74.210983_37 # 31625 # 33052 # -1 # ID=1088_37;partial=00;start_type=ATG;rbs_motif=GGA/GAG/AGG;rbs_spacer=11-12bp;gc_cont=0.543
NODE_2185_length_35330_cov_74.210983:31625-33052|-  -            476 6430                 -            484   1.2e-06   25.7   0.3   2   3   0.00085      0.26    8.1   0.0    33    68    90   125    78   131 0.86 NODE_2185_length_35330_cov_74.210983_37 # 31625 # 33052 # -1 # ID=1088_37;partial=00;start_type=ATG;rbs_motif=GGA/GAG/AGG;rbs_spacer=11-12bp;gc_cont=0.543
NODE_2185_length_35330_cov_74.210983:31625-33052|-  -            476 6430                 -            484   1.2e-06   25.7   0.3   3   3   6.2e-05     0.019   11.8   0.1   279   326   131   179   127   241 0.73 NODE_2185_length_35330_cov_74.210983_37 # 31625 # 33052 # -1 # ID=1088_37;partial=00;start_type=ATG;rbs_motif=GGA/GAG/AGG;rbs_spacer=11-12bp;gc_cont=0.543
NODE_1608_length_6412_cov_72.405022:2498-3382|-     -            295 6430                 -            484   1.7e-06   25.2   0.0   1   1   6.7e-09   2.1e-06   24.9   0.0   197   308    39   146     4   179 0.81 NODE_1608_length_6412_cov_72.405022_6 # 2498 # 3382 # -1 # ID=729_6;partial=00;start_type=ATG;rbs_motif=AGGA;rbs_spacer=5-10bp;gc_cont=0.536
NODE_482_length_21709_cov_69.527618:20585-21676|+   -            364 6430                 -            484   0.00081   16.3   0.0   1   1   4.2e-06    0.0013   15.7   0.0     6    25     6    25     1    38 0.84 NODE_482_length_21709_cov_69.527618_23 # 20585 # 21676 # 1 # ID=196_23;partial=00;start_type=ATG;rbs_motif=GGA/GAG/AGG;rbs_spacer=11-12bp;gc_cont=0.510
NODE_1044_length_78232_cov_76.088036:33096-35324|-  -            743 6430                 -            484    0.0013   15.6   0.0   1   2   0.00013     0.039   10.8   0.0   187   220    60    93    21   106 0.75 NODE_1044_length_78232_cov_76.088036_27 # 33096 # 35324 # -1 # ID=438_27;partial=00;start_type=ATG;rbs_motif=AGGA;rbs_spacer=5-10bp;gc_cont=0.515
NODE_1044_length_78232_cov_76.088036:33096-35324|-  -            743 6430                 -            484    0.0013   15.6   0.0   2   2     0.042        13    2.5   0.0    74   126   254   305   227   337 0.59 NODE_1044_length_78232_cov_76.088036_27 # 33096 # 35324 # -1 # ID=438_27;partial=00;start_type=ATG;rbs_motif=AGGA;rbs_spacer=5-10bp;gc_cont=0.515
NODE_1550_length_27465_cov_72.496376:2-937|+        -            312 6430                 -            484    0.0042   14.0   0.0   1   1   2.3e-05    0.0071   13.2   0.0   153   219    68   134    62   145 0.82 NODE_1550_length_27465_cov_72.496376_1 # 2 # 937 # 1 # ID=699_1;partial=10;start_type=Edge;rbs_motif=None;rbs_spacer=None;gc_cont=0.407
NODE_2129_length_51924_cov_72.758377:5729-7345|+    -            539 6430                 -            484     0.037   10.9   0.0   1   1   0.00062      0.19    8.5   0.0   199   319    25   155     5   173 0.64 NODE_2129_length_51924_cov_72.758377_9 # 5729 # 7345 # 1 # ID=1066_9;partial=00;start_type=ATG;rbs_motif=None;rbs_spacer=None;gc_cont=0.533
NODE_851_length_22678_cov_82.051857:17530-19353|+   -            608 6430                 -            484     0.039   10.8   0.0   1   1   0.00039      0.12    9.2   0.0    33   122    51   132     4   150 0.78 NODE_851_length_22678_cov_82.051857_18 # 17530 # 19353 # 1 # ID=363_18;partial=00;start_type=GTG;rbs_motif=GGAG/GAGG;rbs_spacer=5-10bp;gc_cont=0.533
NODE_1441_length_52686_cov_76.197510:10079-11992|+  -            638 6430                 -            484     0.049   10.5   0.0   1   2       0.1        33    1.2   0.0     5    23    30    48    21    54 0.70 NODE_1441_length_52686_cov_76.197510_15 # 10079 # 11992 # 1 # ID=633_15;partial=00;start_type=ATG;rbs_motif=None;rbs_spacer=None;gc_cont=0.553
NODE_1441_length_52686_cov_76.197510:10079-11992|+  -            638 6430                 -            484     0.049   10.5   0.0   2   2    0.0023      0.73    6.6   0.0     5    61   341   396   339   409 0.85 NODE_1441_length_52686_cov_76.197510_15 # 10079 # 11992 # 1 # ID=633_15;partial=00;start_type=ATG;rbs_motif=None;rbs_spacer=None;gc_cont=0.553
#
# Program:         hmmsearch
# Version:         3.4 (Aug 2023)
# Pipeline mode:   SEARCH
# Query file:      /home/simonedassisi/velvet-1.2.10/busco_downloads/lineages/enterobacteriaceae_odb12/hmms/6430at543.hmm
# Target file:     results/BUSCO_output_velveth21/prodigal_output/predicted_genes/predicted.faa
# Option settings: hmmsearch --domtblout results/BUSCO_output_velveth21/run_enterobacteriaceae_odb12/hmmer_output/6430at543.out --cpu 1 /home/simonedassisi/velvet-1.2.10/busco_downloads/lineages/enterobacteriaceae_odb12/hmms/6430at543.hmm results/BUSCO_output_velveth21/prodigal_output/predicted_genes/predicted.faa 
# Current dir:     /home/simonedassisi/velvet-1.2.10
# Date:            Wed Apr  2 19:24:10 2025
# [ok]
