#                                                                                                          --- full sequence --- -------------- this domain -------------   hmm coord   ali coord   env coord
# target name                                      accession   tlen query name           accession   qlen   E-value  score  bias   #  of  c-Evalue  i-Evalue  score  bias  from    to  from    to  from    to  acc description of target
#                              ------------------- ---------- ----- -------------------- ---------- ----- --------- ------ ----- --- --- --------- --------- ------ ----- ----- ----- ----- ----- ----- ----- ---- ---------------------
NODE_2129_length_51924_cov_72.758377:48702-50618|+ -            639 6708                 -            631         0 1380.9  25.6   1   1         0         0 1380.7  25.6     1   631     1   638     1   638 0.99 NODE_2129_length_51924_cov_72.758377_50 # 48702 # 50618 # 1 # ID=1066_50;partial=00;start_type=ATG;rbs_motif=GGAG/GAGG;rbs_spacer=5-10bp;gc_cont=0.512
NODE_926_length_95421_cov_71.123581:66691-68541|+  -            617 6708                 -            631    3e-143  476.4   4.9   1   1  4.6e-146  4.1e-143  476.0   4.9     6   602    23   599    20   616 0.94 NODE_926_length_95421_cov_71.123581_62 # 66691 # 68541 # 1 # ID=386_62;partial=00;start_type=ATG;rbs_motif=GGA/GAG/AGG;rbs_spacer=5-10bp;gc_cont=0.577
NODE_1062_length_63423_cov_73.241127:16923-18035|- -            371 6708                 -            631   4.3e-67  224.8   0.0   1   2   1.6e-14   1.4e-11   41.5   0.0     5    75     8    78     5    84 0.95 NODE_1062_length_63423_cov_73.241127_18 # 16923 # 18035 # -1 # ID=442_18;partial=00;start_type=ATG;rbs_motif=None;rbs_spacer=None;gc_cont=0.498
NODE_1062_length_63423_cov_73.241127:16923-18035|- -            371 6708                 -            631   4.3e-67  224.8   0.0   2   2   1.4e-56   1.3e-53  180.4   0.0   110   403    89   368    79   369 0.87 NODE_1062_length_63423_cov_73.241127_18 # 16923 # 18035 # -1 # ID=442_18;partial=00;start_type=ATG;rbs_motif=None;rbs_spacer=None;gc_cont=0.498
NODE_1155_length_53173_cov_69.651268:27203-28555|- -            451 6708                 -            631   4.1e-14   49.8   0.0   1   2   4.5e-09     4e-06   23.4   0.0     4   207     2   228     1   262 0.68 NODE_1155_length_53173_cov_69.651268_24 # 27203 # 28555 # -1 # ID=488_24;partial=00;start_type=GTG;rbs_motif=GGA/GAG/AGG;rbs_spacer=5-10bp;gc_cont=0.562
NODE_1155_length_53173_cov_69.651268:27203-28555|- -            451 6708                 -            631   4.1e-14   49.8   0.0   2   2   1.1e-08     1e-05   22.1   0.0   234   356   306   422   298   442 0.82 NODE_1155_length_53173_cov_69.651268_24 # 27203 # 28555 # -1 # ID=488_24;partial=00;start_type=GTG;rbs_motif=GGA/GAG/AGG;rbs_spacer=5-10bp;gc_cont=0.562
NODE_2145_length_112275_cov_77.552353:8694-9737|+  -            348 6708                 -            631   6.9e-07   26.0   0.0   1   1   1.2e-09   1.1e-06   25.3   0.0   126   242    98   204    66   210 0.81 NODE_2145_length_112275_cov_77.552353_8 # 8694 # 9737 # 1 # ID=1072_8;partial=00;start_type=ATG;rbs_motif=AGGA/GGAG/GAGG;rbs_spacer=11-12bp;gc_cont=0.545
NODE_215_length_65836_cov_69.504402:119-955|+      -            279 6708                 -            631     0.013   11.9   0.1   1   1   2.1e-05     0.018   11.3   0.1   160   210   115   159    97   186 0.87 NODE_215_length_65836_cov_69.504402_2 # 119 # 955 # 1 # ID=52_2;partial=00;start_type=ATG;rbs_motif=AGGAG;rbs_spacer=5-10bp;gc_cont=0.585
#
# Program:         hmmsearch
# Version:         3.4 (Aug 2023)
# Pipeline mode:   SEARCH
# Query file:      /home/simonedassisi/velvet-1.2.10/busco_downloads/lineages/enterobacteriaceae_odb12/hmms/6708at543.hmm
# Target file:     results/BUSCO_output_velveth21/prodigal_output/predicted_genes/predicted.faa
# Option settings: hmmsearch --domtblout results/BUSCO_output_velveth21/run_enterobacteriaceae_odb12/hmmer_output/6708at543.out --cpu 1 /home/simonedassisi/velvet-1.2.10/busco_downloads/lineages/enterobacteriaceae_odb12/hmms/6708at543.hmm results/BUSCO_output_velveth21/prodigal_output/predicted_genes/predicted.faa 
# Current dir:     /home/simonedassisi/velvet-1.2.10
# Date:            Wed Apr  2 19:24:11 2025
# [ok]
