#                                                                                                         --- full sequence --- -------------- this domain -------------   hmm coord   ali coord   env coord
# target name                                     accession   tlen query name           accession   qlen   E-value  score  bias   #  of  c-Evalue  i-Evalue  score  bias  from    to  from    to  from    to  acc description of target
#                             ------------------- ---------- ----- -------------------- ---------- ----- --------- ------ ----- --- --- --------- --------- ------ ----- ----- ----- ----- ----- ----- ----- ---- ---------------------
NODE_614_length_35137_cov_72.104843:23891-25501|- -            537 7282                 -            536         0 1047.0  28.4   1   1         0         0 1046.8  28.4     1   536     1   536     1   536 1.00 NODE_614_length_35137_cov_72.104843_20 # 23891 # 25501 # -1 # ID=265_20;partial=00;start_type=ATG;rbs_motif=GGA/GAG/AGG;rbs_spacer=5-10bp;gc_cont=0.580
NODE_1113_length_19431_cov_68.618652:3624-4313|-  -            230 7282                 -            536   8.2e-17   59.2   6.8   1   1   1.4e-19   1.1e-16   58.8   6.8    53   267     8   222     2   227 0.92 NODE_1113_length_19431_cov_68.618652_5 # 3624 # 4313 # -1 # ID=473_5;partial=00;start_type=ATG;rbs_motif=3Base/5BMM;rbs_spacer=13-15bp;gc_cont=0.538
NODE_215_length_65836_cov_69.504402:21571-22446|+ -            292 7282                 -            536   2.1e-15   54.6   9.9   1   1   3.4e-18   2.6e-15   54.3   9.9    15   271    25   283    13   291 0.84 NODE_215_length_65836_cov_69.504402_24 # 21571 # 22446 # 1 # ID=52_24;partial=00;start_type=ATG;rbs_motif=GGA/GAG/AGG;rbs_spacer=5-10bp;gc_cont=0.564
NODE_215_length_65836_cov_69.504402:20738-21571|+ -            278 7282                 -            536   2.9e-15   54.1  13.6   1   1   4.5e-18   3.4e-15   53.9  13.6    19   260    20   262     2   274 0.79 NODE_215_length_65836_cov_69.504402_23 # 20738 # 21571 # 1 # ID=52_23;partial=00;start_type=ATG;rbs_motif=GGxGG;rbs_spacer=5-10bp;gc_cont=0.565
NODE_739_length_21936_cov_71.932304:11203-11997|- -            265 7282                 -            536   9.4e-10   35.9   7.5   1   2   1.5e-08   1.1e-05   22.5   6.7    50   209    59   203    24   207 0.84 NODE_739_length_21936_cov_71.932304_12 # 11203 # 11997 # -1 # ID=309_12;partial=00;start_type=ATG;rbs_motif=GGAG/GAGG;rbs_spacer=5-10bp;gc_cont=0.546
NODE_739_length_21936_cov_71.932304:11203-11997|- -            265 7282                 -            536   9.4e-10   35.9   7.5   2   2   4.1e-07   0.00031   17.7   0.0   442   517   170   245   169   251 0.80 NODE_739_length_21936_cov_71.932304_12 # 11203 # 11997 # -1 # ID=309_12;partial=00;start_type=ATG;rbs_motif=GGAG/GAGG;rbs_spacer=5-10bp;gc_cont=0.546
NODE_2513_length_11127_cov_68.835533:8868-9662|+  -            265 7282                 -            536   1.9e-07   28.3  11.4   1   1   3.6e-09   2.7e-06   24.5  11.4    26   271    30   258    10   263 0.81 NODE_2513_length_11127_cov_68.835533_9 # 8868 # 9662 # 1 # ID=1309_9;partial=00;start_type=ATG;rbs_motif=AGxAGG/AGGxGG;rbs_spacer=5-10bp;gc_cont=0.498
NODE_346_length_26317_cov_69.933388:24251-25132|- -            294 7282                 -            536   7.4e-06   23.1  14.1   1   1   1.3e-08   9.5e-06   22.7  14.1    41   263    58   285    17   291 0.78 NODE_346_length_26317_cov_69.933388_24 # 24251 # 25132 # -1 # ID=105_24;partial=00;start_type=ATG;rbs_motif=AGGA;rbs_spacer=5-10bp;gc_cont=0.542
#
# Program:         hmmsearch
# Version:         3.4 (Aug 2023)
# Pipeline mode:   SEARCH
# Query file:      /home/simonedassisi/velvet-1.2.10/busco_downloads/lineages/enterobacteriaceae_odb12/hmms/7282at543.hmm
# Target file:     results/BUSCO_output_velveth21/prodigal_output/predicted_genes/predicted.faa
# Option settings: hmmsearch --domtblout results/BUSCO_output_velveth21/run_enterobacteriaceae_odb12/hmmer_output/7282at543.out --cpu 1 /home/simonedassisi/velvet-1.2.10/busco_downloads/lineages/enterobacteriaceae_odb12/hmms/7282at543.hmm results/BUSCO_output_velveth21/prodigal_output/predicted_genes/predicted.faa 
# Current dir:     /home/simonedassisi/velvet-1.2.10
# Date:            Wed Apr  2 19:24:13 2025
# [ok]
