#                                                                                                         --- full sequence --- -------------- this domain -------------   hmm coord   ali coord   env coord
# target name                                     accession   tlen query name           accession   qlen   E-value  score  bias   #  of  c-Evalue  i-Evalue  score  bias  from    to  from    to  from    to  acc description of target
#                             ------------------- ---------- ----- -------------------- ---------- ----- --------- ------ ----- --- --- --------- --------- ------ ----- ----- ----- ----- ----- ----- ----- ---- ---------------------
NODE_718_length_90501_cov_69.003258:80586-81284|+ -            233 7584                 -            197  3.5e-111  367.8   8.0   1   2   3.8e-85   5.1e-82  272.7   1.7     1   141     1   149     1   153 0.91 NODE_718_length_90501_cov_69.003258_82 # 80586 # 81284 # 1 # ID=299_82;partial=00;start_type=ATG;rbs_motif=AGGA;rbs_spacer=5-10bp;gc_cont=0.531
NODE_718_length_90501_cov_69.003258:80586-81284|+ -            233 7584                 -            197  3.5e-111  367.8   8.0   2   2   3.2e-32   4.2e-29   99.9   0.9   115   197   149   232   144   232 0.79 NODE_718_length_90501_cov_69.003258_82 # 80586 # 81284 # 1 # ID=299_82;partial=00;start_type=ATG;rbs_motif=AGGA;rbs_spacer=5-10bp;gc_cont=0.531
NODE_1772_length_2563_cov_160.722595:401-1066|+   -            222 7584                 -            197   6.2e-10   37.4   0.9   1   2      0.36   4.8e+02   -1.4   0.3   114   127    64    77    57    89 0.47 NODE_1772_length_2563_cov_160.722595_2 # 401 # 1066 # 1 # ID=822_2;partial=00;start_type=ATG;rbs_motif=GGAG/GAGG;rbs_spacer=5-10bp;gc_cont=0.434
NODE_1772_length_2563_cov_160.722595:401-1066|+   -            222 7584                 -            197   6.2e-10   37.4   0.9   2   2   6.6e-13   8.7e-10   36.9   0.0    15   121    89   198    75   215 0.84 NODE_1772_length_2563_cov_160.722595_2 # 401 # 1066 # 1 # ID=822_2;partial=00;start_type=ATG;rbs_motif=GGAG/GAGG;rbs_spacer=5-10bp;gc_cont=0.434
NODE_271_length_10277_cov_124.535271:3183-3743|-  -            187 7584                 -            197   8.6e-10   36.9   2.1   1   2     0.019        25    2.8   0.2    40    65    41    68    31    70 0.73 NODE_271_length_10277_cov_124.535271_5 # 3183 # 3743 # -1 # ID=76_5;partial=00;start_type=ATG;rbs_motif=GGA/GAG/AGG;rbs_spacer=5-10bp;gc_cont=0.565
NODE_271_length_10277_cov_124.535271:3183-3743|-  -            187 7584                 -            197   8.6e-10   36.9   2.1   2   2   5.2e-12   6.9e-09   34.0   0.1    31   115    93   176    69   183 0.82 NODE_271_length_10277_cov_124.535271_5 # 3183 # 3743 # -1 # ID=76_5;partial=00;start_type=ATG;rbs_motif=GGA/GAG/AGG;rbs_spacer=5-10bp;gc_cont=0.565
NODE_1133_length_8077_cov_114.284264:6640-7242|+  -            201 7584                 -            197   2.2e-06   25.8   0.2   1   2      0.35   4.6e+02   -1.4   0.2   127   140    63    76    49    94 0.56 NODE_1133_length_8077_cov_114.284264_10 # 6640 # 7242 # 1 # ID=481_10;partial=00;start_type=ATG;rbs_motif=GGAG/GAGG;rbs_spacer=5-10bp;gc_cont=0.489
NODE_1133_length_8077_cov_114.284264:6640-7242|+  -            201 7584                 -            197   2.2e-06   25.8   0.2   2   2   4.4e-09   5.8e-06   24.4   0.0    20   115    94   195    82   199 0.82 NODE_1133_length_8077_cov_114.284264_10 # 6640 # 7242 # 1 # ID=481_10;partial=00;start_type=ATG;rbs_motif=GGAG/GAGG;rbs_spacer=5-10bp;gc_cont=0.489
#
# Program:         hmmsearch
# Version:         3.4 (Aug 2023)
# Pipeline mode:   SEARCH
# Query file:      /home/simonedassisi/velvet-1.2.10/busco_downloads/lineages/enterobacteriaceae_odb12/hmms/7584at543.hmm
# Target file:     results/BUSCO_output_velveth21/prodigal_output/predicted_genes/predicted.faa
# Option settings: hmmsearch --domtblout results/BUSCO_output_velveth21/run_enterobacteriaceae_odb12/hmmer_output/7584at543.out --cpu 1 /home/simonedassisi/velvet-1.2.10/busco_downloads/lineages/enterobacteriaceae_odb12/hmms/7584at543.hmm results/BUSCO_output_velveth21/prodigal_output/predicted_genes/predicted.faa 
# Current dir:     /home/simonedassisi/velvet-1.2.10
# Date:            Wed Apr  2 19:24:14 2025
# [ok]
