#                                                                                                           --- full sequence --- -------------- this domain -------------   hmm coord   ali coord   env coord
# target name                                       accession   tlen query name           accession   qlen   E-value  score  bias   #  of  c-Evalue  i-Evalue  score  bias  from    to  from    to  from    to  acc description of target
#                               ------------------- ---------- ----- -------------------- ---------- ----- --------- ------ ----- --- --- --------- --------- ------ ----- ----- ----- ----- ----- ----- ----- ---- ---------------------
NODE_592_length_39318_cov_75.666641:26164-27588|+   -            475 8347                 -            473  1.8e-297  984.5   4.6   1   1  7.6e-300  2.1e-297  984.3   4.6     1   473     1   473     1   473 1.00 NODE_592_length_39318_cov_75.666641_24 # 26164 # 27588 # 1 # ID=257_24;partial=00;start_type=ATG;rbs_motif=GGAG/GAGG;rbs_spacer=5-10bp;gc_cont=0.529
NODE_1229_length_78306_cov_70.440285:36854-38179|-  -            442 8347                 -            473   1.1e-71  240.1   1.2   1   1   2.9e-72   7.9e-70  233.9   1.2     6   453     3   434     2   439 0.92 NODE_1229_length_78306_cov_70.440285_34 # 36854 # 38179 # -1 # ID=529_34;partial=00;start_type=ATG;rbs_motif=AGGA;rbs_spacer=5-10bp;gc_cont=0.456
NODE_2487_length_42213_cov_77.013382:35305-36705|-  -            467 8347                 -            473   4.9e-68  228.0   0.0   1   1   2.1e-70   5.8e-68  227.8   0.0     8   456     8   458     1   460 0.90 NODE_2487_length_42213_cov_77.013382_28 # 35305 # 36705 # -1 # ID=1291_28;partial=00;start_type=ATG;rbs_motif=GGA/GAG/AGG;rbs_spacer=11-12bp;gc_cont=0.520
NODE_1420_length_27396_cov_73.038727:21201-22553|+  -            451 8347                 -            473   9.7e-57  190.8   0.6   1   1   4.5e-59   1.2e-56  190.4   0.6    10   450     8   444     3   449 0.90 NODE_1420_length_27396_cov_73.038727_17 # 21201 # 22553 # 1 # ID=628_17;partial=00;start_type=ATG;rbs_motif=AGGA;rbs_spacer=5-10bp;gc_cont=0.538
NODE_1441_length_52686_cov_76.197510:22801-25344|+  -            848 8347                 -            473     6e-14   49.7   0.0   1   2   5.2e-16   1.5e-13   48.4   0.0    73   318    34   286    18   318 0.81 NODE_1441_length_52686_cov_76.197510_28 # 22801 # 25344 # 1 # ID=633_28;partial=00;start_type=ATG;rbs_motif=GGAG/GAGG;rbs_spacer=5-10bp;gc_cont=0.546
NODE_1441_length_52686_cov_76.197510:22801-25344|+  -            848 8347                 -            473     6e-14   49.7   0.0   2   2       1.8   5.1e+02   -2.9   0.0   397   440   357   402   350   407 0.74 NODE_1441_length_52686_cov_76.197510_28 # 22801 # 25344 # 1 # ID=633_28;partial=00;start_type=ATG;rbs_motif=GGAG/GAGG;rbs_spacer=5-10bp;gc_cont=0.546
NODE_1709_length_68036_cov_72.575531:15607-16572|+  -            322 8347                 -            473   3.1e-11   40.7   0.2   1   2   1.1e-05     0.003   14.4   0.0     5    40     5    40     1    52 0.85 NODE_1709_length_68036_cov_72.575531_12 # 15607 # 16572 # 1 # ID=785_12;partial=00;start_type=ATG;rbs_motif=GGA/GAG/AGG;rbs_spacer=3-4bp;gc_cont=0.531
NODE_1709_length_68036_cov_72.575531:15607-16572|+  -            322 8347                 -            473   3.1e-11   40.7   0.2   2   2   7.7e-09   2.1e-06   24.8   0.0   138   317   106   291    63   307 0.70 NODE_1709_length_68036_cov_72.575531_12 # 15607 # 16572 # 1 # ID=785_12;partial=00;start_type=ATG;rbs_motif=GGA/GAG/AGG;rbs_spacer=3-4bp;gc_cont=0.531
NODE_2203_length_18352_cov_67.631538:9006-10139|-   -            378 8347                 -            473   1.2e-10   38.8   0.0   1   1   5.5e-13   1.5e-10   38.4   0.0   134   314    96   274    65   285 0.79 NODE_2203_length_18352_cov_67.631538_9 # 9006 # 10139 # -1 # ID=1097_9;partial=00;start_type=ATG;rbs_motif=GGAGG;rbs_spacer=3-4bp;gc_cont=0.540
NODE_926_length_95421_cov_71.123581:52531-53733|-   -            401 8347                 -            473   7.5e-09   32.9   0.0   1   1   3.6e-11     1e-08   32.4   0.0   120   315    84   277    58   288 0.77 NODE_926_length_95421_cov_71.123581_46 # 52531 # 53733 # -1 # ID=386_46;partial=00;start_type=ATG;rbs_motif=AGGA;rbs_spacer=5-10bp;gc_cont=0.542
NODE_2145_length_112275_cov_77.552353:41856-43274|- -            473 8347                 -            473   1.2e-08   32.2   0.4   1   2   6.2e-05     0.017   11.9   0.1     7    44   147   184   142   198 0.90 NODE_2145_length_112275_cov_77.552353_40 # 41856 # 43274 # -1 # ID=1072_40;partial=00;start_type=ATG;rbs_motif=GGA/GAG/AGG;rbs_spacer=5-10bp;gc_cont=0.558
NODE_2145_length_112275_cov_77.552353:41856-43274|- -            473 8347                 -            473   1.2e-08   32.2   0.4   2   2   9.2e-07   0.00026   17.9   0.0   264   335   392   466   381   469 0.86 NODE_2145_length_112275_cov_77.552353_40 # 41856 # 43274 # -1 # ID=1072_40;partial=00;start_type=ATG;rbs_motif=GGA/GAG/AGG;rbs_spacer=5-10bp;gc_cont=0.558
NODE_1082_length_35501_cov_69.030113:30304-31899|+  -            532 8347                 -            473   1.3e-08   32.1   3.3   1   2    0.0021      0.59    6.8   0.2     8    36   224   252   218   265 0.84 NODE_1082_length_35501_cov_69.030113_28 # 30304 # 31899 # 1 # ID=452_28;partial=00;start_type=ATG;rbs_motif=GGAG/GAGG;rbs_spacer=5-10bp;gc_cont=0.527
NODE_1082_length_35501_cov_69.030113:30304-31899|+  -            532 8347                 -            473   1.3e-08   32.1   3.3   2   2   3.2e-09   8.9e-07   26.0   0.4   134   318   321   503   260   514 0.69 NODE_1082_length_35501_cov_69.030113_28 # 30304 # 31899 # 1 # ID=452_28;partial=00;start_type=ATG;rbs_motif=GGAG/GAGG;rbs_spacer=5-10bp;gc_cont=0.527
NODE_1852_length_52597_cov_77.721466:18040-21138|+  -           1033 8347                 -            473     3e-07   27.6   0.3   1   3     4e-05     0.011   12.5   0.1     9    48   553   592   548   619 0.88 NODE_1852_length_52597_cov_77.721466_15 # 18040 # 21138 # 1 # ID=868_15;partial=00;start_type=ATG;rbs_motif=AGGAG;rbs_spacer=5-10bp;gc_cont=0.522
NODE_1852_length_52597_cov_77.721466:18040-21138|+  -           1033 8347                 -            473     3e-07   27.6   0.3   2   3      0.48   1.3e+02   -0.9   0.0   135   184   632   687   601   698 0.68 NODE_1852_length_52597_cov_77.721466_15 # 18040 # 21138 # 1 # ID=868_15;partial=00;start_type=ATG;rbs_motif=AGGAG;rbs_spacer=5-10bp;gc_cont=0.522
NODE_1852_length_52597_cov_77.721466:18040-21138|+  -           1033 8347                 -            473     3e-07   27.6   0.3   3   3   7.4e-05     0.021   11.6   0.0   263   318   777   830   762   855 0.86 NODE_1852_length_52597_cov_77.721466_15 # 18040 # 21138 # 1 # ID=868_15;partial=00;start_type=ATG;rbs_motif=AGGAG;rbs_spacer=5-10bp;gc_cont=0.522
NODE_1893_length_14543_cov_71.521904:4483-6462|+    -            660 8347                 -            473   7.6e-07   26.2   0.1   1   2   0.00023     0.065   10.0   0.0     3    47   324   367   322   395 0.86 NODE_1893_length_14543_cov_71.521904_3 # 4483 # 6462 # 1 # ID=898_3;partial=00;start_type=ATG;rbs_motif=AGxAGG/AGGxGG;rbs_spacer=5-10bp;gc_cont=0.555
NODE_1893_length_14543_cov_71.521904:4483-6462|+    -            660 8347                 -            473   7.6e-07   26.2   0.1   2   2   1.5e-05    0.0043   13.9   0.0   265   335   574   647   564   653 0.84 NODE_1893_length_14543_cov_71.521904_3 # 4483 # 6462 # 1 # ID=898_3;partial=00;start_type=ATG;rbs_motif=AGxAGG/AGGxGG;rbs_spacer=5-10bp;gc_cont=0.555
NODE_299_length_31306_cov_74.835876:15792-16745|+   -            318 8347                 -            473   2.3e-06   24.6   0.1   1   3   0.00012     0.033   11.0   0.0     6    54    19    67    16    86 0.87 NODE_299_length_31306_cov_74.835876_12 # 15792 # 16745 # 1 # ID=91_12;partial=00;start_type=GTG;rbs_motif=None;rbs_spacer=None;gc_cont=0.563
NODE_299_length_31306_cov_74.835876:15792-16745|+   -            318 8347                 -            473   2.3e-06   24.6   0.1   2   3   0.00088      0.24    8.1   0.0   134   191    98   156    78   166 0.82 NODE_299_length_31306_cov_74.835876_12 # 15792 # 16745 # 1 # ID=91_12;partial=00;start_type=GTG;rbs_motif=None;rbs_spacer=None;gc_cont=0.563
NODE_299_length_31306_cov_74.835876:15792-16745|+   -            318 8347                 -            473   2.3e-06   24.6   0.1   3   3     0.061        17    2.0   0.0   109   151   233   276   225   290 0.70 NODE_299_length_31306_cov_74.835876_12 # 15792 # 16745 # 1 # ID=91_12;partial=00;start_type=GTG;rbs_motif=None;rbs_spacer=None;gc_cont=0.563
NODE_1709_length_68036_cov_72.575531:48960-50198|+  -            413 8347                 -            473     9e-05   19.4   1.7   1   3   0.00074      0.21    8.3   0.0     5    44   123   162   120   169 0.89 NODE_1709_length_68036_cov_72.575531_45 # 48960 # 50198 # 1 # ID=785_45;partial=00;start_type=ATG;rbs_motif=AGGA;rbs_spacer=5-10bp;gc_cont=0.512
NODE_1709_length_68036_cov_72.575531:48960-50198|+  -            413 8347                 -            473     9e-05   19.4   1.7   2   3    0.0096       2.7    4.7   0.1   173   200   251   278   242   300 0.88 NODE_1709_length_68036_cov_72.575531_45 # 48960 # 50198 # 1 # ID=785_45;partial=00;start_type=ATG;rbs_motif=AGGA;rbs_spacer=5-10bp;gc_cont=0.512
NODE_1709_length_68036_cov_72.575531:48960-50198|+  -            413 8347                 -            473     9e-05   19.4   1.7   3   3     0.017       4.7    3.9   0.0   299   336   366   403   312   408 0.86 NODE_1709_length_68036_cov_72.575531_45 # 48960 # 50198 # 1 # ID=785_45;partial=00;start_type=ATG;rbs_motif=AGGA;rbs_spacer=5-10bp;gc_cont=0.512
NODE_119_length_16890_cov_72.888870:10105-11376|-   -            424 8347                 -            473   0.00082   16.2   0.0   1   1   3.9e-06    0.0011   15.8   0.0     7    55     5    53     1    67 0.85 NODE_119_length_16890_cov_72.888870_10 # 10105 # 11376 # -1 # ID=24_10;partial=00;start_type=ATG;rbs_motif=3Base/5BMM;rbs_spacer=13-15bp;gc_cont=0.557
NODE_718_length_90501_cov_69.003258:64061-65239|-   -            393 8347                 -            473     0.016   12.0   0.0   1   1   8.7e-05     0.024   11.4   0.0     6    40    12    46     8    54 0.93 NODE_718_length_90501_cov_69.003258_62 # 64061 # 65239 # -1 # ID=299_62;partial=00;start_type=ATG;rbs_motif=GGA/GAG/AGG;rbs_spacer=5-10bp;gc_cont=0.539
NODE_662_length_38641_cov_68.282883:27470-29098|-   -            543 8347                 -            473     0.017   11.9   0.1   1   1     9e-05     0.025   11.4   0.1     7    77     9    80     3    89 0.84 NODE_662_length_38641_cov_68.282883_30 # 27470 # 29098 # -1 # ID=281_30;partial=00;start_type=ATG;rbs_motif=GGAG/GAGG;rbs_spacer=5-10bp;gc_cont=0.572
NODE_1852_length_52597_cov_77.721466:30981-32900|-  -            640 8347                 -            473     0.033   11.0   0.1   1   2   0.00036       0.1    9.3   0.0     8    49   312   352   307   372 0.88 NODE_1852_length_52597_cov_77.721466_23 # 30981 # 32900 # -1 # ID=868_23;partial=00;start_type=ATG;rbs_motif=GGA/GAG/AGG;rbs_spacer=5-10bp;gc_cont=0.528
NODE_1852_length_52597_cov_77.721466:30981-32900|-  -            640 8347                 -            473     0.033   11.0   0.1   2   2       1.1   3.1e+02   -2.2   0.0   283   331   574   626   557   631 0.71 NODE_1852_length_52597_cov_77.721466_23 # 30981 # 32900 # -1 # ID=868_23;partial=00;start_type=ATG;rbs_motif=GGA/GAG/AGG;rbs_spacer=5-10bp;gc_cont=0.528
NODE_2492_length_5591_cov_71.840454:2503-3792|+     -            430 8347                 -            473     0.041   10.6   0.2   1   1   0.00023     0.065   10.0   0.2     8    46     7    45     2    66 0.85 NODE_2492_length_5591_cov_71.840454_4 # 2503 # 3792 # 1 # ID=1295_4;partial=00;start_type=ATG;rbs_motif=GGAG/GAGG;rbs_spacer=5-10bp;gc_cont=0.544
#
# Program:         hmmsearch
# Version:         3.4 (Aug 2023)
# Pipeline mode:   SEARCH
# Query file:      /home/simonedassisi/velvet-1.2.10/busco_downloads/lineages/enterobacteriaceae_odb12/hmms/8347at543.hmm
# Target file:     results/BUSCO_output_velveth21/prodigal_output/predicted_genes/predicted.faa
# Option settings: hmmsearch --domtblout results/BUSCO_output_velveth21/run_enterobacteriaceae_odb12/hmmer_output/8347at543.out --cpu 1 /home/simonedassisi/velvet-1.2.10/busco_downloads/lineages/enterobacteriaceae_odb12/hmms/8347at543.hmm results/BUSCO_output_velveth21/prodigal_output/predicted_genes/predicted.faa 
# Current dir:     /home/simonedassisi/velvet-1.2.10
# Date:            Wed Apr  2 19:24:15 2025
# [ok]
