#                                                                                                         --- full sequence --- -------------- this domain -------------   hmm coord   ali coord   env coord
# target name                                     accession   tlen query name           accession   qlen   E-value  score  bias   #  of  c-Evalue  i-Evalue  score  bias  from    to  from    to  from    to  acc description of target
#                             ------------------- ---------- ----- -------------------- ---------- ----- --------- ------ ----- --- --- --------- --------- ------ ----- ----- ----- ----- ----- ----- ----- ---- ---------------------
NODE_215_length_65836_cov_69.504402:28899-29870|- -            324 9629                 -            322  1.7e-208  689.5   0.8   1   1  2.5e-211  1.9e-208  689.3   0.8     1   322     1   322     1   322 1.00 NODE_215_length_65836_cov_69.504402_32 # 28899 # 29870 # -1 # ID=52_32;partial=00;start_type=ATG;rbs_motif=AGGA;rbs_spacer=5-10bp;gc_cont=0.503
NODE_215_length_65836_cov_69.504402:23656-24567|+ -            304 9629                 -            322   6.6e-75  250.5   0.2   1   1   1.4e-76   1.1e-73  246.5   0.2    10   314     6   294     2   300 0.93 NODE_215_length_65836_cov_69.504402_26 # 23656 # 24567 # 1 # ID=52_26;partial=00;start_type=GTG;rbs_motif=GGA/GAG/AGG;rbs_spacer=5-10bp;gc_cont=0.556
NODE_888_length_35781_cov_80.233421:8401-9948|+   -            516 9629                 -            322   7.4e-10   36.7   0.1   1   1   1.4e-12   1.1e-09   36.2   0.1    15   301    33   317    27   332 0.79 NODE_888_length_35781_cov_80.233421_8 # 8401 # 9948 # 1 # ID=375_8;partial=00;start_type=ATG;rbs_motif=GGxGG;rbs_spacer=3-4bp;gc_cont=0.578
NODE_2307_length_13610_cov_73.163849:1034-2023|+  -            330 9629                 -            322   1.3e-07   29.4   0.9   1   1   2.2e-10   1.7e-07   29.0   0.9    25   301    41   311    24   323 0.75 NODE_2307_length_13610_cov_73.163849_2 # 1034 # 2023 # 1 # ID=1157_2;partial=00;start_type=ATG;rbs_motif=GGAG/GAGG;rbs_spacer=5-10bp;gc_cont=0.459
NODE_2132_length_53289_cov_67.616959:620-1813|-   -            398 9629                 -            322   1.6e-06   25.8   0.1   1   2    0.0098       7.4    3.9   0.0    65   192   107   248    95   281 0.65 NODE_2132_length_53289_cov_67.616959_2 # 620 # 1813 # -1 # ID=1067_2;partial=00;start_type=ATG;rbs_motif=AGGA;rbs_spacer=5-10bp;gc_cont=0.544
NODE_2132_length_53289_cov_67.616959:620-1813|-   -            398 9629                 -            322   1.6e-06   25.8   0.1   2   2   1.5e-07   0.00012   19.7   0.0   248   309   325   386   314   392 0.92 NODE_2132_length_53289_cov_67.616959_2 # 620 # 1813 # -1 # ID=1067_2;partial=00;start_type=ATG;rbs_motif=AGGA;rbs_spacer=5-10bp;gc_cont=0.544
NODE_1852_length_52597_cov_77.721466:9670-10866|+ -            399 9629                 -            322   0.00036   18.1   0.2   1   1   5.2e-06    0.0039   14.6   0.2    58   211   108   266   100   294 0.61 NODE_1852_length_52597_cov_77.721466_8 # 9670 # 10866 # 1 # ID=868_8;partial=00;start_type=ATG;rbs_motif=AGGA;rbs_spacer=5-10bp;gc_cont=0.536
NODE_190_length_21144_cov_76.620888:14157-15485|- -            443 9629                 -            322     0.028   11.8   0.0   1   1   0.00015      0.11    9.9   0.0    68   290   166   409   155   416 0.65 NODE_190_length_21144_cov_76.620888_10 # 14157 # 15485 # -1 # ID=47_10;partial=00;start_type=ATG;rbs_motif=GGA/GAG/AGG;rbs_spacer=5-10bp;gc_cont=0.509
#
# Program:         hmmsearch
# Version:         3.4 (Aug 2023)
# Pipeline mode:   SEARCH
# Query file:      /home/simonedassisi/velvet-1.2.10/busco_downloads/lineages/enterobacteriaceae_odb12/hmms/9629at543.hmm
# Target file:     results/BUSCO_output_velveth21/prodigal_output/predicted_genes/predicted.faa
# Option settings: hmmsearch --domtblout results/BUSCO_output_velveth21/run_enterobacteriaceae_odb12/hmmer_output/9629at543.out --cpu 1 /home/simonedassisi/velvet-1.2.10/busco_downloads/lineages/enterobacteriaceae_odb12/hmms/9629at543.hmm results/BUSCO_output_velveth21/prodigal_output/predicted_genes/predicted.faa 
# Current dir:     /home/simonedassisi/velvet-1.2.10
# Date:            Wed Apr  2 19:24:16 2025
# [ok]
