#                                                                                                        --- full sequence --- -------------- this domain -------------   hmm coord   ali coord   env coord
# target name                                    accession   tlen query name           accession   qlen   E-value  score  bias   #  of  c-Evalue  i-Evalue  score  bias  from    to  from    to  from    to  acc description of target
#                            ------------------- ---------- ----- -------------------- ---------- ----- --------- ------ ----- --- --- --------- --------- ------ ----- ----- ----- ----- ----- ----- ----- ---- ---------------------
NODE_15_length_91266_cov_36.275195:85912-86178|+ -             89 11138                -            141   1.6e-06   26.2   0.0   1   1     3e-09   1.9e-06   25.9   0.0    68   121    16    69     8    86 0.77 NODE_15_length_91266_cov_36.275195_81 # 85912 # 86178 # 1 # ID=15_81;partial=00;start_type=ATG;rbs_motif=GGA/GAG/AGG;rbs_spacer=5-10bp;gc_cont=0.438
NODE_22_length_80627_cov_36.893466:70485-71042|+ -            186 11138                -            141   1.9e-05   22.7   0.0   1   1   4.7e-08     3e-05   22.1   0.0    67   126    10    69     9    79 0.92 NODE_22_length_80627_cov_36.893466_70 # 70485 # 71042 # 1 # ID=22_70;partial=00;start_type=ATG;rbs_motif=AGGA;rbs_spacer=5-10bp;gc_cont=0.511
NODE_9_length_123825_cov_37.296666:82847-83860|+ -            338 11138                -            141   3.2e-05   21.9   0.1   1   1   9.5e-08     6e-05   21.1   0.1    67   102    17    52     6    59 0.91 NODE_9_length_123825_cov_37.296666_72 # 82847 # 83860 # 1 # ID=9_72;partial=00;start_type=ATG;rbs_motif=None;rbs_spacer=None;gc_cont=0.545
NODE_49_length_31840_cov_36.883045:1709-2245|+   -            179 11138                -            141   5.9e-05   21.1   0.0   1   1   1.2e-07   7.7e-05   20.7   0.0    66   119     9    62     1    74 0.89 NODE_49_length_31840_cov_36.883045_3 # 1709 # 2245 # 1 # ID=49_3;partial=00;start_type=ATG;rbs_motif=GGAGG;rbs_spacer=5-10bp;gc_cont=0.499
NODE_57_length_27741_cov_69.425183:4934-5356|-   -            141 11138                -            141   0.00078   17.5   0.1   1   1   1.6e-06     0.001   17.1   0.1    67   103    37    73     3    78 0.83 NODE_57_length_27741_cov_69.425183_3 # 4934 # 5356 # -1 # ID=57_3;partial=00;start_type=ATG;rbs_motif=AGGAG;rbs_spacer=5-10bp;gc_cont=0.489
NODE_61_length_24817_cov_40.631511:6303-6653|+   -            117 11138                -            141    0.0048   14.9   0.0   1   2   1.8e-05     0.012   13.7   0.0    62   116     2    56     1    65 0.88 NODE_61_length_24817_cov_40.631511_11 # 6303 # 6653 # 1 # ID=61_11;partial=00;start_type=ATG;rbs_motif=AGGAG;rbs_spacer=5-10bp;gc_cont=0.396
NODE_61_length_24817_cov_40.631511:6303-6653|+   -            117 11138                -            141    0.0048   14.9   0.0   2   2       1.1   6.8e+02   -1.8   0.0    60    60    90    90    63   112 0.51 NODE_61_length_24817_cov_40.631511_11 # 6303 # 6653 # 1 # ID=61_11;partial=00;start_type=ATG;rbs_motif=AGGAG;rbs_spacer=5-10bp;gc_cont=0.396
NODE_19_length_85129_cov_38.767276:18158-19432|- -            425 11138                -            141    0.0058   14.6   0.3   1   1   1.9e-05     0.012   13.6   0.3     2    54    14    63    13    90 0.72 NODE_19_length_85129_cov_38.767276_18 # 18158 # 19432 # -1 # ID=19_18;partial=00;start_type=ATG;rbs_motif=GGAG/GAGG;rbs_spacer=5-10bp;gc_cont=0.518
NODE_1_length_276430_cov_40.515391:32628-32918|- -             97 11138                -            141     0.015   13.3   0.0   1   1   3.3e-05     0.021   12.8   0.0    68   108    37    77    20    85 0.91 NODE_1_length_276430_cov_40.515391_32 # 32628 # 32918 # -1 # ID=1_32;partial=00;start_type=ATG;rbs_motif=AGGAG;rbs_spacer=5-10bp;gc_cont=0.447
#
# Program:         hmmsearch
# Version:         3.4 (Aug 2023)
# Pipeline mode:   SEARCH
# Query file:      /home/simonedassisi/busco_downloads/lineages/archaea_odb12/hmms/11138at2157.hmm
# Target file:     home/simonedassisi/Desktop/BUSCO_output/prodigal_output/predicted_genes/predicted.faa
# Option settings: hmmsearch --domtblout home/simonedassisi/Desktop/BUSCO_output/auto_lineage/run_archaea_odb12/hmmer_output/11138at2157.out --cpu 1 /home/simonedassisi/busco_downloads/lineages/archaea_odb12/hmms/11138at2157.hmm home/simonedassisi/Desktop/BUSCO_output/prodigal_output/predicted_genes/predicted.faa 
# Current dir:     /home/simonedassisi
# Date:            Tue Apr  1 14:23:21 2025
# [ok]
