#                                                                                                        --- full sequence --- -------------- this domain -------------   hmm coord   ali coord   env coord
# target name                                    accession   tlen query name           accession   qlen   E-value  score  bias   #  of  c-Evalue  i-Evalue  score  bias  from    to  from    to  from    to  acc description of target
#                            ------------------- ---------- ----- -------------------- ---------- ----- --------- ------ ----- --- --- --------- --------- ------ ----- ----- ----- ----- ----- ----- ----- ---- ---------------------
NODE_46_length_34184_cov_43.893884:8474-9856|-   -            461 115235               -            558   1.9e-44  149.9   1.3   1   2   0.00059      0.49    6.7   1.1     2    89     4    98     3   104 0.83 NODE_46_length_34184_cov_43.893884_8 # 8474 # 9856 # -1 # ID=46_8;partial=00;start_type=ATG;rbs_motif=GGAG/GAGG;rbs_spacer=5-10bp;gc_cont=0.550
NODE_46_length_34184_cov_43.893884:8474-9856|-   -            461 115235               -            558   1.9e-44  149.9   1.3   2   2   4.9e-45   4.1e-42  142.2   0.0   168   511   100   429    96   441 0.90 NODE_46_length_34184_cov_43.893884_8 # 8474 # 9856 # -1 # ID=46_8;partial=00;start_type=ATG;rbs_motif=GGAG/GAGG;rbs_spacer=5-10bp;gc_cont=0.550
NODE_24_length_79963_cov_36.490030:72393-73766|- -            458 115235               -            558   1.8e-35  120.4   0.1   1   2   4.7e-05     0.039   10.3   0.0    32    94    66   135    59   148 0.77 NODE_24_length_79963_cov_36.490030_75 # 72393 # 73766 # -1 # ID=24_75;partial=00;start_type=ATG;rbs_motif=AGGAG;rbs_spacer=5-10bp;gc_cont=0.578
NODE_24_length_79963_cov_36.490030:72393-73766|- -            458 115235               -            558   1.8e-35  120.4   0.1   2   2   1.1e-34   8.9e-32  108.1   0.0   189   431   154   388   144   453 0.82 NODE_24_length_79963_cov_36.490030_75 # 72393 # 73766 # -1 # ID=24_75;partial=00;start_type=ATG;rbs_motif=AGGAG;rbs_spacer=5-10bp;gc_cont=0.578
NODE_46_length_34184_cov_43.893884:10797-12338|- -            514 115235               -            558   2.7e-21   73.5   0.9   1   2    0.0064       5.4    3.2   0.0    38    88    66   116    28   126 0.78 NODE_46_length_34184_cov_43.893884_10 # 10797 # 12338 # -1 # ID=46_10;partial=00;start_type=ATG;rbs_motif=GGA/GAG/AGG;rbs_spacer=5-10bp;gc_cont=0.534
NODE_46_length_34184_cov_43.893884:10797-12338|- -            514 115235               -            558   2.7e-21   73.5   0.9   2   2   7.4e-23   6.2e-20   69.0   0.2   185   418   137   375   128   403 0.86 NODE_46_length_34184_cov_43.893884_10 # 10797 # 12338 # -1 # ID=46_10;partial=00;start_type=ATG;rbs_motif=GGA/GAG/AGG;rbs_spacer=5-10bp;gc_cont=0.534
NODE_116_length_4699_cov_32.491470:1793-2563|-   -            257 115235               -            558   1.1e-19   68.2   0.6   1   2     0.016        13    1.9   0.0     4    80    13    96    10   104 0.81 NODE_116_length_4699_cov_32.491470_5 # 1793 # 2563 # -1 # ID=116_5;partial=00;start_type=ATG;rbs_motif=GGAG/GAGG;rbs_spacer=5-10bp;gc_cont=0.438
NODE_116_length_4699_cov_32.491470:1793-2563|-   -            257 115235               -            558   1.1e-19   68.2   0.6   2   2   1.4e-21   1.2e-18   64.8   0.2   183   320   126   256   121   256 0.94 NODE_116_length_4699_cov_32.491470_5 # 1793 # 2563 # -1 # ID=116_5;partial=00;start_type=ATG;rbs_motif=GGAG/GAGG;rbs_spacer=5-10bp;gc_cont=0.438
NODE_116_length_4699_cov_32.491470:1271-1780|-   -            170 115235               -            558   1.6e-08   31.3   0.0   1   1   2.3e-11   1.9e-08   31.1   0.0   332   487     7   151     3   168 0.82 NODE_116_length_4699_cov_32.491470_4 # 1271 # 1780 # -1 # ID=116_4;partial=00;start_type=ATG;rbs_motif=GGA/GAG/AGG;rbs_spacer=11-12bp;gc_cont=0.439
NODE_16_length_86943_cov_42.279511:19662-20921|+ -            420 115235               -            558   2.8e-05   20.7   0.0   1   1   2.5e-06    0.0021   14.4   0.0   198   424   159   371   142   389 0.78 NODE_16_length_86943_cov_42.279511_17 # 19662 # 20921 # 1 # ID=16_17;partial=00;start_type=ATG;rbs_motif=None;rbs_spacer=None;gc_cont=0.504
#
# Program:         hmmsearch
# Version:         3.4 (Aug 2023)
# Pipeline mode:   SEARCH
# Query file:      /home/simonedassisi/busco_downloads/lineages/archaea_odb12/hmms/115235at2157.hmm
# Target file:     home/simonedassisi/Desktop/BUSCO_output/prodigal_output/predicted_genes/predicted.faa
# Option settings: hmmsearch --domtblout home/simonedassisi/Desktop/BUSCO_output/auto_lineage/run_archaea_odb12/hmmer_output/115235at2157.out --cpu 1 /home/simonedassisi/busco_downloads/lineages/archaea_odb12/hmms/115235at2157.hmm home/simonedassisi/Desktop/BUSCO_output/prodigal_output/predicted_genes/predicted.faa 
# Current dir:     /home/simonedassisi
# Date:            Tue Apr  1 14:23:21 2025
# [ok]
