#                                                                                                          --- full sequence --- -------------- this domain -------------   hmm coord   ali coord   env coord
# target name                                      accession   tlen query name           accession   qlen   E-value  score  bias   #  of  c-Evalue  i-Evalue  score  bias  from    to  from    to  from    to  acc description of target
#                              ------------------- ---------- ----- -------------------- ---------- ----- --------- ------ ----- --- --- --------- --------- ------ ----- ----- ----- ----- ----- ----- ----- ---- ---------------------
NODE_51_length_31115_cov_42.820834:27639-28928|-   -            430 146558               -            434  1.3e-119  397.9   0.0   1   1  1.4e-122  1.4e-119  397.7   0.0     2   422     1   426     1   429 0.92 NODE_51_length_31115_cov_42.820834_28 # 27639 # 28928 # -1 # ID=51_28;partial=00;start_type=ATG;rbs_motif=GGAG/GAGG;rbs_spacer=5-10bp;gc_cont=0.581
NODE_4_length_139564_cov_44.158667:118833-122054|- -           1074 146558               -            434   9.8e-12   42.4   2.9   1   2   3.3e-05     0.033   11.0   0.0    25   203    41   226    31   238 0.76 NODE_4_length_139564_cov_44.158667_104 # 118833 # 122054 # -1 # ID=4_104;partial=00;start_type=ATG;rbs_motif=AGGAG;rbs_spacer=5-10bp;gc_cont=0.563
NODE_4_length_139564_cov_44.158667:118833-122054|- -           1074 146558               -            434   9.8e-12   42.4   2.9   2   2     3e-10     3e-07   27.6   1.0    47   290   615   846   585   851 0.80 NODE_4_length_139564_cov_44.158667_104 # 118833 # 122054 # -1 # ID=4_104;partial=00;start_type=ATG;rbs_motif=AGGAG;rbs_spacer=5-10bp;gc_cont=0.563
NODE_6_length_131096_cov_36.333598:78515-79693|-   -            393 146558               -            434   1.1e-08   32.3   0.5   1   2   2.9e-11   2.9e-08   30.9   0.1     3   198    14   209    12   224 0.82 NODE_6_length_131096_cov_36.333598_77 # 78515 # 79693 # -1 # ID=6_77;partial=00;start_type=ATG;rbs_motif=GGA/GAG/AGG;rbs_spacer=5-10bp;gc_cont=0.539
NODE_6_length_131096_cov_36.333598:78515-79693|-   -            393 146558               -            434   1.1e-08   32.3   0.5   2   2      0.18   1.8e+02   -1.3   0.1   375   404   358   388   354   391 0.83 NODE_6_length_131096_cov_36.333598_77 # 78515 # 79693 # -1 # ID=6_77;partial=00;start_type=ATG;rbs_motif=GGA/GAG/AGG;rbs_spacer=5-10bp;gc_cont=0.539
NODE_8_length_126545_cov_41.885285:16565-17914|-   -            450 146558               -            434   2.9e-07   27.6   0.0   1   1   4.6e-10   4.7e-07   26.9   0.0    80   178    89   189    61   231 0.80 NODE_8_length_126545_cov_41.885285_18 # 16565 # 17914 # -1 # ID=8_18;partial=00;start_type=ATG;rbs_motif=GGAG/GAGG;rbs_spacer=5-10bp;gc_cont=0.536
NODE_4_length_139564_cov_44.158667:51192-52112|-   -            307 146558               -            434   0.00068   16.5   0.0   1   1     9e-07   0.00091   16.1   0.0   131   200   128   195    70   221 0.64 NODE_4_length_139564_cov_44.158667_47 # 51192 # 52112 # -1 # ID=4_47;partial=00;start_type=ATG;rbs_motif=GGAGG;rbs_spacer=5-10bp;gc_cont=0.516
#
# Program:         hmmsearch
# Version:         3.4 (Aug 2023)
# Pipeline mode:   SEARCH
# Query file:      /home/simonedassisi/busco_downloads/lineages/archaea_odb12/hmms/146558at2157.hmm
# Target file:     home/simonedassisi/Desktop/BUSCO_output/prodigal_output/predicted_genes/predicted.faa
# Option settings: hmmsearch --domtblout home/simonedassisi/Desktop/BUSCO_output/auto_lineage/run_archaea_odb12/hmmer_output/146558at2157.out --cpu 1 /home/simonedassisi/busco_downloads/lineages/archaea_odb12/hmms/146558at2157.hmm home/simonedassisi/Desktop/BUSCO_output/prodigal_output/predicted_genes/predicted.faa 
# Current dir:     /home/simonedassisi
# Date:            Tue Apr  1 14:23:21 2025
# [ok]
