#                                                                                                          --- full sequence --- -------------- this domain -------------   hmm coord   ali coord   env coord
# target name                                      accession   tlen query name           accession   qlen   E-value  score  bias   #  of  c-Evalue  i-Evalue  score  bias  from    to  from    to  from    to  acc description of target
#                              ------------------- ---------- ----- -------------------- ---------- ----- --------- ------ ----- --- --- --------- --------- ------ ----- ----- ----- ----- ----- ----- ----- ---- ---------------------
NODE_9_length_123825_cov_37.296666:88335-89807|+   -            491 147673               -            329     1e-28   98.5   0.0   1   2   1.4e-17   8.1e-15   52.8   0.0   162   315     3   159     1   171 0.89 NODE_9_length_123825_cov_37.296666_77 # 88335 # 89807 # 1 # ID=9_77;partial=00;start_type=ATG;rbs_motif=GGAG/GAGG;rbs_spacer=5-10bp;gc_cont=0.520
NODE_9_length_123825_cov_37.296666:88335-89807|+   -            491 147673               -            329     1e-28   98.5   0.0   2   2   9.4e-15   5.3e-12   43.6   0.0   165   323   206   377   197   381 0.86 NODE_9_length_123825_cov_37.296666_77 # 88335 # 89807 # 1 # ID=9_77;partial=00;start_type=ATG;rbs_motif=GGAG/GAGG;rbs_spacer=5-10bp;gc_cont=0.520
NODE_8_length_126545_cov_41.885285:84768-85940|+   -            391 147673               -            329   1.3e-18   65.3   0.0   1   1   5.2e-21   2.9e-18   64.1   0.0   168   319   166   333   160   343 0.80 NODE_8_length_126545_cov_41.885285_83 # 84768 # 85940 # 1 # ID=8_83;partial=00;start_type=ATG;rbs_motif=GGAG/GAGG;rbs_spacer=5-10bp;gc_cont=0.533
NODE_26_length_78359_cov_41.157595:24715-26079|-   -            455 147673               -            329   3.2e-18   64.0   0.0   1   1   9.6e-21   5.4e-18   63.3   0.0   136   320   192   378   187   384 0.83 NODE_26_length_78359_cov_41.157595_24 # 24715 # 26079 # -1 # ID=26_24;partial=00;start_type=ATG;rbs_motif=AGGA;rbs_spacer=5-10bp;gc_cont=0.564
NODE_9_length_123825_cov_37.296666:22919-23824|+   -            302 147673               -            329   7.6e-15   52.9   0.1   1   1   1.9e-17   1.1e-14   52.4   0.1   164   322    11   177     3   183 0.85 NODE_9_length_123825_cov_37.296666_22 # 22919 # 23824 # 1 # ID=9_22;partial=00;start_type=ATG;rbs_motif=GGAG/GAGG;rbs_spacer=5-10bp;gc_cont=0.523
NODE_29_length_69919_cov_43.020805:15809-17089|-   -            427 147673               -            329   2.5e-12   44.6   0.3   1   1   1.3e-14   7.2e-12   43.1   0.3   135   324   172   367   165   371 0.84 NODE_29_length_69919_cov_43.020805_18 # 15809 # 17089 # -1 # ID=29_18;partial=00;start_type=TTG;rbs_motif=GGAG/GAGG;rbs_spacer=5-10bp;gc_cont=0.539
NODE_53_length_29778_cov_36.323025:164-1255|-      -            364 147673               -            329   5.3e-08   30.4   0.1   1   2   2.4e-10   1.4e-07   29.1   0.0   166   201     7    42     4    51 0.89 NODE_53_length_29778_cov_36.323025_1 # 164 # 1255 # -1 # ID=53_1;partial=00;start_type=ATG;rbs_motif=GGA/GAG/AGG;rbs_spacer=11-12bp;gc_cont=0.510
NODE_53_length_29778_cov_36.323025:164-1255|-      -            364 147673               -            329   5.3e-08   30.4   0.1   2   2       1.2   6.7e+02   -2.8   0.0    80    94   135   149    63   170 0.64 NODE_53_length_29778_cov_36.323025_1 # 164 # 1255 # -1 # ID=53_1;partial=00;start_type=ATG;rbs_motif=GGA/GAG/AGG;rbs_spacer=11-12bp;gc_cont=0.510
NODE_1_length_276430_cov_40.515391:204738-207059|- -            774 147673               -            329   2.5e-07   28.2   0.0   1   1   8.6e-10   4.8e-07   27.3   0.0   162   292     4   131     1   158 0.81 NODE_1_length_276430_cov_40.515391_181 # 204738 # 207059 # -1 # ID=1_181;partial=00;start_type=ATG;rbs_motif=None;rbs_spacer=None;gc_cont=0.549
NODE_86_length_12147_cov_42.083361:4825-5709|-     -            295 147673               -            329   5.3e-05   20.6   0.0   1   2   2.9e-07   0.00016   19.0   0.0   131   225     6   103     4   106 0.86 NODE_86_length_12147_cov_42.083361_11 # 4825 # 5709 # -1 # ID=86_11;partial=00;start_type=ATG;rbs_motif=AGGA;rbs_spacer=5-10bp;gc_cont=0.536
NODE_86_length_12147_cov_42.083361:4825-5709|-     -            295 147673               -            329   5.3e-05   20.6   0.0   2   2      0.54     3e+02   -1.6   0.1   106   129   229   252   224   263 0.83 NODE_86_length_12147_cov_42.083361_11 # 4825 # 5709 # -1 # ID=86_11;partial=00;start_type=ATG;rbs_motif=AGGA;rbs_spacer=5-10bp;gc_cont=0.536
NODE_7_length_130108_cov_39.332856:96093-97508|-   -            472 147673               -            329     0.013   12.7   0.0   1   1   4.1e-05     0.023   11.9   0.0   107   180   170   243   130   251 0.85 NODE_7_length_130108_cov_39.332856_87 # 96093 # 97508 # -1 # ID=7_87;partial=00;start_type=ATG;rbs_motif=None;rbs_spacer=None;gc_cont=0.538
#
# Program:         hmmsearch
# Version:         3.4 (Aug 2023)
# Pipeline mode:   SEARCH
# Query file:      /home/simonedassisi/busco_downloads/lineages/archaea_odb12/hmms/147673at2157.hmm
# Target file:     home/simonedassisi/Desktop/BUSCO_output/prodigal_output/predicted_genes/predicted.faa
# Option settings: hmmsearch --domtblout home/simonedassisi/Desktop/BUSCO_output/auto_lineage/run_archaea_odb12/hmmer_output/147673at2157.out --cpu 1 /home/simonedassisi/busco_downloads/lineages/archaea_odb12/hmms/147673at2157.hmm home/simonedassisi/Desktop/BUSCO_output/prodigal_output/predicted_genes/predicted.faa 
# Current dir:     /home/simonedassisi
# Date:            Tue Apr  1 14:23:21 2025
# [ok]
