#                                                                                                        --- full sequence --- -------------- this domain -------------   hmm coord   ali coord   env coord
# target name                                    accession   tlen query name           accession   qlen   E-value  score  bias   #  of  c-Evalue  i-Evalue  score  bias  from    to  from    to  from    to  acc description of target
#                            ------------------- ---------- ----- -------------------- ---------- ----- --------- ------ ----- --- --- --------- --------- ------ ----- ----- ----- ----- ----- ----- ----- ---- ---------------------
NODE_30_length_69036_cov_41.149327:25855-27207|- -            451 15212                -            460   1.1e-35  121.5   9.2   1   3     2e-08   2.6e-05   21.3   0.3   113   147     6    40     4    48 0.89 NODE_30_length_69036_cov_41.149327_26 # 25855 # 27207 # -1 # ID=30_26;partial=00;start_type=ATG;rbs_motif=GGA/GAG/AGG;rbs_spacer=5-10bp;gc_cont=0.508
NODE_30_length_69036_cov_41.149327:25855-27207|- -            451 15212                -            460   1.1e-35  121.5   9.2   2   3   2.5e-15   3.2e-12   44.1   0.1   162   254    83   171    54   192 0.80 NODE_30_length_69036_cov_41.149327_26 # 25855 # 27207 # -1 # ID=30_26;partial=00;start_type=ATG;rbs_motif=GGA/GAG/AGG;rbs_spacer=5-10bp;gc_cont=0.508
NODE_30_length_69036_cov_41.149327:25855-27207|- -            451 15212                -            460   1.1e-35  121.5   9.2   3   3   7.1e-19   8.9e-16   55.8   0.6   212   451   224   441   215   448 0.80 NODE_30_length_69036_cov_41.149327_26 # 25855 # 27207 # -1 # ID=30_26;partial=00;start_type=ATG;rbs_motif=GGA/GAG/AGG;rbs_spacer=5-10bp;gc_cont=0.508
NODE_8_length_126545_cov_41.885285:41440-42807|- -            456 15212                -            460   1.4e-18   65.1   1.7   1   3      0.17   2.1e+02   -1.5   0.0   226   275    89   131    78   182 0.68 NODE_8_length_126545_cov_41.885285_38 # 41440 # 42807 # -1 # ID=8_38;partial=00;start_type=ATG;rbs_motif=AGxAGG/AGGxGG;rbs_spacer=3-4bp;gc_cont=0.520
NODE_8_length_126545_cov_41.885285:41440-42807|- -            456 15212                -            460   1.4e-18   65.1   1.7   2   3   3.6e-13   4.5e-10   37.0   0.0   208   297   288   378   281   388 0.80 NODE_8_length_126545_cov_41.885285_38 # 41440 # 42807 # -1 # ID=8_38;partial=00;start_type=ATG;rbs_motif=AGxAGG/AGGxGG;rbs_spacer=3-4bp;gc_cont=0.520
NODE_8_length_126545_cov_41.885285:41440-42807|- -            456 15212                -            460   1.4e-18   65.1   1.7   3   3   6.2e-10   7.8e-07   26.3   0.2   210   257   390   436   386   451 0.88 NODE_8_length_126545_cov_41.885285_38 # 41440 # 42807 # -1 # ID=8_38;partial=00;start_type=ATG;rbs_motif=AGxAGG/AGGxGG;rbs_spacer=3-4bp;gc_cont=0.520
NODE_30_length_69036_cov_41.149327:40590-42014|- -            475 15212                -            460   7.8e-17   59.3   2.4   1   2   2.4e-12     3e-09   34.3   0.1   208   296   310   399   302   407 0.79 NODE_30_length_69036_cov_41.149327_40 # 40590 # 42014 # -1 # ID=30_40;partial=00;start_type=ATG;rbs_motif=GGA/GAG/AGG;rbs_spacer=5-10bp;gc_cont=0.542
NODE_30_length_69036_cov_41.149327:40590-42014|- -            475 15212                -            460   7.8e-17   59.3   2.4   2   2   2.1e-09   2.7e-06   24.6   0.5   209   257   408   455   402   471 0.85 NODE_30_length_69036_cov_41.149327_40 # 40590 # 42014 # -1 # ID=30_40;partial=00;start_type=ATG;rbs_motif=GGA/GAG/AGG;rbs_spacer=5-10bp;gc_cont=0.542
NODE_8_length_126545_cov_41.885285:40283-41350|- -            356 15212                -            460   4.2e-07   27.2   0.6   1   1   5.7e-10   7.2e-07   26.5   0.6   205   284   275   353   269   355 0.80 NODE_8_length_126545_cov_41.885285_37 # 40283 # 41350 # -1 # ID=8_37;partial=00;start_type=ATG;rbs_motif=None;rbs_spacer=None;gc_cont=0.532
#
# Program:         hmmsearch
# Version:         3.4 (Aug 2023)
# Pipeline mode:   SEARCH
# Query file:      /home/simonedassisi/busco_downloads/lineages/archaea_odb12/hmms/15212at2157.hmm
# Target file:     home/simonedassisi/Desktop/BUSCO_output/prodigal_output/predicted_genes/predicted.faa
# Option settings: hmmsearch --domtblout home/simonedassisi/Desktop/BUSCO_output/auto_lineage/run_archaea_odb12/hmmer_output/15212at2157.out --cpu 1 /home/simonedassisi/busco_downloads/lineages/archaea_odb12/hmms/15212at2157.hmm home/simonedassisi/Desktop/BUSCO_output/prodigal_output/predicted_genes/predicted.faa 
# Current dir:     /home/simonedassisi
# Date:            Tue Apr  1 14:23:21 2025
# [ok]
