#                                                                                                          --- full sequence --- -------------- this domain -------------   hmm coord   ali coord   env coord
# target name                                      accession   tlen query name           accession   qlen   E-value  score  bias   #  of  c-Evalue  i-Evalue  score  bias  from    to  from    to  from    to  acc description of target
#                              ------------------- ---------- ----- -------------------- ---------- ----- --------- ------ ----- --- --- --------- --------- ------ ----- ----- ----- ----- ----- ----- ----- ---- ---------------------
NODE_42_length_44050_cov_40.658288:12883-13659|-   -            259 15328                -            224   3.7e-12   44.2   0.1   1   2    0.0031         2    5.8   0.0     3    46     6    46     4    70 0.67 NODE_42_length_44050_cov_40.658288_11 # 12883 # 13659 # -1 # ID=42_11;partial=00;start_type=ATG;rbs_motif=GGA/GAG/AGG;rbs_spacer=5-10bp;gc_cont=0.555
NODE_42_length_44050_cov_40.658288:12883-13659|-   -            259 15328                -            224   3.7e-12   44.2   0.1   2   2   1.4e-12   8.7e-10   36.4   0.0   106   223   131   256   120   257 0.80 NODE_42_length_44050_cov_40.658288_11 # 12883 # 13659 # -1 # ID=42_11;partial=00;start_type=ATG;rbs_motif=GGA/GAG/AGG;rbs_spacer=5-10bp;gc_cont=0.555
NODE_5_length_138947_cov_37.421618:43392-44495|+   -            368 15328                -            224   6.2e-06   23.8   1.9   1   2      0.02        13    3.2   0.1     2    40     7    46     6    56 0.62 NODE_5_length_138947_cov_37.421618_40 # 43392 # 44495 # 1 # ID=5_40;partial=00;start_type=ATG;rbs_motif=GGA/GAG/AGG;rbs_spacer=3-4bp;gc_cont=0.562
NODE_5_length_138947_cov_37.421618:43392-44495|+   -            368 15328                -            224   6.2e-06   23.8   1.9   2   2   4.8e-07    0.0003   18.3   0.1   106   175   119   188   111   256 0.67 NODE_5_length_138947_cov_37.421618_40 # 43392 # 44495 # 1 # ID=5_40;partial=00;start_type=ATG;rbs_motif=GGA/GAG/AGG;rbs_spacer=3-4bp;gc_cont=0.562
NODE_21_length_83220_cov_38.326345:15278-16171|-   -            298 15328                -            224     3e-05   21.6   0.0   1   2     0.039        25    2.3   0.0     3    45     5    52     3    54 0.63 NODE_21_length_83220_cov_38.326345_18 # 15278 # 16171 # -1 # ID=21_18;partial=00;start_type=ATG;rbs_motif=AGGA;rbs_spacer=5-10bp;gc_cont=0.574
NODE_21_length_83220_cov_38.326345:15278-16171|-   -            298 15328                -            224     3e-05   21.6   0.0   2   2     1e-06   0.00065   17.2   0.0   106   223   167   295   156   296 0.72 NODE_21_length_83220_cov_38.326345_18 # 15278 # 16171 # -1 # ID=21_18;partial=00;start_type=ATG;rbs_motif=AGGA;rbs_spacer=5-10bp;gc_cont=0.574
NODE_7_length_130108_cov_39.332856:128476-129825|+ -            450 15328                -            224    0.0011   16.4   0.0   1   1   5.2e-06    0.0033   14.9   0.0   137   174   202   239   199   248 0.89 NODE_7_length_130108_cov_39.332856_117 # 128476 # 129825 # 1 # ID=7_117;partial=00;start_type=ATG;rbs_motif=GGAG/GAGG;rbs_spacer=5-10bp;gc_cont=0.539
NODE_12_length_106079_cov_39.536715:42461-43792|-  -            444 15328                -            224     0.015   12.7   0.0   1   1   4.8e-05      0.03   11.8   0.0   103   172   156   225   146   238 0.78 NODE_12_length_106079_cov_39.536715_38 # 42461 # 43792 # -1 # ID=12_38;partial=00;start_type=GTG;rbs_motif=GGA/GAG/AGG;rbs_spacer=5-10bp;gc_cont=0.526
NODE_30_length_69036_cov_41.149327:31031-31756|-   -            242 15328                -            224     0.016   12.7   0.3   1   3     0.054        34    1.8   0.1    16    45    25    58    11    97 0.78 NODE_30_length_69036_cov_41.149327_32 # 31031 # 31756 # -1 # ID=30_32;partial=00;start_type=ATG;rbs_motif=AGGA;rbs_spacer=5-10bp;gc_cont=0.528
NODE_30_length_69036_cov_41.149327:31031-31756|-   -            242 15328                -            224     0.016   12.7   0.3   2   3    0.0015      0.95    6.9   0.0   146   174   155   183   142   193 0.85 NODE_30_length_69036_cov_41.149327_32 # 31031 # 31756 # -1 # ID=30_32;partial=00;start_type=ATG;rbs_motif=AGGA;rbs_spacer=5-10bp;gc_cont=0.528
NODE_30_length_69036_cov_41.149327:31031-31756|-   -            242 15328                -            224     0.016   12.7   0.3   3   3      0.14        89    0.4   0.0   204   223   220   239   210   240 0.90 NODE_30_length_69036_cov_41.149327_32 # 31031 # 31756 # -1 # ID=30_32;partial=00;start_type=ATG;rbs_motif=AGGA;rbs_spacer=5-10bp;gc_cont=0.528
NODE_31_length_58399_cov_38.812466:12714-15176|-   -            821 15328                -            224     0.027   12.0   0.0   1   1   0.00012     0.073   10.5   0.0   137   175   208   246   205   255 0.86 NODE_31_length_58399_cov_38.812466_13 # 12714 # 15176 # -1 # ID=31_13;partial=00;start_type=ATG;rbs_motif=GGAG/GAGG;rbs_spacer=5-10bp;gc_cont=0.533
NODE_2_length_157429_cov_38.171358:49943-52087|-   -            715 15328                -            224     0.039   11.4   0.2   1   2       2.1   1.3e+03   -3.4   0.1    67   118    63   112    54   113 0.61 NODE_2_length_157429_cov_38.171358_50 # 49943 # 52087 # -1 # ID=2_50;partial=00;start_type=GTG;rbs_motif=GGAG/GAGG;rbs_spacer=5-10bp;gc_cont=0.556
NODE_2_length_157429_cov_38.171358:49943-52087|-   -            715 15328                -            224     0.039   11.4   0.2   2   2   0.00015     0.094   10.2   0.0   139   194   122   177   119   186 0.91 NODE_2_length_157429_cov_38.171358_50 # 49943 # 52087 # -1 # ID=2_50;partial=00;start_type=GTG;rbs_motif=GGAG/GAGG;rbs_spacer=5-10bp;gc_cont=0.556
#
# Program:         hmmsearch
# Version:         3.4 (Aug 2023)
# Pipeline mode:   SEARCH
# Query file:      /home/simonedassisi/busco_downloads/lineages/archaea_odb12/hmms/15328at2157.hmm
# Target file:     home/simonedassisi/Desktop/BUSCO_output/prodigal_output/predicted_genes/predicted.faa
# Option settings: hmmsearch --domtblout home/simonedassisi/Desktop/BUSCO_output/auto_lineage/run_archaea_odb12/hmmer_output/15328at2157.out --cpu 1 /home/simonedassisi/busco_downloads/lineages/archaea_odb12/hmms/15328at2157.hmm home/simonedassisi/Desktop/BUSCO_output/prodigal_output/predicted_genes/predicted.faa 
# Current dir:     /home/simonedassisi
# Date:            Tue Apr  1 14:23:21 2025
# [ok]
