#                                                                                                         --- full sequence --- -------------- this domain -------------   hmm coord   ali coord   env coord
# target name                                     accession   tlen query name           accession   qlen   E-value  score  bias   #  of  c-Evalue  i-Evalue  score  bias  from    to  from    to  from    to  acc description of target
#                             ------------------- ---------- ----- -------------------- ---------- ----- --------- ------ ----- --- --- --------- --------- ------ ----- ----- ----- ----- ----- ----- ----- ---- ---------------------
NODE_31_length_58399_cov_38.812466:29764-31146|-  -            461 17644                -            143   2.7e-06   25.5   0.0   1   1   1.2e-08   5.6e-06   24.4   0.0     4   136   100   252    97   256 0.76 NODE_31_length_58399_cov_38.812466_27 # 29764 # 31146 # -1 # ID=31_27;partial=00;start_type=GTG;rbs_motif=GGAG/GAGG;rbs_spacer=5-10bp;gc_cont=0.575
NODE_60_length_26402_cov_36.807041:20391-21452|+  -            354 17644                -            143   4.6e-06   24.7   0.1   1   2   9.3e-08   4.3e-05   21.6   0.0     1    75    62   150    62   157 0.73 NODE_60_length_26402_cov_36.807041_21 # 20391 # 21452 # 1 # ID=60_21;partial=00;start_type=ATG;rbs_motif=AGGAG;rbs_spacer=5-10bp;gc_cont=0.539
NODE_60_length_26402_cov_36.807041:20391-21452|+  -            354 17644                -            143   4.6e-06   24.7   0.1   2   2      0.33   1.5e+02    0.4   0.0    81   112   170   202   162   233 0.65 NODE_60_length_26402_cov_36.807041_21 # 20391 # 21452 # 1 # ID=60_21;partial=00;start_type=ATG;rbs_motif=AGGAG;rbs_spacer=5-10bp;gc_cont=0.539
NODE_6_length_131096_cov_36.333598:13536-14288|+  -            251 17644                -            143    0.0038   15.3   0.6   1   2   0.00046      0.21    9.6   0.3     1    18    31    48    31    91 0.92 NODE_6_length_131096_cov_36.333598_15 # 13536 # 14288 # 1 # ID=6_15;partial=00;start_type=ATG;rbs_motif=AGGAG/GGAGG;rbs_spacer=11-12bp;gc_cont=0.534
NODE_6_length_131096_cov_36.333598:13536-14288|+  -            251 17644                -            143    0.0038   15.3   0.6   2   2     0.065        30    2.7   0.0    63   117   162   215   137   229 0.75 NODE_6_length_131096_cov_36.333598_15 # 13536 # 14288 # 1 # ID=6_15;partial=00;start_type=ATG;rbs_motif=AGGAG/GGAGG;rbs_spacer=11-12bp;gc_cont=0.534
NODE_34_length_53173_cov_42.168382:408-2981|-     -            858 17644                -            143     0.011   13.8   0.0   1   2     0.017       7.7    4.6   0.0     4    24   204   224   203   228 0.89 NODE_34_length_53173_cov_42.168382_1 # 408 # 2981 # -1 # ID=34_1;partial=00;start_type=ATG;rbs_motif=GGAGG;rbs_spacer=3-4bp;gc_cont=0.516
NODE_34_length_53173_cov_42.168382:408-2981|-     -            858 17644                -            143     0.011   13.8   0.0   2   2    0.0057       2.6    6.1   0.0     4    21   603   620   600   681 0.84 NODE_34_length_53173_cov_42.168382_1 # 408 # 2981 # -1 # ID=34_1;partial=00;start_type=ATG;rbs_motif=GGAGG;rbs_spacer=3-4bp;gc_cont=0.516
NODE_31_length_58399_cov_38.812466:54733-55470|+  -            246 17644                -            143     0.031   12.3   0.0   1   1   0.00012     0.056   11.5   0.0     4    84   104   183   102   224 0.77 NODE_31_length_58399_cov_38.812466_54 # 54733 # 55470 # 1 # ID=31_54;partial=00;start_type=ATG;rbs_motif=GGAG/GAGG;rbs_spacer=5-10bp;gc_cont=0.507
NODE_1_length_276430_cov_40.515391:20055-21596|-  -            514 17644                -            143     0.032   12.3   3.7   1   4    0.0081       3.7    5.6   0.1     1    19    32    50    32    54 0.84 NODE_1_length_276430_cov_40.515391_20 # 20055 # 21596 # -1 # ID=1_20;partial=00;start_type=ATG;rbs_motif=GGAG/GAGG;rbs_spacer=5-10bp;gc_cont=0.470
NODE_1_length_276430_cov_40.515391:20055-21596|-  -            514 17644                -            143     0.032   12.3   3.7   2   4     0.019       8.7    4.4   0.3    53   104   151   199   147   214 0.77 NODE_1_length_276430_cov_40.515391_20 # 20055 # 21596 # -1 # ID=1_20;partial=00;start_type=ATG;rbs_motif=GGAG/GAGG;rbs_spacer=5-10bp;gc_cont=0.470
NODE_1_length_276430_cov_40.515391:20055-21596|-  -            514 17644                -            143     0.032   12.3   3.7   3   4       1.1   4.9e+02   -1.3   0.0    23    45   318   340   291   345 0.81 NODE_1_length_276430_cov_40.515391_20 # 20055 # 21596 # -1 # ID=1_20;partial=00;start_type=ATG;rbs_motif=GGAG/GAGG;rbs_spacer=5-10bp;gc_cont=0.470
NODE_1_length_276430_cov_40.515391:20055-21596|-  -            514 17644                -            143     0.032   12.3   3.7   4   4       0.7   3.2e+02   -0.7   0.0    62   103   422   461   406   464 0.77 NODE_1_length_276430_cov_40.515391_20 # 20055 # 21596 # -1 # ID=1_20;partial=00;start_type=ATG;rbs_motif=GGAG/GAGG;rbs_spacer=5-10bp;gc_cont=0.470
NODE_37_length_49199_cov_38.911069:41229-42701|-  -            491 17644                -            143     0.032   12.3   0.0   1   2     0.029        13    3.8   0.0     4    22    34    52    32    68 0.86 NODE_37_length_49199_cov_38.911069_38 # 41229 # 42701 # -1 # ID=37_38;partial=00;start_type=ATG;rbs_motif=GGA/GAG/AGG;rbs_spacer=5-10bp;gc_cont=0.527
NODE_37_length_49199_cov_38.911069:41229-42701|-  -            491 17644                -            143     0.032   12.3   0.0   2   2    0.0085       3.9    5.5   0.0     3    19   290   306   288   310 0.84 NODE_37_length_49199_cov_38.911069_38 # 41229 # 42701 # -1 # ID=37_38;partial=00;start_type=ATG;rbs_motif=GGA/GAG/AGG;rbs_spacer=5-10bp;gc_cont=0.527
NODE_11_length_117034_cov_40.464403:78152-78829|+ -            226 17644                -            143     0.042   11.9   0.1   1   2   0.00063      0.29    9.2   0.0     1    20    30    49    30    51 0.86 NODE_11_length_117034_cov_40.464403_67 # 78152 # 78829 # 1 # ID=11_67;partial=00;start_type=ATG;rbs_motif=GGAG/GAGG;rbs_spacer=5-10bp;gc_cont=0.546
NODE_11_length_117034_cov_40.464403:78152-78829|+ -            226 17644                -            143     0.042   11.9   0.1   2   2       0.4   1.8e+02    0.1   0.0    61    93   158   188   148   202 0.64 NODE_11_length_117034_cov_40.464403_67 # 78152 # 78829 # 1 # ID=11_67;partial=00;start_type=ATG;rbs_motif=GGAG/GAGG;rbs_spacer=5-10bp;gc_cont=0.546
NODE_50_length_31159_cov_52.530614:26602-27396|-  -            265 17644                -            143     0.043   11.9   0.0   1   1    0.0008      0.37    8.8   0.0     4    80   102   175   100   230 0.57 NODE_50_length_31159_cov_52.530614_34 # 26602 # 27396 # -1 # ID=50_34;partial=00;start_type=ATG;rbs_motif=AGGAG;rbs_spacer=5-10bp;gc_cont=0.543
NODE_28_length_70179_cov_36.796251:6138-7874|-    -            579 17644                -            143      0.06   11.4   0.6   1   3     0.002      0.92    7.5   0.1     1    21    35    55    35    57 0.88 NODE_28_length_70179_cov_36.796251_8 # 6138 # 7874 # -1 # ID=28_8;partial=00;start_type=ATG;rbs_motif=GGAG/GAGG;rbs_spacer=5-10bp;gc_cont=0.552
NODE_28_length_70179_cov_36.796251:6138-7874|-    -            579 17644                -            143      0.06   11.4   0.6   2   3      0.23   1.1e+02    0.9   0.1     4    19   360   375   357   381 0.77 NODE_28_length_70179_cov_36.796251_8 # 6138 # 7874 # -1 # ID=28_8;partial=00;start_type=ATG;rbs_motif=GGAG/GAGG;rbs_spacer=5-10bp;gc_cont=0.552
NODE_28_length_70179_cov_36.796251:6138-7874|-    -            579 17644                -            143      0.06   11.4   0.6   3   3       1.8   8.3e+02   -2.0   0.0    88   107   501   520   478   528 0.75 NODE_28_length_70179_cov_36.796251_8 # 6138 # 7874 # -1 # ID=28_8;partial=00;start_type=ATG;rbs_motif=GGAG/GAGG;rbs_spacer=5-10bp;gc_cont=0.552
NODE_47_length_33827_cov_35.974125:24582-25508|-  -            309 17644                -            143      0.49    8.4   4.4   1   2     0.017       7.9    4.5   0.2     4    19    47    62    44    66 0.83 NODE_47_length_33827_cov_35.974125_25 # 24582 # 25508 # -1 # ID=47_25;partial=00;start_type=GTG;rbs_motif=AGGAG;rbs_spacer=5-10bp;gc_cont=0.546
NODE_47_length_33827_cov_35.974125:24582-25508|-  -            309 17644                -            143      0.49    8.4   4.4   2   2    0.0097       4.4    5.3   0.7    61   131   158   228   147   232 0.76 NODE_47_length_33827_cov_35.974125_25 # 24582 # 25508 # -1 # ID=47_25;partial=00;start_type=GTG;rbs_motif=AGGAG;rbs_spacer=5-10bp;gc_cont=0.546
#
# Program:         hmmsearch
# Version:         3.4 (Aug 2023)
# Pipeline mode:   SEARCH
# Query file:      /home/simonedassisi/busco_downloads/lineages/archaea_odb12/hmms/17644at2157.hmm
# Target file:     home/simonedassisi/Desktop/BUSCO_output/prodigal_output/predicted_genes/predicted.faa
# Option settings: hmmsearch --domtblout home/simonedassisi/Desktop/BUSCO_output/auto_lineage/run_archaea_odb12/hmmer_output/17644at2157.out --cpu 1 /home/simonedassisi/busco_downloads/lineages/archaea_odb12/hmms/17644at2157.hmm home/simonedassisi/Desktop/BUSCO_output/prodigal_output/predicted_genes/predicted.faa 
# Current dir:     /home/simonedassisi
# Date:            Tue Apr  1 14:23:21 2025
# [ok]
