#                                                                                                          --- full sequence --- -------------- this domain -------------   hmm coord   ali coord   env coord
# target name                                      accession   tlen query name           accession   qlen   E-value  score  bias   #  of  c-Evalue  i-Evalue  score  bias  from    to  from    to  from    to  acc description of target
#                              ------------------- ---------- ----- -------------------- ---------- ----- --------- ------ ----- --- --- --------- --------- ------ ----- ----- ----- ----- ----- ----- ----- ---- ---------------------
NODE_2_length_157429_cov_38.171358:18375-19307|+   -            311 27149                -            189   3.3e-15   54.3   0.0   1   2       3.7   9.3e+02   -2.6   0.0    99   135    53    85    40    88 0.62 NODE_2_length_157429_cov_38.171358_17 # 18375 # 19307 # 1 # ID=2_17;partial=00;start_type=GTG;rbs_motif=GGAGG;rbs_spacer=5-10bp;gc_cont=0.527
NODE_2_length_157429_cov_38.171358:18375-19307|+   -            311 27149                -            189   3.3e-15   54.3   0.0   2   2   3.9e-17   9.9e-15   52.8   0.0    32   145   131   259   126   266 0.83 NODE_2_length_157429_cov_38.171358_17 # 18375 # 19307 # 1 # ID=2_17;partial=00;start_type=GTG;rbs_motif=GGAGG;rbs_spacer=5-10bp;gc_cont=0.527
NODE_53_length_29778_cov_36.323025:9537-10370|+    -            278 27149                -            189   2.7e-14   51.4   0.0   1   1   1.8e-16   4.6e-14   50.6   0.0    17   146    91   236    84   270 0.78 NODE_53_length_29778_cov_36.323025_10 # 9537 # 10370 # 1 # ID=53_10;partial=00;start_type=ATG;rbs_motif=AGxAGG/AGGxGG;rbs_spacer=3-4bp;gc_cont=0.558
NODE_31_length_58399_cov_38.812466:48236-49309|+   -            358 27149                -            189     5e-11   40.7   0.0   1   1   3.7e-13   9.4e-11   39.8   0.0    21   100   185   271   183   316 0.83 NODE_31_length_58399_cov_38.812466_46 # 48236 # 49309 # 1 # ID=31_46;partial=00;start_type=ATG;rbs_motif=AGGAG;rbs_spacer=5-10bp;gc_cont=0.558
NODE_9_length_123825_cov_37.296666:13541-14278|+   -            246 27149                -            189   5.1e-08   30.9   0.1   1   1   6.7e-10   1.7e-07   29.2   0.1    33   100    44   125    31   140 0.76 NODE_9_length_123825_cov_37.296666_13 # 13541 # 14278 # 1 # ID=9_13;partial=00;start_type=ATG;rbs_motif=GGA/GAG/AGG;rbs_spacer=5-10bp;gc_cont=0.535
NODE_8_length_126545_cov_41.885285:13880-14761|-   -            294 27149                -            189   6.7e-08   30.5   0.0   1   1   4.8e-10   1.2e-07   29.7   0.0    33    81   158   208   144   232 0.78 NODE_8_length_126545_cov_41.885285_15 # 13880 # 14761 # -1 # ID=8_15;partial=00;start_type=ATG;rbs_motif=GGA/GAG/AGG;rbs_spacer=5-10bp;gc_cont=0.549
NODE_32_length_57606_cov_39.295812:12827-13963|+   -            379 27149                -            189   1.4e-07   29.5   0.3   1   2       6.4   1.6e+03   -3.4   0.0    49    76   123   148   120   159 0.66 NODE_32_length_57606_cov_39.295812_12 # 12827 # 13963 # 1 # ID=32_12;partial=00;start_type=ATG;rbs_motif=AGGAGG;rbs_spacer=3-4bp;gc_cont=0.541
NODE_32_length_57606_cov_39.295812:12827-13963|+   -            379 27149                -            189   1.4e-07   29.5   0.3   2   2   7.1e-09   1.8e-06   25.8   0.1    26   100   223   308   218   366 0.81 NODE_32_length_57606_cov_39.295812_12 # 12827 # 13963 # 1 # ID=32_12;partial=00;start_type=ATG;rbs_motif=AGGAGG;rbs_spacer=3-4bp;gc_cont=0.541
NODE_76_length_15861_cov_41.965362:5135-6226|-     -            364 27149                -            189   5.6e-07   27.5   0.0   1   2   7.3e-09   1.8e-06   25.8   0.0    73   147    18    90    12   109 0.84 NODE_76_length_15861_cov_41.965362_10 # 5135 # 6226 # -1 # ID=76_10;partial=00;start_type=GTG;rbs_motif=None;rbs_spacer=None;gc_cont=0.481
NODE_76_length_15861_cov_41.965362:5135-6226|-     -            364 27149                -            189   5.6e-07   27.5   0.0   2   2       2.1   5.4e+02   -1.8   0.0    32    72   311   352   298   361 0.63 NODE_76_length_15861_cov_41.965362_10 # 5135 # 6226 # -1 # ID=76_10;partial=00;start_type=GTG;rbs_motif=None;rbs_spacer=None;gc_cont=0.481
NODE_72_length_16341_cov_36.526767:6500-7255|+     -            252 27149                -            189   2.4e-05   22.2   0.0   1   1   1.6e-07   4.1e-05   21.4   0.0    23    75    34    85    23   112 0.79 NODE_72_length_16341_cov_36.526767_8 # 6500 # 7255 # 1 # ID=72_8;partial=00;start_type=ATG;rbs_motif=GGAGG;rbs_spacer=5-10bp;gc_cont=0.561
NODE_6_length_131096_cov_36.333598:103512-104321|+ -            270 27149                -            189     4e-05   21.5   0.0   1   1   2.1e-07   5.4e-05   21.0   0.0     7    95    59   153    53   164 0.73 NODE_6_length_131096_cov_36.333598_105 # 103512 # 104321 # 1 # ID=6_105;partial=00;start_type=ATG;rbs_motif=GGAG/GAGG;rbs_spacer=5-10bp;gc_cont=0.514
NODE_2_length_157429_cov_38.171358:121691-122413|- -            241 27149                -            189   5.8e-05   20.9   0.1   1   1   3.6e-07     9e-05   20.3   0.1    34    76    57   100    48   126 0.84 NODE_2_length_157429_cov_38.171358_114 # 121691 # 122413 # -1 # ID=2_114;partial=00;start_type=ATG;rbs_motif=AGGA/GGAG/GAGG;rbs_spacer=11-12bp;gc_cont=0.539
NODE_25_length_79707_cov_37.284883:29188-30336|-   -            383 27149                -            189   0.00011   20.0   0.0   1   1   7.4e-07   0.00019   19.3   0.0    26    73   161   209   156   234 0.70 NODE_25_length_79707_cov_37.284883_28 # 29188 # 30336 # -1 # ID=25_28;partial=00;start_type=ATG;rbs_motif=GGAG/GAGG;rbs_spacer=5-10bp;gc_cont=0.480
NODE_41_length_44791_cov_39.437601:26633-27259|-   -            209 27149                -            189   0.00016   19.5   0.0   1   1   1.1e-06   0.00028   18.7   0.0    20    58    67   100    53   105 0.74 NODE_41_length_44791_cov_39.437601_29 # 26633 # 27259 # -1 # ID=41_29;partial=00;start_type=ATG;rbs_motif=GGAG/GAGG;rbs_spacer=5-10bp;gc_cont=0.534
NODE_77_length_15753_cov_35.008191:11624-12394|-   -            257 27149                -            189   0.00017   19.4   0.1   1   2   3.2e-06   0.00081   17.2   0.0    27    70    40    82    24   117 0.75 NODE_77_length_15753_cov_35.008191_13 # 11624 # 12394 # -1 # ID=77_13;partial=00;start_type=ATG;rbs_motif=AGGA;rbs_spacer=5-10bp;gc_cont=0.490
NODE_77_length_15753_cov_35.008191:11624-12394|-   -            257 27149                -            189   0.00017   19.4   0.1   2   2       1.2     3e+02   -1.0   0.0   131   146   130   145   126   149 0.88 NODE_77_length_15753_cov_35.008191_13 # 11624 # 12394 # -1 # ID=77_13;partial=00;start_type=ATG;rbs_motif=AGGA;rbs_spacer=5-10bp;gc_cont=0.490
NODE_16_length_86943_cov_42.279511:24505-25767|+   -            421 27149                -            189   0.00026   18.8   0.0   1   1   2.1e-06   0.00053   17.8   0.0    48    87    20    59     9    63 0.88 NODE_16_length_86943_cov_42.279511_22 # 24505 # 25767 # 1 # ID=16_22;partial=00;start_type=ATG;rbs_motif=GGA/GAG/AGG;rbs_spacer=5-10bp;gc_cont=0.539
NODE_106_length_5751_cov_31.610775:1415-2083|-     -            223 27149                -            189    0.0025   15.6   0.0   1   1   1.7e-05    0.0042   14.9   0.0    23    73    45    93    43   110 0.86 NODE_106_length_5751_cov_31.610775_3 # 1415 # 2083 # -1 # ID=106_3;partial=00;start_type=ATG;rbs_motif=None;rbs_spacer=None;gc_cont=0.408
NODE_55_length_28139_cov_44.779594:21611-24607|+   -            999 27149                -            189    0.0036   15.1   0.0   1   1   3.2e-05    0.0082   13.9   0.0    80   109   510   538   500   601 0.73 NODE_55_length_28139_cov_44.779594_22 # 21611 # 24607 # 1 # ID=55_22;partial=00;start_type=ATG;rbs_motif=GGA/GAG/AGG;rbs_spacer=5-10bp;gc_cont=0.326
NODE_6_length_131096_cov_36.333598:56161-57132|-   -            324 27149                -            189     0.011   13.5   0.0   1   1   7.1e-05     0.018   12.8   0.0    33    67   122   156   114   170 0.83 NODE_6_length_131096_cov_36.333598_55 # 56161 # 57132 # -1 # ID=6_55;partial=00;start_type=ATG;rbs_motif=GGAG/GAGG;rbs_spacer=5-10bp;gc_cont=0.522
NODE_44_length_40808_cov_40.967724:37221-37967|-   -            249 27149                -            189     0.016   13.0   0.0   1   1   9.2e-05     0.023   12.4   0.0    28    72    32    75    22   109 0.78 NODE_44_length_40808_cov_40.967724_35 # 37221 # 37967 # -1 # ID=44_35;partial=00;start_type=ATG;rbs_motif=AGGA;rbs_spacer=5-10bp;gc_cont=0.590
NODE_79_length_15579_cov_97.082190:11635-12318|-   -            228 27149                -            189     0.024   12.4   0.0   1   1   0.00018     0.046   11.5   0.0    79   147     9    71     4    96 0.75 NODE_79_length_15579_cov_97.082190_18 # 11635 # 12318 # -1 # ID=79_18;partial=00;start_type=ATG;rbs_motif=AGGAG;rbs_spacer=5-10bp;gc_cont=0.575
NODE_36_length_50779_cov_38.268459:24087-24872|-   -            262 27149                -            189     0.038   11.7   0.0   1   1   0.00033     0.083   10.6   0.0    34    85    45    97    35   119 0.76 NODE_36_length_50779_cov_38.268459_18 # 24087 # 24872 # -1 # ID=36_18;partial=00;start_type=ATG;rbs_motif=GGAG/GAGG;rbs_spacer=5-10bp;gc_cont=0.517
#
# Program:         hmmsearch
# Version:         3.4 (Aug 2023)
# Pipeline mode:   SEARCH
# Query file:      /home/simonedassisi/busco_downloads/lineages/archaea_odb12/hmms/27149at2157.hmm
# Target file:     home/simonedassisi/Desktop/BUSCO_output/prodigal_output/predicted_genes/predicted.faa
# Option settings: hmmsearch --domtblout home/simonedassisi/Desktop/BUSCO_output/auto_lineage/run_archaea_odb12/hmmer_output/27149at2157.out --cpu 1 /home/simonedassisi/busco_downloads/lineages/archaea_odb12/hmms/27149at2157.hmm home/simonedassisi/Desktop/BUSCO_output/prodigal_output/predicted_genes/predicted.faa 
# Current dir:     /home/simonedassisi
# Date:            Tue Apr  1 14:23:21 2025
# [ok]
