#                                                                                                         --- full sequence --- -------------- this domain -------------   hmm coord   ali coord   env coord
# target name                                     accession   tlen query name           accession   qlen   E-value  score  bias   #  of  c-Evalue  i-Evalue  score  bias  from    to  from    to  from    to  acc description of target
#                             ------------------- ---------- ----- -------------------- ---------- ----- --------- ------ ----- --- --- --------- --------- ------ ----- ----- ----- ----- ----- ----- ----- ---- ---------------------
NODE_38_length_48580_cov_35.344705:14784-15779|-  -            332 295712               -            307   7.5e-07   26.5   1.0   1   3   1.7e-07   0.00028   18.1   0.1     2    33     3    34     2    49 0.87 NODE_38_length_48580_cov_35.344705_15 # 14784 # 15779 # -1 # ID=38_15;partial=00;start_type=ATG;rbs_motif=GGxGG;rbs_spacer=5-10bp;gc_cont=0.500
NODE_38_length_48580_cov_35.344705:14784-15779|-  -            332 295712               -            307   7.5e-07   26.5   1.0   2   3   0.00054      0.91    6.6   0.0    89   150   108   169    88   192 0.70 NODE_38_length_48580_cov_35.344705_15 # 14784 # 15779 # -1 # ID=38_15;partial=00;start_type=ATG;rbs_motif=GGxGG;rbs_spacer=5-10bp;gc_cont=0.500
NODE_38_length_48580_cov_35.344705:14784-15779|-  -            332 295712               -            307   7.5e-07   26.5   1.0   3   3      0.27   4.5e+02   -2.3   0.0   190   215   226   251   215   272 0.79 NODE_38_length_48580_cov_35.344705_15 # 14784 # 15779 # -1 # ID=38_15;partial=00;start_type=ATG;rbs_motif=GGxGG;rbs_spacer=5-10bp;gc_cont=0.500
NODE_40_length_46585_cov_37.455939:13506-14507|+  -            334 295712               -            307    0.0032   14.6   0.1   1   2   9.2e-05      0.16    9.1   0.0     1    33     1    34     1    50 0.74 NODE_40_length_46585_cov_37.455939_15 # 13506 # 14507 # 1 # ID=40_15;partial=00;start_type=ATG;rbs_motif=AGGAG;rbs_spacer=5-10bp;gc_cont=0.480
NODE_40_length_46585_cov_37.455939:13506-14507|+  -            334 295712               -            307    0.0032   14.6   0.1   2   2    0.0053       8.9    3.3   0.0    72   146    89   165    83   175 0.82 NODE_40_length_46585_cov_37.455939_15 # 13506 # 14507 # 1 # ID=40_15;partial=00;start_type=ATG;rbs_motif=AGGAG;rbs_spacer=5-10bp;gc_cont=0.480
NODE_11_length_117034_cov_40.464403:75033-76052|- -            340 295712               -            307    0.0058   13.8   1.5   1   3     2e-05     0.034   11.2   0.2     2    22     3    23     2    46 0.82 NODE_11_length_117034_cov_40.464403_63 # 75033 # 76052 # -1 # ID=11_63;partial=00;start_type=ATG;rbs_motif=AGGA;rbs_spacer=5-10bp;gc_cont=0.511
NODE_11_length_117034_cov_40.464403:75033-76052|- -            340 295712               -            307    0.0058   13.8   1.5   2   3     0.024        40    1.2   0.0    74   147    94   171    91   201 0.63 NODE_11_length_117034_cov_40.464403_63 # 75033 # 76052 # -1 # ID=11_63;partial=00;start_type=ATG;rbs_motif=AGGA;rbs_spacer=5-10bp;gc_cont=0.511
NODE_11_length_117034_cov_40.464403:75033-76052|- -            340 295712               -            307    0.0058   13.8   1.5   3   3      0.56   9.4e+02   -3.3   0.0   124   158   233   266   227   285 0.57 NODE_11_length_117034_cov_40.464403_63 # 75033 # 76052 # -1 # ID=11_63;partial=00;start_type=ATG;rbs_motif=AGGA;rbs_spacer=5-10bp;gc_cont=0.511
#
# Program:         hmmsearch
# Version:         3.4 (Aug 2023)
# Pipeline mode:   SEARCH
# Query file:      /home/simonedassisi/busco_downloads/lineages/archaea_odb12/hmms/295712at2157.hmm
# Target file:     home/simonedassisi/Desktop/BUSCO_output/prodigal_output/predicted_genes/predicted.faa
# Option settings: hmmsearch --domtblout home/simonedassisi/Desktop/BUSCO_output/auto_lineage/run_archaea_odb12/hmmer_output/295712at2157.out --cpu 1 /home/simonedassisi/busco_downloads/lineages/archaea_odb12/hmms/295712at2157.hmm home/simonedassisi/Desktop/BUSCO_output/prodigal_output/predicted_genes/predicted.faa 
# Current dir:     /home/simonedassisi
# Date:            Tue Apr  1 14:23:21 2025
# [ok]
