#                                                                                                          --- full sequence --- -------------- this domain -------------   hmm coord   ali coord   env coord
# target name                                      accession   tlen query name           accession   qlen   E-value  score  bias   #  of  c-Evalue  i-Evalue  score  bias  from    to  from    to  from    to  acc description of target
#                              ------------------- ---------- ----- -------------------- ---------- ----- --------- ------ ----- --- --- --------- --------- ------ ----- ----- ----- ----- ----- ----- ----- ---- ---------------------
NODE_4_length_139564_cov_44.158667:127664-130480|- -            939 30823                -            882  2.4e-174  579.6   0.0   1   1    5e-177  5.1e-174  578.6   0.0    13   724    29   793    18   833 0.85 NODE_4_length_139564_cov_44.158667_111 # 127664 # 130480 # -1 # ID=4_111;partial=00;start_type=ATG;rbs_motif=GGA/GAG/AGG;rbs_spacer=5-10bp;gc_cont=0.556
NODE_18_length_85840_cov_40.696849:21786-24641|+   -            952 30823                -            882     2e-92  308.5   5.0   1   3   7.9e-39   7.9e-36  121.3   0.2     3   226     5   238     3   259 0.91 NODE_18_length_85840_cov_40.696849_18 # 21786 # 24641 # 1 # ID=18_18;partial=00;start_type=ATG;rbs_motif=GGA/GAG/AGG;rbs_spacer=3-4bp;gc_cont=0.550
NODE_18_length_85840_cov_40.696849:21786-24641|+   -            952 30823                -            882     2e-92  308.5   5.0   2   3   5.2e-32   5.2e-29   98.7   4.1   289   557   269   570   243   573 0.76 NODE_18_length_85840_cov_40.696849_18 # 21786 # 24641 # 1 # ID=18_18;partial=00;start_type=ATG;rbs_motif=GGA/GAG/AGG;rbs_spacer=3-4bp;gc_cont=0.550
NODE_18_length_85840_cov_40.696849:21786-24641|+   -            952 30823                -            882     2e-92  308.5   5.0   3   3   2.9e-27   2.9e-24   83.0   0.0   557   762   608   822   586   839 0.90 NODE_18_length_85840_cov_40.696849_18 # 21786 # 24641 # 1 # ID=18_18;partial=00;start_type=ATG;rbs_motif=GGA/GAG/AGG;rbs_spacer=3-4bp;gc_cont=0.550
NODE_10_length_119716_cov_38.250842:54229-56811|+  -            861 30823                -            882   1.1e-55  187.0  24.5   1   5   6.2e-28   6.2e-25   85.3   2.0     4   183     6   171     3   173 0.91 NODE_10_length_119716_cov_38.250842_47 # 54229 # 56811 # 1 # ID=10_47;partial=00;start_type=ATG;rbs_motif=AGGA/GGAG/GAGG;rbs_spacer=11-12bp;gc_cont=0.533
NODE_10_length_119716_cov_38.250842:54229-56811|+  -            861 30823                -            882   1.1e-55  187.0  24.5   2   5   5.7e-11   5.7e-08   29.1   1.3   363   416   174   227   172   233 0.94 NODE_10_length_119716_cov_38.250842_47 # 54229 # 56811 # 1 # ID=10_47;partial=00;start_type=ATG;rbs_motif=AGGA/GGAG/GAGG;rbs_spacer=11-12bp;gc_cont=0.533
NODE_10_length_119716_cov_38.250842:54229-56811|+  -            861 30823                -            882   1.1e-55  187.0  24.5   3   5   1.8e-08   1.8e-05   20.8   0.1   195   320   232   359   226   416 0.77 NODE_10_length_119716_cov_38.250842_47 # 54229 # 56811 # 1 # ID=10_47;partial=00;start_type=ATG;rbs_motif=AGGA/GGAG/GAGG;rbs_spacer=11-12bp;gc_cont=0.533
NODE_10_length_119716_cov_38.250842:54229-56811|+  -            861 30823                -            882   1.1e-55  187.0  24.5   4   5   1.8e-08   1.9e-05   20.8   0.5   415   438   416   439   405   450 0.84 NODE_10_length_119716_cov_38.250842_47 # 54229 # 56811 # 1 # ID=10_47;partial=00;start_type=ATG;rbs_motif=AGGA/GGAG/GAGG;rbs_spacer=11-12bp;gc_cont=0.533
NODE_10_length_119716_cov_38.250842:54229-56811|+  -            861 30823                -            882   1.1e-55  187.0  24.5   5   5   6.1e-14   6.1e-11   39.0   0.1   535   726   612   791   606   816 0.72 NODE_10_length_119716_cov_38.250842_47 # 54229 # 56811 # 1 # ID=10_47;partial=00;start_type=ATG;rbs_motif=AGGA/GGAG/GAGG;rbs_spacer=11-12bp;gc_cont=0.533
NODE_3_length_152663_cov_37.088930:79821-81854|-   -            678 30823                -            882   4.1e-21   72.6   0.3   1   3   1.6e-12   1.6e-09   34.3   0.0    38    92    15    68     5    91 0.92 NODE_3_length_152663_cov_37.088930_68 # 79821 # 81854 # -1 # ID=3_68;partial=00;start_type=ATG;rbs_motif=AGxAG;rbs_spacer=11-12bp;gc_cont=0.530
NODE_3_length_152663_cov_37.088930:79821-81854|-   -            678 30823                -            882   4.1e-21   72.6   0.3   2   3    0.0046       4.7    2.9   0.0   373   432   184   244   179   249 0.83 NODE_3_length_152663_cov_37.088930_68 # 79821 # 81854 # -1 # ID=3_68;partial=00;start_type=ATG;rbs_motif=AGxAG;rbs_spacer=11-12bp;gc_cont=0.530
NODE_3_length_152663_cov_37.088930:79821-81854|-   -            678 30823                -            882   4.1e-21   72.6   0.3   3   3   8.8e-12   8.9e-09   31.8   0.0   527   705   320   502   301   549 0.82 NODE_3_length_152663_cov_37.088930_68 # 79821 # 81854 # -1 # ID=3_68;partial=00;start_type=ATG;rbs_motif=AGxAG;rbs_spacer=11-12bp;gc_cont=0.530
NODE_21_length_83220_cov_38.326345:10672-12057|-   -            462 30823                -            882   1.6e-08   31.0   0.8   1   2     0.084        84   -1.2   0.1    44    69    36    61    18    64 0.92 NODE_21_length_83220_cov_38.326345_13 # 10672 # 12057 # -1 # ID=21_13;partial=00;start_type=ATG;rbs_motif=GGA/GAG/AGG;rbs_spacer=5-10bp;gc_cont=0.548
NODE_21_length_83220_cov_38.326345:10672-12057|-   -            462 30823                -            882   1.6e-08   31.0   0.8   2   2   3.2e-11   3.3e-08   29.9   0.1   522   597   247   323   237   388 0.89 NODE_21_length_83220_cov_38.326345_13 # 10672 # 12057 # -1 # ID=21_13;partial=00;start_type=ATG;rbs_motif=GGA/GAG/AGG;rbs_spacer=5-10bp;gc_cont=0.548
#
# Program:         hmmsearch
# Version:         3.4 (Aug 2023)
# Pipeline mode:   SEARCH
# Query file:      /home/simonedassisi/busco_downloads/lineages/archaea_odb12/hmms/30823at2157.hmm
# Target file:     home/simonedassisi/Desktop/BUSCO_output/prodigal_output/predicted_genes/predicted.faa
# Option settings: hmmsearch --domtblout home/simonedassisi/Desktop/BUSCO_output/auto_lineage/run_archaea_odb12/hmmer_output/30823at2157.out --cpu 1 /home/simonedassisi/busco_downloads/lineages/archaea_odb12/hmms/30823at2157.hmm home/simonedassisi/Desktop/BUSCO_output/prodigal_output/predicted_genes/predicted.faa 
# Current dir:     /home/simonedassisi
# Date:            Tue Apr  1 14:23:22 2025
# [ok]
