#                                                                                                          --- full sequence --- -------------- this domain -------------   hmm coord   ali coord   env coord
# target name                                      accession   tlen query name           accession   qlen   E-value  score  bias   #  of  c-Evalue  i-Evalue  score  bias  from    to  from    to  from    to  acc description of target
#                              ------------------- ---------- ----- -------------------- ---------- ----- --------- ------ ----- --- --- --------- --------- ------ ----- ----- ----- ----- ----- ----- ----- ---- ---------------------
NODE_48_length_31921_cov_35.968831:24777-25307|+   -            177 30955                -            222   8.4e-07   26.7   0.1   1   1   7.4e-09   1.4e-06   25.9   0.0     8    81    57   131    50   146 0.79 NODE_48_length_31921_cov_35.968831_26 # 24777 # 25307 # 1 # ID=48_26;partial=00;start_type=ATG;rbs_motif=GGAG/GAGG;rbs_spacer=5-10bp;gc_cont=0.492
NODE_25_length_79707_cov_37.284883:50895-51329|+   -            145 30955                -            222   8.2e-06   23.4   0.4   1   1     5e-08   9.6e-06   23.2   0.4    25    82    47   107    28   134 0.80 NODE_25_length_79707_cov_37.284883_48 # 50895 # 51329 # 1 # ID=25_48;partial=00;start_type=TTG;rbs_motif=AGGAG;rbs_spacer=5-10bp;gc_cont=0.478
NODE_17_length_86457_cov_41.702653:51696-52481|-   -            262 30955                -            222   1.4e-05   22.6   0.1   1   1   1.3e-07   2.6e-05   21.8   0.1    14    70    20    70     9    92 0.80 NODE_17_length_86457_cov_41.702653_57 # 51696 # 52481 # -1 # ID=17_57;partial=00;start_type=ATG;rbs_motif=GGAG/GAGG;rbs_spacer=5-10bp;gc_cont=0.523
NODE_1_length_276430_cov_40.515391:186925-187683|+ -            253 30955                -            222   5.2e-05   20.8   0.0   1   1   4.6e-07     9e-05   20.0   0.0    20    58    15    53     4    58 0.89 NODE_1_length_276430_cov_40.515391_168 # 186925 # 187683 # 1 # ID=1_168;partial=00;start_type=ATG;rbs_motif=GGA/GAG/AGG;rbs_spacer=5-10bp;gc_cont=0.539
NODE_6_length_131096_cov_36.333598:100475-101266|+ -            264 30955                -            222   6.1e-05   20.6   0.2   1   1   5.1e-07    0.0001   19.9   0.2     8    77    15    86     9   104 0.86 NODE_6_length_131096_cov_36.333598_101 # 100475 # 101266 # 1 # ID=6_101;partial=00;start_type=ATG;rbs_motif=GGAG/GAGG;rbs_spacer=5-10bp;gc_cont=0.497
NODE_12_length_106079_cov_39.536715:52936-53667|-  -            244 30955                -            222   0.00046   17.7   0.2   1   1   3.4e-06   0.00066   17.2   0.2    21    59    15    53     1    85 0.85 NODE_12_length_106079_cov_39.536715_48 # 52936 # 53667 # -1 # ID=12_48;partial=00;start_type=ATG;rbs_motif=None;rbs_spacer=None;gc_cont=0.481
NODE_41_length_44791_cov_39.437601:18206-18973|-   -            256 30955                -            222   0.00049   17.6   0.1   1   1   4.4e-06   0.00086   16.8   0.1    19    55    14    50     6    84 0.84 NODE_41_length_44791_cov_39.437601_21 # 18206 # 18973 # -1 # ID=41_21;partial=00;start_type=TTG;rbs_motif=AGGAG;rbs_spacer=5-10bp;gc_cont=0.520
NODE_1_length_276430_cov_40.515391:260746-261378|- -            211 30955                -            222    0.0023   15.4   0.1   1   1   2.1e-05    0.0041   14.6   0.0    21    55   164   198   142   207 0.85 NODE_1_length_276430_cov_40.515391_232 # 260746 # 261378 # -1 # ID=1_232;partial=00;start_type=ATG;rbs_motif=GGAG/GAGG;rbs_spacer=5-10bp;gc_cont=0.499
NODE_103_length_6820_cov_74.072314:3218-3841|-     -            208 30955                -            222    0.0027   15.2   0.0   1   2   5.4e-05      0.01   13.3   0.1    13    79     7    73     1    85 0.87 NODE_103_length_6820_cov_74.072314_5 # 3218 # 3841 # -1 # ID=103_5;partial=00;start_type=ATG;rbs_motif=GGA/GAG/AGG;rbs_spacer=5-10bp;gc_cont=0.413
NODE_103_length_6820_cov_74.072314:3218-3841|-     -            208 30955                -            222    0.0027   15.2   0.0   2   2       1.1   2.1e+02   -0.8   0.0    50    77   178   203   172   206 0.73 NODE_103_length_6820_cov_74.072314_5 # 3218 # 3841 # -1 # ID=103_5;partial=00;start_type=ATG;rbs_motif=GGA/GAG/AGG;rbs_spacer=5-10bp;gc_cont=0.413
NODE_28_length_70179_cov_36.796251:32076-32543|+   -            156 30955                -            222    0.0029   15.1   0.0   1   1   2.1e-05    0.0041   14.6   0.0    25    77    55   104    37   116 0.75 NODE_28_length_70179_cov_36.796251_31 # 32076 # 32543 # 1 # ID=28_31;partial=00;start_type=ATG;rbs_motif=GGAG/GAGG;rbs_spacer=5-10bp;gc_cont=0.541
NODE_22_length_80627_cov_36.893466:52171-52920|-   -            250 30955                -            222    0.0031   15.0   0.1   1   1     3e-05    0.0058   14.1   0.1    21    66    14    56     1    93 0.68 NODE_22_length_80627_cov_36.893466_54 # 52171 # 52920 # -1 # ID=22_54;partial=00;start_type=ATG;rbs_motif=None;rbs_spacer=None;gc_cont=0.499
NODE_24_length_79963_cov_36.490030:24419-25369|+   -            317 30955                -            222     0.004   14.6   0.1   1   1   3.3e-05    0.0064   14.0   0.1    23    83    15    75     2    94 0.80 NODE_24_length_79963_cov_36.490030_27 # 24419 # 25369 # 1 # ID=24_27;partial=00;start_type=GTG;rbs_motif=GGAG/GAGG;rbs_spacer=5-10bp;gc_cont=0.476
NODE_97_length_9166_cov_37.516539:89-547|-         -            153 30955                -            222    0.0041   14.6   0.1   1   1   2.7e-05    0.0053   14.3   0.1    26    84    19    76     3    90 0.84 NODE_97_length_9166_cov_37.516539_1 # 89 # 547 # -1 # ID=97_1;partial=00;start_type=ATG;rbs_motif=GGAG/GAGG;rbs_spacer=5-10bp;gc_cont=0.375
NODE_35_length_52795_cov_36.978564:20253-21161|-   -            303 30955                -            222    0.0052   14.3   0.5   1   1   4.2e-05    0.0081   13.7   0.5    26   103    21   102     4   105 0.73 NODE_35_length_52795_cov_36.978564_18 # 20253 # 21161 # -1 # ID=35_18;partial=00;start_type=ATG;rbs_motif=GGxGG;rbs_spacer=3-4bp;gc_cont=0.494
NODE_48_length_31921_cov_35.968831:11111-11410|+   -            100 30955                -            222    0.0059   14.1   0.1   1   1   3.2e-05    0.0062   14.0   0.1    14    79    28    93    10    98 0.84 NODE_48_length_31921_cov_35.968831_10 # 11111 # 11410 # 1 # ID=48_10;partial=00;start_type=ATG;rbs_motif=None;rbs_spacer=None;gc_cont=0.530
NODE_139_length_1699_cov_2351.182570:867-1343|-    -            159 30955                -            222    0.0068   13.9   0.0   1   2      0.95   1.8e+02   -0.6   0.0    50    85    25    53     5    66 0.61 NODE_139_length_1699_cov_2351.182570_2 # 867 # 1343 # -1 # ID=139_2;partial=00;start_type=ATG;rbs_motif=GGAG/GAGG;rbs_spacer=5-10bp;gc_cont=0.436
NODE_139_length_1699_cov_2351.182570:867-1343|-    -            159 30955                -            222    0.0068   13.9   0.0   2   2   0.00012     0.024   12.1   0.0    25    59    75   109    53   115 0.86 NODE_139_length_1699_cov_2351.182570_2 # 867 # 1343 # -1 # ID=139_2;partial=00;start_type=ATG;rbs_motif=GGAG/GAGG;rbs_spacer=5-10bp;gc_cont=0.436
NODE_77_length_15753_cov_35.008191:13513-14427|+   -            305 30955                -            222    0.0075   13.8   0.4   1   1   7.9e-05     0.015   12.7   0.4    26    92    19    84     5    93 0.87 NODE_77_length_15753_cov_35.008191_15 # 13513 # 14427 # 1 # ID=77_15;partial=00;start_type=ATG;rbs_motif=AGGAG;rbs_spacer=5-10bp;gc_cont=0.495
NODE_90_length_11481_cov_41.970231:194-949|-       -            252 30955                -            222     0.016   12.7   0.1   1   1   0.00016      0.03   11.8   0.1    10    60    11    55     2    63 0.79 NODE_90_length_11481_cov_41.970231_1 # 194 # 949 # -1 # ID=90_1;partial=00;start_type=ATG;rbs_motif=GGA/GAG/AGG;rbs_spacer=5-10bp;gc_cont=0.508
NODE_13_length_92664_cov_37.475885:40573-41499|+   -            309 30955                -            222      0.02   12.4   0.5   1   1   0.00014     0.028   11.9   0.5    23    97    16    94     2    97 0.74 NODE_13_length_92664_cov_37.475885_45 # 40573 # 41499 # 1 # ID=13_45;partial=00;start_type=ATG;rbs_motif=None;rbs_spacer=None;gc_cont=0.542
NODE_3_length_152663_cov_37.088930:93377-94123|+   -            249 30955                -            222     0.023   12.1   0.0   1   1   0.00019     0.037   11.5   0.0    27    68    50    91    28   109 0.83 NODE_3_length_152663_cov_37.088930_82 # 93377 # 94123 # 1 # ID=3_82;partial=00;start_type=ATG;rbs_motif=AGGA;rbs_spacer=5-10bp;gc_cont=0.514
NODE_32_length_57606_cov_39.295812:30876-31499|-   -            208 30955                -            222     0.024   12.1   0.0   1   1   0.00016     0.031   11.7   0.0    38    88    97   148    65   157 0.83 NODE_32_length_57606_cov_39.295812_24 # 30876 # 31499 # -1 # ID=32_24;partial=00;start_type=ATG;rbs_motif=AGGAG;rbs_spacer=5-10bp;gc_cont=0.538
NODE_61_length_24817_cov_40.631511:20600-21418|-   -            273 30955                -            222     0.027   11.9   0.0   1   1   0.00022     0.042   11.3   0.0     9    61    22    74    17    79 0.92 NODE_61_length_24817_cov_40.631511_27 # 20600 # 21418 # -1 # ID=61_27;partial=00;start_type=ATG;rbs_motif=GGAGG;rbs_spacer=5-10bp;gc_cont=0.502
NODE_9_length_123825_cov_37.296666:57276-58166|+   -            297 30955                -            222      0.03   11.8   0.0   1   1   0.00028     0.055   10.9   0.0    24    87    15    77     3    86 0.85 NODE_9_length_123825_cov_37.296666_51 # 57276 # 58166 # 1 # ID=9_51;partial=00;start_type=ATG;rbs_motif=GGA/GAG/AGG;rbs_spacer=5-10bp;gc_cont=0.498
NODE_15_length_91266_cov_36.275195:51432-52130|-   -            233 30955                -            222     0.031   11.7   0.0   1   1   0.00023     0.044   11.3   0.0    26    61    27    61     6    99 0.89 NODE_15_length_91266_cov_36.275195_49 # 51432 # 52130 # -1 # ID=15_49;partial=00;start_type=GTG;rbs_motif=GGA/GAG/AGG;rbs_spacer=5-10bp;gc_cont=0.406
NODE_16_length_86943_cov_42.279511:10176-11066|-   -            297 30955                -            222      0.04   11.4   0.1   1   1    0.0003     0.058   10.8   0.1    31    89    22    79     6    93 0.75 NODE_16_length_86943_cov_42.279511_9 # 10176 # 11066 # -1 # ID=16_9;partial=00;start_type=TTG;rbs_motif=GGAG/GAGG;rbs_spacer=5-10bp;gc_cont=0.582
NODE_36_length_50779_cov_38.268459:48840-49748|+   -            303 30955                -            222      0.05   11.1   0.0   1   1    0.0004     0.078   10.4   0.0    26    94    19    89     7    95 0.80 NODE_36_length_50779_cov_38.268459_39 # 48840 # 49748 # 1 # ID=36_39;partial=00;start_type=ATG;rbs_motif=AGGA;rbs_spacer=5-10bp;gc_cont=0.469
#
# Program:         hmmsearch
# Version:         3.4 (Aug 2023)
# Pipeline mode:   SEARCH
# Query file:      /home/simonedassisi/busco_downloads/lineages/archaea_odb12/hmms/30955at2157.hmm
# Target file:     home/simonedassisi/Desktop/BUSCO_output/prodigal_output/predicted_genes/predicted.faa
# Option settings: hmmsearch --domtblout home/simonedassisi/Desktop/BUSCO_output/auto_lineage/run_archaea_odb12/hmmer_output/30955at2157.out --cpu 1 /home/simonedassisi/busco_downloads/lineages/archaea_odb12/hmms/30955at2157.hmm home/simonedassisi/Desktop/BUSCO_output/prodigal_output/predicted_genes/predicted.faa 
# Current dir:     /home/simonedassisi
# Date:            Tue Apr  1 14:23:22 2025
# [ok]
