#                                                                                                          --- full sequence --- -------------- this domain -------------   hmm coord   ali coord   env coord
# target name                                      accession   tlen query name           accession   qlen   E-value  score  bias   #  of  c-Evalue  i-Evalue  score  bias  from    to  from    to  from    to  acc description of target
#                              ------------------- ---------- ----- -------------------- ---------- ----- --------- ------ ----- --- --- --------- --------- ------ ----- ----- ----- ----- ----- ----- ----- ---- ---------------------
NODE_8_length_126545_cov_41.885285:100508-103180|+ -            891 30957                -            582   5.7e-56  188.5  21.5   1   2   3.3e-41   1.4e-38  131.1   4.6     4   131   390   502   387   512 0.94 NODE_8_length_126545_cov_41.885285_96 # 100508 # 103180 # 1 # ID=8_96;partial=00;start_type=ATG;rbs_motif=AGGA;rbs_spacer=5-10bp;gc_cont=0.535
NODE_8_length_126545_cov_41.885285:100508-103180|+ -            891 30957                -            582   5.7e-56  188.5  21.5   2   2   2.5e-19   1.1e-16   58.8   8.9   191   525   530   867   523   879 0.77 NODE_8_length_126545_cov_41.885285_96 # 100508 # 103180 # 1 # ID=8_96;partial=00;start_type=ATG;rbs_motif=AGGA;rbs_spacer=5-10bp;gc_cont=0.535
NODE_99_length_8647_cov_35.430047:2366-4210|+      -            615 30957                -            582   3.2e-20   70.4   0.3   1   2     1e-15   4.2e-13   47.0   0.8     7   139     2   124     1   136 0.80 NODE_99_length_8647_cov_35.430047_3 # 2366 # 4210 # 1 # ID=99_3;partial=00;start_type=ATG;rbs_motif=AGGA/GGAG/GAGG;rbs_spacer=11-12bp;gc_cont=0.567
NODE_99_length_8647_cov_35.430047:2366-4210|+      -            615 30957                -            582   3.2e-20   70.4   0.3   2   2   7.1e-07    0.0003   17.7   0.0   473   556   191   274   169   289 0.85 NODE_99_length_8647_cov_35.430047_3 # 2366 # 4210 # 1 # ID=99_3;partial=00;start_type=ATG;rbs_motif=AGGA/GGAG/GAGG;rbs_spacer=11-12bp;gc_cont=0.567
NODE_9_length_123825_cov_37.296666:19181-20980|+   -            600 30957                -            582     7e-11   39.6   0.2   1   2   1.4e-11     6e-09   33.3   0.0     9   130     8   134     3   142 0.79 NODE_9_length_123825_cov_37.296666_19 # 19181 # 20980 # 1 # ID=9_19;partial=00;start_type=ATG;rbs_motif=None;rbs_spacer=None;gc_cont=0.537
NODE_9_length_123825_cov_37.296666:19181-20980|+   -            600 30957                -            582     7e-11   39.6   0.2   2   2     0.014       6.1    3.5   0.0   194   283   161   246   154   262 0.74 NODE_9_length_123825_cov_37.296666_19 # 19181 # 20980 # 1 # ID=9_19;partial=00;start_type=ATG;rbs_motif=None;rbs_spacer=None;gc_cont=0.537
NODE_17_length_86457_cov_41.702653:66920-68743|-   -            608 30957                -            582   9.5e-10   35.9   0.2   1   2   2.3e-12   9.5e-10   35.9   0.2     8   131     8   132     3   156 0.81 NODE_17_length_86457_cov_41.702653_70 # 66920 # 68743 # -1 # ID=17_70;partial=00;start_type=GTG;rbs_motif=GGAG/GAGG;rbs_spacer=5-10bp;gc_cont=0.533
NODE_17_length_86457_cov_41.702653:66920-68743|-   -            608 30957                -            582   9.5e-10   35.9   0.2   2   2      0.83   3.5e+02   -2.3   0.4   473   521   220   276   216   282 0.68 NODE_17_length_86457_cov_41.702653_70 # 66920 # 68743 # -1 # ID=17_70;partial=00;start_type=GTG;rbs_motif=GGAG/GAGG;rbs_spacer=5-10bp;gc_cont=0.533
NODE_148_length_1031_cov_94.602876:1-1029|+        -            343 30957                -            582   4.8e-09   33.6   1.8   1   2   1.2e-11   4.8e-09   33.6   0.0    71   133    34    97    16   107 0.92 NODE_148_length_1031_cov_94.602876_1 # 1 # 1029 # 1 # ID=148_1;partial=11;start_type=Edge;rbs_motif=None;rbs_spacer=None;gc_cont=0.539
NODE_148_length_1031_cov_94.602876:1-1029|+        -            343 30957                -            582   4.8e-09   33.6   1.8   2   2      0.59   2.5e+02   -1.8   0.6   473   525   182   236   169   251 0.69 NODE_148_length_1031_cov_94.602876_1 # 1 # 1029 # 1 # ID=148_1;partial=11;start_type=Edge;rbs_motif=None;rbs_spacer=None;gc_cont=0.539
NODE_31_length_58399_cov_38.812466:44933-46522|-   -            530 30957                -            582   6.7e-09   33.1   0.1   1   1   2.4e-11     1e-08   32.5   0.1     8   131    16   146    10   150 0.85 NODE_31_length_58399_cov_38.812466_42 # 44933 # 46522 # -1 # ID=31_42;partial=00;start_type=ATG;rbs_motif=AGxAG;rbs_spacer=5-10bp;gc_cont=0.536
NODE_41_length_44791_cov_39.437601:31732-33159|-   -            476 30957                -            582   1.4e-08   32.0   0.0   1   1   5.1e-11   2.2e-08   31.4   0.0    69   137   109   178    99   203 0.83 NODE_41_length_44791_cov_39.437601_37 # 31732 # 33159 # -1 # ID=41_37;partial=00;start_type=ATG;rbs_motif=GGA/GAG/AGG;rbs_spacer=11-12bp;gc_cont=0.543
NODE_1_length_276430_cov_40.515391:273984-276098|+ -            705 30957                -            582   2.8e-07   27.7   0.1   1   2   3.4e-08   1.4e-05   22.1   0.1    41   132    58   147     8   161 0.68 NODE_1_length_276430_cov_40.515391_250 # 273984 # 276098 # 1 # ID=1_250;partial=00;start_type=ATG;rbs_motif=GGAG/GAGG;rbs_spacer=5-10bp;gc_cont=0.509
NODE_1_length_276430_cov_40.515391:273984-276098|+ -            705 30957                -            582   2.8e-07   27.7   0.1   2   2     0.018       7.7    3.2   0.0   477   530   337   395   324   406 0.76 NODE_1_length_276430_cov_40.515391_250 # 273984 # 276098 # 1 # ID=1_250;partial=00;start_type=ATG;rbs_motif=GGAG/GAGG;rbs_spacer=5-10bp;gc_cont=0.509
NODE_117_length_4367_cov_50.670283:2-262|-         -             87 30957                -            582    0.0028   14.5   0.2   1   1   6.8e-06    0.0028   14.5   0.2     8    77    15    85     7    87 0.61 NODE_117_length_4367_cov_50.670283_1 # 2 # 262 # -1 # ID=117_1;partial=10;start_type=ATG;rbs_motif=GGAG/GAGG;rbs_spacer=5-10bp;gc_cont=0.533
NODE_1_length_276430_cov_40.515391:276169-276429|+ -             87 30957                -            582    0.0028   14.5   0.2   1   1   6.8e-06    0.0028   14.5   0.2     8    77    15    85     7    87 0.61 NODE_1_length_276430_cov_40.515391_251 # 276169 # 276429 # 1 # ID=1_251;partial=01;start_type=GTG;rbs_motif=AGGA;rbs_spacer=5-10bp;gc_cont=0.529
NODE_9_length_123825_cov_37.296666:22919-23824|+   -            302 30957                -            582    0.0057   13.5   0.4   1   2   6.8e-05     0.029   11.2   0.1    71   134    60   131     8   148 0.68 NODE_9_length_123825_cov_37.296666_22 # 22919 # 23824 # 1 # ID=9_22;partial=00;start_type=ATG;rbs_motif=GGAG/GAGG;rbs_spacer=5-10bp;gc_cont=0.523
NODE_9_length_123825_cov_37.296666:22919-23824|+   -            302 30957                -            582    0.0057   13.5   0.4   2   2      0.23        98   -0.5   0.0   189   206   149   166   133   170 0.83 NODE_9_length_123825_cov_37.296666_22 # 22919 # 23824 # 1 # ID=9_22;partial=00;start_type=ATG;rbs_motif=GGAG/GAGG;rbs_spacer=5-10bp;gc_cont=0.523
NODE_9_length_123825_cov_37.296666:88335-89807|+   -            491 30957                -            582    0.0065   13.3   0.9   1   2    0.0046       1.9    5.2   0.1    91   131    82   122    78   130 0.90 NODE_9_length_123825_cov_37.296666_77 # 88335 # 89807 # 1 # ID=9_77;partial=00;start_type=ATG;rbs_motif=GGAG/GAGG;rbs_spacer=5-10bp;gc_cont=0.520
NODE_9_length_123825_cov_37.296666:88335-89807|+   -            491 30957                -            582    0.0065   13.3   0.9   2   2    0.0024         1    6.1   0.1    91   133   285   327   273   340 0.88 NODE_9_length_123825_cov_37.296666_77 # 88335 # 89807 # 1 # ID=9_77;partial=00;start_type=ATG;rbs_motif=GGAG/GAGG;rbs_spacer=5-10bp;gc_cont=0.520
#
# Program:         hmmsearch
# Version:         3.4 (Aug 2023)
# Pipeline mode:   SEARCH
# Query file:      /home/simonedassisi/busco_downloads/lineages/archaea_odb12/hmms/30957at2157.hmm
# Target file:     home/simonedassisi/Desktop/BUSCO_output/prodigal_output/predicted_genes/predicted.faa
# Option settings: hmmsearch --domtblout home/simonedassisi/Desktop/BUSCO_output/auto_lineage/run_archaea_odb12/hmmer_output/30957at2157.out --cpu 1 /home/simonedassisi/busco_downloads/lineages/archaea_odb12/hmms/30957at2157.hmm home/simonedassisi/Desktop/BUSCO_output/prodigal_output/predicted_genes/predicted.faa 
# Current dir:     /home/simonedassisi
# Date:            Tue Apr  1 14:23:22 2025
# [ok]
