#                                                                                                          --- full sequence --- -------------- this domain -------------   hmm coord   ali coord   env coord
# target name                                      accession   tlen query name           accession   qlen   E-value  score  bias   #  of  c-Evalue  i-Evalue  score  bias  from    to  from    to  from    to  acc description of target
#                              ------------------- ---------- ----- -------------------- ---------- ----- --------- ------ ----- --- --- --------- --------- ------ ----- ----- ----- ----- ----- ----- ----- ---- ---------------------
NODE_8_length_126545_cov_41.885285:13880-14761|-   -            294 31271                -            196     1e-15   55.9   0.0   1   1   6.7e-18   1.5e-15   55.4   0.0    43   115   154   230   139   231 0.79 NODE_8_length_126545_cov_41.885285_15 # 13880 # 14761 # -1 # ID=8_15;partial=00;start_type=ATG;rbs_motif=GGA/GAG/AGG;rbs_spacer=5-10bp;gc_cont=0.549
NODE_2_length_157429_cov_38.171358:121691-122413|- -            241 31271                -            196   2.5e-09   35.1   0.1   1   1   1.7e-11   3.8e-09   34.5   0.1    38   108    47   116    43   120 0.92 NODE_2_length_157429_cov_38.171358_114 # 121691 # 122413 # -1 # ID=2_114;partial=00;start_type=ATG;rbs_motif=AGGA/GGAG/GAGG;rbs_spacer=11-12bp;gc_cont=0.539
NODE_2_length_157429_cov_38.171358:18375-19307|+   -            311 31271                -            196   6.1e-08   30.6   0.0   1   1   4.3e-10     1e-07   29.9   0.0    49   120   134   212   119   220 0.76 NODE_2_length_157429_cov_38.171358_17 # 18375 # 19307 # 1 # ID=2_17;partial=00;start_type=GTG;rbs_motif=GGAGG;rbs_spacer=5-10bp;gc_cont=0.527
NODE_53_length_29778_cov_36.323025:9537-10370|+    -            278 31271                -            196     2e-07   28.8   0.0   1   1   1.4e-09   3.3e-07   28.2   0.0    50   118   112   186    98   191 0.84 NODE_53_length_29778_cov_36.323025_10 # 9537 # 10370 # 1 # ID=53_10;partial=00;start_type=ATG;rbs_motif=AGxAGG/AGGxGG;rbs_spacer=3-4bp;gc_cont=0.558
NODE_31_length_58399_cov_38.812466:48236-49309|+   -            358 31271                -            196   7.3e-07   27.0   0.0   1   1   5.1e-09   1.2e-06   26.4   0.0    49   120   198   275   183   285 0.83 NODE_31_length_58399_cov_38.812466_46 # 48236 # 49309 # 1 # ID=31_46;partial=00;start_type=ATG;rbs_motif=AGGAG;rbs_spacer=5-10bp;gc_cont=0.558
NODE_32_length_57606_cov_39.295812:12827-13963|+   -            379 31271                -            196   9.7e-07   26.6   0.0   1   1   8.4e-09   1.9e-06   25.7   0.0    40   126   222   316   210   362 0.76 NODE_32_length_57606_cov_39.295812_12 # 12827 # 13963 # 1 # ID=32_12;partial=00;start_type=ATG;rbs_motif=AGGAGG;rbs_spacer=3-4bp;gc_cont=0.541
NODE_14_length_92032_cov_37.540264:60051-61226|+   -            392 31271                -            196   9.6e-06   23.4   0.0   1   1   7.7e-08   1.8e-05   22.5   0.0    43   106   211   277   207   305 0.79 NODE_14_length_92032_cov_37.540264_56 # 60051 # 61226 # 1 # ID=14_56;partial=00;start_type=GTG;rbs_motif=GGA/GAG/AGG;rbs_spacer=5-10bp;gc_cont=0.521
NODE_23_length_80065_cov_37.437114:60314-61441|-   -            376 31271                -            196   2.2e-05   22.2   0.0   1   1   1.6e-07   3.6e-05   21.5   0.0    26   117   211   309   191   320 0.84 NODE_23_length_80065_cov_37.437114_55 # 60314 # 61441 # -1 # ID=23_55;partial=00;start_type=ATG;rbs_motif=GGA/GAG/AGG;rbs_spacer=5-10bp;gc_cont=0.544
NODE_9_length_123825_cov_37.296666:13541-14278|+   -            246 31271                -            196   2.6e-05   22.0   0.0   1   1     2e-07   4.6e-05   21.2   0.0    49   118    46   125    42   132 0.77 NODE_9_length_123825_cov_37.296666_13 # 13541 # 14278 # 1 # ID=9_13;partial=00;start_type=ATG;rbs_motif=GGA/GAG/AGG;rbs_spacer=5-10bp;gc_cont=0.535
NODE_16_length_86943_cov_42.279511:70435-71190|+   -            252 31271                -            196   0.00027   18.7   0.2   1   2       8.3   1.9e+03   -3.7   0.0    30    46    22    38    14    42 0.68 NODE_16_length_86943_cov_42.279511_64 # 70435 # 71190 # 1 # ID=16_64;partial=00;start_type=ATG;rbs_motif=AGxAGG/AGGxGG;rbs_spacer=5-10bp;gc_cont=0.521
NODE_16_length_86943_cov_42.279511:70435-71190|+   -            252 31271                -            196   0.00027   18.7   0.2   2   2   2.2e-06   0.00049   17.8   0.0    46   108    62   128    53   131 0.81 NODE_16_length_86943_cov_42.279511_64 # 70435 # 71190 # 1 # ID=16_64;partial=00;start_type=ATG;rbs_motif=AGxAGG/AGGxGG;rbs_spacer=5-10bp;gc_cont=0.521
NODE_14_length_92032_cov_37.540264:80065-82173|-   -            703 31271                -            196   0.00029   18.6   0.0   1   3      0.39        88    0.7   0.0    49    75   191   217   173   222 0.78 NODE_14_length_92032_cov_37.540264_75 # 80065 # 82173 # -1 # ID=14_75;partial=00;start_type=ATG;rbs_motif=3Base/5BMM;rbs_spacer=13-15bp;gc_cont=0.542
NODE_14_length_92032_cov_37.540264:80065-82173|-   -            703 31271                -            196   0.00029   18.6   0.0   2   3   0.00036     0.083   10.5   0.0    72   120   257   314   251   319 0.76 NODE_14_length_92032_cov_37.540264_75 # 80065 # 82173 # -1 # ID=14_75;partial=00;start_type=ATG;rbs_motif=3Base/5BMM;rbs_spacer=13-15bp;gc_cont=0.542
NODE_14_length_92032_cov_37.540264:80065-82173|-   -            703 31271                -            196   0.00029   18.6   0.0   3   3     0.087        20    2.8   0.0    50    94   541   585   527   600 0.83 NODE_14_length_92032_cov_37.540264_75 # 80065 # 82173 # -1 # ID=14_75;partial=00;start_type=ATG;rbs_motif=3Base/5BMM;rbs_spacer=13-15bp;gc_cont=0.542
NODE_3_length_152663_cov_37.088930:103285-104325|+ -            347 31271                -            196   0.00034   18.3   0.1   1   1   2.2e-06   0.00051   17.8   0.1    38    89   151   204   146   224 0.83 NODE_3_length_152663_cov_37.088930_92 # 103285 # 104325 # 1 # ID=3_92;partial=00;start_type=ATG;rbs_motif=AGGAG;rbs_spacer=5-10bp;gc_cont=0.483
NODE_18_length_85840_cov_40.696849:11113-12144|+   -            344 31271                -            196   0.00073   17.3   0.0   1   1     5e-06    0.0011   16.6   0.0    30    94   152   218   131   232 0.81 NODE_18_length_85840_cov_40.696849_9 # 11113 # 12144 # 1 # ID=18_9;partial=00;start_type=ATG;rbs_motif=GGAG/GAGG;rbs_spacer=5-10bp;gc_cont=0.475
NODE_25_length_79707_cov_37.284883:29188-30336|-   -            383 31271                -            196   0.00094   16.9   0.0   1   1   7.1e-06    0.0016   16.1   0.0    48   106   168   224   154   232 0.84 NODE_25_length_79707_cov_37.284883_28 # 29188 # 30336 # -1 # ID=25_28;partial=00;start_type=ATG;rbs_motif=GGAG/GAGG;rbs_spacer=5-10bp;gc_cont=0.480
NODE_77_length_15753_cov_35.008191:11624-12394|-   -            257 31271                -            196    0.0017   16.1   0.1   1   1     1e-05    0.0024   15.6   0.1    40    95    37    91    13   116 0.78 NODE_77_length_15753_cov_35.008191_13 # 11624 # 12394 # -1 # ID=77_13;partial=00;start_type=ATG;rbs_motif=AGGA;rbs_spacer=5-10bp;gc_cont=0.490
NODE_44_length_40808_cov_40.967724:37221-37967|-   -            249 31271                -            196    0.0021   15.8   0.0   1   1   1.4e-05    0.0032   15.1   0.0    49   105    38    96    31   101 0.85 NODE_44_length_40808_cov_40.967724_35 # 37221 # 37967 # -1 # ID=44_35;partial=00;start_type=ATG;rbs_motif=AGGA;rbs_spacer=5-10bp;gc_cont=0.590
NODE_12_length_106079_cov_39.536715:78035-79336|+  -            434 31271                -            196    0.0025   15.5   0.0   1   1     2e-05    0.0045   14.7   0.0    35   102   273   341   265   351 0.76 NODE_12_length_106079_cov_39.536715_68 # 78035 # 79336 # 1 # ID=12_68;partial=00;start_type=ATG;rbs_motif=GGA/GAG/AGG;rbs_spacer=11-12bp;gc_cont=0.514
NODE_6_length_131096_cov_36.333598:103512-104321|+ -            270 31271                -            196     0.004   14.8   0.0   1   1   2.4e-05    0.0056   14.4   0.0    40    95    76   134    71   153 0.72 NODE_6_length_131096_cov_36.333598_105 # 103512 # 104321 # 1 # ID=6_105;partial=00;start_type=ATG;rbs_motif=GGAG/GAGG;rbs_spacer=5-10bp;gc_cont=0.514
NODE_15_length_91266_cov_36.275195:70265-71023|-   -            253 31271                -            196    0.0042   14.7   0.0   1   1   2.8e-05    0.0064   14.2   0.0    49   107    33    88    20   100 0.82 NODE_15_length_91266_cov_36.275195_70 # 70265 # 71023 # -1 # ID=15_70;partial=00;start_type=ATG;rbs_motif=GGAG/GAGG;rbs_spacer=5-10bp;gc_cont=0.542
NODE_36_length_50779_cov_38.268459:24087-24872|-   -            262 31271                -            196    0.0053   14.4   0.1   1   1   3.3e-05    0.0076   13.9   0.1    48   108    45   106     3   111 0.85 NODE_36_length_50779_cov_38.268459_18 # 24087 # 24872 # -1 # ID=36_18;partial=00;start_type=ATG;rbs_motif=GGAG/GAGG;rbs_spacer=5-10bp;gc_cont=0.517
NODE_6_length_131096_cov_36.333598:56161-57132|-   -            324 31271                -            196    0.0078   13.9   0.0   1   1   7.1e-05     0.016   12.9   0.0    44    78   119   153   113   171 0.81 NODE_6_length_131096_cov_36.333598_55 # 56161 # 57132 # -1 # ID=6_55;partial=00;start_type=ATG;rbs_motif=GGAG/GAGG;rbs_spacer=5-10bp;gc_cont=0.522
NODE_72_length_16341_cov_36.526767:6500-7255|+     -            252 31271                -            196     0.029   12.0   0.0   1   1   0.00018     0.042   11.5   0.0    17    91    14    85     8   103 0.74 NODE_72_length_16341_cov_36.526767_8 # 6500 # 7255 # 1 # ID=72_8;partial=00;start_type=ATG;rbs_motif=GGAGG;rbs_spacer=5-10bp;gc_cont=0.561
#
# Program:         hmmsearch
# Version:         3.4 (Aug 2023)
# Pipeline mode:   SEARCH
# Query file:      /home/simonedassisi/busco_downloads/lineages/archaea_odb12/hmms/31271at2157.hmm
# Target file:     home/simonedassisi/Desktop/BUSCO_output/prodigal_output/predicted_genes/predicted.faa
# Option settings: hmmsearch --domtblout home/simonedassisi/Desktop/BUSCO_output/auto_lineage/run_archaea_odb12/hmmer_output/31271at2157.out --cpu 1 /home/simonedassisi/busco_downloads/lineages/archaea_odb12/hmms/31271at2157.hmm home/simonedassisi/Desktop/BUSCO_output/prodigal_output/predicted_genes/predicted.faa 
# Current dir:     /home/simonedassisi
# Date:            Tue Apr  1 14:23:22 2025
# [ok]
