#                                                                                                         --- full sequence --- -------------- this domain -------------   hmm coord   ali coord   env coord
# target name                                     accession   tlen query name           accession   qlen   E-value  score  bias   #  of  c-Evalue  i-Evalue  score  bias  from    to  from    to  from    to  acc description of target
#                             ------------------- ---------- ----- -------------------- ---------- ----- --------- ------ ----- --- --- --------- --------- ------ ----- ----- ----- ----- ----- ----- ----- ---- ---------------------
NODE_14_length_92032_cov_37.540264:84239-85249|-  -            337 36608                -            304   4.6e-66  221.0   0.1   1   1   1.3e-68   6.1e-66  220.5   0.1     6   282    46   335    42   336 0.92 NODE_14_length_92032_cov_37.540264_78 # 84239 # 85249 # -1 # ID=14_78;partial=00;start_type=ATG;rbs_motif=AGGAG;rbs_spacer=5-10bp;gc_cont=0.470
NODE_3_length_152663_cov_37.088930:39530-40765|-  -            412 36608                -            304   2.3e-65  218.7   0.0   1   1   6.5e-68     3e-65  218.3   0.0     3   302     4   319     3   321 0.89 NODE_3_length_152663_cov_37.088930_35 # 39530 # 40765 # -1 # ID=3_35;partial=00;start_type=ATG;rbs_motif=GGAG/GAGG;rbs_spacer=5-10bp;gc_cont=0.511
NODE_8_length_126545_cov_41.885285:12586-13551|-  -            322 36608                -            304   1.2e-14   52.2   0.0   1   2   1.6e-14   7.3e-12   43.0   0.0    99   190    68   168     3   178 0.88 NODE_8_length_126545_cov_41.885285_14 # 12586 # 13551 # -1 # ID=8_14;partial=00;start_type=ATG;rbs_motif=None;rbs_spacer=None;gc_cont=0.521
NODE_8_length_126545_cov_41.885285:12586-13551|-  -            322 36608                -            304   1.2e-14   52.2   0.0   2   2    0.0012      0.55    7.3   0.0   226   283   184   241   179   245 0.87 NODE_8_length_126545_cov_41.885285_14 # 12586 # 13551 # -1 # ID=8_14;partial=00;start_type=ATG;rbs_motif=None;rbs_spacer=None;gc_cont=0.521
NODE_3_length_152663_cov_37.088930:45740-46717|+  -            326 36608                -            304   2.3e-08   31.4   0.0   1   2     2e-06   0.00094   16.3   0.0    97   190    74   177    49   181 0.75 NODE_3_length_152663_cov_37.088930_42 # 45740 # 46717 # 1 # ID=3_42;partial=00;start_type=ATG;rbs_motif=GGA/GAG/AGG;rbs_spacer=5-10bp;gc_cont=0.536
NODE_3_length_152663_cov_37.088930:45740-46717|+  -            326 36608                -            304   2.3e-08   31.4   0.0   2   2     2e-05     0.009   13.1   0.1   221   267   189   236   184   248 0.85 NODE_3_length_152663_cov_37.088930_42 # 45740 # 46717 # 1 # ID=3_42;partial=00;start_type=ATG;rbs_motif=GGA/GAG/AGG;rbs_spacer=5-10bp;gc_cont=0.536
NODE_7_length_130108_cov_39.332856:99116-100153|- -            346 36608                -            304   7.6e-07   26.5   0.0   1   1   2.9e-09   1.3e-06   25.7   0.0    92   167    75   155    66   178 0.81 NODE_7_length_130108_cov_39.332856_90 # 99116 # 100153 # -1 # ID=7_90;partial=00;start_type=ATG;rbs_motif=None;rbs_spacer=None;gc_cont=0.533
NODE_24_length_79963_cov_36.490030:1520-2296|-    -            259 36608                -            304   1.5e-06   25.5   0.1   1   2   4.8e-07   0.00022   18.4   0.0   227   280    65   117    60   134 0.89 NODE_24_length_79963_cov_36.490030_3 # 1520 # 2296 # -1 # ID=24_3;partial=00;start_type=ATG;rbs_motif=AGGAG;rbs_spacer=5-10bp;gc_cont=0.529
NODE_24_length_79963_cov_36.490030:1520-2296|-    -            259 36608                -            304   1.5e-06   25.5   0.1   2   2    0.0063       2.9    4.9   0.0   226   256   191   221   186   248 0.87 NODE_24_length_79963_cov_36.490030_3 # 1520 # 2296 # -1 # ID=24_3;partial=00;start_type=ATG;rbs_motif=AGGAG;rbs_spacer=5-10bp;gc_cont=0.529
NODE_44_length_40808_cov_40.967724:28888-29847|-  -            320 36608                -            304   0.00046   17.4   0.0   1   2   3.2e-06    0.0015   15.7   0.0   141   192    74   124    67   128 0.78 NODE_44_length_40808_cov_40.967724_25 # 28888 # 29847 # -1 # ID=44_25;partial=00;start_type=ATG;rbs_motif=GGA/GAG/AGG;rbs_spacer=5-10bp;gc_cont=0.520
NODE_44_length_40808_cov_40.967724:28888-29847|-  -            320 36608                -            304   0.00046   17.4   0.0   2   2       0.9   4.1e+02   -2.2   0.0    64    85   211   231   193   238 0.73 NODE_44_length_40808_cov_40.967724_25 # 28888 # 29847 # -1 # ID=44_25;partial=00;start_type=ATG;rbs_motif=GGA/GAG/AGG;rbs_spacer=5-10bp;gc_cont=0.520
NODE_9_length_123825_cov_37.296666:91620-93086|+  -            489 36608                -            304   0.00073   16.7   1.9   1   2     0.081        37    1.2   0.2   227   265   260   298   255   305 0.85 NODE_9_length_123825_cov_37.296666_80 # 91620 # 93086 # 1 # ID=9_80;partial=00;start_type=ATG;rbs_motif=GGA/GAG/AGG;rbs_spacer=5-10bp;gc_cont=0.544
NODE_9_length_123825_cov_37.296666:91620-93086|+  -            489 36608                -            304   0.00073   16.7   1.9   2   2   1.6e-06   0.00073   16.7   1.9   232   269   328   365   311   373 0.85 NODE_9_length_123825_cov_37.296666_80 # 91620 # 93086 # 1 # ID=9_80;partial=00;start_type=ATG;rbs_motif=GGA/GAG/AGG;rbs_spacer=5-10bp;gc_cont=0.544
NODE_11_length_117034_cov_40.464403:18151-21249|+ -           1033 36608                -            304    0.0033   14.5   0.0   1   2     0.012       5.5    4.0   0.0     6    61    43    98    40   107 0.87 NODE_11_length_117034_cov_40.464403_15 # 18151 # 21249 # 1 # ID=11_15;partial=00;start_type=ATG;rbs_motif=AGGAG;rbs_spacer=5-10bp;gc_cont=0.522
NODE_11_length_117034_cov_40.464403:18151-21249|+ -           1033 36608                -            304    0.0033   14.5   0.0   2   2   0.00091      0.42    7.6   0.0   165   247   289   369   286   380 0.82 NODE_11_length_117034_cov_40.464403_15 # 18151 # 21249 # 1 # ID=11_15;partial=00;start_type=ATG;rbs_motif=AGGAG;rbs_spacer=5-10bp;gc_cont=0.522
NODE_54_length_28184_cov_41.894607:8575-9765|-    -            397 36608                -            304    0.0066   13.5   0.1   1   3      0.62   2.8e+02   -1.7   0.0   152   218   114   175   111   183 0.67 NODE_54_length_28184_cov_41.894607_11 # 8575 # 9765 # -1 # ID=54_11;partial=00;start_type=ATG;rbs_motif=GGAG/GAGG;rbs_spacer=5-10bp;gc_cont=0.562
NODE_54_length_28184_cov_41.894607:8575-9765|-    -            397 36608                -            304    0.0066   13.5   0.1   2   3       1.1     5e+02   -2.5   0.0   177   192   259   274   252   275 0.73 NODE_54_length_28184_cov_41.894607_11 # 8575 # 9765 # -1 # ID=54_11;partial=00;start_type=ATG;rbs_motif=GGAG/GAGG;rbs_spacer=5-10bp;gc_cont=0.562
NODE_54_length_28184_cov_41.894607:8575-9765|-    -            397 36608                -            304    0.0066   13.5   0.1   3   3    0.0001     0.046   10.8   0.3   235   288   299   352   282   372 0.70 NODE_54_length_28184_cov_41.894607_11 # 8575 # 9765 # -1 # ID=54_11;partial=00;start_type=ATG;rbs_motif=GGAG/GAGG;rbs_spacer=5-10bp;gc_cont=0.562
NODE_24_length_79963_cov_36.490030:2278-3015|-    -            246 36608                -            304     0.076   10.1   3.4   1   2   6.3e-05     0.029   11.4   0.3   225   279    62   115    58   121 0.86 NODE_24_length_79963_cov_36.490030_4 # 2278 # 3015 # -1 # ID=24_4;partial=00;start_type=ATG;rbs_motif=GGAG/GAGG;rbs_spacer=5-10bp;gc_cont=0.558
NODE_24_length_79963_cov_36.490030:2278-3015|-    -            246 36608                -            304     0.076   10.1   3.4   2   2      0.58   2.6e+02   -1.6   0.2   242   277   202   237   190   241 0.81 NODE_24_length_79963_cov_36.490030_4 # 2278 # 3015 # -1 # ID=24_4;partial=00;start_type=ATG;rbs_motif=GGAG/GAGG;rbs_spacer=5-10bp;gc_cont=0.558
#
# Program:         hmmsearch
# Version:         3.4 (Aug 2023)
# Pipeline mode:   SEARCH
# Query file:      /home/simonedassisi/busco_downloads/lineages/archaea_odb12/hmms/36608at2157.hmm
# Target file:     home/simonedassisi/Desktop/BUSCO_output/prodigal_output/predicted_genes/predicted.faa
# Option settings: hmmsearch --domtblout home/simonedassisi/Desktop/BUSCO_output/auto_lineage/run_archaea_odb12/hmmer_output/36608at2157.out --cpu 1 /home/simonedassisi/busco_downloads/lineages/archaea_odb12/hmms/36608at2157.hmm home/simonedassisi/Desktop/BUSCO_output/prodigal_output/predicted_genes/predicted.faa 
# Current dir:     /home/simonedassisi
# Date:            Tue Apr  1 14:23:22 2025
# [ok]
