#                                                                                                          --- full sequence --- -------------- this domain -------------   hmm coord   ali coord   env coord
# target name                                      accession   tlen query name           accession   qlen   E-value  score  bias   #  of  c-Evalue  i-Evalue  score  bias  from    to  from    to  from    to  acc description of target
#                              ------------------- ---------- ----- -------------------- ---------- ----- --------- ------ ----- --- --- --------- --------- ------ ----- ----- ----- ----- ----- ----- ----- ---- ---------------------
NODE_3_length_152663_cov_37.088930:79821-81854|-   -            678 371856               -            461  1.8e-116  387.7   0.2   1   2   4.4e-51   3.7e-48  162.5   0.0     1   143     7   150     7   161 0.95 NODE_3_length_152663_cov_37.088930_68 # 79821 # 81854 # -1 # ID=3_68;partial=00;start_type=ATG;rbs_motif=AGxAG;rbs_spacer=11-12bp;gc_cont=0.530
NODE_3_length_152663_cov_37.088930:79821-81854|-   -            678 371856               -            461  1.8e-116  387.7   0.2   2   2   1.5e-69   1.3e-66  223.4   0.0   138   444   172   511   168   527 0.86 NODE_3_length_152663_cov_37.088930_68 # 79821 # 81854 # -1 # ID=3_68;partial=00;start_type=ATG;rbs_motif=AGxAG;rbs_spacer=11-12bp;gc_cont=0.530
NODE_10_length_119716_cov_38.250842:54229-56811|+  -            861 371856               -            461   1.8e-33  114.1   0.2   1   3   1.1e-29   9.3e-27   92.0   0.0     5   189    38   225    34   237 0.92 NODE_10_length_119716_cov_38.250842_47 # 54229 # 56811 # 1 # ID=10_47;partial=00;start_type=ATG;rbs_motif=AGGA/GGAG/GAGG;rbs_spacer=11-12bp;gc_cont=0.533
NODE_10_length_119716_cov_38.250842:54229-56811|+  -            861 371856               -            461   1.8e-33  114.1   0.2   2   3    0.0068       5.7    3.7   0.0   188   207   415   434   398   438 0.88 NODE_10_length_119716_cov_38.250842_47 # 54229 # 56811 # 1 # ID=10_47;partial=00;start_type=ATG;rbs_motif=AGGA/GGAG/GAGG;rbs_spacer=11-12bp;gc_cont=0.533
NODE_10_length_119716_cov_38.250842:54229-56811|+  -            861 371856               -            461   1.8e-33  114.1   0.2   3   3   2.7e-06    0.0023   14.8   0.0   268   444   606   780   597   786 0.75 NODE_10_length_119716_cov_38.250842_47 # 54229 # 56811 # 1 # ID=10_47;partial=00;start_type=ATG;rbs_motif=AGGA/GGAG/GAGG;rbs_spacer=11-12bp;gc_cont=0.533
NODE_4_length_139564_cov_44.158667:127664-130480|- -            939 371856               -            461   3.1e-16   57.3   1.1   1   4   1.8e-13   1.5e-10   38.6   0.0     7    67    56   116    50   201 0.89 NODE_4_length_139564_cov_44.158667_111 # 127664 # 130480 # -1 # ID=4_111;partial=00;start_type=ATG;rbs_motif=GGA/GAG/AGG;rbs_spacer=5-10bp;gc_cont=0.556
NODE_4_length_139564_cov_44.158667:127664-130480|- -            939 371856               -            461   3.1e-16   57.3   1.1   2   4   8.1e-05     0.068   10.0   0.1   139   205   403   474   395   479 0.73 NODE_4_length_139564_cov_44.158667_111 # 127664 # 130480 # -1 # ID=4_111;partial=00;start_type=ATG;rbs_motif=GGA/GAG/AGG;rbs_spacer=5-10bp;gc_cont=0.556
NODE_4_length_139564_cov_44.158667:127664-130480|- -            939 371856               -            461   3.1e-16   57.3   1.1   3   4      0.24     2e+02   -1.4   0.0    89   135   477   526   474   531 0.84 NODE_4_length_139564_cov_44.158667_111 # 127664 # 130480 # -1 # ID=4_111;partial=00;start_type=ATG;rbs_motif=GGA/GAG/AGG;rbs_spacer=5-10bp;gc_cont=0.556
NODE_4_length_139564_cov_44.158667:127664-130480|- -            939 371856               -            461   3.1e-16   57.3   1.1   4   4    0.0026       2.2    5.0   0.0   265   325   584   646   525   788 0.67 NODE_4_length_139564_cov_44.158667_111 # 127664 # 130480 # -1 # ID=4_111;partial=00;start_type=ATG;rbs_motif=GGA/GAG/AGG;rbs_spacer=5-10bp;gc_cont=0.556
NODE_18_length_85840_cov_40.696849:21786-24641|+   -            952 371856               -            461     2e-13   48.0   0.4   1   4   1.6e-07   0.00013   18.9   0.0     6    59    39    92    34   197 0.85 NODE_18_length_85840_cov_40.696849_18 # 21786 # 24641 # 1 # ID=18_18;partial=00;start_type=ATG;rbs_motif=GGA/GAG/AGG;rbs_spacer=3-4bp;gc_cont=0.550
NODE_18_length_85840_cov_40.696849:21786-24641|+   -            952 371856               -            461     2e-13   48.0   0.4   2   4   0.00012       0.1    9.4   0.3   177   207   406   437   378   448 0.80 NODE_18_length_85840_cov_40.696849_18 # 21786 # 24641 # 1 # ID=18_18;partial=00;start_type=ATG;rbs_motif=GGA/GAG/AGG;rbs_spacer=3-4bp;gc_cont=0.550
NODE_18_length_85840_cov_40.696849:21786-24641|+   -            952 371856               -            461     2e-13   48.0   0.4   3   4    0.0071         6    3.6   0.0   208   290   469   563   454   570 0.66 NODE_18_length_85840_cov_40.696849_18 # 21786 # 24641 # 1 # ID=18_18;partial=00;start_type=ATG;rbs_motif=GGA/GAG/AGG;rbs_spacer=3-4bp;gc_cont=0.550
NODE_18_length_85840_cov_40.696849:21786-24641|+   -            952 371856               -            461     2e-13   48.0   0.4   4   4   5.5e-05     0.046   10.5   0.0   300   441   611   766   604   776 0.77 NODE_18_length_85840_cov_40.696849_18 # 21786 # 24641 # 1 # ID=18_18;partial=00;start_type=ATG;rbs_motif=GGA/GAG/AGG;rbs_spacer=3-4bp;gc_cont=0.550
NODE_21_length_83220_cov_38.326345:10672-12057|-   -            462 371856               -            461   2.9e-11   40.9   1.7   1   2   1.4e-09   1.2e-06   25.7   0.1    14   113    35   137    26   150 0.81 NODE_21_length_83220_cov_38.326345_13 # 10672 # 12057 # -1 # ID=21_13;partial=00;start_type=ATG;rbs_motif=GGA/GAG/AGG;rbs_spacer=5-10bp;gc_cont=0.548
NODE_21_length_83220_cov_38.326345:10672-12057|-   -            462 371856               -            461   2.9e-11   40.9   1.7   2   2   3.7e-06    0.0031   14.4   0.2   270   325   255   310   247   315 0.83 NODE_21_length_83220_cov_38.326345_13 # 10672 # 12057 # -1 # ID=21_13;partial=00;start_type=ATG;rbs_motif=GGA/GAG/AGG;rbs_spacer=5-10bp;gc_cont=0.548
NODE_6_length_131096_cov_36.333598:48779-50512|-   -            578 371856               -            461   0.00062   16.7   0.1   1   1   1.4e-06    0.0012   15.8   0.1     2    52   115   165   114   202 0.83 NODE_6_length_131096_cov_36.333598_50 # 48779 # 50512 # -1 # ID=6_50;partial=00;start_type=GTG;rbs_motif=GGA/GAG/AGG;rbs_spacer=5-10bp;gc_cont=0.531
#
# Program:         hmmsearch
# Version:         3.4 (Aug 2023)
# Pipeline mode:   SEARCH
# Query file:      /home/simonedassisi/busco_downloads/lineages/archaea_odb12/hmms/371856at2157.hmm
# Target file:     home/simonedassisi/Desktop/BUSCO_output/prodigal_output/predicted_genes/predicted.faa
# Option settings: hmmsearch --domtblout home/simonedassisi/Desktop/BUSCO_output/auto_lineage/run_archaea_odb12/hmmer_output/371856at2157.out --cpu 1 /home/simonedassisi/busco_downloads/lineages/archaea_odb12/hmms/371856at2157.hmm home/simonedassisi/Desktop/BUSCO_output/prodigal_output/predicted_genes/predicted.faa 
# Current dir:     /home/simonedassisi
# Date:            Tue Apr  1 14:23:22 2025
# [ok]
