#                                                                                                          --- full sequence --- -------------- this domain -------------   hmm coord   ali coord   env coord
# target name                                      accession   tlen query name           accession   qlen   E-value  score  bias   #  of  c-Evalue  i-Evalue  score  bias  from    to  from    to  from    to  acc description of target
#                              ------------------- ---------- ----- -------------------- ---------- ----- --------- ------ ----- --- --- --------- --------- ------ ----- ----- ----- ----- ----- ----- ----- ---- ---------------------
NODE_53_length_29778_cov_36.323025:4371-5384|-     -            338 371997               -            249   1.7e-48  163.2   0.5   1   1   3.8e-51   2.4e-48  162.7   0.5     6   240    36   304    32   311 0.82 NODE_53_length_29778_cov_36.323025_5 # 4371 # 5384 # -1 # ID=53_5;partial=00;start_type=ATG;rbs_motif=GGA/GAG/AGG;rbs_spacer=5-10bp;gc_cont=0.529
NODE_1_length_276430_cov_40.515391:201901-202584|- -            228 371997               -            249   2.5e-09   34.9   0.0   1   1   4.9e-12   3.1e-09   34.6   0.0   136   209   150   223   135   227 0.86 NODE_1_length_276430_cov_40.515391_177 # 201901 # 202584 # -1 # ID=1_177;partial=00;start_type=ATG;rbs_motif=AGGA;rbs_spacer=5-10bp;gc_cont=0.551
NODE_21_length_83220_cov_38.326345:67853-68404|-   -            184 371997               -            249   1.7e-06   25.6   0.1   1   1   3.5e-09   2.2e-06   25.2   0.1   162   200   106   144    95   170 0.80 NODE_21_length_83220_cov_38.326345_65 # 67853 # 68404 # -1 # ID=21_65;partial=00;start_type=ATG;rbs_motif=AGxAGG/AGGxGG;rbs_spacer=5-10bp;gc_cont=0.542
NODE_4_length_139564_cov_44.158667:12535-13071|-   -            179 371997               -            249   5.8e-06   23.9   0.2   1   1   1.2e-08   7.8e-06   23.4   0.2   158   199    73   116    55   130 0.80 NODE_4_length_139564_cov_44.158667_16 # 12535 # 13071 # -1 # ID=4_16;partial=00;start_type=ATG;rbs_motif=None;rbs_spacer=None;gc_cont=0.503
NODE_9_length_123825_cov_37.296666:104819-105445|+ -            209 371997               -            249    0.0003   18.2   0.0   1   1   7.5e-07   0.00047   17.6   0.0   172   212   120   160   105   175 0.80 NODE_9_length_123825_cov_37.296666_91 # 104819 # 105445 # 1 # ID=9_91;partial=00;start_type=ATG;rbs_motif=AGGAG;rbs_spacer=5-10bp;gc_cont=0.531
NODE_5_length_138947_cov_37.421618:39757-40215|+   -            153 371997               -            249    0.0003   18.2   0.0   1   1   5.9e-07   0.00037   17.9   0.0   158   206    64   112    43   116 0.85 NODE_5_length_138947_cov_37.421618_36 # 39757 # 40215 # 1 # ID=5_36;partial=00;start_type=ATG;rbs_motif=GGA/GAG/AGG;rbs_spacer=5-10bp;gc_cont=0.514
NODE_2_length_157429_cov_38.171358:36596-38113|+   -            506 371997               -            249     0.004   14.6   0.0   1   1     1e-05    0.0064   13.9   0.0   170   207   355   394   341   401 0.83 NODE_2_length_157429_cov_38.171358_35 # 36596 # 38113 # 1 # ID=2_35;partial=00;start_type=ATG;rbs_motif=GGAG/GAGG;rbs_spacer=5-10bp;gc_cont=0.528
NODE_39_length_47213_cov_38.868135:23851-24492|-   -            214 371997               -            249     0.028   11.8   0.2   1   1     6e-05     0.038   11.3   0.2   177   201   119   143   110   185 0.85 NODE_39_length_47213_cov_38.868135_26 # 23851 # 24492 # -1 # ID=39_26;partial=00;start_type=ATG;rbs_motif=AGGAG;rbs_spacer=5-10bp;gc_cont=0.533
#
# Program:         hmmsearch
# Version:         3.4 (Aug 2023)
# Pipeline mode:   SEARCH
# Query file:      /home/simonedassisi/busco_downloads/lineages/archaea_odb12/hmms/371997at2157.hmm
# Target file:     home/simonedassisi/Desktop/BUSCO_output/prodigal_output/predicted_genes/predicted.faa
# Option settings: hmmsearch --domtblout home/simonedassisi/Desktop/BUSCO_output/auto_lineage/run_archaea_odb12/hmmer_output/371997at2157.out --cpu 1 /home/simonedassisi/busco_downloads/lineages/archaea_odb12/hmms/371997at2157.hmm home/simonedassisi/Desktop/BUSCO_output/prodigal_output/predicted_genes/predicted.faa 
# Current dir:     /home/simonedassisi
# Date:            Tue Apr  1 14:23:23 2025
# [ok]
