#                                                                                                          --- full sequence --- -------------- this domain -------------   hmm coord   ali coord   env coord
# target name                                      accession   tlen query name           accession   qlen   E-value  score  bias   #  of  c-Evalue  i-Evalue  score  bias  from    to  from    to  from    to  acc description of target
#                              ------------------- ---------- ----- -------------------- ---------- ----- --------- ------ ----- --- --- --------- --------- ------ ----- ----- ----- ----- ----- ----- ----- ---- ---------------------
NODE_45_length_36631_cov_36.253287:22042-23025|+   -            328 372178               -            493   1.1e-67  227.3   0.1   1   2   4.6e-20   2.6e-17   61.1   0.0   144   289    15   163     5   165 0.81 NODE_45_length_36631_cov_36.253287_23 # 22042 # 23025 # 1 # ID=45_23;partial=00;start_type=ATG;rbs_motif=GGAG/GAGG;rbs_spacer=5-10bp;gc_cont=0.541
NODE_45_length_36631_cov_36.253287:22042-23025|+   -            328 372178               -            493   1.1e-67  227.3   0.1   2   2   1.6e-51   9.1e-49  164.8   0.3   330   489   165   326   161   327 0.93 NODE_45_length_36631_cov_36.253287_23 # 22042 # 23025 # 1 # ID=45_23;partial=00;start_type=ATG;rbs_motif=GGAG/GAGG;rbs_spacer=5-10bp;gc_cont=0.541
NODE_11_length_117034_cov_40.464403:35747-37264|-  -            506 372178               -            493   2.1e-07   28.4   1.5   1   3    0.0069       3.9    4.4   0.1   234   260   186   212   163   214 0.86 NODE_11_length_117034_cov_40.464403_27 # 35747 # 37264 # -1 # ID=11_27;partial=00;start_type=ATG;rbs_motif=GGAG/GAGG;rbs_spacer=5-10bp;gc_cont=0.531
NODE_11_length_117034_cov_40.464403:35747-37264|-  -            506 372178               -            493   2.1e-07   28.4   1.5   2   3   4.3e-06    0.0024   15.0   0.1   351   399   253   299   247   306 0.81 NODE_11_length_117034_cov_40.464403_27 # 35747 # 37264 # -1 # ID=11_27;partial=00;start_type=ATG;rbs_motif=GGAG/GAGG;rbs_spacer=5-10bp;gc_cont=0.531
NODE_11_length_117034_cov_40.464403:35747-37264|-  -            506 372178               -            493   2.1e-07   28.4   1.5   3   3    0.0018      0.99    6.4   0.0   456   478   473   495   463   498 0.89 NODE_11_length_117034_cov_40.464403_27 # 35747 # 37264 # -1 # ID=11_27;partial=00;start_type=ATG;rbs_motif=GGAG/GAGG;rbs_spacer=5-10bp;gc_cont=0.531
NODE_7_length_130108_cov_39.332856:8123-9640|+     -            506 372178               -            493   8.5e-07   26.4   3.2   1   3     0.013       7.5    3.5   0.1   236   260   188   212   161   214 0.85 NODE_7_length_130108_cov_39.332856_5 # 8123 # 9640 # 1 # ID=7_5;partial=00;start_type=ATG;rbs_motif=GGAG/GAGG;rbs_spacer=5-10bp;gc_cont=0.478
NODE_7_length_130108_cov_39.332856:8123-9640|+     -            506 372178               -            493   8.5e-07   26.4   3.2   2   3   3.6e-06     0.002   15.3   0.2   351   399   253   299   247   330 0.76 NODE_7_length_130108_cov_39.332856_5 # 8123 # 9640 # 1 # ID=7_5;partial=00;start_type=ATG;rbs_motif=GGAG/GAGG;rbs_spacer=5-10bp;gc_cont=0.478
NODE_7_length_130108_cov_39.332856:8123-9640|+     -            506 372178               -            493   8.5e-07   26.4   3.2   3   3    0.0015      0.84    6.6   0.0   456   478   473   495   462   498 0.88 NODE_7_length_130108_cov_39.332856_5 # 8123 # 9640 # 1 # ID=7_5;partial=00;start_type=ATG;rbs_motif=GGAG/GAGG;rbs_spacer=5-10bp;gc_cont=0.478
NODE_48_length_31921_cov_35.968831:24777-25307|+   -            177 372178               -            493   0.00096   16.3   0.1   1   1   2.2e-06    0.0012   16.0   0.1    15    95    67   156    55   170 0.75 NODE_48_length_31921_cov_35.968831_26 # 24777 # 25307 # 1 # ID=48_26;partial=00;start_type=ATG;rbs_motif=GGAG/GAGG;rbs_spacer=5-10bp;gc_cont=0.492
NODE_77_length_15753_cov_35.008191:13513-14427|+   -            305 372178               -            493    0.0016   15.6   0.4   1   1   3.8e-06    0.0022   15.2   0.4     6    70     6    68     1    91 0.85 NODE_77_length_15753_cov_35.008191_15 # 13513 # 14427 # 1 # ID=77_15;partial=00;start_type=ATG;rbs_motif=AGGAG;rbs_spacer=5-10bp;gc_cont=0.495
NODE_6_length_131096_cov_36.333598:60052-61824|+   -            591 372178               -            493    0.0023   15.1   0.1   1   2    0.0019       1.1    6.3   0.1   352   377   208   233   198   251 0.92 NODE_6_length_131096_cov_36.333598_60 # 60052 # 61824 # 1 # ID=6_60;partial=00;start_type=ATG;rbs_motif=GGA/GAG/AGG;rbs_spacer=5-10bp;gc_cont=0.539
NODE_6_length_131096_cov_36.333598:60052-61824|+   -            591 372178               -            493    0.0023   15.1   0.1   2   2    0.0019       1.1    6.3   0.0   460   478   533   551   521   557 0.88 NODE_6_length_131096_cov_36.333598_60 # 60052 # 61824 # 1 # ID=6_60;partial=00;start_type=ATG;rbs_motif=GGA/GAG/AGG;rbs_spacer=5-10bp;gc_cont=0.539
NODE_9_length_123825_cov_37.296666:85116-86390|+   -            425 372178               -            493     0.011   12.9   0.0   1   3     0.027        15    2.5   0.0   226   261    13    48     4    52 0.90 NODE_9_length_123825_cov_37.296666_74 # 85116 # 86390 # 1 # ID=9_74;partial=00;start_type=GTG;rbs_motif=GGA/GAG/AGG;rbs_spacer=5-10bp;gc_cont=0.545
NODE_9_length_123825_cov_37.296666:85116-86390|+   -            425 372178               -            493     0.011   12.9   0.0   2   3   0.00082      0.46    7.5   0.0   319   380    68   132    59   161 0.83 NODE_9_length_123825_cov_37.296666_74 # 85116 # 86390 # 1 # ID=9_74;partial=00;start_type=GTG;rbs_motif=GGA/GAG/AGG;rbs_spacer=5-10bp;gc_cont=0.545
NODE_9_length_123825_cov_37.296666:85116-86390|+   -            425 372178               -            493     0.011   12.9   0.0   3   3       0.8   4.5e+02   -2.4   0.1   453   470   300   317   292   320 0.80 NODE_9_length_123825_cov_37.296666_74 # 85116 # 86390 # 1 # ID=9_74;partial=00;start_type=GTG;rbs_motif=GGA/GAG/AGG;rbs_spacer=5-10bp;gc_cont=0.545
NODE_6_length_131096_cov_36.333598:100475-101266|+ -            264 372178               -            493     0.013   12.6   0.1   1   1   2.8e-05     0.016   12.3   0.1    10   119    22   122    17   197 0.75 NODE_6_length_131096_cov_36.333598_101 # 100475 # 101266 # 1 # ID=6_101;partial=00;start_type=ATG;rbs_motif=GGAG/GAGG;rbs_spacer=5-10bp;gc_cont=0.497
NODE_13_length_92664_cov_37.475885:40573-41499|+   -            309 372178               -            493     0.042   10.9   0.2   1   1   8.9e-05      0.05   10.7   0.2     5    69     5    67     1   105 0.85 NODE_13_length_92664_cov_37.475885_45 # 40573 # 41499 # 1 # ID=13_45;partial=00;start_type=ATG;rbs_motif=None;rbs_spacer=None;gc_cont=0.542
#
# Program:         hmmsearch
# Version:         3.4 (Aug 2023)
# Pipeline mode:   SEARCH
# Query file:      /home/simonedassisi/busco_downloads/lineages/archaea_odb12/hmms/372178at2157.hmm
# Target file:     home/simonedassisi/Desktop/BUSCO_output/prodigal_output/predicted_genes/predicted.faa
# Option settings: hmmsearch --domtblout home/simonedassisi/Desktop/BUSCO_output/auto_lineage/run_archaea_odb12/hmmer_output/372178at2157.out --cpu 1 /home/simonedassisi/busco_downloads/lineages/archaea_odb12/hmms/372178at2157.hmm home/simonedassisi/Desktop/BUSCO_output/prodigal_output/predicted_genes/predicted.faa 
# Current dir:     /home/simonedassisi
# Date:            Tue Apr  1 14:23:23 2025
# [ok]
