#                                                                                                         --- full sequence --- -------------- this domain -------------   hmm coord   ali coord   env coord
# target name                                     accession   tlen query name           accession   qlen   E-value  score  bias   #  of  c-Evalue  i-Evalue  score  bias  from    to  from    to  from    to  acc description of target
#                             ------------------- ---------- ----- -------------------- ---------- ----- --------- ------ ----- --- --- --------- --------- ------ ----- ----- ----- ----- ----- ----- ----- ---- ---------------------
NODE_10_length_119716_cov_38.250842:33243-34667|+ -            475 372134               -            357   1.2e-70  236.4   0.0   1   2   7.1e-14   7.2e-11   39.8   0.0     2    80     4    95     3   103 0.75 NODE_10_length_119716_cov_38.250842_27 # 33243 # 34667 # 1 # ID=10_27;partial=00;start_type=ATG;rbs_motif=GGA/GAG/AGG;rbs_spacer=5-10bp;gc_cont=0.538
NODE_10_length_119716_cov_38.250842:33243-34667|+ -            475 372134               -            357   1.2e-70  236.4   0.0   2   2     6e-61     6e-58  194.7   0.0    83   357   146   438   138   438 0.89 NODE_10_length_119716_cov_38.250842_27 # 33243 # 34667 # 1 # ID=10_27;partial=00;start_type=ATG;rbs_motif=GGA/GAG/AGG;rbs_spacer=5-10bp;gc_cont=0.538
NODE_28_length_70179_cov_36.796251:55603-56928|-  -            442 372134               -            357   3.5e-56  188.9   0.0   1   3   1.2e-10   1.2e-07   29.2   0.0     5    85    12    98     8   102 0.79 NODE_28_length_70179_cov_36.796251_49 # 55603 # 56928 # -1 # ID=28_49;partial=00;start_type=ATG;rbs_motif=None;rbs_spacer=None;gc_cont=0.528
NODE_28_length_70179_cov_36.796251:55603-56928|-  -            442 372134               -            357   3.5e-56  188.9   0.0   2   3   1.1e-20   1.1e-17   62.2   0.0    79   146   135   202   127   206 0.93 NODE_28_length_70179_cov_36.796251_49 # 55603 # 56928 # -1 # ID=28_49;partial=00;start_type=ATG;rbs_motif=None;rbs_spacer=None;gc_cont=0.528
NODE_28_length_70179_cov_36.796251:55603-56928|-  -            442 372134               -            357   3.5e-56  188.9   0.0   3   3   3.2e-30   3.2e-27   93.6   0.0   175   323   242   391   235   439 0.88 NODE_28_length_70179_cov_36.796251_49 # 55603 # 56928 # -1 # ID=28_49;partial=00;start_type=ATG;rbs_motif=None;rbs_spacer=None;gc_cont=0.528
NODE_8_length_126545_cov_41.885285:62473-63402|+  -            310 372134               -            357   9.6e-07   26.2   0.0   1   1   1.2e-09   1.3e-06   25.9   0.0    96   265    43   212     9   225 0.81 NODE_8_length_126545_cov_41.885285_55 # 62473 # 63402 # 1 # ID=8_55;partial=00;start_type=ATG;rbs_motif=None;rbs_spacer=None;gc_cont=0.555
NODE_27_length_73011_cov_40.630920:54060-56279|-  -            740 372134               -            357   2.8e-05   21.4   0.2   1   2   4.7e-07   0.00048   17.4   0.3    87   124   379   417   372   422 0.82 NODE_27_length_73011_cov_40.630920_58 # 54060 # 56279 # -1 # ID=27_58;partial=00;start_type=ATG;rbs_motif=GGA/GAG/AGG;rbs_spacer=5-10bp;gc_cont=0.546
NODE_27_length_73011_cov_40.630920:54060-56279|-  -            740 372134               -            357   2.8e-05   21.4   0.2   2   2     0.035        36    1.3   0.0   214   281   543   611   528   621 0.83 NODE_27_length_73011_cov_40.630920_58 # 54060 # 56279 # -1 # ID=27_58;partial=00;start_type=ATG;rbs_motif=GGA/GAG/AGG;rbs_spacer=5-10bp;gc_cont=0.546
NODE_17_length_86457_cov_41.702653:73726-75099|-  -            458 372134               -            357   5.1e-05   20.5   0.0   1   1   8.5e-08   8.5e-05   19.8   0.0   190   283   164   256   148   288 0.81 NODE_17_length_86457_cov_41.702653_76 # 73726 # 75099 # -1 # ID=17_76;partial=00;start_type=ATG;rbs_motif=AGGAG;rbs_spacer=5-10bp;gc_cont=0.533
#
# Program:         hmmsearch
# Version:         3.4 (Aug 2023)
# Pipeline mode:   SEARCH
# Query file:      /home/simonedassisi/busco_downloads/lineages/archaea_odb12/hmms/372134at2157.hmm
# Target file:     home/simonedassisi/Desktop/BUSCO_output/prodigal_output/predicted_genes/predicted.faa
# Option settings: hmmsearch --domtblout home/simonedassisi/Desktop/BUSCO_output/auto_lineage/run_archaea_odb12/hmmer_output/372134at2157.out --cpu 1 /home/simonedassisi/busco_downloads/lineages/archaea_odb12/hmms/372134at2157.hmm home/simonedassisi/Desktop/BUSCO_output/prodigal_output/predicted_genes/predicted.faa 
# Current dir:     /home/simonedassisi
# Date:            Tue Apr  1 14:23:23 2025
# [ok]
