#                                                                                                          --- full sequence --- -------------- this domain -------------   hmm coord   ali coord   env coord
# target name                                      accession   tlen query name           accession   qlen   E-value  score  bias   #  of  c-Evalue  i-Evalue  score  bias  from    to  from    to  from    to  acc description of target
#                              ------------------- ---------- ----- -------------------- ---------- ----- --------- ------ ----- --- --- --------- --------- ------ ----- ----- ----- ----- ----- ----- ----- ---- ---------------------
NODE_30_length_69036_cov_41.149327:31031-31756|-   -            242 372251               -            225     1e-27   95.3   3.1   1   1   1.3e-29   6.4e-27   92.7   3.1     2   223    11   240    10   241 0.85 NODE_30_length_69036_cov_41.149327_32 # 31031 # 31756 # -1 # ID=30_32;partial=00;start_type=ATG;rbs_motif=AGGA;rbs_spacer=5-10bp;gc_cont=0.528
NODE_5_length_138947_cov_37.421618:43392-44495|+   -            368 372251               -            225   1.3e-11   42.6   2.5   1   2     0.012       5.8    4.5   0.3     2    47     6    55     5    62 0.73 NODE_5_length_138947_cov_37.421618_40 # 43392 # 44495 # 1 # ID=5_40;partial=00;start_type=ATG;rbs_motif=GGA/GAG/AGG;rbs_spacer=3-4bp;gc_cont=0.562
NODE_5_length_138947_cov_37.421618:43392-44495|+   -            368 372251               -            225   1.3e-11   42.6   2.5   2   2   6.3e-13   3.2e-10   38.1   0.1   119   221   150   254   132   258 0.85 NODE_5_length_138947_cov_37.421618_40 # 43392 # 44495 # 1 # ID=5_40;partial=00;start_type=ATG;rbs_motif=GGA/GAG/AGG;rbs_spacer=3-4bp;gc_cont=0.562
NODE_7_length_130108_cov_39.332856:128476-129825|+ -            450 372251               -            225   3.8e-10   37.9   0.0   1   1   1.5e-12   7.5e-10   36.9   0.0   119   206   202   283   193   295 0.86 NODE_7_length_130108_cov_39.332856_117 # 128476 # 129825 # 1 # ID=7_117;partial=00;start_type=ATG;rbs_motif=GGAG/GAGG;rbs_spacer=5-10bp;gc_cont=0.539
NODE_31_length_58399_cov_38.812466:12714-15176|-   -            821 372251               -            225   6.3e-10   37.2   0.0   1   2      0.41     2e+02   -0.5   0.0     4    40     3    36     1    78 0.91 NODE_31_length_58399_cov_38.812466_13 # 12714 # 15176 # -1 # ID=31_13;partial=00;start_type=ATG;rbs_motif=GGAG/GAGG;rbs_spacer=5-10bp;gc_cont=0.533
NODE_31_length_58399_cov_38.812466:12714-15176|-   -            821 372251               -            225   6.3e-10   37.2   0.0   2   2   1.2e-11     6e-09   33.9   0.0   119   169   208   258   161   290 0.90 NODE_31_length_58399_cov_38.812466_13 # 12714 # 15176 # -1 # ID=31_13;partial=00;start_type=ATG;rbs_motif=GGAG/GAGG;rbs_spacer=5-10bp;gc_cont=0.533
NODE_91_length_11458_cov_69.662607:1303-2265|-     -            321 372251               -            225     9e-07   26.8   0.2   1   2    0.0013      0.67    7.6   0.1     2    33     4    35     3    41 0.90 NODE_91_length_11458_cov_69.662607_2 # 1303 # 2265 # -1 # ID=91_2;partial=00;start_type=ATG;rbs_motif=GGA/GAG/AGG;rbs_spacer=5-10bp;gc_cont=0.560
NODE_91_length_11458_cov_69.662607:1303-2265|-     -            321 372251               -            225     9e-07   26.8   0.2   2   2   2.3e-06    0.0011   16.7   0.0   120   223   218   314   194   316 0.90 NODE_91_length_11458_cov_69.662607_2 # 1303 # 2265 # -1 # ID=91_2;partial=00;start_type=ATG;rbs_motif=GGA/GAG/AGG;rbs_spacer=5-10bp;gc_cont=0.560
NODE_21_length_83220_cov_38.326345:15278-16171|-   -            298 372251               -            225   1.1e-06   26.5   1.1   1   3    0.0042       2.1    6.0   0.0     9    45    17    53     2   103 0.76 NODE_21_length_83220_cov_38.326345_18 # 15278 # 16171 # -1 # ID=21_18;partial=00;start_type=ATG;rbs_motif=AGGA;rbs_spacer=5-10bp;gc_cont=0.574
NODE_21_length_83220_cov_38.326345:15278-16171|-   -            298 372251               -            225   1.1e-06   26.5   1.1   2   3      0.51   2.6e+02   -0.8   0.1    26    46   167   187   154   191 0.82 NODE_21_length_83220_cov_38.326345_18 # 15278 # 16171 # -1 # ID=21_18;partial=00;start_type=ATG;rbs_motif=AGGA;rbs_spacer=5-10bp;gc_cont=0.574
NODE_21_length_83220_cov_38.326345:15278-16171|-   -            298 372251               -            225   1.1e-06   26.5   1.1   3   3   8.8e-07   0.00044   18.0   0.1   119   165   203   247   194   259 0.78 NODE_21_length_83220_cov_38.326345_18 # 15278 # 16171 # -1 # ID=21_18;partial=00;start_type=ATG;rbs_motif=AGGA;rbs_spacer=5-10bp;gc_cont=0.574
NODE_5_length_138947_cov_37.421618:91031-91981|+   -            317 372251               -            225   9.1e-06   23.5   0.2   1   2    0.0013      0.66    7.7   0.1     2    33     4    35     3    41 0.90 NODE_5_length_138947_cov_37.421618_78 # 91031 # 91981 # 1 # ID=5_78;partial=00;start_type=ATG;rbs_motif=GGA/GAG/AGG;rbs_spacer=5-10bp;gc_cont=0.564
NODE_5_length_138947_cov_37.421618:91031-91981|+   -            317 372251               -            225   9.1e-06   23.5   0.2   2   2   2.3e-05     0.012   13.4   0.0   121   224   219   315   208   316 0.90 NODE_5_length_138947_cov_37.421618_78 # 91031 # 91981 # 1 # ID=5_78;partial=00;start_type=ATG;rbs_motif=GGA/GAG/AGG;rbs_spacer=5-10bp;gc_cont=0.564
NODE_42_length_44050_cov_40.658288:37095-39527|-   -            811 372251               -            225   0.00056   17.7   0.0   1   2      0.55   2.8e+02   -0.9   0.0     6    59    16    66    14    93 0.78 NODE_42_length_44050_cov_40.658288_29 # 37095 # 39527 # -1 # ID=42_29;partial=00;start_type=ATG;rbs_motif=GGA/GAG/AGG;rbs_spacer=5-10bp;gc_cont=0.584
NODE_42_length_44050_cov_40.658288:37095-39527|-   -            811 372251               -            225   0.00056   17.7   0.0   2   2   7.8e-06    0.0039   14.9   0.0   124   169   216   261   208   266 0.84 NODE_42_length_44050_cov_40.658288_29 # 37095 # 39527 # -1 # ID=42_29;partial=00;start_type=ATG;rbs_motif=GGA/GAG/AGG;rbs_spacer=5-10bp;gc_cont=0.584
NODE_11_length_117034_cov_40.464403:13732-14664|+  -            311 372251               -            225   0.00079   17.2   7.1   1   3    0.0046       2.3    5.8   0.1     1    46     3    51     3    74 0.70 NODE_11_length_117034_cov_40.464403_11 # 13732 # 14664 # 1 # ID=11_11;partial=00;start_type=ATG;rbs_motif=GGA/GAG/AGG;rbs_spacer=5-10bp;gc_cont=0.495
NODE_11_length_117034_cov_40.464403:13732-14664|+  -            311 372251               -            225   0.00079   17.2   7.1   2   3     0.098        50    1.5   0.9    26    46   172   192   159   202 0.87 NODE_11_length_117034_cov_40.464403_11 # 13732 # 14664 # 1 # ID=11_11;partial=00;start_type=ATG;rbs_motif=GGA/GAG/AGG;rbs_spacer=5-10bp;gc_cont=0.495
NODE_11_length_117034_cov_40.464403:13732-14664|+  -            311 372251               -            225   0.00079   17.2   7.1   3   3   4.7e-05     0.024   12.4   0.1   120   190   212   280   201   310 0.72 NODE_11_length_117034_cov_40.464403_11 # 13732 # 14664 # 1 # ID=11_11;partial=00;start_type=ATG;rbs_motif=GGA/GAG/AGG;rbs_spacer=5-10bp;gc_cont=0.495
NODE_57_length_27741_cov_69.425183:23012-23968|+   -            319 372251               -            225      0.02   12.6   0.9   1   3     0.049        25    2.5   0.0     3    33     6    37     4    47 0.77 NODE_57_length_27741_cov_69.425183_24 # 23012 # 23968 # 1 # ID=57_24;partial=00;start_type=ATG;rbs_motif=AGGAG;rbs_spacer=5-10bp;gc_cont=0.532
NODE_57_length_27741_cov_69.425183:23012-23968|+   -            319 372251               -            225      0.02   12.6   0.9   2   3       1.2   5.9e+02   -2.0   0.1    27    46   177   196   171   214 0.74 NODE_57_length_27741_cov_69.425183_24 # 23012 # 23968 # 1 # ID=57_24;partial=00;start_type=ATG;rbs_motif=AGGAG;rbs_spacer=5-10bp;gc_cont=0.532
NODE_57_length_27741_cov_69.425183:23012-23968|+   -            319 372251               -            225      0.02   12.6   0.9   3   3   0.00094      0.47    8.1   0.0   113   181   209   275   201   317 0.68 NODE_57_length_27741_cov_69.425183_24 # 23012 # 23968 # 1 # ID=57_24;partial=00;start_type=ATG;rbs_motif=AGGAG;rbs_spacer=5-10bp;gc_cont=0.532
#
# Program:         hmmsearch
# Version:         3.4 (Aug 2023)
# Pipeline mode:   SEARCH
# Query file:      /home/simonedassisi/busco_downloads/lineages/archaea_odb12/hmms/372251at2157.hmm
# Target file:     home/simonedassisi/Desktop/BUSCO_output/prodigal_output/predicted_genes/predicted.faa
# Option settings: hmmsearch --domtblout home/simonedassisi/Desktop/BUSCO_output/auto_lineage/run_archaea_odb12/hmmer_output/372251at2157.out --cpu 1 /home/simonedassisi/busco_downloads/lineages/archaea_odb12/hmms/372251at2157.hmm home/simonedassisi/Desktop/BUSCO_output/prodigal_output/predicted_genes/predicted.faa 
# Current dir:     /home/simonedassisi
# Date:            Tue Apr  1 14:23:23 2025
# [ok]
