#                                                                                                          --- full sequence --- -------------- this domain -------------   hmm coord   ali coord   env coord
# target name                                      accession   tlen query name           accession   qlen   E-value  score  bias   #  of  c-Evalue  i-Evalue  score  bias  from    to  from    to  from    to  acc description of target
#                              ------------------- ---------- ----- -------------------- ---------- ----- --------- ------ ----- --- --- --------- --------- ------ ----- ----- ----- ----- ----- ----- ----- ---- ---------------------
NODE_2_length_157429_cov_38.171358:30185-31198|+   -            338 38238                -            348   1.6e-24   84.7   0.1   1   2   6.9e-19   3.9e-16   57.0   0.1     4   190     6   172     3   184 0.78 NODE_2_length_157429_cov_38.171358_28 # 30185 # 31198 # 1 # ID=2_28;partial=00;start_type=ATG;rbs_motif=GGAG/GAGG;rbs_spacer=5-10bp;gc_cont=0.554
NODE_2_length_157429_cov_38.171358:30185-31198|+   -            338 38238                -            348   1.6e-24   84.7   0.1   2   2   1.7e-08   9.5e-06   22.9   0.0   194   346   197   335   193   337 0.84 NODE_2_length_157429_cov_38.171358_28 # 30185 # 31198 # 1 # ID=2_28;partial=00;start_type=ATG;rbs_motif=GGAG/GAGG;rbs_spacer=5-10bp;gc_cont=0.554
NODE_1_length_276430_cov_40.515391:169478-170581|+ -            368 38238                -            348   8.4e-15   52.7   0.0   1   2   7.5e-11   4.2e-08   30.6   0.0    72   187    61   172     1   179 0.74 NODE_1_length_276430_cov_40.515391_155 # 169478 # 170581 # 1 # ID=1_155;partial=00;start_type=ATG;rbs_motif=AGGA/GGAG/GAGG;rbs_spacer=11-12bp;gc_cont=0.542
NODE_1_length_276430_cov_40.515391:169478-170581|+ -            368 38238                -            348   8.4e-15   52.7   0.0   2   2   6.7e-07   0.00038   17.6   0.0   202   314   240   335   222   358 0.69 NODE_1_length_276430_cov_40.515391_155 # 169478 # 170581 # 1 # ID=1_155;partial=00;start_type=ATG;rbs_motif=AGGA/GGAG/GAGG;rbs_spacer=11-12bp;gc_cont=0.542
NODE_42_length_44050_cov_40.658288:13667-14671|-   -            335 38238                -            348   2.2e-14   51.2   0.0   1   2   3.7e-15   2.1e-12   44.8   0.0     4   185     3   192     1   200 0.79 NODE_42_length_44050_cov_40.658288_12 # 13667 # 14671 # -1 # ID=42_12;partial=00;start_type=ATG;rbs_motif=GGA/GAG/AGG;rbs_spacer=11-12bp;gc_cont=0.537
NODE_42_length_44050_cov_40.658288:13667-14671|-   -            335 38238                -            348   2.2e-14   51.2   0.0   2   2     0.026        15    2.5   0.0   316   340   298   322   288   326 0.83 NODE_42_length_44050_cov_40.658288_12 # 13667 # 14671 # -1 # ID=42_12;partial=00;start_type=ATG;rbs_motif=GGA/GAG/AGG;rbs_spacer=11-12bp;gc_cont=0.537
NODE_40_length_46585_cov_37.455939:13506-14507|+   -            334 38238                -            348     3e-06   24.5   1.3   1   1   3.9e-08   2.2e-05   21.7   1.3   135   271   135   267   124   281 0.82 NODE_40_length_46585_cov_37.455939_15 # 13506 # 14507 # 1 # ID=40_15;partial=00;start_type=ATG;rbs_motif=AGGAG;rbs_spacer=5-10bp;gc_cont=0.480
NODE_11_length_117034_cov_40.464403:75033-76052|-  -            340 38238                -            348   1.3e-05   22.5   0.1   1   2   7.3e-06    0.0041   14.2   0.0   133   177   138   182   120   185 0.87 NODE_11_length_117034_cov_40.464403_63 # 75033 # 76052 # -1 # ID=11_63;partial=00;start_type=ATG;rbs_motif=AGGA;rbs_spacer=5-10bp;gc_cont=0.511
NODE_11_length_117034_cov_40.464403:75033-76052|-  -            340 38238                -            348   1.3e-05   22.5   0.1   2   2    0.0025       1.4    5.9   0.0   230   293   230   293   222   306 0.84 NODE_11_length_117034_cov_40.464403_63 # 75033 # 76052 # -1 # ID=11_63;partial=00;start_type=ATG;rbs_motif=AGGA;rbs_spacer=5-10bp;gc_cont=0.511
NODE_35_length_52795_cov_36.978564:33841-34005|+   -             55 38238                -            348    0.0043   14.1   0.0   1   1   7.9e-06    0.0044   14.1   0.0     3    45     2    44     1    52 0.89 NODE_35_length_52795_cov_36.978564_30 # 33841 # 34005 # 1 # ID=35_30;partial=00;start_type=ATG;rbs_motif=GGA/GAG/AGG;rbs_spacer=5-10bp;gc_cont=0.406
NODE_8_length_126545_cov_41.885285:117801-118436|+ -            212 38238                -            348     0.015   12.3   0.0   1   2   5.2e-05     0.029   11.4   0.0     4    30     3    29     1    37 0.86 NODE_8_length_126545_cov_41.885285_112 # 117801 # 118436 # 1 # ID=8_112;partial=00;start_type=ATG;rbs_motif=AGGAG;rbs_spacer=5-10bp;gc_cont=0.546
NODE_8_length_126545_cov_41.885285:117801-118436|+ -            212 38238                -            348     0.015   12.3   0.0   2   2       1.6     9e+02   -3.3   0.0    72    89    58    75    51   100 0.59 NODE_8_length_126545_cov_41.885285_112 # 117801 # 118436 # 1 # ID=8_112;partial=00;start_type=ATG;rbs_motif=AGGAG;rbs_spacer=5-10bp;gc_cont=0.546
NODE_38_length_48580_cov_35.344705:14784-15779|-   -            332 38238                -            348     0.015   12.3   0.2   1   2    0.0011       0.6    7.1   0.1   143   179   143   179   129   183 0.89 NODE_38_length_48580_cov_35.344705_15 # 14784 # 15779 # -1 # ID=38_15;partial=00;start_type=ATG;rbs_motif=GGxGG;rbs_spacer=5-10bp;gc_cont=0.500
NODE_38_length_48580_cov_35.344705:14784-15779|-   -            332 38238                -            348     0.015   12.3   0.2   2   2      0.02        11    2.9   0.0   229   273   225   269   212   287 0.82 NODE_38_length_48580_cov_35.344705_15 # 14784 # 15779 # -1 # ID=38_15;partial=00;start_type=ATG;rbs_motif=GGxGG;rbs_spacer=5-10bp;gc_cont=0.500
NODE_23_length_80065_cov_37.437114:51700-53130|+   -            477 38238                -            348     0.055   10.5   0.0   1   1   0.00013     0.075   10.1   0.0     4    25     4    25     1    60 0.85 NODE_23_length_80065_cov_37.437114_45 # 51700 # 53130 # 1 # ID=23_45;partial=00;start_type=GTG;rbs_motif=AGGAG;rbs_spacer=5-10bp;gc_cont=0.549
#
# Program:         hmmsearch
# Version:         3.4 (Aug 2023)
# Pipeline mode:   SEARCH
# Query file:      /home/simonedassisi/busco_downloads/lineages/archaea_odb12/hmms/38238at2157.hmm
# Target file:     home/simonedassisi/Desktop/BUSCO_output/prodigal_output/predicted_genes/predicted.faa
# Option settings: hmmsearch --domtblout home/simonedassisi/Desktop/BUSCO_output/auto_lineage/run_archaea_odb12/hmmer_output/38238at2157.out --cpu 1 /home/simonedassisi/busco_downloads/lineages/archaea_odb12/hmms/38238at2157.hmm home/simonedassisi/Desktop/BUSCO_output/prodigal_output/predicted_genes/predicted.faa 
# Current dir:     /home/simonedassisi
# Date:            Tue Apr  1 14:23:23 2025
# [ok]
