#                                                                                                          --- full sequence --- -------------- this domain -------------   hmm coord   ali coord   env coord
# target name                                      accession   tlen query name           accession   qlen   E-value  score  bias   #  of  c-Evalue  i-Evalue  score  bias  from    to  from    to  from    to  acc description of target
#                              ------------------- ---------- ----- -------------------- ---------- ----- --------- ------ ----- --- --- --------- --------- ------ ----- ----- ----- ----- ----- ----- ----- ---- ---------------------
NODE_34_length_53173_cov_42.168382:15129-16490|-   -            454 52849                -            406  1.2e-111  371.5   9.3   1   1    2e-114  1.4e-111  371.3   9.3     2   405     6   432     5   433 0.90 NODE_34_length_53173_cov_42.168382_17 # 15129 # 16490 # -1 # ID=34_17;partial=00;start_type=ATG;rbs_motif=GGA/GAG/AGG;rbs_spacer=5-10bp;gc_cont=0.546
NODE_1_length_276430_cov_40.515391:142386-143879|+ -            498 52849                -            406   3.9e-57  192.0   4.6   1   1   9.2e-60   6.6e-57  191.3   4.6    22   280   225   493   212   497 0.88 NODE_1_length_276430_cov_40.515391_127 # 142386 # 143879 # 1 # ID=1_127;partial=00;start_type=ATG;rbs_motif=AGGAG/GGAGG;rbs_spacer=11-12bp;gc_cont=0.538
NODE_67_length_20171_cov_45.046348:10233-10868|+   -            212 52849                -            406    0.0017   15.4   0.0   1   2   1.5e-05     0.011   12.7   0.0    99   133    12    46     3    57 0.92 NODE_67_length_20171_cov_45.046348_8 # 10233 # 10868 # 1 # ID=67_8;partial=00;start_type=ATG;rbs_motif=AGGA;rbs_spacer=5-10bp;gc_cont=0.525
NODE_67_length_20171_cov_45.046348:10233-10868|+   -            212 52849                -            406    0.0017   15.4   0.0   2   2     0.086        62    0.3   0.0   166   181   120   135   112   155 0.80 NODE_67_length_20171_cov_45.046348_8 # 10233 # 10868 # 1 # ID=67_8;partial=00;start_type=ATG;rbs_motif=AGGA;rbs_spacer=5-10bp;gc_cont=0.525
NODE_41_length_44791_cov_39.437601:31127-31732|-   -            202 52849                -            406    0.0055   13.7   0.0   1   1   9.9e-06    0.0071   13.3   0.0    91   133    30    72    15    91 0.88 NODE_41_length_44791_cov_39.437601_36 # 31127 # 31732 # -1 # ID=41_36;partial=00;start_type=ATG;rbs_motif=GGA/GAG/AGG;rbs_spacer=5-10bp;gc_cont=0.517
NODE_44_length_40808_cov_40.967724:8577-9323|+     -            249 52849                -            406     0.012   12.5   0.0   1   1     3e-05     0.022   11.7   0.0    76   120    85   129    79   138 0.90 NODE_44_length_40808_cov_40.967724_11 # 8577 # 9323 # 1 # ID=44_11;partial=00;start_type=ATG;rbs_motif=GGA/GAG/AGG;rbs_spacer=5-10bp;gc_cont=0.486
NODE_3_length_152663_cov_37.088930:81986-83095|+   -            370 52849                -            406     0.013   12.5   0.1   1   1     4e-05     0.029   11.3   0.1    95   132   114   151    94   251 0.74 NODE_3_length_152663_cov_37.088930_69 # 81986 # 83095 # 1 # ID=3_69;partial=00;start_type=ATG;rbs_motif=AGGAG;rbs_spacer=5-10bp;gc_cont=0.538
NODE_59_length_27357_cov_36.938267:15071-15883|+   -            271 52849                -            406     0.021   11.8   0.1   1   1   3.5e-05     0.025   11.5   0.1    92   127     6    41     1   134 0.90 NODE_59_length_27357_cov_36.938267_18 # 15071 # 15883 # 1 # ID=59_18;partial=00;start_type=ATG;rbs_motif=AGGA;rbs_spacer=5-10bp;gc_cont=0.498
#
# Program:         hmmsearch
# Version:         3.4 (Aug 2023)
# Pipeline mode:   SEARCH
# Query file:      /home/simonedassisi/busco_downloads/lineages/archaea_odb12/hmms/52849at2157.hmm
# Target file:     home/simonedassisi/Desktop/BUSCO_output/prodigal_output/predicted_genes/predicted.faa
# Option settings: hmmsearch --domtblout home/simonedassisi/Desktop/BUSCO_output/auto_lineage/run_archaea_odb12/hmmer_output/52849at2157.out --cpu 1 /home/simonedassisi/busco_downloads/lineages/archaea_odb12/hmms/52849at2157.hmm home/simonedassisi/Desktop/BUSCO_output/prodigal_output/predicted_genes/predicted.faa 
# Current dir:     /home/simonedassisi
# Date:            Tue Apr  1 14:23:23 2025
# [ok]
