#                                                                                                          --- full sequence --- -------------- this domain -------------   hmm coord   ali coord   env coord
# target name                                      accession   tlen query name           accession   qlen   E-value  score  bias   #  of  c-Evalue  i-Evalue  score  bias  from    to  from    to  from    to  acc description of target
#                              ------------------- ---------- ----- -------------------- ---------- ----- --------- ------ ----- --- --- --------- --------- ------ ----- ----- ----- ----- ----- ----- ----- ---- ---------------------
NODE_6_length_131096_cov_36.333598:9561-10280|+    -            240 5935                 -            172     0.001   16.3   0.8   1   2   5.2e-06    0.0033   14.7   0.7    26    75   107   156    91   195 0.84 NODE_6_length_131096_cov_36.333598_10 # 9561 # 10280 # 1 # ID=6_10;partial=00;start_type=GTG;rbs_motif=GGA/GAG/AGG;rbs_spacer=5-10bp;gc_cont=0.540
NODE_6_length_131096_cov_36.333598:9561-10280|+    -            240 5935                 -            172     0.001   16.3   0.8   2   2      0.26   1.6e+02   -0.6   0.0     6    33   166   193   161   214 0.73 NODE_6_length_131096_cov_36.333598_10 # 9561 # 10280 # 1 # ID=6_10;partial=00;start_type=GTG;rbs_motif=GGA/GAG/AGG;rbs_spacer=5-10bp;gc_cont=0.540
NODE_17_length_86457_cov_41.702653:51696-52481|-   -            262 5935                 -            172     0.004   14.4   0.0   1   1   1.1e-05     0.007   13.6   0.0    32    65    23    56     4    61 0.87 NODE_17_length_86457_cov_41.702653_57 # 51696 # 52481 # -1 # ID=17_57;partial=00;start_type=ATG;rbs_motif=GGAG/GAGG;rbs_spacer=5-10bp;gc_cont=0.523
NODE_33_length_56462_cov_40.195669:1719-2633|+     -            305 5935                 -            172    0.0061   13.8   0.0   1   2    0.0013       0.8    6.9   0.0    37    64    32    59     6    63 0.88 NODE_33_length_56462_cov_40.195669_3 # 1719 # 2633 # 1 # ID=33_3;partial=00;start_type=ATG;rbs_motif=AGGAG;rbs_spacer=5-10bp;gc_cont=0.468
NODE_33_length_56462_cov_40.195669:1719-2633|+     -            305 5935                 -            172    0.0061   13.8   0.0   2   2    0.0063         4    4.7   0.0    30    68   106   144    84   178 0.83 NODE_33_length_56462_cov_40.195669_3 # 1719 # 2633 # 1 # ID=33_3;partial=00;start_type=ATG;rbs_motif=AGGAG;rbs_spacer=5-10bp;gc_cont=0.468
NODE_33_length_56462_cov_40.195669:40532-41257|-   -            242 5935                 -            172    0.0071   13.6   0.3   1   2   2.4e-05     0.015   12.5   0.0    36    67    20    51    11    54 0.93 NODE_33_length_56462_cov_40.195669_39 # 40532 # 41257 # -1 # ID=33_39;partial=00;start_type=ATG;rbs_motif=AGGA;rbs_spacer=5-10bp;gc_cont=0.534
NODE_33_length_56462_cov_40.195669:40532-41257|-   -            242 5935                 -            172    0.0071   13.6   0.3   2   2       1.8   1.1e+03   -3.3   0.1    48    54   107   113    85   124 0.51 NODE_33_length_56462_cov_40.195669_39 # 40532 # 41257 # -1 # ID=33_39;partial=00;start_type=ATG;rbs_motif=AGGA;rbs_spacer=5-10bp;gc_cont=0.534
NODE_1_length_276430_cov_40.515391:186925-187683|+ -            253 5935                 -            172    0.0079   13.5   0.0   1   1   2.1e-05     0.013   12.7   0.0    31    63    17    49     7    54 0.91 NODE_1_length_276430_cov_40.515391_168 # 186925 # 187683 # 1 # ID=1_168;partial=00;start_type=ATG;rbs_motif=GGA/GAG/AGG;rbs_spacer=5-10bp;gc_cont=0.539
NODE_3_length_152663_cov_37.088930:93377-94123|+   -            249 5935                 -            172     0.013   12.8   0.1   1   2   5.3e-05     0.034   11.4   0.0    38    68    52    82    42   100 0.89 NODE_3_length_152663_cov_37.088930_82 # 93377 # 94123 # 1 # ID=3_82;partial=00;start_type=ATG;rbs_motif=AGGA;rbs_spacer=5-10bp;gc_cont=0.514
NODE_3_length_152663_cov_37.088930:93377-94123|+   -            249 5935                 -            172     0.013   12.8   0.1   2   2       1.5   9.7e+02   -3.1   0.0    97   129   123   153   117   157 0.56 NODE_3_length_152663_cov_37.088930_82 # 93377 # 94123 # 1 # ID=3_82;partial=00;start_type=ATG;rbs_motif=AGGA;rbs_spacer=5-10bp;gc_cont=0.514
NODE_58_length_27727_cov_38.767101:26630-27073|+   -            148 5935                 -            172     0.016   12.5   0.0   1   1   3.3e-05     0.021   12.1   0.0    62   104     2    44     1    50 0.93 NODE_58_length_27727_cov_38.767101_22 # 26630 # 27073 # 1 # ID=58_22;partial=00;start_type=ATG;rbs_motif=AGGAG;rbs_spacer=5-10bp;gc_cont=0.538
NODE_9_length_123825_cov_37.296666:89876-90091|+   -             72 5935                 -            172      0.79    7.0   6.6   1   2      0.01       6.5    4.0   0.2   133   147     2    16     1    20 0.82 NODE_9_length_123825_cov_37.296666_78 # 89876 # 90091 # 1 # ID=9_78;partial=00;start_type=ATG;rbs_motif=GGAGG;rbs_spacer=5-10bp;gc_cont=0.481
NODE_9_length_123825_cov_37.296666:89876-90091|+   -             72 5935                 -            172      0.79    7.0   6.6   2   2    0.0041       2.6    5.3   1.8   126   145    24    43    18    56 0.81 NODE_9_length_123825_cov_37.296666_78 # 89876 # 90091 # 1 # ID=9_78;partial=00;start_type=ATG;rbs_motif=GGAGG;rbs_spacer=5-10bp;gc_cont=0.481
#
# Program:         hmmsearch
# Version:         3.4 (Aug 2023)
# Pipeline mode:   SEARCH
# Query file:      /home/simonedassisi/busco_downloads/lineages/archaea_odb12/hmms/5935at2157.hmm
# Target file:     home/simonedassisi/Desktop/BUSCO_output/prodigal_output/predicted_genes/predicted.faa
# Option settings: hmmsearch --domtblout home/simonedassisi/Desktop/BUSCO_output/auto_lineage/run_archaea_odb12/hmmer_output/5935at2157.out --cpu 1 /home/simonedassisi/busco_downloads/lineages/archaea_odb12/hmms/5935at2157.hmm home/simonedassisi/Desktop/BUSCO_output/prodigal_output/predicted_genes/predicted.faa 
# Current dir:     /home/simonedassisi
# Date:            Tue Apr  1 14:23:24 2025
# [ok]
