#                                                                                                        --- full sequence --- -------------- this domain -------------   hmm coord   ali coord   env coord
# target name                                    accession   tlen query name           accession   qlen   E-value  score  bias   #  of  c-Evalue  i-Evalue  score  bias  from    to  from    to  from    to  acc description of target
#                            ------------------- ---------- ----- -------------------- ---------- ----- --------- ------ ----- --- --- --------- --------- ------ ----- ----- ----- ----- ----- ----- ----- ---- ---------------------
NODE_30_length_69036_cov_41.149327:5027-6745|+   -            573 6113                 -            535   1.3e-22   78.5   0.1   1   3     3e-07   0.00051   17.1   0.0    26    80    36    89    24    96 0.91 NODE_30_length_69036_cov_41.149327_7 # 5027 # 6745 # 1 # ID=30_7;partial=00;start_type=ATG;rbs_motif=GGA/GAG/AGG;rbs_spacer=11-12bp;gc_cont=0.547
NODE_30_length_69036_cov_41.149327:5027-6745|+   -            573 6113                 -            535   1.3e-22   78.5   0.1   2   3     4e-09   6.7e-06   23.3   0.0   175   222   125   172   105   186 0.86 NODE_30_length_69036_cov_41.149327_7 # 5027 # 6745 # 1 # ID=30_7;partial=00;start_type=ATG;rbs_motif=GGA/GAG/AGG;rbs_spacer=11-12bp;gc_cont=0.547
NODE_30_length_69036_cov_41.149327:5027-6745|+   -            573 6113                 -            535   1.3e-22   78.5   0.1   3   3   1.7e-12   2.9e-09   34.4   0.0   407   533   445   571   420   572 0.86 NODE_30_length_69036_cov_41.149327_7 # 5027 # 6745 # 1 # ID=30_7;partial=00;start_type=ATG;rbs_motif=GGA/GAG/AGG;rbs_spacer=11-12bp;gc_cont=0.547
NODE_45_length_36631_cov_36.253287:18414-20342|+ -            643 6113                 -            535   3.6e-12   44.0   2.3   1   4       0.7   1.2e+03   -3.9   0.1   291   320   122   152   102   154 0.64 NODE_45_length_36631_cov_36.253287_19 # 18414 # 20342 # 1 # ID=45_19;partial=00;start_type=ATG;rbs_motif=AGGA;rbs_spacer=5-10bp;gc_cont=0.494
NODE_45_length_36631_cov_36.253287:18414-20342|+ -            643 6113                 -            535   3.6e-12   44.0   2.3   2   4   0.00014      0.24    8.3   0.1    28    89   262   322   249   328 0.81 NODE_45_length_36631_cov_36.253287_19 # 18414 # 20342 # 1 # ID=45_19;partial=00;start_type=ATG;rbs_motif=AGGA;rbs_spacer=5-10bp;gc_cont=0.494
NODE_45_length_36631_cov_36.253287:18414-20342|+ -            643 6113                 -            535   3.6e-12   44.0   2.3   3   4   2.3e-08   3.8e-05   20.8   0.0   148   226   322   400   317   423 0.82 NODE_45_length_36631_cov_36.253287_19 # 18414 # 20342 # 1 # ID=45_19;partial=00;start_type=ATG;rbs_motif=AGGA;rbs_spacer=5-10bp;gc_cont=0.494
NODE_45_length_36631_cov_36.253287:18414-20342|+ -            643 6113                 -            535   3.6e-12   44.0   2.3   4   4   1.7e-06    0.0028   14.6   0.0   433   532   533   632   510   635 0.89 NODE_45_length_36631_cov_36.253287_19 # 18414 # 20342 # 1 # ID=45_19;partial=00;start_type=ATG;rbs_motif=AGGA;rbs_spacer=5-10bp;gc_cont=0.494
NODE_9_length_123825_cov_37.296666:85116-86390|+ -            425 6113                 -            535     0.018   11.9   0.0   1   2     0.044        74    0.0   0.0    26    72     8    53     3    65 0.87 NODE_9_length_123825_cov_37.296666_74 # 85116 # 86390 # 1 # ID=9_74;partial=00;start_type=GTG;rbs_motif=GGA/GAG/AGG;rbs_spacer=5-10bp;gc_cont=0.545
NODE_9_length_123825_cov_37.296666:85116-86390|+ -            425 6113                 -            535     0.018   11.9   0.0   2   2   7.4e-05      0.12    9.2   0.0   456   531   344   422   329   424 0.80 NODE_9_length_123825_cov_37.296666_74 # 85116 # 86390 # 1 # ID=9_74;partial=00;start_type=GTG;rbs_motif=GGA/GAG/AGG;rbs_spacer=5-10bp;gc_cont=0.545
#
# Program:         hmmsearch
# Version:         3.4 (Aug 2023)
# Pipeline mode:   SEARCH
# Query file:      /home/simonedassisi/busco_downloads/lineages/archaea_odb12/hmms/6113at2157.hmm
# Target file:     home/simonedassisi/Desktop/BUSCO_output/prodigal_output/predicted_genes/predicted.faa
# Option settings: hmmsearch --domtblout home/simonedassisi/Desktop/BUSCO_output/auto_lineage/run_archaea_odb12/hmmer_output/6113at2157.out --cpu 1 /home/simonedassisi/busco_downloads/lineages/archaea_odb12/hmms/6113at2157.hmm home/simonedassisi/Desktop/BUSCO_output/prodigal_output/predicted_genes/predicted.faa 
# Current dir:     /home/simonedassisi
# Date:            Tue Apr  1 14:23:24 2025
# [ok]
