#                                                                                                          --- full sequence --- -------------- this domain -------------   hmm coord   ali coord   env coord
# target name                                      accession   tlen query name           accession   qlen   E-value  score  bias   #  of  c-Evalue  i-Evalue  score  bias  from    to  from    to  from    to  acc description of target
#                              ------------------- ---------- ----- -------------------- ---------- ----- --------- ------ ----- --- --- --------- --------- ------ ----- ----- ----- ----- ----- ----- ----- ---- ---------------------
NODE_1_length_276430_cov_40.515391:273984-276098|+ -            705 6290                 -            701  2.6e-113  377.4   0.5   1   3   4.1e-46   1.7e-43  146.6   0.1    18   166     9   162     3   165 0.88 NODE_1_length_276430_cov_40.515391_250 # 273984 # 276098 # 1 # ID=1_250;partial=00;start_type=ATG;rbs_motif=GGAG/GAGG;rbs_spacer=5-10bp;gc_cont=0.509
NODE_1_length_276430_cov_40.515391:273984-276098|+ -            705 6290                 -            701  2.6e-113  377.4   0.5   2   3     3e-42   1.3e-39  133.8   0.1   238   463   276   504   264   510 0.88 NODE_1_length_276430_cov_40.515391_250 # 273984 # 276098 # 1 # ID=1_250;partial=00;start_type=ATG;rbs_motif=GGAG/GAGG;rbs_spacer=5-10bp;gc_cont=0.509
NODE_1_length_276430_cov_40.515391:273984-276098|+ -            705 6290                 -            701  2.6e-113  377.4   0.5   3   3   4.9e-30   2.1e-27   93.5   0.0   524   690   536   700   532   703 0.93 NODE_1_length_276430_cov_40.515391_250 # 273984 # 276098 # 1 # ID=1_250;partial=00;start_type=ATG;rbs_motif=GGAG/GAGG;rbs_spacer=5-10bp;gc_cont=0.509
NODE_17_length_86457_cov_41.702653:66920-68743|-   -            608 6290                 -            701   1.1e-68  229.9   1.4   1   3   2.6e-47   1.1e-44  150.6   0.4    17   150     3   132     1   133 0.98 NODE_17_length_86457_cov_41.702653_70 # 66920 # 68743 # -1 # ID=17_70;partial=00;start_type=GTG;rbs_motif=GGAG/GAGG;rbs_spacer=5-10bp;gc_cont=0.533
NODE_17_length_86457_cov_41.702653:66920-68743|-   -            608 6290                 -            701   1.1e-68  229.9   1.4   2   3   6.5e-19   2.7e-16   56.7   0.1   278   453   199   392   195   397 0.78 NODE_17_length_86457_cov_41.702653_70 # 66920 # 68743 # -1 # ID=17_70;partial=00;start_type=GTG;rbs_motif=GGAG/GAGG;rbs_spacer=5-10bp;gc_cont=0.533
NODE_17_length_86457_cov_41.702653:66920-68743|-   -            608 6290                 -            701   1.1e-68  229.9   1.4   3   3   7.9e-08   3.3e-05   20.1   0.0   604   681   398   476   393   485 0.92 NODE_17_length_86457_cov_41.702653_70 # 66920 # 68743 # -1 # ID=17_70;partial=00;start_type=GTG;rbs_motif=GGAG/GAGG;rbs_spacer=5-10bp;gc_cont=0.533
NODE_9_length_123825_cov_37.296666:19181-20980|+   -            600 6290                 -            701   1.5e-57  193.1   0.0   1   3   2.8e-40   1.2e-37  127.3   0.2    17   149     2   134     1   151 0.91 NODE_9_length_123825_cov_37.296666_19 # 19181 # 20980 # 1 # ID=9_19;partial=00;start_type=ATG;rbs_motif=None;rbs_spacer=None;gc_cont=0.537
NODE_9_length_123825_cov_37.296666:19181-20980|+   -            600 6290                 -            701   1.5e-57  193.1   0.0   2   3   2.4e-12     1e-09   35.0   0.0   278   468   185   390   182   398 0.82 NODE_9_length_123825_cov_37.296666_19 # 19181 # 20980 # 1 # ID=9_19;partial=00;start_type=ATG;rbs_motif=None;rbs_spacer=None;gc_cont=0.537
NODE_9_length_123825_cov_37.296666:19181-20980|+   -            600 6290                 -            701   1.5e-57  193.1   0.0   3   3   5.3e-10   2.2e-07   27.3   0.0   601   679   398   477   392   488 0.93 NODE_9_length_123825_cov_37.296666_19 # 19181 # 20980 # 1 # ID=9_19;partial=00;start_type=ATG;rbs_motif=None;rbs_spacer=None;gc_cont=0.537
NODE_31_length_58399_cov_38.812466:44933-46522|-   -            530 6290                 -            701   4.3e-28   95.7   0.8   1   2     1e-24   4.2e-22   75.9   0.1    14   157     8   153     3   164 0.83 NODE_31_length_58399_cov_38.812466_42 # 44933 # 46522 # -1 # ID=31_42;partial=00;start_type=ATG;rbs_motif=AGxAG;rbs_spacer=5-10bp;gc_cont=0.536
NODE_31_length_58399_cov_38.812466:44933-46522|-   -            530 6290                 -            701   4.3e-28   95.7   0.8   2   2   2.8e-07   0.00012   18.3   0.1   289   440   305   456   284   470 0.79 NODE_31_length_58399_cov_38.812466_42 # 44933 # 46522 # -1 # ID=31_42;partial=00;start_type=ATG;rbs_motif=AGxAG;rbs_spacer=5-10bp;gc_cont=0.536
NODE_148_length_1031_cov_94.602876:1-1029|+        -            343 6290                 -            701   3.8e-14   49.6   1.2   1   2   5.4e-14   2.3e-11   40.5   0.2    57   163     5   108     3   115 0.82 NODE_148_length_1031_cov_94.602876_1 # 1 # 1029 # 1 # ID=148_1;partial=11;start_type=Edge;rbs_motif=None;rbs_spacer=None;gc_cont=0.539
NODE_148_length_1031_cov_94.602876:1-1029|+        -            343 6290                 -            701   3.8e-14   49.6   1.2   2   2    0.0003      0.13    8.2   0.1   292   325   175   208   160   264 0.75 NODE_148_length_1031_cov_94.602876_1 # 1 # 1029 # 1 # ID=148_1;partial=11;start_type=Edge;rbs_motif=None;rbs_spacer=None;gc_cont=0.539
NODE_187_length_462_cov_0.922388:2-460|-           -            153 6290                 -            701     1e-13   48.2   0.3   1   1     3e-16   1.3e-13   47.9   0.3   383   463     1    85     1    90 0.92 NODE_187_length_462_cov_0.922388_1 # 2 # 460 # -1 # ID=187_1;partial=11;start_type=Edge;rbs_motif=None;rbs_spacer=None;gc_cont=0.475
NODE_117_length_4367_cov_50.670283:2-262|-         -             87 6290                 -            701   3.7e-10   36.4   0.4   1   1   9.4e-13   3.9e-10   36.4   0.4    20    98    13    87     2    87 0.79 NODE_117_length_4367_cov_50.670283_1 # 2 # 262 # -1 # ID=117_1;partial=10;start_type=ATG;rbs_motif=GGAG/GAGG;rbs_spacer=5-10bp;gc_cont=0.533
NODE_1_length_276430_cov_40.515391:276169-276429|+ -             87 6290                 -            701   3.7e-10   36.4   0.4   1   1   9.4e-13   3.9e-10   36.4   0.4    20    98    13    87     2    87 0.79 NODE_1_length_276430_cov_40.515391_251 # 276169 # 276429 # 1 # ID=1_251;partial=01;start_type=GTG;rbs_motif=AGGA;rbs_spacer=5-10bp;gc_cont=0.529
NODE_8_length_126545_cov_41.885285:100508-103180|+ -            891 6290                 -            701   8.1e-10   35.3   4.2   1   3       1.5   6.4e+02   -4.0   0.2   154   188   182   217   181   221 0.78 NODE_8_length_126545_cov_41.885285_96 # 100508 # 103180 # 1 # ID=8_96;partial=00;start_type=ATG;rbs_motif=AGGA;rbs_spacer=5-10bp;gc_cont=0.535
NODE_8_length_126545_cov_41.885285:100508-103180|+ -            891 6290                 -            701   8.1e-10   35.3   4.2   2   3   1.9e-12   8.1e-10   35.3   4.2    79   150   431   502   386   516 0.91 NODE_8_length_126545_cov_41.885285_96 # 100508 # 103180 # 1 # ID=8_96;partial=00;start_type=ATG;rbs_motif=AGGA;rbs_spacer=5-10bp;gc_cont=0.535
NODE_8_length_126545_cov_41.885285:100508-103180|+ -            891 6290                 -            701   8.1e-10   35.3   4.2   3   3      0.36   1.5e+02   -1.9   0.1   296   363   578   644   558   658 0.74 NODE_8_length_126545_cov_41.885285_96 # 100508 # 103180 # 1 # ID=8_96;partial=00;start_type=ATG;rbs_motif=AGGA;rbs_spacer=5-10bp;gc_cont=0.535
NODE_99_length_8647_cov_35.430047:2366-4210|+      -            615 6290                 -            701   1.8e-09   34.2   0.6   1   2   1.3e-09   5.4e-07   26.0   0.2    22   159     3   124     2   136 0.78 NODE_99_length_8647_cov_35.430047_3 # 2366 # 4210 # 1 # ID=99_3;partial=00;start_type=ATG;rbs_motif=AGGA/GGAG/GAGG;rbs_spacer=11-12bp;gc_cont=0.567
NODE_99_length_8647_cov_35.430047:2366-4210|+      -            615 6290                 -            701   1.8e-09   34.2   0.6   2   2    0.0018      0.74    5.7   0.0   292   326   184   219   172   245 0.83 NODE_99_length_8647_cov_35.430047_3 # 2366 # 4210 # 1 # ID=99_3;partial=00;start_type=ATG;rbs_motif=AGGA/GGAG/GAGG;rbs_spacer=11-12bp;gc_cont=0.567
NODE_41_length_44791_cov_39.437601:31732-33159|-   -            476 6290                 -            701   1.5e-05   21.2   0.0   1   1   6.2e-08   2.6e-05   20.4   0.0    54   149    79   171    17   182 0.82 NODE_41_length_44791_cov_39.437601_37 # 31732 # 33159 # -1 # ID=41_37;partial=00;start_type=ATG;rbs_motif=GGA/GAG/AGG;rbs_spacer=11-12bp;gc_cont=0.543
NODE_9_length_123825_cov_37.296666:88335-89807|+   -            491 6290                 -            701      0.02   10.9   0.6   1   2     0.041        17    1.2   0.0   108   151    80   123    54   126 0.83 NODE_9_length_123825_cov_37.296666_77 # 88335 # 89807 # 1 # ID=9_77;partial=00;start_type=ATG;rbs_motif=GGAG/GAGG;rbs_spacer=5-10bp;gc_cont=0.520
NODE_9_length_123825_cov_37.296666:88335-89807|+   -            491 6290                 -            701      0.02   10.9   0.6   2   2   0.00044      0.18    7.7   0.2   102   161   274   336   238   346 0.76 NODE_9_length_123825_cov_37.296666_77 # 88335 # 89807 # 1 # ID=9_77;partial=00;start_type=ATG;rbs_motif=GGAG/GAGG;rbs_spacer=5-10bp;gc_cont=0.520
#
# Program:         hmmsearch
# Version:         3.4 (Aug 2023)
# Pipeline mode:   SEARCH
# Query file:      /home/simonedassisi/busco_downloads/lineages/archaea_odb12/hmms/6290at2157.hmm
# Target file:     home/simonedassisi/Desktop/BUSCO_output/prodigal_output/predicted_genes/predicted.faa
# Option settings: hmmsearch --domtblout home/simonedassisi/Desktop/BUSCO_output/auto_lineage/run_archaea_odb12/hmmer_output/6290at2157.out --cpu 1 /home/simonedassisi/busco_downloads/lineages/archaea_odb12/hmms/6290at2157.hmm home/simonedassisi/Desktop/BUSCO_output/prodigal_output/predicted_genes/predicted.faa 
# Current dir:     /home/simonedassisi
# Date:            Tue Apr  1 14:23:24 2025
# [ok]
