#                                                                                                          --- full sequence --- -------------- this domain -------------   hmm coord   ali coord   env coord
# target name                                      accession   tlen query name           accession   qlen   E-value  score  bias   #  of  c-Evalue  i-Evalue  score  bias  from    to  from    to  from    to  acc description of target
#                              ------------------- ---------- ----- -------------------- ---------- ----- --------- ------ ----- --- --- --------- --------- ------ ----- ----- ----- ----- ----- ----- ----- ---- ---------------------
NODE_29_length_69919_cov_43.020805:18503-20350|-   -            616 65493                -            558   7.3e-06   22.8   0.0   1   1   2.5e-08   1.1e-05   22.1   0.0    39   116    26    96    21   124 0.72 NODE_29_length_69919_cov_43.020805_21 # 18503 # 20350 # -1 # ID=29_21;partial=00;start_type=ATG;rbs_motif=AGGA;rbs_spacer=5-10bp;gc_cont=0.565
NODE_19_length_85129_cov_38.767276:57674-58969|-   -            432 65493                -            558   1.8e-05   21.4   0.0   1   1   5.6e-08   2.6e-05   21.0   0.0    59   134   338   410   282   421 0.78 NODE_19_length_85129_cov_38.767276_56 # 57674 # 58969 # -1 # ID=19_56;partial=00;start_type=GTG;rbs_motif=GGAG/GAGG;rbs_spacer=5-10bp;gc_cont=0.532
NODE_21_length_83220_cov_38.326345:62822-64696|-   -            625 65493                -            558   0.00023   17.8   0.2   1   2   2.3e-06    0.0011   15.6   0.0    40   123    32   136    17   152 0.76 NODE_21_length_83220_cov_38.326345_61 # 62822 # 64696 # -1 # ID=21_61;partial=00;start_type=ATG;rbs_motif=GGAG/GAGG;rbs_spacer=5-10bp;gc_cont=0.530
NODE_21_length_83220_cov_38.326345:62822-64696|-   -            625 65493                -            558   0.00023   17.8   0.2   2   2      0.24   1.1e+02   -1.0   0.1   426   480   479   532   478   587 0.76 NODE_21_length_83220_cov_38.326345_61 # 62822 # 64696 # -1 # ID=21_61;partial=00;start_type=ATG;rbs_motif=GGAG/GAGG;rbs_spacer=5-10bp;gc_cont=0.530
NODE_53_length_29778_cov_36.323025:18732-20528|-   -            599 65493                -            558   0.00057   16.5   0.1   1   2      0.63   2.9e+02   -2.3   0.0   263   322   214   274   183   291 0.68 NODE_53_length_29778_cov_36.323025_22 # 18732 # 20528 # -1 # ID=53_22;partial=00;start_type=ATG;rbs_motif=GGAG/GAGG;rbs_spacer=5-10bp;gc_cont=0.534
NODE_53_length_29778_cov_36.323025:18732-20528|-   -            599 65493                -            558   0.00057   16.5   0.1   2   2   3.7e-06    0.0017   14.9   0.0    35   100   498   559   493   565 0.81 NODE_53_length_29778_cov_36.323025_22 # 18732 # 20528 # -1 # ID=53_22;partial=00;start_type=ATG;rbs_motif=GGAG/GAGG;rbs_spacer=5-10bp;gc_cont=0.534
NODE_7_length_130108_cov_39.332856:11178-12809|+   -            544 65493                -            558    0.0039   13.8   0.0   1   1   1.4e-05    0.0064   13.1   0.0    33    94   432   491   426   500 0.82 NODE_7_length_130108_cov_39.332856_10 # 11178 # 12809 # 1 # ID=7_10;partial=00;start_type=ATG;rbs_motif=AGGA;rbs_spacer=5-10bp;gc_cont=0.502
NODE_3_length_152663_cov_37.088930:110748-112151|- -            468 65493                -            558    0.0043   13.6   0.0   1   1   1.3e-05    0.0061   13.1   0.0    35   119   353   432   344   464 0.81 NODE_3_length_152663_cov_37.088930_101 # 110748 # 112151 # -1 # ID=3_101;partial=00;start_type=ATG;rbs_motif=AGGAG;rbs_spacer=5-10bp;gc_cont=0.538
NODE_8_length_126545_cov_41.885285:63498-65834|+   -            779 65493                -            558    0.0058   13.2   2.6   1   2      0.14        62   -0.1   0.7   472   537    86   147    76   189 0.57 NODE_8_length_126545_cov_41.885285_56 # 63498 # 65834 # 1 # ID=8_56;partial=00;start_type=ATG;rbs_motif=AGGA;rbs_spacer=5-10bp;gc_cont=0.507
NODE_8_length_126545_cov_41.885285:63498-65834|+   -            779 65493                -            558    0.0058   13.2   2.6   2   2   1.9e-05    0.0087   12.6   0.0    59   106   418   460   400   513 0.72 NODE_8_length_126545_cov_41.885285_56 # 63498 # 65834 # 1 # ID=8_56;partial=00;start_type=ATG;rbs_motif=AGGA;rbs_spacer=5-10bp;gc_cont=0.507
NODE_14_length_92032_cov_37.540264:34644-37343|+   -            900 65493                -            558     0.024   11.2   1.5   1   2      0.88     4e+02   -2.8   1.3   445   501    94   150    91   203 0.66 NODE_14_length_92032_cov_37.540264_32 # 34644 # 37343 # 1 # ID=14_32;partial=00;start_type=ATG;rbs_motif=3Base/5BMM;rbs_spacer=13-15bp;gc_cont=0.541
NODE_14_length_92032_cov_37.540264:34644-37343|+   -            900 65493                -            558     0.024   11.2   1.5   2   2   8.2e-05     0.038   10.5   0.0    33   126   544   627   540   641 0.81 NODE_14_length_92032_cov_37.540264_32 # 34644 # 37343 # 1 # ID=14_32;partial=00;start_type=ATG;rbs_motif=3Base/5BMM;rbs_spacer=13-15bp;gc_cont=0.541
NODE_81_length_14768_cov_38.084830:2675-4375|-     -            567 65493                -            558     0.025   11.1   0.2   1   2      0.14        66   -0.2   0.0   436   486   396   446   393   454 0.79 NODE_81_length_14768_cov_38.084830_2 # 2675 # 4375 # -1 # ID=81_2;partial=00;start_type=GTG;rbs_motif=GGAG/GAGG;rbs_spacer=5-10bp;gc_cont=0.517
NODE_81_length_14768_cov_38.084830:2675-4375|-     -            567 65493                -            558     0.025   11.1   0.2   2   2   0.00031      0.14    8.6   0.0    35    87   469   517   463   528 0.83 NODE_81_length_14768_cov_38.084830_2 # 2675 # 4375 # -1 # ID=81_2;partial=00;start_type=GTG;rbs_motif=GGAG/GAGG;rbs_spacer=5-10bp;gc_cont=0.517
NODE_17_length_86457_cov_41.702653:22554-23927|+   -            458 65493                -            558     0.032   10.8   0.2   1   2      0.19        89   -0.6   0.2   459   512   263   315   242   336 0.67 NODE_17_length_86457_cov_41.702653_27 # 22554 # 23927 # 1 # ID=17_27;partial=00;start_type=ATG;rbs_motif=None;rbs_spacer=None;gc_cont=0.544
NODE_17_length_86457_cov_41.702653:22554-23927|+   -            458 65493                -            558     0.032   10.8   0.2   2   2   0.00033      0.15    8.5   0.0    66   115   374   422   346   427 0.77 NODE_17_length_86457_cov_41.702653_27 # 22554 # 23927 # 1 # ID=17_27;partial=00;start_type=ATG;rbs_motif=None;rbs_spacer=None;gc_cont=0.544
NODE_12_length_106079_cov_39.536715:75222-77978|-  -            919 65493                -            558     0.061    9.8   0.9   1   2      0.43     2e+02   -1.8   0.2   436   487   249   300   235   313 0.67 NODE_12_length_106079_cov_39.536715_67 # 75222 # 77978 # -1 # ID=12_67;partial=00;start_type=ATG;rbs_motif=GGA/GAG/AGG;rbs_spacer=5-10bp;gc_cont=0.498
NODE_12_length_106079_cov_39.536715:75222-77978|-  -            919 65493                -            558     0.061    9.8   0.9   2   2   0.00026      0.12    8.8   0.0    36   115   409   487   405   546 0.69 NODE_12_length_106079_cov_39.536715_67 # 75222 # 77978 # -1 # ID=12_67;partial=00;start_type=ATG;rbs_motif=GGA/GAG/AGG;rbs_spacer=5-10bp;gc_cont=0.498
#
# Program:         hmmsearch
# Version:         3.4 (Aug 2023)
# Pipeline mode:   SEARCH
# Query file:      /home/simonedassisi/busco_downloads/lineages/archaea_odb12/hmms/65493at2157.hmm
# Target file:     home/simonedassisi/Desktop/BUSCO_output/prodigal_output/predicted_genes/predicted.faa
# Option settings: hmmsearch --domtblout home/simonedassisi/Desktop/BUSCO_output/auto_lineage/run_archaea_odb12/hmmer_output/65493at2157.out --cpu 1 /home/simonedassisi/busco_downloads/lineages/archaea_odb12/hmms/65493at2157.hmm home/simonedassisi/Desktop/BUSCO_output/prodigal_output/predicted_genes/predicted.faa 
# Current dir:     /home/simonedassisi
# Date:            Tue Apr  1 14:23:24 2025
# [ok]
