#                                                                                                           --- full sequence --- -------------- this domain -------------   hmm coord   ali coord   env coord
# target name                                       accession   tlen query name           accession   qlen   E-value  score  bias   #  of  c-Evalue  i-Evalue  score  bias  from    to  from    to  from    to  acc description of target
#                               ------------------- ---------- ----- -------------------- ---------- ----- --------- ------ ----- --- --- --------- --------- ------ ----- ----- ----- ----- ----- ----- ----- ---- ---------------------
NODE_43_length_41508_cov_43.498876:29557-31038|+    -            494 7146                 -            593   3.2e-07   27.3   0.6   1   2      0.36     2e+02   -1.8   0.1   107   147   100   137    48   196 0.61 NODE_43_length_41508_cov_43.498876_48 # 29557 # 31038 # 1 # ID=43_48;partial=00;start_type=ATG;rbs_motif=GGAG/GAGG;rbs_spacer=5-10bp;gc_cont=0.524
NODE_43_length_41508_cov_43.498876:29557-31038|+    -            494 7146                 -            593   3.2e-07   27.3   0.6   2   2   1.3e-09   7.3e-07   26.1   0.0   259   369   242   355   222   370 0.88 NODE_43_length_41508_cov_43.498876_48 # 29557 # 31038 # 1 # ID=43_48;partial=00;start_type=ATG;rbs_motif=GGAG/GAGG;rbs_spacer=5-10bp;gc_cont=0.524
NODE_27_length_73011_cov_40.630920:6354-7847|-      -            498 7146                 -            593   4.1e-07   26.9   0.1   1   1   1.3e-09   7.1e-07   26.1   0.1   238   370   227   365   223   375 0.83 NODE_27_length_73011_cov_40.630920_10 # 6354 # 7847 # -1 # ID=27_10;partial=00;start_type=ATG;rbs_motif=GGAG/GAGG;rbs_spacer=5-10bp;gc_cont=0.587
NODE_11_length_117034_cov_40.464403:100462-101442|- -            327 7146                 -            593   5.4e-05   19.9   0.0   1   1   1.2e-07   6.8e-05   19.6   0.0   240   296   102   159    91   240 0.81 NODE_11_length_117034_cov_40.464403_90 # 100462 # 101442 # -1 # ID=11_90;partial=00;start_type=ATG;rbs_motif=GGAG/GAGG;rbs_spacer=5-10bp;gc_cont=0.545
NODE_29_length_69919_cov_43.020805:64559-66079|+    -            507 7146                 -            593   0.00062   16.4   0.0   1   1   1.9e-06    0.0011   15.6   0.0   247   369   221   357   211   369 0.74 NODE_29_length_69919_cov_43.020805_63 # 64559 # 66079 # 1 # ID=29_63;partial=00;start_type=ATG;rbs_motif=GGAG/GAGG;rbs_spacer=5-10bp;gc_cont=0.552
NODE_8_length_126545_cov_41.885285:89578-91521|+    -            648 7146                 -            593    0.0034   14.0   0.1   1   1   1.3e-05    0.0075   12.9   0.1   258   279   188   209   167   212 0.84 NODE_8_length_126545_cov_41.885285_88 # 89578 # 91521 # 1 # ID=8_88;partial=00;start_type=TTG;rbs_motif=GGAG/GAGG;rbs_spacer=5-10bp;gc_cont=0.535
NODE_23_length_80065_cov_37.437114:8553-9896|-      -            448 7146                 -            593    0.0067   13.0   0.0   1   1   2.2e-05     0.013   12.1   0.0   261   284    53    76    47    85 0.86 NODE_23_length_80065_cov_37.437114_8 # 8553 # 9896 # -1 # ID=23_8;partial=00;start_type=GTG;rbs_motif=GGAG/GAGG;rbs_spacer=5-10bp;gc_cont=0.531
NODE_6_length_131096_cov_36.333598:65218-66228|+    -            337 7146                 -            593     0.017   11.7   0.0   1   1   4.7e-05     0.026   11.1   0.0   260   280    57    77    26    88 0.81 NODE_6_length_131096_cov_36.333598_66 # 65218 # 66228 # 1 # ID=6_66;partial=00;start_type=ATG;rbs_motif=GGAG/GAGG;rbs_spacer=5-10bp;gc_cont=0.530
NODE_31_length_58399_cov_38.812466:29764-31146|-    -            461 7146                 -            593     0.025   11.1   0.1   1   1   7.3e-05     0.041   10.4   0.1   260   285    97   123    94   135 0.75 NODE_31_length_58399_cov_38.812466_27 # 29764 # 31146 # -1 # ID=31_27;partial=00;start_type=GTG;rbs_motif=GGAG/GAGG;rbs_spacer=5-10bp;gc_cont=0.575
NODE_4_length_139564_cov_44.158667:37246-38631|+    -            462 7146                 -            593     0.033   10.7   0.1   1   2      0.65   3.6e+02   -2.6   0.0   442   481    69   107    62   116 0.77 NODE_4_length_139564_cov_44.158667_34 # 37246 # 38631 # 1 # ID=4_34;partial=00;start_type=ATG;rbs_motif=AGGAG;rbs_spacer=5-10bp;gc_cont=0.538
NODE_4_length_139564_cov_44.158667:37246-38631|+    -            462 7146                 -            593     0.033   10.7   0.1   2   2   0.00014     0.076    9.5   0.0   254   369   211   328   203   339 0.84 NODE_4_length_139564_cov_44.158667_34 # 37246 # 38631 # 1 # ID=4_34;partial=00;start_type=ATG;rbs_motif=AGGAG;rbs_spacer=5-10bp;gc_cont=0.538
#
# Program:         hmmsearch
# Version:         3.4 (Aug 2023)
# Pipeline mode:   SEARCH
# Query file:      /home/simonedassisi/busco_downloads/lineages/archaea_odb12/hmms/7146at2157.hmm
# Target file:     home/simonedassisi/Desktop/BUSCO_output/prodigal_output/predicted_genes/predicted.faa
# Option settings: hmmsearch --domtblout home/simonedassisi/Desktop/BUSCO_output/auto_lineage/run_archaea_odb12/hmmer_output/7146at2157.out --cpu 1 /home/simonedassisi/busco_downloads/lineages/archaea_odb12/hmms/7146at2157.hmm home/simonedassisi/Desktop/BUSCO_output/prodigal_output/predicted_genes/predicted.faa 
# Current dir:     /home/simonedassisi
# Date:            Tue Apr  1 14:23:24 2025
# [ok]
