#                                                                                                          --- full sequence --- -------------- this domain -------------   hmm coord   ali coord   env coord
# target name                                      accession   tlen query name           accession   qlen   E-value  score  bias   #  of  c-Evalue  i-Evalue  score  bias  from    to  from    to  from    to  acc description of target
#                              ------------------- ---------- ----- -------------------- ---------- ----- --------- ------ ----- --- --- --------- --------- ------ ----- ----- ----- ----- ----- ----- ----- ---- ---------------------
NODE_99_length_8647_cov_35.430047:2366-4210|+      -            615 7798                 -            379   4.4e-40  136.3   0.0   1   1   1.2e-41   5.2e-39  132.8   0.0     6   230     2   210     1   339 0.85 NODE_99_length_8647_cov_35.430047_3 # 2366 # 4210 # 1 # ID=99_3;partial=00;start_type=ATG;rbs_motif=AGGA/GGAG/GAGG;rbs_spacer=11-12bp;gc_cont=0.567
NODE_148_length_1031_cov_94.602876:1-1029|+        -            343 7798                 -            379   1.6e-27   95.0   0.0   1   1   5.5e-30   2.3e-27   94.4   0.0    56   336    24   297     5   340 0.79 NODE_148_length_1031_cov_94.602876_1 # 1 # 1029 # 1 # ID=148_1;partial=11;start_type=Edge;rbs_motif=None;rbs_spacer=None;gc_cont=0.539
NODE_41_length_44791_cov_39.437601:31732-33159|-   -            476 7798                 -            379   1.7e-16   58.7   0.0   1   2      0.28   1.2e+02   -0.0   0.0     9    24    32    47    25    59 0.84 NODE_41_length_44791_cov_39.437601_37 # 31732 # 33159 # -1 # ID=41_37;partial=00;start_type=ATG;rbs_motif=GGA/GAG/AGG;rbs_spacer=11-12bp;gc_cont=0.543
NODE_41_length_44791_cov_39.437601:31732-33159|-   -            476 7798                 -            379   1.7e-16   58.7   0.0   2   2   3.5e-18   1.5e-15   55.6   0.0    59   231   104   282    87   296 0.68 NODE_41_length_44791_cov_39.437601_37 # 31732 # 33159 # -1 # ID=41_37;partial=00;start_type=ATG;rbs_motif=GGA/GAG/AGG;rbs_spacer=11-12bp;gc_cont=0.543
NODE_8_length_126545_cov_41.885285:100508-103180|+ -            891 7798                 -            379   1.9e-15   55.2   0.3   1   1     1e-17   4.3e-15   54.1   0.3     7   174   394   550   388   580 0.81 NODE_8_length_126545_cov_41.885285_96 # 100508 # 103180 # 1 # ID=8_96;partial=00;start_type=ATG;rbs_motif=AGGA;rbs_spacer=5-10bp;gc_cont=0.535
NODE_9_length_123825_cov_37.296666:19181-20980|+   -            600 7798                 -            379   2.4e-13   48.3   0.0   1   1   1.2e-15     5e-13   47.3   0.0     6   195     6   199     2   230 0.76 NODE_9_length_123825_cov_37.296666_19 # 19181 # 20980 # 1 # ID=9_19;partial=00;start_type=ATG;rbs_motif=None;rbs_spacer=None;gc_cont=0.537
NODE_17_length_86457_cov_41.702653:66920-68743|-   -            608 7798                 -            379     1e-10   39.7   0.3   1   1   6.2e-13   2.6e-10   38.3   0.3     6   266     7   275     3   291 0.67 NODE_17_length_86457_cov_41.702653_70 # 66920 # 68743 # -1 # ID=17_70;partial=00;start_type=GTG;rbs_motif=GGAG/GAGG;rbs_spacer=5-10bp;gc_cont=0.533
NODE_117_length_4367_cov_50.670283:2-262|-         -             87 7798                 -            379   1.2e-09   36.2   2.7   1   1   7.7e-12   3.2e-09   34.7   2.7     2    72    10    85     9    87 0.66 NODE_117_length_4367_cov_50.670283_1 # 2 # 262 # -1 # ID=117_1;partial=10;start_type=ATG;rbs_motif=GGAG/GAGG;rbs_spacer=5-10bp;gc_cont=0.533
NODE_1_length_276430_cov_40.515391:276169-276429|+ -             87 7798                 -            379   1.2e-09   36.2   2.7   1   1   7.7e-12   3.2e-09   34.7   2.7     2    72    10    85     9    87 0.66 NODE_1_length_276430_cov_40.515391_251 # 276169 # 276429 # 1 # ID=1_251;partial=01;start_type=GTG;rbs_motif=AGGA;rbs_spacer=5-10bp;gc_cont=0.529
NODE_1_length_276430_cov_40.515391:273984-276098|+ -            705 7798                 -            379   3.2e-07   28.1   0.3   1   1   2.8e-09   1.2e-06   26.3   0.4     6   117    12   137     8   160 0.74 NODE_1_length_276430_cov_40.515391_250 # 273984 # 276098 # 1 # ID=1_250;partial=00;start_type=ATG;rbs_motif=GGAG/GAGG;rbs_spacer=5-10bp;gc_cont=0.509
NODE_9_length_123825_cov_37.296666:22919-23824|+   -            302 7798                 -            379   0.00042   17.9   0.5   1   1   6.9e-06    0.0029   15.1   0.5   114   182   115   179     6   189 0.67 NODE_9_length_123825_cov_37.296666_22 # 22919 # 23824 # 1 # ID=9_22;partial=00;start_type=ATG;rbs_motif=GGAG/GAGG;rbs_spacer=5-10bp;gc_cont=0.523
NODE_31_length_58399_cov_38.812466:44933-46522|-   -            530 7798                 -            379    0.0045   14.5   0.0   1   2   5.4e-05     0.023   12.2   0.0    62   126    82   145    13   153 0.73 NODE_31_length_58399_cov_38.812466_42 # 44933 # 46522 # -1 # ID=31_42;partial=00;start_type=ATG;rbs_motif=AGxAG;rbs_spacer=5-10bp;gc_cont=0.536
NODE_31_length_58399_cov_38.812466:44933-46522|-   -            530 7798                 -            379    0.0045   14.5   0.0   2   2       1.3   5.4e+02   -2.2   0.0   248   269   348   369   332   457 0.67 NODE_31_length_58399_cov_38.812466_42 # 44933 # 46522 # -1 # ID=31_42;partial=00;start_type=ATG;rbs_motif=AGxAG;rbs_spacer=5-10bp;gc_cont=0.536
NODE_13_length_92664_cov_37.475885:137-616|+       -            160 7798                 -            379     0.032   11.7   0.0   1   2   0.00018     0.077   10.4   0.0     6    30     3    27     1    34 0.89 NODE_13_length_92664_cov_37.475885_1 # 137 # 616 # 1 # ID=13_1;partial=00;start_type=ATG;rbs_motif=GGAG/GAGG;rbs_spacer=5-10bp;gc_cont=0.498
NODE_13_length_92664_cov_37.475885:137-616|+       -            160 7798                 -            379     0.032   11.7   0.0   2   2      0.78   3.3e+02   -1.5   0.0   239   270    55    91    33   121 0.59 NODE_13_length_92664_cov_37.475885_1 # 137 # 616 # 1 # ID=13_1;partial=00;start_type=ATG;rbs_motif=GGAG/GAGG;rbs_spacer=5-10bp;gc_cont=0.498
#
# Program:         hmmsearch
# Version:         3.4 (Aug 2023)
# Pipeline mode:   SEARCH
# Query file:      /home/simonedassisi/busco_downloads/lineages/archaea_odb12/hmms/7798at2157.hmm
# Target file:     home/simonedassisi/Desktop/BUSCO_output/prodigal_output/predicted_genes/predicted.faa
# Option settings: hmmsearch --domtblout home/simonedassisi/Desktop/BUSCO_output/auto_lineage/run_archaea_odb12/hmmer_output/7798at2157.out --cpu 1 /home/simonedassisi/busco_downloads/lineages/archaea_odb12/hmms/7798at2157.hmm home/simonedassisi/Desktop/BUSCO_output/prodigal_output/predicted_genes/predicted.faa 
# Current dir:     /home/simonedassisi
# Date:            Tue Apr  1 14:23:24 2025
# [ok]
