#                                                                                                          --- full sequence --- -------------- this domain -------------   hmm coord   ali coord   env coord
# target name                                      accession   tlen query name           accession   qlen   E-value  score  bias   #  of  c-Evalue  i-Evalue  score  bias  from    to  from    to  from    to  acc description of target
#                              ------------------- ---------- ----- -------------------- ---------- ----- --------- ------ ----- --- --- --------- --------- ------ ----- ----- ----- ----- ----- ----- ----- ---- ---------------------
NODE_36_length_50779_cov_38.268459:34740-36413|-   -            558 7927                 -            189     9e-16   56.1  22.6   1   5      0.22   2.7e+02   -0.9   0.1    50   108    73   131    40   139 0.67 NODE_36_length_50779_cov_38.268459_28 # 34740 # 36413 # -1 # ID=36_28;partial=00;start_type=ATG;rbs_motif=None;rbs_spacer=None;gc_cont=0.512
NODE_36_length_50779_cov_38.268459:34740-36413|-   -            558 7927                 -            189     9e-16   56.1  22.6   2   5   2.2e-09   2.8e-06   25.2   0.3    85   120   195   230   180   274 0.81 NODE_36_length_50779_cov_38.268459_28 # 34740 # 36413 # -1 # ID=36_28;partial=00;start_type=ATG;rbs_motif=None;rbs_spacer=None;gc_cont=0.512
NODE_36_length_50779_cov_38.268459:34740-36413|-   -            558 7927                 -            189     9e-16   56.1  22.6   3   5   1.8e-05     0.023   12.4   0.3    86   167   281   348   278   366 0.71 NODE_36_length_50779_cov_38.268459_28 # 34740 # 36413 # -1 # ID=36_28;partial=00;start_type=ATG;rbs_motif=None;rbs_spacer=None;gc_cont=0.512
NODE_36_length_50779_cov_38.268459:34740-36413|-   -            558 7927                 -            189     9e-16   56.1  22.6   4   5   1.3e-08   1.6e-05   22.6   0.7    85   166   367   434   360   437 0.78 NODE_36_length_50779_cov_38.268459_28 # 34740 # 36413 # -1 # ID=36_28;partial=00;start_type=ATG;rbs_motif=None;rbs_spacer=None;gc_cont=0.512
NODE_36_length_50779_cov_38.268459:34740-36413|-   -            558 7927                 -            189     9e-16   56.1  22.6   5   5   0.00089       1.1    6.9   0.1    83   119   452   489   441   531 0.75 NODE_36_length_50779_cov_38.268459_28 # 34740 # 36413 # -1 # ID=36_28;partial=00;start_type=ATG;rbs_motif=None;rbs_spacer=None;gc_cont=0.512
NODE_29_length_69919_cov_43.020805:8666-11107|-    -            814 7927                 -            189     2e-14   51.7   0.1   1   1   3.2e-17   4.1e-14   50.7   0.1    81   162   643   726   636   751 0.85 NODE_29_length_69919_cov_43.020805_12 # 8666 # 11107 # -1 # ID=29_12;partial=00;start_type=ATG;rbs_motif=GGAGG;rbs_spacer=5-10bp;gc_cont=0.552
NODE_8_length_126545_cov_41.885285:105354-107489|+ -            712 7927                 -            189     1e-09   36.4   2.1   1   1   1.9e-12   2.4e-09   35.1   2.1    49   154   587   695   557   700 0.82 NODE_8_length_126545_cov_41.885285_100 # 105354 # 107489 # 1 # ID=8_100;partial=00;start_type=TTG;rbs_motif=AGGA;rbs_spacer=5-10bp;gc_cont=0.539
NODE_1_length_276430_cov_40.515391:207741-210062|- -            774 7927                 -            189   6.5e-09   33.7   2.8   1   1   2.9e-11   3.6e-08   31.3   2.8    84   166   653   720   645   727 0.89 NODE_1_length_276430_cov_40.515391_183 # 207741 # 210062 # -1 # ID=1_183;partial=00;start_type=ATG;rbs_motif=None;rbs_spacer=None;gc_cont=0.570
#
# Program:         hmmsearch
# Version:         3.4 (Aug 2023)
# Pipeline mode:   SEARCH
# Query file:      /home/simonedassisi/busco_downloads/lineages/archaea_odb12/hmms/7927at2157.hmm
# Target file:     home/simonedassisi/Desktop/BUSCO_output/prodigal_output/predicted_genes/predicted.faa
# Option settings: hmmsearch --domtblout home/simonedassisi/Desktop/BUSCO_output/auto_lineage/run_archaea_odb12/hmmer_output/7927at2157.out --cpu 1 /home/simonedassisi/busco_downloads/lineages/archaea_odb12/hmms/7927at2157.hmm home/simonedassisi/Desktop/BUSCO_output/prodigal_output/predicted_genes/predicted.faa 
# Current dir:     /home/simonedassisi
# Date:            Tue Apr  1 14:23:25 2025
# [ok]
