#                                                                                                        --- full sequence --- -------------- this domain -------------   hmm coord   ali coord   env coord
# target name                                    accession   tlen query name           accession   qlen   E-value  score  bias   #  of  c-Evalue  i-Evalue  score  bias  from    to  from    to  from    to  acc description of target
#                            ------------------- ---------- ----- -------------------- ---------- ----- --------- ------ ----- --- --- --------- --------- ------ ----- ----- ----- ----- ----- ----- ----- ---- ---------------------
NODE_54_length_28184_cov_41.894607:17455-18138|- -            228 85892                -            392     0.012   12.6   0.2   1   1   1.9e-05     0.016   12.2   0.2    30   104    22    96     5   105 0.89 NODE_54_length_28184_cov_41.894607_15 # 17455 # 18138 # -1 # ID=54_15;partial=00;start_type=ATG;rbs_motif=AGGA;rbs_spacer=5-10bp;gc_cont=0.373
NODE_17_length_86457_cov_41.702653:8770-9009|-   -             80 85892                -            392     0.052   10.5   4.8   1   1   6.1e-05     0.051   10.5   4.8    17    78     7    66     1    79 0.71 NODE_17_length_86457_cov_41.702653_10 # 8770 # 9009 # -1 # ID=17_10;partial=00;start_type=ATG;rbs_motif=AGGAG;rbs_spacer=5-10bp;gc_cont=0.487
NODE_63_length_22873_cov_46.411677:12946-14463|- -            506 85892                -            392      0.17    8.8   1.9   1   1    0.0003      0.25    8.2   1.9    34   110    21    97    10   103 0.84 NODE_63_length_22873_cov_46.411677_13 # 12946 # 14463 # -1 # ID=63_13;partial=00;start_type=ATG;rbs_motif=GGA/GAG/AGG;rbs_spacer=11-12bp;gc_cont=0.468
NODE_54_length_28184_cov_41.894607:1507-2766|-   -            420 85892                -            392       4.7    4.0  16.7   1   2   0.00057      0.48    7.3   3.7    28    76    66   112    38   137 0.65 NODE_54_length_28184_cov_41.894607_3 # 1507 # 2766 # -1 # ID=54_3;partial=00;start_type=ATG;rbs_motif=GGA/GAG/AGG;rbs_spacer=11-12bp;gc_cont=0.568
NODE_54_length_28184_cov_41.894607:1507-2766|-   -            420 85892                -            392       4.7    4.0  16.7   2   2     0.019        16    2.3   5.1    21    94   171   246   153   277 0.59 NODE_54_length_28184_cov_41.894607_3 # 1507 # 2766 # -1 # ID=54_3;partial=00;start_type=ATG;rbs_motif=GGA/GAG/AGG;rbs_spacer=11-12bp;gc_cont=0.568
NODE_14_length_92032_cov_37.540264:45790-47970|+ -            727 85892                -            392       8.1    3.3   7.3   1   2      0.01       8.6    3.2   2.6    10    89   226   305   218   332 0.71 NODE_14_length_92032_cov_37.540264_42 # 45790 # 47970 # 1 # ID=14_42;partial=00;start_type=ATG;rbs_motif=3Base/5BMM;rbs_spacer=13-15bp;gc_cont=0.508
NODE_14_length_92032_cov_37.540264:45790-47970|+ -            727 85892                -            392       8.1    3.3   7.3   2   2     0.023        19    2.1   0.9    40    84   328   372   308   391 0.81 NODE_14_length_92032_cov_37.540264_42 # 45790 # 47970 # 1 # ID=14_42;partial=00;start_type=ATG;rbs_motif=3Base/5BMM;rbs_spacer=13-15bp;gc_cont=0.508
NODE_116_length_4699_cov_32.491470:865-1281|-    -            139 85892                -            392       9.3    3.1   7.4   1   2    0.0034       2.9    4.8   0.8    44    88     7    51     1    72 0.58 NODE_116_length_4699_cov_32.491470_3 # 865 # 1281 # -1 # ID=116_3;partial=00;start_type=TTG;rbs_motif=GGA/GAG/AGG;rbs_spacer=5-10bp;gc_cont=0.372
NODE_116_length_4699_cov_32.491470:865-1281|-    -            139 85892                -            392       9.3    3.1   7.4   2   2      0.02        17    2.2   1.4    35    83    69   117    52   129 0.79 NODE_116_length_4699_cov_32.491470_3 # 865 # 1281 # -1 # ID=116_3;partial=00;start_type=TTG;rbs_motif=GGA/GAG/AGG;rbs_spacer=5-10bp;gc_cont=0.372
#
# Program:         hmmsearch
# Version:         3.4 (Aug 2023)
# Pipeline mode:   SEARCH
# Query file:      /home/simonedassisi/busco_downloads/lineages/archaea_odb12/hmms/85892at2157.hmm
# Target file:     home/simonedassisi/Desktop/BUSCO_output/prodigal_output/predicted_genes/predicted.faa
# Option settings: hmmsearch --domtblout home/simonedassisi/Desktop/BUSCO_output/auto_lineage/run_archaea_odb12/hmmer_output/85892at2157.out --cpu 1 /home/simonedassisi/busco_downloads/lineages/archaea_odb12/hmms/85892at2157.hmm home/simonedassisi/Desktop/BUSCO_output/prodigal_output/predicted_genes/predicted.faa 
# Current dir:     /home/simonedassisi
# Date:            Tue Apr  1 14:23:25 2025
# [ok]
