#                                                                                                          --- full sequence --- -------------- this domain -------------   hmm coord   ali coord   env coord
# target name                                      accession   tlen query name           accession   qlen   E-value  score  bias   #  of  c-Evalue  i-Evalue  score  bias  from    to  from    to  from    to  acc description of target
#                              ------------------- ---------- ----- -------------------- ---------- ----- --------- ------ ----- --- --- --------- --------- ------ ----- ----- ----- ----- ----- ----- ----- ---- ---------------------
NODE_42_length_44050_cov_40.658288:30326-31429|+   -            368 8656                 -            348   3.3e-32  110.1   0.0   1   1   7.4e-35   4.7e-32  109.6   0.0     6   311     3   318     1   328 0.86 NODE_42_length_44050_cov_40.658288_24 # 30326 # 31429 # 1 # ID=42_24;partial=00;start_type=ATG;rbs_motif=AGGAG;rbs_spacer=5-10bp;gc_cont=0.550
NODE_10_length_119716_cov_38.250842:95465-96553|+  -            363 8656                 -            348   3.6e-21   73.8   0.0   1   1   2.1e-23   1.3e-20   71.9   0.0    13   311    14   320     4   334 0.78 NODE_10_length_119716_cov_38.250842_89 # 95465 # 96553 # 1 # ID=10_89;partial=00;start_type=ATG;rbs_motif=AGGA;rbs_spacer=5-10bp;gc_cont=0.552
NODE_1_length_276430_cov_40.515391:229032-230120|+ -            363 8656                 -            348   1.1e-13   49.1   0.0   1   2   3.8e-12   2.4e-09   34.9   0.0    31   173    31   186    13   202 0.74 NODE_1_length_276430_cov_40.515391_201 # 229032 # 230120 # 1 # ID=1_201;partial=00;start_type=ATG;rbs_motif=AGxAGG/AGGxGG;rbs_spacer=5-10bp;gc_cont=0.541
NODE_1_length_276430_cov_40.515391:229032-230120|+ -            363 8656                 -            348   1.1e-13   49.1   0.0   2   2   3.1e-05      0.02   12.1   0.0   251   301   247   305   245   313 0.76 NODE_1_length_276430_cov_40.515391_201 # 229032 # 230120 # 1 # ID=1_201;partial=00;start_type=ATG;rbs_motif=AGxAGG/AGGxGG;rbs_spacer=5-10bp;gc_cont=0.541
NODE_99_length_8647_cov_35.430047:4400-5551|+      -            384 8656                 -            348   2.6e-07   28.2   1.4   1   3   5.6e-09   3.6e-06   24.5   0.0     7   107     5   108     1   117 0.82 NODE_99_length_8647_cov_35.430047_4 # 4400 # 5551 # 1 # ID=99_4;partial=00;start_type=ATG;rbs_motif=AGGAG;rbs_spacer=5-10bp;gc_cont=0.500
NODE_99_length_8647_cov_35.430047:4400-5551|+      -            384 8656                 -            348   2.6e-07   28.2   1.4   2   3      0.24   1.5e+02   -0.6   0.2   111   171   130   194   122   203 0.70 NODE_99_length_8647_cov_35.430047_4 # 4400 # 5551 # 1 # ID=99_4;partial=00;start_type=ATG;rbs_motif=AGGAG;rbs_spacer=5-10bp;gc_cont=0.500
NODE_99_length_8647_cov_35.430047:4400-5551|+      -            384 8656                 -            348   2.6e-07   28.2   1.4   3   3     0.068        43    1.2   0.0   287   312   325   350   320   361 0.85 NODE_99_length_8647_cov_35.430047_4 # 4400 # 5551 # 1 # ID=99_4;partial=00;start_type=ATG;rbs_motif=AGGAG;rbs_spacer=5-10bp;gc_cont=0.500
NODE_22_length_80627_cov_36.893466:7257-9932|-     -            892 8656                 -            348   6.2e-07   27.0   0.0   1   2   1.9e-08   1.2e-05   22.8   0.0     4   106   450   555   447   562 0.79 NODE_22_length_80627_cov_36.893466_8 # 7257 # 9932 # -1 # ID=22_8;partial=00;start_type=ATG;rbs_motif=AGGAG;rbs_spacer=5-10bp;gc_cont=0.506
NODE_22_length_80627_cov_36.893466:7257-9932|-     -            892 8656                 -            348   6.2e-07   27.0   0.0   2   2     0.064        40    1.3   0.1   110   174   588   656   574   672 0.80 NODE_22_length_80627_cov_36.893466_8 # 7257 # 9932 # -1 # ID=22_8;partial=00;start_type=ATG;rbs_motif=AGGAG;rbs_spacer=5-10bp;gc_cont=0.506
NODE_27_length_73011_cov_40.630920:50488-51651|+   -            388 8656                 -            348   1.7e-05   22.3   0.0   1   2   1.1e-07   6.8e-05   20.2   0.0     8   111     6   109     1   112 0.77 NODE_27_length_73011_cov_40.630920_53 # 50488 # 51651 # 1 # ID=27_53;partial=00;start_type=ATG;rbs_motif=GGAG/GAGG;rbs_spacer=5-10bp;gc_cont=0.548
NODE_27_length_73011_cov_40.630920:50488-51651|+   -            388 8656                 -            348   1.7e-05   22.3   0.0   2   2      0.36   2.3e+02   -1.2   0.0   289   311   330   352   323   359 0.77 NODE_27_length_73011_cov_40.630920_53 # 50488 # 51651 # 1 # ID=27_53;partial=00;start_type=ATG;rbs_motif=GGAG/GAGG;rbs_spacer=5-10bp;gc_cont=0.548
NODE_12_length_106079_cov_39.536715:60022-61170|+  -            383 8656                 -            348   4.8e-05   20.8   0.5   1   2   2.5e-07   0.00016   19.0   0.0     8   107     5   107     1   116 0.81 NODE_12_length_106079_cov_39.536715_54 # 60022 # 61170 # 1 # ID=12_54;partial=00;start_type=ATG;rbs_motif=AGGAG;rbs_spacer=5-10bp;gc_cont=0.537
NODE_12_length_106079_cov_39.536715:60022-61170|+  -            383 8656                 -            348   4.8e-05   20.8   0.5   2   2      0.31     2e+02   -1.0   0.2   111   170   131   194   127   228 0.74 NODE_12_length_106079_cov_39.536715_54 # 60022 # 61170 # 1 # ID=12_54;partial=00;start_type=ATG;rbs_motif=AGGAG;rbs_spacer=5-10bp;gc_cont=0.537
NODE_13_length_92664_cov_37.475885:6083-7270|+     -            396 8656                 -            348    0.0023   15.2   0.1   1   2     1e-05    0.0065   13.7   0.0    67   108    86   127    18   133 0.66 NODE_13_length_92664_cov_37.475885_10 # 6083 # 7270 # 1 # ID=13_10;partial=00;start_type=ATG;rbs_motif=GGAGG;rbs_spacer=5-10bp;gc_cont=0.588
NODE_13_length_92664_cov_37.475885:6083-7270|+     -            396 8656                 -            348    0.0023   15.2   0.1   2   2      0.69   4.3e+02   -2.1   0.2   112   155   149   196   141   214 0.57 NODE_13_length_92664_cov_37.475885_10 # 6083 # 7270 # 1 # ID=13_10;partial=00;start_type=ATG;rbs_motif=GGAGG;rbs_spacer=5-10bp;gc_cont=0.588
#
# Program:         hmmsearch
# Version:         3.4 (Aug 2023)
# Pipeline mode:   SEARCH
# Query file:      /home/simonedassisi/busco_downloads/lineages/archaea_odb12/hmms/8656at2157.hmm
# Target file:     home/simonedassisi/Desktop/BUSCO_output/prodigal_output/predicted_genes/predicted.faa
# Option settings: hmmsearch --domtblout home/simonedassisi/Desktop/BUSCO_output/auto_lineage/run_archaea_odb12/hmmer_output/8656at2157.out --cpu 1 /home/simonedassisi/busco_downloads/lineages/archaea_odb12/hmms/8656at2157.hmm home/simonedassisi/Desktop/BUSCO_output/prodigal_output/predicted_genes/predicted.faa 
# Current dir:     /home/simonedassisi
# Date:            Tue Apr  1 14:23:25 2025
# [ok]
