#                                                                                                          --- full sequence --- -------------- this domain -------------   hmm coord   ali coord   env coord
# target name                                      accession   tlen query name           accession   qlen   E-value  score  bias   #  of  c-Evalue  i-Evalue  score  bias  from    to  from    to  from    to  acc description of target
#                              ------------------- ---------- ----- -------------------- ---------- ----- --------- ------ ----- --- --- --------- --------- ------ ----- ----- ----- ----- ----- ----- ----- ---- ---------------------
NODE_6_length_131096_cov_36.333598:65218-66228|+   -            337 8658                 -            453   7.2e-25   85.7   0.1   1   2     5e-23   1.3e-20   71.7   0.0     8   147    23   149    19   152 0.96 NODE_6_length_131096_cov_36.333598_66 # 65218 # 66228 # 1 # ID=6_66;partial=00;start_type=ATG;rbs_motif=GGAG/GAGG;rbs_spacer=5-10bp;gc_cont=0.530
NODE_6_length_131096_cov_36.333598:65218-66228|+   -            337 8658                 -            453   7.2e-25   85.7   0.1   2   2     6e-05     0.015   12.1   0.0   164   213   188   236   166   269 0.80 NODE_6_length_131096_cov_36.333598_66 # 65218 # 66228 # 1 # ID=6_66;partial=00;start_type=ATG;rbs_motif=GGAG/GAGG;rbs_spacer=5-10bp;gc_cont=0.530
NODE_23_length_80065_cov_37.437114:8553-9896|-     -            448 8658                 -            453   3.9e-20   70.1   0.1   1   1   2.2e-22   5.6e-20   69.6   0.1     6   211    18   223    14   233 0.87 NODE_23_length_80065_cov_37.437114_8 # 8553 # 9896 # -1 # ID=23_8;partial=00;start_type=GTG;rbs_motif=GGAG/GAGG;rbs_spacer=5-10bp;gc_cont=0.531
NODE_21_length_83220_cov_38.326345:65793-67724|-   -            644 8658                 -            453   4.7e-20   69.8   1.1   1   3   3.7e-11   9.3e-09   32.6   0.0     6    68     8    66     5    67 0.89 NODE_21_length_83220_cov_38.326345_64 # 65793 # 67724 # -1 # ID=21_64;partial=00;start_type=ATG;rbs_motif=GGA/GAG/AGG;rbs_spacer=5-10bp;gc_cont=0.576
NODE_21_length_83220_cov_38.326345:65793-67724|-   -            644 8658                 -            453   4.7e-20   69.8   1.1   2   3   5.2e-12   1.3e-09   35.4   0.1    96   220   117   239    87   269 0.83 NODE_21_length_83220_cov_38.326345_64 # 65793 # 67724 # -1 # ID=21_64;partial=00;start_type=ATG;rbs_motif=GGA/GAG/AGG;rbs_spacer=5-10bp;gc_cont=0.576
NODE_21_length_83220_cov_38.326345:65793-67724|-   -            644 8658                 -            453   4.7e-20   69.8   1.1   3   3       2.8   7.1e+02   -3.3   0.0   317   377   519   580   511   588 0.75 NODE_21_length_83220_cov_38.326345_64 # 65793 # 67724 # -1 # ID=21_64;partial=00;start_type=ATG;rbs_motif=GGA/GAG/AGG;rbs_spacer=5-10bp;gc_cont=0.576
NODE_8_length_126545_cov_41.885285:89578-91521|+   -            648 8658                 -            453   2.1e-10   38.0   0.1   1   2   2.6e-12   6.5e-10   36.4   0.0    11   113   152   261   146   268 0.80 NODE_8_length_126545_cov_41.885285_88 # 89578 # 91521 # 1 # ID=8_88;partial=00;start_type=TTG;rbs_motif=GGAG/GAGG;rbs_spacer=5-10bp;gc_cont=0.535
NODE_8_length_126545_cov_41.885285:89578-91521|+   -            648 8658                 -            453   2.1e-10   38.0   0.1   2   2       1.1   2.9e+02   -2.0   0.1   352   398   532   577   521   602 0.68 NODE_8_length_126545_cov_41.885285_88 # 89578 # 91521 # 1 # ID=8_88;partial=00;start_type=TTG;rbs_motif=GGAG/GAGG;rbs_spacer=5-10bp;gc_cont=0.535
NODE_34_length_53173_cov_42.168382:408-2981|-      -            858 8658                 -            453   5.1e-10   36.7   1.5   1   2   1.8e-06   0.00044   17.2   0.0    12    63   176   222   166   227 0.85 NODE_34_length_53173_cov_42.168382_1 # 408 # 2981 # -1 # ID=34_1;partial=00;start_type=ATG;rbs_motif=GGAGG;rbs_spacer=3-4bp;gc_cont=0.516
NODE_34_length_53173_cov_42.168382:408-2981|-      -            858 8658                 -            453   5.1e-10   36.7   1.5   2   2   1.4e-06   0.00037   17.4   0.0    16    64   570   622   566   686 0.68 NODE_34_length_53173_cov_42.168382_1 # 408 # 2981 # -1 # ID=34_1;partial=00;start_type=ATG;rbs_motif=GGAGG;rbs_spacer=3-4bp;gc_cont=0.516
NODE_23_length_80065_cov_37.437114:22462-24738|-   -            759 8658                 -            453   1.7e-09   35.1   0.0   1   3   0.00013     0.032   11.0   0.0    24    61   196   228   183   233 0.70 NODE_23_length_80065_cov_37.437114_17 # 22462 # 24738 # -1 # ID=23_17;partial=00;start_type=ATG;rbs_motif=GGAGG;rbs_spacer=5-10bp;gc_cont=0.531
NODE_23_length_80065_cov_37.437114:22462-24738|-   -            759 8658                 -            453   1.7e-09   35.1   0.0   2   3      0.28        70    0.0   0.0    93   117   272   296   267   309 0.75 NODE_23_length_80065_cov_37.437114_17 # 22462 # 24738 # -1 # ID=23_17;partial=00;start_type=ATG;rbs_motif=GGAGG;rbs_spacer=5-10bp;gc_cont=0.531
NODE_23_length_80065_cov_37.437114:22462-24738|-   -            759 8658                 -            453   1.7e-09   35.1   0.0   3   3   4.7e-07   0.00012   19.0   0.0    16    88   460   536   455   572 0.77 NODE_23_length_80065_cov_37.437114_17 # 22462 # 24738 # -1 # ID=23_17;partial=00;start_type=ATG;rbs_motif=GGAGG;rbs_spacer=5-10bp;gc_cont=0.531
NODE_19_length_85129_cov_38.767276:15616-17970|-   -            785 8658                 -            453   1.1e-08   32.4   4.5   1   2      0.22        56    0.3   4.2   327   432   146   261   129   280 0.41 NODE_19_length_85129_cov_38.767276_17 # 15616 # 17970 # -1 # ID=19_17;partial=00;start_type=ATG;rbs_motif=GGA/GAG/AGG;rbs_spacer=5-10bp;gc_cont=0.525
NODE_19_length_85129_cov_38.767276:15616-17970|-   -            785 8658                 -            453   1.1e-08   32.4   4.5   2   2   2.1e-10   5.3e-08   30.1   0.0    20   128   328   445   322   450 0.76 NODE_19_length_85129_cov_38.767276_17 # 15616 # 17970 # -1 # ID=19_17;partial=00;start_type=ATG;rbs_motif=GGA/GAG/AGG;rbs_spacer=5-10bp;gc_cont=0.525
NODE_19_length_85129_cov_38.767276:18158-19432|-   -            425 8658                 -            453   4.1e-06   23.9   0.5   1   2   3.7e-08   9.4e-06   22.7   0.1    40   117   112   195    74   216 0.86 NODE_19_length_85129_cov_38.767276_18 # 18158 # 19432 # -1 # ID=19_18;partial=00;start_type=ATG;rbs_motif=GGAG/GAGG;rbs_spacer=5-10bp;gc_cont=0.518
NODE_19_length_85129_cov_38.767276:18158-19432|-   -            425 8658                 -            453   4.1e-06   23.9   0.5   2   2         2   5.1e+02   -2.8   0.0   177   192   347   362   319   364 0.65 NODE_19_length_85129_cov_38.767276_18 # 18158 # 19432 # -1 # ID=19_18;partial=00;start_type=ATG;rbs_motif=GGAG/GAGG;rbs_spacer=5-10bp;gc_cont=0.518
NODE_17_length_86457_cov_41.702653:5783-7114|+     -            444 8658                 -            453   1.3e-05   22.2   0.2   1   2   3.5e-06   0.00087   16.2   0.0    35    73    45    83    15    86 0.79 NODE_17_length_86457_cov_41.702653_7 # 5783 # 7114 # 1 # ID=17_7;partial=00;start_type=ATG;rbs_motif=AGGA;rbs_spacer=5-10bp;gc_cont=0.524
NODE_17_length_86457_cov_41.702653:5783-7114|+     -            444 8658                 -            453   1.3e-05   22.2   0.2   2   2     0.024         6    3.6   0.1    99   120   249   270   225   285 0.80 NODE_17_length_86457_cov_41.702653_7 # 5783 # 7114 # 1 # ID=17_7;partial=00;start_type=ATG;rbs_motif=AGGA;rbs_spacer=5-10bp;gc_cont=0.524
NODE_14_length_92032_cov_37.540264:78146-80053|-   -            636 8658                 -            453   7.5e-05   19.7   0.3   1   3    0.0048       1.2    5.9   0.0    38    67    27    56    18    57 0.86 NODE_14_length_92032_cov_37.540264_74 # 78146 # 80053 # -1 # ID=14_74;partial=00;start_type=ATG;rbs_motif=AGGA;rbs_spacer=5-10bp;gc_cont=0.524
NODE_14_length_92032_cov_37.540264:78146-80053|-   -            636 8658                 -            453   7.5e-05   19.7   0.3   2   3   0.00032     0.081    9.7   0.0    13    58   322   363   320   372 0.84 NODE_14_length_92032_cov_37.540264_74 # 78146 # 80053 # -1 # ID=14_74;partial=00;start_type=ATG;rbs_motif=AGGA;rbs_spacer=5-10bp;gc_cont=0.524
NODE_14_length_92032_cov_37.540264:78146-80053|-   -            636 8658                 -            453   7.5e-05   19.7   0.3   3   3      0.98   2.5e+02   -1.8   1.5   348   426   545   621   528   628 0.74 NODE_14_length_92032_cov_37.540264_74 # 78146 # 80053 # -1 # ID=14_74;partial=00;start_type=ATG;rbs_motif=AGGA;rbs_spacer=5-10bp;gc_cont=0.524
NODE_50_length_31159_cov_52.530614:26602-27396|-   -            265 8658                 -            453   0.00012   19.0   0.1   1   1   7.6e-07   0.00019   18.4   0.1    39    71    96   131    91   200 0.71 NODE_50_length_31159_cov_52.530614_34 # 26602 # 27396 # -1 # ID=50_34;partial=00;start_type=ATG;rbs_motif=AGGAG;rbs_spacer=5-10bp;gc_cont=0.543
NODE_38_length_48580_cov_35.344705:9705-11639|-    -            645 8658                 -            453    0.0002   18.3   0.0   1   1   1.3e-06   0.00033   17.6   0.0    13    62    75   125    71   142 0.87 NODE_38_length_48580_cov_35.344705_11 # 9705 # 11639 # -1 # ID=38_11;partial=00;start_type=ATG;rbs_motif=AGGA;rbs_spacer=5-10bp;gc_cont=0.502
NODE_16_length_86943_cov_42.279511:1751-3271|-     -            507 8658                 -            453   0.00064   16.6   0.0   1   1     4e-06     0.001   16.0   0.0    12    58   189   228   187   231 0.87 NODE_16_length_86943_cov_42.279511_3 # 1751 # 3271 # -1 # ID=16_3;partial=00;start_type=ATG;rbs_motif=AGGAGG;rbs_spacer=3-4bp;gc_cont=0.508
NODE_19_length_85129_cov_38.767276:69825-70349|-   -            175 8658                 -            453   0.00078   16.4   0.0   1   1     5e-06    0.0013   15.7   0.0    41    66     3    28     1    34 0.87 NODE_19_length_85129_cov_38.767276_66 # 69825 # 70349 # -1 # ID=19_66;partial=00;start_type=ATG;rbs_motif=GGA/GAG/AGG;rbs_spacer=5-10bp;gc_cont=0.522
NODE_31_length_58399_cov_38.812466:54733-55470|+   -            246 8658                 -            453    0.0012   15.7   0.0   1   1   8.6e-06    0.0022   14.9   0.0    15    64    77   123    72   218 0.88 NODE_31_length_58399_cov_38.812466_54 # 54733 # 55470 # 1 # ID=31_54;partial=00;start_type=ATG;rbs_motif=GGAG/GAGG;rbs_spacer=5-10bp;gc_cont=0.507
NODE_137_length_1854_cov_128.114650:1109-1852|+    -            248 8658                 -            453    0.0032   14.3   0.1   1   2      0.84   2.1e+02   -1.6   0.0   291   327    29    64    17    73 0.62 NODE_137_length_1854_cov_128.114650_2 # 1109 # 1852 # 1 # ID=137_2;partial=01;start_type=ATG;rbs_motif=AGGAG;rbs_spacer=5-10bp;gc_cont=0.505
NODE_137_length_1854_cov_128.114650:1109-1852|+    -            248 8658                 -            453    0.0032   14.3   0.1   2   2   3.4e-05    0.0085   12.9   0.0    39    75   101   140    91   204 0.73 NODE_137_length_1854_cov_128.114650_2 # 1109 # 1852 # 1 # ID=137_2;partial=01;start_type=ATG;rbs_motif=AGGAG;rbs_spacer=5-10bp;gc_cont=0.505
NODE_1_length_276430_cov_40.515391:228454-228975|+ -            174 8658                 -            453    0.0091   12.8   0.0   1   2   9.2e-05     0.023   11.5   0.0    39    68     3    32     1    37 0.91 NODE_1_length_276430_cov_40.515391_200 # 228454 # 228975 # 1 # ID=1_200;partial=00;start_type=ATG;rbs_motif=AGxAG;rbs_spacer=5-10bp;gc_cont=0.492
NODE_1_length_276430_cov_40.515391:228454-228975|+ -            174 8658                 -            453    0.0091   12.8   0.0   2   2      0.79     2e+02   -1.5   0.0   258   261   131   134    78   170 0.52 NODE_1_length_276430_cov_40.515391_200 # 228454 # 228975 # 1 # ID=1_200;partial=00;start_type=ATG;rbs_motif=AGxAG;rbs_spacer=5-10bp;gc_cont=0.492
NODE_124_length_2644_cov_91.047676:1786-2541|+     -            252 8658                 -            453     0.023   11.5   0.0   1   1   0.00014     0.036   10.9   0.0    38    63    97   122    83   124 0.82 NODE_124_length_2644_cov_91.047676_2 # 1786 # 2541 # 1 # ID=124_2;partial=00;start_type=ATG;rbs_motif=AGGA;rbs_spacer=5-10bp;gc_cont=0.526
NODE_5_length_138947_cov_37.421618:134491-135258|+ -            256 8658                 -            453     0.033   11.0   0.0   1   1   0.00021     0.054   10.3   0.0    41    61    28    48    16    55 0.86 NODE_5_length_138947_cov_37.421618_116 # 134491 # 135258 # 1 # ID=5_116;partial=00;start_type=ATG;rbs_motif=AGGAG;rbs_spacer=5-10bp;gc_cont=0.560
NODE_21_length_83220_cov_38.326345:61997-62641|-   -            215 8658                 -            453     0.033   11.0   1.4   1   2   0.00028     0.072    9.9   0.0    43    70     3    30     1    33 0.92 NODE_21_length_83220_cov_38.326345_60 # 61997 # 62641 # -1 # ID=21_60;partial=00;start_type=ATG;rbs_motif=GGA/GAG/AGG;rbs_spacer=5-10bp;gc_cont=0.518
NODE_21_length_83220_cov_38.326345:61997-62641|-   -            215 8658                 -            453     0.033   11.0   1.4   2   2      0.38        95   -0.4   0.2   207   232   142   167   141   175 0.87 NODE_21_length_83220_cov_38.326345_60 # 61997 # 62641 # -1 # ID=21_60;partial=00;start_type=ATG;rbs_motif=GGA/GAG/AGG;rbs_spacer=5-10bp;gc_cont=0.518
#
# Program:         hmmsearch
# Version:         3.4 (Aug 2023)
# Pipeline mode:   SEARCH
# Query file:      /home/simonedassisi/busco_downloads/lineages/archaea_odb12/hmms/8658at2157.hmm
# Target file:     home/simonedassisi/Desktop/BUSCO_output/prodigal_output/predicted_genes/predicted.faa
# Option settings: hmmsearch --domtblout home/simonedassisi/Desktop/BUSCO_output/auto_lineage/run_archaea_odb12/hmmer_output/8658at2157.out --cpu 1 /home/simonedassisi/busco_downloads/lineages/archaea_odb12/hmms/8658at2157.hmm home/simonedassisi/Desktop/BUSCO_output/prodigal_output/predicted_genes/predicted.faa 
# Current dir:     /home/simonedassisi
# Date:            Tue Apr  1 14:23:25 2025
# [ok]
