#                                                                                                         --- full sequence --- -------------- this domain -------------   hmm coord   ali coord   env coord
# target name                                     accession   tlen query name           accession   qlen   E-value  score  bias   #  of  c-Evalue  i-Evalue  score  bias  from    to  from    to  from    to  acc description of target
#                             ------------------- ---------- ----- -------------------- ---------- ----- --------- ------ ----- --- --- --------- --------- ------ ----- ----- ----- ----- ----- ----- ----- ---- ---------------------
NODE_12_length_106079_cov_39.536715:85094-86392|+ -            433 8680                 -            370  1.2e-130  433.9   9.8   1   1    2e-133  2.6e-130  432.9   9.8     3   369     9   415     7   416 0.89 NODE_12_length_106079_cov_39.536715_74 # 85094 # 86392 # 1 # ID=12_74;partial=00;start_type=ATG;rbs_motif=GGAG/GAGG;rbs_spacer=5-10bp;gc_cont=0.504
NODE_78_length_15630_cov_66.832549:10853-11287|-  -            145 8680                 -            370   7.3e-46  155.0   0.0   1   1   6.9e-49   8.7e-46  154.7   0.0   251   369     8   130     2   131 0.94 NODE_78_length_15630_cov_66.832549_9 # 10853 # 11287 # -1 # ID=78_9;partial=00;start_type=TTG;rbs_motif=GGA/GAG/AGG;rbs_spacer=5-10bp;gc_cont=0.476
NODE_42_length_44050_cov_40.658288:9738-10952|-   -            405 8680                 -            370     0.014   12.6   0.0   1   3   0.00028      0.35    8.0   0.0    82   115    80   113    18   136 0.80 NODE_42_length_44050_cov_40.658288_9 # 9738 # 10952 # -1 # ID=42_9;partial=00;start_type=ATG;rbs_motif=AGGAG;rbs_spacer=5-10bp;gc_cont=0.500
NODE_42_length_44050_cov_40.658288:9738-10952|-   -            405 8680                 -            370     0.014   12.6   0.0   2   3     0.029        36    1.3   0.0   237   266   227   256   213   263 0.82 NODE_42_length_44050_cov_40.658288_9 # 9738 # 10952 # -1 # ID=42_9;partial=00;start_type=ATG;rbs_motif=AGGAG;rbs_spacer=5-10bp;gc_cont=0.500
NODE_42_length_44050_cov_40.658288:9738-10952|-   -            405 8680                 -            370     0.014   12.6   0.0   3   3      0.19   2.3e+02   -1.4   0.0   211   239   260   288   254   291 0.88 NODE_42_length_44050_cov_40.658288_9 # 9738 # 10952 # -1 # ID=42_9;partial=00;start_type=ATG;rbs_motif=AGGAG;rbs_spacer=5-10bp;gc_cont=0.500
NODE_15_length_91266_cov_36.275195:36950-38164|+  -            405 8680                 -            370     0.022   11.9   0.0   1   3   0.00028      0.35    7.9   0.0    83   115    81   113    20   118 0.78 NODE_15_length_91266_cov_36.275195_35 # 36950 # 38164 # 1 # ID=15_35;partial=00;start_type=ATG;rbs_motif=AGGA;rbs_spacer=5-10bp;gc_cont=0.509
NODE_15_length_91266_cov_36.275195:36950-38164|+  -            405 8680                 -            370     0.022   11.9   0.0   2   3     0.042        53    0.8   0.0   237   266   227   256   214   266 0.82 NODE_15_length_91266_cov_36.275195_35 # 36950 # 38164 # 1 # ID=15_35;partial=00;start_type=ATG;rbs_motif=AGGA;rbs_spacer=5-10bp;gc_cont=0.509
NODE_15_length_91266_cov_36.275195:36950-38164|+  -            405 8680                 -            370     0.022   11.9   0.0   3   3      0.26   3.3e+02   -1.8   0.0   211   237   260   286   252   290 0.87 NODE_15_length_91266_cov_36.275195_35 # 36950 # 38164 # 1 # ID=15_35;partial=00;start_type=ATG;rbs_motif=AGGA;rbs_spacer=5-10bp;gc_cont=0.509
#
# Program:         hmmsearch
# Version:         3.4 (Aug 2023)
# Pipeline mode:   SEARCH
# Query file:      /home/simonedassisi/busco_downloads/lineages/archaea_odb12/hmms/8680at2157.hmm
# Target file:     home/simonedassisi/Desktop/BUSCO_output/prodigal_output/predicted_genes/predicted.faa
# Option settings: hmmsearch --domtblout home/simonedassisi/Desktop/BUSCO_output/auto_lineage/run_archaea_odb12/hmmer_output/8680at2157.out --cpu 1 /home/simonedassisi/busco_downloads/lineages/archaea_odb12/hmms/8680at2157.hmm home/simonedassisi/Desktop/BUSCO_output/prodigal_output/predicted_genes/predicted.faa 
# Current dir:     /home/simonedassisi
# Date:            Tue Apr  1 14:23:25 2025
# [ok]
