#                                                                                                          --- full sequence --- -------------- this domain -------------   hmm coord   ali coord   env coord
# target name                                      accession   tlen query name           accession   qlen   E-value  score  bias   #  of  c-Evalue  i-Evalue  score  bias  from    to  from    to  from    to  acc description of target
#                              ------------------- ---------- ----- -------------------- ---------- ----- --------- ------ ----- --- --- --------- --------- ------ ----- ----- ----- ----- ----- ----- ----- ---- ---------------------
NODE_31_length_58399_cov_38.812466:12714-15176|-   -            821 8904                 -            382   2.5e-87  291.5   0.6   1   2   1.4e-13   1.2e-10   39.1   0.0     3    78     2    76     1    82 0.90 NODE_31_length_58399_cov_38.812466_13 # 12714 # 15176 # -1 # ID=31_13;partial=00;start_type=ATG;rbs_motif=GGAG/GAGG;rbs_spacer=5-10bp;gc_cont=0.533
NODE_31_length_58399_cov_38.812466:12714-15176|-   -            821 8904                 -            382   2.5e-87  291.5   0.6   2   2   6.4e-78   5.4e-75  250.9   0.1    61   380   118   457   111   459 0.89 NODE_31_length_58399_cov_38.812466_13 # 12714 # 15176 # -1 # ID=31_13;partial=00;start_type=ATG;rbs_motif=GGAG/GAGG;rbs_spacer=5-10bp;gc_cont=0.533
NODE_7_length_130108_cov_39.332856:128476-129825|+ -            450 8904                 -            382   8.4e-81  270.0   0.0   1   2   4.1e-10   3.5e-07   27.7   0.1     2    54     4    53     3    60 0.91 NODE_7_length_130108_cov_39.332856_117 # 128476 # 129825 # 1 # ID=7_117;partial=00;start_type=ATG;rbs_motif=GGAG/GAGG;rbs_spacer=5-10bp;gc_cont=0.539
NODE_7_length_130108_cov_39.332856:128476-129825|+ -            450 8904                 -            382   8.4e-81  270.0   0.0   2   2   9.8e-75   8.3e-72  240.4   0.0    49   379    98   444    93   447 0.90 NODE_7_length_130108_cov_39.332856_117 # 128476 # 129825 # 1 # ID=7_117;partial=00;start_type=ATG;rbs_motif=GGAG/GAGG;rbs_spacer=5-10bp;gc_cont=0.539
NODE_42_length_44050_cov_40.658288:37095-39527|-   -            811 8904                 -            382     2e-56  189.7   0.0   1   2   3.5e-11     3e-08   31.2   0.0     5    64    15    72    11    75 0.88 NODE_42_length_44050_cov_40.658288_29 # 37095 # 39527 # -1 # ID=42_29;partial=00;start_type=ATG;rbs_motif=GGA/GAG/AGG;rbs_spacer=5-10bp;gc_cont=0.584
NODE_42_length_44050_cov_40.658288:37095-39527|-   -            811 8904                 -            382     2e-56  189.7   0.0   2   2     3e-49   2.5e-46  156.5   0.0    40   381   100   451    95   452 0.90 NODE_42_length_44050_cov_40.658288_29 # 37095 # 39527 # -1 # ID=42_29;partial=00;start_type=ATG;rbs_motif=GGA/GAG/AGG;rbs_spacer=5-10bp;gc_cont=0.584
NODE_5_length_138947_cov_37.421618:43392-44495|+   -            368 8904                 -            382   4.6e-07   27.3   0.0   1   2   0.00058      0.49    7.4   0.0     3    40     7    50     5    79 0.79 NODE_5_length_138947_cov_37.421618_40 # 43392 # 44495 # 1 # ID=5_40;partial=00;start_type=ATG;rbs_motif=GGA/GAG/AGG;rbs_spacer=3-4bp;gc_cont=0.562
NODE_5_length_138947_cov_37.421618:43392-44495|+   -            368 8904                 -            382   4.6e-07   27.3   0.0   2   2   4.1e-07   0.00035   17.8   0.0   154   190   155   191   147   199 0.88 NODE_5_length_138947_cov_37.421618_40 # 43392 # 44495 # 1 # ID=5_40;partial=00;start_type=ATG;rbs_motif=GGA/GAG/AGG;rbs_spacer=3-4bp;gc_cont=0.562
NODE_30_length_69036_cov_41.149327:31031-31756|-   -            242 8904                 -            382     2e-06   25.2   0.1   1   1   4.3e-09   3.6e-06   24.3   0.1   149   234   146   230   144   240 0.79 NODE_30_length_69036_cov_41.149327_32 # 31031 # 31756 # -1 # ID=30_32;partial=00;start_type=ATG;rbs_motif=AGGA;rbs_spacer=5-10bp;gc_cont=0.528
NODE_42_length_44050_cov_40.658288:12883-13659|-   -            259 8904                 -            382   6.4e-05   20.2   0.0   1   2   0.00015      0.12    9.4   0.0     3    58     5    60     3    67 0.91 NODE_42_length_44050_cov_40.658288_11 # 12883 # 13659 # -1 # ID=42_11;partial=00;start_type=ATG;rbs_motif=GGA/GAG/AGG;rbs_spacer=5-10bp;gc_cont=0.555
NODE_42_length_44050_cov_40.658288:12883-13659|-   -            259 8904                 -            382   6.4e-05   20.2   0.0   2   2   0.00022      0.19    8.8   0.1   149   177   162   189   132   206 0.86 NODE_42_length_44050_cov_40.658288_11 # 12883 # 13659 # -1 # ID=42_11;partial=00;start_type=ATG;rbs_motif=GGA/GAG/AGG;rbs_spacer=5-10bp;gc_cont=0.555
#
# Program:         hmmsearch
# Version:         3.4 (Aug 2023)
# Pipeline mode:   SEARCH
# Query file:      /home/simonedassisi/busco_downloads/lineages/archaea_odb12/hmms/8904at2157.hmm
# Target file:     home/simonedassisi/Desktop/BUSCO_output/prodigal_output/predicted_genes/predicted.faa
# Option settings: hmmsearch --domtblout home/simonedassisi/Desktop/BUSCO_output/auto_lineage/run_archaea_odb12/hmmer_output/8904at2157.out --cpu 1 /home/simonedassisi/busco_downloads/lineages/archaea_odb12/hmms/8904at2157.hmm home/simonedassisi/Desktop/BUSCO_output/prodigal_output/predicted_genes/predicted.faa 
# Current dir:     /home/simonedassisi
# Date:            Tue Apr  1 14:23:25 2025
# [ok]
