#                                                                                                          --- full sequence --- -------------- this domain -------------   hmm coord   ali coord   env coord
# target name                                      accession   tlen query name           accession   qlen   E-value  score  bias   #  of  c-Evalue  i-Evalue  score  bias  from    to  from    to  from    to  acc description of target
#                              ------------------- ---------- ----- -------------------- ---------- ----- --------- ------ ----- --- --- --------- --------- ------ ----- ----- ----- ----- ----- ----- ----- ---- ---------------------
NODE_17_length_86457_cov_41.702653:16022-16789|+   -            256 9465                 -            210   3.7e-15   54.4   3.2   1   2   3.2e-13   1.8e-10   39.1   0.0    23   119    29   136     6   140 0.77 NODE_17_length_86457_cov_41.702653_19 # 16022 # 16789 # 1 # ID=17_19;partial=00;start_type=ATG;rbs_motif=GGAG/GAGG;rbs_spacer=5-10bp;gc_cont=0.531
NODE_17_length_86457_cov_41.702653:16022-16789|+   -            256 9465                 -            210   3.7e-15   54.4   3.2   2   2   4.5e-06    0.0025   15.8   1.7   101   197   135   240   130   252 0.66 NODE_17_length_86457_cov_41.702653_19 # 16022 # 16789 # 1 # ID=17_19;partial=00;start_type=ATG;rbs_motif=GGAG/GAGG;rbs_spacer=5-10bp;gc_cont=0.531
NODE_51_length_31115_cov_42.820834:14883-15653|-   -            257 9465                 -            210   5.7e-06   24.4   0.7   1   1   1.9e-08   1.1e-05   23.5   0.7   154   202   168   216   163   223 0.89 NODE_51_length_31115_cov_42.820834_12 # 14883 # 15653 # -1 # ID=51_12;partial=00;start_type=ATG;rbs_motif=AGxAGG/AGGxGG;rbs_spacer=5-10bp;gc_cont=0.580
NODE_22_length_80627_cov_36.893466:27028-27834|-   -            269 9465                 -            210   0.00011   20.3   0.1   1   2       1.1   6.3e+02   -1.9   0.0    92   113   111   132   107   143 0.71 NODE_22_length_80627_cov_36.893466_29 # 27028 # 27834 # -1 # ID=22_29;partial=00;start_type=ATG;rbs_motif=GGAG/GAGG;rbs_spacer=5-10bp;gc_cont=0.539
NODE_22_length_80627_cov_36.893466:27028-27834|-   -            269 9465                 -            210   0.00011   20.3   0.1   2   2   5.9e-07   0.00033   18.7   0.0   152   196   196   240   192   256 0.88 NODE_22_length_80627_cov_36.893466_29 # 27028 # 27834 # -1 # ID=22_29;partial=00;start_type=ATG;rbs_motif=GGAG/GAGG;rbs_spacer=5-10bp;gc_cont=0.539
NODE_24_length_79963_cov_36.490030:2278-3015|-     -            246 9465                 -            210   0.00015   19.8   4.3   1   3   5.9e-07   0.00033   18.7   0.2   158   198    71   110    57   117 0.88 NODE_24_length_79963_cov_36.490030_4 # 2278 # 3015 # -1 # ID=24_4;partial=00;start_type=ATG;rbs_motif=GGAG/GAGG;rbs_spacer=5-10bp;gc_cont=0.558
NODE_24_length_79963_cov_36.490030:2278-3015|-     -            246 9465                 -            210   0.00015   19.8   4.3   2   3      0.84   4.7e+02   -1.4   0.0    92   112   153   173   149   183 0.83 NODE_24_length_79963_cov_36.490030_4 # 2278 # 3015 # -1 # ID=24_4;partial=00;start_type=ATG;rbs_motif=GGAG/GAGG;rbs_spacer=5-10bp;gc_cont=0.558
NODE_24_length_79963_cov_36.490030:2278-3015|-     -            246 9465                 -            210   0.00015   19.8   4.3   3   3      0.11        61    1.5   0.4   162   194   197   229   184   237 0.78 NODE_24_length_79963_cov_36.490030_4 # 2278 # 3015 # -1 # ID=24_4;partial=00;start_type=ATG;rbs_motif=GGAG/GAGG;rbs_spacer=5-10bp;gc_cont=0.558
NODE_54_length_28184_cov_41.894607:8575-9765|-     -            397 9465                 -            210   0.00051   18.0   0.9   1   2     0.017       9.3    4.1   0.0   169   190   252   273   247   275 0.92 NODE_54_length_28184_cov_41.894607_11 # 8575 # 9765 # -1 # ID=54_11;partial=00;start_type=ATG;rbs_motif=GGAG/GAGG;rbs_spacer=5-10bp;gc_cont=0.562
NODE_54_length_28184_cov_41.894607:8575-9765|-     -            397 9465                 -            210   0.00051   18.0   0.9   2   2   7.6e-05     0.042   11.8   0.6   160   194   299   333   288   351 0.86 NODE_54_length_28184_cov_41.894607_11 # 8575 # 9765 # -1 # ID=54_11;partial=00;start_type=ATG;rbs_motif=GGAG/GAGG;rbs_spacer=5-10bp;gc_cont=0.562
NODE_24_length_79963_cov_36.490030:1520-2296|-     -            259 9465                 -            210     0.023   12.7   0.1   1   2   0.00052      0.29    9.1   0.0   151   193    64   106    46   118 0.84 NODE_24_length_79963_cov_36.490030_3 # 1520 # 2296 # -1 # ID=24_3;partial=00;start_type=ATG;rbs_motif=AGGAG;rbs_spacer=5-10bp;gc_cont=0.529
NODE_24_length_79963_cov_36.490030:1520-2296|-     -            259 9465                 -            210     0.023   12.7   0.1   2   2      0.12        65    1.4   0.0   153   194   193   235   190   244 0.81 NODE_24_length_79963_cov_36.490030_3 # 1520 # 2296 # -1 # ID=24_3;partial=00;start_type=ATG;rbs_motif=AGGAG;rbs_spacer=5-10bp;gc_cont=0.529
NODE_5_length_138947_cov_37.421618:123993-125006|+ -            338 9465                 -            210     0.023   12.6   0.1   1   1   9.1e-05     0.051   11.5   0.1   147   203    68   123    63   130 0.87 NODE_5_length_138947_cov_37.421618_106 # 123993 # 125006 # 1 # ID=5_106;partial=00;start_type=ATG;rbs_motif=AGGAG;rbs_spacer=5-10bp;gc_cont=0.565
NODE_10_length_119716_cov_38.250842:27873-28625|+  -            251 9465                 -            210      0.05   11.6   0.0   1   1   0.00014     0.081   10.9   0.0   141   199   174   230   163   233 0.87 NODE_10_length_119716_cov_38.250842_24 # 27873 # 28625 # 1 # ID=10_24;partial=00;start_type=ATG;rbs_motif=None;rbs_spacer=None;gc_cont=0.535
NODE_9_length_123825_cov_37.296666:91620-93086|+   -            489 9465                 -            210      0.44    8.4  11.8   1   1    0.0051       2.9    5.8  11.9   116   196   284   367   220   375 0.66 NODE_9_length_123825_cov_37.296666_80 # 91620 # 93086 # 1 # ID=9_80;partial=00;start_type=ATG;rbs_motif=GGA/GAG/AGG;rbs_spacer=5-10bp;gc_cont=0.544
#
# Program:         hmmsearch
# Version:         3.4 (Aug 2023)
# Pipeline mode:   SEARCH
# Query file:      /home/simonedassisi/busco_downloads/lineages/archaea_odb12/hmms/9465at2157.hmm
# Target file:     home/simonedassisi/Desktop/BUSCO_output/prodigal_output/predicted_genes/predicted.faa
# Option settings: hmmsearch --domtblout home/simonedassisi/Desktop/BUSCO_output/auto_lineage/run_archaea_odb12/hmmer_output/9465at2157.out --cpu 1 /home/simonedassisi/busco_downloads/lineages/archaea_odb12/hmms/9465at2157.hmm home/simonedassisi/Desktop/BUSCO_output/prodigal_output/predicted_genes/predicted.faa 
# Current dir:     /home/simonedassisi
# Date:            Tue Apr  1 14:23:25 2025
# [ok]
