A	C	G	T	N	IUPAC	Other	GC	GC_stdev
0.2459	0.2514	0.2558	0.2470	0.0002	0.0000	0.0000	0.5071	0.0749

Main genome scaffold total:         	1443
Main genome contig total:           	1534
Main genome scaffold sequence total:	5046871
Main genome contig sequence total:  	5045823  	0.021% gap
Main genome scaffold N/L50:         	49/31157
Main genome contig N/L50:           	70/20897
Main genome scaffold N/L90:         	206/4947
Main genome contig N/L90:           	269/4300
Max scaffold length:                	112295
Max contig length:                  	97954
Number of scaffolds > 50 KB:        	23
% main genome in scaffolds > 50 KB: 	30.87%


Minimum 	Number        	Number        	Total         	Total         	Scaffold
Scaffold	of            	of            	Scaffold      	Contig        	Contig  
Length  	Scaffolds     	Contigs       	Length        	Length        	Coverage
--------	--------------	--------------	--------------	--------------	--------
    All 	          1443	          1534	       5046871	       5045823	  99.98%
     50 	          1251	          1342	       5038391	       5037343	  99.98%
    100 	           715	           806	       5002849	       5001801	  99.98%
    250 	           507	           597	       4969957	       4968919	  99.98%
    500 	           414	           504	       4936289	       4935251	  99.98%
   1000 	           346	           434	       4888056	       4887112	  99.98%
   2500 	           262	           347	       4753371	       4752518	  99.98%
   5000 	           205	           286	       4540324	       4539511	  99.98%
  10000 	           135	           210	       4054857	       4054104	  99.98%
  25000 	            60	           116	       2842579	       2842019	  99.98%
  50000 	            23	            49	       1558150	       1557890	  99.98%
 100000 	             1	             2	        112295	        112285	  99.99%

