-------------------------------------
PRODIGAL v2.6.3 [February, 2016]         
Univ of Tenn / Oak Ridge National Lab
Doug Hyatt, Loren Hauser, et al.     
-------------------------------------
Request:  Single Genome, Phase:  Training
Reading in the sequence(s) to train...5064187 bp seq created, 50.53 pct GC
Locating all potential starts and stops...256549 nodes
Looking for GC bias in different frames...frame bias scores: 1.59 0.19 1.22
Building initial set of genes to train from...done!
Creating coding model and scoring nodes...done!
Examining upstream regions and training starts...done!
-------------------------------------
Request:  Single Genome, Phase:  Gene Finding
Finding genes in sequence #1 (630 bp)...done!
Finding genes in sequence #2 (91 bp)...done!
Finding genes in sequence #3 (81 bp)...done!
Finding genes in sequence #4 (1091 bp)...done!
Finding genes in sequence #5 (72 bp)...done!
Finding genes in sequence #6 (21216 bp)...done!
Finding genes in sequence #7 (48 bp)...done!
Finding genes in sequence #8 (55 bp)...done!
Finding genes in sequence #9 (66 bp)...done!
Finding genes in sequence #10 (71 bp)...done!
Finding genes in sequence #11 (51 bp)...done!
Finding genes in sequence #12 (5559 bp)...done!
Finding genes in sequence #13 (4323 bp)...done!
Finding genes in sequence #14 (10350 bp)...done!
Finding genes in sequence #15 (49 bp)...done!
Finding genes in sequence #16 (56 bp)...done!
Finding genes in sequence #17 (8887 bp)...done!
Finding genes in sequence #18 (346 bp)...done!
Finding genes in sequence #19 (642 bp)...done!
Finding genes in sequence #20 (5487 bp)...done!
Finding genes in sequence #21 (1333 bp)...done!
Finding genes in sequence #22 (52 bp)...done!
Finding genes in sequence #23 (41 bp)...done!
Finding genes in sequence #24 (16910 bp)...done!
Finding genes in sequence #25 (67 bp)...done!
Finding genes in sequence #26 (69 bp)...done!
Finding genes in sequence #27 (68 bp)...done!
Finding genes in sequence #28 (68 bp)...done!
Finding genes in sequence #29 (68 bp)...done!
Finding genes in sequence #30 (70 bp)...done!
Finding genes in sequence #31 (69 bp)...done!
Finding genes in sequence #32 (13026 bp)...done!
Finding genes in sequence #33 (14911 bp)...done!
Finding genes in sequence #34 (67 bp)...done!
Finding genes in sequence #35 (7699 bp)...done!
Finding genes in sequence #36 (130 bp)...done!
Finding genes in sequence #37 (7491 bp)...done!
Finding genes in sequence #38 (74718 bp)...done!
Finding genes in sequence #39 (259 bp)...done!
Finding genes in sequence #40 (666 bp)...done!
Finding genes in sequence #41 (15433 bp)...done!
Finding genes in sequence #42 (57 bp)...done!
Finding genes in sequence #43 (5940 bp)...done!
Finding genes in sequence #44 (6576 bp)...done!
Finding genes in sequence #45 (7441 bp)...done!
Finding genes in sequence #46 (451 bp)...done!
Finding genes in sequence #47 (21164 bp)...done!
Finding genes in sequence #48 (49 bp)...done!
Finding genes in sequence #49 (47 bp)...done!
Finding genes in sequence #50 (63 bp)...done!
Finding genes in sequence #51 (127 bp)...done!
Finding genes in sequence #52 (65856 bp)...done!
Finding genes in sequence #53 (78 bp)...done!
Finding genes in sequence #54 (157 bp)...done!
Finding genes in sequence #55 (77 bp)...done!
Finding genes in sequence #56 (62 bp)...done!
Finding genes in sequence #57 (221 bp)...done!
Finding genes in sequence #58 (290 bp)...done!
Finding genes in sequence #59 (8395 bp)...done!
Finding genes in sequence #60 (44 bp)...done!
Finding genes in sequence #61 (42 bp)...done!
Finding genes in sequence #62 (4912 bp)...done!
Finding genes in sequence #63 (43 bp)...done!
Finding genes in sequence #64 (109 bp)...done!
Finding genes in sequence #65 (149 bp)...done!
Finding genes in sequence #66 (74 bp)...done!
Finding genes in sequence #67 (131 bp)...done!
Finding genes in sequence #68 (77 bp)...done!
Finding genes in sequence #69 (18172 bp)...done!
Finding genes in sequence #70 (50 bp)...done!
Finding genes in sequence #71 (43 bp)...done!
Finding genes in sequence #72 (58 bp)...done!
Finding genes in sequence #73 (63 bp)...done!
Finding genes in sequence #74 (60028 bp)...done!
Finding genes in sequence #75 (56 bp)...done!
Finding genes in sequence #76 (10297 bp)...done!
Finding genes in sequence #77 (24825 bp)...done!
Finding genes in sequence #78 (56 bp)...done!
Finding genes in sequence #79 (73 bp)...done!
Finding genes in sequence #80 (4760 bp)...done!
Finding genes in sequence #81 (58 bp)...done!
Finding genes in sequence #82 (41200 bp)...done!
Finding genes in sequence #83 (63 bp)...done!
Finding genes in sequence #84 (52 bp)...done!
Finding genes in sequence #85 (65 bp)...done!
Finding genes in sequence #86 (136 bp)...done!
Finding genes in sequence #87 (50 bp)...done!
Finding genes in sequence #88 (66 bp)...done!
Finding genes in sequence #89 (323 bp)...done!
Finding genes in sequence #90 (63 bp)...done!
Finding genes in sequence #91 (31326 bp)...done!
Finding genes in sequence #92 (1697 bp)...done!
Finding genes in sequence #93 (53 bp)...done!
Finding genes in sequence #94 (57 bp)...done!
Finding genes in sequence #95 (65 bp)...done!
Finding genes in sequence #96 (114 bp)...done!
Finding genes in sequence #97 (43 bp)...done!
Finding genes in sequence #98 (24184 bp)...done!
Finding genes in sequence #99 (65 bp)...done!
Finding genes in sequence #100 (55 bp)...done!
Finding genes in sequence #101 (1623 bp)...done!
Finding genes in sequence #102 (6467 bp)...done!
Finding genes in sequence #103 (13596 bp)...done!
Finding genes in sequence #104 (411 bp)...done!
Finding genes in sequence #105 (26337 bp)...done!
Finding genes in sequence #106 (56 bp)...done!
Finding genes in sequence #107 (2323 bp)...done!
Finding genes in sequence #108 (1329 bp)...done!
Finding genes in sequence #109 (3681 bp)...done!
Finding genes in sequence #110 (5303 bp)...done!
Finding genes in sequence #111 (2372 bp)...done!
Finding genes in sequence #112 (477 bp)...done!
Finding genes in sequence #113 (5966 bp)...done!
Finding genes in sequence #114 (9524 bp)...done!
Finding genes in sequence #115 (76 bp)...done!
Finding genes in sequence #116 (43 bp)...done!
Finding genes in sequence #117 (1664 bp)...done!
Finding genes in sequence #118 (1907 bp)...done!
Finding genes in sequence #119 (1382 bp)...done!
Finding genes in sequence #120 (5197 bp)...done!
Finding genes in sequence #121 (115 bp)...done!
Finding genes in sequence #122 (58 bp)...done!
Finding genes in sequence #123 (6593 bp)...done!
Finding genes in sequence #124 (1497 bp)...done!
Finding genes in sequence #125 (1958 bp)...done!
Finding genes in sequence #126 (729 bp)...done!
Finding genes in sequence #127 (985 bp)...done!
Finding genes in sequence #128 (152 bp)...done!
Finding genes in sequence #129 (63 bp)...done!
Finding genes in sequence #130 (176 bp)...done!
Finding genes in sequence #131 (70 bp)...done!
Finding genes in sequence #132 (81 bp)...done!
Finding genes in sequence #133 (52 bp)...done!
Finding genes in sequence #134 (754 bp)...done!
Finding genes in sequence #135 (314 bp)...done!
Finding genes in sequence #136 (1749 bp)...done!
Finding genes in sequence #137 (593 bp)...done!
Finding genes in sequence #138 (134 bp)...done!
Finding genes in sequence #139 (2354 bp)...done!
Finding genes in sequence #140 (194 bp)...done!
Finding genes in sequence #141 (127 bp)...done!
Finding genes in sequence #142 (341 bp)...done!
Finding genes in sequence #143 (101 bp)...done!
Finding genes in sequence #144 (235 bp)...done!
Finding genes in sequence #145 (367 bp)...done!
Finding genes in sequence #146 (309 bp)...done!
Finding genes in sequence #147 (143 bp)...done!
Finding genes in sequence #148 (227 bp)...done!
Finding genes in sequence #149 (192 bp)...done!
Finding genes in sequence #150 (100 bp)...done!
Finding genes in sequence #151 (79 bp)...done!
Finding genes in sequence #152 (8632 bp)...done!
Finding genes in sequence #153 (49 bp)...done!
Finding genes in sequence #154 (95 bp)...done!
Finding genes in sequence #155 (41 bp)...done!
Finding genes in sequence #156 (41 bp)...done!
Finding genes in sequence #157 (42 bp)...done!
Finding genes in sequence #158 (2222 bp)...done!
Finding genes in sequence #159 (57 bp)...done!
Finding genes in sequence #160 (79095 bp)...done!
Finding genes in sequence #161 (42 bp)...done!
Finding genes in sequence #162 (59 bp)...done!
Finding genes in sequence #163 (60 bp)...done!
Finding genes in sequence #164 (95 bp)...done!
Finding genes in sequence #165 (1147 bp)...done!
Finding genes in sequence #166 (10060 bp)...done!
Finding genes in sequence #167 (3051 bp)...done!
Finding genes in sequence #168 (407 bp)...done!
Finding genes in sequence #169 (418 bp)...done!
Finding genes in sequence #170 (96 bp)...done!
Finding genes in sequence #171 (482 bp)...done!
Finding genes in sequence #172 (103 bp)...done!
Finding genes in sequence #173 (21263 bp)...done!
Finding genes in sequence #174 (67 bp)...done!
Finding genes in sequence #175 (142 bp)...done!
Finding genes in sequence #176 (242 bp)...done!
Finding genes in sequence #177 (113 bp)...done!
Finding genes in sequence #178 (1616 bp)...done!
Finding genes in sequence #179 (46 bp)...done!
Finding genes in sequence #180 (50 bp)...done!
Finding genes in sequence #181 (392 bp)...done!
Finding genes in sequence #182 (212 bp)...done!
Finding genes in sequence #183 (91 bp)...done!
Finding genes in sequence #184 (650 bp)...done!
Finding genes in sequence #185 (152 bp)...done!
Finding genes in sequence #186 (383 bp)...done!
Finding genes in sequence #187 (455 bp)...done!
Finding genes in sequence #188 (68 bp)...done!
Finding genes in sequence #189 (882 bp)...done!
Finding genes in sequence #190 (41 bp)...done!
Finding genes in sequence #191 (77 bp)...done!
Finding genes in sequence #192 (1667 bp)...done!
Finding genes in sequence #193 (423 bp)...done!
Finding genes in sequence #194 (89 bp)...done!
Finding genes in sequence #195 (6683 bp)...done!
Finding genes in sequence #196 (21729 bp)...done!
Finding genes in sequence #197 (48 bp)...done!
Finding genes in sequence #198 (55 bp)...done!
Finding genes in sequence #199 (202 bp)...done!
Finding genes in sequence #200 (70 bp)...done!
Finding genes in sequence #201 (41 bp)...done!
Finding genes in sequence #202 (87 bp)...done!
Finding genes in sequence #203 (69 bp)...done!
Finding genes in sequence #204 (53 bp)...done!
Finding genes in sequence #205 (50 bp)...done!
Finding genes in sequence #206 (53 bp)...done!
Finding genes in sequence #207 (61 bp)...done!
Finding genes in sequence #208 (7060 bp)...done!
Finding genes in sequence #209 (197 bp)...done!
Finding genes in sequence #210 (85 bp)...done!
Finding genes in sequence #211 (26378 bp)...done!
Finding genes in sequence #212 (20616 bp)...done!
Finding genes in sequence #213 (64 bp)...done!
Finding genes in sequence #214 (1421 bp)...done!
Finding genes in sequence #215 (1618 bp)...done!
Finding genes in sequence #216 (65 bp)...done!
Finding genes in sequence #217 (443 bp)...done!
Finding genes in sequence #218 (68 bp)...done!
Finding genes in sequence #219 (291 bp)...done!
Finding genes in sequence #220 (64 bp)...done!
Finding genes in sequence #221 (443 bp)...done!
Finding genes in sequence #222 (241 bp)...done!
Finding genes in sequence #223 (85 bp)...done!
Finding genes in sequence #224 (422 bp)...done!
Finding genes in sequence #225 (61 bp)...done!
Finding genes in sequence #226 (54 bp)...done!
Finding genes in sequence #227 (65 bp)...done!
Finding genes in sequence #228 (88 bp)...done!
Finding genes in sequence #229 (251 bp)...done!
Finding genes in sequence #230 (65 bp)...done!
Finding genes in sequence #231 (92 bp)...done!
Finding genes in sequence #232 (65 bp)...done!
Finding genes in sequence #233 (48 bp)...done!
Finding genes in sequence #234 (200 bp)...done!
Finding genes in sequence #235 (200 bp)...done!
Finding genes in sequence #236 (137 bp)...done!
Finding genes in sequence #237 (89 bp)...done!
Finding genes in sequence #238 (64 bp)...done!
Finding genes in sequence #239 (69 bp)...done!
Finding genes in sequence #240 (185 bp)...done!
Finding genes in sequence #241 (644 bp)...done!
Finding genes in sequence #242 (53 bp)...done!
Finding genes in sequence #243 (50 bp)...done!
Finding genes in sequence #244 (105 bp)...done!
Finding genes in sequence #245 (122 bp)...done!
Finding genes in sequence #246 (2387 bp)...done!
Finding genes in sequence #247 (1537 bp)...done!
Finding genes in sequence #248 (10851 bp)...done!
Finding genes in sequence #249 (69 bp)...done!
Finding genes in sequence #250 (56 bp)...done!
Finding genes in sequence #251 (116 bp)...done!
Finding genes in sequence #252 (270 bp)...done!
Finding genes in sequence #253 (69 bp)...done!
Finding genes in sequence #254 (43 bp)...done!
Finding genes in sequence #255 (62 bp)...done!
Finding genes in sequence #256 (46 bp)...done!
Finding genes in sequence #257 (39338 bp)...done!
Finding genes in sequence #258 (15674 bp)...done!
Finding genes in sequence #259 (1077 bp)...done!
Finding genes in sequence #260 (5264 bp)...done!
Finding genes in sequence #261 (60 bp)...done!
Finding genes in sequence #262 (75 bp)...done!
Finding genes in sequence #263 (63 bp)...done!
Finding genes in sequence #264 (57 bp)...done!
Finding genes in sequence #265 (35157 bp)...done!
Finding genes in sequence #266 (50684 bp)...done!
Finding genes in sequence #267 (8789 bp)...done!
Finding genes in sequence #268 (69 bp)...done!
Finding genes in sequence #269 (6056 bp)...done!
Finding genes in sequence #270 (342 bp)...done!
Finding genes in sequence #271 (3579 bp)...done!
Finding genes in sequence #272 (55 bp)...done!
Finding genes in sequence #273 (905 bp)...done!
Finding genes in sequence #274 (177 bp)...done!
Finding genes in sequence #275 (3358 bp)...done!
Finding genes in sequence #276 (62 bp)...done!
Finding genes in sequence #277 (31157 bp)...done!
Finding genes in sequence #278 (46 bp)...done!
Finding genes in sequence #279 (56 bp)...done!
Finding genes in sequence #280 (65 bp)...done!
Finding genes in sequence #281 (38661 bp)...done!
Finding genes in sequence #282 (10721 bp)...done!
Finding genes in sequence #283 (9885 bp)...done!
Finding genes in sequence #284 (8495 bp)...done!
Finding genes in sequence #285 (18989 bp)...done!
Finding genes in sequence #286 (51 bp)...done!
Finding genes in sequence #287 (21790 bp)...done!
Finding genes in sequence #288 (36661 bp)...done!
Finding genes in sequence #289 (41 bp)...done!
Finding genes in sequence #290 (45 bp)...done!
Finding genes in sequence #291 (53 bp)...done!
Finding genes in sequence #292 (70 bp)...done!
Finding genes in sequence #293 (59 bp)...done!
Finding genes in sequence #294 (43 bp)...done!
Finding genes in sequence #295 (3612 bp)...done!
Finding genes in sequence #296 (25656 bp)...done!
Finding genes in sequence #297 (3974 bp)...done!
Finding genes in sequence #298 (65 bp)...done!
Finding genes in sequence #299 (90521 bp)...done!
Finding genes in sequence #300 (131 bp)...done!
Finding genes in sequence #301 (11937 bp)...done!
Finding genes in sequence #302 (44 bp)...done!
Finding genes in sequence #303 (65 bp)...done!
Finding genes in sequence #304 (2198 bp)...done!
Finding genes in sequence #305 (52 bp)...done!
Finding genes in sequence #306 (55 bp)...done!
Finding genes in sequence #307 (99 bp)...done!
Finding genes in sequence #308 (1008 bp)...done!
Finding genes in sequence #309 (21956 bp)...done!
Finding genes in sequence #310 (61 bp)...done!
Finding genes in sequence #311 (285 bp)...done!
Finding genes in sequence #312 (68 bp)...done!
Finding genes in sequence #313 (45 bp)...done!
Finding genes in sequence #314 (42 bp)...done!
Finding genes in sequence #315 (161 bp)...done!
Finding genes in sequence #316 (47 bp)...done!
Finding genes in sequence #317 (47 bp)...done!
Finding genes in sequence #318 (59 bp)...done!
Finding genes in sequence #319 (56 bp)...done!
Finding genes in sequence #320 (64 bp)...done!
Finding genes in sequence #321 (64 bp)...done!
Finding genes in sequence #322 (96 bp)...done!
Finding genes in sequence #323 (98 bp)...done!
Finding genes in sequence #324 (80 bp)...done!
Finding genes in sequence #325 (3796 bp)...done!
Finding genes in sequence #326 (706 bp)...done!
Finding genes in sequence #327 (276 bp)...done!
Finding genes in sequence #328 (647 bp)...done!
Finding genes in sequence #329 (154 bp)...done!
Finding genes in sequence #330 (3541 bp)...done!
Finding genes in sequence #331 (44 bp)...done!
Finding genes in sequence #332 (231 bp)...done!
Finding genes in sequence #333 (305 bp)...done!
Finding genes in sequence #334 (41 bp)...done!
Finding genes in sequence #335 (65 bp)...done!
Finding genes in sequence #336 (303 bp)...done!
Finding genes in sequence #337 (41 bp)...done!
Finding genes in sequence #338 (266 bp)...done!
Finding genes in sequence #339 (55 bp)...done!
Finding genes in sequence #340 (64 bp)...done!
Finding genes in sequence #341 (255 bp)...done!
Finding genes in sequence #342 (48 bp)...done!
Finding genes in sequence #343 (215 bp)...done!
Finding genes in sequence #344 (42 bp)...done!
Finding genes in sequence #345 (185 bp)...done!
Finding genes in sequence #346 (41 bp)...done!
Finding genes in sequence #347 (47898 bp)...done!
Finding genes in sequence #348 (135 bp)...done!
Finding genes in sequence #349 (9081 bp)...done!
Finding genes in sequence #350 (69 bp)...done!
Finding genes in sequence #351 (87 bp)...done!
Finding genes in sequence #352 (240 bp)...done!
Finding genes in sequence #353 (3287 bp)...done!
Finding genes in sequence #354 (13230 bp)...done!
Finding genes in sequence #355 (1629 bp)...done!
Finding genes in sequence #356 (1636 bp)...done!
Finding genes in sequence #357 (11960 bp)...done!
Finding genes in sequence #358 (43 bp)...done!
Finding genes in sequence #359 (54 bp)...done!
Finding genes in sequence #360 (71 bp)...done!
Finding genes in sequence #361 (63413 bp)...done!
Finding genes in sequence #362 (48 bp)...done!
Finding genes in sequence #363 (22698 bp)...done!
Finding genes in sequence #364 (52 bp)...done!
Finding genes in sequence #365 (41 bp)...done!
Finding genes in sequence #366 (61 bp)...done!
Finding genes in sequence #367 (49 bp)...done!
Finding genes in sequence #368 (55 bp)...done!
Finding genes in sequence #369 (31503 bp)...done!
Finding genes in sequence #370 (42 bp)...done!
Finding genes in sequence #371 (18397 bp)...done!
Finding genes in sequence #372 (90 bp)...done!
Finding genes in sequence #373 (157 bp)...done!
Finding genes in sequence #374 (134 bp)...done!
Finding genes in sequence #375 (35801 bp)...done!
Finding genes in sequence #376 (49 bp)...done!
Finding genes in sequence #377 (138 bp)...done!
Finding genes in sequence #378 (14912 bp)...done!
Finding genes in sequence #379 (11649 bp)...done!
Finding genes in sequence #380 (14313 bp)...done!
Finding genes in sequence #381 (18940 bp)...done!
Finding genes in sequence #382 (6521 bp)...done!
Finding genes in sequence #383 (8421 bp)...done!
Finding genes in sequence #384 (62 bp)...done!
Finding genes in sequence #385 (41 bp)...done!
Finding genes in sequence #386 (95441 bp)...done!
Finding genes in sequence #387 (45 bp)...done!
Finding genes in sequence #388 (102 bp)...done!
Finding genes in sequence #389 (66 bp)...done!
Finding genes in sequence #390 (89 bp)...done!
Finding genes in sequence #391 (94 bp)...done!
Finding genes in sequence #392 (132 bp)...done!
Finding genes in sequence #393 (121 bp)...done!
Finding genes in sequence #394 (62 bp)...done!
Finding genes in sequence #395 (154 bp)...done!
Finding genes in sequence #396 (70 bp)...done!
Finding genes in sequence #397 (593 bp)...done!
Finding genes in sequence #398 (101 bp)...done!
Finding genes in sequence #399 (65 bp)...done!
Finding genes in sequence #400 (244 bp)...done!
Finding genes in sequence #401 (153 bp)...done!
Finding genes in sequence #402 (47 bp)...done!
Finding genes in sequence #403 (46 bp)...done!
Finding genes in sequence #404 (85 bp)...done!
Finding genes in sequence #405 (50 bp)...done!
Finding genes in sequence #406 (49 bp)...done!
Finding genes in sequence #407 (57 bp)...done!
Finding genes in sequence #408 (59 bp)...done!
Finding genes in sequence #409 (46 bp)...done!
Finding genes in sequence #410 (96 bp)...done!
Finding genes in sequence #411 (50 bp)...done!
Finding genes in sequence #412 (41 bp)...done!
Finding genes in sequence #413 (121 bp)...done!
Finding genes in sequence #414 (46 bp)...done!
Finding genes in sequence #415 (343 bp)...done!
Finding genes in sequence #416 (84 bp)...done!
Finding genes in sequence #417 (290 bp)...done!
Finding genes in sequence #418 (52 bp)...done!
Finding genes in sequence #419 (51532 bp)...done!
Finding genes in sequence #420 (70 bp)...done!
Finding genes in sequence #421 (41 bp)...done!
Finding genes in sequence #422 (227 bp)...done!
Finding genes in sequence #423 (24364 bp)...done!
Finding genes in sequence #424 (5533 bp)...done!
Finding genes in sequence #425 (593 bp)...done!
Finding genes in sequence #426 (65 bp)...done!
Finding genes in sequence #427 (5529 bp)...done!
Finding genes in sequence #428 (19622 bp)...done!
Finding genes in sequence #429 (56 bp)...done!
Finding genes in sequence #430 (8177 bp)...done!
Finding genes in sequence #431 (7808 bp)...done!
Finding genes in sequence #432 (13264 bp)...done!
Finding genes in sequence #433 (56 bp)...done!
Finding genes in sequence #434 (45 bp)...done!
Finding genes in sequence #435 (47 bp)...done!
Finding genes in sequence #436 (51 bp)...done!
Finding genes in sequence #437 (45 bp)...done!
Finding genes in sequence #438 (78252 bp)...done!
Finding genes in sequence #439 (143 bp)...done!
Finding genes in sequence #440 (121 bp)...done!
Finding genes in sequence #441 (59 bp)...done!
Finding genes in sequence #442 (63443 bp)...done!
Finding genes in sequence #443 (69 bp)...done!
Finding genes in sequence #444 (77 bp)...done!
Finding genes in sequence #445 (47 bp)...done!
Finding genes in sequence #446 (7965 bp)...done!
Finding genes in sequence #447 (3889 bp)...done!
Finding genes in sequence #448 (4649 bp)...done!
Finding genes in sequence #449 (6884 bp)...done!
Finding genes in sequence #450 (67 bp)...done!
Finding genes in sequence #451 (43 bp)...done!
Finding genes in sequence #452 (35521 bp)...done!
Finding genes in sequence #453 (4750 bp)...done!
Finding genes in sequence #454 (315 bp)...done!
Finding genes in sequence #455 (94 bp)...done!
Finding genes in sequence #456 (1931 bp)...done!
Finding genes in sequence #457 (55 bp)...done!
Finding genes in sequence #458 (43 bp)...done!
Finding genes in sequence #459 (65 bp)...done!
Finding genes in sequence #460 (49 bp)...done!
Finding genes in sequence #461 (56 bp)...done!
Finding genes in sequence #462 (58 bp)...done!
Finding genes in sequence #463 (73 bp)...done!
Finding genes in sequence #464 (100 bp)...done!
Finding genes in sequence #465 (110 bp)...done!
Finding genes in sequence #466 (47 bp)...done!
Finding genes in sequence #467 (241 bp)...done!
Finding genes in sequence #468 (133 bp)...done!
Finding genes in sequence #469 (91 bp)...done!
Finding genes in sequence #470 (156 bp)...done!
Finding genes in sequence #471 (81 bp)...done!
Finding genes in sequence #472 (284 bp)...done!
Finding genes in sequence #473 (19451 bp)...done!
Finding genes in sequence #474 (89 bp)...done!
Finding genes in sequence #475 (101 bp)...done!
Finding genes in sequence #476 (74 bp)...done!
Finding genes in sequence #477 (47 bp)...done!
Finding genes in sequence #478 (10041 bp)...done!
Finding genes in sequence #479 (41 bp)...done!
Finding genes in sequence #480 (12199 bp)...done!
Finding genes in sequence #481 (8097 bp)...done!
Finding genes in sequence #482 (47 bp)...done!
Finding genes in sequence #483 (1828 bp)...done!
Finding genes in sequence #484 (51858 bp)...done!
Finding genes in sequence #485 (37044 bp)...done!
Finding genes in sequence #486 (143 bp)...done!
Finding genes in sequence #487 (41 bp)...done!
Finding genes in sequence #488 (53193 bp)...done!
Finding genes in sequence #489 (53 bp)...done!
Finding genes in sequence #490 (65 bp)...done!
Finding genes in sequence #491 (70 bp)...done!
Finding genes in sequence #492 (56 bp)...done!
Finding genes in sequence #493 (113 bp)...done!
Finding genes in sequence #494 (56 bp)...done!
Finding genes in sequence #495 (56 bp)...done!
Finding genes in sequence #496 (71 bp)...done!
Finding genes in sequence #497 (26875 bp)...done!
Finding genes in sequence #498 (526 bp)...done!
Finding genes in sequence #499 (14143 bp)...done!
Finding genes in sequence #500 (10498 bp)...done!
Finding genes in sequence #501 (41 bp)...done!
Finding genes in sequence #502 (57 bp)...done!
Finding genes in sequence #503 (84 bp)...done!
Finding genes in sequence #504 (66 bp)...done!
Finding genes in sequence #505 (50 bp)...done!
Finding genes in sequence #506 (2382 bp)...done!
Finding genes in sequence #507 (12634 bp)...done!
Finding genes in sequence #508 (7060 bp)...done!
Finding genes in sequence #509 (5593 bp)...done!
Finding genes in sequence #510 (113 bp)...done!
Finding genes in sequence #511 (88 bp)...done!
Finding genes in sequence #512 (782 bp)...done!
Finding genes in sequence #513 (3057 bp)...done!
Finding genes in sequence #514 (65 bp)...done!
Finding genes in sequence #515 (41 bp)...done!
Finding genes in sequence #516 (64379 bp)...done!
Finding genes in sequence #517 (235 bp)...done!
Finding genes in sequence #518 (1978 bp)...done!
Finding genes in sequence #519 (127 bp)...done!
Finding genes in sequence #520 (576 bp)...done!
Finding genes in sequence #521 (549 bp)...done!
Finding genes in sequence #522 (52 bp)...done!
Finding genes in sequence #523 (41 bp)...done!
Finding genes in sequence #524 (47 bp)...done!
Finding genes in sequence #525 (21864 bp)...done!
Finding genes in sequence #526 (55 bp)...done!
Finding genes in sequence #527 (60 bp)...done!
Finding genes in sequence #528 (4182 bp)...done!
Finding genes in sequence #529 (78326 bp)...done!
Finding genes in sequence #530 (60 bp)...done!
Finding genes in sequence #531 (52 bp)...done!
Finding genes in sequence #532 (4204 bp)...done!
Finding genes in sequence #533 (68 bp)...done!
Finding genes in sequence #534 (176 bp)...done!
Finding genes in sequence #535 (5229 bp)...done!
Finding genes in sequence #536 (141 bp)...done!
Finding genes in sequence #537 (51 bp)...done!
Finding genes in sequence #538 (44 bp)...done!
Finding genes in sequence #539 (41 bp)...done!
Finding genes in sequence #540 (7645 bp)...done!
Finding genes in sequence #541 (41 bp)...done!
Finding genes in sequence #542 (109 bp)...done!
Finding genes in sequence #543 (50 bp)...done!
Finding genes in sequence #544 (238 bp)...done!
Finding genes in sequence #545 (98 bp)...done!
Finding genes in sequence #546 (151 bp)...done!
Finding genes in sequence #547 (60 bp)...done!
Finding genes in sequence #548 (54 bp)...done!
Finding genes in sequence #549 (43 bp)...done!
Finding genes in sequence #550 (68 bp)...done!
Finding genes in sequence #551 (11351 bp)...done!
Finding genes in sequence #552 (351 bp)...done!
Finding genes in sequence #553 (161 bp)...done!
Finding genes in sequence #554 (224 bp)...done!
Finding genes in sequence #555 (17429 bp)...done!
Finding genes in sequence #556 (127 bp)...done!
Finding genes in sequence #557 (581 bp)...done!
Finding genes in sequence #558 (6609 bp)...done!
Finding genes in sequence #559 (82 bp)...done!
Finding genes in sequence #560 (70 bp)...done!
Finding genes in sequence #561 (45196 bp)...done!
Finding genes in sequence #562 (70 bp)...done!
Finding genes in sequence #563 (838 bp)...done!
Finding genes in sequence #564 (336 bp)...done!
Finding genes in sequence #565 (198 bp)...done!
Finding genes in sequence #566 (198 bp)...done!
Finding genes in sequence #567 (951 bp)...done!
Finding genes in sequence #568 (4236 bp)...done!
Finding genes in sequence #569 (104 bp)...done!
Finding genes in sequence #570 (71 bp)...done!
Finding genes in sequence #571 (157 bp)...done!
Finding genes in sequence #572 (51 bp)...done!
Finding genes in sequence #573 (58 bp)...done!
Finding genes in sequence #574 (722 bp)...done!
Finding genes in sequence #575 (41 bp)...done!
Finding genes in sequence #576 (60 bp)...done!
Finding genes in sequence #577 (67 bp)...done!
Finding genes in sequence #578 (61 bp)...done!
Finding genes in sequence #579 (111 bp)...done!
Finding genes in sequence #580 (47 bp)...done!
Finding genes in sequence #581 (59 bp)...done!
Finding genes in sequence #582 (112 bp)...done!
Finding genes in sequence #583 (41 bp)...done!
Finding genes in sequence #584 (439 bp)...done!
Finding genes in sequence #585 (59 bp)...done!
Finding genes in sequence #586 (170 bp)...done!
Finding genes in sequence #587 (466 bp)...done!
Finding genes in sequence #588 (193 bp)...done!
Finding genes in sequence #589 (56 bp)...done!
Finding genes in sequence #590 (110 bp)...done!
Finding genes in sequence #591 (238 bp)...done!
Finding genes in sequence #592 (41 bp)...done!
Finding genes in sequence #593 (41 bp)...done!
Finding genes in sequence #594 (47 bp)...done!
Finding genes in sequence #595 (47 bp)...done!
Finding genes in sequence #596 (64 bp)...done!
Finding genes in sequence #597 (54 bp)...done!
Finding genes in sequence #598 (128 bp)...done!
Finding genes in sequence #599 (50 bp)...done!
Finding genes in sequence #600 (53 bp)...done!
Finding genes in sequence #601 (59 bp)...done!
Finding genes in sequence #602 (2525 bp)...done!
Finding genes in sequence #603 (69 bp)...done!
Finding genes in sequence #604 (196 bp)...done!
Finding genes in sequence #605 (58 bp)...done!
Finding genes in sequence #606 (157 bp)...done!
Finding genes in sequence #607 (642 bp)...done!
Finding genes in sequence #608 (1587 bp)...done!
Finding genes in sequence #609 (161 bp)...done!
Finding genes in sequence #610 (63 bp)...done!
Finding genes in sequence #611 (43680 bp)...done!
Finding genes in sequence #612 (8055 bp)...done!
Finding genes in sequence #613 (79 bp)...done!
Finding genes in sequence #614 (41 bp)...done!
Finding genes in sequence #615 (54 bp)...done!
Finding genes in sequence #616 (42 bp)...done!
Finding genes in sequence #617 (49 bp)...done!
Finding genes in sequence #618 (41 bp)...done!
Finding genes in sequence #619 (53 bp)...done!
Finding genes in sequence #620 (49 bp)...done!
Finding genes in sequence #621 (46 bp)...done!
Finding genes in sequence #622 (62 bp)...done!
Finding genes in sequence #623 (42940 bp)...done!
Finding genes in sequence #624 (54 bp)...done!
Finding genes in sequence #625 (2888 bp)...done!
Finding genes in sequence #626 (69 bp)...done!
Finding genes in sequence #627 (85 bp)...done!
Finding genes in sequence #628 (27416 bp)...done!
Finding genes in sequence #629 (4079 bp)...done!
Finding genes in sequence #630 (49 bp)...done!
Finding genes in sequence #631 (95914 bp)...done!
Finding genes in sequence #632 (73 bp)...done!
Finding genes in sequence #633 (52706 bp)...done!
Finding genes in sequence #634 (526 bp)...done!
Finding genes in sequence #635 (1067 bp)...done!
Finding genes in sequence #636 (65 bp)...done!
Finding genes in sequence #637 (59 bp)...done!
Finding genes in sequence #638 (27301 bp)...done!
Finding genes in sequence #639 (10522 bp)...done!
Finding genes in sequence #640 (51 bp)...done!
Finding genes in sequence #641 (44 bp)...done!
Finding genes in sequence #642 (4300 bp)...done!
Finding genes in sequence #643 (19133 bp)...done!
Finding genes in sequence #644 (3390 bp)...done!
Finding genes in sequence #645 (68 bp)...done!
Finding genes in sequence #646 (64 bp)...done!
Finding genes in sequence #647 (47 bp)...done!
Finding genes in sequence #648 (59 bp)...done!
Finding genes in sequence #649 (64 bp)...done!
Finding genes in sequence #650 (18242 bp)...done!
Finding genes in sequence #651 (329 bp)...done!
Finding genes in sequence #652 (59 bp)...done!
Finding genes in sequence #653 (59 bp)...done!
Finding genes in sequence #654 (4433 bp)...done!
Finding genes in sequence #655 (1011 bp)...done!
Finding genes in sequence #656 (126 bp)...done!
Finding genes in sequence #657 (47 bp)...done!
Finding genes in sequence #658 (396 bp)...done!
Finding genes in sequence #659 (58 bp)...done!
Finding genes in sequence #660 (50 bp)...done!
Finding genes in sequence #661 (41 bp)...done!
Finding genes in sequence #662 (33841 bp)...done!
Finding genes in sequence #663 (215 bp)...done!
Finding genes in sequence #664 (68 bp)...done!
Finding genes in sequence #665 (100 bp)...done!
Finding genes in sequence #666 (186 bp)...done!
Finding genes in sequence #667 (1444 bp)...done!
Finding genes in sequence #668 (2039 bp)...done!
Finding genes in sequence #669 (146 bp)...done!
Finding genes in sequence #670 (376 bp)...done!
Finding genes in sequence #671 (90 bp)...done!
Finding genes in sequence #672 (313 bp)...done!
Finding genes in sequence #673 (371 bp)...done!
Finding genes in sequence #674 (204 bp)...done!
Finding genes in sequence #675 (293 bp)...done!
Finding genes in sequence #676 (1639 bp)...done!
Finding genes in sequence #677 (3510 bp)...done!
Finding genes in sequence #678 (2377 bp)...done!
Finding genes in sequence #679 (403 bp)...done!
Finding genes in sequence #680 (104 bp)...done!
Finding genes in sequence #681 (105 bp)...done!
Finding genes in sequence #682 (64 bp)...done!
Finding genes in sequence #683 (48 bp)...done!
Finding genes in sequence #684 (13901 bp)...done!
Finding genes in sequence #685 (70 bp)...done!
Finding genes in sequence #686 (41 bp)...done!
Finding genes in sequence #687 (5517 bp)...done!
Finding genes in sequence #688 (61 bp)...done!
Finding genes in sequence #689 (12970 bp)...done!
Finding genes in sequence #690 (54 bp)...done!
Finding genes in sequence #691 (64 bp)...done!
Finding genes in sequence #692 (60 bp)...done!
Finding genes in sequence #693 (246 bp)...done!
Finding genes in sequence #694 (37812 bp)...done!
Finding genes in sequence #695 (48 bp)...done!
Finding genes in sequence #696 (4431 bp)...done!
Finding genes in sequence #697 (86 bp)...done!
Finding genes in sequence #698 (7242 bp)...done!
Finding genes in sequence #699 (27485 bp)...done!
Finding genes in sequence #700 (464 bp)...done!
Finding genes in sequence #701 (5094 bp)...done!
Finding genes in sequence #702 (792 bp)...done!
Finding genes in sequence #703 (49 bp)...done!
Finding genes in sequence #704 (370 bp)...done!
Finding genes in sequence #705 (136 bp)...done!
Finding genes in sequence #706 (44 bp)...done!
Finding genes in sequence #707 (132 bp)...done!
Finding genes in sequence #708 (36974 bp)...done!
Finding genes in sequence #709 (975 bp)...done!
Finding genes in sequence #710 (64 bp)...done!
Finding genes in sequence #711 (22146 bp)...done!
Finding genes in sequence #712 (112 bp)...done!
Finding genes in sequence #713 (707 bp)...done!
Finding genes in sequence #714 (124 bp)...done!
Finding genes in sequence #715 (10801 bp)...done!
Finding genes in sequence #716 (233 bp)...done!
Finding genes in sequence #717 (433 bp)...done!
Finding genes in sequence #718 (45 bp)...done!
Finding genes in sequence #719 (24657 bp)...done!
Finding genes in sequence #720 (1753 bp)...done!
Finding genes in sequence #721 (524 bp)...done!
Finding genes in sequence #722 (3733 bp)...done!
Finding genes in sequence #723 (2075 bp)...done!
Finding genes in sequence #724 (472 bp)...done!
Finding genes in sequence #725 (862 bp)...done!
Finding genes in sequence #726 (59 bp)...done!
Finding genes in sequence #727 (60 bp)...done!
Finding genes in sequence #728 (110 bp)...done!
Finding genes in sequence #729 (6432 bp)...done!
Finding genes in sequence #730 (261 bp)...done!
Finding genes in sequence #731 (50 bp)...done!
Finding genes in sequence #732 (67 bp)...done!
Finding genes in sequence #733 (41 bp)...done!
Finding genes in sequence #734 (41 bp)...done!
Finding genes in sequence #735 (161 bp)...done!
Finding genes in sequence #736 (68 bp)...done!
Finding genes in sequence #737 (58 bp)...done!
Finding genes in sequence #738 (42 bp)...done!
Finding genes in sequence #739 (61 bp)...done!
Finding genes in sequence #740 (53 bp)...done!
Finding genes in sequence #741 (116 bp)...done!
Finding genes in sequence #742 (53 bp)...done!
Finding genes in sequence #743 (55 bp)...done!
Finding genes in sequence #744 (41 bp)...done!
Finding genes in sequence #745 (345 bp)...done!
Finding genes in sequence #746 (524 bp)...done!
Finding genes in sequence #747 (574 bp)...done!
Finding genes in sequence #748 (71 bp)...done!
Finding genes in sequence #749 (163 bp)...done!
Finding genes in sequence #750 (2660 bp)...done!
Finding genes in sequence #751 (235 bp)...done!
Finding genes in sequence #752 (2640 bp)...done!
Finding genes in sequence #753 (644 bp)...done!
Finding genes in sequence #754 (62 bp)...done!
Finding genes in sequence #755 (76 bp)...done!
Finding genes in sequence #756 (1503 bp)...done!
Finding genes in sequence #757 (1558 bp)...done!
Finding genes in sequence #758 (50 bp)...done!
Finding genes in sequence #759 (390 bp)...done!
Finding genes in sequence #760 (420 bp)...done!
Finding genes in sequence #761 (5127 bp)...done!
Finding genes in sequence #762 (1168 bp)...done!
Finding genes in sequence #763 (10255 bp)...done!
Finding genes in sequence #764 (4416 bp)...done!
Finding genes in sequence #765 (30752 bp)...done!
Finding genes in sequence #766 (68 bp)...done!
Finding genes in sequence #767 (383 bp)...done!
Finding genes in sequence #768 (212 bp)...done!
Finding genes in sequence #769 (51 bp)...done!
Finding genes in sequence #770 (45 bp)...done!
Finding genes in sequence #771 (3108 bp)...done!
Finding genes in sequence #772 (103 bp)...done!
Finding genes in sequence #773 (96 bp)...done!
Finding genes in sequence #774 (78 bp)...done!
Finding genes in sequence #775 (18994 bp)...done!
Finding genes in sequence #776 (75 bp)...done!
Finding genes in sequence #777 (7217 bp)...done!
Finding genes in sequence #778 (274 bp)...done!
Finding genes in sequence #779 (72 bp)...done!
Finding genes in sequence #780 (80 bp)...done!
Finding genes in sequence #781 (6035 bp)...done!
Finding genes in sequence #782 (55 bp)...done!
Finding genes in sequence #783 (53 bp)...done!
Finding genes in sequence #784 (47 bp)...done!
Finding genes in sequence #785 (68056 bp)...done!
Finding genes in sequence #786 (67 bp)...done!
Finding genes in sequence #787 (41 bp)...done!
Finding genes in sequence #788 (60 bp)...done!
Finding genes in sequence #789 (41 bp)...done!
Finding genes in sequence #790 (1706 bp)...done!
Finding genes in sequence #791 (1602 bp)...done!
Finding genes in sequence #792 (3529 bp)...done!
Finding genes in sequence #793 (200 bp)...done!
Finding genes in sequence #794 (64 bp)...done!
Finding genes in sequence #795 (1454 bp)...done!
Finding genes in sequence #796 (52 bp)...done!
Finding genes in sequence #797 (462 bp)...done!
Finding genes in sequence #798 (71 bp)...done!
Finding genes in sequence #799 (43 bp)...done!
Finding genes in sequence #800 (99 bp)...done!
Finding genes in sequence #801 (71 bp)...done!
Finding genes in sequence #802 (92 bp)...done!
Finding genes in sequence #803 (47 bp)...done!
Finding genes in sequence #804 (112 bp)...done!
Finding genes in sequence #805 (188 bp)...done!
Finding genes in sequence #806 (171 bp)...done!
Finding genes in sequence #807 (53 bp)...done!
Finding genes in sequence #808 (49 bp)...done!
Finding genes in sequence #809 (217 bp)...done!
Finding genes in sequence #810 (50 bp)...done!
Finding genes in sequence #811 (56 bp)...done!
Finding genes in sequence #812 (396 bp)...done!
Finding genes in sequence #813 (128 bp)...done!
Finding genes in sequence #814 (85 bp)...done!
Finding genes in sequence #815 (6255 bp)...done!
Finding genes in sequence #816 (53 bp)...done!
Finding genes in sequence #817 (274 bp)...done!
Finding genes in sequence #818 (1998 bp)...done!
Finding genes in sequence #819 (1287 bp)...done!
Finding genes in sequence #820 (298 bp)...done!
Finding genes in sequence #821 (5303 bp)...done!
Finding genes in sequence #822 (2583 bp)...done!
Finding genes in sequence #823 (41 bp)...done!
Finding genes in sequence #824 (44 bp)...done!
Finding genes in sequence #825 (67 bp)...done!
Finding genes in sequence #826 (53 bp)...done!
Finding genes in sequence #827 (64 bp)...done!
Finding genes in sequence #828 (6265 bp)...done!
Finding genes in sequence #829 (82 bp)...done!
Finding genes in sequence #830 (135 bp)...done!
Finding genes in sequence #831 (196 bp)...done!
Finding genes in sequence #832 (66 bp)...done!
Finding genes in sequence #833 (132 bp)...done!
Finding genes in sequence #834 (20337 bp)...done!
Finding genes in sequence #835 (4581 bp)...done!
Finding genes in sequence #836 (53 bp)...done!
Finding genes in sequence #837 (51 bp)...done!
Finding genes in sequence #838 (19039 bp)...done!
Finding genes in sequence #839 (51 bp)...done!
Finding genes in sequence #840 (54 bp)...done!
Finding genes in sequence #841 (914 bp)...done!
Finding genes in sequence #842 (49 bp)...done!
Finding genes in sequence #843 (42 bp)...done!
Finding genes in sequence #844 (54 bp)...done!
Finding genes in sequence #845 (62 bp)...done!
Finding genes in sequence #846 (42227 bp)...done!
Finding genes in sequence #847 (926 bp)...done!
Finding genes in sequence #848 (43 bp)...done!
Finding genes in sequence #849 (1751 bp)...done!
Finding genes in sequence #850 (64 bp)...done!
Finding genes in sequence #851 (350 bp)...done!
Finding genes in sequence #852 (135 bp)...done!
Finding genes in sequence #853 (6061 bp)...done!
Finding genes in sequence #854 (66 bp)...done!
Finding genes in sequence #855 (68 bp)...done!
Finding genes in sequence #856 (62 bp)...done!
Finding genes in sequence #857 (56 bp)...done!
Finding genes in sequence #858 (464 bp)...done!
Finding genes in sequence #859 (699 bp)...done!
Finding genes in sequence #860 (41 bp)...done!
Finding genes in sequence #861 (3996 bp)...done!
Finding genes in sequence #862 (45 bp)...done!
Finding genes in sequence #863 (31776 bp)...done!
Finding genes in sequence #864 (97 bp)...done!
Finding genes in sequence #865 (64 bp)...done!
Finding genes in sequence #866 (56 bp)...done!
Finding genes in sequence #867 (1912 bp)...done!
Finding genes in sequence #868 (52617 bp)...done!
Finding genes in sequence #869 (3601 bp)...done!
Finding genes in sequence #870 (104 bp)...done!
Finding genes in sequence #871 (150 bp)...done!
Finding genes in sequence #872 (82 bp)...done!
Finding genes in sequence #873 (48 bp)...done!
Finding genes in sequence #874 (82 bp)...done!
Finding genes in sequence #875 (42 bp)...done!
Finding genes in sequence #876 (73 bp)...done!
Finding genes in sequence #877 (2959 bp)...done!
Finding genes in sequence #878 (41 bp)...done!
Finding genes in sequence #879 (107 bp)...done!
Finding genes in sequence #880 (62 bp)...done!
Finding genes in sequence #881 (71 bp)...done!
Finding genes in sequence #882 (86 bp)...done!
Finding genes in sequence #883 (170 bp)...done!
Finding genes in sequence #884 (4346 bp)...done!
Finding genes in sequence #885 (102 bp)...done!
Finding genes in sequence #886 (102 bp)...done!
Finding genes in sequence #887 (4687 bp)...done!
Finding genes in sequence #888 (86 bp)...done!
Finding genes in sequence #889 (170 bp)...done!
Finding genes in sequence #890 (41 bp)...done!
Finding genes in sequence #891 (62 bp)...done!
Finding genes in sequence #892 (41 bp)...done!
Finding genes in sequence #893 (77 bp)...done!
Finding genes in sequence #894 (83 bp)...done!
Finding genes in sequence #895 (422 bp)...done!
Finding genes in sequence #896 (83 bp)...done!
Finding genes in sequence #897 (247 bp)...done!
Finding genes in sequence #898 (14563 bp)...done!
Finding genes in sequence #899 (67 bp)...done!
Finding genes in sequence #900 (69 bp)...done!
Finding genes in sequence #901 (1356 bp)...done!
Finding genes in sequence #902 (439 bp)...done!
Finding genes in sequence #903 (914 bp)...done!
Finding genes in sequence #904 (160 bp)...done!
Finding genes in sequence #905 (61 bp)...done!
Finding genes in sequence #906 (65 bp)...done!
Finding genes in sequence #907 (60 bp)...done!
Finding genes in sequence #908 (214 bp)...done!
Finding genes in sequence #909 (90 bp)...done!
Finding genes in sequence #910 (42 bp)...done!
Finding genes in sequence #911 (102 bp)...done!
Finding genes in sequence #912 (70 bp)...done!
Finding genes in sequence #913 (80 bp)...done!
Finding genes in sequence #914 (150 bp)...done!
Finding genes in sequence #915 (47 bp)...done!
Finding genes in sequence #916 (51 bp)...done!
Finding genes in sequence #917 (83 bp)...done!
Finding genes in sequence #918 (42 bp)...done!
Finding genes in sequence #919 (65 bp)...done!
Finding genes in sequence #920 (42 bp)...done!
Finding genes in sequence #921 (86 bp)...done!
Finding genes in sequence #922 (80 bp)...done!
Finding genes in sequence #923 (71 bp)...done!
Finding genes in sequence #924 (65 bp)...done!
Finding genes in sequence #925 (149 bp)...done!
Finding genes in sequence #926 (89 bp)...done!
Finding genes in sequence #927 (3984 bp)...done!
Finding genes in sequence #928 (22868 bp)...done!
Finding genes in sequence #929 (157 bp)...done!
Finding genes in sequence #930 (83 bp)...done!
Finding genes in sequence #931 (2203 bp)...done!
Finding genes in sequence #932 (116 bp)...done!
Finding genes in sequence #933 (68 bp)...done!
Finding genes in sequence #934 (261 bp)...done!
Finding genes in sequence #935 (227 bp)...done!
Finding genes in sequence #936 (96 bp)...done!
Finding genes in sequence #937 (194 bp)...done!
Finding genes in sequence #938 (238 bp)...done!
Finding genes in sequence #939 (53 bp)...done!
Finding genes in sequence #940 (60 bp)...done!
Finding genes in sequence #941 (2342 bp)...done!
Finding genes in sequence #942 (179 bp)...done!
Finding genes in sequence #943 (47 bp)...done!
Finding genes in sequence #944 (64 bp)...done!
Finding genes in sequence #945 (72 bp)...done!
Finding genes in sequence #946 (92 bp)...done!
Finding genes in sequence #947 (228 bp)...done!
Finding genes in sequence #948 (228 bp)...done!
Finding genes in sequence #949 (1632 bp)...done!
Finding genes in sequence #950 (66 bp)...done!
Finding genes in sequence #951 (84 bp)...done!
Finding genes in sequence #952 (43 bp)...done!
Finding genes in sequence #953 (65 bp)...done!
Finding genes in sequence #954 (67 bp)...done!
Finding genes in sequence #955 (234 bp)...done!
Finding genes in sequence #956 (114 bp)...done!
Finding genes in sequence #957 (442 bp)...done!
Finding genes in sequence #958 (52 bp)...done!
Finding genes in sequence #959 (198 bp)...done!
Finding genes in sequence #960 (68 bp)...done!
Finding genes in sequence #961 (14203 bp)...done!
Finding genes in sequence #962 (56 bp)...done!
Finding genes in sequence #963 (48 bp)...done!
Finding genes in sequence #964 (59 bp)...done!
Finding genes in sequence #965 (112 bp)...done!
Finding genes in sequence #966 (261 bp)...done!
Finding genes in sequence #967 (147 bp)...done!
Finding genes in sequence #968 (1214 bp)...done!
Finding genes in sequence #969 (145 bp)...done!
Finding genes in sequence #970 (204 bp)...done!
Finding genes in sequence #971 (43 bp)...done!
Finding genes in sequence #972 (50 bp)...done!
Finding genes in sequence #973 (41 bp)...done!
Finding genes in sequence #974 (58 bp)...done!
Finding genes in sequence #975 (41 bp)...done!
Finding genes in sequence #976 (46 bp)...done!
Finding genes in sequence #977 (105 bp)...done!
Finding genes in sequence #978 (48 bp)...done!
Finding genes in sequence #979 (62 bp)...done!
Finding genes in sequence #980 (41 bp)...done!
Finding genes in sequence #981 (136 bp)...done!
Finding genes in sequence #982 (25607 bp)...done!
Finding genes in sequence #983 (710 bp)...done!
Finding genes in sequence #984 (7798 bp)...done!
Finding genes in sequence #985 (1074 bp)...done!
Finding genes in sequence #986 (6832 bp)...done!
Finding genes in sequence #987 (20185 bp)...done!
Finding genes in sequence #988 (52 bp)...done!
Finding genes in sequence #989 (82 bp)...done!
Finding genes in sequence #990 (2885 bp)...done!
Finding genes in sequence #991 (878 bp)...done!
Finding genes in sequence #992 (64 bp)...done!
Finding genes in sequence #993 (266 bp)...done!
Finding genes in sequence #994 (276 bp)...done!
Finding genes in sequence #995 (479 bp)...done!
Finding genes in sequence #996 (6793 bp)...done!
Finding genes in sequence #997 (67 bp)...done!
Finding genes in sequence #998 (2666 bp)...done!
Finding genes in sequence #999 (62 bp)...done!
Finding genes in sequence #1000 (89 bp)...done!
Finding genes in sequence #1001 (57 bp)...done!
Finding genes in sequence #1002 (109 bp)...done!
Finding genes in sequence #1003 (15160 bp)...done!
Finding genes in sequence #1004 (13519 bp)...done!
Finding genes in sequence #1005 (947 bp)...done!
Finding genes in sequence #1006 (334 bp)...done!
Finding genes in sequence #1007 (55 bp)...done!
Finding genes in sequence #1008 (70 bp)...done!
Finding genes in sequence #1009 (44 bp)...done!
Finding genes in sequence #1010 (101 bp)...done!
Finding genes in sequence #1011 (538 bp)...done!
Finding genes in sequence #1012 (185 bp)...done!
Finding genes in sequence #1013 (53 bp)...done!
Finding genes in sequence #1014 (59 bp)...done!
Finding genes in sequence #1015 (46 bp)...done!
Finding genes in sequence #1016 (42 bp)...done!
Finding genes in sequence #1017 (649 bp)...done!
Finding genes in sequence #1018 (79 bp)...done!
Finding genes in sequence #1019 (61 bp)...done!
Finding genes in sequence #1020 (72 bp)...done!
Finding genes in sequence #1021 (67 bp)...done!
Finding genes in sequence #1022 (66 bp)...done!
Finding genes in sequence #1023 (57 bp)...done!
Finding genes in sequence #1024 (70 bp)...done!
Finding genes in sequence #1025 (74 bp)...done!
Finding genes in sequence #1026 (67 bp)...done!
Finding genes in sequence #1027 (56 bp)...done!
Finding genes in sequence #1028 (1899 bp)...done!
Finding genes in sequence #1029 (89 bp)...done!
Finding genes in sequence #1030 (54 bp)...done!
Finding genes in sequence #1031 (299 bp)...done!
Finding genes in sequence #1032 (1551 bp)...done!
Finding genes in sequence #1033 (146 bp)...done!
Finding genes in sequence #1034 (62 bp)...done!
Finding genes in sequence #1035 (215 bp)...done!
Finding genes in sequence #1036 (2370 bp)...done!
Finding genes in sequence #1037 (527 bp)...done!
Finding genes in sequence #1038 (127 bp)...done!
Finding genes in sequence #1039 (70 bp)...done!
Finding genes in sequence #1040 (75 bp)...done!
Finding genes in sequence #1041 (74 bp)...done!
Finding genes in sequence #1042 (126 bp)...done!
Finding genes in sequence #1043 (838 bp)...done!
Finding genes in sequence #1044 (1034 bp)...done!
Finding genes in sequence #1045 (83 bp)...done!
Finding genes in sequence #1046 (49 bp)...done!
Finding genes in sequence #1047 (131 bp)...done!
Finding genes in sequence #1048 (153 bp)...done!
Finding genes in sequence #1049 (53 bp)...done!
Finding genes in sequence #1050 (229 bp)...done!
Finding genes in sequence #1051 (665 bp)...done!
Finding genes in sequence #1052 (128 bp)...done!
Finding genes in sequence #1053 (85 bp)...done!
Finding genes in sequence #1054 (733 bp)...done!
Finding genes in sequence #1055 (370 bp)...done!
Finding genes in sequence #1056 (20970 bp)...done!
Finding genes in sequence #1057 (12381 bp)...done!
Finding genes in sequence #1058 (39675 bp)...done!
Finding genes in sequence #1059 (16725 bp)...done!
Finding genes in sequence #1060 (4074 bp)...done!
Finding genes in sequence #1061 (5614 bp)...done!
Finding genes in sequence #1062 (6520 bp)...done!
Finding genes in sequence #1063 (27095 bp)...done!
Finding genes in sequence #1064 (49 bp)...done!
Finding genes in sequence #1065 (47 bp)...done!
Finding genes in sequence #1066 (51944 bp)...done!
Finding genes in sequence #1067 (53309 bp)...done!
Finding genes in sequence #1068 (1176 bp)...done!
Finding genes in sequence #1069 (418 bp)...done!
Finding genes in sequence #1070 (56 bp)...done!
Finding genes in sequence #1071 (46 bp)...done!
Finding genes in sequence #1072 (112295 bp)...done!
Finding genes in sequence #1073 (13545 bp)...done!
Finding genes in sequence #1074 (47 bp)...done!
Finding genes in sequence #1075 (44 bp)...done!
Finding genes in sequence #1076 (55 bp)...done!
Finding genes in sequence #1077 (47 bp)...done!
Finding genes in sequence #1078 (30964 bp)...done!
Finding genes in sequence #1079 (50570 bp)...done!
Finding genes in sequence #1080 (62 bp)...done!
Finding genes in sequence #1081 (107 bp)...done!
Finding genes in sequence #1082 (78 bp)...done!
Finding genes in sequence #1083 (66 bp)...done!
Finding genes in sequence #1084 (66 bp)...done!
Finding genes in sequence #1085 (82 bp)...done!
Finding genes in sequence #1086 (8561 bp)...done!
Finding genes in sequence #1087 (69 bp)...done!
Finding genes in sequence #1088 (35350 bp)...done!
Finding genes in sequence #1089 (69 bp)...done!
Finding genes in sequence #1090 (69 bp)...done!
Finding genes in sequence #1091 (70 bp)...done!
Finding genes in sequence #1092 (69 bp)...done!
Finding genes in sequence #1093 (67 bp)...done!
Finding genes in sequence #1094 (107 bp)...done!
Finding genes in sequence #1095 (51 bp)...done!
Finding genes in sequence #1096 (7399 bp)...done!
Finding genes in sequence #1097 (18372 bp)...done!
Finding genes in sequence #1098 (7073 bp)...done!
Finding genes in sequence #1099 (7356 bp)...done!
Finding genes in sequence #1100 (2637 bp)...done!
Finding genes in sequence #1101 (64 bp)...done!
Finding genes in sequence #1102 (712 bp)...done!
Finding genes in sequence #1103 (5753 bp)...done!
Finding genes in sequence #1104 (1040 bp)...done!
Finding genes in sequence #1105 (125 bp)...done!
Finding genes in sequence #1106 (1304 bp)...done!
Finding genes in sequence #1107 (886 bp)...done!
Finding genes in sequence #1108 (406 bp)...done!
Finding genes in sequence #1109 (68 bp)...done!
Finding genes in sequence #1110 (407 bp)...done!
Finding genes in sequence #1111 (1639 bp)...done!
Finding genes in sequence #1112 (164 bp)...done!
Finding genes in sequence #1113 (74 bp)...done!
Finding genes in sequence #1114 (223 bp)...done!
Finding genes in sequence #1115 (277 bp)...done!
Finding genes in sequence #1116 (920 bp)...done!
Finding genes in sequence #1117 (7316 bp)...done!
Finding genes in sequence #1118 (44 bp)...done!
Finding genes in sequence #1119 (134 bp)...done!
Finding genes in sequence #1120 (41 bp)...done!
Finding genes in sequence #1121 (53 bp)...done!
Finding genes in sequence #1122 (83 bp)...done!
Finding genes in sequence #1123 (61 bp)...done!
Finding genes in sequence #1124 (87 bp)...done!
Finding genes in sequence #1125 (83 bp)...done!
Finding genes in sequence #1126 (56 bp)...done!
Finding genes in sequence #1127 (53 bp)...done!
Finding genes in sequence #1128 (11505 bp)...done!
Finding genes in sequence #1129 (11735 bp)...done!
Finding genes in sequence #1130 (5787 bp)...done!
Finding genes in sequence #1131 (53 bp)...done!
Finding genes in sequence #1132 (52 bp)...done!
Finding genes in sequence #1133 (47 bp)...done!
Finding genes in sequence #1134 (3396 bp)...done!
Finding genes in sequence #1135 (52 bp)...done!
Finding genes in sequence #1136 (48 bp)...done!
Finding genes in sequence #1137 (246 bp)...done!
Finding genes in sequence #1138 (109 bp)...done!
Finding genes in sequence #1139 (663 bp)...done!
Finding genes in sequence #1140 (71 bp)...done!
Finding genes in sequence #1141 (59 bp)...done!
Finding genes in sequence #1142 (44 bp)...done!
Finding genes in sequence #1143 (521 bp)...done!
Finding genes in sequence #1144 (63 bp)...done!
Finding genes in sequence #1145 (46 bp)...done!
Finding genes in sequence #1146 (50 bp)...done!
Finding genes in sequence #1147 (68 bp)...done!
Finding genes in sequence #1148 (1254 bp)...done!
Finding genes in sequence #1149 (1059 bp)...done!
Finding genes in sequence #1150 (1609 bp)...done!
Finding genes in sequence #1151 (2648 bp)...done!
Finding genes in sequence #1152 (23811 bp)...done!
Finding genes in sequence #1153 (38457 bp)...done!
Finding genes in sequence #1154 (122 bp)...done!
Finding genes in sequence #1155 (33834 bp)...done!
Finding genes in sequence #1156 (63 bp)...done!
Finding genes in sequence #1157 (13630 bp)...done!
Finding genes in sequence #1158 (522 bp)...done!
Finding genes in sequence #1159 (41 bp)...done!
Finding genes in sequence #1160 (522 bp)...done!
Finding genes in sequence #1161 (41 bp)...done!
Finding genes in sequence #1162 (60 bp)...done!
Finding genes in sequence #1163 (621 bp)...done!
Finding genes in sequence #1164 (41 bp)...done!
Finding genes in sequence #1165 (59 bp)...done!
Finding genes in sequence #1166 (50 bp)...done!
Finding genes in sequence #1167 (53 bp)...done!
Finding genes in sequence #1168 (78 bp)...done!
Finding genes in sequence #1169 (49 bp)...done!
Finding genes in sequence #1170 (68 bp)...done!
Finding genes in sequence #1171 (88 bp)...done!
Finding genes in sequence #1172 (45 bp)...done!
Finding genes in sequence #1173 (57 bp)...done!
Finding genes in sequence #1174 (652 bp)...done!
Finding genes in sequence #1175 (71 bp)...done!
Finding genes in sequence #1176 (48 bp)...done!
Finding genes in sequence #1177 (456 bp)...done!
Finding genes in sequence #1178 (161 bp)...done!
Finding genes in sequence #1179 (43 bp)...done!
Finding genes in sequence #1180 (49 bp)...done!
Finding genes in sequence #1181 (48 bp)...done!
Finding genes in sequence #1182 (180 bp)...done!
Finding genes in sequence #1183 (69 bp)...done!
Finding genes in sequence #1184 (41 bp)...done!
Finding genes in sequence #1185 (59 bp)...done!
Finding genes in sequence #1186 (427 bp)...done!
Finding genes in sequence #1187 (509 bp)...done!
Finding genes in sequence #1188 (76 bp)...done!
Finding genes in sequence #1189 (41 bp)...done!
Finding genes in sequence #1190 (60 bp)...done!
Finding genes in sequence #1191 (92 bp)...done!
Finding genes in sequence #1192 (74 bp)...done!
Finding genes in sequence #1193 (57 bp)...done!
Finding genes in sequence #1194 (71 bp)...done!
Finding genes in sequence #1195 (83 bp)...done!
Finding genes in sequence #1196 (61 bp)...done!
Finding genes in sequence #1197 (43 bp)...done!
Finding genes in sequence #1198 (1018 bp)...done!
Finding genes in sequence #1199 (56 bp)...done!
Finding genes in sequence #1200 (68 bp)...done!
Finding genes in sequence #1201 (4009 bp)...done!
Finding genes in sequence #1202 (1859 bp)...done!
Finding genes in sequence #1203 (179 bp)...done!
Finding genes in sequence #1204 (64 bp)...done!
Finding genes in sequence #1205 (53 bp)...done!
Finding genes in sequence #1206 (68 bp)...done!
Finding genes in sequence #1207 (145 bp)...done!
Finding genes in sequence #1208 (165 bp)...done!
Finding genes in sequence #1209 (48 bp)...done!
Finding genes in sequence #1210 (51 bp)...done!
Finding genes in sequence #1211 (52 bp)...done!
Finding genes in sequence #1212 (66 bp)...done!
Finding genes in sequence #1213 (70 bp)...done!
Finding genes in sequence #1214 (58 bp)...done!
Finding genes in sequence #1215 (54 bp)...done!
Finding genes in sequence #1216 (923 bp)...done!
Finding genes in sequence #1217 (74 bp)...done!
Finding genes in sequence #1218 (69 bp)...done!
Finding genes in sequence #1219 (93 bp)...done!
Finding genes in sequence #1220 (410 bp)...done!
Finding genes in sequence #1221 (59 bp)...done!
Finding genes in sequence #1222 (56 bp)...done!
Finding genes in sequence #1223 (52 bp)...done!
Finding genes in sequence #1224 (1440 bp)...done!
Finding genes in sequence #1225 (9599 bp)...done!
Finding genes in sequence #1226 (820 bp)...done!
Finding genes in sequence #1227 (104 bp)...done!
Finding genes in sequence #1228 (59 bp)...done!
Finding genes in sequence #1229 (68 bp)...done!
Finding genes in sequence #1230 (41 bp)...done!
Finding genes in sequence #1231 (41 bp)...done!
Finding genes in sequence #1232 (46 bp)...done!
Finding genes in sequence #1233 (68 bp)...done!
Finding genes in sequence #1234 (136 bp)...done!
Finding genes in sequence #1235 (212 bp)...done!
Finding genes in sequence #1236 (2947 bp)...done!
Finding genes in sequence #1237 (83 bp)...done!
Finding genes in sequence #1238 (77 bp)...done!
Finding genes in sequence #1239 (83 bp)...done!
Finding genes in sequence #1240 (75 bp)...done!
Finding genes in sequence #1241 (730 bp)...done!
Finding genes in sequence #1242 (1551 bp)...done!
Finding genes in sequence #1243 (297 bp)...done!
Finding genes in sequence #1244 (37301 bp)...done!
Finding genes in sequence #1245 (359 bp)...done!
Finding genes in sequence #1246 (41 bp)...done!
Finding genes in sequence #1247 (71 bp)...done!
Finding genes in sequence #1248 (1512 bp)...done!
Finding genes in sequence #1249 (84 bp)...done!
Finding genes in sequence #1250 (804 bp)...done!
Finding genes in sequence #1251 (65 bp)...done!
Finding genes in sequence #1252 (8777 bp)...done!
Finding genes in sequence #1253 (57 bp)...done!
Finding genes in sequence #1254 (229 bp)...done!
Finding genes in sequence #1255 (10192 bp)...done!
Finding genes in sequence #1256 (4841 bp)...done!
Finding genes in sequence #1257 (83 bp)...done!
Finding genes in sequence #1258 (45 bp)...done!
Finding genes in sequence #1259 (305 bp)...done!
Finding genes in sequence #1260 (44 bp)...done!
Finding genes in sequence #1261 (69 bp)...done!
Finding genes in sequence #1262 (53 bp)...done!
Finding genes in sequence #1263 (65 bp)...done!
Finding genes in sequence #1264 (20897 bp)...done!
Finding genes in sequence #1265 (115 bp)...done!
Finding genes in sequence #1266 (50 bp)...done!
Finding genes in sequence #1267 (50 bp)...done!
Finding genes in sequence #1268 (76 bp)...done!
Finding genes in sequence #1269 (54 bp)...done!
Finding genes in sequence #1270 (77 bp)...done!
Finding genes in sequence #1271 (161 bp)...done!
Finding genes in sequence #1272 (71 bp)...done!
Finding genes in sequence #1273 (62 bp)...done!
Finding genes in sequence #1274 (58 bp)...done!
Finding genes in sequence #1275 (44 bp)...done!
Finding genes in sequence #1276 (41 bp)...done!
Finding genes in sequence #1277 (59 bp)...done!
Finding genes in sequence #1278 (86 bp)...done!
Finding genes in sequence #1279 (53 bp)...done!
Finding genes in sequence #1280 (193 bp)...done!
Finding genes in sequence #1281 (185 bp)...done!
Finding genes in sequence #1282 (56 bp)...done!
Finding genes in sequence #1283 (47 bp)...done!
Finding genes in sequence #1284 (41 bp)...done!
Finding genes in sequence #1285 (108 bp)...done!
Finding genes in sequence #1286 (326 bp)...done!
Finding genes in sequence #1287 (76 bp)...done!
Finding genes in sequence #1288 (44 bp)...done!
Finding genes in sequence #1289 (67 bp)...done!
Finding genes in sequence #1290 (64 bp)...done!
Finding genes in sequence #1291 (42233 bp)...done!
Finding genes in sequence #1292 (226 bp)...done!
Finding genes in sequence #1293 (87 bp)...done!
Finding genes in sequence #1294 (63 bp)...done!
Finding genes in sequence #1295 (5611 bp)...done!
Finding genes in sequence #1296 (5173 bp)...done!
Finding genes in sequence #1297 (1235 bp)...done!
Finding genes in sequence #1298 (67 bp)...done!
Finding genes in sequence #1299 (735 bp)...done!
Finding genes in sequence #1300 (523 bp)...done!
Finding genes in sequence #1301 (41 bp)...done!
Finding genes in sequence #1302 (166 bp)...done!
Finding genes in sequence #1303 (81 bp)...done!
Finding genes in sequence #1304 (177 bp)...done!
Finding genes in sequence #1305 (41 bp)...done!
Finding genes in sequence #1306 (77 bp)...done!
Finding genes in sequence #1307 (162 bp)...done!
Finding genes in sequence #1308 (77 bp)...done!
Finding genes in sequence #1309 (11147 bp)...done!
Finding genes in sequence #1310 (4087 bp)...done!
Finding genes in sequence #1311 (4151 bp)...done!
Finding genes in sequence #1312 (51 bp)...done!
Finding genes in sequence #1313 (1349 bp)...done!
Finding genes in sequence #1314 (250 bp)...done!
Finding genes in sequence #1315 (202 bp)...done!
Finding genes in sequence #1316 (62 bp)...done!
Finding genes in sequence #1317 (195 bp)...done!
Finding genes in sequence #1318 (50 bp)...done!
Finding genes in sequence #1319 (64 bp)...done!
Finding genes in sequence #1320 (173 bp)...done!
Finding genes in sequence #1321 (132 bp)...done!
Finding genes in sequence #1322 (66 bp)...done!
Finding genes in sequence #1323 (50 bp)...done!
Finding genes in sequence #1324 (92 bp)...done!
Finding genes in sequence #1325 (48 bp)...done!
Finding genes in sequence #1326 (65 bp)...done!
Finding genes in sequence #1327 (65 bp)...done!
Finding genes in sequence #1328 (61 bp)...done!
Finding genes in sequence #1329 (85 bp)...done!
Finding genes in sequence #1330 (291 bp)...done!
Finding genes in sequence #1331 (1511 bp)...done!
Finding genes in sequence #1332 (44 bp)...done!
Finding genes in sequence #1333 (80 bp)...done!
Finding genes in sequence #1334 (128 bp)...done!
Finding genes in sequence #1335 (10981 bp)...done!
Finding genes in sequence #1336 (63 bp)...done!
Finding genes in sequence #1337 (44 bp)...done!
Finding genes in sequence #1338 (41 bp)...done!
Finding genes in sequence #1339 (43 bp)...done!
Finding genes in sequence #1340 (52 bp)...done!
Finding genes in sequence #1341 (52 bp)...done!
Finding genes in sequence #1342 (53 bp)...done!
Finding genes in sequence #1343 (738 bp)...done!
Finding genes in sequence #1344 (503 bp)...done!
Finding genes in sequence #1345 (113 bp)...done!
Finding genes in sequence #1346 (56 bp)...done!
Finding genes in sequence #1347 (449 bp)...done!
Finding genes in sequence #1348 (654 bp)...done!
Finding genes in sequence #1349 (72 bp)...done!
Finding genes in sequence #1350 (187 bp)...done!
Finding genes in sequence #1351 (253 bp)...done!
Finding genes in sequence #1352 (3826 bp)...done!
Finding genes in sequence #1353 (62 bp)...done!
Finding genes in sequence #1354 (58 bp)...done!
Finding genes in sequence #1355 (488 bp)...done!
Finding genes in sequence #1356 (6284 bp)...done!
Finding genes in sequence #1357 (56 bp)...done!
Finding genes in sequence #1358 (108 bp)...done!
Finding genes in sequence #1359 (72 bp)...done!
Finding genes in sequence #1360 (74 bp)...done!
Finding genes in sequence #1361 (1028 bp)...done!
Finding genes in sequence #1362 (41 bp)...done!
Finding genes in sequence #1363 (68 bp)...done!
Finding genes in sequence #1364 (50 bp)...done!
Finding genes in sequence #1365 (459 bp)...done!
Finding genes in sequence #1366 (1257 bp)...done!
Finding genes in sequence #1367 (690 bp)...done!
Finding genes in sequence #1368 (12263 bp)...done!
Finding genes in sequence #1369 (363 bp)...done!
Finding genes in sequence #1370 (92 bp)...done!
Finding genes in sequence #1371 (111 bp)...done!
Finding genes in sequence #1372 (1446 bp)...done!
Finding genes in sequence #1373 (3121 bp)...done!
Finding genes in sequence #1374 (67 bp)...done!
Finding genes in sequence #1375 (62 bp)...done!
Finding genes in sequence #1376 (6930 bp)...done!
Finding genes in sequence #1377 (177 bp)...done!
Finding genes in sequence #1378 (67 bp)...done!
Finding genes in sequence #1379 (142 bp)...done!
Finding genes in sequence #1380 (67 bp)...done!
Finding genes in sequence #1381 (52 bp)...done!
Finding genes in sequence #1382 (45 bp)...done!
Finding genes in sequence #1383 (49 bp)...done!
Finding genes in sequence #1384 (1683 bp)...done!
Finding genes in sequence #1385 (214 bp)...done!
Finding genes in sequence #1386 (466 bp)...done!
Finding genes in sequence #1387 (41 bp)...done!
Finding genes in sequence #1388 (60 bp)...done!
Finding genes in sequence #1389 (63 bp)...done!
Finding genes in sequence #1390 (59 bp)...done!
Finding genes in sequence #1391 (64 bp)...done!
Finding genes in sequence #1392 (53 bp)...done!
Finding genes in sequence #1393 (48 bp)...done!
Finding genes in sequence #1394 (41 bp)...done!
Finding genes in sequence #1395 (108 bp)...done!
Finding genes in sequence #1396 (58 bp)...done!
Finding genes in sequence #1397 (42 bp)...done!
Finding genes in sequence #1398 (79 bp)...done!
Finding genes in sequence #1399 (7198 bp)...done!
Finding genes in sequence #1400 (3995 bp)...done!
Finding genes in sequence #1401 (3597 bp)...done!
Finding genes in sequence #1402 (4947 bp)...done!
Finding genes in sequence #1403 (1629 bp)...done!
Finding genes in sequence #1404 (8949 bp)...done!
Finding genes in sequence #1405 (149 bp)...done!
Finding genes in sequence #1406 (67 bp)...done!
Finding genes in sequence #1407 (68 bp)...done!
Finding genes in sequence #1408 (63 bp)...done!
Finding genes in sequence #1409 (68 bp)...done!
Finding genes in sequence #1410 (1145 bp)...done!
Finding genes in sequence #1411 (58 bp)...done!
Finding genes in sequence #1412 (1262 bp)...done!
Finding genes in sequence #1413 (42 bp)...done!
Finding genes in sequence #1414 (1015 bp)...done!
Finding genes in sequence #1415 (41 bp)...done!
Finding genes in sequence #1416 (62 bp)...done!
Finding genes in sequence #1417 (83 bp)...done!
Finding genes in sequence #1418 (41 bp)...done!
Finding genes in sequence #1419 (82 bp)...done!
Finding genes in sequence #1420 (65 bp)...done!
Finding genes in sequence #1421 (351 bp)...done!
Finding genes in sequence #1422 (80 bp)...done!
Finding genes in sequence #1423 (844 bp)...done!
Finding genes in sequence #1424 (889 bp)...done!
Finding genes in sequence #1425 (68 bp)...done!
Finding genes in sequence #1426 (70 bp)...done!
Finding genes in sequence #1427 (62 bp)...done!
Finding genes in sequence #1428 (52 bp)...done!
Finding genes in sequence #1429 (44 bp)...done!
Finding genes in sequence #1430 (57 bp)...done!
Finding genes in sequence #1431 (67 bp)...done!
Finding genes in sequence #1432 (2497 bp)...done!
Finding genes in sequence #1433 (77 bp)...done!
Finding genes in sequence #1434 (80 bp)...done!
Finding genes in sequence #1435 (89 bp)...done!
Finding genes in sequence #1436 (68 bp)...done!
Finding genes in sequence #1437 (62 bp)...done!
Finding genes in sequence #1438 (80 bp)...done!
Finding genes in sequence #1439 (78 bp)...done!
Finding genes in sequence #1440 (168 bp)...done!
Finding genes in sequence #1441 (72 bp)...done!
Finding genes in sequence #1442 (174 bp)...done!
Finding genes in sequence #1443 (44 bp)...done!
