#                                                                                                           --- full sequence --- -------------- this domain -------------   hmm coord   ali coord   env coord
# target name                                       accession   tlen query name           accession   qlen   E-value  score  bias   #  of  c-Evalue  i-Evalue  score  bias  from    to  from    to  from    to  acc description of target
#                               ------------------- ---------- ----- -------------------- ---------- ----- --------- ------ ----- --- --- --------- --------- ------ ----- ----- ----- ----- ----- ----- ----- ---- ---------------------
NODE_2514_length_4067_cov_64.112862:4-1110|-        -            369 9800696              -            355  9.4e-153  506.5   0.0   1   1  1.6e-155  1.1e-152  506.3   0.0     3   353     5   363     3   365 0.95 NODE_2514_length_4067_cov_64.112862_1 # 4 # 1110 # -1 # ID=1310_1;partial=00;start_type=ATG;rbs_motif=GGA/GAG/AGG;rbs_spacer=5-10bp;gc_cont=0.537
NODE_926_length_95421_cov_71.123581:92764-94341|+   -            526 9800696              -            355     2e-06   25.2   0.0   1   2   2.2e-08   1.4e-05   22.4   0.0     4    37   228   262   226   296 0.86 NODE_926_length_95421_cov_71.123581_81 # 92764 # 94341 # 1 # ID=386_81;partial=00;start_type=ATG;rbs_motif=GGA/GAG/AGG;rbs_spacer=5-10bp;gc_cont=0.546
NODE_926_length_95421_cov_71.123581:92764-94341|+   -            526 9800696              -            355     2e-06   25.2   0.0   2   2      0.12        81    0.2   0.0   163   185   372   394   362   397 0.83 NODE_926_length_95421_cov_71.123581_81 # 92764 # 94341 # 1 # ID=386_81;partial=00;start_type=ATG;rbs_motif=GGA/GAG/AGG;rbs_spacer=5-10bp;gc_cont=0.546
NODE_1204_length_64359_cov_77.399834:57502-58800|+  -            433 9800696              -            355   0.00043   17.5   0.0   1   1     1e-06   0.00067   16.9   0.0     5    69    14    77    11    85 0.85 NODE_1204_length_64359_cov_77.399834_49 # 57502 # 58800 # 1 # ID=516_49;partial=00;start_type=ATG;rbs_motif=None;rbs_spacer=None;gc_cont=0.584
NODE_274_length_24805_cov_72.090103:11142-11837|+   -            232 9800696              -            355    0.0019   15.4   0.1   1   1   3.9e-06    0.0026   15.0   0.1     4    68     2    58     1    71 0.83 NODE_274_length_24805_cov_72.090103_13 # 11142 # 11837 # 1 # ID=77_13;partial=00;start_type=ATG;rbs_motif=AGGA;rbs_spacer=5-10bp;gc_cont=0.513
NODE_269_length_60008_cov_74.420364:8866-10314|-    -            483 9800696              -            355    0.0026   15.0   0.0   1   2   1.4e-05     0.009   13.2   0.0     3    41   177   215   175   259 0.81 NODE_269_length_60008_cov_74.420364_10 # 8866 # 10314 # -1 # ID=74_10;partial=00;start_type=ATG;rbs_motif=None;rbs_spacer=None;gc_cont=0.518
NODE_269_length_60008_cov_74.420364:8866-10314|-    -            483 9800696              -            355    0.0026   15.0   0.0   2   2       2.8   1.9e+03   -4.3   0.0    13    30   459   476   459   479 0.86 NODE_269_length_60008_cov_74.420364_10 # 8866 # 10314 # -1 # ID=74_10;partial=00;start_type=ATG;rbs_motif=None;rbs_spacer=None;gc_cont=0.518
NODE_2145_length_112275_cov_77.552353:5323-6297|-   -            325 9800696              -            355     0.021   12.0   0.1   1   1   4.5e-05      0.03   11.5   0.1     5    38   150   182   146   205 0.83 NODE_2145_length_112275_cov_77.552353_6 # 5323 # 6297 # -1 # ID=1072_6;partial=00;start_type=ATG;rbs_motif=GGAG/GAGG;rbs_spacer=5-10bp;gc_cont=0.548
NODE_2145_length_112275_cov_77.552353:82490-83833|- -            448 9800696              -            355     0.026   11.7   0.0   1   1   6.7e-05     0.045   10.9   0.0     4    53    12    61    10    79 0.79 NODE_2145_length_112275_cov_77.552353_80 # 82490 # 83833 # -1 # ID=1072_80;partial=00;start_type=ATG;rbs_motif=AGxAGG/AGGxGG;rbs_spacer=5-10bp;gc_cont=0.524
NODE_899_length_14293_cov_69.337791:11460-12395|-   -            312 9800696              -            355     0.035   11.2   0.0   1   1   0.00015       0.1    9.7   0.0     3   126    39   150    37   157 0.73 NODE_899_length_14293_cov_69.337791_11 # 11460 # 12395 # -1 # ID=380_11;partial=00;start_type=ATG;rbs_motif=GGA/GAG/AGG;rbs_spacer=5-10bp;gc_cont=0.488
#
# Program:         hmmsearch
# Version:         3.4 (Aug 2023)
# Pipeline mode:   SEARCH
# Query file:      /home/simonedassisi/velvet-1.2.10/busco_downloads/lineages/bacteria_odb12/hmms/9800696at2.hmm
# Target file:     results/BUSCO_output_velveth21/prodigal_output/predicted_genes/predicted.faa
# Option settings: hmmsearch --domtblout results/BUSCO_output_velveth21/auto_lineage/run_bacteria_odb12/hmmer_output/9800696at2.out --cpu 1 /home/simonedassisi/velvet-1.2.10/busco_downloads/lineages/bacteria_odb12/hmms/9800696at2.hmm results/BUSCO_output_velveth21/prodigal_output/predicted_genes/predicted.faa 
# Current dir:     /home/simonedassisi/velvet-1.2.10
# Date:            Wed Apr  2 19:18:22 2025
# [ok]
