#                                                                                                          --- full sequence --- -------------- this domain -------------   hmm coord   ali coord   env coord
# target name                                      accession   tlen query name           accession   qlen   E-value  score  bias   #  of  c-Evalue  i-Evalue  score  bias  from    to  from    to  from    to  acc description of target
#                              ------------------- ---------- ----- -------------------- ---------- ----- --------- ------ ----- --- --- --------- --------- ------ ----- ----- ----- ----- ----- ----- ----- ---- ---------------------
NODE_1434_length_95894_cov_75.275742:81282-81878|+ -            199 9803017              -            171   1.7e-56  188.9   0.0   1   1     8e-59   1.9e-56  188.7   0.0     1   169    12   191    12   193 0.95 NODE_1434_length_95894_cov_75.275742_70 # 81282 # 81878 # 1 # ID=631_70;partial=00;start_type=ATG;rbs_motif=GGA/GAG/AGG;rbs_spacer=5-10bp;gc_cont=0.541
NODE_2110_length_20950_cov_73.447586:10314-12422|- -            703 9803017              -            171   1.5e-15   55.5   0.0   1   3      0.26        62    1.5   0.0    39    59   189   209   162   216 0.75 NODE_2110_length_20950_cov_73.447586_10 # 10314 # 12422 # -1 # ID=1056_10;partial=00;start_type=ATG;rbs_motif=3Base/5BMM;rbs_spacer=13-15bp;gc_cont=0.542
NODE_2110_length_20950_cov_73.447586:10314-12422|- -            703 9803017              -            171   1.5e-15   55.5   0.0   2   3   0.00048      0.12   10.4   0.0    64   120   257   317   251   334 0.81 NODE_2110_length_20950_cov_73.447586_10 # 10314 # 12422 # -1 # ID=1056_10;partial=00;start_type=ATG;rbs_motif=3Base/5BMM;rbs_spacer=13-15bp;gc_cont=0.542
NODE_2110_length_20950_cov_73.447586:10314-12422|- -            703 9803017              -            171   1.5e-15   55.5   0.0   3   3   7.5e-13   1.8e-10   39.0   0.0    33   116   532   617   529   645 0.85 NODE_2110_length_20950_cov_73.447586_10 # 10314 # 12422 # -1 # ID=1056_10;partial=00;start_type=ATG;rbs_motif=3Base/5BMM;rbs_spacer=13-15bp;gc_cont=0.542
NODE_2111_length_12361_cov_66.461288:2966-4141|+   -            392 9803017              -            171   1.5e-12   45.8   0.0   1   1     1e-14   2.5e-12   45.1   0.0    37   116   213   297   206   320 0.89 NODE_2111_length_12361_cov_66.461288_5 # 2966 # 4141 # 1 # ID=1057_5;partial=00;start_type=GTG;rbs_motif=GGA/GAG/AGG;rbs_spacer=5-10bp;gc_cont=0.521
NODE_926_length_95421_cov_71.123581:13149-13886|+  -            246 9803017              -            171   3.2e-11   41.5   0.0   1   1   1.9e-13   4.5e-11   41.0   0.0    41   122    46   131    36   157 0.85 NODE_926_length_95421_cov_71.123581_13 # 13149 # 13886 # 1 # ID=386_13;partial=00;start_type=ATG;rbs_motif=GGA/GAG/AGG;rbs_spacer=5-10bp;gc_cont=0.535
NODE_482_length_21709_cov_69.527618:11470-12303|-  -            278 9803017              -            171   8.4e-11   40.1   0.0   1   1     8e-13   1.9e-10   38.9   0.0    20   127    92   196    84   226 0.80 NODE_482_length_21709_cov_69.527618_14 # 11470 # 12303 # -1 # ID=196_14;partial=00;start_type=ATG;rbs_motif=AGxAGG/AGGxGG;rbs_spacer=3-4bp;gc_cont=0.558
NODE_2145_length_112275_cov_77.552353:1-711|-      -            237 9803017              -            171   1.4e-08   32.9   0.0   1   1     8e-11   1.9e-08   32.4   0.0    19    91   141   210   134   230 0.79 NODE_2145_length_112275_cov_77.552353_1 # 1 # 711 # -1 # ID=1072_1;partial=10;start_type=ATG;rbs_motif=GGA/GAG/AGG;rbs_spacer=5-10bp;gc_cont=0.550
NODE_679_length_36641_cov_70.533279:14520-15452|+  -            311 9803017              -            171   6.5e-08   30.7   0.0   1   2     1e-09   2.4e-07   28.8   0.0    39   120   132   214   120   231 0.81 NODE_679_length_36641_cov_70.533279_15 # 14520 # 15452 # 1 # ID=288_15;partial=00;start_type=GTG;rbs_motif=GGAGG;rbs_spacer=5-10bp;gc_cont=0.527
NODE_679_length_36641_cov_70.533279:14520-15452|+  -            311 9803017              -            171   6.5e-08   30.7   0.0   2   2       2.4   5.9e+02   -1.7   0.0   125   147   245   267   238   283 0.70 NODE_679_length_36641_cov_70.533279_15 # 14520 # 15452 # 1 # ID=288_15;partial=00;start_type=GTG;rbs_motif=GGAGG;rbs_spacer=5-10bp;gc_cont=0.527
NODE_2129_length_51924_cov_72.758377:2969-4042|-   -            358 9803017              -            171   1.4e-07   29.6   0.0   1   1   9.2e-10   2.2e-07   29.0   0.0    30   141   188   294   166   304 0.84 NODE_2129_length_51924_cov_72.758377_5 # 2969 # 4042 # -1 # ID=1066_5;partial=00;start_type=ATG;rbs_motif=AGGAG;rbs_spacer=5-10bp;gc_cont=0.558
NODE_2146_length_13525_cov_82.355492:11119-12003|- -            295 9803017              -            171   1.4e-07   29.6   0.0   1   2   5.4e-08   1.3e-05   23.2   0.0    89   127    15    55     8    87 0.76 NODE_2146_length_13525_cov_82.355492_13 # 11119 # 12003 # -1 # ID=1073_13;partial=00;start_type=ATG;rbs_motif=GGAG/GAGG;rbs_spacer=5-10bp;gc_cont=0.479
NODE_2146_length_13525_cov_82.355492:11119-12003|- -            295 9803017              -            171   1.4e-07   29.6   0.0   2   2     0.039       9.3    4.2   0.0    37    72   212   246   197   279 0.76 NODE_2146_length_13525_cov_82.355492_13 # 11119 # 12003 # -1 # ID=1073_13;partial=00;start_type=ATG;rbs_motif=GGAG/GAGG;rbs_spacer=5-10bp;gc_cont=0.479
NODE_142_length_13006_cov_73.540901:2901-4202|+    -            434 9803017              -            171   5.3e-07   27.7   0.0   1   2       6.2   1.5e+03   -3.0   0.0    94   119   102   127    89   137 0.57 NODE_142_length_13006_cov_73.540901_2 # 2901 # 4202 # 1 # ID=32_2;partial=00;start_type=ATG;rbs_motif=GGA/GAG/AGG;rbs_spacer=11-12bp;gc_cont=0.514
NODE_142_length_13006_cov_73.540901:2901-4202|+    -            434 9803017              -            171   5.3e-07   27.7   0.0   2   2   5.7e-09   1.4e-06   26.4   0.0    32   142   280   389   271   422 0.78 NODE_142_length_13006_cov_73.540901_2 # 2901 # 4202 # 1 # ID=32_2;partial=00;start_type=ATG;rbs_motif=GGA/GAG/AGG;rbs_spacer=11-12bp;gc_cont=0.514
NODE_299_length_31306_cov_74.835876:17472-18608|-  -            379 9803017              -            171   5.5e-07   27.7   0.0   1   2       1.5   3.7e+02   -1.0   0.0   105   163   104   165    78   172 0.54 NODE_299_length_31306_cov_74.835876_15 # 17472 # 18608 # -1 # ID=91_15;partial=00;start_type=ATG;rbs_motif=AGGAGG;rbs_spacer=3-4bp;gc_cont=0.541
NODE_299_length_31306_cov_74.835876:17472-18608|-  -            379 9803017              -            171   5.5e-07   27.7   0.0   2   2   8.4e-09     2e-06   25.8   0.0    41   123   230   316   219   365 0.70 NODE_299_length_31306_cov_74.835876_15 # 17472 # 18608 # -1 # ID=91_15;partial=00;start_type=ATG;rbs_motif=AGGAGG;rbs_spacer=3-4bp;gc_cont=0.541
NODE_1689_length_18974_cov_72.810692:7751-8878|-   -            376 9803017              -            171     2e-06   25.9   0.0   1   1   1.5e-08   3.5e-06   25.1   0.0    37   139   231   331   218   349 0.81 NODE_1689_length_18974_cov_72.810692_11 # 7751 # 8878 # -1 # ID=775_11;partial=00;start_type=ATG;rbs_motif=GGA/GAG/AGG;rbs_spacer=5-10bp;gc_cont=0.544
NODE_286_length_41180_cov_81.233269:33688-34977|-  -            430 9803017              -            171   4.8e-06   24.6   0.0   1   1   3.6e-08   8.6e-06   23.8   0.0    30   119   238   327   229   346 0.83 NODE_286_length_41180_cov_81.233269_51 # 33688 # 34977 # -1 # ID=82_51;partial=00;start_type=ATG;rbs_motif=None;rbs_spacer=None;gc_cont=0.500
NODE_2487_length_42213_cov_77.013382:38085-39185|- -            367 9803017              -            171   1.2e-05   23.4   0.3   1   1   7.3e-07   0.00018   19.5   0.3    40   103   211   274   197   343 0.85 NODE_2487_length_42213_cov_77.013382_31 # 38085 # 39185 # -1 # ID=1291_31;partial=00;start_type=ATG;rbs_motif=AGGA;rbs_spacer=5-10bp;gc_cont=0.503
NODE_2564_length_6264_cov_81.867500:2615-3706|+    -            364 9803017              -            171   3.5e-05   21.8   0.0   1   2   6.9e-06    0.0017   16.4   0.0    77   119     9    50     4    73 0.84 NODE_2564_length_6264_cov_81.867500_5 # 2615 # 3706 # 1 # ID=1356_5;partial=00;start_type=GTG;rbs_motif=None;rbs_spacer=None;gc_cont=0.481
NODE_2564_length_6264_cov_81.867500:2615-3706|+    -            364 9803017              -            171   3.5e-05   21.8   0.0   2   2     0.094        23    2.9   0.0    39    86   312   358   298   363 0.70 NODE_2564_length_6264_cov_81.867500_5 # 2615 # 3706 # 1 # ID=1356_5;partial=00;start_type=GTG;rbs_motif=None;rbs_spacer=None;gc_cont=0.481
NODE_2515_length_4131_cov_131.239899:314-997|-     -            228 9803017              -            171   4.3e-05   21.5   0.0   1   2    0.0046       1.1    7.1   0.0    94   119     7    32     1    61 0.76 NODE_2515_length_4131_cov_131.239899_3 # 314 # 997 # -1 # ID=1311_3;partial=00;start_type=ATG;rbs_motif=AGGAG;rbs_spacer=5-10bp;gc_cont=0.575
NODE_2515_length_4131_cov_131.239899:314-997|-     -            228 9803017              -            171   4.3e-05   21.5   0.0   2   2   0.00011     0.026   12.5   0.0    37    75   161   198   144   221 0.72 NODE_2515_length_4131_cov_131.239899_3 # 314 # 997 # -1 # ID=1311_3;partial=00;start_type=ATG;rbs_motif=AGGAG;rbs_spacer=5-10bp;gc_cont=0.575
NODE_2159_length_50550_cov_71.258598:23982-24767|- -            262 9803017              -            171   0.00046   18.2   0.0   1   1   2.9e-06   0.00071   17.6   0.0    39   113    44   118    29   141 0.89 NODE_2159_length_50550_cov_71.258598_18 # 23982 # 24767 # -1 # ID=1079_18;partial=00;start_type=ATG;rbs_motif=GGAG/GAGG;rbs_spacer=5-10bp;gc_cont=0.517
NODE_372_length_1362_cov_76.490456:419-1381|+      -            321 9803017              -            171   0.00067   17.6   0.0   1   1   9.5e-06    0.0023   15.9   0.0    28   120   190   291   183   303 0.80 NODE_372_length_1362_cov_76.490456_1 # 419 # 1381 # 1 # ID=119_1;partial=01;start_type=ATG;rbs_motif=GGA/GAG/AGG;rbs_spacer=5-10bp;gc_cont=0.460
NODE_1420_length_27396_cov_73.038727:20287-21129|+ -            281 9803017              -            171   0.00097   17.1   0.0   1   3       3.3   7.9e+02   -2.1   0.0    43    58    38    55    18    60 0.70 NODE_1420_length_27396_cov_73.038727_16 # 20287 # 21129 # 1 # ID=628_16;partial=00;start_type=ATG;rbs_motif=GGA/GAG/AGG;rbs_spacer=11-12bp;gc_cont=0.550
NODE_1420_length_27396_cov_73.038727:20287-21129|+ -            281 9803017              -            171   0.00097   17.1   0.0   2   3   3.9e-05    0.0094   13.9   0.0    58   125   107   177    79   192 0.82 NODE_1420_length_27396_cov_73.038727_16 # 20287 # 21129 # 1 # ID=628_16;partial=00;start_type=ATG;rbs_motif=GGA/GAG/AGG;rbs_spacer=11-12bp;gc_cont=0.550
NODE_1420_length_27396_cov_73.038727:20287-21129|+ -            281 9803017              -            171   0.00097   17.1   0.0   3   3      0.73   1.7e+02    0.0   0.0   106   136   236   263   201   276 0.64 NODE_1420_length_27396_cov_73.038727_16 # 20287 # 21129 # 1 # ID=628_16;partial=00;start_type=ATG;rbs_motif=GGA/GAG/AGG;rbs_spacer=11-12bp;gc_cont=0.550
NODE_895_length_14892_cov_65.747314:3015-3785|+    -            257 9803017              -            171    0.0043   15.0   0.0   1   1   2.8e-05    0.0068   14.4   0.0    36   112    41   115    29   148 0.82 NODE_895_length_14892_cov_65.747314_5 # 3015 # 3785 # 1 # ID=378_5;partial=00;start_type=ATG;rbs_motif=AGGA;rbs_spacer=5-10bp;gc_cont=0.490
NODE_475_length_403_cov_208.863525:1-423|+         -            141 9803017              -            171     0.021   12.7   0.0   1   1   0.00012     0.028   12.3   0.0    79   119    67   104    63   133 0.76 NODE_475_length_403_cov_208.863525_1 # 1 # 423 # 1 # ID=193_1;partial=11;start_type=Edge;rbs_motif=None;rbs_spacer=None;gc_cont=0.452
NODE_816_length_3267_cov_64.406792:1243-2661|+     -            473 9803017              -            171     0.041   11.8   0.0   1   1   0.00036     0.086   10.8   0.0    41    82    87   128    82   150 0.85 NODE_816_length_3267_cov_64.406792_3 # 1243 # 2661 # 1 # ID=353_3;partial=00;start_type=ATG;rbs_motif=None;rbs_spacer=None;gc_cont=0.523
#
# Program:         hmmsearch
# Version:         3.4 (Aug 2023)
# Pipeline mode:   SEARCH
# Query file:      /home/simonedassisi/velvet-1.2.10/busco_downloads/lineages/bacteria_odb12/hmms/9803017at2.hmm
# Target file:     results/BUSCO_output_velveth21/prodigal_output/predicted_genes/predicted.faa
# Option settings: hmmsearch --domtblout results/BUSCO_output_velveth21/auto_lineage/run_bacteria_odb12/hmmer_output/9803017at2.out --cpu 1 /home/simonedassisi/velvet-1.2.10/busco_downloads/lineages/bacteria_odb12/hmms/9803017at2.hmm results/BUSCO_output_velveth21/prodigal_output/predicted_genes/predicted.faa 
# Current dir:     /home/simonedassisi/velvet-1.2.10
# Date:            Wed Apr  2 19:18:22 2025
# [ok]
