#                                                                                                           --- full sequence --- -------------- this domain -------------   hmm coord   ali coord   env coord
# target name                                       accession   tlen query name           accession   qlen   E-value  score  bias   #  of  c-Evalue  i-Evalue  score  bias  from    to  from    to  from    to  acc description of target
#                               ------------------- ---------- ----- -------------------- ---------- ----- --------- ------ ----- --- --- --------- --------- ------ ----- ----- ----- ----- ----- ----- ----- ---- ---------------------
NODE_718_length_90501_cov_69.003258:50764-51774|+   -            337 9804478              -            303  5.4e-149  493.5   0.0   1   1  2.6e-151  6.2e-149  493.3   0.0     2   303    22   330    21   330 0.98 NODE_718_length_90501_cov_69.003258_51 # 50764 # 51774 # 1 # ID=299_51;partial=00;start_type=ATG;rbs_motif=GGAG/GAGG;rbs_spacer=5-10bp;gc_cont=0.530
NODE_1709_length_68036_cov_72.575531:8442-9785|-    -            448 9804478              -            303   1.9e-19   68.0   0.1   1   2   1.1e-18   2.6e-16   57.7   0.0     2   114    19   134    18   136 0.84 NODE_1709_length_68036_cov_72.575531_8 # 8442 # 9785 # -1 # ID=785_8;partial=00;start_type=GTG;rbs_motif=GGAG/GAGG;rbs_spacer=5-10bp;gc_cont=0.531
NODE_1709_length_68036_cov_72.575531:8442-9785|-    -            448 9804478              -            303   1.9e-19   68.0   0.1   2   2   0.00044      0.11    9.8   0.1   132   216   133   225   129   240 0.78 NODE_1709_length_68036_cov_72.575531_8 # 8442 # 9785 # -1 # ID=785_8;partial=00;start_type=GTG;rbs_motif=GGAG/GAGG;rbs_spacer=5-10bp;gc_cont=0.531
NODE_2145_length_112275_cov_77.552353:75526-77469|+ -            648 9804478              -            303   1.3e-13   48.9   0.0   1   1     1e-15   2.5e-13   48.0   0.0     7   187   153   349   148   382 0.73 NODE_2145_length_112275_cov_77.552353_75 # 75526 # 77469 # 1 # ID=1072_75;partial=00;start_type=TTG;rbs_motif=GGAG/GAGG;rbs_spacer=5-10bp;gc_cont=0.535
NODE_22_length_21196_cov_74.466599:3916-5847|-      -            644 9804478              -            303   2.8e-10   37.9   0.9   1   2   1.9e-08   4.5e-06   24.1   0.0     2    69     9    72     8    77 0.89 NODE_22_length_21196_cov_74.466599_5 # 3916 # 5847 # -1 # ID=6_5;partial=00;start_type=ATG;rbs_motif=GGA/GAG/AGG;rbs_spacer=5-10bp;gc_cont=0.576
NODE_22_length_21196_cov_74.466599:3916-5847|-      -            644 9804478              -            303   2.8e-10   37.9   0.9   2   2     0.004      0.95    6.7   0.6    88   229   121   244    90   258 0.59 NODE_22_length_21196_cov_74.466599_5 # 3916 # 5847 # -1 # ID=6_5;partial=00;start_type=ATG;rbs_motif=GGA/GAG/AGG;rbs_spacer=5-10bp;gc_cont=0.576
NODE_1709_length_68036_cov_72.575531:22117-24393|-  -            759 9804478              -            303   1.6e-09   35.4   1.5   1   5     0.021         5    4.3   0.0    36    56   208   228   184   234 0.77 NODE_1709_length_68036_cov_72.575531_17 # 22117 # 24393 # -1 # ID=785_17;partial=00;start_type=ATG;rbs_motif=GGAGG;rbs_spacer=5-10bp;gc_cont=0.531
NODE_1709_length_68036_cov_72.575531:22117-24393|-  -            759 9804478              -            303   1.6e-09   35.4   1.5   2   5    0.0034      0.82    6.9   0.0    84    98   276   290   261   296 0.75 NODE_1709_length_68036_cov_72.575531_17 # 22117 # 24393 # -1 # ID=785_17;partial=00;start_type=ATG;rbs_motif=GGAGG;rbs_spacer=5-10bp;gc_cont=0.531
NODE_1709_length_68036_cov_72.575531:22117-24393|-  -            759 9804478              -            303   1.6e-09   35.4   1.5   3   5   3.1e-05    0.0074   13.6   0.0    11    63   460   516   454   528 0.85 NODE_1709_length_68036_cov_72.575531_17 # 22117 # 24393 # -1 # ID=785_17;partial=00;start_type=ATG;rbs_motif=GGAGG;rbs_spacer=5-10bp;gc_cont=0.531
NODE_1709_length_68036_cov_72.575531:22117-24393|-  -            759 9804478              -            303   1.6e-09   35.4   1.5   4   5     0.019       4.6    4.4   0.0    85   113   556   584   544   611 0.84 NODE_1709_length_68036_cov_72.575531_17 # 22117 # 24393 # -1 # ID=785_17;partial=00;start_type=ATG;rbs_motif=GGAGG;rbs_spacer=5-10bp;gc_cont=0.531
NODE_1709_length_68036_cov_72.575531:22117-24393|-  -            759 9804478              -            303   1.6e-09   35.4   1.5   5   5       0.8   1.9e+02   -0.9   0.0   147   196   637   687   628   689 0.85 NODE_1709_length_68036_cov_72.575531_17 # 22117 # 24393 # -1 # ID=785_17;partial=00;start_type=ATG;rbs_motif=GGAGG;rbs_spacer=5-10bp;gc_cont=0.531
NODE_274_length_24805_cov_72.090103:15447-17801|-   -            785 9804478              -            303   1.3e-08   32.5   0.7   1   2     0.093        22    2.2   0.0   216   249   308   340   259   351 0.83 NODE_274_length_24805_cov_72.090103_18 # 15447 # 17801 # -1 # ID=77_18;partial=00;start_type=ATG;rbs_motif=GGA/GAG/AGG;rbs_spacer=5-10bp;gc_cont=0.525
NODE_274_length_24805_cov_72.090103:15447-17801|-   -            785 9804478              -            303   1.3e-08   32.5   0.7   2   2   1.5e-09   3.6e-07   27.8   0.4    10   175   323   505   313   521 0.75 NODE_274_length_24805_cov_72.090103_18 # 15447 # 17801 # -1 # ID=77_18;partial=00;start_type=ATG;rbs_motif=GGA/GAG/AGG;rbs_spacer=5-10bp;gc_cont=0.525
NODE_274_length_24805_cov_72.090103:17989-19263|-   -            425 9804478              -            303   2.9e-08   31.4   0.1   1   1   4.1e-10   9.8e-08   29.6   0.1     7   102    73   193    68   199 0.72 NODE_274_length_24805_cov_72.090103_19 # 17989 # 19263 # -1 # ID=77_19;partial=00;start_type=ATG;rbs_motif=GGAG/GAGG;rbs_spacer=5-10bp;gc_cont=0.518
NODE_443_length_10040_cov_75.927094:7355-9928|+     -            858 9804478              -            303   5.4e-08   30.4   2.8   1   4     0.029         7    3.8   0.0    30    57   196   221   173   233 0.71 NODE_443_length_10040_cov_75.927094_9 # 7355 # 9928 # 1 # ID=166_9;partial=00;start_type=ATG;rbs_motif=GGAGG;rbs_spacer=3-4bp;gc_cont=0.516
NODE_443_length_10040_cov_75.927094:7355-9928|+     -            858 9804478              -            303   5.4e-08   30.4   2.8   2   4    0.0034      0.81    6.9   0.9    67    99   252   284   235   431 0.72 NODE_443_length_10040_cov_75.927094_9 # 7355 # 9928 # 1 # ID=166_9;partial=00;start_type=ATG;rbs_motif=GGAGG;rbs_spacer=3-4bp;gc_cont=0.516
NODE_443_length_10040_cov_75.927094:7355-9928|+     -            858 9804478              -            303   5.4e-08   30.4   2.8   3   4   2.2e-05    0.0053   14.1   0.0    10    59   569   622   561   632 0.83 NODE_443_length_10040_cov_75.927094_9 # 7355 # 9928 # 1 # ID=166_9;partial=00;start_type=ATG;rbs_motif=GGAGG;rbs_spacer=3-4bp;gc_cont=0.516
NODE_443_length_10040_cov_75.927094:7355-9928|+     -            858 9804478              -            303   5.4e-08   30.4   2.8   4   4       0.5   1.2e+02   -0.2   0.0    85   115   669   699   661   714 0.87 NODE_443_length_10040_cov_75.927094_9 # 7355 # 9928 # 1 # ID=166_9;partial=00;start_type=ATG;rbs_motif=GGAGG;rbs_spacer=3-4bp;gc_cont=0.516
NODE_989_length_51512_cov_75.450089:4420-5823|+     -            468 9804478              -            303     5e-07   27.3   0.1   1   1   3.9e-09   9.4e-07   26.4   0.1    26   234   156   371   134   386 0.82 NODE_989_length_51512_cov_75.450089_5 # 4420 # 5823 # 1 # ID=419_5;partial=00;start_type=GTG;rbs_motif=GGAG/GAGG;rbs_spacer=5-10bp;gc_cont=0.538
NODE_846_length_63393_cov_76.936378:56425-57756|-   -            444 9804478              -            303   9.6e-07   26.4   0.2   1   2   1.6e-05    0.0037   14.6   0.0    11    68    17    83     9    94 0.69 NODE_846_length_63393_cov_76.936378_61 # 56425 # 57756 # -1 # ID=361_61;partial=00;start_type=ATG;rbs_motif=AGGA;rbs_spacer=5-10bp;gc_cont=0.526
NODE_846_length_63393_cov_76.936378:56425-57756|-   -            444 9804478              -            303   9.6e-07   26.4   0.2   2   2   0.00082       0.2    8.9   0.1    81   189   244   361   225   422 0.71 NODE_846_length_63393_cov_76.936378_61 # 56425 # 57756 # -1 # ID=361_61;partial=00;start_type=ATG;rbs_motif=AGGA;rbs_spacer=5-10bp;gc_cont=0.526
NODE_1498_length_1424_cov_118.246490:3-554|-        -            184 9804478              -            303   8.4e-06   23.3   0.1   1   1     7e-08   1.7e-05   22.3   0.1    34   105    96   177    88   180 0.73 NODE_1498_length_1424_cov_118.246490_1 # 3 # 554 # -1 # ID=667_1;partial=10;start_type=ATG;rbs_motif=AGGAG;rbs_spacer=5-10bp;gc_cont=0.569
NODE_888_length_35781_cov_80.233421:1520-3040|-     -            507 9804478              -            303   1.4e-05   22.5   0.8   1   4     2e-06   0.00049   17.5   0.1     6    55   188   230   184   235 0.82 NODE_888_length_35781_cov_80.233421_3 # 1520 # 3040 # -1 # ID=375_3;partial=00;start_type=ATG;rbs_motif=AGGAGG;rbs_spacer=3-4bp;gc_cont=0.508
NODE_888_length_35781_cov_80.233421:1520-3040|-     -            507 9804478              -            303   1.4e-05   22.5   0.8   2   4      0.18        44    1.2   0.0    83   117   291   325   289   347 0.76 NODE_888_length_35781_cov_80.233421_3 # 1520 # 3040 # -1 # ID=375_3;partial=00;start_type=ATG;rbs_motif=AGGAGG;rbs_spacer=3-4bp;gc_cont=0.508
NODE_888_length_35781_cov_80.233421:1520-3040|-     -            507 9804478              -            303   1.4e-05   22.5   0.8   3   4       1.2     3e+02   -1.5   0.0   145   172   370   397   366   424 0.76 NODE_888_length_35781_cov_80.233421_3 # 1520 # 3040 # -1 # ID=375_3;partial=00;start_type=ATG;rbs_motif=AGGAGG;rbs_spacer=3-4bp;gc_cont=0.508
NODE_888_length_35781_cov_80.233421:1520-3040|-     -            507 9804478              -            303   1.4e-05   22.5   0.8   4   4       1.1   2.7e+02   -1.4   0.0   198   228   457   487   380   499 0.69 NODE_888_length_35781_cov_80.233421_3 # 1520 # 3040 # -1 # ID=375_3;partial=00;start_type=ATG;rbs_motif=AGGAGG;rbs_spacer=3-4bp;gc_cont=0.508
NODE_2110_length_20950_cov_73.447586:8395-10302|-   -            636 9804478              -            303   0.00094   16.5   0.1   1   2    0.0079       1.9    5.7   0.0    28    60    22    54    17    61 0.85 NODE_2110_length_20950_cov_73.447586_9 # 8395 # 10302 # -1 # ID=1056_9;partial=00;start_type=ATG;rbs_motif=AGGA;rbs_spacer=5-10bp;gc_cont=0.524
NODE_2110_length_20950_cov_73.447586:8395-10302|-   -            636 9804478              -            303   0.00094   16.5   0.1   2   2    0.0013      0.31    8.3   0.0    36    61   346   371   332   384 0.83 NODE_2110_length_20950_cov_73.447586_9 # 8395 # 10302 # -1 # ID=1056_9;partial=00;start_type=ATG;rbs_motif=AGGA;rbs_spacer=5-10bp;gc_cont=0.524
NODE_2117_length_5594_cov_75.820343:2821-3558|-     -            246 9804478              -            303    0.0016   15.8   0.1   1   1   1.4e-05    0.0034   14.7   0.1    37    96   101   172    75   192 0.71 NODE_2117_length_5594_cov_75.820343_3 # 2821 # 3558 # -1 # ID=1061_3;partial=00;start_type=ATG;rbs_motif=GGAG/GAGG;rbs_spacer=5-10bp;gc_cont=0.509
NODE_269_length_60008_cov_74.420364:44831-45355|-   -            175 9804478              -            303    0.0029   14.9   0.0   1   1   1.7e-05     0.004   14.5   0.0    38    67     5    34     1    65 0.89 NODE_269_length_60008_cov_74.420364_43 # 44831 # 45355 # -1 # ID=74_43;partial=00;start_type=ATG;rbs_motif=GGA/GAG/AGG;rbs_spacer=5-10bp;gc_cont=0.522
NODE_1434_length_95894_cov_75.275742:34262-35860|+  -            533 9804478              -            303     0.004   14.5   0.0   1   2    0.0037      0.88    6.8   0.0    37    71   210   243   193   249 0.80 NODE_1434_length_95894_cov_75.275742_27 # 34262 # 35860 # 1 # ID=631_27;partial=00;start_type=ATG;rbs_motif=AGGA;rbs_spacer=5-10bp;gc_cont=0.557
NODE_1434_length_95894_cov_75.275742:34262-35860|+  -            533 9804478              -            303     0.004   14.5   0.0   2   2     0.014       3.4    4.9   0.0    84   113   280   309   268   333 0.85 NODE_1434_length_95894_cov_75.275742_27 # 34262 # 35860 # 1 # ID=631_27;partial=00;start_type=ATG;rbs_motif=AGGA;rbs_spacer=5-10bp;gc_cont=0.557
NODE_2159_length_50550_cov_71.258598:36418-37101|-  -            228 9804478              -            303    0.0042   14.4   0.9   1   2    0.0013      0.32    8.2   0.0    40    78    10    46     4    56 0.76 NODE_2159_length_50550_cov_71.258598_29 # 36418 # 37101 # -1 # ID=1079_29;partial=00;start_type=ATG;rbs_motif=AGGAG;rbs_spacer=5-10bp;gc_cont=0.534
NODE_2159_length_50550_cov_71.258598:36418-37101|-  -            228 9804478              -            303    0.0042   14.4   0.9   2   2     0.014       3.4    4.8   0.2   180   214    88   122    65   184 0.83 NODE_2159_length_50550_cov_71.258598_29 # 36418 # 37101 # -1 # ID=1079_29;partial=00;start_type=ATG;rbs_motif=AGGAG;rbs_spacer=5-10bp;gc_cont=0.534
NODE_796_length_47878_cov_66.656982:9597-11531|-    -            645 9804478              -            303    0.0071   13.6   0.0   1   1   6.7e-05     0.016   12.5   0.0     6    56    73   124    69   137 0.81 NODE_796_length_47878_cov_66.656982_11 # 9597 # 11531 # -1 # ID=347_11;partial=00;start_type=ATG;rbs_motif=AGGA;rbs_spacer=5-10bp;gc_cont=0.502
NODE_625_length_50664_cov_72.003532:32398-33075|-   -            226 9804478              -            303     0.013   12.8   0.2   1   2   0.00013     0.032   11.5   0.0    39    58    37    56    21    85 0.79 NODE_625_length_50664_cov_72.003532_30 # 32398 # 33075 # -1 # ID=266_30;partial=00;start_type=ATG;rbs_motif=GGA/GAG/AGG;rbs_spacer=5-10bp;gc_cont=0.457
NODE_625_length_50664_cov_72.003532:32398-33075|-   -            226 9804478              -            303     0.013   12.8   0.2   2   2       1.2     3e+02   -1.5   0.1    87    98   156   167   144   208 0.67 NODE_625_length_50664_cov_72.003532_30 # 32398 # 33075 # -1 # ID=266_30;partial=00;start_type=ATG;rbs_motif=GGA/GAG/AGG;rbs_spacer=5-10bp;gc_cont=0.457
NODE_819_length_1616_cov_238.934402:1109-1636|+     -            176 9804478              -            303     0.013   12.8   0.0   1   1   8.2e-05      0.02   12.2   0.0    35    59   102   126    94   152 0.74 NODE_819_length_1616_cov_238.934402_2 # 1109 # 1636 # 1 # ID=356_2;partial=01;start_type=ATG;rbs_motif=AGGAG;rbs_spacer=5-10bp;gc_cont=0.511
NODE_373_length_5177_cov_135.893372:3516-4271|+     -            252 9804478              -            303     0.039   11.2   0.0   1   1   0.00023     0.056   10.7   0.0    35    57   101   123    93   183 0.70 NODE_373_length_5177_cov_135.893372_4 # 3516 # 4271 # 1 # ID=120_4;partial=00;start_type=GTG;rbs_motif=GGAGG;rbs_spacer=5-10bp;gc_cont=0.537
NODE_2033_length_13499_cov_78.007851:7858-8670|-    -            271 9804478              -            303     0.048   10.9   0.8   1   2     0.016       3.9    4.6   0.2    39    64     7    32     4    43 0.85 NODE_2033_length_13499_cov_78.007851_10 # 7858 # 8670 # -1 # ID=1004_10;partial=00;start_type=ATG;rbs_motif=AGGA;rbs_spacer=5-10bp;gc_cont=0.498
NODE_2033_length_13499_cov_78.007851:7858-8670|-    -            271 9804478              -            303     0.048   10.9   0.8   2   2     0.015       3.6    4.8   0.0   207   273   181   246   131   266 0.76 NODE_2033_length_13499_cov_78.007851_10 # 7858 # 8670 # -1 # ID=1004_10;partial=00;start_type=ATG;rbs_motif=AGGA;rbs_spacer=5-10bp;gc_cont=0.498
#
# Program:         hmmsearch
# Version:         3.4 (Aug 2023)
# Pipeline mode:   SEARCH
# Query file:      /home/simonedassisi/velvet-1.2.10/busco_downloads/lineages/bacteria_odb12/hmms/9804478at2.hmm
# Target file:     results/BUSCO_output_velveth21/prodigal_output/predicted_genes/predicted.faa
# Option settings: hmmsearch --domtblout results/BUSCO_output_velveth21/auto_lineage/run_bacteria_odb12/hmmer_output/9804478at2.out --cpu 1 /home/simonedassisi/velvet-1.2.10/busco_downloads/lineages/bacteria_odb12/hmms/9804478at2.hmm results/BUSCO_output_velveth21/prodigal_output/predicted_genes/predicted.faa 
# Current dir:     /home/simonedassisi/velvet-1.2.10
# Date:            Wed Apr  2 19:18:22 2025
# [ok]
