#                                                                                                           --- full sequence --- -------------- this domain -------------   hmm coord   ali coord   env coord
# target name                                       accession   tlen query name           accession   qlen   E-value  score  bias   #  of  c-Evalue  i-Evalue  score  bias  from    to  from    to  from    to  acc description of target
#                               ------------------- ---------- ----- -------------------- ---------- ----- --------- ------ ----- --- --- --------- --------- ------ ----- ----- ----- ----- ----- ----- ----- ---- ---------------------
NODE_1999_length_25587_cov_66.390984:17957-19978|+  -            674 9806651              -            592  3.2e-286  948.6   2.3   1   2  7.7e-283  3.4e-280  928.7   0.1     3   560    10   593     8   611 0.94 NODE_1999_length_25587_cov_66.390984_18 # 17957 # 19978 # 1 # ID=982_18;partial=00;start_type=ATG;rbs_motif=GGA/GAG/AGG;rbs_spacer=5-10bp;gc_cont=0.533
NODE_1999_length_25587_cov_66.390984:17957-19978|+  -            674 9806651              -            592  3.2e-286  948.6   2.3   2   2   1.1e-07     5e-05   20.0   0.3   551   592   627   666   611   666 0.85 NODE_1999_length_25587_cov_66.390984_18 # 17957 # 19978 # 1 # ID=982_18;partial=00;start_type=ATG;rbs_motif=GGA/GAG/AGG;rbs_spacer=5-10bp;gc_cont=0.533
NODE_820_length_11940_cov_68.144218:7367-10861|+    -           1165 9806651              -            592   6.1e-22   75.9   0.0   1   4   2.5e-17   1.1e-14   51.9   0.0    25   234    31   239    24   259 0.78 NODE_820_length_11940_cov_68.144218_8 # 7367 # 10861 # 1 # ID=357_8;partial=00;start_type=ATG;rbs_motif=None;rbs_spacer=None;gc_cont=0.547
NODE_820_length_11940_cov_68.144218:7367-10861|+    -           1165 9806651              -            592   6.1e-22   75.9   0.0   2   4     0.014       6.4    3.2   0.0     4    78   615   694   613   703 0.78 NODE_820_length_11940_cov_68.144218_8 # 7367 # 10861 # 1 # ID=357_8;partial=00;start_type=ATG;rbs_motif=None;rbs_spacer=None;gc_cont=0.547
NODE_820_length_11940_cov_68.144218:7367-10861|+    -           1165 9806651              -            592   6.1e-22   75.9   0.0   3   4     0.026        11    2.3   0.0   413   471   667   727   662   744 0.81 NODE_820_length_11940_cov_68.144218_8 # 7367 # 10861 # 1 # ID=357_8;partial=00;start_type=ATG;rbs_motif=None;rbs_spacer=None;gc_cont=0.547
NODE_820_length_11940_cov_68.144218:7367-10861|+    -           1165 9806651              -            592   6.1e-22   75.9   0.0   4   4   3.3e-06    0.0015   15.2   0.0   424   511   840   921   835   947 0.80 NODE_820_length_11940_cov_68.144218_8 # 7367 # 10861 # 1 # ID=357_8;partial=00;start_type=ATG;rbs_motif=None;rbs_spacer=None;gc_cont=0.547
NODE_926_length_95421_cov_71.123581:11683-13017|-   -            445 9806651              -            592   1.3e-10   38.4   0.1   1   2      0.33   1.5e+02   -1.3   0.0   408   449    71   109    60   132 0.74 NODE_926_length_95421_cov_71.123581_12 # 11683 # 13017 # -1 # ID=386_12;partial=00;start_type=ATG;rbs_motif=GGAG/GAGG;rbs_spacer=5-10bp;gc_cont=0.547
NODE_926_length_95421_cov_71.123581:11683-13017|-   -            445 9806651              -            592   1.3e-10   38.4   0.1   2   2   1.1e-12   4.6e-10   36.6   0.0   403   512   238   342   198   356 0.88 NODE_926_length_95421_cov_71.123581_12 # 11683 # 13017 # -1 # ID=386_12;partial=00;start_type=ATG;rbs_motif=GGAG/GAGG;rbs_spacer=5-10bp;gc_cont=0.547
NODE_2440_length_10172_cov_68.540306:3774-5534|-    -            587 9806651              -            592   9.5e-09   32.3   0.1   1   2   0.00015     0.067    9.7   0.0    10    68     9    68     2    75 0.82 NODE_2440_length_10172_cov_68.540306_5 # 3774 # 5534 # -1 # ID=1255_5;partial=00;start_type=ATG;rbs_motif=None;rbs_spacer=None;gc_cont=0.531
NODE_2440_length_10172_cov_68.540306:3774-5534|-    -            587 9806651              -            592   9.5e-09   32.3   0.1   2   2   8.1e-08   3.6e-05   20.5   0.0   401   490   239   327   226   351 0.83 NODE_2440_length_10172_cov_68.540306_5 # 3774 # 5534 # -1 # ID=1255_5;partial=00;start_type=ATG;rbs_motif=None;rbs_spacer=None;gc_cont=0.531
NODE_1288_length_45176_cov_69.014496:9656-11020|+   -            455 9806651              -            592   2.7e-08   30.8   0.0   1   2      0.19        83   -0.5   0.0    51    73    77    99    23   109 0.67 NODE_1288_length_45176_cov_69.014496_10 # 9656 # 11020 # 1 # ID=561_10;partial=00;start_type=ATG;rbs_motif=GGAG/GAGG;rbs_spacer=5-10bp;gc_cont=0.566
NODE_1288_length_45176_cov_69.014496:9656-11020|+   -            455 9806651              -            592   2.7e-08   30.8   0.0   2   2   2.8e-10   1.3e-07   28.6   0.0   397   485   229   317   219   323 0.90 NODE_1288_length_45176_cov_69.014496_10 # 9656 # 11020 # 1 # ID=561_10;partial=00;start_type=ATG;rbs_motif=GGAG/GAGG;rbs_spacer=5-10bp;gc_cont=0.566
NODE_846_length_63393_cov_76.936378:60621-62819|-   -            733 9806651              -            592   2.8e-08   30.8   0.0   1   2   2.3e-05      0.01   12.4   0.0     7    73   200   269   195   281 0.86 NODE_846_length_63393_cov_76.936378_65 # 60621 # 62819 # -1 # ID=361_65;partial=00;start_type=ATG;rbs_motif=AGGA;rbs_spacer=5-10bp;gc_cont=0.575
NODE_846_length_63393_cov_76.936378:60621-62819|-   -            733 9806651              -            592   2.8e-08   30.8   0.0   2   2   1.6e-06   0.00069   16.3   0.0   456   520   525   597   510   609 0.78 NODE_846_length_63393_cov_76.936378_65 # 60621 # 62819 # -1 # ID=361_65;partial=00;start_type=ATG;rbs_motif=AGGA;rbs_spacer=5-10bp;gc_cont=0.575
NODE_2145_length_112275_cov_77.552353:94610-96499|+ -            630 9806651              -            592   3.7e-08   30.4   1.0   1   2     0.015       6.5    3.1   0.0    29    83    48   108    28   117 0.71 NODE_2145_length_112275_cov_77.552353_89 # 94610 # 96499 # 1 # ID=1072_89;partial=00;start_type=ATG;rbs_motif=AGGA/GGAG/GAGG;rbs_spacer=11-12bp;gc_cont=0.556
NODE_2145_length_112275_cov_77.552353:94610-96499|+ -            630 9806651              -            592   3.7e-08   30.4   1.0   2   2   4.4e-09     2e-06   24.7   1.3   414   536   246   364   229   371 0.87 NODE_2145_length_112275_cov_77.552353_89 # 94610 # 96499 # 1 # ID=1072_89;partial=00;start_type=ATG;rbs_motif=AGGA/GGAG/GAGG;rbs_spacer=11-12bp;gc_cont=0.556
NODE_888_length_35781_cov_80.233421:17379-18644|-   -            422 9806651              -            592     4e-07   27.0   0.1   1   2       1.8     8e+02   -3.8   0.0    50    67    85   102    80   105 0.76 NODE_888_length_35781_cov_80.233421_15 # 17379 # 18644 # -1 # ID=375_15;partial=00;start_type=ATG;rbs_motif=None;rbs_spacer=None;gc_cont=0.522
NODE_888_length_35781_cov_80.233421:17379-18644|-   -            422 9806651              -            592     4e-07   27.0   0.1   2   2   1.7e-09   7.4e-07   26.1   0.0   404   486   247   329   239   351 0.90 NODE_888_length_35781_cov_80.233421_15 # 17379 # 18644 # -1 # ID=375_15;partial=00;start_type=ATG;rbs_motif=None;rbs_spacer=None;gc_cont=0.522
NODE_1539_length_37792_cov_75.811783:24417-26498|+  -            694 9806651              -            592   4.7e-06   23.4   0.0   1   2   0.00062      0.27    7.7   0.0     4    74   267   342   265   348 0.77 NODE_1539_length_37792_cov_75.811783_29 # 24417 # 26498 # 1 # ID=694_29;partial=00;start_type=ATG;rbs_motif=GGA/GAG/AGG;rbs_spacer=5-10bp;gc_cont=0.572
NODE_1539_length_37792_cov_75.811783:24417-26498|+  -            694 9806651              -            592   4.7e-06   23.4   0.0   2   2   1.1e-05    0.0049   13.4   0.0   437   522   517   600   492   612 0.80 NODE_1539_length_37792_cov_75.811783_29 # 24417 # 26498 # 1 # ID=694_29;partial=00;start_type=ATG;rbs_motif=GGA/GAG/AGG;rbs_spacer=5-10bp;gc_cont=0.572
NODE_899_length_14293_cov_69.337791:9958-11331|+    -            458 9806651              -            592   1.6e-05   21.6   0.0   1   2    0.0044       1.9    4.9   0.0    25    77    41   102    29   107 0.70 NODE_899_length_14293_cov_69.337791_10 # 9958 # 11331 # 1 # ID=380_10;partial=00;start_type=GTG;rbs_motif=GGA/GAG/AGG;rbs_spacer=5-10bp;gc_cont=0.516
NODE_899_length_14293_cov_69.337791:9958-11331|+    -            458 9806651              -            592   1.6e-05   21.6   0.0   2   2   4.9e-06    0.0022   14.6   0.0   409   486   237   314   226   341 0.90 NODE_899_length_14293_cov_69.337791_10 # 9958 # 11331 # 1 # ID=380_10;partial=00;start_type=GTG;rbs_motif=GGA/GAG/AGG;rbs_spacer=5-10bp;gc_cont=0.516
NODE_718_length_90501_cov_69.003258:2190-4022|+     -            611 9806651              -            592   0.00065   16.3   0.1   1   1   2.3e-06     0.001   15.7   0.1   559   591   204   236   191   237 0.91 NODE_718_length_90501_cov_69.003258_4 # 2190 # 4022 # 1 # ID=299_4;partial=00;start_type=GTG;rbs_motif=4Base/6BMM;rbs_spacer=13-15bp;gc_cont=0.516
NODE_877_length_31483_cov_78.652222:2505-4340|+     -            612 9806651              -            592    0.0029   14.2   0.0   1   2       2.5   1.1e+03   -4.2   0.0   303   317   138   152   136   156 0.82 NODE_877_length_31483_cov_78.652222_4 # 2505 # 4340 # 1 # ID=369_4;partial=00;start_type=GTG;rbs_motif=GGA/GAG/AGG;rbs_spacer=5-10bp;gc_cont=0.554
NODE_877_length_31483_cov_78.652222:2505-4340|+     -            612 9806651              -            592    0.0029   14.2   0.0   2   2   1.4e-05    0.0061   13.1   0.0   379   523   192   344   172   366 0.76 NODE_877_length_31483_cov_78.652222_4 # 2505 # 4340 # 1 # ID=369_4;partial=00;start_type=GTG;rbs_motif=GGA/GAG/AGG;rbs_spacer=5-10bp;gc_cont=0.554
#
# Program:         hmmsearch
# Version:         3.4 (Aug 2023)
# Pipeline mode:   SEARCH
# Query file:      /home/simonedassisi/velvet-1.2.10/busco_downloads/lineages/bacteria_odb12/hmms/9806651at2.hmm
# Target file:     results/BUSCO_output_velveth21/prodigal_output/predicted_genes/predicted.faa
# Option settings: hmmsearch --domtblout results/BUSCO_output_velveth21/auto_lineage/run_bacteria_odb12/hmmer_output/9806651at2.out --cpu 1 /home/simonedassisi/velvet-1.2.10/busco_downloads/lineages/bacteria_odb12/hmms/9806651at2.hmm results/BUSCO_output_velveth21/prodigal_output/predicted_genes/predicted.faa 
# Current dir:     /home/simonedassisi/velvet-1.2.10
# Date:            Wed Apr  2 19:18:23 2025
# [ok]
