#                                                                                                           --- full sequence --- -------------- this domain -------------   hmm coord   ali coord   env coord
# target name                                       accession   tlen query name           accession   qlen   E-value  score  bias   #  of  c-Evalue  i-Evalue  score  bias  from    to  from    to  from    to  acc description of target
#                               ------------------- ---------- ----- -------------------- ---------- ----- --------- ------ ----- --- --- --------- --------- ------ ----- ----- ----- ----- ----- ----- ----- ---- ---------------------
NODE_989_length_51512_cov_75.450089:4420-5823|+     -            468 9807019              -            427    5e-187  620.4   0.0   1   1  1.4e-189  5.6e-187  620.3   0.0     6   425     4   466     1   467 0.95 NODE_989_length_51512_cov_75.450089_5 # 4420 # 5823 # 1 # ID=419_5;partial=00;start_type=GTG;rbs_motif=GGAG/GAGG;rbs_spacer=5-10bp;gc_cont=0.538
NODE_906_length_18920_cov_69.049629:2095-2841|+     -            249 9807019              -            427   2.1e-24   84.6   0.0   1   1   1.3e-26   5.1e-24   83.3   0.0   100   327    30   247    18   248 0.91 NODE_906_length_18920_cov_69.049629_3 # 2095 # 2841 # 1 # ID=381_3;partial=00;start_type=GTG;rbs_motif=GGA/GAG/AGG;rbs_spacer=3-4bp;gc_cont=0.529
NODE_2117_length_5594_cov_75.820343:2821-3558|-     -            246 9807019              -            427   5.6e-14   50.3   0.0   1   1   1.6e-16   6.5e-14   50.1   0.0    61   251    32   223     7   229 0.75 NODE_2117_length_5594_cov_75.820343_3 # 2821 # 3558 # -1 # ID=1061_3;partial=00;start_type=ATG;rbs_motif=GGAG/GAGG;rbs_spacer=5-10bp;gc_cont=0.509
NODE_1498_length_1424_cov_118.246490:3-554|-        -            184 9807019              -            427   8.8e-10   36.4   0.0   1   1   2.2e-12     9e-10   36.4   0.0    86   215    51   182     4   184 0.75 NODE_1498_length_1424_cov_118.246490_1 # 3 # 554 # -1 # ID=667_1;partial=10;start_type=ATG;rbs_motif=AGGAG;rbs_spacer=5-10bp;gc_cont=0.569
NODE_373_length_5177_cov_135.893372:3516-4271|+     -            252 9807019              -            427   2.4e-09   35.0   0.0   1   1   6.4e-12   2.6e-09   34.9   0.0   129   234   100   204    21   211 0.86 NODE_373_length_5177_cov_135.893372_4 # 3516 # 4271 # 1 # ID=120_4;partial=00;start_type=GTG;rbs_motif=GGAGG;rbs_spacer=5-10bp;gc_cont=0.537
NODE_1974_length_14183_cov_58.417542:8173-8919|+    -            249 9807019              -            427   5.3e-09   33.9   0.0   1   1   1.4e-11   5.6e-09   33.8   0.0   131   230    99   198    16   208 0.87 NODE_1974_length_14183_cov_58.417542_10 # 8173 # 8919 # 1 # ID=961_10;partial=00;start_type=ATG;rbs_motif=GGA/GAG/AGG;rbs_spacer=5-10bp;gc_cont=0.486
NODE_1362_length_2505_cov_168.079437:1667-2422|+    -            252 9807019              -            427   2.7e-08   31.5   0.0   1   1   7.8e-11   3.2e-08   31.3   0.0   131   230   100   199    35   212 0.92 NODE_1362_length_2505_cov_168.079437_3 # 1667 # 2422 # 1 # ID=602_3;partial=00;start_type=ATG;rbs_motif=AGGA;rbs_spacer=5-10bp;gc_cont=0.526
NODE_819_length_1616_cov_238.934402:1109-1636|+     -            176 9807019              -            427   1.2e-06   26.1   0.0   1   1   2.9e-09   1.2e-06   26.1   0.0   131   198   103   171     5   175 0.80 NODE_819_length_1616_cov_238.934402_2 # 1109 # 1636 # 1 # ID=356_2;partial=01;start_type=ATG;rbs_motif=AGGAG;rbs_spacer=5-10bp;gc_cont=0.511
NODE_443_length_10040_cov_75.927094:7355-9928|+     -            858 9807019              -            427   6.6e-06   23.7   0.1   1   2    0.0073         3    5.0   0.0   122   156   192   225   180   232 0.81 NODE_443_length_10040_cov_75.927094_9 # 7355 # 9928 # 1 # ID=166_9;partial=00;start_type=ATG;rbs_motif=GGAGG;rbs_spacer=3-4bp;gc_cont=0.516
NODE_443_length_10040_cov_75.927094:7355-9928|+     -            858 9807019              -            427   6.6e-06   23.7   0.1   2   2   1.2e-05    0.0051   14.2   0.0   116   172   583   640   430   644 0.57 NODE_443_length_10040_cov_75.927094_9 # 7355 # 9928 # 1 # ID=166_9;partial=00;start_type=ATG;rbs_motif=GGAGG;rbs_spacer=3-4bp;gc_cont=0.516
NODE_718_length_90501_cov_69.003258:50764-51774|+   -            337 9807019              -            427   7.1e-06   23.6   0.0   1   3   5.6e-06    0.0023   15.3   0.0   105   154    29    79    14    87 0.83 NODE_718_length_90501_cov_69.003258_51 # 50764 # 51774 # 1 # ID=299_51;partial=00;start_type=ATG;rbs_motif=GGAG/GAGG;rbs_spacer=5-10bp;gc_cont=0.530
NODE_718_length_90501_cov_69.003258:50764-51774|+   -            337 9807019              -            427   7.1e-06   23.6   0.0   2   3      0.33   1.3e+02   -0.4   0.0   187   204   102   119    91   122 0.80 NODE_718_length_90501_cov_69.003258_51 # 50764 # 51774 # 1 # ID=299_51;partial=00;start_type=ATG;rbs_motif=GGAG/GAGG;rbs_spacer=5-10bp;gc_cont=0.530
NODE_718_length_90501_cov_69.003258:50764-51774|+   -            337 9807019              -            427   7.1e-06   23.6   0.0   3   3     0.011       4.5    4.5   0.0   266   329   190   254   163   266 0.83 NODE_718_length_90501_cov_69.003258_51 # 50764 # 51774 # 1 # ID=299_51;partial=00;start_type=ATG;rbs_motif=GGAG/GAGG;rbs_spacer=5-10bp;gc_cont=0.530
NODE_1709_length_68036_cov_72.575531:8442-9785|-    -            448 9807019              -            427   0.00021   18.8   0.0   1   1   7.7e-07   0.00031   18.2   0.0   129   308    49   220    20   246 0.72 NODE_1709_length_68036_cov_72.575531_8 # 8442 # 9785 # -1 # ID=785_8;partial=00;start_type=GTG;rbs_motif=GGAG/GAGG;rbs_spacer=5-10bp;gc_cont=0.531
NODE_2145_length_112275_cov_77.552353:29504-30631|+ -            376 9807019              -            427     0.019   12.3   0.0   1   2    0.0004      0.16    9.2   0.0   131   238    72   181    64   189 0.67 NODE_2145_length_112275_cov_77.552353_26 # 29504 # 30631 # 1 # ID=1072_26;partial=00;start_type=ATG;rbs_motif=4Base/6BMM;rbs_spacer=13-15bp;gc_cont=0.523
NODE_2145_length_112275_cov_77.552353:29504-30631|+ -            376 9807019              -            427     0.019   12.3   0.0   2   2      0.17        68    0.6   0.0   207   252   311   355   272   367 0.77 NODE_2145_length_112275_cov_77.552353_26 # 29504 # 30631 # 1 # ID=1072_26;partial=00;start_type=ATG;rbs_motif=4Base/6BMM;rbs_spacer=13-15bp;gc_cont=0.523
NODE_2145_length_112275_cov_77.552353:62407-63216|+ -            270 9807019              -            427     0.062   10.6   0.1   1   1   0.00023     0.094   10.0   0.1   133   155    37    59    30    66 0.87 NODE_2145_length_112275_cov_77.552353_58 # 62407 # 63216 # 1 # ID=1072_58;partial=00;start_type=ATG;rbs_motif=GGA/GAG/AGG;rbs_spacer=5-10bp;gc_cont=0.546
#
# Program:         hmmsearch
# Version:         3.4 (Aug 2023)
# Pipeline mode:   SEARCH
# Query file:      /home/simonedassisi/velvet-1.2.10/busco_downloads/lineages/bacteria_odb12/hmms/9807019at2.hmm
# Target file:     results/BUSCO_output_velveth21/prodigal_output/predicted_genes/predicted.faa
# Option settings: hmmsearch --domtblout results/BUSCO_output_velveth21/auto_lineage/run_bacteria_odb12/hmmer_output/9807019at2.out --cpu 1 /home/simonedassisi/velvet-1.2.10/busco_downloads/lineages/bacteria_odb12/hmms/9807019at2.hmm results/BUSCO_output_velveth21/prodigal_output/predicted_genes/predicted.faa 
# Current dir:     /home/simonedassisi/velvet-1.2.10
# Date:            Wed Apr  2 19:18:23 2025
# [ok]
