#                                                                                                          --- full sequence --- -------------- this domain -------------   hmm coord   ali coord   env coord
# target name                                      accession   tlen query name           accession   qlen   E-value  score  bias   #  of  c-Evalue  i-Evalue  score  bias  from    to  from    to  from    to  acc description of target
#                              ------------------- ---------- ----- -------------------- ---------- ----- --------- ------ ----- --- --- --------- --------- ------ ----- ----- ----- ----- ----- ----- ----- ---- ---------------------
NODE_1204_length_64359_cov_77.399834:37170-37895|+ -            242 9807458              -            233  1.5e-101  337.2   0.3   1   1  2.3e-104  1.7e-101  337.0   0.3     2   232     6   240     5   241 0.96 NODE_1204_length_64359_cov_77.399834_31 # 37170 # 37895 # 1 # ID=516_31;partial=00;start_type=ATG;rbs_motif=AGGA;rbs_spacer=5-10bp;gc_cont=0.526
NODE_2129_length_51924_cov_72.758377:36875-39337|+ -            821 9807458              -            233   1.1e-07   30.0   0.0   1   1   3.6e-10   2.7e-07   28.7   0.0   138   210   207   282   164   297 0.81 NODE_2129_length_51924_cov_72.758377_39 # 36875 # 39337 # 1 # ID=1066_39;partial=00;start_type=ATG;rbs_motif=GGAG/GAGG;rbs_spacer=5-10bp;gc_cont=0.532
NODE_1008_length_19602_cov_73.790375:18099-19448|+ -            450 9807458              -            233   2.5e-06   25.6   0.0   1   1   7.5e-09   5.6e-06   24.4   0.0   138   216   201   282   193   294 0.84 NODE_1008_length_19602_cov_73.790375_18 # 18099 # 19448 # 1 # ID=428_18;partial=00;start_type=ATG;rbs_motif=GGAG/GAGG;rbs_spacer=5-10bp;gc_cont=0.539
NODE_1229_length_78306_cov_70.440285:10426-11529|+ -            368 9807458              -            233   6.3e-05   21.0   3.5   1   3     0.004         3    5.7   0.1     6    57     5    56     1    78 0.84 NODE_1229_length_78306_cov_70.440285_13 # 10426 # 11529 # 1 # ID=529_13;partial=00;start_type=ATG;rbs_motif=GGA/GAG/AGG;rbs_spacer=3-4bp;gc_cont=0.562
NODE_1229_length_78306_cov_70.440285:10426-11529|+ -            368 9807458              -            233   6.3e-05   21.0   3.5   2   3   2.5e-06    0.0019   16.2   0.1   139   180   150   191    97   201 0.93 NODE_1229_length_78306_cov_70.440285_13 # 10426 # 11529 # 1 # ID=529_13;partial=00;start_type=ATG;rbs_motif=GGA/GAG/AGG;rbs_spacer=3-4bp;gc_cont=0.562
NODE_1229_length_78306_cov_70.440285:10426-11529|+ -            368 9807458              -            233   6.3e-05   21.0   3.5   3   3       1.6   1.2e+03   -2.9   0.1   130   159   208   237   206   244 0.79 NODE_1229_length_78306_cov_70.440285_13 # 10426 # 11529 # 1 # ID=529_13;partial=00;start_type=ATG;rbs_motif=GGA/GAG/AGG;rbs_spacer=3-4bp;gc_cont=0.562
NODE_89_length_10330_cov_70.405418:6554-7447|-     -            298 9807458              -            233   0.00018   19.5   0.1   1   2      0.18   1.3e+02    0.3   0.0     6    52     2    52     1    61 0.72 NODE_89_length_10330_cov_70.405418_9 # 6554 # 7447 # -1 # ID=14_9;partial=00;start_type=ATG;rbs_motif=AGGA;rbs_spacer=5-10bp;gc_cont=0.574
NODE_89_length_10330_cov_70.405418:6554-7447|-     -            298 9807458              -            233   0.00018   19.5   0.1   2   2   2.6e-06     0.002   16.1   0.0   116   173   170   237   153   244 0.74 NODE_89_length_10330_cov_70.405418_9 # 6554 # 7447 # -1 # ID=14_9;partial=00;start_type=ATG;rbs_motif=AGGA;rbs_spacer=5-10bp;gc_cont=0.574
NODE_1228_length_4162_cov_131.008896:2416-3378|+   -            321 9807458              -            233    0.0043   15.0   1.9   1   2      0.37   2.8e+02   -0.7   0.1    21    41    23    43     2    56 0.45 NODE_1228_length_4162_cov_131.008896_3 # 2416 # 3378 # 1 # ID=528_3;partial=00;start_type=ATG;rbs_motif=GGA/GAG/AGG;rbs_spacer=5-10bp;gc_cont=0.561
NODE_1228_length_4162_cov_131.008896:2416-3378|+   -            321 9807458              -            233    0.0043   15.0   1.9   2   2   0.00011      0.08   10.8   0.3   116   164   180   242   162   268 0.69 NODE_1228_length_4162_cov_131.008896_3 # 2416 # 3378 # 1 # ID=528_3;partial=00;start_type=ATG;rbs_motif=GGA/GAG/AGG;rbs_spacer=5-10bp;gc_cont=0.561
NODE_1852_length_52597_cov_77.721466:13621-14553|+ -            311 9807458              -            233     0.016   13.1   5.3   1   2   4.6e-05     0.035   12.0   0.1     5    52     2    49     1    78 0.91 NODE_1852_length_52597_cov_77.721466_11 # 13621 # 14553 # 1 # ID=868_11;partial=00;start_type=ATG;rbs_motif=GGA/GAG/AGG;rbs_spacer=5-10bp;gc_cont=0.495
NODE_1852_length_52597_cov_77.721466:13621-14553|+ -            311 9807458              -            233     0.016   13.1   5.3   2   2     0.062        47    1.8   1.3   117   135   176   194   162   244 0.60 NODE_1852_length_52597_cov_77.721466_11 # 13621 # 14553 # 1 # ID=868_11;partial=00;start_type=ATG;rbs_motif=GGA/GAG/AGG;rbs_spacer=5-10bp;gc_cont=0.495
#
# Program:         hmmsearch
# Version:         3.4 (Aug 2023)
# Pipeline mode:   SEARCH
# Query file:      /home/simonedassisi/velvet-1.2.10/busco_downloads/lineages/bacteria_odb12/hmms/9807458at2.hmm
# Target file:     results/BUSCO_output_velveth21/prodigal_output/predicted_genes/predicted.faa
# Option settings: hmmsearch --domtblout results/BUSCO_output_velveth21/auto_lineage/run_bacteria_odb12/hmmer_output/9807458at2.out --cpu 1 /home/simonedassisi/velvet-1.2.10/busco_downloads/lineages/bacteria_odb12/hmms/9807458at2.hmm results/BUSCO_output_velveth21/prodigal_output/predicted_genes/predicted.faa 
# Current dir:     /home/simonedassisi/velvet-1.2.10
# Date:            Wed Apr  2 19:18:23 2025
# [ok]
