#                                                                                                          --- full sequence --- -------------- this domain -------------   hmm coord   ali coord   env coord
# target name                                      accession   tlen query name           accession   qlen   E-value  score  bias   #  of  c-Evalue  i-Evalue  score  bias  from    to  from    to  from    to  acc description of target
#                              ------------------- ---------- ----- -------------------- ---------- ----- --------- ------ ----- --- --- --------- --------- ------ ----- ----- ----- ----- ----- ----- ----- ---- ---------------------
NODE_679_length_36641_cov_70.533279:30037-31305|+  -            423 9809356              -            390  4.7e-130  432.2   0.0   1   1  8.1e-133  5.3e-130  432.0   0.0     4   387    12   415     9   418 0.92 NODE_679_length_36641_cov_70.533279_30 # 30037 # 31305 # 1 # ID=288_30;partial=00;start_type=ATG;rbs_motif=GGA/GAG/AGG;rbs_spacer=3-4bp;gc_cont=0.558
NODE_596_length_15654_cov_72.501595:7576-9063|+    -            496 9809356              -            390   2.4e-22   77.6   0.1   1   2   9.3e-07   0.00061   17.0   0.0    22    60    92   131    71   140 0.84 NODE_596_length_15654_cov_72.501595_8 # 7576 # 9063 # 1 # ID=258_8;partial=00;start_type=GTG;rbs_motif=GGAG/GAGG;rbs_spacer=5-10bp;gc_cont=0.569
NODE_596_length_15654_cov_72.501595:7576-9063|+    -            496 9809356              -            390   2.4e-22   77.6   0.1   2   2   4.9e-19   3.2e-16   57.4   0.0   147   374   198   465   182   467 0.70 NODE_596_length_15654_cov_72.501595_8 # 7576 # 9063 # 1 # ID=258_8;partial=00;start_type=GTG;rbs_motif=GGAG/GAGG;rbs_spacer=5-10bp;gc_cont=0.569
NODE_596_length_15654_cov_72.501595:11497-12813|+  -            439 9809356              -            390   7.7e-15   52.9   0.3   1   2   6.3e-07   0.00041   17.6   0.2    36    69   103   136    84   137 0.89 NODE_596_length_15654_cov_72.501595_11 # 11497 # 12813 # 1 # ID=258_11;partial=00;start_type=ATG;rbs_motif=GGA/GAG/AGG;rbs_spacer=5-10bp;gc_cont=0.550
NODE_596_length_15654_cov_72.501595:11497-12813|+  -            439 9809356              -            390   7.7e-15   52.9   0.3   2   2   9.8e-12   6.5e-09   33.4   0.0   126   349   151   385   141   412 0.68 NODE_596_length_15654_cov_72.501595_11 # 11497 # 12813 # 1 # ID=258_11;partial=00;start_type=ATG;rbs_motif=GGA/GAG/AGG;rbs_spacer=5-10bp;gc_cont=0.550
NODE_1815_length_42207_cov_77.160164:21572-22945|+ -            458 9809356              -            390   1.4e-11   42.1   0.2   1   2   1.8e-06    0.0012   16.1   0.0    40    69   105   134    94   137 0.90 NODE_1815_length_42207_cov_77.160164_20 # 21572 # 22945 # 1 # ID=846_20;partial=00;start_type=ATG;rbs_motif=AGGA;rbs_spacer=5-10bp;gc_cont=0.552
NODE_1815_length_42207_cov_77.160164:21572-22945|+ -            458 9809356              -            390   1.4e-11   42.1   0.2   2   2   5.8e-09   3.8e-06   24.3   0.1   207   310   239   357   176   433 0.68 NODE_1815_length_42207_cov_77.160164_20 # 21572 # 22945 # 1 # ID=846_20;partial=00;start_type=ATG;rbs_motif=AGGA;rbs_spacer=5-10bp;gc_cont=0.552
NODE_596_length_15654_cov_72.501595:9060-10418|+   -            453 9809356              -            390   3.6e-11   40.8   3.4   1   2   6.1e-05     0.041   11.0   0.1    35    65    97   127    81   133 0.82 NODE_596_length_15654_cov_72.501595_9 # 9060 # 10418 # 1 # ID=258_9;partial=00;start_type=ATG;rbs_motif=GGxGG;rbs_spacer=5-10bp;gc_cont=0.552
NODE_596_length_15654_cov_72.501595:9060-10418|+   -            453 9809356              -            390   3.6e-11   40.8   3.4   2   2     1e-10   6.8e-08   30.0   1.0   126   313   151   363   138   449 0.67 NODE_596_length_15654_cov_72.501595_9 # 9060 # 10418 # 1 # ID=258_9;partial=00;start_type=ATG;rbs_motif=GGxGG;rbs_spacer=5-10bp;gc_cont=0.552
NODE_592_length_39318_cov_75.666641:3-965|+        -            321 9809356              -            390     7e-07   26.7   0.0   1   1   2.1e-09   1.4e-06   25.7   0.0   146   308    14   208     8   295 0.70 NODE_592_length_39318_cov_75.666641_1 # 3 # 965 # 1 # ID=257_1;partial=10;start_type=Edge;rbs_motif=None;rbs_spacer=None;gc_cont=0.546
NODE_596_length_15654_cov_72.501595:15175-15672|+  -            166 9809356              -            390   4.6e-06   24.0   0.0   1   1   9.7e-09   6.4e-06   23.5   0.0    24    65   109   146    84   150 0.78 NODE_596_length_15654_cov_72.501595_14 # 15175 # 15672 # 1 # ID=258_14;partial=01;start_type=ATG;rbs_motif=3Base/5BMM;rbs_spacer=13-15bp;gc_cont=0.542
NODE_1852_length_52597_cov_77.721466:16267-17037|- -            257 9809356              -            390   4.3e-05   20.8   0.0   1   1     1e-07   6.8e-05   20.1   0.0    29    75    12    57     6    63 0.88 NODE_1852_length_52597_cov_77.721466_13 # 16267 # 17037 # -1 # ID=868_13;partial=00;start_type=GTG;rbs_motif=AGGA/GGAG/GAGG;rbs_spacer=11-12bp;gc_cont=0.503
#
# Program:         hmmsearch
# Version:         3.4 (Aug 2023)
# Pipeline mode:   SEARCH
# Query file:      /home/simonedassisi/velvet-1.2.10/busco_downloads/lineages/bacteria_odb12/hmms/9809356at2.hmm
# Target file:     results/BUSCO_output_velveth21/prodigal_output/predicted_genes/predicted.faa
# Option settings: hmmsearch --domtblout results/BUSCO_output_velveth21/auto_lineage/run_bacteria_odb12/hmmer_output/9809356at2.out --cpu 1 /home/simonedassisi/velvet-1.2.10/busco_downloads/lineages/bacteria_odb12/hmms/9809356at2.hmm results/BUSCO_output_velveth21/prodigal_output/predicted_genes/predicted.faa 
# Current dir:     /home/simonedassisi/velvet-1.2.10
# Date:            Wed Apr  2 19:18:23 2025
# [ok]
