#                                                                                                           --- full sequence --- -------------- this domain -------------   hmm coord   ali coord   env coord
# target name                                       accession   tlen query name           accession   qlen   E-value  score  bias   #  of  c-Evalue  i-Evalue  score  bias  from    to  from    to  from    to  acc description of target
#                               ------------------- ---------- ----- -------------------- ---------- ----- --------- ------ ----- --- --- --------- --------- ------ ----- ----- ----- ----- ----- ----- ----- ---- ---------------------
NODE_2145_length_112275_cov_77.552353:86456-89128|+ -            891 9811804              -            669  3.5e-301  998.9  21.9   1   2      0.18        81   -0.2  11.7     1    97     1   117     1   132 0.62 NODE_2145_length_112275_cov_77.552353_83 # 86456 # 89128 # 1 # ID=1072_83;partial=00;start_type=ATG;rbs_motif=AGGA;rbs_spacer=5-10bp;gc_cont=0.535
NODE_2145_length_112275_cov_77.552353:86456-89128|+ -            891 9811804              -            669  3.5e-301  998.9  21.9   2   2    8e-304  3.5e-301  998.9  21.9    47   668   263   888   223   889 0.93 NODE_2145_length_112275_cov_77.552353_83 # 86456 # 89128 # 1 # ID=1072_83;partial=00;start_type=ATG;rbs_motif=AGGA;rbs_spacer=5-10bp;gc_cont=0.535
NODE_926_length_95421_cov_71.123581:18789-20588|+   -            600 9811804              -            669   4.9e-22   76.5   0.1   1   2      0.02       8.9    2.9   0.0   175   192     7    24     2    27 0.86 NODE_926_length_95421_cov_71.123581_19 # 18789 # 20588 # 1 # ID=386_19;partial=00;start_type=ATG;rbs_motif=None;rbs_spacer=None;gc_cont=0.537
NODE_926_length_95421_cov_71.123581:18789-20588|+   -            600 9811804              -            669   4.9e-22   76.5   0.1   2   2   4.5e-23     2e-20   71.2   0.0   205   376    59   223    44   237 0.90 NODE_926_length_95421_cov_71.123581_19 # 18789 # 20588 # 1 # ID=386_19;partial=00;start_type=ATG;rbs_motif=None;rbs_spacer=None;gc_cont=0.537
NODE_230_length_8375_cov_67.677017:4327-6171|-      -            615 9811804              -            669   8.2e-19   65.8   1.1   1   1   2.5e-21   1.1e-18   65.4   1.1   177   409     5   243     1   251 0.78 NODE_230_length_8375_cov_67.677017_5 # 4327 # 6171 # -1 # ID=59_5;partial=00;start_type=ATG;rbs_motif=AGGA/GGAG/GAGG;rbs_spacer=11-12bp;gc_cont=0.567
NODE_851_length_22678_cov_82.051857:17530-19353|+   -            608 9811804              -            669     1e-16   58.9   1.0   1   1   5.8e-18   2.5e-15   54.3   1.0   175   296     8   147     1   176 0.77 NODE_851_length_22678_cov_82.051857_18 # 17530 # 19353 # 1 # ID=363_18;partial=00;start_type=GTG;rbs_motif=GGAG/GAGG;rbs_spacer=5-10bp;gc_cont=0.533
NODE_1443_length_1047_cov_173.915955:3-1067|-       -            355 9811804              -            669     5e-14   50.0   0.1   1   1   2.6e-16   1.1e-13   48.8   0.1   206   374    32   208    14   216 0.74 NODE_1443_length_1047_cov_173.915955_1 # 3 # 1067 # -1 # ID=635_1;partial=11;start_type=Edge;rbs_motif=None;rbs_spacer=None;gc_cont=0.540
NODE_1441_length_52686_cov_76.197510:190-2304|-     -            705 9811804              -            669     2e-12   44.7   0.2   1   2   1.6e-13   7.1e-11   39.6   0.1   211   294    76   159    74   164 0.95 NODE_1441_length_52686_cov_76.197510_2 # 190 # 2304 # -1 # ID=633_2;partial=00;start_type=ATG;rbs_motif=GGAG/GAGG;rbs_spacer=5-10bp;gc_cont=0.509
NODE_1441_length_52686_cov_76.197510:190-2304|-     -            705 9811804              -            669     2e-12   44.7   0.2   2   2     0.026        11    2.6   0.0   363   420   336   397   325   403 0.82 NODE_1441_length_52686_cov_76.197510_2 # 190 # 2304 # -1 # ID=633_2;partial=00;start_type=ATG;rbs_motif=GGAG/GAGG;rbs_spacer=5-10bp;gc_cont=0.509
NODE_2185_length_35330_cov_74.210983:31625-33052|-  -            476 9811804              -            669   9.4e-11   39.2   0.0   1   2       1.1   4.8e+02   -2.8   0.0   609   626    46    63    35    66 0.83 NODE_2185_length_35330_cov_74.210983_37 # 31625 # 33052 # -1 # ID=1088_37;partial=00;start_type=ATG;rbs_motif=GGA/GAG/AGG;rbs_spacer=11-12bp;gc_cont=0.543
NODE_2185_length_35330_cov_74.210983:31625-33052|-  -            476 9811804              -            669   9.4e-11   39.2   0.0   2   2   4.9e-13   2.2e-10   38.0   0.0   214   325   104   218    85   224 0.81 NODE_2185_length_35330_cov_74.210983_37 # 31625 # 33052 # -1 # ID=1088_37;partial=00;start_type=ATG;rbs_motif=GGA/GAG/AGG;rbs_spacer=11-12bp;gc_cont=0.543
NODE_2129_length_51924_cov_72.758377:5729-7345|+    -            539 9811804              -            669   1.4e-08   32.0   0.0   1   2       1.4   6.3e+02   -3.2   0.0   170   190    20    40    16    42 0.80 NODE_2129_length_51924_cov_72.758377_9 # 5729 # 7345 # 1 # ID=1066_9;partial=00;start_type=ATG;rbs_motif=None;rbs_spacer=None;gc_cont=0.533
NODE_2129_length_51924_cov_72.758377:5729-7345|+    -            539 9811804              -            669   1.4e-08   32.0   0.0   2   2   9.7e-11   4.3e-08   30.4   0.0   219   289    93   163    79   180 0.89 NODE_2129_length_51924_cov_72.758377_9 # 5729 # 7345 # 1 # ID=1066_9;partial=00;start_type=ATG;rbs_motif=None;rbs_spacer=None;gc_cont=0.533
NODE_1441_length_52686_cov_76.197510:3-119|-        -             39 9811804              -            669   0.00017   18.5   0.2   1   1   3.9e-07   0.00017   18.5   0.2   166   194     7    34     1    38 0.71 NODE_1441_length_52686_cov_76.197510_1 # 3 # 119 # -1 # ID=633_1;partial=10;start_type=GTG;rbs_motif=AGGA;rbs_spacer=5-10bp;gc_cont=0.487
NODE_1442_length_506_cov_72.915016:3-119|-          -             39 9811804              -            669   0.00017   18.5   0.2   1   1   3.9e-07   0.00017   18.5   0.2   166   194     7    34     1    38 0.71 NODE_1442_length_506_cov_72.915016_1 # 3 # 119 # -1 # ID=634_1;partial=10;start_type=ATG;rbs_motif=GGAG/GAGG;rbs_spacer=5-10bp;gc_cont=0.479
NODE_926_length_95421_cov_71.123581:87944-89416|+   -            491 9811804              -            669    0.0037   14.1   0.0   1   3     0.027        12    2.5   0.0   241   329    82   160    78   172 0.83 NODE_926_length_95421_cov_71.123581_77 # 87944 # 89416 # 1 # ID=386_77;partial=00;start_type=ATG;rbs_motif=GGAG/GAGG;rbs_spacer=5-10bp;gc_cont=0.520
NODE_926_length_95421_cov_71.123581:87944-89416|+   -            491 9811804              -            669    0.0037   14.1   0.0   2   3      0.78   3.5e+02   -2.3   0.0   140   193   173   223   164   243 0.68 NODE_926_length_95421_cov_71.123581_77 # 87944 # 89416 # 1 # ID=386_77;partial=00;start_type=ATG;rbs_motif=GGAG/GAGG;rbs_spacer=5-10bp;gc_cont=0.520
NODE_926_length_95421_cov_71.123581:87944-89416|+   -            491 9811804              -            669    0.0037   14.1   0.0   3   3   0.00041      0.18    8.5   0.0   241   332   285   373   278   387 0.88 NODE_926_length_95421_cov_71.123581_77 # 87944 # 89416 # 1 # ID=386_77;partial=00;start_type=ATG;rbs_motif=GGAG/GAGG;rbs_spacer=5-10bp;gc_cont=0.520
NODE_926_length_95421_cov_71.123581:22527-23432|+   -            302 9811804              -            669     0.019   11.7   0.2   1   1   5.8e-05     0.025   11.3   0.2   242   324    90   166    12   173 0.76 NODE_926_length_95421_cov_71.123581_22 # 22527 # 23432 # 1 # ID=386_22;partial=00;start_type=ATG;rbs_motif=GGAG/GAGG;rbs_spacer=5-10bp;gc_cont=0.523
#
# Program:         hmmsearch
# Version:         3.4 (Aug 2023)
# Pipeline mode:   SEARCH
# Query file:      /home/simonedassisi/velvet-1.2.10/busco_downloads/lineages/bacteria_odb12/hmms/9811804at2.hmm
# Target file:     results/BUSCO_output_velveth21/prodigal_output/predicted_genes/predicted.faa
# Option settings: hmmsearch --domtblout results/BUSCO_output_velveth21/auto_lineage/run_bacteria_odb12/hmmer_output/9811804at2.out --cpu 1 /home/simonedassisi/velvet-1.2.10/busco_downloads/lineages/bacteria_odb12/hmms/9811804at2.hmm results/BUSCO_output_velveth21/prodigal_output/predicted_genes/predicted.faa 
# Current dir:     /home/simonedassisi/velvet-1.2.10
# Date:            Wed Apr  2 19:18:24 2025
# [ok]
