#                                                                                                           --- full sequence --- -------------- this domain -------------   hmm coord   ali coord   env coord
# target name                                       accession   tlen query name           accession   qlen   E-value  score  bias   #  of  c-Evalue  i-Evalue  score  bias  from    to  from    to  from    to  acc description of target
#                               ------------------- ---------- ----- -------------------- ---------- ----- --------- ------ ----- --- --- --------- --------- ------ ----- ----- ----- ----- ----- ----- ----- ---- ---------------------
NODE_592_length_39318_cov_75.666641:11208-11828|-   -            207 9812943              -            178   6.8e-53  177.5   0.9   1   1   3.7e-55   9.9e-53  177.0   0.9     2   176     3   195     2   197 0.87 NODE_592_length_39318_cov_75.666641_12 # 11208 # 11828 # -1 # ID=257_12;partial=00;start_type=ATG;rbs_motif=GGA/GAG/AGG;rbs_spacer=5-10bp;gc_cont=0.525
NODE_274_length_24805_cov_72.090103:6046-7818|-     -            591 9812943              -            178    0.0015   16.8   0.1   1   2   2.9e-05    0.0077   14.5   0.0     4    37   365   397   363   405 0.85 NODE_274_length_24805_cov_72.090103_9 # 6046 # 7818 # -1 # ID=77_9;partial=00;start_type=GTG;rbs_motif=AGGA;rbs_spacer=5-10bp;gc_cont=0.539
NODE_274_length_24805_cov_72.090103:6046-7818|-     -            591 9812943              -            178    0.0015   16.8   0.1   2   2       2.8   7.3e+02   -1.8   0.0    85   126   402   440   398   443 0.76 NODE_274_length_24805_cov_72.090103_9 # 6046 # 7818 # -1 # ID=77_9;partial=00;start_type=GTG;rbs_motif=AGGA;rbs_spacer=5-10bp;gc_cont=0.539
NODE_1441_length_52686_cov_76.197510:47313-47990|-  -            226 9812943              -            178    0.0042   15.3   0.4   1   2   6.6e-05     0.017   13.3   0.0     3    35    58    91    56   100 0.82 NODE_1441_length_52686_cov_76.197510_52 # 47313 # 47990 # -1 # ID=633_52;partial=00;start_type=ATG;rbs_motif=None;rbs_spacer=None;gc_cont=0.478
NODE_1441_length_52686_cov_76.197510:47313-47990|-  -            226 9812943              -            178    0.0042   15.3   0.4   2   2       1.3   3.6e+02   -0.7   0.2   137   137   187   187   144   224 0.57 NODE_1441_length_52686_cov_76.197510_52 # 47313 # 47990 # -1 # ID=633_52;partial=00;start_type=ATG;rbs_motif=None;rbs_spacer=None;gc_cont=0.478
NODE_2110_length_20950_cov_73.447586:8395-10302|-   -            636 9812943              -            178     0.005   15.1   0.0   1   2    0.0057       1.5    7.0   0.0     3    24    31    52    30    81 0.78 NODE_2110_length_20950_cov_73.447586_9 # 8395 # 10302 # -1 # ID=1056_9;partial=00;start_type=ATG;rbs_motif=AGGA;rbs_spacer=5-10bp;gc_cont=0.524
NODE_2110_length_20950_cov_73.447586:8395-10302|-   -            636 9812943              -            178     0.005   15.1   0.0   2   2     0.027       7.1    4.8   0.0     3    25   347   367   346   378 0.81 NODE_2110_length_20950_cov_73.447586_9 # 8395 # 10302 # -1 # ID=1056_9;partial=00;start_type=ATG;rbs_motif=AGGA;rbs_spacer=5-10bp;gc_cont=0.524
NODE_1288_length_45176_cov_69.014496:6029-7765|-    -            579 9812943              -            178      0.01   14.1   0.7   1   2    0.0057       1.5    7.0   0.1     2    22    34    54    33    60 0.90 NODE_1288_length_45176_cov_69.014496_7 # 6029 # 7765 # -1 # ID=561_7;partial=00;start_type=ATG;rbs_motif=GGAG/GAGG;rbs_spacer=5-10bp;gc_cont=0.552
NODE_1288_length_45176_cov_69.014496:6029-7765|-    -            579 9812943              -            178      0.01   14.1   0.7   2   2     0.024       6.2    5.0   0.1     3    21   357   375   356   382 0.86 NODE_1288_length_45176_cov_69.014496_7 # 6029 # 7765 # -1 # ID=561_7;partial=00;start_type=ATG;rbs_motif=GGAG/GAGG;rbs_spacer=5-10bp;gc_cont=0.552
NODE_170_length_74698_cov_75.748665:40466-42292|+   -            609 9812943              -            178     0.013   13.7   0.0   1   1   0.00013     0.035   12.3   0.0     4    57   167   220   164   224 0.87 NODE_170_length_74698_cov_75.748665_36 # 40466 # 42292 # 1 # ID=38_36;partial=00;start_type=ATG;rbs_motif=AGGAGG;rbs_spacer=3-4bp;gc_cont=0.549
NODE_1288_length_45176_cov_69.014496:24523-25245|-  -            241 9812943              -            178     0.015   13.5   0.0   1   1   0.00015     0.039   12.2   0.0     3    41    29    66    28    84 0.83 NODE_1288_length_45176_cov_69.014496_23 # 24523 # 25245 # -1 # ID=561_23;partial=00;start_type=GTG;rbs_motif=AGGA;rbs_spacer=5-10bp;gc_cont=0.537
NODE_1204_length_64359_cov_77.399834:15929-16726|+  -            266 9812943              -            178     0.016   13.4   0.2   1   2   0.00014     0.037   12.2   0.1     3    24    39    60    37    64 0.88 NODE_1204_length_64359_cov_77.399834_13 # 15929 # 16726 # 1 # ID=516_13;partial=00;start_type=ATG;rbs_motif=None;rbs_spacer=None;gc_cont=0.568
NODE_1204_length_64359_cov_77.399834:15929-16726|+  -            266 9812943              -            178     0.016   13.4   0.2   2   2         9   2.4e+03   -3.4   0.0    36    68   103   132   101   142 0.68 NODE_1204_length_64359_cov_77.399834_13 # 15929 # 16726 # 1 # ID=516_13;partial=00;start_type=ATG;rbs_motif=None;rbs_spacer=None;gc_cont=0.568
NODE_1847_length_31756_cov_77.062065:12274-13269|+  -            332 9812943              -            178     0.018   13.3   0.2   1   1   0.00021     0.056   11.7   0.2     2    22    55    75    54    85 0.88 NODE_1847_length_31756_cov_77.062065_12 # 12274 # 13269 # 1 # ID=863_12;partial=00;start_type=ATG;rbs_motif=None;rbs_spacer=None;gc_cont=0.538
NODE_1709_length_68036_cov_72.575531:8442-9785|-    -            448 9812943              -            178     0.018   13.2   0.0   1   2   0.00037     0.097   10.9   0.0     5    77    54   119    51   135 0.79 NODE_1709_length_68036_cov_72.575531_8 # 8442 # 9785 # -1 # ID=785_8;partial=00;start_type=GTG;rbs_motif=GGAG/GAGG;rbs_spacer=5-10bp;gc_cont=0.531
NODE_1709_length_68036_cov_72.575531:8442-9785|-    -            448 9812943              -            178     0.018   13.2   0.0   2   2       1.1   2.8e+02   -0.4   0.0    60    79   196   215   159   231 0.79 NODE_1709_length_68036_cov_72.575531_8 # 8442 # 9785 # -1 # ID=785_8;partial=00;start_type=GTG;rbs_motif=GGAG/GAGG;rbs_spacer=5-10bp;gc_cont=0.531
NODE_1513_length_3490_cov_101.512321:454-1380|+     -            309 9812943              -            178     0.019   13.2   0.0   1   2   0.00026     0.068   11.4   0.0     2    23    81   102    80   108 0.90 NODE_1513_length_3490_cov_101.512321_1 # 454 # 1380 # 1 # ID=677_1;partial=00;start_type=ATG;rbs_motif=GGA/GAG/AGG;rbs_spacer=5-10bp;gc_cont=0.447
NODE_1513_length_3490_cov_101.512321:454-1380|+     -            309 9812943              -            178     0.019   13.2   0.0   2   2       2.5   6.6e+02   -1.6   0.0   107   124   210   227   208   235 0.84 NODE_1513_length_3490_cov_101.512321_1 # 454 # 1380 # 1 # ID=677_1;partial=00;start_type=ATG;rbs_motif=GGA/GAG/AGG;rbs_spacer=5-10bp;gc_cont=0.447
NODE_2159_length_50550_cov_71.258598:29935-31683|-  -            583 9812943              -            178     0.022   13.0   2.8   1   2   0.00028     0.074   11.3   0.3     3    33   371   397   369   460 0.84 NODE_2159_length_50550_cov_71.258598_25 # 29935 # 31683 # -1 # ID=1079_25;partial=00;start_type=ATG;rbs_motif=None;rbs_spacer=None;gc_cont=0.511
NODE_2159_length_50550_cov_71.258598:29935-31683|-  -            583 9812943              -            178     0.022   13.0   2.8   2   2      0.34        91    1.2   0.1    66   102   516   552   487   565 0.60 NODE_2159_length_50550_cov_71.258598_25 # 29935 # 31683 # -1 # ID=1079_25;partial=00;start_type=ATG;rbs_motif=None;rbs_spacer=None;gc_cont=0.511
NODE_2132_length_53289_cov_67.616959:33197-34003|-  -            269 9812943              -            178     0.023   12.9   0.6   1   2   0.00026     0.068   11.4   0.2     4    22    43    61    41    65 0.89 NODE_2132_length_53289_cov_67.616959_34 # 33197 # 34003 # -1 # ID=1067_34;partial=00;start_type=ATG;rbs_motif=GGAG/GAGG;rbs_spacer=5-10bp;gc_cont=0.508
NODE_2132_length_53289_cov_67.616959:33197-34003|-  -            269 9812943              -            178     0.023   12.9   0.6   2   2       2.7   7.2e+02   -1.7   0.0    31    59   236   261   205   263 0.74 NODE_2132_length_53289_cov_67.616959_34 # 33197 # 34003 # -1 # ID=1067_34;partial=00;start_type=ATG;rbs_motif=GGAG/GAGG;rbs_spacer=5-10bp;gc_cont=0.508
NODE_1446_length_27281_cov_79.962029:15829-16521|-  -            231 9812943              -            178     0.027   12.7   0.1   1   1   0.00018     0.047   11.9   0.1     3    21     8    26     6    53 0.84 NODE_1446_length_27281_cov_79.962029_19 # 15829 # 16521 # -1 # ID=638_19;partial=00;start_type=ATG;rbs_motif=AGGA;rbs_spacer=5-10bp;gc_cont=0.475
NODE_2185_length_35330_cov_74.210983:31020-31625|-  -            202 9812943              -            178     0.031   12.5   0.0   1   1   0.00026     0.067   11.4   0.0     4    23    31    50    29    74 0.86 NODE_2185_length_35330_cov_74.210983_36 # 31020 # 31625 # -1 # ID=1088_36;partial=00;start_type=ATG;rbs_motif=GGA/GAG/AGG;rbs_spacer=5-10bp;gc_cont=0.517
NODE_1420_length_27396_cov_73.038727:1906-4641|-    -            912 9812943              -            178     0.035   12.3   1.7   1   2     0.025       6.5    4.9   0.1     3    30    40    65    38    70 0.85 NODE_1420_length_27396_cov_73.038727_3 # 1906 # 4641 # -1 # ID=628_3;partial=00;start_type=ATG;rbs_motif=GGAG/GAGG;rbs_spacer=5-10bp;gc_cont=0.565
NODE_1420_length_27396_cov_73.038727:1906-4641|-    -            912 9812943              -            178     0.035   12.3   1.7   2   2     0.016       4.3    5.5   0.2     3    22   304   323   303   328 0.87 NODE_1420_length_27396_cov_73.038727_3 # 1906 # 4641 # -1 # ID=628_3;partial=00;start_type=ATG;rbs_motif=GGAG/GAGG;rbs_spacer=5-10bp;gc_cont=0.565
NODE_2145_length_112275_cov_77.552353:54503-55357|- -            285 9812943              -            178     0.038   12.2   0.0   1   2    0.0014      0.36    9.0   0.0     1    30     1    30     1    35 0.89 NODE_2145_length_112275_cov_77.552353_48 # 54503 # 55357 # -1 # ID=1072_48;partial=00;start_type=ATG;rbs_motif=AGGAG;rbs_spacer=5-10bp;gc_cont=0.517
NODE_2145_length_112275_cov_77.552353:54503-55357|- -            285 9812943              -            178     0.038   12.2   0.0   2   2      0.49   1.3e+02    0.7   0.0   148   170   126   148    83   155 0.83 NODE_2145_length_112275_cov_77.552353_48 # 54503 # 55357 # -1 # ID=1072_48;partial=00;start_type=ATG;rbs_motif=AGGAG;rbs_spacer=5-10bp;gc_cont=0.517
NODE_1155_length_53173_cov_69.651268:33220-33861|+  -            214 9812943              -            178     0.044   12.0   0.6   1   2    0.0013      0.34    9.1   0.0     2    21     9    28     8    35 0.88 NODE_1155_length_53173_cov_69.651268_27 # 33220 # 33861 # 1 # ID=488_27;partial=00;start_type=ATG;rbs_motif=GGA/GAG/AGG;rbs_spacer=11-12bp;gc_cont=0.488
NODE_1155_length_53173_cov_69.651268:33220-33861|+  -            214 9812943              -            178     0.044   12.0   0.6   2   2      0.38     1e+02    1.0   0.1    95   135   111   154    96   173 0.68 NODE_1155_length_53173_cov_69.651268_27 # 33220 # 33861 # 1 # ID=488_27;partial=00;start_type=ATG;rbs_motif=GGA/GAG/AGG;rbs_spacer=11-12bp;gc_cont=0.488
NODE_1441_length_52686_cov_76.197510:10079-11992|+  -            638 9812943              -            178     0.092   10.9   0.0   1   4   0.00035     0.092   10.9   0.0     3    31    29    53    28   105 0.83 NODE_1441_length_52686_cov_76.197510_15 # 10079 # 11992 # 1 # ID=633_15;partial=00;start_type=ATG;rbs_motif=None;rbs_spacer=None;gc_cont=0.553
NODE_1441_length_52686_cov_76.197510:10079-11992|+  -            638 9812943              -            178     0.092   10.9   0.0   2   4     0.002      0.52    8.5   0.3     3    24   340   361   339   367 0.85 NODE_1441_length_52686_cov_76.197510_15 # 10079 # 11992 # 1 # ID=633_15;partial=00;start_type=ATG;rbs_motif=None;rbs_spacer=None;gc_cont=0.553
NODE_1441_length_52686_cov_76.197510:10079-11992|+  -            638 9812943              -            178     0.092   10.9   0.0   3   4       2.4   6.4e+02   -1.6   0.0     7    34   366   393   361   413 0.85 NODE_1441_length_52686_cov_76.197510_15 # 10079 # 11992 # 1 # ID=633_15;partial=00;start_type=ATG;rbs_motif=None;rbs_spacer=None;gc_cont=0.553
NODE_1441_length_52686_cov_76.197510:10079-11992|+  -            638 9812943              -            178     0.092   10.9   0.0   4   4       7.5     2e+03   -3.2   2.4   139   175   538   572   523   578 0.78 NODE_1441_length_52686_cov_76.197510_15 # 10079 # 11992 # 1 # ID=633_15;partial=00;start_type=ATG;rbs_motif=None;rbs_spacer=None;gc_cont=0.553
NODE_517_length_26358_cov_74.693604:10414-11427|-   -            338 9812943              -            178      0.21    9.8   2.4   1   3     0.013       3.5    5.8   0.2     4    19    52    67    50    76 0.82 NODE_517_length_26358_cov_74.693604_14 # 10414 # 11427 # -1 # ID=211_14;partial=00;start_type=ATG;rbs_motif=AGGAG;rbs_spacer=5-10bp;gc_cont=0.515
NODE_517_length_26358_cov_74.693604:10414-11427|-   -            338 9812943              -            178      0.21    9.8   2.4   2   3       0.1        27    2.9   0.0    47    90   121   164    99   186 0.89 NODE_517_length_26358_cov_74.693604_14 # 10414 # 11427 # -1 # ID=211_14;partial=00;start_type=ATG;rbs_motif=AGGAG;rbs_spacer=5-10bp;gc_cont=0.515
NODE_517_length_26358_cov_74.693604:10414-11427|-   -            338 9812943              -            178      0.21    9.8   2.4   3   3       2.6   6.8e+02   -1.7   0.0    89   122   215   246   198   250 0.69 NODE_517_length_26358_cov_74.693604_14 # 10414 # 11427 # -1 # ID=211_14;partial=00;start_type=ATG;rbs_motif=AGGAG;rbs_spacer=5-10bp;gc_cont=0.515
#
# Program:         hmmsearch
# Version:         3.4 (Aug 2023)
# Pipeline mode:   SEARCH
# Query file:      /home/simonedassisi/velvet-1.2.10/busco_downloads/lineages/bacteria_odb12/hmms/9812943at2.hmm
# Target file:     results/BUSCO_output_velveth21/prodigal_output/predicted_genes/predicted.faa
# Option settings: hmmsearch --domtblout results/BUSCO_output_velveth21/auto_lineage/run_bacteria_odb12/hmmer_output/9812943at2.out --cpu 1 /home/simonedassisi/velvet-1.2.10/busco_downloads/lineages/bacteria_odb12/hmms/9812943at2.hmm results/BUSCO_output_velveth21/prodigal_output/predicted_genes/predicted.faa 
# Current dir:     /home/simonedassisi/velvet-1.2.10
# Date:            Wed Apr  2 19:18:24 2025
# [ok]
