#                                                                                                                                        --- full sequence --- -------------- this domain -------------   hmm coord   ali coord   env coord
# target name                                                                    accession   tlen query name           accession   qlen   E-value  score  bias   #  of  c-Evalue  i-Evalue  score  bias  from    to  from    to  from    to  acc description of target
#                                                            ------------------- ---------- ----- -------------------- ---------- ----- --------- ------ ----- --- --- --------- --------- ------ ----- ----- ----- ----- ----- ----- ----- ---- ---------------------
1715808at2759_130081_0:00096e|NODE_2492_length_5591_cov_71.840454:1661-2444|+    -            261 1715808              -            185   6.3e-15   44.8   1.1   1   1   3.1e-13   3.4e-13   39.2   1.1    13   180     6   196     2   200 0.71 <unknown description>
1715808at2759_3981_0:006f9e|NODE_2492_length_5591_cov_71.840454:724-2438|+       -            339 1715808              -            185   1.2e-14   44.0   1.2   1   1   5.2e-13   5.6e-13   38.5   1.2    11   180    83   275    77   279 0.71 <unknown description>
1715808at2759_655863_0:0009b5|NODE_625_length_50664_cov_72.003532:13012-14640|+  -            319 1715808              -            185   8.6e-13   37.9   0.2   1   1     2e-11   2.1e-11   33.3   0.2    16   177    63   252    52   260 0.67 <unknown description>
1715808at2759_242507_0:000d41|NODE_625_length_50664_cov_72.003532:9909-14646|+   -            363 1715808              -            185   1.3e-12   37.3   0.2   1   1   2.7e-11     3e-11   32.9   0.2    16   177   106   295    95   303 0.67 <unknown description>
1715808at2759_1442371_0:002e76|NODE_625_length_50664_cov_72.003532:11229-14640|+ -            365 1715808              -            185   1.3e-12   37.2   0.2   1   1   2.8e-11     3e-11   32.8   0.2    16   177   109   298    98   306 0.67 <unknown description>
1715808at2759_578455_0:000fa8|NODE_625_length_50664_cov_72.003532:13872-14640|+  -            257 1715808              -            185   2.1e-12   36.6   0.1   1   1   4.4e-11   4.8e-11   32.2   0.1    37   177    28   190     3   198 0.65 <unknown description>
1715808at2759_72664_0:005da1|NODE_119_length_16890_cov_72.888870:4983-9096|+     -            336 1715808              -            185   8.8e-12   34.6   0.0   1   2   9.1e-05   9.9e-05   11.6   0.0    24    89   100   166    92   190 0.88 <unknown description>
1715808at2759_72664_0:005da1|NODE_119_length_16890_cov_72.888870:4983-9096|+     -            336 1715808              -            185   8.8e-12   34.6   0.0   2   2   1.7e-07   1.9e-07   20.5   0.1   116   185   209   277   202   277 0.88 <unknown description>
1715808at2759_13451_0:002033|NODE_119_length_16890_cov_72.888870:8409-9096|+     -            230 1715808              -            185     5e-11   32.1   0.0   1   2   0.00086   0.00093    8.4   0.0    37    89     7    60     1    84 0.83 <unknown description>
1715808at2759_13451_0:002033|NODE_119_length_16890_cov_72.888870:8409-9096|+     -            230 1715808              -            185     5e-11   32.1   0.0   2   2   8.8e-08   9.6e-08   21.4   0.1   116   185   103   171    96   171 0.88 <unknown description>
1715808at2759_58331_1:001471|NODE_2492_length_5591_cov_71.840454:1964-2438|+     -            159 1715808              -            185   8.9e-11   31.3   0.0   1   1   1.2e-10   1.3e-10   30.8   0.0   119   180    32    95    20    99 0.84 <unknown description>
1715808at2759_88036_0:00442e|NODE_625_length_50664_cov_72.003532:14085-14634|+   -            184 1715808              -            185   1.1e-10   30.9   0.2   1   1   2.6e-10   2.8e-10   29.7   0.2   109   177    49   119     1   127 0.83 <unknown description>
1715808at2759_180675_0:003657|NODE_2492_length_5591_cov_71.840454:2075-2438|+    -            122 1715808              -            185   4.4e-10   29.1   0.1   1   1   5.8e-10   6.3e-10   28.5   0.1   125   180     1    58     1    62 0.86 <unknown description>
1715808at2759_423536_0:0003a3|NODE_119_length_16890_cov_72.888870:8733-9096|+    -            122 1715808              -            185   2.1e-07   20.3   0.3   1   2   1.9e-07   2.1e-07   20.3   0.3   123   185     2    63     1    63 0.88 <unknown description>
1715808at2759_423536_0:0003a3|NODE_119_length_16890_cov_72.888870:8733-9096|+    -            122 1715808              -            185   2.1e-07   20.3   0.3   2   2       1.4       1.6   -2.1   0.3   158   174    69    85    67   100 0.70 <unknown description>
#
# Program:         hmmsearch
# Version:         3.4 (Aug 2023)
# Pipeline mode:   SEARCH
# Query file:      /home/simonedassisi/velvet-1.2.10/busco_downloads/lineages/eukaryota_odb12/hmms/1715808at2759.hmm
# Target file:     results/BUSCO_output_velveth21/auto_lineage/run_eukaryota_odb12/miniprot_output/translated_proteins/1715808at2759.faa
# Option settings: hmmsearch --domtblout results/BUSCO_output_velveth21/auto_lineage/run_eukaryota_odb12/hmmer_output/1715808at2759.out --cpu 1 /home/simonedassisi/velvet-1.2.10/busco_downloads/lineages/eukaryota_odb12/hmms/1715808at2759.hmm results/BUSCO_output_velveth21/auto_lineage/run_eukaryota_odb12/miniprot_output/translated_proteins/1715808at2759.faa 
# Current dir:     /home/simonedassisi/velvet-1.2.10
# Date:            Wed Apr  2 19:22:25 2025
# [ok]
